client 0 initial number of neighbors: 9
client 1 initial number of neighbors: 9
client 2 initial number of neighbors: 9
client 3 initial number of neighbors: 9
client 4 initial number of neighbors: 9
client 5 initial number of neighbors: 9
client 6 initial number of neighbors: 9
client 7 initial number of neighbors: 9
client 8 initial number of neighbors: 9
client 9 initial number of neighbors: 9

 training begins! (epoch-by-epoch parallel mode with global evaluation)

--- global epoch 1/60 ---
--- client 0 in epoch 1 [aggregation then communication] ---
--- client 1 in epoch 1 [aggregation then communication] ---
--- client 2 in epoch 1 [aggregation then communication] ------ client 3 in epoch 1 [aggregation then communication] ---

--- client 4 in epoch 1 [aggregation then communication] ---
--- client 5 in epoch 1 [aggregation then communication] ---
--- client 6 in epoch 1 [aggregation then communication] ---
--- client 7 in epoch 1 [aggregation then communication] ---
--- client 8 in epoch 1 [aggregation then communication] ---
--- client 9 in epoch 1 [aggregation then communication] ---
--- global epoch 1: global acc = 10.00% ---
--- local epoch 1: local acc = [C0:60.08%, C1:57.15%, C2:59.03%, C3:57.47%, C4:61.73%, C5:62.50%, C6:60.33%, C7:60.54%, C8:57.53%, C9:58.46%] ---

--- global epoch 2/60 ---
--- At epoch 2, learning rate decays to 0.009800 ---
--- client 0 in epoch 2 [aggregation then communication] ---
--- client 1 in epoch 2 [aggregation then communication] ---
--- client 2 in epoch 2 [aggregation then communication] ---
--- client 3 in epoch 2 [aggregation then communication] ---
--- client 4 in epoch 2 [aggregation then communication] ---
--- client 5 in epoch 2 [aggregation then communication] ---
--- client 6 in epoch 2 [aggregation then communication] ---
--- client 7 in epoch 2 [aggregation then communication] ---
--- client 8 in epoch 2 [aggregation then communication] ---
--- client 9 in epoch 2 [aggregation then communication] ---
--- global epoch 2: global acc = 21.73% ---
--- local epoch 2: local acc = [C0:77.46%, C1:77.22%, C2:77.11%, C3:74.76%, C4:77.25%, C5:78.15%, C6:76.24%, C7:75.03%, C8:76.16%, C9:77.00%] ---

--- global epoch 3/60 ---
--- At epoch 3, learning rate decays to 0.009604 ---
--- client 0 in epoch 3 [aggregation then communication] ---
--- client 1 in epoch 3 [aggregation then communication] ---
--- client 2 in epoch 3 [aggregation then communication] ---
--- client 3 in epoch 3 [aggregation then communication] ---
--- client 4 in epoch 3 [aggregation then communication] ---
--- client 5 in epoch 3 [aggregation then communication] ---
--- client 6 in epoch 3 [aggregation then communication] ---
--- client 7 in epoch 3 [aggregation then communication] ---
--- client 8 in epoch 3 [aggregation then communication] ---
--- client 9 in epoch 3 [aggregation then communication] ---
--- global epoch 3: global acc = 71.65% ---
--- local epoch 3: local acc = [C0:82.50%, C1:82.35%, C2:82.01%, C3:81.78%, C4:83.34%, C5:83.58%, C6:82.75%, C7:82.34%, C8:82.74%, C9:82.22%] ---

--- global epoch 4/60 ---
--- At epoch 4, learning rate decays to 0.009412 ---
--- client 0 in epoch 4 [aggregation then communication] ---
--- client 1 in epoch 4 [aggregation then communication] ---
--- client 2 in epoch 4 [aggregation then communication] ---
--- client 3 in epoch 4 [aggregation then communication] ---
--- client 4 in epoch 4 [aggregation then communication] ---
--- client 5 in epoch 4 [aggregation then communication] ---
--- client 6 in epoch 4 [aggregation then communication] ---
--- client 7 in epoch 4 [aggregation then communication] ---
--- client 8 in epoch 4 [aggregation then communication] ---
--- client 9 in epoch 4 [aggregation then communication] ---
--- global epoch 4: global acc = 81.55% ---
--- local epoch 4: local acc = [C0:85.28%, C1:85.62%, C2:84.96%, C3:85.44%, C4:85.91%, C5:86.05%, C6:85.50%, C7:85.33%, C8:85.12%, C9:85.79%] ---

--- global epoch 5/60 ---
--- At epoch 5, learning rate decays to 0.009224 ---
--- client 0 in epoch 5 [aggregation then communication] ---
--- client 1 in epoch 5 [aggregation then communication] ---
--- client 2 in epoch 5 [aggregation then communication] ---
--- client 3 in epoch 5 [aggregation then communication] ---
--- client 4 in epoch 5 [aggregation then communication] ---
--- client 5 in epoch 5 [aggregation then communication] ---
--- client 6 in epoch 5 [aggregation then communication] ---
--- client 7 in epoch 5 [aggregation then communication] ------ client 8 in epoch 5 [aggregation then communication] ---

--- client 9 in epoch 5 [aggregation then communication] ---
--- global epoch 5: global acc = 84.39% ---
--- local epoch 5: local acc = [C0:86.64%, C1:87.28%, C2:86.82%, C3:86.47%, C4:87.43%, C5:87.74%, C6:87.47%, C7:86.94%, C8:87.07%, C9:87.65%] ---

--- global epoch 6/60 ---
--- At epoch 6, learning rate decays to 0.009039 ---
--- client 0 in epoch 6 [aggregation then communication] ---
--- client 1 in epoch 6 [aggregation then communication] ---
--- client 2 in epoch 6 [aggregation then communication] ---
--- client 3 in epoch 6 [aggregation then communication] ---
--- client 4 in epoch 6 [aggregation then communication] ---
--- client 5 in epoch 6 [aggregation then communication] ---
--- client 6 in epoch 6 [aggregation then communication] ---
--- client 7 in epoch 6 [aggregation then communication] ---
--- client 8 in epoch 6 [aggregation then communication] ---
--- client 9 in epoch 6 [aggregation then communication] ---
--- global epoch 6: global acc = 87.35% ---
--- local epoch 6: local acc = [C0:88.38%, C1:88.35%, C2:88.05%, C3:87.72%, C4:88.10%, C5:88.88%, C6:88.63%, C7:88.02%, C8:88.02%, C9:88.37%] ---

--- global epoch 7/60 ---
--- At epoch 7, learning rate decays to 0.008858 ---
--- client 0 in epoch 7 [aggregation then communication] ---
--- client 1 in epoch 7 [aggregation then communication] ---
--- client 2 in epoch 7 [aggregation then communication] ---
--- client 3 in epoch 7 [aggregation then communication] ---
--- client 4 in epoch 7 [aggregation then communication] ---
--- client 5 in epoch 7 [aggregation then communication] ---
--- client 6 in epoch 7 [aggregation then communication] ---
--- client 7 in epoch 7 [aggregation then communication] ---
--- client 8 in epoch 7 [aggregation then communication] ---
--- client 9 in epoch 7 [aggregation then communication] ---
--- global epoch 7: global acc = 87.82% ---
--- local epoch 7: local acc = [C0:88.72%, C1:89.35%, C2:89.33%, C3:89.17%, C4:89.24%, C5:89.61%, C6:89.05%, C7:88.78%, C8:89.01%, C9:88.98%] ---

--- global epoch 8/60 ---
--- At epoch 8, learning rate decays to 0.008681 ---
--- client 0 in epoch 8 [aggregation then communication] ---
--- client 1 in epoch 8 [aggregation then communication] ---
--- client 2 in epoch 8 [aggregation then communication] ---
--- client 3 in epoch 8 [aggregation then communication] ---
--- client 4 in epoch 8 [aggregation then communication] ---
--- client 5 in epoch 8 [aggregation then communication] ---
--- client 6 in epoch 8 [aggregation then communication] ---
--- client 7 in epoch 8 [aggregation then communication] ---
--- client 8 in epoch 8 [aggregation then communication] ---
--- client 9 in epoch 8 [aggregation then communication] ---
--- global epoch 8: global acc = 88.52% ---
--- local epoch 8: local acc = [C0:89.54%, C1:90.16%, C2:89.17%, C3:89.29%, C4:89.65%, C5:90.08%, C6:90.38%, C7:89.05%, C8:89.57%, C9:89.91%] ---

--- global epoch 9/60 ---
--- At epoch 9, learning rate decays to 0.008508 ---
--- client 0 in epoch 9 [aggregation then communication] ---
--- client 1 in epoch 9 [aggregation then communication] ---
--- client 2 in epoch 9 [aggregation then communication] ---
--- client 3 in epoch 9 [aggregation then communication] ---
--- client 4 in epoch 9 [aggregation then communication] ---
--- client 5 in epoch 9 [aggregation then communication] ---
--- client 6 in epoch 9 [aggregation then communication] ---
--- client 7 in epoch 9 [aggregation then communication] ---
--- client 8 in epoch 9 [aggregation then communication] ---
--- client 9 in epoch 9 [aggregation then communication] ---
--- global epoch 9: global acc = 89.53% ---
--- local epoch 9: local acc = [C0:90.07%, C1:90.60%, C2:91.38%, C3:89.82%, C4:89.95%, C5:90.82%, C6:90.45%, C7:90.02%, C8:89.92%, C9:90.17%] ---

--- global epoch 10/60 ---
--- At epoch 10, learning rate decays to 0.008337 ---
--- client 0 in epoch 10 [aggregation then communication] ---
--- client 1 in epoch 10 [aggregation then communication] ---
--- client 2 in epoch 10 [aggregation then communication] ---
--- client 3 in epoch 10 [aggregation then communication] ---
--- client 4 in epoch 10 [aggregation then communication] ---
--- client 5 in epoch 10 [aggregation then communication] ---
--- client 6 in epoch 10 [aggregation then communication] ---
--- client 7 in epoch 10 [aggregation then communication] ---
--- client 8 in epoch 10 [aggregation then communication] ---
--- client 9 in epoch 10 [aggregation then communication] ---
--- global epoch 10: global acc = 88.34% ---
--- local epoch 10: local acc = [C0:90.36%, C1:91.22%, C2:90.33%, C3:90.92%, C4:90.58%, C5:90.98%, C6:91.16%, C7:90.47%, C8:90.51%, C9:90.87%] ---

--- global epoch 11/60 ---
--- At epoch 11, learning rate decays to 0.008171 ---
--- client 0 in epoch 11 [aggregation then communication] ---
--- client 1 in epoch 11 [aggregation then communication] ---
--- client 2 in epoch 11 [aggregation then communication] ---
--- client 3 in epoch 11 [aggregation then communication] ---
--- client 4 in epoch 11 [aggregation then communication] ---
--- client 5 in epoch 11 [aggregation then communication] ---
--- client 6 in epoch 11 [aggregation then communication] ---
--- client 7 in epoch 11 [aggregation then communication] ---
--- client 8 in epoch 11 [aggregation then communication] ---
--- client 9 in epoch 11 [aggregation then communication] ---
--- global epoch 11: global acc = 89.68% ---
--- local epoch 11: local acc = [C0:91.21%, C1:91.56%, C2:90.88%, C3:90.99%, C4:90.97%, C5:91.65%, C6:91.47%, C7:90.67%, C8:91.04%, C9:91.54%] ---

--- global epoch 12/60 ---
--- At epoch 12, learning rate decays to 0.008007 ---
--- client 0 in epoch 12 [aggregation then communication] ---
--- client 1 in epoch 12 [aggregation then communication] ---
--- client 2 in epoch 12 [aggregation then communication] ---
--- client 3 in epoch 12 [aggregation then communication] ---
--- client 4 in epoch 12 [aggregation then communication] ---
--- client 5 in epoch 12 [aggregation then communication] ---
--- client 6 in epoch 12 [aggregation then communication] ---
--- client 7 in epoch 12 [aggregation then communication] ---
--- client 8 in epoch 12 [aggregation then communication] ---
--- client 9 in epoch 12 [aggregation then communication] ---
--- global epoch 12: global acc = 88.28% ---
--- local epoch 12: local acc = [C0:91.78%, C1:91.90%, C2:91.04%, C3:91.47%, C4:91.15%, C5:91.88%, C6:91.72%, C7:91.48%, C8:91.78%, C9:93.90%] ---

--- global epoch 13/60 ---
--- At epoch 13, learning rate decays to 0.007847 ---
--- client 0 in epoch 13 [aggregation then communication] ---
--- client 1 in epoch 13 [aggregation then communication] ---
--- client 2 in epoch 13 [aggregation then communication] ---
--- client 3 in epoch 13 [aggregation then communication] ---
--- client 4 in epoch 13 [aggregation then communication] ---
--- client 5 in epoch 13 [aggregation then communication] ---
--- client 6 in epoch 13 [aggregation then communication] ---
--- client 7 in epoch 13 [aggregation then communication] ---
--- client 8 in epoch 13 [aggregation then communication] ---
--- client 9 in epoch 13 [aggregation then communication] ---
--- global epoch 13: global acc = 89.39% ---
--- local epoch 13: local acc = [C0:91.93%, C1:92.48%, C2:91.60%, C3:91.47%, C4:91.27%, C5:92.12%, C6:92.36%, C7:91.20%, C8:92.36%, C9:92.29%] ---

--- global epoch 14/60 ---
--- At epoch 14, learning rate decays to 0.007690 ---
--- client 0 in epoch 14 [aggregation then communication] ---
--- client 1 in epoch 14 [aggregation then communication] ---
--- client 2 in epoch 14 [aggregation then communication] ---
--- client 3 in epoch 14 [aggregation then communication] ---
--- client 4 in epoch 14 [aggregation then communication] ---
--- client 5 in epoch 14 [aggregation then communication] ---
--- client 6 in epoch 14 [aggregation then communication] ---
--- client 7 in epoch 14 [aggregation then communication] ---
--- client 8 in epoch 14 [aggregation then communication] ---
--- client 9 in epoch 14 [aggregation then communication] ---
--- global epoch 14: global acc = 89.83% ---
--- local epoch 14: local acc = [C0:91.86%, C1:92.75%, C2:91.38%, C3:92.47%, C4:91.91%, C5:92.40%, C6:92.70%, C7:91.72%, C8:92.60%, C9:92.52%] ---

--- global epoch 15/60 ---
--- At epoch 15, learning rate decays to 0.007536 ---
--- client 0 in epoch 15 [aggregation then communication] ---
--- client 1 in epoch 15 [aggregation then communication] ---
--- client 2 in epoch 15 [aggregation then communication] ---
--- client 3 in epoch 15 [aggregation then communication] ---
--- client 4 in epoch 15 [aggregation then communication] ---
--- client 5 in epoch 15 [aggregation then communication] ---
--- client 6 in epoch 15 [aggregation then communication] ---
--- client 7 in epoch 15 [aggregation then communication] ---
--- client 8 in epoch 15 [aggregation then communication] ---
--- client 9 in epoch 15 [aggregation then communication] ---
--- global epoch 15: global acc = 90.27% ---
--- local epoch 15: local acc = [C0:92.83%, C1:93.14%, C2:91.90%, C3:92.42%, C4:92.17%, C5:92.96%, C6:92.81%, C7:92.10%, C8:92.95%, C9:93.01%] ---

--- global epoch 16/60 ---
--- At epoch 16, learning rate decays to 0.007386 ---
--- client 0 in epoch 16 [aggregation then communication] ---
--- client 1 in epoch 16 [aggregation then communication] ---
--- client 2 in epoch 16 [aggregation then communication] ---
--- client 3 in epoch 16 [aggregation then communication] ---
--- client 4 in epoch 16 [aggregation then communication] ---
--- client 5 in epoch 16 [aggregation then communication] ---
--- client 6 in epoch 16 [aggregation then communication] ---
--- client 7 in epoch 16 [aggregation then communication] ---
--- client 8 in epoch 16 [aggregation then communication] ---
--- client 9 in epoch 16 [aggregation then communication] ---
--- global epoch 16: global acc = 89.80% ---
--- local epoch 16: local acc = [C0:92.87%, C1:92.95%, C2:92.31%, C3:92.81%, C4:92.48%, C5:92.84%, C6:93.39%, C7:92.72%, C8:93.23%, C9:93.50%] ---

--- global epoch 17/60 ---
--- At epoch 17, learning rate decays to 0.007238 ---
--- client 0 in epoch 17 [aggregation then communication] ---
--- client 1 in epoch 17 [aggregation then communication] ---
--- client 2 in epoch 17 [aggregation then communication] ---
--- client 3 in epoch 17 [aggregation then communication] ---
--- client 4 in epoch 17 [aggregation then communication] ---
--- client 5 in epoch 17 [aggregation then communication] ---
--- client 6 in epoch 17 [aggregation then communication] ---
--- client 7 in epoch 17 [aggregation then communication] ---
--- client 8 in epoch 17 [aggregation then communication] ---
--- client 9 in epoch 17 [aggregation then communication] ---
--- global epoch 17: global acc = 89.48% ---
--- local epoch 17: local acc = [C0:92.75%, C1:93.70%, C2:93.79%, C3:92.69%, C4:92.91%, C5:93.44%, C6:93.62%, C7:92.96%, C8:93.21%, C9:93.22%] ---

--- global epoch 18/60 ---
--- At epoch 18, learning rate decays to 0.007093 ---
--- client 0 in epoch 18 [aggregation then communication] ---
--- client 1 in epoch 18 [aggregation then communication] ---
--- client 2 in epoch 18 [aggregation then communication] ---
--- client 3 in epoch 18 [aggregation then communication] ---
--- client 4 in epoch 18 [aggregation then communication] ---
--- client 5 in epoch 18 [aggregation then communication] ---
--- client 6 in epoch 18 [aggregation then communication] ---
--- client 7 in epoch 18 [aggregation then communication] ---
--- client 8 in epoch 18 [aggregation then communication] ---
--- client 9 in epoch 18 [aggregation then communication] ---
--- global epoch 18: global acc = 90.46% ---
--- local epoch 18: local acc = [C0:93.36%, C1:93.56%, C2:93.39%, C3:92.97%, C4:93.10%, C5:93.54%, C6:94.18%, C7:93.03%, C8:93.65%, C9:93.60%] ---

--- global epoch 19/60 ---
--- At epoch 19, learning rate decays to 0.006951 ---
--- client 0 in epoch 19 [aggregation then communication] ---
--- client 1 in epoch 19 [aggregation then communication] ---
--- client 2 in epoch 19 [aggregation then communication] ---
--- client 3 in epoch 19 [aggregation then communication] ---
--- client 4 in epoch 19 [aggregation then communication] ---
--- client 5 in epoch 19 [aggregation then communication] ---
--- client 6 in epoch 19 [aggregation then communication] ---
--- client 7 in epoch 19 [aggregation then communication] ---
--- client 8 in epoch 19 [aggregation then communication] ---
--- client 9 in epoch 19 [aggregation then communication] ---
--- global epoch 19: global acc = 89.57% ---
--- local epoch 19: local acc = [C0:93.83%, C1:93.98%, C2:93.97%, C3:93.38%, C4:93.64%, C5:94.12%, C6:94.32%, C7:93.41%, C8:93.52%, C9:94.00%] ---

--- global epoch 20/60 ---
--- At epoch 20, learning rate decays to 0.006812 ---
--- client 0 in epoch 20 [aggregation then communication] ---
--- client 1 in epoch 20 [aggregation then communication] ---
--- client 2 in epoch 20 [aggregation then communication] ---
--- client 3 in epoch 20 [aggregation then communication] ---
--- client 4 in epoch 20 [aggregation then communication] ---
--- client 5 in epoch 20 [aggregation then communication] ---
--- client 6 in epoch 20 [aggregation then communication] ---
--- client 7 in epoch 20 [aggregation then communication] ---
--- client 8 in epoch 20 [aggregation then communication] ---
--- client 9 in epoch 20 [aggregation then communication] ---
--- global epoch 20: global acc = 90.60% ---
--- local epoch 20: local acc = [C0:93.86%, C1:94.96%, C2:93.34%, C3:93.51%, C4:93.64%, C5:93.78%, C6:94.48%, C7:93.91%, C8:94.00%, C9:94.42%] ---

--- global epoch 21/60 ---
--- At epoch 21, learning rate decays to 0.006676 ---
--- client 0 in epoch 21 [aggregation then communication] ---
--- client 1 in epoch 21 [aggregation then communication] ---
--- client 2 in epoch 21 [aggregation then communication] ---
--- client 3 in epoch 21 [aggregation then communication] ---
--- client 4 in epoch 21 [aggregation then communication] ---
--- client 5 in epoch 21 [aggregation then communication] ---
--- client 6 in epoch 21 [aggregation then communication] ---
--- client 7 in epoch 21 [aggregation then communication] ---
--- client 8 in epoch 21 [aggregation then communication] ---
--- client 9 in epoch 21 [aggregation then communication] ---
--- global epoch 21: global acc = 89.83% ---
--- local epoch 21: local acc = [C0:94.22%, C1:95.05%, C2:93.78%, C3:94.02%, C4:93.78%, C5:94.23%, C6:94.64%, C7:94.15%, C8:94.19%, C9:94.57%] ---

--- global epoch 22/60 ---
--- At epoch 22, learning rate decays to 0.006543 ---
--- client 0 in epoch 22 [aggregation then communication] ---
--- client 1 in epoch 22 [aggregation then communication] ---
--- client 2 in epoch 22 [aggregation then communication] ---
--- client 3 in epoch 22 [aggregation then communication] ---
--- client 4 in epoch 22 [aggregation then communication] ---
--- client 5 in epoch 22 [aggregation then communication] ---
--- client 6 in epoch 22 [aggregation then communication] ---
--- client 7 in epoch 22 [aggregation then communication] ---
--- client 8 in epoch 22 [aggregation then communication] ---
--- client 9 in epoch 22 [aggregation then communication] ---
--- global epoch 22: global acc = 90.52% ---
--- local epoch 22: local acc = [C0:94.66%, C1:95.21%, C2:94.08%, C3:94.58%, C4:94.09%, C5:94.59%, C6:94.86%, C7:94.04%, C8:94.32%, C9:94.75%] ---

--- global epoch 23/60 ---
--- At epoch 23, learning rate decays to 0.006412 ---
--- client 0 in epoch 23 [aggregation then communication] ---
--- client 1 in epoch 23 [aggregation then communication] ---
--- client 2 in epoch 23 [aggregation then communication] ---
--- client 3 in epoch 23 [aggregation then communication] ---
--- client 4 in epoch 23 [aggregation then communication] ---
--- client 5 in epoch 23 [aggregation then communication] ---
--- client 6 in epoch 23 [aggregation then communication] ---
--- client 7 in epoch 23 [aggregation then communication] ---
--- client 8 in epoch 23 [aggregation then communication] ---
--- client 9 in epoch 23 [aggregation then communication] ---
--- global epoch 23: global acc = 89.87% ---
--- local epoch 23: local acc = [C0:94.87%, C1:95.38%, C2:94.53%, C3:94.15%, C4:94.17%, C5:94.46%, C6:95.32%, C7:94.11%, C8:94.71%, C9:94.61%] ---

--- global epoch 24/60 ---
--- At epoch 24, learning rate decays to 0.006283 ---
--- client 0 in epoch 24 [aggregation then communication] ---
--- client 1 in epoch 24 [aggregation then communication] ---
--- client 2 in epoch 24 [aggregation then communication] ---
--- client 3 in epoch 24 [aggregation then communication] ---
--- client 4 in epoch 24 [aggregation then communication] ---
--- client 5 in epoch 24 [aggregation then communication] ---
--- client 6 in epoch 24 [aggregation then communication] ---
--- client 7 in epoch 24 [aggregation then communication] ---
--- client 8 in epoch 24 [aggregation then communication] ---
--- client 9 in epoch 24 [aggregation then communication] ---
--- global epoch 24: global acc = 90.31% ---
--- local epoch 24: local acc = [C0:95.15%, C1:95.39%, C2:95.02%, C3:94.82%, C4:94.95%, C5:94.87%, C6:96.12%, C7:94.47%, C8:95.01%, C9:95.15%] ---

--- global epoch 25/60 ---
--- At epoch 25, learning rate decays to 0.006158 ---
--- client 0 in epoch 25 [aggregation then communication] ---
--- client 1 in epoch 25 [aggregation then communication] ---
--- client 2 in epoch 25 [aggregation then communication] ---
--- client 3 in epoch 25 [aggregation then communication] ---
--- client 4 in epoch 25 [aggregation then communication] ---
--- client 5 in epoch 25 [aggregation then communication] ---
--- client 6 in epoch 25 [aggregation then communication] ---
--- client 7 in epoch 25 [aggregation then communication] ---
--- client 8 in epoch 25 [aggregation then communication] ---
--- client 9 in epoch 25 [aggregation then communication] ---
--- global epoch 25: global acc = 90.95% ---
--- local epoch 25: local acc = [C0:95.22%, C1:95.72%, C2:97.16%, C3:95.03%, C4:95.28%, C5:94.82%, C6:95.48%, C7:94.86%, C8:94.94%, C9:95.30%] ---

--- global epoch 26/60 ---
--- At epoch 26, learning rate decays to 0.006035 ---
--- client 0 in epoch 26 [aggregation then communication] ---
--- client 1 in epoch 26 [aggregation then communication] ---
--- client 2 in epoch 26 [aggregation then communication] ---
--- client 3 in epoch 26 [aggregation then communication] ---
--- client 4 in epoch 26 [aggregation then communication] ---
--- client 5 in epoch 26 [aggregation then communication] ---
--- client 6 in epoch 26 [aggregation then communication] ---
--- client 7 in epoch 26 [aggregation then communication] ---
--- client 8 in epoch 26 [aggregation then communication] ---
--- client 9 in epoch 26 [aggregation then communication] ---
--- global epoch 26: global acc = 90.45% ---
--- local epoch 26: local acc = [C0:95.07%, C1:95.88%, C2:94.86%, C3:95.46%, C4:95.17%, C5:94.98%, C6:95.42%, C7:94.64%, C8:95.07%, C9:95.61%] ---

--- global epoch 27/60 ---
--- At epoch 27, learning rate decays to 0.005914 ---
--- client 0 in epoch 27 [aggregation then communication] ---
--- client 1 in epoch 27 [aggregation then communication] ---
--- client 2 in epoch 27 [aggregation then communication] ---
--- client 3 in epoch 27 [aggregation then communication] ---
--- client 4 in epoch 27 [aggregation then communication] ---
--- client 5 in epoch 27 [aggregation then communication] ---
--- client 6 in epoch 27 [aggregation then communication] ---
--- client 7 in epoch 27 [aggregation then communication] ---
--- client 8 in epoch 27 [aggregation then communication] ---
--- client 9 in epoch 27 [aggregation then communication] ---
--- global epoch 27: global acc = 91.27% ---
--- local epoch 27: local acc = [C0:95.36%, C1:95.63%, C2:97.53%, C3:95.24%, C4:95.40%, C5:95.53%, C6:95.88%, C7:95.27%, C8:95.81%, C9:95.69%] ---

--- global epoch 28/60 ---
--- At epoch 28, learning rate decays to 0.005796 ---
--- client 0 in epoch 28 [aggregation then communication] ---
--- client 1 in epoch 28 [aggregation then communication] ---
--- client 2 in epoch 28 [aggregation then communication] ---
--- client 3 in epoch 28 [aggregation then communication] ---
--- client 4 in epoch 28 [aggregation then communication] ---
--- client 5 in epoch 28 [aggregation then communication] ---
--- client 6 in epoch 28 [aggregation then communication] ---
--- client 7 in epoch 28 [aggregation then communication] ---
--- client 8 in epoch 28 [aggregation then communication] ------ client 9 in epoch 28 [aggregation then communication] ---

--- global epoch 28: global acc = 91.43% ---
--- local epoch 28: local acc = [C0:95.38%, C1:95.63%, C2:95.83%, C3:95.70%, C4:95.39%, C5:95.71%, C6:96.03%, C7:95.36%, C8:95.61%, C9:96.70%] ---

--- global epoch 29/60 ---
--- At epoch 29, learning rate decays to 0.005680 ---
--- client 0 in epoch 29 [aggregation then communication] ---
--- client 1 in epoch 29 [aggregation then communication] ---
--- client 2 in epoch 29 [aggregation then communication] ---
--- client 3 in epoch 29 [aggregation then communication] ---
--- client 4 in epoch 29 [aggregation then communication] ---
--- client 5 in epoch 29 [aggregation then communication] ------ client 6 in epoch 29 [aggregation then communication] ---

--- client 7 in epoch 29 [aggregation then communication] ---
--- client 8 in epoch 29 [aggregation then communication] ---
--- client 9 in epoch 29 [aggregation then communication] ---
--- global epoch 29: global acc = 91.16% ---
--- local epoch 29: local acc = [C0:95.69%, C1:95.92%, C2:95.47%, C3:96.18%, C4:95.57%, C5:96.09%, C6:96.08%, C7:95.53%, C8:96.72%, C9:96.08%] ---

--- global epoch 30/60 ---
--- At epoch 30, learning rate decays to 0.005566 ---
--- client 0 in epoch 30 [aggregation then communication] ---
--- client 1 in epoch 30 [aggregation then communication] ---
--- client 2 in epoch 30 [aggregation then communication] ---
--- client 3 in epoch 30 [aggregation then communication] ---
--- client 4 in epoch 30 [aggregation then communication] ---
--- client 5 in epoch 30 [aggregation then communication] ---
--- client 6 in epoch 30 [aggregation then communication] ---
--- client 7 in epoch 30 [aggregation then communication] ---
--- client 8 in epoch 30 [aggregation then communication] ---
--- client 9 in epoch 30 [aggregation then communication] ---
--- global epoch 30: global acc = 91.54% ---
--- local epoch 30: local acc = [C0:95.23%, C1:96.47%, C2:96.20%, C3:96.31%, C4:95.79%, C5:95.96%, C6:96.58%, C7:95.94%, C8:96.35%, C9:96.18%] ---

--- global epoch 31/60 ---
--- At epoch 31, learning rate decays to 0.005455 ---
--- client 0 in epoch 31 [aggregation then communication] ---
--- client 1 in epoch 31 [aggregation then communication] ---
--- client 2 in epoch 31 [aggregation then communication] ---
--- client 3 in epoch 31 [aggregation then communication] ---
--- client 4 in epoch 31 [aggregation then communication] ---
--- client 5 in epoch 31 [aggregation then communication] ---
--- client 6 in epoch 31 [aggregation then communication] ---
--- client 7 in epoch 31 [aggregation then communication] ---
--- client 8 in epoch 31 [aggregation then communication] ---
--- client 9 in epoch 31 [aggregation then communication] ---
--- global epoch 31: global acc = 91.01% ---
--- local epoch 31: local acc = [C0:95.70%, C1:96.47%, C2:95.81%, C3:96.17%, C4:95.91%, C5:96.31%, C6:96.63%, C7:96.40%, C8:96.72%, C9:96.69%] ---

--- global epoch 32/60 ---
--- At epoch 32, learning rate decays to 0.005346 ---
--- client 0 in epoch 32 [aggregation then communication] ---
--- client 1 in epoch 32 [aggregation then communication] ---
--- client 2 in epoch 32 [aggregation then communication] ---
--- client 3 in epoch 32 [aggregation then communication] ---
--- client 4 in epoch 32 [aggregation then communication] ---
--- client 5 in epoch 32 [aggregation then communication] ---
--- client 6 in epoch 32 [aggregation then communication] ---
--- client 7 in epoch 32 [aggregation then communication] ---
--- client 8 in epoch 32 [aggregation then communication] ---
--- client 9 in epoch 32 [aggregation then communication] ---
--- global epoch 32: global acc = 91.56% ---
--- local epoch 32: local acc = [C0:96.07%, C1:96.89%, C2:96.65%, C3:96.59%, C4:95.74%, C5:96.13%, C6:96.73%, C7:96.33%, C8:96.61%, C9:96.62%] ---

--- global epoch 33/60 ---
--- At epoch 33, learning rate decays to 0.005239 ---
--- client 0 in epoch 33 [aggregation then communication] ---
--- client 1 in epoch 33 [aggregation then communication] ---
--- client 2 in epoch 33 [aggregation then communication] ---
--- client 3 in epoch 33 [aggregation then communication] ---
--- client 4 in epoch 33 [aggregation then communication] ---
--- client 5 in epoch 33 [aggregation then communication] ---
--- client 6 in epoch 33 [aggregation then communication] ---
--- client 7 in epoch 33 [aggregation then communication] ---
--- client 8 in epoch 33 [aggregation then communication] ---
--- client 9 in epoch 33 [aggregation then communication] ---
--- global epoch 33: global acc = 91.47% ---
--- local epoch 33: local acc = [C0:96.19%, C1:96.79%, C2:96.62%, C3:96.53%, C4:95.90%, C5:96.33%, C6:97.02%, C7:96.21%, C8:96.68%, C9:96.78%] ---

--- global epoch 34/60 ---
--- At epoch 34, learning rate decays to 0.005134 ---
--- client 0 in epoch 34 [aggregation then communication] ---
--- client 1 in epoch 34 [aggregation then communication] ---
--- client 2 in epoch 34 [aggregation then communication] ---
--- client 3 in epoch 34 [aggregation then communication] ---
--- client 4 in epoch 34 [aggregation then communication] ---
--- client 5 in epoch 34 [aggregation then communication] ---
--- client 6 in epoch 34 [aggregation then communication] ---
--- client 7 in epoch 34 [aggregation then communication] ---
--- client 8 in epoch 34 [aggregation then communication] ---
--- client 9 in epoch 34 [aggregation then communication] ---
--- global epoch 34: global acc = 91.00% ---
--- local epoch 34: local acc = [C0:96.72%, C1:97.04%, C2:96.47%, C3:97.10%, C4:96.24%, C5:96.92%, C6:96.88%, C7:96.79%, C8:97.24%, C9:96.76%] ---

--- global epoch 35/60 ---
--- At epoch 35, learning rate decays to 0.005031 ---
--- client 0 in epoch 35 [aggregation then communication] ---
--- client 1 in epoch 35 [aggregation then communication] ---
--- client 2 in epoch 35 [aggregation then communication] ---
--- client 3 in epoch 35 [aggregation then communication] ---
--- client 4 in epoch 35 [aggregation then communication] ---
--- client 5 in epoch 35 [aggregation then communication] ---
--- client 6 in epoch 35 [aggregation then communication] ---
--- client 7 in epoch 35 [aggregation then communication] ---
--- client 8 in epoch 35 [aggregation then communication] ---
--- client 9 in epoch 35 [aggregation then communication] ---
--- global epoch 35: global acc = 90.25% ---
--- local epoch 35: local acc = [C0:96.54%, C1:97.23%, C2:96.59%, C3:96.96%, C4:96.57%, C5:96.50%, C6:97.41%, C7:96.67%, C8:97.32%, C9:96.85%] ---

--- global epoch 36/60 ---
--- At epoch 36, learning rate decays to 0.004931 ---
--- client 0 in epoch 36 [aggregation then communication] ---
--- client 1 in epoch 36 [aggregation then communication] ---
--- client 2 in epoch 36 [aggregation then communication] ---
--- client 3 in epoch 36 [aggregation then communication] ---
--- client 4 in epoch 36 [aggregation then communication] ---
--- client 5 in epoch 36 [aggregation then communication] ---
--- client 6 in epoch 36 [aggregation then communication] ---
--- client 7 in epoch 36 [aggregation then communication] ---
--- client 8 in epoch 36 [aggregation then communication] ---
--- client 9 in epoch 36 [aggregation then communication] ---
--- global epoch 36: global acc = 90.84% ---
--- local epoch 36: local acc = [C0:96.42%, C1:97.17%, C2:96.81%, C3:97.35%, C4:96.70%, C5:97.33%, C6:97.38%, C7:96.26%, C8:97.42%, C9:97.06%] ---

--- global epoch 37/60 ---
--- At epoch 37, learning rate decays to 0.004832 ---
--- client 0 in epoch 37 [aggregation then communication] ---
--- client 1 in epoch 37 [aggregation then communication] ---
--- client 2 in epoch 37 [aggregation then communication] ---
--- client 3 in epoch 37 [aggregation then communication] ---
--- client 4 in epoch 37 [aggregation then communication] ---
--- client 5 in epoch 37 [aggregation then communication] ---
--- client 6 in epoch 37 [aggregation then communication] ---
--- client 7 in epoch 37 [aggregation then communication] ---
--- client 8 in epoch 37 [aggregation then communication] ------ client 9 in epoch 37 [aggregation then communication] ---

--- global epoch 37: global acc = 90.47% ---
--- local epoch 37: local acc = [C0:97.09%, C1:97.26%, C2:96.66%, C3:97.39%, C4:96.99%, C5:97.10%, C6:97.47%, C7:96.61%, C8:98.10%, C9:97.45%] ---

--- global epoch 38/60 ---
--- At epoch 38, learning rate decays to 0.004735 ---
--- client 0 in epoch 38 [aggregation then communication] ---
--- client 1 in epoch 38 [aggregation then communication] ---
--- client 2 in epoch 38 [aggregation then communication] ---
--- client 3 in epoch 38 [aggregation then communication] ---
--- client 4 in epoch 38 [aggregation then communication] ---
--- client 5 in epoch 38 [aggregation then communication] ---
--- client 6 in epoch 38 [aggregation then communication] ------ client 7 in epoch 38 [aggregation then communication] ---

--- client 8 in epoch 38 [aggregation then communication] ---
--- client 9 in epoch 38 [aggregation then communication] ---
--- global epoch 38: global acc = 91.37% ---
--- local epoch 38: local acc = [C0:97.41%, C1:97.42%, C2:97.02%, C3:96.90%, C4:96.89%, C5:97.15%, C6:97.53%, C7:96.71%, C8:97.62%, C9:97.64%] ---

--- global epoch 39/60 ---
--- At epoch 39, learning rate decays to 0.004641 ---
--- client 0 in epoch 39 [aggregation then communication] ---
--- client 1 in epoch 39 [aggregation then communication] ---
--- client 2 in epoch 39 [aggregation then communication] ---
--- client 3 in epoch 39 [aggregation then communication] ---
--- client 4 in epoch 39 [aggregation then communication] ---
--- client 5 in epoch 39 [aggregation then communication] ---
--- client 6 in epoch 39 [aggregation then communication] ---
--- client 7 in epoch 39 [aggregation then communication] ---
--- client 8 in epoch 39 [aggregation then communication] ---
--- client 9 in epoch 39 [aggregation then communication] ---
--- global epoch 39: global acc = 90.59% ---
--- local epoch 39: local acc = [C0:98.97%, C1:98.13%, C2:97.12%, C3:97.29%, C4:97.08%, C5:97.49%, C6:97.72%, C7:97.16%, C8:97.71%, C9:97.55%] ---

--- global epoch 40/60 ---
--- At epoch 40, learning rate decays to 0.004548 ---
--- client 0 in epoch 40 [aggregation then communication] ---
--- client 1 in epoch 40 [aggregation then communication] ---
--- client 2 in epoch 40 [aggregation then communication] ---
--- client 3 in epoch 40 [aggregation then communication] ---
--- client 4 in epoch 40 [aggregation then communication] ---
--- client 5 in epoch 40 [aggregation then communication] ---
--- client 6 in epoch 40 [aggregation then communication] ---
--- client 7 in epoch 40 [aggregation then communication] ---
--- client 8 in epoch 40 [aggregation then communication] ---
--- client 9 in epoch 40 [aggregation then communication] ---
--- global epoch 40: global acc = 91.52% ---
--- local epoch 40: local acc = [C0:97.10%, C1:98.27%, C2:97.15%, C3:97.48%, C4:97.24%, C5:97.57%, C6:97.93%, C7:97.46%, C8:97.53%, C9:97.82%] ---

--- global epoch 41/60 ---
--- At epoch 41, learning rate decays to 0.004457 ---
--- client 0 in epoch 41 [aggregation then communication] ---
--- client 1 in epoch 41 [aggregation then communication] ---
--- client 2 in epoch 41 [aggregation then communication] ---
--- client 3 in epoch 41 [aggregation then communication] ---
--- client 4 in epoch 41 [aggregation then communication] ---
--- client 5 in epoch 41 [aggregation then communication] ---
--- client 6 in epoch 41 [aggregation then communication] ---
--- client 7 in epoch 41 [aggregation then communication] ---
--- client 8 in epoch 41 [aggregation then communication] ---
--- client 9 in epoch 41 [aggregation then communication] ---
--- global epoch 41: global acc = 91.27% ---
--- local epoch 41: local acc = [C0:97.42%, C1:97.84%, C2:97.12%, C3:97.59%, C4:97.38%, C5:97.74%, C6:98.28%, C7:97.55%, C8:97.57%, C9:97.63%] ---

--- global epoch 42/60 ---
--- At epoch 42, learning rate decays to 0.004368 ---
--- client 0 in epoch 42 [aggregation then communication] ---
--- client 1 in epoch 42 [aggregation then communication] ---
--- client 2 in epoch 42 [aggregation then communication] ---
--- client 3 in epoch 42 [aggregation then communication] ---
--- client 4 in epoch 42 [aggregation then communication] ---
--- client 5 in epoch 42 [aggregation then communication] ---
--- client 6 in epoch 42 [aggregation then communication] ------ client 7 in epoch 42 [aggregation then communication] ---

--- client 8 in epoch 42 [aggregation then communication] ---
--- client 9 in epoch 42 [aggregation then communication] ---
--- global epoch 42: global acc = 91.73% ---
--- local epoch 42: local acc = [C0:97.41%, C1:98.23%, C2:97.67%, C3:98.08%, C4:97.63%, C5:98.60%, C6:98.29%, C7:97.78%, C8:99.48%, C9:97.82%] ---

--- global epoch 43/60 ---
--- At epoch 43, learning rate decays to 0.004281 ---
--- client 0 in epoch 43 [aggregation then communication] ---
--- client 1 in epoch 43 [aggregation then communication] ---
--- client 2 in epoch 43 [aggregation then communication] ---
--- client 3 in epoch 43 [aggregation then communication] ---
--- client 4 in epoch 43 [aggregation then communication] ---
--- client 5 in epoch 43 [aggregation then communication] ---
--- client 6 in epoch 43 [aggregation then communication] ---
--- client 7 in epoch 43 [aggregation then communication] ---
--- client 8 in epoch 43 [aggregation then communication] ---
--- client 9 in epoch 43 [aggregation then communication] ---
--- global epoch 43: global acc = 90.32% ---
--- local epoch 43: local acc = [C0:97.03%, C1:98.16%, C2:97.63%, C3:98.01%, C4:97.85%, C5:97.65%, C6:98.28%, C7:98.06%, C8:97.94%, C9:98.22%] ---

--- global epoch 44/60 ---
--- At epoch 44, learning rate decays to 0.004195 ---
--- client 0 in epoch 44 [aggregation then communication] ---
--- client 1 in epoch 44 [aggregation then communication] ---
--- client 2 in epoch 44 [aggregation then communication] ---
--- client 3 in epoch 44 [aggregation then communication] ---
--- client 4 in epoch 44 [aggregation then communication] ---
--- client 5 in epoch 44 [aggregation then communication] ---
--- client 6 in epoch 44 [aggregation then communication] ---
--- client 7 in epoch 44 [aggregation then communication] ---
--- client 8 in epoch 44 [aggregation then communication] ---
--- client 9 in epoch 44 [aggregation then communication] ---
--- global epoch 44: global acc = 91.11% ---
--- local epoch 44: local acc = [C0:97.57%, C1:98.42%, C2:97.32%, C3:98.35%, C4:97.63%, C5:97.97%, C6:98.17%, C7:98.14%, C8:97.94%, C9:98.00%] ---

--- global epoch 45/60 ---
--- At epoch 45, learning rate decays to 0.004111 ---
--- client 0 in epoch 45 [aggregation then communication] ---
--- client 1 in epoch 45 [aggregation then communication] ---
--- client 2 in epoch 45 [aggregation then communication] ---
--- client 3 in epoch 45 [aggregation then communication] ---
--- client 4 in epoch 45 [aggregation then communication] ---
--- client 5 in epoch 45 [aggregation then communication] ---
--- client 6 in epoch 45 [aggregation then communication] ---
--- client 7 in epoch 45 [aggregation then communication] ---
--- client 8 in epoch 45 [aggregation then communication] ---
--- client 9 in epoch 45 [aggregation then communication] ---
--- global epoch 45: global acc = 91.63% ---
--- local epoch 45: local acc = [C0:99.01%, C1:98.37%, C2:97.69%, C3:98.39%, C4:97.79%, C5:98.99%, C6:98.45%, C7:97.88%, C8:98.32%, C9:98.12%] ---

--- global epoch 46/60 ---
--- At epoch 46, learning rate decays to 0.004029 ---
--- client 0 in epoch 46 [aggregation then communication] ---
--- client 1 in epoch 46 [aggregation then communication] ---
--- client 2 in epoch 46 [aggregation then communication] ---
--- client 3 in epoch 46 [aggregation then communication] ---
--- client 4 in epoch 46 [aggregation then communication] ---
--- client 5 in epoch 46 [aggregation then communication] ---
--- client 6 in epoch 46 [aggregation then communication] ---
--- client 7 in epoch 46 [aggregation then communication] ---
--- client 8 in epoch 46 [aggregation then communication] ---
--- client 9 in epoch 46 [aggregation then communication] ---
--- global epoch 46: global acc = 90.45% ---
--- local epoch 46: local acc = [C0:97.81%, C1:98.69%, C2:97.79%, C3:98.48%, C4:97.86%, C5:98.42%, C6:98.60%, C7:98.11%, C8:98.30%, C9:98.12%] ---

--- global epoch 47/60 ---
--- At epoch 47, learning rate decays to 0.003948 ---
--- client 0 in epoch 47 [aggregation then communication] ---
--- client 1 in epoch 47 [aggregation then communication] ---
--- client 2 in epoch 47 [aggregation then communication] ---
--- client 3 in epoch 47 [aggregation then communication] ---
--- client 4 in epoch 47 [aggregation then communication] ---
--- client 5 in epoch 47 [aggregation then communication] ---
--- client 6 in epoch 47 [aggregation then communication] ---
--- client 7 in epoch 47 [aggregation then communication] ---
--- client 8 in epoch 47 [aggregation then communication] ---
--- client 9 in epoch 47 [aggregation then communication] ---
--- global epoch 47: global acc = 91.22% ---
--- local epoch 47: local acc = [C0:97.92%, C1:98.56%, C2:97.51%, C3:98.40%, C4:97.94%, C5:98.53%, C6:98.57%, C7:98.31%, C8:98.42%, C9:98.36%] ---

--- global epoch 48/60 ---
--- At epoch 48, learning rate decays to 0.003869 ---
--- client 0 in epoch 48 [aggregation then communication] ---
--- client 1 in epoch 48 [aggregation then communication] ---
--- client 2 in epoch 48 [aggregation then communication] ---
--- client 3 in epoch 48 [aggregation then communication] ---
--- client 4 in epoch 48 [aggregation then communication] ---
--- client 5 in epoch 48 [aggregation then communication] ---
--- client 6 in epoch 48 [aggregation then communication] ---
--- client 7 in epoch 48 [aggregation then communication] ---
--- client 8 in epoch 48 [aggregation then communication] ------ client 9 in epoch 48 [aggregation then communication] ---

--- global epoch 48: global acc = 91.21% ---
--- local epoch 48: local acc = [C0:97.93%, C1:98.68%, C2:98.21%, C3:98.92%, C4:97.92%, C5:98.20%, C6:98.79%, C7:98.38%, C8:98.36%, C9:98.56%] ---

--- global epoch 49/60 ---
--- At epoch 49, learning rate decays to 0.003792 ---
--- client 0 in epoch 49 [aggregation then communication] ---
--- client 1 in epoch 49 [aggregation then communication] ---
--- client 2 in epoch 49 [aggregation then communication] ---
--- client 3 in epoch 49 [aggregation then communication] ---
--- client 4 in epoch 49 [aggregation then communication] ---
--- client 5 in epoch 49 [aggregation then communication] ---
--- client 6 in epoch 49 [aggregation then communication] ---
--- client 7 in epoch 49 [aggregation then communication] ---
--- client 8 in epoch 49 [aggregation then communication] ---
--- client 9 in epoch 49 [aggregation then communication] ---
--- global epoch 49: global acc = 91.04% ---
--- local epoch 49: local acc = [C0:98.31%, C1:98.63%, C2:97.89%, C3:98.52%, C4:98.08%, C5:98.49%, C6:98.62%, C7:98.72%, C8:98.63%, C9:98.45%] ---

--- global epoch 50/60 ---
--- At epoch 50, learning rate decays to 0.003716 ---
--- client 0 in epoch 50 [aggregation then communication] ---
--- client 1 in epoch 50 [aggregation then communication] ---
--- client 2 in epoch 50 [aggregation then communication] ---
--- client 3 in epoch 50 [aggregation then communication] ---
--- client 4 in epoch 50 [aggregation then communication] ---
--- client 5 in epoch 50 [aggregation then communication] ---
--- client 6 in epoch 50 [aggregation then communication] ---
--- client 7 in epoch 50 [aggregation then communication] ---
--- client 8 in epoch 50 [aggregation then communication] ---
--- client 9 in epoch 50 [aggregation then communication] ---
--- global epoch 50: global acc = 91.38% ---
--- local epoch 50: local acc = [C0:98.11%, C1:98.61%, C2:98.60%, C3:98.67%, C4:98.29%, C5:98.39%, C6:98.94%, C7:98.37%, C8:98.54%, C9:98.62%] ---

--- global epoch 51/60 ---
--- At epoch 51, learning rate decays to 0.003642 ---
--- client 0 in epoch 51 [aggregation then communication] ---
--- client 1 in epoch 51 [aggregation then communication] ---
--- client 2 in epoch 51 [aggregation then communication] ---
--- client 3 in epoch 51 [aggregation then communication] ---
--- client 4 in epoch 51 [aggregation then communication] ---
--- client 5 in epoch 51 [aggregation then communication] ---
--- client 6 in epoch 51 [aggregation then communication] ---
--- client 7 in epoch 51 [aggregation then communication] ---
--- client 8 in epoch 51 [aggregation then communication] ---
--- client 9 in epoch 51 [aggregation then communication] ---
--- global epoch 51: global acc = 91.46% ---
--- local epoch 51: local acc = [C0:98.45%, C1:98.96%, C2:98.59%, C3:98.98%, C4:98.07%, C5:98.64%, C6:98.91%, C7:98.53%, C8:98.80%, C9:98.61%] ---

--- global epoch 52/60 ---
--- At epoch 52, learning rate decays to 0.003569 ---
--- client 0 in epoch 52 [aggregation then communication] ---
--- client 1 in epoch 52 [aggregation then communication] ---
--- client 2 in epoch 52 [aggregation then communication] ---
--- client 3 in epoch 52 [aggregation then communication] ---
--- client 4 in epoch 52 [aggregation then communication] ---
--- client 5 in epoch 52 [aggregation then communication] ---
--- client 6 in epoch 52 [aggregation then communication] ---
--- client 7 in epoch 52 [aggregation then communication] ---
--- client 8 in epoch 52 [aggregation then communication] ---
--- client 9 in epoch 52 [aggregation then communication] ---
--- global epoch 52: global acc = 89.75% ---
--- local epoch 52: local acc = [C0:98.32%, C1:98.96%, C2:98.49%, C3:98.82%, C4:98.38%, C5:98.88%, C6:99.22%, C7:98.89%, C8:98.51%, C9:98.78%] ---

--- global epoch 53/60 ---
--- At epoch 53, learning rate decays to 0.003497 ---
--- client 0 in epoch 53 [aggregation then communication] ---
--- client 1 in epoch 53 [aggregation then communication] ---
--- client 2 in epoch 53 [aggregation then communication] ---
--- client 3 in epoch 53 [aggregation then communication] ---
--- client 4 in epoch 53 [aggregation then communication] ---
--- client 5 in epoch 53 [aggregation then communication] ---
--- client 6 in epoch 53 [aggregation then communication] ---
--- client 7 in epoch 53 [aggregation then communication] ---
--- client 8 in epoch 53 [aggregation then communication] ---
--- client 9 in epoch 53 [aggregation then communication] ---
--- global epoch 53: global acc = 91.18% ---
--- local epoch 53: local acc = [C0:98.58%, C1:98.79%, C2:98.68%, C3:99.01%, C4:98.85%, C5:98.89%, C6:98.95%, C7:98.45%, C8:99.03%, C9:98.86%] ---

--- global epoch 54/60 ---
--- At epoch 54, learning rate decays to 0.003428 ---
--- client 0 in epoch 54 [aggregation then communication] ---
--- client 1 in epoch 54 [aggregation then communication] ---
--- client 2 in epoch 54 [aggregation then communication] ---
--- client 3 in epoch 54 [aggregation then communication] ---
--- client 4 in epoch 54 [aggregation then communication] ---
--- client 5 in epoch 54 [aggregation then communication] ---
--- client 6 in epoch 54 [aggregation then communication] ---
--- client 7 in epoch 54 [aggregation then communication] ---
--- client 8 in epoch 54 [aggregation then communication] ---
--- client 9 in epoch 54 [aggregation then communication] ---
--- global epoch 54: global acc = 92.00% ---
--- local epoch 54: local acc = [C0:98.33%, C1:98.70%, C2:98.95%, C3:98.98%, C4:98.95%, C5:99.16%, C6:98.85%, C7:99.70%, C8:98.88%, C9:98.83%] ---

--- global epoch 55/60 ---
--- At epoch 55, learning rate decays to 0.003359 ---
--- client 0 in epoch 55 [aggregation then communication] ---
--- client 1 in epoch 55 [aggregation then communication] ---
--- client 2 in epoch 55 [aggregation then communication] ---
--- client 3 in epoch 55 [aggregation then communication] ---
--- client 4 in epoch 55 [aggregation then communication] ---
--- client 5 in epoch 55 [aggregation then communication] ---
--- client 6 in epoch 55 [aggregation then communication] ---
--- client 7 in epoch 55 [aggregation then communication] ---
--- client 8 in epoch 55 [aggregation then communication] ---
--- client 9 in epoch 55 [aggregation then communication] ---
--- global epoch 55: global acc = 91.56% ---
--- local epoch 55: local acc = [C0:98.55%, C1:99.12%, C2:98.42%, C3:98.97%, C4:98.88%, C5:99.10%, C6:99.18%, C7:99.17%, C8:99.10%, C9:99.07%] ---

--- global epoch 56/60 ---
--- At epoch 56, learning rate decays to 0.003292 ---
--- client 0 in epoch 56 [aggregation then communication] ---
--- client 1 in epoch 56 [aggregation then communication] ---
--- client 2 in epoch 56 [aggregation then communication] ---
--- client 3 in epoch 56 [aggregation then communication] ---
--- client 4 in epoch 56 [aggregation then communication] ---
--- client 5 in epoch 56 [aggregation then communication] ---
--- client 6 in epoch 56 [aggregation then communication] ---
--- client 7 in epoch 56 [aggregation then communication] ---
--- client 8 in epoch 56 [aggregation then communication] ---
--- client 9 in epoch 56 [aggregation then communication] ---
--- global epoch 56: global acc = 91.48% ---
--- local epoch 56: local acc = [C0:99.07%, C1:99.28%, C2:98.67%, C3:99.06%, C4:98.87%, C5:99.07%, C6:99.12%, C7:98.92%, C8:99.17%, C9:99.26%] ---

--- global epoch 57/60 ---
--- At epoch 57, learning rate decays to 0.003226 ---
--- client 0 in epoch 57 [aggregation then communication] ---
--- client 1 in epoch 57 [aggregation then communication] ---
--- client 2 in epoch 57 [aggregation then communication] ---
--- client 3 in epoch 57 [aggregation then communication] ---
--- client 4 in epoch 57 [aggregation then communication] ---
--- client 5 in epoch 57 [aggregation then communication] ---
--- client 6 in epoch 57 [aggregation then communication] ---
--- client 7 in epoch 57 [aggregation then communication] ---
--- client 8 in epoch 57 [aggregation then communication] ---
--- client 9 in epoch 57 [aggregation then communication] ---
--- global epoch 57: global acc = 91.43% ---
--- local epoch 57: local acc = [C0:98.86%, C1:98.92%, C2:98.90%, C3:99.19%, C4:99.75%, C5:99.39%, C6:98.96%, C7:99.18%, C8:98.92%, C9:99.20%] ---

--- global epoch 58/60 ---
--- At epoch 58, learning rate decays to 0.003161 ---
--- client 0 in epoch 58 [aggregation then communication] ---
--- client 1 in epoch 58 [aggregation then communication] ---
--- client 2 in epoch 58 [aggregation then communication] ---
--- client 3 in epoch 58 [aggregation then communication] ---
--- client 4 in epoch 58 [aggregation then communication] ---
--- client 5 in epoch 58 [aggregation then communication] ---
--- client 6 in epoch 58 [aggregation then communication] ---
--- client 7 in epoch 58 [aggregation then communication] ---
--- client 8 in epoch 58 [aggregation then communication] ---
--- client 9 in epoch 58 [aggregation then communication] ---
--- global epoch 58: global acc = 92.02% ---
--- local epoch 58: local acc = [C0:98.60%, C1:99.35%, C2:98.82%, C3:99.08%, C4:98.95%, C5:99.38%, C6:99.09%, C7:98.91%, C8:99.38%, C9:99.06%] ---

--- global epoch 59/60 ---
--- At epoch 59, learning rate decays to 0.003098 ---
--- client 0 in epoch 59 [aggregation then communication] ---
--- client 1 in epoch 59 [aggregation then communication] ---
--- client 2 in epoch 59 [aggregation then communication] ---
--- client 3 in epoch 59 [aggregation then communication] ---
--- client 4 in epoch 59 [aggregation then communication] ---
--- client 5 in epoch 59 [aggregation then communication] ---
--- client 6 in epoch 59 [aggregation then communication] ---
--- client 7 in epoch 59 [aggregation then communication] ---
--- client 8 in epoch 59 [aggregation then communication] ---
--- client 9 in epoch 59 [aggregation then communication] ---
--- global epoch 59: global acc = 91.40% ---
--- local epoch 59: local acc = [C0:98.91%, C1:99.52%, C2:98.82%, C3:99.18%, C4:99.45%, C5:99.66%, C6:99.12%, C7:99.36%, C8:99.26%, C9:98.95%] ---

--- global epoch 60/60 ---
--- At epoch 60, learning rate decays to 0.003036 ---
--- client 0 in epoch 60 [aggregation then communication] ---
--- client 1 in epoch 60 [aggregation then communication] ---
--- client 2 in epoch 60 [aggregation then communication] ---
--- client 3 in epoch 60 [aggregation then communication] ---
--- client 4 in epoch 60 [aggregation then communication] ---
--- client 5 in epoch 60 [aggregation then communication] ---
--- client 6 in epoch 60 [aggregation then communication] ---
--- client 7 in epoch 60 [aggregation then communication] ---
--- client 8 in epoch 60 [aggregation then communication] ---
--- client 9 in epoch 60 [aggregation then communication] ---
--- global epoch 60: global acc = 91.17% ---
--- local epoch 60: local acc = [C0:98.73%, C1:99.53%, C2:99.22%, C3:99.34%, C4:99.09%, C5:99.48%, C6:99.35%, C7:99.19%, C8:99.28%, C9:99.32%] ---
Total runtime: 2817.63s (0:46:57)

 saving results
results save in C:\Users\Kong\Desktop\\decentralized_federated_learning-master\decentralized_federated_learning-master\res\clients_10-epochs_2-20250920_012717.json
