client 0 initial number of neighbors: 9
client 1 initial number of neighbors: 9
client 2 initial number of neighbors: 9
client 3 initial number of neighbors: 9
client 4 initial number of neighbors: 9
client 5 initial number of neighbors: 9
client 6 initial number of neighbors: 9
client 7 initial number of neighbors: 9
client 8 initial number of neighbors: 9
client 9 initial number of neighbors: 9

 training begins! (epoch-by-epoch parallel mode with global evaluation)

--- global epoch 1/60 ---
--- client 0 in epoch 1 [aggregation then communication] ---
--- client 1 in epoch 1 [aggregation then communication] ---
--- client 2 in epoch 1 [aggregation then communication] ---
--- client 3 in epoch 1 [aggregation then communication] ---
--- client 4 in epoch 1 [aggregation then communication] ---
--- client 5 in epoch 1 [aggregation then communication] ---
--- client 6 in epoch 1 [aggregation then communication] ---
--- client 7 in epoch 1 [aggregation then communication] ---
--- client 8 in epoch 1 [aggregation then communication] ---
--- client 9 in epoch 1 [aggregation then communication] ---
--- global epoch 1: global acc = 17.10% ---
--- local epoch 1: local acc = [C0:57.38%, C1:55.69%, C2:55.73%, C3:54.86%, C4:56.57%, C5:56.53%, C6:60.98%, C7:58.32%, C8:59.23%, C9:55.70%] ---

--- global epoch 2/60 ---
--- At epoch 2, learning rate decays to 0.004995 ---
--- client 0 in epoch 2 [aggregation then communication] ---
--- client 1 in epoch 2 [aggregation then communication] ---
--- client 2 in epoch 2 [aggregation then communication] ---
--- client 3 in epoch 2 [aggregation then communication] ---
--- client 4 in epoch 2 [aggregation then communication] ---
--- client 5 in epoch 2 [aggregation then communication] ---
--- client 6 in epoch 2 [aggregation then communication] ---
--- client 7 in epoch 2 [aggregation then communication] ---
--- client 8 in epoch 2 [aggregation then communication] ---
--- client 9 in epoch 2 [aggregation then communication] ---
--- global epoch 2: global acc = 32.84% ---
--- local epoch 2: local acc = [C0:77.21%, C1:76.98%, C2:76.56%, C3:74.89%, C4:77.11%, C5:78.57%, C6:76.17%, C7:77.76%, C8:76.14%, C9:77.78%] ---

--- global epoch 3/60 ---
--- At epoch 3, learning rate decays to 0.004990 ---
--- client 0 in epoch 3 [aggregation then communication] ---
--- client 1 in epoch 3 [aggregation then communication] ---
--- client 2 in epoch 3 [aggregation then communication] ---
--- client 3 in epoch 3 [aggregation then communication] ---
--- client 4 in epoch 3 [aggregation then communication] ---
--- client 5 in epoch 3 [aggregation then communication] ---
--- client 6 in epoch 3 [aggregation then communication] ---
--- client 7 in epoch 3 [aggregation then communication] ---
--- client 8 in epoch 3 [aggregation then communication] ---
--- client 9 in epoch 3 [aggregation then communication] ---
--- global epoch 3: global acc = 74.98% ---
--- local epoch 3: local acc = [C0:85.14%, C1:85.72%, C2:84.89%, C3:85.00%, C4:85.40%, C5:86.08%, C6:85.90%, C7:84.79%, C8:85.68%, C9:85.76%] ---

--- global epoch 4/60 ---
--- At epoch 4, learning rate decays to 0.004985 ---
--- client 0 in epoch 4 [aggregation then communication] ---
--- client 1 in epoch 4 [aggregation then communication] ---
--- client 2 in epoch 4 [aggregation then communication] ---
--- client 3 in epoch 4 [aggregation then communication] ---
--- client 4 in epoch 4 [aggregation then communication] ---
--- client 5 in epoch 4 [aggregation then communication] ---
--- client 6 in epoch 4 [aggregation then communication] ---
--- client 7 in epoch 4 [aggregation then communication] ---
--- client 8 in epoch 4 [aggregation then communication] ---
--- client 9 in epoch 4 [aggregation then communication] ---
--- global epoch 4: global acc = 85.54% ---
--- local epoch 4: local acc = [C0:88.14%, C1:88.62%, C2:87.98%, C3:88.18%, C4:88.61%, C5:89.57%, C6:89.25%, C7:88.10%, C8:88.80%, C9:89.00%] ---

--- global epoch 5/60 ---
--- At epoch 5, learning rate decays to 0.004980 ---
--- client 0 in epoch 5 [aggregation then communication] ---
--- client 1 in epoch 5 [aggregation then communication] ---
--- client 2 in epoch 5 [aggregation then communication] ---
--- client 3 in epoch 5 [aggregation then communication] ---
--- client 4 in epoch 5 [aggregation then communication] ---
--- client 5 in epoch 5 [aggregation then communication] ---
--- client 6 in epoch 5 [aggregation then communication] ---
--- client 7 in epoch 5 [aggregation then communication] ---
--- client 8 in epoch 5 [aggregation then communication] ---
--- client 9 in epoch 5 [aggregation then communication] ---
--- global epoch 5: global acc = 86.02% ---
--- local epoch 5: local acc = [C0:89.91%, C1:90.54%, C2:90.40%, C3:90.03%, C4:90.72%, C5:90.99%, C6:90.90%, C7:90.36%, C8:90.43%, C9:90.94%] ---

--- global epoch 6/60 ---
--- At epoch 6, learning rate decays to 0.004975 ---
--- client 0 in epoch 6 [aggregation then communication] ---
--- client 1 in epoch 6 [aggregation then communication] ---
--- client 2 in epoch 6 [aggregation then communication] ---
--- client 3 in epoch 6 [aggregation then communication] ---
--- client 4 in epoch 6 [aggregation then communication] ---
--- client 5 in epoch 6 [aggregation then communication] ---
--- client 6 in epoch 6 [aggregation then communication] ---
--- client 7 in epoch 6 [aggregation then communication] ---
--- client 8 in epoch 6 [aggregation then communication] ---
--- client 9 in epoch 6 [aggregation then communication] ---
--- global epoch 6: global acc = 87.50% ---
--- local epoch 6: local acc = [C0:92.53%, C1:91.75%, C2:91.58%, C3:91.00%, C4:91.60%, C5:91.90%, C6:91.95%, C7:91.24%, C8:91.68%, C9:92.23%] ---

--- global epoch 7/60 ---
--- At epoch 7, learning rate decays to 0.004970 ---
--- client 0 in epoch 7 [aggregation then communication] ---
--- client 1 in epoch 7 [aggregation then communication] ---
--- client 2 in epoch 7 [aggregation then communication] ---
--- client 3 in epoch 7 [aggregation then communication] ---
--- client 4 in epoch 7 [aggregation then communication] ---
--- client 5 in epoch 7 [aggregation then communication] ---
--- client 6 in epoch 7 [aggregation then communication] ---
--- client 7 in epoch 7 [aggregation then communication] ---
--- client 8 in epoch 7 [aggregation then communication] ---
--- client 9 in epoch 7 [aggregation then communication] ---
--- global epoch 7: global acc = 87.77% ---
--- local epoch 7: local acc = [C0:92.54%, C1:92.84%, C2:95.91%, C3:92.64%, C4:92.73%, C5:92.98%, C6:92.97%, C7:92.41%, C8:92.83%, C9:93.45%] ---

--- global epoch 8/60 ---
--- At epoch 8, learning rate decays to 0.004965 ---
--- client 0 in epoch 8 [aggregation then communication] ---
--- client 1 in epoch 8 [aggregation then communication] ---
--- client 2 in epoch 8 [aggregation then communication] ---
--- client 3 in epoch 8 [aggregation then communication] ---
--- client 4 in epoch 8 [aggregation then communication] ---
--- client 5 in epoch 8 [aggregation then communication] ---
--- client 6 in epoch 8 [aggregation then communication] ---
--- client 7 in epoch 8 [aggregation then communication] ---
--- client 8 in epoch 8 [aggregation then communication] ---
--- client 9 in epoch 8 [aggregation then communication] ---
--- global epoch 8: global acc = 87.25% ---
--- local epoch 8: local acc = [C0:93.08%, C1:97.24%, C2:93.49%, C3:93.10%, C4:93.92%, C5:93.67%, C6:94.03%, C7:92.94%, C8:93.63%, C9:93.85%] ---

--- global epoch 9/60 ---
--- At epoch 9, learning rate decays to 0.004960 ---
--- client 0 in epoch 9 [aggregation then communication] ---
--- client 1 in epoch 9 [aggregation then communication] ---
--- client 2 in epoch 9 [aggregation then communication] ---
--- client 3 in epoch 9 [aggregation then communication] ---
--- client 4 in epoch 9 [aggregation then communication] ---
--- client 5 in epoch 9 [aggregation then communication] ---
--- client 6 in epoch 9 [aggregation then communication] ---
--- client 7 in epoch 9 [aggregation then communication] ---
--- client 8 in epoch 9 [aggregation then communication] ---
--- client 9 in epoch 9 [aggregation then communication] ---
--- global epoch 9: global acc = 89.59% ---
--- local epoch 9: local acc = [C0:93.93%, C1:94.28%, C2:93.74%, C3:93.91%, C4:93.88%, C5:94.24%, C6:94.25%, C7:93.76%, C8:94.51%, C9:95.05%] ---

--- global epoch 10/60 ---
--- At epoch 10, learning rate decays to 0.004955 ---
--- client 0 in epoch 10 [aggregation then communication] ---
--- client 1 in epoch 10 [aggregation then communication] ---
--- client 2 in epoch 10 [aggregation then communication] ---
--- client 3 in epoch 10 [aggregation then communication] ---
--- client 4 in epoch 10 [aggregation then communication] ---
--- client 5 in epoch 10 [aggregation then communication] ---
--- client 6 in epoch 10 [aggregation then communication] ---
--- client 7 in epoch 10 [aggregation then communication] ---
--- client 8 in epoch 10 [aggregation then communication] ---
--- client 9 in epoch 10 [aggregation then communication] ---
--- global epoch 10: global acc = 89.48% ---
--- local epoch 10: local acc = [C0:94.50%, C1:95.12%, C2:94.40%, C3:94.72%, C4:94.41%, C5:95.40%, C6:95.28%, C7:94.25%, C8:94.77%, C9:96.23%] ---

--- global epoch 11/60 ---
--- At epoch 11, learning rate decays to 0.004950 ---
--- client 0 in epoch 11 [aggregation then communication] ---
--- client 1 in epoch 11 [aggregation then communication] ---
--- client 2 in epoch 11 [aggregation then communication] ---
--- client 3 in epoch 11 [aggregation then communication] ---
--- client 4 in epoch 11 [aggregation then communication] ---
--- client 5 in epoch 11 [aggregation then communication] ---
--- client 6 in epoch 11 [aggregation then communication] ---
--- client 7 in epoch 11 [aggregation then communication] ---
--- client 8 in epoch 11 [aggregation then communication] ---
--- client 9 in epoch 11 [aggregation then communication] ---
--- global epoch 11: global acc = 89.00% ---
--- local epoch 11: local acc = [C0:95.22%, C1:95.80%, C2:95.45%, C3:95.07%, C4:94.68%, C5:95.46%, C6:95.28%, C7:94.78%, C8:95.48%, C9:95.45%] ---

--- global epoch 12/60 ---
--- At epoch 12, learning rate decays to 0.004945 ---
--- client 0 in epoch 12 [aggregation then communication] ---
--- client 1 in epoch 12 [aggregation then communication] ---
--- client 2 in epoch 12 [aggregation then communication] ---
--- client 3 in epoch 12 [aggregation then communication] ---
--- client 4 in epoch 12 [aggregation then communication] ---
--- client 5 in epoch 12 [aggregation then communication] ---
--- client 6 in epoch 12 [aggregation then communication] ---
--- client 7 in epoch 12 [aggregation then communication] ---
--- client 8 in epoch 12 [aggregation then communication] ---
--- client 9 in epoch 12 [aggregation then communication] ---
--- global epoch 12: global acc = 90.01% ---
--- local epoch 12: local acc = [C0:95.45%, C1:96.84%, C2:95.49%, C3:95.96%, C4:95.29%, C5:95.56%, C6:95.88%, C7:95.65%, C8:95.36%, C9:98.99%] ---

--- global epoch 13/60 ---
--- At epoch 13, learning rate decays to 0.004940 ---
--- client 0 in epoch 13 [aggregation then communication] ---
--- client 1 in epoch 13 [aggregation then communication] ---
--- client 2 in epoch 13 [aggregation then communication] ---
--- client 3 in epoch 13 [aggregation then communication] ---
--- client 4 in epoch 13 [aggregation then communication] ---
--- client 5 in epoch 13 [aggregation then communication] ---
--- client 6 in epoch 13 [aggregation then communication] ---
--- client 7 in epoch 13 [aggregation then communication] ---
--- client 8 in epoch 13 [aggregation then communication] ---
--- client 9 in epoch 13 [aggregation then communication] ---
--- global epoch 13: global acc = 89.81% ---
--- local epoch 13: local acc = [C0:95.94%, C1:96.37%, C2:95.45%, C3:96.64%, C4:95.27%, C5:95.91%, C6:96.39%, C7:95.43%, C8:95.77%, C9:96.30%] ---

--- global epoch 14/60 ---
--- At epoch 14, learning rate decays to 0.004935 ---
--- client 0 in epoch 14 [aggregation then communication] ---
--- client 1 in epoch 14 [aggregation then communication] ---
--- client 2 in epoch 14 [aggregation then communication] ---
--- client 3 in epoch 14 [aggregation then communication] ---
--- client 4 in epoch 14 [aggregation then communication] ---
--- client 5 in epoch 14 [aggregation then communication] ---
--- client 6 in epoch 14 [aggregation then communication] ---
--- client 7 in epoch 14 [aggregation then communication] ---
--- client 8 in epoch 14 [aggregation then communication] ---
--- client 9 in epoch 14 [aggregation then communication] ---
--- global epoch 14: global acc = 90.42% ---
--- local epoch 14: local acc = [C0:97.73%, C1:96.70%, C2:95.70%, C3:96.65%, C4:95.97%, C5:96.57%, C6:96.75%, C7:95.69%, C8:96.23%, C9:97.46%] ---

--- global epoch 15/60 ---
--- At epoch 15, learning rate decays to 0.004930 ---
--- client 0 in epoch 15 [aggregation then communication] ---
--- client 1 in epoch 15 [aggregation then communication] ---
--- client 2 in epoch 15 [aggregation then communication] ---
--- client 3 in epoch 15 [aggregation then communication] ---
--- client 4 in epoch 15 [aggregation then communication] ---
--- client 5 in epoch 15 [aggregation then communication] ---
--- client 6 in epoch 15 [aggregation then communication] ---
--- client 7 in epoch 15 [aggregation then communication] ---
--- client 8 in epoch 15 [aggregation then communication] ---
--- client 9 in epoch 15 [aggregation then communication] ---
--- global epoch 15: global acc = 90.39% ---
--- local epoch 15: local acc = [C0:96.32%, C1:96.95%, C2:96.19%, C3:96.93%, C4:95.97%, C5:96.51%, C6:96.75%, C7:97.51%, C8:96.26%, C9:96.87%] ---

--- global epoch 16/60 ---
--- At epoch 16, learning rate decays to 0.004926 ---
--- client 0 in epoch 16 [aggregation then communication] ---
--- client 1 in epoch 16 [aggregation then communication] ---
--- client 2 in epoch 16 [aggregation then communication] ---
--- client 3 in epoch 16 [aggregation then communication] ---
--- client 4 in epoch 16 [aggregation then communication] ---
--- client 5 in epoch 16 [aggregation then communication] ---
--- client 6 in epoch 16 [aggregation then communication] ---
--- client 7 in epoch 16 [aggregation then communication] ---
--- client 8 in epoch 16 [aggregation then communication] ---
--- client 9 in epoch 16 [aggregation then communication] ---
--- global epoch 16: global acc = 90.45% ---
--- local epoch 16: local acc = [C0:97.36%, C1:97.02%, C2:96.48%, C3:99.69%, C4:96.81%, C5:96.86%, C6:96.86%, C7:96.51%, C8:96.45%, C9:97.69%] ---

--- global epoch 17/60 ---
--- At epoch 17, learning rate decays to 0.004921 ---
--- client 0 in epoch 17 [aggregation then communication] ---
--- client 1 in epoch 17 [aggregation then communication] ---
--- client 2 in epoch 17 [aggregation then communication] ---
--- client 3 in epoch 17 [aggregation then communication] ---
--- client 4 in epoch 17 [aggregation then communication] ---
--- client 5 in epoch 17 [aggregation then communication] ---
--- client 6 in epoch 17 [aggregation then communication] ---
--- client 7 in epoch 17 [aggregation then communication] ---
--- client 8 in epoch 17 [aggregation then communication] ---
--- client 9 in epoch 17 [aggregation then communication] ---
--- global epoch 17: global acc = 90.40% ---
--- local epoch 17: local acc = [C0:96.87%, C1:97.48%, C2:97.20%, C3:97.42%, C4:96.28%, C5:97.04%, C6:97.31%, C7:96.51%, C8:97.18%, C9:97.87%] ---

--- global epoch 18/60 ---
--- At epoch 18, learning rate decays to 0.004916 ---
--- client 0 in epoch 18 [aggregation then communication] ---
--- client 1 in epoch 18 [aggregation then communication] ---
--- client 2 in epoch 18 [aggregation then communication] ---
--- client 3 in epoch 18 [aggregation then communication] ---
--- client 4 in epoch 18 [aggregation then communication] ---
--- client 5 in epoch 18 [aggregation then communication] ---
--- client 6 in epoch 18 [aggregation then communication] ---
--- client 7 in epoch 18 [aggregation then communication] ---
--- client 8 in epoch 18 [aggregation then communication] ---
--- client 9 in epoch 18 [aggregation then communication] ---
--- global epoch 18: global acc = 90.24% ---
--- local epoch 18: local acc = [C0:97.38%, C1:97.64%, C2:96.45%, C3:97.39%, C4:97.07%, C5:97.05%, C6:97.34%, C7:97.06%, C8:97.40%, C9:97.71%] ---

--- global epoch 19/60 ---
--- At epoch 19, learning rate decays to 0.004911 ---
--- client 0 in epoch 19 [aggregation then communication] ---
--- client 1 in epoch 19 [aggregation then communication] ---
--- client 2 in epoch 19 [aggregation then communication] ---
--- client 3 in epoch 19 [aggregation then communication] ---
--- client 4 in epoch 19 [aggregation then communication] ---
--- client 5 in epoch 19 [aggregation then communication] ---
--- client 6 in epoch 19 [aggregation then communication] ---
--- client 7 in epoch 19 [aggregation then communication] ---
--- client 8 in epoch 19 [aggregation then communication] ---
--- client 9 in epoch 19 [aggregation then communication] ---
--- global epoch 19: global acc = 90.10% ---
--- local epoch 19: local acc = [C0:97.66%, C1:97.90%, C2:96.59%, C3:97.57%, C4:97.15%, C5:97.45%, C6:97.74%, C7:97.27%, C8:97.55%, C9:98.17%] ---

--- global epoch 20/60 ---
--- At epoch 20, learning rate decays to 0.004906 ---
--- client 0 in epoch 20 [aggregation then communication] ---
--- client 1 in epoch 20 [aggregation then communication] ---
--- client 2 in epoch 20 [aggregation then communication] ---
--- client 3 in epoch 20 [aggregation then communication] ---
--- client 4 in epoch 20 [aggregation then communication] ---
--- client 5 in epoch 20 [aggregation then communication] ---
--- client 6 in epoch 20 [aggregation then communication] ---
--- client 7 in epoch 20 [aggregation then communication] ---
--- client 8 in epoch 20 [aggregation then communication] ---
--- client 9 in epoch 20 [aggregation then communication] ---
--- global epoch 20: global acc = 90.52% ---
--- local epoch 20: local acc = [C0:97.51%, C1:98.56%, C2:97.06%, C3:98.08%, C4:97.30%, C5:97.42%, C6:97.57%, C7:97.70%, C8:97.69%, C9:98.08%] ---

--- global epoch 21/60 ---
--- At epoch 21, learning rate decays to 0.004901 ---
--- client 0 in epoch 21 [aggregation then communication] ---
--- client 1 in epoch 21 [aggregation then communication] ---
--- client 2 in epoch 21 [aggregation then communication] ---
--- client 3 in epoch 21 [aggregation then communication] ---
--- client 4 in epoch 21 [aggregation then communication] ---
--- client 5 in epoch 21 [aggregation then communication] ---
--- client 6 in epoch 21 [aggregation then communication] ---
--- client 7 in epoch 21 [aggregation then communication] ---
--- client 8 in epoch 21 [aggregation then communication] ---
--- client 9 in epoch 21 [aggregation then communication] ---
--- global epoch 21: global acc = 90.34% ---
--- local epoch 21: local acc = [C0:97.43%, C1:100.00%, C2:98.01%, C3:97.76%, C4:97.57%, C5:97.50%, C6:97.97%, C7:98.01%, C8:97.98%, C9:98.09%] ---

--- global epoch 22/60 ---
--- At epoch 22, learning rate decays to 0.004896 ---
--- client 0 in epoch 22 [aggregation then communication] ---
--- client 1 in epoch 22 [aggregation then communication] ---
--- client 2 in epoch 22 [aggregation then communication] ---
--- client 3 in epoch 22 [aggregation then communication] ---
--- client 4 in epoch 22 [aggregation then communication] ---
--- client 5 in epoch 22 [aggregation then communication] ---
--- client 6 in epoch 22 [aggregation then communication] ---
--- client 7 in epoch 22 [aggregation then communication] ---
--- client 8 in epoch 22 [aggregation then communication] ---
--- client 9 in epoch 22 [aggregation then communication] ---
--- global epoch 22: global acc = 90.45% ---
--- local epoch 22: local acc = [C0:97.81%, C1:98.13%, C2:97.37%, C3:97.82%, C4:97.93%, C5:97.84%, C6:98.23%, C7:98.11%, C8:97.74%, C9:98.16%] ---

--- global epoch 23/60 ---
--- At epoch 23, learning rate decays to 0.004891 ---
--- client 0 in epoch 23 [aggregation then communication] ---
--- client 1 in epoch 23 [aggregation then communication] ---
--- client 2 in epoch 23 [aggregation then communication] ---
--- client 3 in epoch 23 [aggregation then communication] ---
--- client 4 in epoch 23 [aggregation then communication] ---
--- client 5 in epoch 23 [aggregation then communication] ---
--- client 6 in epoch 23 [aggregation then communication] ---
--- client 7 in epoch 23 [aggregation then communication] ---
--- client 8 in epoch 23 [aggregation then communication] ---
--- client 9 in epoch 23 [aggregation then communication] ---
--- global epoch 23: global acc = 90.40% ---
--- local epoch 23: local acc = [C0:97.81%, C1:98.68%, C2:97.59%, C3:98.17%, C4:97.60%, C5:97.83%, C6:98.13%, C7:97.85%, C8:98.16%, C9:98.30%] ---

--- global epoch 24/60 ---
--- At epoch 24, learning rate decays to 0.004886 ---
--- client 0 in epoch 24 [aggregation then communication] ---
--- client 1 in epoch 24 [aggregation then communication] ---
--- client 2 in epoch 24 [aggregation then communication] ---
--- client 3 in epoch 24 [aggregation then communication] ---
--- client 4 in epoch 24 [aggregation then communication] ---
--- client 5 in epoch 24 [aggregation then communication] ---
--- client 6 in epoch 24 [aggregation then communication] ---
--- client 7 in epoch 24 [aggregation then communication] ---
--- client 8 in epoch 24 [aggregation then communication] ---
--- client 9 in epoch 24 [aggregation then communication] ---
--- global epoch 24: global acc = 90.09% ---
--- local epoch 24: local acc = [C0:97.86%, C1:98.49%, C2:97.99%, C3:98.30%, C4:98.03%, C5:98.25%, C6:98.56%, C7:98.32%, C8:98.46%, C9:98.48%] ---

--- global epoch 25/60 ---
--- At epoch 25, learning rate decays to 0.004881 ---
--- client 0 in epoch 25 [aggregation then communication] ---
--- client 1 in epoch 25 [aggregation then communication] ---
--- client 2 in epoch 25 [aggregation then communication] ---
--- client 3 in epoch 25 [aggregation then communication] ---
--- client 4 in epoch 25 [aggregation then communication] ---
--- client 5 in epoch 25 [aggregation then communication] ---
--- client 6 in epoch 25 [aggregation then communication] ---
--- client 7 in epoch 25 [aggregation then communication] ---
--- client 8 in epoch 25 [aggregation then communication] ---
--- client 9 in epoch 25 [aggregation then communication] ---
--- global epoch 25: global acc = 91.09% ---
--- local epoch 25: local acc = [C0:98.37%, C1:98.92%, C2:97.95%, C3:98.26%, C4:98.21%, C5:98.17%, C6:98.47%, C7:98.13%, C8:98.10%, C9:98.52%] ---

--- global epoch 26/60 ---
--- At epoch 26, learning rate decays to 0.004876 ---
--- client 0 in epoch 26 [aggregation then communication] ---
--- client 1 in epoch 26 [aggregation then communication] ---
--- client 2 in epoch 26 [aggregation then communication] ---
--- client 3 in epoch 26 [aggregation then communication] ---
--- client 4 in epoch 26 [aggregation then communication] ---
--- client 5 in epoch 26 [aggregation then communication] ---
--- client 6 in epoch 26 [aggregation then communication] ---
--- client 7 in epoch 26 [aggregation then communication] ---
--- client 8 in epoch 26 [aggregation then communication] ---
--- client 9 in epoch 26 [aggregation then communication] ---
--- global epoch 26: global acc = 90.74% ---
--- local epoch 26: local acc = [C0:98.28%, C1:98.54%, C2:98.17%, C3:98.21%, C4:97.93%, C5:97.96%, C6:98.24%, C7:97.94%, C8:98.43%, C9:98.30%] ---

--- global epoch 27/60 ---
--- At epoch 27, learning rate decays to 0.004872 ---
--- client 0 in epoch 27 [aggregation then communication] ---
--- client 1 in epoch 27 [aggregation then communication] ---
--- client 2 in epoch 27 [aggregation then communication] ---
--- client 3 in epoch 27 [aggregation then communication] ---
--- client 4 in epoch 27 [aggregation then communication] ---
--- client 5 in epoch 27 [aggregation then communication] ---
--- client 6 in epoch 27 [aggregation then communication] ---
--- client 7 in epoch 27 [aggregation then communication] ---
--- client 8 in epoch 27 [aggregation then communication] ---
--- client 9 in epoch 27 [aggregation then communication] ---
--- global epoch 27: global acc = 90.83% ---
--- local epoch 27: local acc = [C0:99.96%, C1:98.69%, C2:98.35%, C3:98.51%, C4:98.10%, C5:98.41%, C6:98.53%, C7:98.40%, C8:98.78%, C9:98.51%] ---

--- global epoch 28/60 ---
--- At epoch 28, learning rate decays to 0.004867 ---
--- client 0 in epoch 28 [aggregation then communication] ---
--- client 1 in epoch 28 [aggregation then communication] ---
--- client 2 in epoch 28 [aggregation then communication] ---
--- client 3 in epoch 28 [aggregation then communication] ---
--- client 4 in epoch 28 [aggregation then communication] ---
--- client 5 in epoch 28 [aggregation then communication] ---
--- client 6 in epoch 28 [aggregation then communication] ---
--- client 7 in epoch 28 [aggregation then communication] ---
--- client 8 in epoch 28 [aggregation then communication] ---
--- client 9 in epoch 28 [aggregation then communication] ---
--- global epoch 28: global acc = 91.19% ---
--- local epoch 28: local acc = [C0:98.38%, C1:98.66%, C2:98.32%, C3:98.48%, C4:98.41%, C5:98.70%, C6:98.56%, C7:98.31%, C8:98.45%, C9:98.70%] ---

--- global epoch 29/60 ---
--- At epoch 29, learning rate decays to 0.004862 ---
--- client 0 in epoch 29 [aggregation then communication] ---
--- client 1 in epoch 29 [aggregation then communication] ---
--- client 2 in epoch 29 [aggregation then communication] ---
--- client 3 in epoch 29 [aggregation then communication] ---
--- client 4 in epoch 29 [aggregation then communication] ---
--- client 5 in epoch 29 [aggregation then communication] ---
--- client 6 in epoch 29 [aggregation then communication] ---
--- client 7 in epoch 29 [aggregation then communication] ---
--- client 8 in epoch 29 [aggregation then communication] ---
--- client 9 in epoch 29 [aggregation then communication] ---
--- global epoch 29: global acc = 90.71% ---
--- local epoch 29: local acc = [C0:98.41%, C1:98.81%, C2:98.33%, C3:98.77%, C4:98.29%, C5:98.73%, C6:98.80%, C7:98.21%, C8:98.76%, C9:98.70%] ---

--- global epoch 30/60 ---
--- At epoch 30, learning rate decays to 0.004857 ---
--- client 0 in epoch 30 [aggregation then communication] ---
--- client 1 in epoch 30 [aggregation then communication] ---
--- client 2 in epoch 30 [aggregation then communication] ---
--- client 3 in epoch 30 [aggregation then communication] ---
--- client 4 in epoch 30 [aggregation then communication] ---
--- client 5 in epoch 30 [aggregation then communication] ---
--- client 6 in epoch 30 [aggregation then communication] ---
--- client 7 in epoch 30 [aggregation then communication] ---
--- client 8 in epoch 30 [aggregation then communication] ---
--- client 9 in epoch 30 [aggregation then communication] ---
--- global epoch 30: global acc = 91.25% ---
--- local epoch 30: local acc = [C0:98.44%, C1:98.87%, C2:98.73%, C3:99.09%, C4:98.39%, C5:98.76%, C6:98.99%, C7:98.61%, C8:98.72%, C9:98.66%] ---

--- global epoch 31/60 ---
--- At epoch 31, learning rate decays to 0.004852 ---
--- client 0 in epoch 31 [aggregation then communication] ---
--- client 1 in epoch 31 [aggregation then communication] ---
--- client 2 in epoch 31 [aggregation then communication] ---
--- client 3 in epoch 31 [aggregation then communication] ---
--- client 4 in epoch 31 [aggregation then communication] ---
--- client 5 in epoch 31 [aggregation then communication] ---
--- client 6 in epoch 31 [aggregation then communication] ------ client 7 in epoch 31 [aggregation then communication] ---

--- client 8 in epoch 31 [aggregation then communication] ---
--- client 9 in epoch 31 [aggregation then communication] ---
--- global epoch 31: global acc = 90.40% ---
--- local epoch 31: local acc = [C0:98.63%, C1:98.94%, C2:98.92%, C3:98.67%, C4:98.69%, C5:98.67%, C6:98.82%, C7:98.61%, C8:98.82%, C9:98.92%] ---

--- global epoch 32/60 ---
--- At epoch 32, learning rate decays to 0.004847 ---
--- client 0 in epoch 32 [aggregation then communication] ---
--- client 1 in epoch 32 [aggregation then communication] ---
--- client 2 in epoch 32 [aggregation then communication] ---
--- client 3 in epoch 32 [aggregation then communication] ---
--- client 4 in epoch 32 [aggregation then communication] ---
--- client 5 in epoch 32 [aggregation then communication] ---
--- client 6 in epoch 32 [aggregation then communication] ---
--- client 7 in epoch 32 [aggregation then communication] ---
--- client 8 in epoch 32 [aggregation then communication] ---
--- client 9 in epoch 32 [aggregation then communication] ---
--- global epoch 32: global acc = 90.49% ---
--- local epoch 32: local acc = [C0:98.80%, C1:98.84%, C2:98.76%, C3:98.85%, C4:98.65%, C5:98.71%, C6:98.71%, C7:98.44%, C8:98.94%, C9:98.71%] ---

--- global epoch 33/60 ---
--- At epoch 33, learning rate decays to 0.004842 ---
--- client 0 in epoch 33 [aggregation then communication] ---
--- client 1 in epoch 33 [aggregation then communication] ---
--- client 2 in epoch 33 [aggregation then communication] ---
--- client 3 in epoch 33 [aggregation then communication] ---
--- client 4 in epoch 33 [aggregation then communication] ---
--- client 5 in epoch 33 [aggregation then communication] ---
--- client 6 in epoch 33 [aggregation then communication] ---
--- client 7 in epoch 33 [aggregation then communication] ---
--- client 8 in epoch 33 [aggregation then communication] ---
--- client 9 in epoch 33 [aggregation then communication] ---
--- global epoch 33: global acc = 91.02% ---
--- local epoch 33: local acc = [C0:99.98%, C1:99.10%, C2:98.65%, C3:99.00%, C4:98.72%, C5:98.94%, C6:99.05%, C7:98.50%, C8:98.82%, C9:98.83%] ---

--- global epoch 34/60 ---
--- At epoch 34, learning rate decays to 0.004838 ---
--- client 0 in epoch 34 [aggregation then communication] ---
--- client 1 in epoch 34 [aggregation then communication] ---
--- client 2 in epoch 34 [aggregation then communication] ---
--- client 3 in epoch 34 [aggregation then communication] ---
--- client 4 in epoch 34 [aggregation then communication] ---
--- client 5 in epoch 34 [aggregation then communication] ---
--- client 6 in epoch 34 [aggregation then communication] ---
--- client 7 in epoch 34 [aggregation then communication] ---
--- client 8 in epoch 34 [aggregation then communication] ---
--- client 9 in epoch 34 [aggregation then communication] ---
--- global epoch 34: global acc = 90.86% ---
--- local epoch 34: local acc = [C0:98.73%, C1:99.30%, C2:98.71%, C3:98.84%, C4:98.78%, C5:98.82%, C6:98.72%, C7:98.66%, C8:99.03%, C9:98.83%] ---

--- global epoch 35/60 ---
--- At epoch 35, learning rate decays to 0.004833 ---
--- client 0 in epoch 35 [aggregation then communication] ---
--- client 1 in epoch 35 [aggregation then communication] ---
--- client 2 in epoch 35 [aggregation then communication] ---
--- client 3 in epoch 35 [aggregation then communication] ---
--- client 4 in epoch 35 [aggregation then communication] ---
--- client 5 in epoch 35 [aggregation then communication] ---
--- client 6 in epoch 35 [aggregation then communication] ---
--- client 7 in epoch 35 [aggregation then communication] ---
--- client 8 in epoch 35 [aggregation then communication] ---
--- client 9 in epoch 35 [aggregation then communication] ---
--- global epoch 35: global acc = 90.42% ---
--- local epoch 35: local acc = [C0:98.86%, C1:98.84%, C2:99.19%, C3:99.30%, C4:98.88%, C5:98.98%, C6:98.99%, C7:99.07%, C8:99.11%, C9:98.96%] ---

--- global epoch 36/60 ---
--- At epoch 36, learning rate decays to 0.004828 ---
--- client 0 in epoch 36 [aggregation then communication] ---
--- client 1 in epoch 36 [aggregation then communication] ---
--- client 2 in epoch 36 [aggregation then communication] ---
--- client 3 in epoch 36 [aggregation then communication] ---
--- client 4 in epoch 36 [aggregation then communication] ---
--- client 5 in epoch 36 [aggregation then communication] ---
--- client 6 in epoch 36 [aggregation then communication] ---
--- client 7 in epoch 36 [aggregation then communication] ---
--- client 8 in epoch 36 [aggregation then communication] ---
--- client 9 in epoch 36 [aggregation then communication] ---
--- global epoch 36: global acc = 90.89% ---
--- local epoch 36: local acc = [C0:98.72%, C1:99.19%, C2:98.94%, C3:99.15%, C4:99.07%, C5:99.02%, C6:99.36%, C7:99.30%, C8:99.18%, C9:98.88%] ---

--- global epoch 37/60 ---
--- At epoch 37, learning rate decays to 0.004823 ---
--- client 0 in epoch 37 [aggregation then communication] ---
--- client 1 in epoch 37 [aggregation then communication] ---
--- client 2 in epoch 37 [aggregation then communication] ---
--- client 3 in epoch 37 [aggregation then communication] ---
--- client 4 in epoch 37 [aggregation then communication] ---
--- client 5 in epoch 37 [aggregation then communication] ---
--- client 6 in epoch 37 [aggregation then communication] ---
--- client 7 in epoch 37 [aggregation then communication] ---
--- client 8 in epoch 37 [aggregation then communication] ---
--- client 9 in epoch 37 [aggregation then communication] ---
--- global epoch 37: global acc = 90.70% ---
--- local epoch 37: local acc = [C0:98.80%, C1:99.22%, C2:98.82%, C3:99.16%, C4:98.99%, C5:98.99%, C6:98.95%, C7:98.97%, C8:99.24%, C9:98.78%] ---

--- global epoch 38/60 ---
--- At epoch 38, learning rate decays to 0.004818 ---
--- client 0 in epoch 38 [aggregation then communication] ---
--- client 1 in epoch 38 [aggregation then communication] ---
--- client 2 in epoch 38 [aggregation then communication] ---
--- client 3 in epoch 38 [aggregation then communication] ---
--- client 4 in epoch 38 [aggregation then communication] ---
--- client 5 in epoch 38 [aggregation then communication] ---
--- client 6 in epoch 38 [aggregation then communication] ---
--- client 7 in epoch 38 [aggregation then communication] ---
--- client 8 in epoch 38 [aggregation then communication] ---
--- client 9 in epoch 38 [aggregation then communication] ---
--- global epoch 38: global acc = 91.00% ---
--- local epoch 38: local acc = [C0:99.19%, C1:99.04%, C2:99.02%, C3:99.19%, C4:99.09%, C5:98.98%, C6:99.39%, C7:99.02%, C8:99.15%, C9:98.92%] ---

--- global epoch 39/60 ---
--- At epoch 39, learning rate decays to 0.004813 ---
--- client 0 in epoch 39 [aggregation then communication] ---
--- client 1 in epoch 39 [aggregation then communication] ---
--- client 2 in epoch 39 [aggregation then communication] ---
--- client 3 in epoch 39 [aggregation then communication] ---
--- client 4 in epoch 39 [aggregation then communication] ---
--- client 5 in epoch 39 [aggregation then communication] ---
--- client 6 in epoch 39 [aggregation then communication] ---
--- client 7 in epoch 39 [aggregation then communication] ---
--- client 8 in epoch 39 [aggregation then communication] ---
--- client 9 in epoch 39 [aggregation then communication] ---
--- global epoch 39: global acc = 91.20% ---
--- local epoch 39: local acc = [C0:99.01%, C1:99.30%, C2:99.18%, C3:99.32%, C4:99.97%, C5:99.24%, C6:98.96%, C7:98.99%, C8:99.36%, C9:98.96%] ---

--- global epoch 40/60 ---
--- At epoch 40, learning rate decays to 0.004809 ---
--- client 0 in epoch 40 [aggregation then communication] ---
--- client 1 in epoch 40 [aggregation then communication] ---
--- client 2 in epoch 40 [aggregation then communication] ---
--- client 3 in epoch 40 [aggregation then communication] ---
--- client 4 in epoch 40 [aggregation then communication] ---
--- client 5 in epoch 40 [aggregation then communication] ---
--- client 6 in epoch 40 [aggregation then communication] ---
--- client 7 in epoch 40 [aggregation then communication] ---
--- client 8 in epoch 40 [aggregation then communication] ---
--- client 9 in epoch 40 [aggregation then communication] ---
--- global epoch 40: global acc = 91.03% ---
--- local epoch 40: local acc = [C0:99.03%, C1:99.05%, C2:99.12%, C3:99.50%, C4:98.65%, C5:99.16%, C6:99.14%, C7:99.04%, C8:99.11%, C9:99.25%] ---

--- global epoch 41/60 ---
--- At epoch 41, learning rate decays to 0.004804 ---
--- client 0 in epoch 41 [aggregation then communication] ---
--- client 1 in epoch 41 [aggregation then communication] ---
--- client 2 in epoch 41 [aggregation then communication] ---
--- client 3 in epoch 41 [aggregation then communication] ---
--- client 4 in epoch 41 [aggregation then communication] ---
--- client 5 in epoch 41 [aggregation then communication] ---
--- client 6 in epoch 41 [aggregation then communication] ---
--- client 7 in epoch 41 [aggregation then communication] ---
--- client 8 in epoch 41 [aggregation then communication] ---
--- client 9 in epoch 41 [aggregation then communication] ---
--- global epoch 41: global acc = 91.19% ---
--- local epoch 41: local acc = [C0:99.41%, C1:99.12%, C2:99.26%, C3:99.40%, C4:99.07%, C5:99.07%, C6:99.24%, C7:99.03%, C8:99.21%, C9:99.18%] ---

--- global epoch 42/60 ---
--- At epoch 42, learning rate decays to 0.004799 ---
--- client 0 in epoch 42 [aggregation then communication] ---
--- client 1 in epoch 42 [aggregation then communication] ---
--- client 2 in epoch 42 [aggregation then communication] ---
--- client 3 in epoch 42 [aggregation then communication] ---
--- client 4 in epoch 42 [aggregation then communication] ---
--- client 5 in epoch 42 [aggregation then communication] ---
--- client 6 in epoch 42 [aggregation then communication] ---
--- client 7 in epoch 42 [aggregation then communication] ---
--- client 8 in epoch 42 [aggregation then communication] ---
--- client 9 in epoch 42 [aggregation then communication] ---
--- global epoch 42: global acc = 91.34% ---
--- local epoch 42: local acc = [C0:99.20%, C1:99.21%, C2:99.26%, C3:99.73%, C4:99.11%, C5:99.31%, C6:99.77%, C7:99.26%, C8:99.05%, C9:99.16%] ---

--- global epoch 43/60 ---
--- At epoch 43, learning rate decays to 0.004794 ---
--- client 0 in epoch 43 [aggregation then communication] ---
--- client 1 in epoch 43 [aggregation then communication] ---
--- client 2 in epoch 43 [aggregation then communication] ---
--- client 3 in epoch 43 [aggregation then communication] ---
--- client 4 in epoch 43 [aggregation then communication] ---
--- client 5 in epoch 43 [aggregation then communication] ---
--- client 6 in epoch 43 [aggregation then communication] ---
--- client 7 in epoch 43 [aggregation then communication] ---
--- client 8 in epoch 43 [aggregation then communication] ---
--- client 9 in epoch 43 [aggregation then communication] ---
--- global epoch 43: global acc = 91.03% ---
--- local epoch 43: local acc = [C0:99.32%, C1:99.52%, C2:99.19%, C3:99.57%, C4:99.16%, C5:99.10%, C6:99.34%, C7:99.09%, C8:99.28%, C9:99.06%] ---

--- global epoch 44/60 ---
--- At epoch 44, learning rate decays to 0.004789 ---
--- client 0 in epoch 44 [aggregation then communication] ---
--- client 1 in epoch 44 [aggregation then communication] ---
--- client 2 in epoch 44 [aggregation then communication] ---
--- client 3 in epoch 44 [aggregation then communication] ---
--- client 4 in epoch 44 [aggregation then communication] ---
--- client 5 in epoch 44 [aggregation then communication] ---
--- client 6 in epoch 44 [aggregation then communication] ---
--- client 7 in epoch 44 [aggregation then communication] ---
--- client 8 in epoch 44 [aggregation then communication] ---
--- client 9 in epoch 44 [aggregation then communication] ---
--- global epoch 44: global acc = 91.34% ---
--- local epoch 44: local acc = [C0:99.31%, C1:99.61%, C2:99.31%, C3:99.54%, C4:99.11%, C5:99.50%, C6:99.30%, C7:99.40%, C8:99.52%, C9:99.41%] ---

--- global epoch 45/60 ---
--- At epoch 45, learning rate decays to 0.004785 ---
--- client 0 in epoch 45 [aggregation then communication] ---
--- client 1 in epoch 45 [aggregation then communication] ---
--- client 2 in epoch 45 [aggregation then communication] ---
--- client 3 in epoch 45 [aggregation then communication] ---
--- client 4 in epoch 45 [aggregation then communication] ---
--- client 5 in epoch 45 [aggregation then communication] ---
--- client 6 in epoch 45 [aggregation then communication] ---
--- client 7 in epoch 45 [aggregation then communication] ---
--- client 8 in epoch 45 [aggregation then communication] ---
--- client 9 in epoch 45 [aggregation then communication] ---
--- global epoch 45: global acc = 91.38% ---
--- local epoch 45: local acc = [C0:99.10%, C1:99.49%, C2:99.38%, C3:99.63%, C4:99.08%, C5:99.50%, C6:99.74%, C7:99.32%, C8:99.42%, C9:99.20%] ---

--- global epoch 46/60 ---
--- At epoch 46, learning rate decays to 0.004780 ---
--- client 0 in epoch 46 [aggregation then communication] ---
--- client 1 in epoch 46 [aggregation then communication] ---
--- client 2 in epoch 46 [aggregation then communication] ---
--- client 3 in epoch 46 [aggregation then communication] ---
--- client 4 in epoch 46 [aggregation then communication] ---
--- client 5 in epoch 46 [aggregation then communication] ---
--- client 6 in epoch 46 [aggregation then communication] ---
--- client 7 in epoch 46 [aggregation then communication] ---
--- client 8 in epoch 46 [aggregation then communication] ---
--- client 9 in epoch 46 [aggregation then communication] ---
--- global epoch 46: global acc = 91.43% ---
--- local epoch 46: local acc = [C0:99.43%, C1:99.53%, C2:99.37%, C3:99.62%, C4:99.24%, C5:99.44%, C6:99.43%, C7:99.30%, C8:99.80%, C9:99.24%] ---

--- global epoch 47/60 ---
--- At epoch 47, learning rate decays to 0.004775 ---
--- client 0 in epoch 47 [aggregation then communication] ---
--- client 1 in epoch 47 [aggregation then communication] ---
--- client 2 in epoch 47 [aggregation then communication] ---
--- client 3 in epoch 47 [aggregation then communication] ---
--- client 4 in epoch 47 [aggregation then communication] ---
--- client 5 in epoch 47 [aggregation then communication] ---
--- client 6 in epoch 47 [aggregation then communication] ---
--- client 7 in epoch 47 [aggregation then communication] ---
--- client 8 in epoch 47 [aggregation then communication] ---
--- client 9 in epoch 47 [aggregation then communication] ---
--- global epoch 47: global acc = 91.06% ---
--- local epoch 47: local acc = [C0:99.37%, C1:99.55%, C2:99.25%, C3:99.29%, C4:99.28%, C5:99.70%, C6:99.15%, C7:99.16%, C8:99.27%, C9:99.50%] ---

--- global epoch 48/60 ---
--- At epoch 48, learning rate decays to 0.004770 ---
--- client 0 in epoch 48 [aggregation then communication] ---
--- client 1 in epoch 48 [aggregation then communication] ---
--- client 2 in epoch 48 [aggregation then communication] ---
--- client 3 in epoch 48 [aggregation then communication] ---
--- client 4 in epoch 48 [aggregation then communication] ---
--- client 5 in epoch 48 [aggregation then communication] ---
--- client 6 in epoch 48 [aggregation then communication] ---
--- client 7 in epoch 48 [aggregation then communication] ---
--- client 8 in epoch 48 [aggregation then communication] ---
--- client 9 in epoch 48 [aggregation then communication] ---
--- global epoch 48: global acc = 90.32% ---
--- local epoch 48: local acc = [C0:99.20%, C1:99.56%, C2:99.40%, C3:99.32%, C4:99.23%, C5:99.32%, C6:99.34%, C7:99.25%, C8:99.33%, C9:99.28%] ---

--- global epoch 49/60 ---
--- At epoch 49, learning rate decays to 0.004766 ---
--- client 0 in epoch 49 [aggregation then communication] ---
--- client 1 in epoch 49 [aggregation then communication] ---
--- client 2 in epoch 49 [aggregation then communication] ---
--- client 3 in epoch 49 [aggregation then communication] ---
--- client 4 in epoch 49 [aggregation then communication] ---
--- client 5 in epoch 49 [aggregation then communication] ---
--- client 6 in epoch 49 [aggregation then communication] ---
--- client 7 in epoch 49 [aggregation then communication] ---
--- client 8 in epoch 49 [aggregation then communication] ---
--- client 9 in epoch 49 [aggregation then communication] ---
--- global epoch 49: global acc = 91.36% ---
--- local epoch 49: local acc = [C0:99.51%, C1:99.55%, C2:99.48%, C3:99.31%, C4:99.50%, C5:99.45%, C6:99.44%, C7:99.26%, C8:99.39%, C9:99.57%] ---

--- global epoch 50/60 ---
--- At epoch 50, learning rate decays to 0.004761 ---
--- client 0 in epoch 50 [aggregation then communication] ---
--- client 1 in epoch 50 [aggregation then communication] ---
--- client 2 in epoch 50 [aggregation then communication] ---
--- client 3 in epoch 50 [aggregation then communication] ---
--- client 4 in epoch 50 [aggregation then communication] ---
--- client 5 in epoch 50 [aggregation then communication] ------ client 6 in epoch 50 [aggregation then communication] ---

--- client 7 in epoch 50 [aggregation then communication] ---
--- client 8 in epoch 50 [aggregation then communication] ---
--- client 9 in epoch 50 [aggregation then communication] ---
--- global epoch 50: global acc = 91.25% ---
--- local epoch 50: local acc = [C0:99.72%, C1:99.45%, C2:99.44%, C3:99.72%, C4:99.50%, C5:99.62%, C6:99.59%, C7:99.35%, C8:99.58%, C9:99.53%] ---

--- global epoch 51/60 ---
--- At epoch 51, learning rate decays to 0.004756 ---
--- client 0 in epoch 51 [aggregation then communication] ---
--- client 1 in epoch 51 [aggregation then communication] ---
--- client 2 in epoch 51 [aggregation then communication] ---
--- client 3 in epoch 51 [aggregation then communication] ---
--- client 4 in epoch 51 [aggregation then communication] ---
--- client 5 in epoch 51 [aggregation then communication] ---
--- client 6 in epoch 51 [aggregation then communication] ---
--- client 7 in epoch 51 [aggregation then communication] ---
--- client 8 in epoch 51 [aggregation then communication] ------ client 9 in epoch 51 [aggregation then communication] ---

--- global epoch 51: global acc = 91.03% ---
--- local epoch 51: local acc = [C0:99.42%, C1:99.87%, C2:99.52%, C3:99.31%, C4:99.55%, C5:99.44%, C6:99.67%, C7:99.43%, C8:99.28%, C9:99.68%] ---

--- global epoch 52/60 ---
--- At epoch 52, learning rate decays to 0.004751 ---
--- client 0 in epoch 52 [aggregation then communication] ---
--- client 1 in epoch 52 [aggregation then communication] ---
--- client 2 in epoch 52 [aggregation then communication] ---
--- client 3 in epoch 52 [aggregation then communication] ---
--- client 4 in epoch 52 [aggregation then communication] ---
--- client 5 in epoch 52 [aggregation then communication] ---
--- client 6 in epoch 52 [aggregation then communication] ---
--- client 7 in epoch 52 [aggregation then communication] ---
--- client 8 in epoch 52 [aggregation then communication] ---
--- client 9 in epoch 52 [aggregation then communication] ---
--- global epoch 52: global acc = 91.25% ---
--- local epoch 52: local acc = [C0:99.69%, C1:99.45%, C2:99.64%, C3:99.57%, C4:99.47%, C5:99.99%, C6:99.31%, C7:99.40%, C8:99.87%, C9:99.47%] ---

--- global epoch 53/60 ---
--- At epoch 53, learning rate decays to 0.004747 ---
--- client 0 in epoch 53 [aggregation then communication] ---
--- client 1 in epoch 53 [aggregation then communication] ---
--- client 2 in epoch 53 [aggregation then communication] ---
--- client 3 in epoch 53 [aggregation then communication] ---
--- client 4 in epoch 53 [aggregation then communication] ---
--- client 5 in epoch 53 [aggregation then communication] ---
--- client 6 in epoch 53 [aggregation then communication] ---
--- client 7 in epoch 53 [aggregation then communication] ---
--- client 8 in epoch 53 [aggregation then communication] ---
--- client 9 in epoch 53 [aggregation then communication] ---
--- global epoch 53: global acc = 91.26% ---
--- local epoch 53: local acc = [C0:99.47%, C1:99.75%, C2:99.41%, C3:99.54%, C4:99.41%, C5:99.73%, C6:99.82%, C7:99.36%, C8:99.70%, C9:99.50%] ---

--- global epoch 54/60 ---
--- At epoch 54, learning rate decays to 0.004742 ---
--- client 0 in epoch 54 [aggregation then communication] ---
--- client 1 in epoch 54 [aggregation then communication] ---
--- client 2 in epoch 54 [aggregation then communication] ---
--- client 3 in epoch 54 [aggregation then communication] ---
--- client 4 in epoch 54 [aggregation then communication] ---
--- client 5 in epoch 54 [aggregation then communication] ---
--- client 6 in epoch 54 [aggregation then communication] ---
--- client 7 in epoch 54 [aggregation then communication] ---
--- client 8 in epoch 54 [aggregation then communication] ---
--- client 9 in epoch 54 [aggregation then communication] ---
--- global epoch 54: global acc = 90.94% ---
--- local epoch 54: local acc = [C0:99.57%, C1:99.44%, C2:99.43%, C3:99.69%, C4:99.90%, C5:99.84%, C6:99.56%, C7:99.38%, C8:99.87%, C9:99.62%] ---

--- global epoch 55/60 ---
--- At epoch 55, learning rate decays to 0.004737 ---
--- client 0 in epoch 55 [aggregation then communication] ---
--- client 1 in epoch 55 [aggregation then communication] ---
--- client 2 in epoch 55 [aggregation then communication] ---
--- client 3 in epoch 55 [aggregation then communication] ---
--- client 4 in epoch 55 [aggregation then communication] ---
--- client 5 in epoch 55 [aggregation then communication] ---
--- client 6 in epoch 55 [aggregation then communication] ---
--- client 7 in epoch 55 [aggregation then communication] ---
--- client 8 in epoch 55 [aggregation then communication] ---
--- client 9 in epoch 55 [aggregation then communication] ---
--- global epoch 55: global acc = 91.21% ---
--- local epoch 55: local acc = [C0:99.62%, C1:99.57%, C2:99.66%, C3:99.61%, C4:99.33%, C5:99.67%, C6:99.57%, C7:99.50%, C8:99.50%, C9:99.45%] ---

--- global epoch 56/60 ---
--- At epoch 56, learning rate decays to 0.004732 ---
--- client 0 in epoch 56 [aggregation then communication] ---
--- client 1 in epoch 56 [aggregation then communication] ---
--- client 2 in epoch 56 [aggregation then communication] ---
--- client 3 in epoch 56 [aggregation then communication] ---
--- client 4 in epoch 56 [aggregation then communication] ---
--- client 5 in epoch 56 [aggregation then communication] ---
--- client 6 in epoch 56 [aggregation then communication] ---
--- client 7 in epoch 56 [aggregation then communication] ---
--- client 8 in epoch 56 [aggregation then communication] ---
--- client 9 in epoch 56 [aggregation then communication] ---
--- global epoch 56: global acc = 91.58% ---
--- local epoch 56: local acc = [C0:99.89%, C1:99.63%, C2:99.48%, C3:99.70%, C4:99.26%, C5:99.54%, C6:99.71%, C7:99.87%, C8:99.52%, C9:99.63%] ---

--- global epoch 57/60 ---
--- At epoch 57, learning rate decays to 0.004728 ---
--- client 0 in epoch 57 [aggregation then communication] ---
--- client 1 in epoch 57 [aggregation then communication] ---
--- client 2 in epoch 57 [aggregation then communication] ---
--- client 3 in epoch 57 [aggregation then communication] ---
--- client 4 in epoch 57 [aggregation then communication] ---
--- client 5 in epoch 57 [aggregation then communication] ---
--- client 6 in epoch 57 [aggregation then communication] ---
--- client 7 in epoch 57 [aggregation then communication] ---
--- client 8 in epoch 57 [aggregation then communication] ------ client 9 in epoch 57 [aggregation then communication] ---

--- global epoch 57: global acc = 91.36% ---
--- local epoch 57: local acc = [C0:99.31%, C1:99.53%, C2:99.56%, C3:99.87%, C4:99.28%, C5:99.71%, C6:99.65%, C7:99.45%, C8:99.66%, C9:99.50%] ---

--- global epoch 58/60 ---
--- At epoch 58, learning rate decays to 0.004723 ---
--- client 0 in epoch 58 [aggregation then communication] ---
--- client 1 in epoch 58 [aggregation then communication] ---
--- client 2 in epoch 58 [aggregation then communication] ---
--- client 3 in epoch 58 [aggregation then communication] ---
--- client 4 in epoch 58 [aggregation then communication] ---
--- client 5 in epoch 58 [aggregation then communication] ---
--- client 6 in epoch 58 [aggregation then communication] ---
--- client 7 in epoch 58 [aggregation then communication] ---
--- client 8 in epoch 58 [aggregation then communication] ---
--- client 9 in epoch 58 [aggregation then communication] ---
--- global epoch 58: global acc = 91.19% ---
--- local epoch 58: local acc = [C0:99.60%, C1:99.66%, C2:99.56%, C3:99.69%, C4:99.73%, C5:99.58%, C6:99.58%, C7:99.59%, C8:99.57%, C9:99.35%] ---

--- global epoch 59/60 ---
--- At epoch 59, learning rate decays to 0.004718 ---
--- client 0 in epoch 59 [aggregation then communication] ---
--- client 1 in epoch 59 [aggregation then communication] ---
--- client 2 in epoch 59 [aggregation then communication] ---
--- client 3 in epoch 59 [aggregation then communication] ---
--- client 4 in epoch 59 [aggregation then communication] ---
--- client 5 in epoch 59 [aggregation then communication] ---
--- client 6 in epoch 59 [aggregation then communication] ---
--- client 7 in epoch 59 [aggregation then communication] ---
--- client 8 in epoch 59 [aggregation then communication] ---
--- client 9 in epoch 59 [aggregation then communication] ---
--- global epoch 59: global acc = 91.40% ---
--- local epoch 59: local acc = [C0:99.70%, C1:99.48%, C2:99.71%, C3:99.64%, C4:99.53%, C5:99.92%, C6:99.75%, C7:99.65%, C8:99.73%, C9:99.67%] ---

--- global epoch 60/60 ---
--- At epoch 60, learning rate decays to 0.004713 ---
--- client 0 in epoch 60 [aggregation then communication] ---
--- client 1 in epoch 60 [aggregation then communication] ---
--- client 2 in epoch 60 [aggregation then communication] ---
--- client 3 in epoch 60 [aggregation then communication] ---
--- client 4 in epoch 60 [aggregation then communication] ---
--- client 5 in epoch 60 [aggregation then communication] ---
--- client 6 in epoch 60 [aggregation then communication] ---
--- client 7 in epoch 60 [aggregation then communication] ---
--- client 8 in epoch 60 [aggregation then communication] ---
--- client 9 in epoch 60 [aggregation then communication] ---
--- global epoch 60: global acc = 91.23% ---
--- local epoch 60: local acc = [C0:99.62%, C1:99.74%, C2:99.70%, C3:99.85%, C4:99.83%, C5:99.56%, C6:99.59%, C7:99.74%, C8:99.76%, C9:99.75%] ---
Total runtime: 3462.68s (0:57:42)

 saving results
results save in C:\Users\Kong\Desktop\\decentralized_federated_learning-master\decentralized_federated_learning-master\res\clients_10-epochs_5-20250919_071337.json
