client 0 initial number of neighbors: 9
client 1 initial number of neighbors: 9
client 2 initial number of neighbors: 9
client 3 initial number of neighbors: 9
client 4 initial number of neighbors: 9
client 5 initial number of neighbors: 9
client 6 initial number of neighbors: 9
client 7 initial number of neighbors: 9
client 8 initial number of neighbors: 9
client 9 initial number of neighbors: 9

 training begins! (epoch-by-epoch parallel mode with global evaluation)

--- global epoch 1/60 ---
--- client 0 in epoch 1 [aggregation then communication] ---
--- client 1 in epoch 1 [aggregation then communication] ---
--- client 2 in epoch 1 [aggregation then communication] ---
--- client 3 in epoch 1 [aggregation then communication] ---
--- client 4 in epoch 1 [aggregation then communication] ---
--- client 5 in epoch 1 [aggregation then communication] ---
--- client 6 in epoch 1 [aggregation then communication] ---
--- client 7 in epoch 1 [aggregation then communication] ---
--- client 8 in epoch 1 [aggregation then communication] ---
--- client 9 in epoch 1 [aggregation then communication] ---
--- global epoch 1: global acc = 10.07% ---
--- local epoch 1: local acc = [C0:40.64%, C1:39.89%, C2:39.72%, C3:44.33%, C4:39.29%, C5:40.61%, C6:43.25%, C7:41.65%, C8:43.90%, C9:40.54%] ---

--- global epoch 2/60 ---
--- At epoch 2, learning rate decays to 0.049950 ---
--- client 0 in epoch 2 [aggregation then communication] ---
--- client 1 in epoch 2 [aggregation then communication] ---
--- client 2 in epoch 2 [aggregation then communication] ---
--- client 3 in epoch 2 [aggregation then communication] ---
--- client 4 in epoch 2 [aggregation then communication] ---
--- client 5 in epoch 2 [aggregation then communication] ---
--- client 6 in epoch 2 [aggregation then communication] ---
--- client 7 in epoch 2 [aggregation then communication] ---
--- client 8 in epoch 2 [aggregation then communication] ---
--- client 9 in epoch 2 [aggregation then communication] ---
--- global epoch 2: global acc = 27.95% ---
--- local epoch 2: local acc = [C0:65.41%, C1:64.66%, C2:62.15%, C3:61.73%, C4:69.18%, C5:67.04%, C6:66.34%, C7:63.52%, C8:62.55%, C9:74.09%] ---

--- global epoch 3/60 ---
--- At epoch 3, learning rate decays to 0.049900 ---
--- client 0 in epoch 3 [aggregation then communication] ---
--- client 1 in epoch 3 [aggregation then communication] ---
--- client 2 in epoch 3 [aggregation then communication] ---
--- client 3 in epoch 3 [aggregation then communication] ---
--- client 4 in epoch 3 [aggregation then communication] ---
--- client 5 in epoch 3 [aggregation then communication] ---
--- client 6 in epoch 3 [aggregation then communication] ---
--- client 7 in epoch 3 [aggregation then communication] ---
--- client 8 in epoch 3 [aggregation then communication] ---
--- client 9 in epoch 3 [aggregation then communication] ---
--- global epoch 3: global acc = 70.19% ---
--- local epoch 3: local acc = [C0:77.28%, C1:77.53%, C2:77.53%, C3:75.34%, C4:77.83%, C5:79.47%, C6:77.24%, C7:78.06%, C8:77.44%, C9:76.22%] ---

--- global epoch 4/60 ---
--- At epoch 4, learning rate decays to 0.049850 ---
--- client 0 in epoch 4 [aggregation then communication] ---
--- client 1 in epoch 4 [aggregation then communication] ---
--- client 2 in epoch 4 [aggregation then communication] ---
--- client 3 in epoch 4 [aggregation then communication] ---
--- client 4 in epoch 4 [aggregation then communication] ---
--- client 5 in epoch 4 [aggregation then communication] ---
--- client 6 in epoch 4 [aggregation then communication] ---
--- client 7 in epoch 4 [aggregation then communication] ---
--- client 8 in epoch 4 [aggregation then communication] ---
--- client 9 in epoch 4 [aggregation then communication] ---
--- global epoch 4: global acc = 80.68% ---
--- local epoch 4: local acc = [C0:82.69%, C1:82.99%, C2:82.92%, C3:82.64%, C4:83.17%, C5:84.02%, C6:83.37%, C7:82.91%, C8:83.74%, C9:82.97%] ---

--- global epoch 5/60 ---
--- At epoch 5, learning rate decays to 0.049800 ---
--- client 0 in epoch 5 [aggregation then communication] ---
--- client 1 in epoch 5 [aggregation then communication] ---
--- client 2 in epoch 5 [aggregation then communication] ---
--- client 3 in epoch 5 [aggregation then communication] ---
--- client 4 in epoch 5 [aggregation then communication] ---
--- client 5 in epoch 5 [aggregation then communication] ---
--- client 6 in epoch 5 [aggregation then communication] ---
--- client 7 in epoch 5 [aggregation then communication] ---
--- client 8 in epoch 5 [aggregation then communication] ---
--- client 9 in epoch 5 [aggregation then communication] ---
--- global epoch 5: global acc = 77.02% ---
--- local epoch 5: local acc = [C0:85.38%, C1:86.48%, C2:85.36%, C3:85.74%, C4:86.69%, C5:87.02%, C6:86.27%, C7:86.28%, C8:86.54%, C9:85.83%] ---

--- global epoch 6/60 ---
--- At epoch 6, learning rate decays to 0.049750 ---
--- client 0 in epoch 6 [aggregation then communication] ---
--- client 1 in epoch 6 [aggregation then communication] ---
--- client 2 in epoch 6 [aggregation then communication] ---
--- client 3 in epoch 6 [aggregation then communication] ---
--- client 4 in epoch 6 [aggregation then communication] ---
--- client 5 in epoch 6 [aggregation then communication] ---
--- client 6 in epoch 6 [aggregation then communication] ---
--- client 7 in epoch 6 [aggregation then communication] ------ client 8 in epoch 6 [aggregation then communication] ---
--- client 9 in epoch 6 [aggregation then communication] ---

--- global epoch 6: global acc = 83.58% ---
--- local epoch 6: local acc = [C0:87.01%, C1:88.12%, C2:87.69%, C3:87.32%, C4:88.12%, C5:88.33%, C6:88.20%, C7:87.63%, C8:88.11%, C9:88.10%] ---

--- global epoch 7/60 ---
--- At epoch 7, learning rate decays to 0.049701 ---
--- client 0 in epoch 7 [aggregation then communication] ---
--- client 1 in epoch 7 [aggregation then communication] ---
--- client 2 in epoch 7 [aggregation then communication] ---
--- client 3 in epoch 7 [aggregation then communication] ---
--- client 4 in epoch 7 [aggregation then communication] ---
--- client 5 in epoch 7 [aggregation then communication] ---
--- client 6 in epoch 7 [aggregation then communication] ---
--- client 7 in epoch 7 [aggregation then communication] ---
--- client 8 in epoch 7 [aggregation then communication] ---
--- client 9 in epoch 7 [aggregation then communication] ---
--- global epoch 7: global acc = 83.13% ---
--- local epoch 7: local acc = [C0:88.19%, C1:89.14%, C2:88.18%, C3:88.52%, C4:89.32%, C5:89.36%, C6:88.97%, C7:88.73%, C8:89.12%, C9:89.00%] ---

--- global epoch 8/60 ---
--- At epoch 8, learning rate decays to 0.049651 ---
--- client 0 in epoch 8 [aggregation then communication] ---
--- client 1 in epoch 8 [aggregation then communication] ---
--- client 2 in epoch 8 [aggregation then communication] ---
--- client 3 in epoch 8 [aggregation then communication] ---
--- client 4 in epoch 8 [aggregation then communication] ---
--- client 5 in epoch 8 [aggregation then communication] ---
--- client 6 in epoch 8 [aggregation then communication] ---
--- client 7 in epoch 8 [aggregation then communication] ---
--- client 8 in epoch 8 [aggregation then communication] ---
--- client 9 in epoch 8 [aggregation then communication] ---
--- global epoch 8: global acc = 86.93% ---
--- local epoch 8: local acc = [C0:89.42%, C1:89.90%, C2:89.29%, C3:89.44%, C4:90.06%, C5:89.92%, C6:89.56%, C7:89.48%, C8:89.88%, C9:90.08%] ---

--- global epoch 9/60 ---
--- At epoch 9, learning rate decays to 0.049601 ---
--- client 0 in epoch 9 [aggregation then communication] ---
--- client 1 in epoch 9 [aggregation then communication] ---
--- client 2 in epoch 9 [aggregation then communication] ---
--- client 3 in epoch 9 [aggregation then communication] ---
--- client 4 in epoch 9 [aggregation then communication] ---
--- client 5 in epoch 9 [aggregation then communication] ---
--- client 6 in epoch 9 [aggregation then communication] ---
--- client 7 in epoch 9 [aggregation then communication] ---
--- client 8 in epoch 9 [aggregation then communication] ---
--- client 9 in epoch 9 [aggregation then communication] ---
--- global epoch 9: global acc = 86.62% ---
--- local epoch 9: local acc = [C0:90.11%, C1:90.15%, C2:92.73%, C3:92.63%, C4:90.53%, C5:91.39%, C6:90.32%, C7:90.67%, C8:90.50%, C9:90.42%] ---

--- global epoch 10/60 ---
--- At epoch 10, learning rate decays to 0.049552 ---
--- client 0 in epoch 10 [aggregation then communication] ---
--- client 1 in epoch 10 [aggregation then communication] ---
--- client 2 in epoch 10 [aggregation then communication] ---
--- client 3 in epoch 10 [aggregation then communication] ---
--- client 4 in epoch 10 [aggregation then communication] ---
--- client 5 in epoch 10 [aggregation then communication] ---
--- client 6 in epoch 10 [aggregation then communication] ---
--- client 7 in epoch 10 [aggregation then communication] ---
--- client 8 in epoch 10 [aggregation then communication] ---
--- client 9 in epoch 10 [aggregation then communication] ---
--- global epoch 10: global acc = 88.06% ---
--- local epoch 10: local acc = [C0:90.46%, C1:91.39%, C2:90.11%, C3:90.69%, C4:91.06%, C5:91.60%, C6:90.72%, C7:90.49%, C8:90.51%, C9:91.30%] ---

--- global epoch 11/60 ---
--- At epoch 11, learning rate decays to 0.049502 ---
--- client 0 in epoch 11 [aggregation then communication] ---
--- client 1 in epoch 11 [aggregation then communication] ---
--- client 2 in epoch 11 [aggregation then communication] ---
--- client 3 in epoch 11 [aggregation then communication] ---
--- client 4 in epoch 11 [aggregation then communication] ---
--- client 5 in epoch 11 [aggregation then communication] ---
--- client 6 in epoch 11 [aggregation then communication] ---
--- client 7 in epoch 11 [aggregation then communication] ---
--- client 8 in epoch 11 [aggregation then communication] ---
--- client 9 in epoch 11 [aggregation then communication] ---
--- global epoch 11: global acc = 88.48% ---
--- local epoch 11: local acc = [C0:90.85%, C1:91.04%, C2:91.07%, C3:91.54%, C4:91.83%, C5:92.01%, C6:91.25%, C7:90.97%, C8:91.32%, C9:91.83%] ---

--- global epoch 12/60 ---
--- At epoch 12, learning rate decays to 0.049453 ---
--- client 0 in epoch 12 [aggregation then communication] ---
--- client 1 in epoch 12 [aggregation then communication] ---
--- client 2 in epoch 12 [aggregation then communication] ---
--- client 3 in epoch 12 [aggregation then communication] ---
--- client 4 in epoch 12 [aggregation then communication] ---
--- client 5 in epoch 12 [aggregation then communication] ---
--- client 6 in epoch 12 [aggregation then communication] ---
--- client 7 in epoch 12 [aggregation then communication] ---
--- client 8 in epoch 12 [aggregation then communication] ---
--- client 9 in epoch 12 [aggregation then communication] ---
--- global epoch 12: global acc = 88.62% ---
--- local epoch 12: local acc = [C0:91.31%, C1:92.11%, C2:91.73%, C3:91.81%, C4:92.08%, C5:91.94%, C6:91.92%, C7:91.33%, C8:92.17%, C9:92.21%] ---

--- global epoch 13/60 ---
--- At epoch 13, learning rate decays to 0.049403 ---
--- client 0 in epoch 13 [aggregation then communication] ---
--- client 1 in epoch 13 [aggregation then communication] ---
--- client 2 in epoch 13 [aggregation then communication] ---
--- client 3 in epoch 13 [aggregation then communication] ---
--- client 4 in epoch 13 [aggregation then communication] ---
--- client 5 in epoch 13 [aggregation then communication] ---
--- client 6 in epoch 13 [aggregation then communication] ---
--- client 7 in epoch 13 [aggregation then communication] ------ client 8 in epoch 13 [aggregation then communication] ---

--- client 9 in epoch 13 [aggregation then communication] ---
--- global epoch 13: global acc = 86.56% ---
--- local epoch 13: local acc = [C0:91.62%, C1:92.39%, C2:91.83%, C3:92.37%, C4:92.16%, C5:92.61%, C6:92.22%, C7:91.61%, C8:92.32%, C9:92.37%] ---

--- global epoch 14/60 ---
--- At epoch 14, learning rate decays to 0.049354 ---
--- client 0 in epoch 14 [aggregation then communication] ---
--- client 1 in epoch 14 [aggregation then communication] ---
--- client 2 in epoch 14 [aggregation then communication] ---
--- client 3 in epoch 14 [aggregation then communication] ---
--- client 4 in epoch 14 [aggregation then communication] ---
--- client 5 in epoch 14 [aggregation then communication] ---
--- client 6 in epoch 14 [aggregation then communication] ---
--- client 7 in epoch 14 [aggregation then communication] ---
--- client 8 in epoch 14 [aggregation then communication] ---
--- client 9 in epoch 14 [aggregation then communication] ---
--- global epoch 14: global acc = 89.63% ---
--- local epoch 14: local acc = [C0:92.52%, C1:93.13%, C2:92.58%, C3:92.38%, C4:92.95%, C5:93.29%, C6:92.23%, C7:92.08%, C8:92.33%, C9:92.70%] ---

--- global epoch 15/60 ---
--- At epoch 15, learning rate decays to 0.049305 ---
--- client 0 in epoch 15 [aggregation then communication] ---
--- client 1 in epoch 15 [aggregation then communication] ---
--- client 2 in epoch 15 [aggregation then communication] ---
--- client 3 in epoch 15 [aggregation then communication] ---
--- client 4 in epoch 15 [aggregation then communication] ---
--- client 5 in epoch 15 [aggregation then communication] ---
--- client 6 in epoch 15 [aggregation then communication] ---
--- client 7 in epoch 15 [aggregation then communication] ---
--- client 8 in epoch 15 [aggregation then communication] ---
--- client 9 in epoch 15 [aggregation then communication] ---
--- global epoch 15: global acc = 89.89% ---
--- local epoch 15: local acc = [C0:92.52%, C1:93.11%, C2:92.77%, C3:92.54%, C4:93.23%, C5:93.27%, C6:93.08%, C7:92.74%, C8:93.08%, C9:92.83%] ---

--- global epoch 16/60 ---
--- At epoch 16, learning rate decays to 0.049255 ---
--- client 0 in epoch 16 [aggregation then communication] ---
--- client 1 in epoch 16 [aggregation then communication] ---
--- client 2 in epoch 16 [aggregation then communication] ---
--- client 3 in epoch 16 [aggregation then communication] ---
--- client 4 in epoch 16 [aggregation then communication] ---
--- client 5 in epoch 16 [aggregation then communication] ---
--- client 6 in epoch 16 [aggregation then communication] ---
--- client 7 in epoch 16 [aggregation then communication] ---
--- client 8 in epoch 16 [aggregation then communication] ---
--- client 9 in epoch 16 [aggregation then communication] ---
--- global epoch 16: global acc = 89.71% ---
--- local epoch 16: local acc = [C0:93.82%, C1:93.88%, C2:92.65%, C3:93.13%, C4:93.40%, C5:94.03%, C6:93.25%, C7:92.86%, C8:92.68%, C9:93.35%] ---

--- global epoch 17/60 ---
--- At epoch 17, learning rate decays to 0.049206 ---
--- client 0 in epoch 17 [aggregation then communication] ---
--- client 1 in epoch 17 [aggregation then communication] ---
--- client 2 in epoch 17 [aggregation then communication] ---
--- client 3 in epoch 17 [aggregation then communication] ---
--- client 4 in epoch 17 [aggregation then communication] ---
--- client 5 in epoch 17 [aggregation then communication] ---
--- client 6 in epoch 17 [aggregation then communication] ---
--- client 7 in epoch 17 [aggregation then communication] ---
--- client 8 in epoch 17 [aggregation then communication] ---
--- client 9 in epoch 17 [aggregation then communication] ---
--- global epoch 17: global acc = 89.81% ---
--- local epoch 17: local acc = [C0:92.97%, C1:94.34%, C2:92.88%, C3:94.08%, C4:93.38%, C5:94.25%, C6:94.29%, C7:93.47%, C8:93.02%, C9:93.40%] ---

--- global epoch 18/60 ---
--- At epoch 18, learning rate decays to 0.049157 ---
--- client 0 in epoch 18 [aggregation then communication] ---
--- client 1 in epoch 18 [aggregation then communication] ---
--- client 2 in epoch 18 [aggregation then communication] ---
--- client 3 in epoch 18 [aggregation then communication] ---
--- client 4 in epoch 18 [aggregation then communication] ---
--- client 5 in epoch 18 [aggregation then communication] ---
--- client 6 in epoch 18 [aggregation then communication] ---
--- client 7 in epoch 18 [aggregation then communication] ---
--- client 8 in epoch 18 [aggregation then communication] ---
--- client 9 in epoch 18 [aggregation then communication] ---
--- global epoch 18: global acc = 90.18% ---
--- local epoch 18: local acc = [C0:93.48%, C1:93.85%, C2:93.80%, C3:93.53%, C4:93.66%, C5:94.44%, C6:94.39%, C7:93.37%, C8:93.22%, C9:93.69%] ---

--- global epoch 19/60 ---
--- At epoch 19, learning rate decays to 0.049108 ---
--- client 0 in epoch 19 [aggregation then communication] ---
--- client 1 in epoch 19 [aggregation then communication] ---
--- client 2 in epoch 19 [aggregation then communication] ---
--- client 3 in epoch 19 [aggregation then communication] ---
--- client 4 in epoch 19 [aggregation then communication] ---
--- client 5 in epoch 19 [aggregation then communication] ---
--- client 6 in epoch 19 [aggregation then communication] ---
--- client 7 in epoch 19 [aggregation then communication] ---
--- client 8 in epoch 19 [aggregation then communication] ---
--- client 9 in epoch 19 [aggregation then communication] ---
--- global epoch 19: global acc = 89.65% ---
--- local epoch 19: local acc = [C0:93.88%, C1:94.10%, C2:94.08%, C3:94.21%, C4:94.12%, C5:94.45%, C6:94.59%, C7:93.77%, C8:93.61%, C9:94.19%] ---

--- global epoch 20/60 ---
--- At epoch 20, learning rate decays to 0.049059 ---
--- client 0 in epoch 20 [aggregation then communication] ---
--- client 1 in epoch 20 [aggregation then communication] ---
--- client 2 in epoch 20 [aggregation then communication] ---
--- client 3 in epoch 20 [aggregation then communication] ---
--- client 4 in epoch 20 [aggregation then communication] ---
--- client 5 in epoch 20 [aggregation then communication] ---
--- client 6 in epoch 20 [aggregation then communication] ---
--- client 7 in epoch 20 [aggregation then communication] ---
--- client 8 in epoch 20 [aggregation then communication] ---
--- client 9 in epoch 20 [aggregation then communication] ---
--- global epoch 20: global acc = 89.13% ---
--- local epoch 20: local acc = [C0:94.00%, C1:95.04%, C2:94.12%, C3:93.91%, C4:94.67%, C5:94.85%, C6:94.71%, C7:93.91%, C8:93.61%, C9:94.12%] ---

--- global epoch 21/60 ---
--- At epoch 21, learning rate decays to 0.049009 ---
--- client 0 in epoch 21 [aggregation then communication] ---
--- client 1 in epoch 21 [aggregation then communication] ---
--- client 2 in epoch 21 [aggregation then communication] ---
--- client 3 in epoch 21 [aggregation then communication] ---
--- client 4 in epoch 21 [aggregation then communication] ---
--- client 5 in epoch 21 [aggregation then communication] ---
--- client 6 in epoch 21 [aggregation then communication] ---
--- client 7 in epoch 21 [aggregation then communication] ---
--- client 8 in epoch 21 [aggregation then communication] ---
--- client 9 in epoch 21 [aggregation then communication] ---
--- global epoch 21: global acc = 90.20% ---
--- local epoch 21: local acc = [C0:94.26%, C1:94.54%, C2:94.33%, C3:94.39%, C4:94.59%, C5:95.05%, C6:95.41%, C7:94.46%, C8:94.13%, C9:94.49%] ---

--- global epoch 22/60 ---
--- At epoch 22, learning rate decays to 0.048960 ---
--- client 0 in epoch 22 [aggregation then communication] ---
--- client 1 in epoch 22 [aggregation then communication] ---
--- client 2 in epoch 22 [aggregation then communication] ---
--- client 3 in epoch 22 [aggregation then communication] ---
--- client 4 in epoch 22 [aggregation then communication] ---
--- client 5 in epoch 22 [aggregation then communication] ---
--- client 6 in epoch 22 [aggregation then communication] ---
--- client 7 in epoch 22 [aggregation then communication] ---
--- client 8 in epoch 22 [aggregation then communication] ---
--- client 9 in epoch 22 [aggregation then communication] ---
--- global epoch 22: global acc = 89.98% ---
--- local epoch 22: local acc = [C0:94.65%, C1:95.13%, C2:94.72%, C3:95.11%, C4:94.70%, C5:94.66%, C6:95.21%, C7:94.57%, C8:94.72%, C9:94.32%] ---

--- global epoch 23/60 ---
--- At epoch 23, learning rate decays to 0.048911 ---
--- client 0 in epoch 23 [aggregation then communication] ---
--- client 1 in epoch 23 [aggregation then communication] ---
--- client 2 in epoch 23 [aggregation then communication] ---
--- client 3 in epoch 23 [aggregation then communication] ---
--- client 4 in epoch 23 [aggregation then communication] ---
--- client 5 in epoch 23 [aggregation then communication] ---
--- client 6 in epoch 23 [aggregation then communication] ---
--- client 7 in epoch 23 [aggregation then communication] ---
--- client 8 in epoch 23 [aggregation then communication] ---
--- client 9 in epoch 23 [aggregation then communication] ---
--- global epoch 23: global acc = 90.67% ---
--- local epoch 23: local acc = [C0:95.04%, C1:95.28%, C2:94.77%, C3:95.59%, C4:95.09%, C5:95.89%, C6:95.51%, C7:95.17%, C8:94.96%, C9:95.28%] ---

--- global epoch 24/60 ---
--- At epoch 24, learning rate decays to 0.048863 ---
--- client 0 in epoch 24 [aggregation then communication] ---
--- client 1 in epoch 24 [aggregation then communication] ---
--- client 2 in epoch 24 [aggregation then communication] ---
--- client 3 in epoch 24 [aggregation then communication] ---
--- client 4 in epoch 24 [aggregation then communication] ---
--- client 5 in epoch 24 [aggregation then communication] ---
--- client 6 in epoch 24 [aggregation then communication] ---
--- client 7 in epoch 24 [aggregation then communication] ---
--- client 8 in epoch 24 [aggregation then communication] ---
--- client 9 in epoch 24 [aggregation then communication] ---
--- global epoch 24: global acc = 90.26% ---
--- local epoch 24: local acc = [C0:94.67%, C1:95.78%, C2:95.02%, C3:95.55%, C4:95.29%, C5:95.76%, C6:95.88%, C7:95.34%, C8:95.27%, C9:95.74%] ---

--- global epoch 25/60 ---
--- At epoch 25, learning rate decays to 0.048814 ---
--- client 0 in epoch 25 [aggregation then communication] ---
--- client 1 in epoch 25 [aggregation then communication] ---
--- client 2 in epoch 25 [aggregation then communication] ---
--- client 3 in epoch 25 [aggregation then communication] ---
--- client 4 in epoch 25 [aggregation then communication] ---
--- client 5 in epoch 25 [aggregation then communication] ---
--- client 6 in epoch 25 [aggregation then communication] ---
--- client 7 in epoch 25 [aggregation then communication] ---
--- client 8 in epoch 25 [aggregation then communication] ---
--- client 9 in epoch 25 [aggregation then communication] ---
--- global epoch 25: global acc = 90.68% ---
--- local epoch 25: local acc = [C0:94.76%, C1:95.45%, C2:95.12%, C3:96.97%, C4:96.88%, C5:96.30%, C6:95.92%, C7:95.62%, C8:95.22%, C9:95.08%] ---

--- global epoch 26/60 ---
--- At epoch 26, learning rate decays to 0.048765 ---
--- client 0 in epoch 26 [aggregation then communication] ---
--- client 1 in epoch 26 [aggregation then communication] ---
--- client 2 in epoch 26 [aggregation then communication] ---
--- client 3 in epoch 26 [aggregation then communication] ---
--- client 4 in epoch 26 [aggregation then communication] ---
--- client 5 in epoch 26 [aggregation then communication] ---
--- client 6 in epoch 26 [aggregation then communication] ---
--- client 7 in epoch 26 [aggregation then communication] ---
--- client 8 in epoch 26 [aggregation then communication] ---
--- client 9 in epoch 26 [aggregation then communication] ---
--- global epoch 26: global acc = 90.49% ---
--- local epoch 26: local acc = [C0:95.00%, C1:95.91%, C2:95.12%, C3:95.58%, C4:96.04%, C5:95.63%, C6:96.33%, C7:95.79%, C8:95.19%, C9:96.04%] ---

--- global epoch 27/60 ---
--- At epoch 27, learning rate decays to 0.048716 ---
--- client 0 in epoch 27 [aggregation then communication] ---
--- client 1 in epoch 27 [aggregation then communication] ---
--- client 2 in epoch 27 [aggregation then communication] ---
--- client 3 in epoch 27 [aggregation then communication] ---
--- client 4 in epoch 27 [aggregation then communication] ---
--- client 5 in epoch 27 [aggregation then communication] ---
--- client 6 in epoch 27 [aggregation then communication] ---
--- client 7 in epoch 27 [aggregation then communication] ---
--- client 8 in epoch 27 [aggregation then communication] ---
--- client 9 in epoch 27 [aggregation then communication] ---
--- global epoch 27: global acc = 90.43% ---
--- local epoch 27: local acc = [C0:95.83%, C1:96.75%, C2:95.59%, C3:95.78%, C4:96.07%, C5:95.76%, C6:96.33%, C7:95.45%, C8:96.10%, C9:97.01%] ---

--- global epoch 28/60 ---
--- At epoch 28, learning rate decays to 0.048667 ---
--- client 0 in epoch 28 [aggregation then communication] ---
--- client 1 in epoch 28 [aggregation then communication] ---
--- client 2 in epoch 28 [aggregation then communication] ---
--- client 3 in epoch 28 [aggregation then communication] ---
--- client 4 in epoch 28 [aggregation then communication] ---
--- client 5 in epoch 28 [aggregation then communication] ---
--- client 6 in epoch 28 [aggregation then communication] ---
--- client 7 in epoch 28 [aggregation then communication] ---
--- client 8 in epoch 28 [aggregation then communication] ---
--- client 9 in epoch 28 [aggregation then communication] ---
--- global epoch 28: global acc = 89.71% ---
--- local epoch 28: local acc = [C0:95.40%, C1:96.35%, C2:95.69%, C3:95.85%, C4:96.23%, C5:95.89%, C6:96.54%, C7:95.69%, C8:95.95%, C9:96.11%] ---

--- global epoch 29/60 ---
--- At epoch 29, learning rate decays to 0.048619 ---
--- client 0 in epoch 29 [aggregation then communication] ---
--- client 1 in epoch 29 [aggregation then communication] ---
--- client 2 in epoch 29 [aggregation then communication] ---
--- client 3 in epoch 29 [aggregation then communication] ---
--- client 4 in epoch 29 [aggregation then communication] ---
--- client 5 in epoch 29 [aggregation then communication] ---
--- client 6 in epoch 29 [aggregation then communication] ---
--- client 7 in epoch 29 [aggregation then communication] ---
--- client 8 in epoch 29 [aggregation then communication] ---
--- client 9 in epoch 29 [aggregation then communication] ---
--- global epoch 29: global acc = 90.42% ---
--- local epoch 29: local acc = [C0:95.88%, C1:96.34%, C2:96.08%, C3:95.88%, C4:96.28%, C5:96.05%, C6:98.97%, C7:95.49%, C8:95.99%, C9:96.70%] ---

--- global epoch 30/60 ---
--- At epoch 30, learning rate decays to 0.048570 ---
--- client 0 in epoch 30 [aggregation then communication] ---
--- client 1 in epoch 30 [aggregation then communication] ---
--- client 2 in epoch 30 [aggregation then communication] ---
--- client 3 in epoch 30 [aggregation then communication] ---
--- client 4 in epoch 30 [aggregation then communication] ---
--- client 5 in epoch 30 [aggregation then communication] ---
--- client 6 in epoch 30 [aggregation then communication] ---
--- client 7 in epoch 30 [aggregation then communication] ---
--- client 8 in epoch 30 [aggregation then communication] ---
--- client 9 in epoch 30 [aggregation then communication] ---
--- global epoch 30: global acc = 89.31% ---
--- local epoch 30: local acc = [C0:96.46%, C1:96.65%, C2:96.22%, C3:95.97%, C4:96.57%, C5:96.30%, C6:96.79%, C7:96.50%, C8:95.99%, C9:96.33%] ---

--- global epoch 31/60 ---
--- At epoch 31, learning rate decays to 0.048522 ---
--- client 0 in epoch 31 [aggregation then communication] ---
--- client 1 in epoch 31 [aggregation then communication] ---
--- client 2 in epoch 31 [aggregation then communication] ---
--- client 3 in epoch 31 [aggregation then communication] ---
--- client 4 in epoch 31 [aggregation then communication] ---
--- client 5 in epoch 31 [aggregation then communication] ---
--- client 6 in epoch 31 [aggregation then communication] ---
--- client 7 in epoch 31 [aggregation then communication] ---
--- client 8 in epoch 31 [aggregation then communication] ---
--- client 9 in epoch 31 [aggregation then communication] ---
--- global epoch 31: global acc = 89.88% ---
--- local epoch 31: local acc = [C0:96.34%, C1:97.12%, C2:96.61%, C3:96.35%, C4:96.62%, C5:96.50%, C6:96.72%, C7:96.59%, C8:95.89%, C9:96.58%] ---

--- global epoch 32/60 ---
--- At epoch 32, learning rate decays to 0.048473 ---
--- client 0 in epoch 32 [aggregation then communication] ---
--- client 1 in epoch 32 [aggregation then communication] ---
--- client 2 in epoch 32 [aggregation then communication] ---
--- client 3 in epoch 32 [aggregation then communication] ---
--- client 4 in epoch 32 [aggregation then communication] ---
--- client 5 in epoch 32 [aggregation then communication] ---
--- client 6 in epoch 32 [aggregation then communication] ---
--- client 7 in epoch 32 [aggregation then communication] ---
--- client 8 in epoch 32 [aggregation then communication] ---
--- client 9 in epoch 32 [aggregation then communication] ---
--- global epoch 32: global acc = 90.76% ---
--- local epoch 32: local acc = [C0:96.53%, C1:97.49%, C2:96.42%, C3:96.42%, C4:96.64%, C5:96.88%, C6:97.08%, C7:96.59%, C8:96.97%, C9:96.85%] ---

--- global epoch 33/60 ---
--- At epoch 33, learning rate decays to 0.048425 ---
--- client 0 in epoch 33 [aggregation then communication] ---
--- client 1 in epoch 33 [aggregation then communication] ---
--- client 2 in epoch 33 [aggregation then communication] ---
--- client 3 in epoch 33 [aggregation then communication] ---
--- client 4 in epoch 33 [aggregation then communication] ---
--- client 5 in epoch 33 [aggregation then communication] ---
--- client 6 in epoch 33 [aggregation then communication] ---
--- client 7 in epoch 33 [aggregation then communication] ---
--- client 8 in epoch 33 [aggregation then communication] ---
--- client 9 in epoch 33 [aggregation then communication] ---
--- global epoch 33: global acc = 90.43% ---
--- local epoch 33: local acc = [C0:96.71%, C1:97.62%, C2:97.28%, C3:97.32%, C4:96.38%, C5:96.72%, C6:96.75%, C7:96.13%, C8:96.79%, C9:96.78%] ---

--- global epoch 34/60 ---
--- At epoch 34, learning rate decays to 0.048376 ---
--- client 0 in epoch 34 [aggregation then communication] ---
--- client 1 in epoch 34 [aggregation then communication] ---
--- client 2 in epoch 34 [aggregation then communication] ---
--- client 3 in epoch 34 [aggregation then communication] ---
--- client 4 in epoch 34 [aggregation then communication] ---
--- client 5 in epoch 34 [aggregation then communication] ---
--- client 6 in epoch 34 [aggregation then communication] ---
--- client 7 in epoch 34 [aggregation then communication] ---
--- client 8 in epoch 34 [aggregation then communication] ---
--- client 9 in epoch 34 [aggregation then communication] ---
--- global epoch 34: global acc = 90.86% ---
--- local epoch 34: local acc = [C0:96.92%, C1:97.20%, C2:96.21%, C3:96.31%, C4:96.93%, C5:96.66%, C6:97.12%, C7:97.03%, C8:96.73%, C9:96.62%] ---

--- global epoch 35/60 ---
--- At epoch 35, learning rate decays to 0.048328 ---
--- client 0 in epoch 35 [aggregation then communication] ---
--- client 1 in epoch 35 [aggregation then communication] ---
--- client 2 in epoch 35 [aggregation then communication] ---
--- client 3 in epoch 35 [aggregation then communication] ---
--- client 4 in epoch 35 [aggregation then communication] ---
--- client 5 in epoch 35 [aggregation then communication] ---
--- client 6 in epoch 35 [aggregation then communication] ---
--- client 7 in epoch 35 [aggregation then communication] ---
--- client 8 in epoch 35 [aggregation then communication] ---
--- client 9 in epoch 35 [aggregation then communication] ---
--- global epoch 35: global acc = 90.29% ---
--- local epoch 35: local acc = [C0:97.10%, C1:98.06%, C2:97.67%, C3:97.20%, C4:97.04%, C5:96.67%, C6:97.09%, C7:96.74%, C8:97.13%, C9:97.58%] ---

--- global epoch 36/60 ---
--- At epoch 36, learning rate decays to 0.048279 ---
--- client 0 in epoch 36 [aggregation then communication] ---
--- client 1 in epoch 36 [aggregation then communication] ---
--- client 2 in epoch 36 [aggregation then communication] ---
--- client 3 in epoch 36 [aggregation then communication] ---
--- client 4 in epoch 36 [aggregation then communication] ---
--- client 5 in epoch 36 [aggregation then communication] ---
--- client 6 in epoch 36 [aggregation then communication] ---
--- client 7 in epoch 36 [aggregation then communication] ---
--- client 8 in epoch 36 [aggregation then communication] ---
--- client 9 in epoch 36 [aggregation then communication] ---
--- global epoch 36: global acc = 90.49% ---
--- local epoch 36: local acc = [C0:98.78%, C1:98.02%, C2:96.77%, C3:97.35%, C4:97.51%, C5:96.52%, C6:97.28%, C7:97.14%, C8:97.03%, C9:97.98%] ---

--- global epoch 37/60 ---
--- At epoch 37, learning rate decays to 0.048231 ---
--- client 0 in epoch 37 [aggregation then communication] ---
--- client 1 in epoch 37 [aggregation then communication] ---
--- client 2 in epoch 37 [aggregation then communication] ---
--- client 3 in epoch 37 [aggregation then communication] ---
--- client 4 in epoch 37 [aggregation then communication] ---
--- client 5 in epoch 37 [aggregation then communication] ---
--- client 6 in epoch 37 [aggregation then communication] ---
--- client 7 in epoch 37 [aggregation then communication] ---
--- client 8 in epoch 37 [aggregation then communication] ---
--- client 9 in epoch 37 [aggregation then communication] ---
--- global epoch 37: global acc = 90.57% ---
--- local epoch 37: local acc = [C0:97.16%, C1:98.11%, C2:97.32%, C3:96.93%, C4:96.91%, C5:97.12%, C6:97.53%, C7:96.77%, C8:96.77%, C9:97.37%] ---

--- global epoch 38/60 ---
--- At epoch 38, learning rate decays to 0.048183 ---
--- client 0 in epoch 38 [aggregation then communication] ---
--- client 1 in epoch 38 [aggregation then communication] ---
--- client 2 in epoch 38 [aggregation then communication] ---
--- client 3 in epoch 38 [aggregation then communication] ---
--- client 4 in epoch 38 [aggregation then communication] ---
--- client 5 in epoch 38 [aggregation then communication] ---
--- client 6 in epoch 38 [aggregation then communication] ---
--- client 7 in epoch 38 [aggregation then communication] ---
--- client 8 in epoch 38 [aggregation then communication] ---
--- client 9 in epoch 38 [aggregation then communication] ---
--- global epoch 38: global acc = 91.06% ---
--- local epoch 38: local acc = [C0:96.94%, C1:98.40%, C2:97.62%, C3:97.51%, C4:97.89%, C5:96.90%, C6:97.58%, C7:97.59%, C8:97.01%, C9:97.45%] ---

--- global epoch 39/60 ---
--- At epoch 39, learning rate decays to 0.048135 ---
--- client 0 in epoch 39 [aggregation then communication] ---
--- client 1 in epoch 39 [aggregation then communication] ---
--- client 2 in epoch 39 [aggregation then communication] ---
--- client 3 in epoch 39 [aggregation then communication] ---
--- client 4 in epoch 39 [aggregation then communication] ---
--- client 5 in epoch 39 [aggregation then communication] ---
--- client 6 in epoch 39 [aggregation then communication] ---
--- client 7 in epoch 39 [aggregation then communication] ---
--- client 8 in epoch 39 [aggregation then communication] ---
--- client 9 in epoch 39 [aggregation then communication] ---
--- global epoch 39: global acc = 90.40% ---
--- local epoch 39: local acc = [C0:97.55%, C1:98.25%, C2:98.00%, C3:97.47%, C4:98.35%, C5:97.85%, C6:97.42%, C7:97.55%, C8:97.73%, C9:98.21%] ---

--- global epoch 40/60 ---
--- At epoch 40, learning rate decays to 0.048087 ---
--- client 0 in epoch 40 [aggregation then communication] ---
--- client 1 in epoch 40 [aggregation then communication] ---
--- client 2 in epoch 40 [aggregation then communication] ---
--- client 3 in epoch 40 [aggregation then communication] ---
--- client 4 in epoch 40 [aggregation then communication] ---
--- client 5 in epoch 40 [aggregation then communication] ---
--- client 6 in epoch 40 [aggregation then communication] ---
--- client 7 in epoch 40 [aggregation then communication] ---
--- client 8 in epoch 40 [aggregation then communication] ---
--- client 9 in epoch 40 [aggregation then communication] ---
--- global epoch 40: global acc = 90.61% ---
--- local epoch 40: local acc = [C0:97.68%, C1:98.02%, C2:96.94%, C3:97.44%, C4:97.87%, C5:98.08%, C6:97.47%, C7:97.04%, C8:97.39%, C9:97.05%] ---

--- global epoch 41/60 ---
--- At epoch 41, learning rate decays to 0.048039 ---
--- client 0 in epoch 41 [aggregation then communication] ---
--- client 1 in epoch 41 [aggregation then communication] ---
--- client 2 in epoch 41 [aggregation then communication] ---
--- client 3 in epoch 41 [aggregation then communication] ---
--- client 4 in epoch 41 [aggregation then communication] ---
--- client 5 in epoch 41 [aggregation then communication] ---
--- client 6 in epoch 41 [aggregation then communication] ---
--- client 7 in epoch 41 [aggregation then communication] ---
--- client 8 in epoch 41 [aggregation then communication] ---
--- client 9 in epoch 41 [aggregation then communication] ---
--- global epoch 41: global acc = 90.66% ---
--- local epoch 41: local acc = [C0:97.80%, C1:98.44%, C2:98.02%, C3:97.53%, C4:97.48%, C5:98.07%, C6:98.15%, C7:97.43%, C8:97.72%, C9:97.73%] ---

--- global epoch 42/60 ---
--- At epoch 42, learning rate decays to 0.047990 ---
--- client 0 in epoch 42 [aggregation then communication] ---
--- client 1 in epoch 42 [aggregation then communication] ---
--- client 2 in epoch 42 [aggregation then communication] ---
--- client 3 in epoch 42 [aggregation then communication] ---
--- client 4 in epoch 42 [aggregation then communication] ---
--- client 5 in epoch 42 [aggregation then communication] ---
--- client 6 in epoch 42 [aggregation then communication] ---
--- client 7 in epoch 42 [aggregation then communication] ---
--- client 8 in epoch 42 [aggregation then communication] ---
--- client 9 in epoch 42 [aggregation then communication] ---
--- global epoch 42: global acc = 90.97% ---
--- local epoch 42: local acc = [C0:98.11%, C1:98.74%, C2:97.78%, C3:97.77%, C4:97.59%, C5:98.06%, C6:97.80%, C7:96.88%, C8:98.00%, C9:98.34%] ---

--- global epoch 43/60 ---
--- At epoch 43, learning rate decays to 0.047942 ---
--- client 0 in epoch 43 [aggregation then communication] ---
--- client 1 in epoch 43 [aggregation then communication] ---
--- client 2 in epoch 43 [aggregation then communication] ---
--- client 3 in epoch 43 [aggregation then communication] ---
--- client 4 in epoch 43 [aggregation then communication] ---
--- client 5 in epoch 43 [aggregation then communication] ---
--- client 6 in epoch 43 [aggregation then communication] ---
--- client 7 in epoch 43 [aggregation then communication] ---
--- client 8 in epoch 43 [aggregation then communication] ---
--- client 9 in epoch 43 [aggregation then communication] ---
--- global epoch 43: global acc = 90.79% ---
--- local epoch 43: local acc = [C0:98.03%, C1:98.93%, C2:97.52%, C3:98.02%, C4:98.03%, C5:98.24%, C6:98.17%, C7:97.00%, C8:98.11%, C9:98.17%] ---

--- global epoch 44/60 ---
--- At epoch 44, learning rate decays to 0.047895 ---
--- client 0 in epoch 44 [aggregation then communication] ---
--- client 1 in epoch 44 [aggregation then communication] ---
--- client 2 in epoch 44 [aggregation then communication] ---
--- client 3 in epoch 44 [aggregation then communication] ---
--- client 4 in epoch 44 [aggregation then communication] ---
--- client 5 in epoch 44 [aggregation then communication] ---
--- client 6 in epoch 44 [aggregation then communication] ---
--- client 7 in epoch 44 [aggregation then communication] ---
--- client 8 in epoch 44 [aggregation then communication] ---
--- client 9 in epoch 44 [aggregation then communication] ---
--- global epoch 44: global acc = 90.23% ---
--- local epoch 44: local acc = [C0:99.38%, C1:98.11%, C2:98.53%, C3:97.76%, C4:98.38%, C5:98.96%, C6:98.39%, C7:97.72%, C8:98.21%, C9:99.06%] ---

--- global epoch 45/60 ---
--- At epoch 45, learning rate decays to 0.047847 ---
--- client 0 in epoch 45 [aggregation then communication] ---
--- client 1 in epoch 45 [aggregation then communication] ---
--- client 2 in epoch 45 [aggregation then communication] ---
--- client 3 in epoch 45 [aggregation then communication] ---
--- client 4 in epoch 45 [aggregation then communication] ---
--- client 5 in epoch 45 [aggregation then communication] ---
--- client 6 in epoch 45 [aggregation then communication] ---
--- client 7 in epoch 45 [aggregation then communication] ---
--- client 8 in epoch 45 [aggregation then communication] ---
--- client 9 in epoch 45 [aggregation then communication] ---
--- global epoch 45: global acc = 90.86% ---
--- local epoch 45: local acc = [C0:97.73%, C1:98.48%, C2:97.69%, C3:98.02%, C4:98.17%, C5:98.25%, C6:98.58%, C7:97.56%, C8:98.53%, C9:98.58%] ---

--- global epoch 46/60 ---
--- At epoch 46, learning rate decays to 0.047799 ---
--- client 0 in epoch 46 [aggregation then communication] ---
--- client 1 in epoch 46 [aggregation then communication] ---
--- client 2 in epoch 46 [aggregation then communication] ---
--- client 3 in epoch 46 [aggregation then communication] ---
--- client 4 in epoch 46 [aggregation then communication] ---
--- client 5 in epoch 46 [aggregation then communication] ---
--- client 6 in epoch 46 [aggregation then communication] ---
--- client 7 in epoch 46 [aggregation then communication] ---
--- client 8 in epoch 46 [aggregation then communication] ---
--- client 9 in epoch 46 [aggregation then communication] ---
--- global epoch 46: global acc = 90.48% ---
--- local epoch 46: local acc = [C0:98.81%, C1:98.10%, C2:98.77%, C3:97.84%, C4:97.89%, C5:97.99%, C6:98.70%, C7:97.34%, C8:97.88%, C9:98.45%] ---

--- global epoch 47/60 ---
--- At epoch 47, learning rate decays to 0.047751 ---
--- client 0 in epoch 47 [aggregation then communication] ---
--- client 1 in epoch 47 [aggregation then communication] ---
--- client 2 in epoch 47 [aggregation then communication] ---
--- client 3 in epoch 47 [aggregation then communication] ---
--- client 4 in epoch 47 [aggregation then communication] ---
--- client 5 in epoch 47 [aggregation then communication] ---
--- client 6 in epoch 47 [aggregation then communication] ---
--- client 7 in epoch 47 [aggregation then communication] ---
--- client 8 in epoch 47 [aggregation then communication] ---
--- client 9 in epoch 47 [aggregation then communication] ---
--- global epoch 47: global acc = 90.87% ---
--- local epoch 47: local acc = [C0:98.08%, C1:98.74%, C2:97.90%, C3:98.00%, C4:98.83%, C5:98.69%, C6:98.94%, C7:98.01%, C8:98.15%, C9:99.14%] ---

--- global epoch 48/60 ---
--- At epoch 48, learning rate decays to 0.047703 ---
--- client 0 in epoch 48 [aggregation then communication] ---
--- client 1 in epoch 48 [aggregation then communication] ---
--- client 2 in epoch 48 [aggregation then communication] ---
--- client 3 in epoch 48 [aggregation then communication] ---
--- client 4 in epoch 48 [aggregation then communication] ---
--- client 5 in epoch 48 [aggregation then communication] ---
--- client 6 in epoch 48 [aggregation then communication] ---
--- client 7 in epoch 48 [aggregation then communication] ---
--- client 8 in epoch 48 [aggregation then communication] ---
--- client 9 in epoch 48 [aggregation then communication] ---
--- global epoch 48: global acc = 89.71% ---
--- local epoch 48: local acc = [C0:98.79%, C1:98.55%, C2:98.16%, C3:98.34%, C4:98.51%, C5:98.96%, C6:97.91%, C7:97.29%, C8:99.18%, C9:98.99%] ---

--- global epoch 49/60 ---
--- At epoch 49, learning rate decays to 0.047656 ---
--- client 0 in epoch 49 [aggregation then communication] ---
--- client 1 in epoch 49 [aggregation then communication] ---
--- client 2 in epoch 49 [aggregation then communication] ---
--- client 3 in epoch 49 [aggregation then communication] ---
--- client 4 in epoch 49 [aggregation then communication] ---
--- client 5 in epoch 49 [aggregation then communication] ---
--- client 6 in epoch 49 [aggregation then communication] ---
--- client 7 in epoch 49 [aggregation then communication] ---
--- client 8 in epoch 49 [aggregation then communication] ---
--- client 9 in epoch 49 [aggregation then communication] ---
--- global epoch 49: global acc = 90.24% ---
--- local epoch 49: local acc = [C0:98.27%, C1:98.65%, C2:97.23%, C3:98.54%, C4:98.88%, C5:98.20%, C6:98.61%, C7:97.97%, C8:98.00%, C9:98.92%] ---

--- global epoch 50/60 ---
--- At epoch 50, learning rate decays to 0.047608 ---
--- client 0 in epoch 50 [aggregation then communication] ---
--- client 1 in epoch 50 [aggregation then communication] ---
--- client 2 in epoch 50 [aggregation then communication] ---
--- client 3 in epoch 50 [aggregation then communication] ---
--- client 4 in epoch 50 [aggregation then communication] ---
--- client 5 in epoch 50 [aggregation then communication] ---
--- client 6 in epoch 50 [aggregation then communication] ---
--- client 7 in epoch 50 [aggregation then communication] ---
--- client 8 in epoch 50 [aggregation then communication] ---
--- client 9 in epoch 50 [aggregation then communication] ---
--- global epoch 50: global acc = 89.76% ---
--- local epoch 50: local acc = [C0:98.44%, C1:99.19%, C2:98.30%, C3:98.65%, C4:98.24%, C5:98.94%, C6:98.70%, C7:98.59%, C8:99.01%, C9:99.42%] ---

--- global epoch 51/60 ---
--- At epoch 51, learning rate decays to 0.047560 ---
--- client 0 in epoch 51 [aggregation then communication] ---
--- client 1 in epoch 51 [aggregation then communication] ---
--- client 2 in epoch 51 [aggregation then communication] ---
--- client 3 in epoch 51 [aggregation then communication] ---
--- client 4 in epoch 51 [aggregation then communication] ---
--- client 5 in epoch 51 [aggregation then communication] ---
--- client 6 in epoch 51 [aggregation then communication] ---
--- client 7 in epoch 51 [aggregation then communication] ---
--- client 8 in epoch 51 [aggregation then communication] ---
--- client 9 in epoch 51 [aggregation then communication] ---
--- global epoch 51: global acc = 90.29% ---
--- local epoch 51: local acc = [C0:98.23%, C1:99.03%, C2:98.16%, C3:99.18%, C4:99.20%, C5:98.38%, C6:98.87%, C7:97.79%, C8:98.97%, C9:99.56%] ---

--- global epoch 52/60 ---
--- At epoch 52, learning rate decays to 0.047513 ---
--- client 0 in epoch 52 [aggregation then communication] ---
--- client 1 in epoch 52 [aggregation then communication] ---
--- client 2 in epoch 52 [aggregation then communication] ---
--- client 3 in epoch 52 [aggregation then communication] ---
--- client 4 in epoch 52 [aggregation then communication] ---
--- client 5 in epoch 52 [aggregation then communication] ---
--- client 6 in epoch 52 [aggregation then communication] ---
--- client 7 in epoch 52 [aggregation then communication] ---
--- client 8 in epoch 52 [aggregation then communication] ---
--- client 9 in epoch 52 [aggregation then communication] ---
--- global epoch 52: global acc = 90.80% ---
--- local epoch 52: local acc = [C0:98.98%, C1:99.40%, C2:98.62%, C3:98.52%, C4:98.62%, C5:99.25%, C6:98.67%, C7:98.22%, C8:98.08%, C9:99.09%] ---

--- global epoch 53/60 ---
--- At epoch 53, learning rate decays to 0.047465 ---
--- client 0 in epoch 53 [aggregation then communication] ---
--- client 1 in epoch 53 [aggregation then communication] ---
--- client 2 in epoch 53 [aggregation then communication] ---
--- client 3 in epoch 53 [aggregation then communication] ---
--- client 4 in epoch 53 [aggregation then communication] ---
--- client 5 in epoch 53 [aggregation then communication] ---
--- client 6 in epoch 53 [aggregation then communication] ---
--- client 7 in epoch 53 [aggregation then communication] ---
--- client 8 in epoch 53 [aggregation then communication] ---
--- client 9 in epoch 53 [aggregation then communication] ---
--- global epoch 53: global acc = 90.82% ---
--- local epoch 53: local acc = [C0:98.00%, C1:99.23%, C2:98.39%, C3:98.53%, C4:98.86%, C5:99.03%, C6:98.21%, C7:98.38%, C8:99.16%, C9:99.28%] ---

--- global epoch 54/60 ---
--- At epoch 54, learning rate decays to 0.047418 ---
--- client 0 in epoch 54 [aggregation then communication] ---
--- client 1 in epoch 54 [aggregation then communication] ---
--- client 2 in epoch 54 [aggregation then communication] ---
--- client 3 in epoch 54 [aggregation then communication] ---
--- client 4 in epoch 54 [aggregation then communication] ---
--- client 5 in epoch 54 [aggregation then communication] ---
--- client 6 in epoch 54 [aggregation then communication] ---
--- client 7 in epoch 54 [aggregation then communication] ---
--- client 8 in epoch 54 [aggregation then communication] ---
--- client 9 in epoch 54 [aggregation then communication] ---
--- global epoch 54: global acc = 90.61% ---
--- local epoch 54: local acc = [C0:99.34%, C1:99.30%, C2:98.94%, C3:98.24%, C4:99.35%, C5:98.28%, C6:99.38%, C7:98.96%, C8:98.78%, C9:99.36%] ---

--- global epoch 55/60 ---
--- At epoch 55, learning rate decays to 0.047370 ---
--- client 0 in epoch 55 [aggregation then communication] ---
--- client 1 in epoch 55 [aggregation then communication] ---
--- client 2 in epoch 55 [aggregation then communication] ---
--- client 3 in epoch 55 [aggregation then communication] ---
--- client 4 in epoch 55 [aggregation then communication] ---
--- client 5 in epoch 55 [aggregation then communication] ---
--- client 6 in epoch 55 [aggregation then communication] ---
--- client 7 in epoch 55 [aggregation then communication] ---
--- client 8 in epoch 55 [aggregation then communication] ---
--- client 9 in epoch 55 [aggregation then communication] ---
--- global epoch 55: global acc = 90.72% ---
--- local epoch 55: local acc = [C0:97.82%, C1:99.13%, C2:98.81%, C3:98.97%, C4:98.62%, C5:98.89%, C6:99.10%, C7:98.70%, C8:99.16%, C9:99.00%] ---

--- global epoch 56/60 ---
--- At epoch 56, learning rate decays to 0.047323 ---
--- client 0 in epoch 56 [aggregation then communication] ---
--- client 1 in epoch 56 [aggregation then communication] ---
--- client 2 in epoch 56 [aggregation then communication] ---
--- client 3 in epoch 56 [aggregation then communication] ---
--- client 4 in epoch 56 [aggregation then communication] ---
--- client 5 in epoch 56 [aggregation then communication] ---
--- client 6 in epoch 56 [aggregation then communication] ---
--- client 7 in epoch 56 [aggregation then communication] ---
--- client 8 in epoch 56 [aggregation then communication] ---
--- client 9 in epoch 56 [aggregation then communication] ---
--- global epoch 56: global acc = 91.06% ---
--- local epoch 56: local acc = [C0:99.03%, C1:99.45%, C2:98.53%, C3:98.97%, C4:99.31%, C5:99.30%, C6:99.20%, C7:98.92%, C8:98.90%, C9:99.37%] ---

--- global epoch 57/60 ---
--- At epoch 57, learning rate decays to 0.047276 ---
--- client 0 in epoch 57 [aggregation then communication] ---
--- client 1 in epoch 57 [aggregation then communication] ---
--- client 2 in epoch 57 [aggregation then communication] ---
--- client 3 in epoch 57 [aggregation then communication] ---
--- client 4 in epoch 57 [aggregation then communication] ---
--- client 5 in epoch 57 [aggregation then communication] ---
--- client 6 in epoch 57 [aggregation then communication] ---
--- client 7 in epoch 57 [aggregation then communication] ---
--- client 8 in epoch 57 [aggregation then communication] ---
--- client 9 in epoch 57 [aggregation then communication] ---
--- global epoch 57: global acc = 90.87% ---
--- local epoch 57: local acc = [C0:97.98%, C1:98.61%, C2:98.22%, C3:98.85%, C4:98.20%, C5:98.64%, C6:99.66%, C7:98.55%, C8:99.18%, C9:99.12%] ---

--- global epoch 58/60 ---
--- At epoch 58, learning rate decays to 0.047228 ---
--- client 0 in epoch 58 [aggregation then communication] ---
--- client 1 in epoch 58 [aggregation then communication] ---
--- client 2 in epoch 58 [aggregation then communication] ---
--- client 3 in epoch 58 [aggregation then communication] ---
--- client 4 in epoch 58 [aggregation then communication] ---
--- client 5 in epoch 58 [aggregation then communication] ---
--- client 6 in epoch 58 [aggregation then communication] ---
--- client 7 in epoch 58 [aggregation then communication] ---
--- client 8 in epoch 58 [aggregation then communication] ---
--- client 9 in epoch 58 [aggregation then communication] ---
--- global epoch 58: global acc = 91.15% ---
--- local epoch 58: local acc = [C0:98.47%, C1:99.64%, C2:98.83%, C3:98.81%, C4:99.72%, C5:99.11%, C6:99.03%, C7:99.40%, C8:98.44%, C9:99.62%] ---

--- global epoch 59/60 ---
--- At epoch 59, learning rate decays to 0.047181 ---
--- client 0 in epoch 59 [aggregation then communication] ---
--- client 1 in epoch 59 [aggregation then communication] ---
--- client 2 in epoch 59 [aggregation then communication] ---
--- client 3 in epoch 59 [aggregation then communication] ---
--- client 4 in epoch 59 [aggregation then communication] ---
--- client 5 in epoch 59 [aggregation then communication] ---
--- client 6 in epoch 59 [aggregation then communication] ---
--- client 7 in epoch 59 [aggregation then communication] ---
--- client 8 in epoch 59 [aggregation then communication] ---
--- client 9 in epoch 59 [aggregation then communication] ---
--- global epoch 59: global acc = 90.85% ---
--- local epoch 59: local acc = [C0:98.80%, C1:99.63%, C2:99.17%, C3:99.16%, C4:99.12%, C5:99.41%, C6:99.30%, C7:99.16%, C8:99.22%, C9:99.25%] ---

--- global epoch 60/60 ---
--- At epoch 60, learning rate decays to 0.047134 ---
--- client 0 in epoch 60 [aggregation then communication] ---
--- client 1 in epoch 60 [aggregation then communication] ---
--- client 2 in epoch 60 [aggregation then communication] ---
--- client 3 in epoch 60 [aggregation then communication] ---
--- client 4 in epoch 60 [aggregation then communication] ---
--- client 5 in epoch 60 [aggregation then communication] ---
--- client 6 in epoch 60 [aggregation then communication] ---
--- client 7 in epoch 60 [aggregation then communication] ---
--- client 8 in epoch 60 [aggregation then communication] ---
--- client 9 in epoch 60 [aggregation then communication] ---
--- global epoch 60: global acc = 91.31% ---
--- local epoch 60: local acc = [C0:98.88%, C1:99.56%, C2:98.79%, C3:99.54%, C4:99.45%, C5:98.38%, C6:99.78%, C7:99.00%, C8:99.55%, C9:98.01%] ---
Total runtime: 2781.76s (0:46:21)

 saving results
results save in C:\Users\Kong\Desktop\\decentralized_federated_learning-master\decentralized_federated_learning-master\res\clients_10-epochs_2-20250927_164719.json
