client 0 initial number of neighbors: 9
client 1 initial number of neighbors: 9
client 2 initial number of neighbors: 9
client 3 initial number of neighbors: 9
client 4 initial number of neighbors: 9
client 5 initial number of neighbors: 9
client 6 initial number of neighbors: 9
client 7 initial number of neighbors: 9
client 8 initial number of neighbors: 9
client 9 initial number of neighbors: 9

 training begins! (epoch-by-epoch parallel mode with global evaluation)

--- global epoch 1/60 ---
--- client 0 in epoch 1 [aggregation then communication] ---
--- client 1 in epoch 1 [aggregation then communication] ---
--- client 2 in epoch 1 [aggregation then communication] ------ client 3 in epoch 1 [aggregation then communication] ---

--- client 4 in epoch 1 [aggregation then communication] ---
--- client 5 in epoch 1 [aggregation then communication] ---
--- client 6 in epoch 1 [aggregation then communication] ---
--- client 7 in epoch 1 [aggregation then communication] ---
--- client 8 in epoch 1 [aggregation then communication] ---
--- client 9 in epoch 1 [aggregation then communication] ---
--- global epoch 1: global acc = 18.93% ---
--- local epoch 1: local acc = [C0:44.54%, C1:43.89%, C2:45.95%, C3:45.81%, C4:45.26%, C5:44.63%, C6:44.65%, C7:44.19%, C8:45.56%, C9:44.63%] ---

--- global epoch 2/60 ---
--- At epoch 2, learning rate decays to 0.004995 ---
--- client 0 in epoch 2 [aggregation then communication] ---
--- client 1 in epoch 2 [aggregation then communication] ---
--- client 2 in epoch 2 [aggregation then communication] ---
--- client 3 in epoch 2 [aggregation then communication] ---
--- client 4 in epoch 2 [aggregation then communication] ---
--- client 5 in epoch 2 [aggregation then communication] ---
--- client 6 in epoch 2 [aggregation then communication] ---
--- client 7 in epoch 2 [aggregation then communication] ---
--- client 8 in epoch 2 [aggregation then communication] ---
--- client 9 in epoch 2 [aggregation then communication] ---
--- global epoch 2: global acc = 39.19% ---
--- local epoch 2: local acc = [C0:64.75%, C1:64.98%, C2:63.60%, C3:64.39%, C4:63.35%, C5:66.54%, C6:64.28%, C7:66.15%, C8:65.25%, C9:64.57%] ---

--- global epoch 3/60 ---
--- At epoch 3, learning rate decays to 0.004990 ---
--- client 0 in epoch 3 [aggregation then communication] ---
--- client 1 in epoch 3 [aggregation then communication] ---
--- client 2 in epoch 3 [aggregation then communication] ---
--- client 3 in epoch 3 [aggregation then communication] ---
--- client 4 in epoch 3 [aggregation then communication] ---
--- client 5 in epoch 3 [aggregation then communication] ---
--- client 6 in epoch 3 [aggregation then communication] ---
--- client 7 in epoch 3 [aggregation then communication] ---
--- client 8 in epoch 3 [aggregation then communication] ---
--- client 9 in epoch 3 [aggregation then communication] ---
--- global epoch 3: global acc = 72.25% ---
--- local epoch 3: local acc = [C0:74.57%, C1:80.18%, C2:80.37%, C3:80.47%, C4:81.07%, C5:81.34%, C6:80.52%, C7:80.59%, C8:81.12%, C9:80.25%] ---

--- global epoch 4/60 ---
--- At epoch 4, learning rate decays to 0.004985 ---
--- client 0 in epoch 4 [aggregation then communication] ---
--- client 1 in epoch 4 [aggregation then communication] ---
--- client 2 in epoch 4 [aggregation then communication] ---
--- client 3 in epoch 4 [aggregation then communication] ---
--- client 4 in epoch 4 [aggregation then communication] ---
--- client 5 in epoch 4 [aggregation then communication] ---
--- client 6 in epoch 4 [aggregation then communication] ---
--- client 7 in epoch 4 [aggregation then communication] ---
--- client 8 in epoch 4 [aggregation then communication] ---
--- client 9 in epoch 4 [aggregation then communication] ---
--- global epoch 4: global acc = 81.09% ---
--- local epoch 4: local acc = [C0:85.16%, C1:85.83%, C2:85.79%, C3:85.79%, C4:88.79%, C5:86.69%, C6:86.85%, C7:86.08%, C8:85.97%, C9:86.17%] ---

--- global epoch 5/60 ---
--- At epoch 5, learning rate decays to 0.004980 ---
--- client 0 in epoch 5 [aggregation then communication] ---
--- client 1 in epoch 5 [aggregation then communication] ---
--- client 2 in epoch 5 [aggregation then communication] ---
--- client 3 in epoch 5 [aggregation then communication] ---
--- client 4 in epoch 5 [aggregation then communication] ---
--- client 5 in epoch 5 [aggregation then communication] ---
--- client 6 in epoch 5 [aggregation then communication] ---
--- client 7 in epoch 5 [aggregation then communication] ---
--- client 8 in epoch 5 [aggregation then communication] ---
--- client 9 in epoch 5 [aggregation then communication] ---
--- global epoch 5: global acc = 83.79% ---
--- local epoch 5: local acc = [C0:88.74%, C1:89.39%, C2:88.85%, C3:88.81%, C4:87.83%, C5:89.99%, C6:89.85%, C7:89.17%, C8:89.25%, C9:89.38%] ---

--- global epoch 6/60 ---
--- At epoch 6, learning rate decays to 0.004975 ---
--- client 0 in epoch 6 [aggregation then communication] ---
--- client 1 in epoch 6 [aggregation then communication] ---
--- client 2 in epoch 6 [aggregation then communication] ---
--- client 3 in epoch 6 [aggregation then communication] ---
--- client 4 in epoch 6 [aggregation then communication] ---
--- client 5 in epoch 6 [aggregation then communication] ---
--- client 6 in epoch 6 [aggregation then communication] ---
--- client 7 in epoch 6 [aggregation then communication] ---
--- client 8 in epoch 6 [aggregation then communication] ---
--- client 9 in epoch 6 [aggregation then communication] ---
--- global epoch 6: global acc = 84.61% ---
--- local epoch 6: local acc = [C0:90.92%, C1:91.42%, C2:91.06%, C3:91.18%, C4:90.72%, C5:91.89%, C6:91.55%, C7:90.99%, C8:91.65%, C9:91.34%] ---

--- global epoch 7/60 ---
--- At epoch 7, learning rate decays to 0.004970 ---
--- client 0 in epoch 7 [aggregation then communication] ---
--- client 1 in epoch 7 [aggregation then communication] ---
--- client 2 in epoch 7 [aggregation then communication] ---
--- client 3 in epoch 7 [aggregation then communication] ---
--- client 4 in epoch 7 [aggregation then communication] ---
--- client 5 in epoch 7 [aggregation then communication] ---
--- client 6 in epoch 7 [aggregation then communication] ---
--- client 7 in epoch 7 [aggregation then communication] ---
--- client 8 in epoch 7 [aggregation then communication] ---
--- client 9 in epoch 7 [aggregation then communication] ---
--- global epoch 7: global acc = 86.30% ---
--- local epoch 7: local acc = [C0:92.31%, C1:93.50%, C2:92.08%, C3:92.29%, C4:92.21%, C5:93.37%, C6:92.98%, C7:92.26%, C8:93.17%, C9:93.29%] ---

--- global epoch 8/60 ---
--- At epoch 8, learning rate decays to 0.004965 ---
--- client 0 in epoch 8 [aggregation then communication] ---
--- client 1 in epoch 8 [aggregation then communication] ---
--- client 2 in epoch 8 [aggregation then communication] ---
--- client 3 in epoch 8 [aggregation then communication] ---
--- client 4 in epoch 8 [aggregation then communication] ---
--- client 5 in epoch 8 [aggregation then communication] ---
--- client 6 in epoch 8 [aggregation then communication] ---
--- client 7 in epoch 8 [aggregation then communication] ---
--- client 8 in epoch 8 [aggregation then communication] ---
--- client 9 in epoch 8 [aggregation then communication] ---
--- global epoch 8: global acc = 86.88% ---
--- local epoch 8: local acc = [C0:93.65%, C1:94.34%, C2:93.81%, C3:93.60%, C4:93.21%, C5:94.14%, C6:93.85%, C7:93.65%, C8:94.60%, C9:94.80%] ---

--- global epoch 9/60 ---
--- At epoch 9, learning rate decays to 0.004960 ---
--- client 0 in epoch 9 [aggregation then communication] ---
--- client 1 in epoch 9 [aggregation then communication] ---
--- client 2 in epoch 9 [aggregation then communication] ---
--- client 3 in epoch 9 [aggregation then communication] ---
--- client 4 in epoch 9 [aggregation then communication] ---
--- client 5 in epoch 9 [aggregation then communication] ---
--- client 6 in epoch 9 [aggregation then communication] ---
--- client 7 in epoch 9 [aggregation then communication] ---
--- client 8 in epoch 9 [aggregation then communication] ---
--- client 9 in epoch 9 [aggregation then communication] ---
--- global epoch 9: global acc = 87.35% ---
--- local epoch 9: local acc = [C0:94.49%, C1:94.99%, C2:93.75%, C3:94.40%, C4:93.81%, C5:94.75%, C6:94.92%, C7:93.97%, C8:94.96%, C9:95.27%] ---

--- global epoch 10/60 ---
--- At epoch 10, learning rate decays to 0.004955 ---
--- client 0 in epoch 10 [aggregation then communication] ---
--- client 1 in epoch 10 [aggregation then communication] ---
--- client 2 in epoch 10 [aggregation then communication] ---
--- client 3 in epoch 10 [aggregation then communication] ---
--- client 4 in epoch 10 [aggregation then communication] ---
--- client 5 in epoch 10 [aggregation then communication] ---
--- client 6 in epoch 10 [aggregation then communication] ---
--- client 7 in epoch 10 [aggregation then communication] ---
--- client 8 in epoch 10 [aggregation then communication] ---
--- client 9 in epoch 10 [aggregation then communication] ---
--- global epoch 10: global acc = 86.61% ---
--- local epoch 10: local acc = [C0:95.08%, C1:95.44%, C2:94.97%, C3:94.95%, C4:94.81%, C5:95.40%, C6:95.56%, C7:95.40%, C8:95.20%, C9:95.19%] ---

--- global epoch 11/60 ---
--- At epoch 11, learning rate decays to 0.004950 ---
--- client 0 in epoch 11 [aggregation then communication] ---
--- client 1 in epoch 11 [aggregation then communication] ---
--- client 2 in epoch 11 [aggregation then communication] ---
--- client 3 in epoch 11 [aggregation then communication] ---
--- client 4 in epoch 11 [aggregation then communication] ---
--- client 5 in epoch 11 [aggregation then communication] ---
--- client 6 in epoch 11 [aggregation then communication] ---
--- client 7 in epoch 11 [aggregation then communication] ---
--- client 8 in epoch 11 [aggregation then communication] ---
--- client 9 in epoch 11 [aggregation then communication] ---
--- global epoch 11: global acc = 85.15% ---
--- local epoch 11: local acc = [C0:95.99%, C1:95.94%, C2:96.24%, C3:95.94%, C4:95.31%, C5:95.86%, C6:96.26%, C7:95.64%, C8:96.20%, C9:95.82%] ---

--- global epoch 12/60 ---
--- At epoch 12, learning rate decays to 0.004945 ---
--- client 0 in epoch 12 [aggregation then communication] ---
--- client 1 in epoch 12 [aggregation then communication] ---
--- client 2 in epoch 12 [aggregation then communication] ---
--- client 3 in epoch 12 [aggregation then communication] ---
--- client 4 in epoch 12 [aggregation then communication] ---
--- client 5 in epoch 12 [aggregation then communication] ---
--- client 6 in epoch 12 [aggregation then communication] ---
--- client 7 in epoch 12 [aggregation then communication] ---
--- client 8 in epoch 12 [aggregation then communication] ---
--- client 9 in epoch 12 [aggregation then communication] ---
--- global epoch 12: global acc = 87.62% ---
--- local epoch 12: local acc = [C0:96.15%, C1:96.23%, C2:96.32%, C3:95.73%, C4:95.82%, C5:97.04%, C6:96.60%, C7:96.28%, C8:96.67%, C9:96.52%] ---

--- global epoch 13/60 ---
--- At epoch 13, learning rate decays to 0.004940 ---
--- client 0 in epoch 13 [aggregation then communication] ---
--- client 1 in epoch 13 [aggregation then communication] ---
--- client 2 in epoch 13 [aggregation then communication] ---
--- client 3 in epoch 13 [aggregation then communication] ---
--- client 4 in epoch 13 [aggregation then communication] ---
--- client 5 in epoch 13 [aggregation then communication] ---
--- client 6 in epoch 13 [aggregation then communication] ---
--- client 7 in epoch 13 [aggregation then communication] ---
--- client 8 in epoch 13 [aggregation then communication] ---
--- client 9 in epoch 13 [aggregation then communication] ---
--- global epoch 13: global acc = 86.42% ---
--- local epoch 13: local acc = [C0:95.99%, C1:96.87%, C2:96.68%, C3:96.36%, C4:95.87%, C5:97.82%, C6:96.92%, C7:96.80%, C8:97.01%, C9:96.76%] ---

--- global epoch 14/60 ---
--- At epoch 14, learning rate decays to 0.004935 ---
--- client 0 in epoch 14 [aggregation then communication] ---
--- client 1 in epoch 14 [aggregation then communication] ---
--- client 2 in epoch 14 [aggregation then communication] ---
--- client 3 in epoch 14 [aggregation then communication] ---
--- client 4 in epoch 14 [aggregation then communication] ---
--- client 5 in epoch 14 [aggregation then communication] ---
--- client 6 in epoch 14 [aggregation then communication] ---
--- client 7 in epoch 14 [aggregation then communication] ---
--- client 8 in epoch 14 [aggregation then communication] ---
--- client 9 in epoch 14 [aggregation then communication] ---
--- global epoch 14: global acc = 87.49% ---
--- local epoch 14: local acc = [C0:96.77%, C1:96.78%, C2:96.74%, C3:96.63%, C4:96.13%, C5:96.48%, C6:96.93%, C7:97.13%, C8:96.73%, C9:96.86%] ---

--- global epoch 15/60 ---
--- At epoch 15, learning rate decays to 0.004930 ---
--- client 0 in epoch 15 [aggregation then communication] ---
--- client 1 in epoch 15 [aggregation then communication] ---
--- client 2 in epoch 15 [aggregation then communication] ---
--- client 3 in epoch 15 [aggregation then communication] ---
--- client 4 in epoch 15 [aggregation then communication] ---
--- client 5 in epoch 15 [aggregation then communication] ---
--- client 6 in epoch 15 [aggregation then communication] ---
--- client 7 in epoch 15 [aggregation then communication] ---
--- client 8 in epoch 15 [aggregation then communication] ---
--- client 9 in epoch 15 [aggregation then communication] ---
--- global epoch 15: global acc = 87.79% ---
--- local epoch 15: local acc = [C0:96.84%, C1:97.67%, C2:96.80%, C3:96.95%, C4:97.22%, C5:97.03%, C6:97.35%, C7:96.92%, C8:97.02%, C9:97.16%] ---

--- global epoch 16/60 ---
--- At epoch 16, learning rate decays to 0.004926 ---
--- client 0 in epoch 16 [aggregation then communication] ---
--- client 1 in epoch 16 [aggregation then communication] ---
--- client 2 in epoch 16 [aggregation then communication] ---
--- client 3 in epoch 16 [aggregation then communication] ---
--- client 4 in epoch 16 [aggregation then communication] ---
--- client 5 in epoch 16 [aggregation then communication] ---
--- client 6 in epoch 16 [aggregation then communication] ---
--- client 7 in epoch 16 [aggregation then communication] ---
--- client 8 in epoch 16 [aggregation then communication] ---
--- client 9 in epoch 16 [aggregation then communication] ---
--- global epoch 16: global acc = 87.96% ---
--- local epoch 16: local acc = [C0:97.62%, C1:97.27%, C2:97.69%, C3:97.26%, C4:96.62%, C5:97.25%, C6:97.81%, C7:98.28%, C8:97.34%, C9:97.43%] ---

--- global epoch 17/60 ---
--- At epoch 17, learning rate decays to 0.004921 ---
--- client 0 in epoch 17 [aggregation then communication] ---
--- client 1 in epoch 17 [aggregation then communication] ---
--- client 2 in epoch 17 [aggregation then communication] ---
--- client 3 in epoch 17 [aggregation then communication] ---
--- client 4 in epoch 17 [aggregation then communication] ---
--- client 5 in epoch 17 [aggregation then communication] ---
--- client 6 in epoch 17 [aggregation then communication] ---
--- client 7 in epoch 17 [aggregation then communication] ---
--- client 8 in epoch 17 [aggregation then communication] ---
--- client 9 in epoch 17 [aggregation then communication] ---
--- global epoch 17: global acc = 87.70% ---
--- local epoch 17: local acc = [C0:97.28%, C1:97.23%, C2:97.81%, C3:97.17%, C4:96.97%, C5:96.99%, C6:97.62%, C7:97.50%, C8:97.63%, C9:97.89%] ---

--- global epoch 18/60 ---
--- At epoch 18, learning rate decays to 0.004916 ---
--- client 0 in epoch 18 [aggregation then communication] ---
--- client 1 in epoch 18 [aggregation then communication] ---
--- client 2 in epoch 18 [aggregation then communication] ---
--- client 3 in epoch 18 [aggregation then communication] ---
--- client 4 in epoch 18 [aggregation then communication] ---
--- client 5 in epoch 18 [aggregation then communication] ---
--- client 6 in epoch 18 [aggregation then communication] ---
--- client 7 in epoch 18 [aggregation then communication] ---
--- client 8 in epoch 18 [aggregation then communication] ---
--- client 9 in epoch 18 [aggregation then communication] ---
--- global epoch 18: global acc = 87.62% ---
--- local epoch 18: local acc = [C0:97.29%, C1:97.65%, C2:97.60%, C3:97.64%, C4:96.93%, C5:97.38%, C6:97.84%, C7:97.67%, C8:97.73%, C9:97.88%] ---

--- global epoch 19/60 ---
--- At epoch 19, learning rate decays to 0.004911 ---
--- client 0 in epoch 19 [aggregation then communication] ---
--- client 1 in epoch 19 [aggregation then communication] ---
--- client 2 in epoch 19 [aggregation then communication] ---
--- client 3 in epoch 19 [aggregation then communication] ---
--- client 4 in epoch 19 [aggregation then communication] ---
--- client 5 in epoch 19 [aggregation then communication] ---
--- client 6 in epoch 19 [aggregation then communication] ---
--- client 7 in epoch 19 [aggregation then communication] ---
--- client 8 in epoch 19 [aggregation then communication] ---
--- client 9 in epoch 19 [aggregation then communication] ---
--- global epoch 19: global acc = 87.24% ---
--- local epoch 19: local acc = [C0:97.73%, C1:97.84%, C2:97.57%, C3:98.16%, C4:97.13%, C5:97.77%, C6:97.92%, C7:97.42%, C8:99.99%, C9:98.06%] ---

--- global epoch 20/60 ---
--- At epoch 20, learning rate decays to 0.004906 ---
--- client 0 in epoch 20 [aggregation then communication] ---
--- client 1 in epoch 20 [aggregation then communication] ---
--- client 2 in epoch 20 [aggregation then communication] ---
--- client 3 in epoch 20 [aggregation then communication] ---
--- client 4 in epoch 20 [aggregation then communication] ---
--- client 5 in epoch 20 [aggregation then communication] ---
--- client 6 in epoch 20 [aggregation then communication] ---
--- client 7 in epoch 20 [aggregation then communication] ---
--- client 8 in epoch 20 [aggregation then communication] ---
--- client 9 in epoch 20 [aggregation then communication] ---
--- global epoch 20: global acc = 86.72% ---
--- local epoch 20: local acc = [C0:97.71%, C1:97.87%, C2:97.98%, C3:97.79%, C4:97.25%, C5:97.80%, C6:98.10%, C7:97.46%, C8:97.81%, C9:97.96%] ---

--- global epoch 21/60 ---
--- At epoch 21, learning rate decays to 0.004901 ---
--- client 0 in epoch 21 [aggregation then communication] ---
--- client 1 in epoch 21 [aggregation then communication] ---
--- client 2 in epoch 21 [aggregation then communication] ---
--- client 3 in epoch 21 [aggregation then communication] ---
--- client 4 in epoch 21 [aggregation then communication] ---
--- client 5 in epoch 21 [aggregation then communication] ---
--- client 6 in epoch 21 [aggregation then communication] ---
--- client 7 in epoch 21 [aggregation then communication] ---
--- client 8 in epoch 21 [aggregation then communication] ---
--- client 9 in epoch 21 [aggregation then communication] ---
--- global epoch 21: global acc = 88.64% ---
--- local epoch 21: local acc = [C0:97.72%, C1:98.37%, C2:97.94%, C3:97.87%, C4:97.55%, C5:98.10%, C6:98.27%, C7:97.90%, C8:98.04%, C9:98.18%] ---

--- global epoch 22/60 ---
--- At epoch 22, learning rate decays to 0.004896 ---
--- client 0 in epoch 22 [aggregation then communication] ---
--- client 1 in epoch 22 [aggregation then communication] ---
--- client 2 in epoch 22 [aggregation then communication] ---
--- client 3 in epoch 22 [aggregation then communication] ---
--- client 4 in epoch 22 [aggregation then communication] ---
--- client 5 in epoch 22 [aggregation then communication] ---
--- client 6 in epoch 22 [aggregation then communication] ---
--- client 7 in epoch 22 [aggregation then communication] ---
--- client 8 in epoch 22 [aggregation then communication] ---
--- client 9 in epoch 22 [aggregation then communication] ---
--- global epoch 22: global acc = 88.05% ---
--- local epoch 22: local acc = [C0:98.26%, C1:98.36%, C2:98.25%, C3:97.96%, C4:97.76%, C5:98.10%, C6:98.39%, C7:98.01%, C8:97.79%, C9:98.93%] ---

--- global epoch 23/60 ---
--- At epoch 23, learning rate decays to 0.004891 ---
--- client 0 in epoch 23 [aggregation then communication] ---
--- client 1 in epoch 23 [aggregation then communication] ---
--- client 2 in epoch 23 [aggregation then communication] ---
--- client 3 in epoch 23 [aggregation then communication] ---
--- client 4 in epoch 23 [aggregation then communication] ---
--- client 5 in epoch 23 [aggregation then communication] ---
--- client 6 in epoch 23 [aggregation then communication] ---
--- client 7 in epoch 23 [aggregation then communication] ---
--- client 8 in epoch 23 [aggregation then communication] ---
--- client 9 in epoch 23 [aggregation then communication] ---
--- global epoch 23: global acc = 88.73% ---
--- local epoch 23: local acc = [C0:98.32%, C1:98.22%, C2:98.18%, C3:98.30%, C4:97.89%, C5:98.67%, C6:98.31%, C7:98.18%, C8:98.38%, C9:98.22%] ---

--- global epoch 24/60 ---
--- At epoch 24, learning rate decays to 0.004886 ---
--- client 0 in epoch 24 [aggregation then communication] ---
--- client 1 in epoch 24 [aggregation then communication] ---
--- client 2 in epoch 24 [aggregation then communication] ---
--- client 3 in epoch 24 [aggregation then communication] ---
--- client 4 in epoch 24 [aggregation then communication] ---
--- client 5 in epoch 24 [aggregation then communication] ---
--- client 6 in epoch 24 [aggregation then communication] ---
--- client 7 in epoch 24 [aggregation then communication] ---
--- client 8 in epoch 24 [aggregation then communication] ---
--- client 9 in epoch 24 [aggregation then communication] ---
--- global epoch 24: global acc = 88.82% ---
--- local epoch 24: local acc = [C0:98.51%, C1:98.61%, C2:98.18%, C3:98.60%, C4:98.04%, C5:98.09%, C6:98.49%, C7:98.24%, C8:98.25%, C9:98.21%] ---

--- global epoch 25/60 ---
--- At epoch 25, learning rate decays to 0.004881 ---
--- client 0 in epoch 25 [aggregation then communication] ---
--- client 1 in epoch 25 [aggregation then communication] ---
--- client 2 in epoch 25 [aggregation then communication] ---
--- client 3 in epoch 25 [aggregation then communication] ---
--- client 4 in epoch 25 [aggregation then communication] ---
--- client 5 in epoch 25 [aggregation then communication] ---
--- client 6 in epoch 25 [aggregation then communication] ---
--- client 7 in epoch 25 [aggregation then communication] ---
--- client 8 in epoch 25 [aggregation then communication] ---
--- client 9 in epoch 25 [aggregation then communication] ---
--- global epoch 25: global acc = 89.41% ---
--- local epoch 25: local acc = [C0:100.00%, C1:98.66%, C2:98.25%, C3:98.44%, C4:98.02%, C5:98.30%, C6:98.47%, C7:98.50%, C8:98.54%, C9:98.43%] ---

--- global epoch 26/60 ---
--- At epoch 26, learning rate decays to 0.004876 ---
--- client 0 in epoch 26 [aggregation then communication] ---
--- client 1 in epoch 26 [aggregation then communication] ---
--- client 2 in epoch 26 [aggregation then communication] ---
--- client 3 in epoch 26 [aggregation then communication] ---
--- client 4 in epoch 26 [aggregation then communication] ---
--- client 5 in epoch 26 [aggregation then communication] ---
--- client 6 in epoch 26 [aggregation then communication] ---
--- client 7 in epoch 26 [aggregation then communication] ---
--- client 8 in epoch 26 [aggregation then communication] ---
--- client 9 in epoch 26 [aggregation then communication] ---
--- global epoch 26: global acc = 88.42% ---
--- local epoch 26: local acc = [C0:98.37%, C1:100.00%, C2:98.08%, C3:98.64%, C4:98.33%, C5:98.43%, C6:98.71%, C7:99.15%, C8:98.66%, C9:98.74%] ---

--- global epoch 27/60 ---
--- At epoch 27, learning rate decays to 0.004872 ---
--- client 0 in epoch 27 [aggregation then communication] ---
--- client 1 in epoch 27 [aggregation then communication] ---
--- client 2 in epoch 27 [aggregation then communication] ---
--- client 3 in epoch 27 [aggregation then communication] ---
--- client 4 in epoch 27 [aggregation then communication] ---
--- client 5 in epoch 27 [aggregation then communication] ---
--- client 6 in epoch 27 [aggregation then communication] ---
--- client 7 in epoch 27 [aggregation then communication] ---
--- client 8 in epoch 27 [aggregation then communication] ---
--- client 9 in epoch 27 [aggregation then communication] ---
--- global epoch 27: global acc = 88.75% ---
--- local epoch 27: local acc = [C0:98.61%, C1:98.55%, C2:98.29%, C3:98.56%, C4:98.22%, C5:98.57%, C6:99.57%, C7:98.90%, C8:98.64%, C9:98.86%] ---

--- global epoch 28/60 ---
--- At epoch 28, learning rate decays to 0.004867 ---
--- client 0 in epoch 28 [aggregation then communication] ---
--- client 1 in epoch 28 [aggregation then communication] ---
--- client 2 in epoch 28 [aggregation then communication] ---
--- client 3 in epoch 28 [aggregation then communication] ---
--- client 4 in epoch 28 [aggregation then communication] ---
--- client 5 in epoch 28 [aggregation then communication] ---
--- client 6 in epoch 28 [aggregation then communication] ---
--- client 7 in epoch 28 [aggregation then communication] ---
--- client 8 in epoch 28 [aggregation then communication] ---
--- client 9 in epoch 28 [aggregation then communication] ---
--- global epoch 28: global acc = 88.84% ---
--- local epoch 28: local acc = [C0:98.84%, C1:98.82%, C2:98.41%, C3:98.68%, C4:98.27%, C5:98.77%, C6:98.90%, C7:98.30%, C8:98.53%, C9:98.61%] ---

--- global epoch 29/60 ---
--- At epoch 29, learning rate decays to 0.004862 ---
--- client 0 in epoch 29 [aggregation then communication] ---
--- client 1 in epoch 29 [aggregation then communication] ---
--- client 2 in epoch 29 [aggregation then communication] ---
--- client 3 in epoch 29 [aggregation then communication] ---
--- client 4 in epoch 29 [aggregation then communication] ---
--- client 5 in epoch 29 [aggregation then communication] ---
--- client 6 in epoch 29 [aggregation then communication] ---
--- client 7 in epoch 29 [aggregation then communication] ---
--- client 8 in epoch 29 [aggregation then communication] ---
--- client 9 in epoch 29 [aggregation then communication] ---
--- global epoch 29: global acc = 88.59% ---
--- local epoch 29: local acc = [C0:98.47%, C1:99.11%, C2:98.51%, C3:98.63%, C4:98.49%, C5:98.68%, C6:98.72%, C7:98.51%, C8:98.71%, C9:98.77%] ---

--- global epoch 30/60 ---
--- At epoch 30, learning rate decays to 0.004857 ---
--- client 0 in epoch 30 [aggregation then communication] ---
--- client 1 in epoch 30 [aggregation then communication] ---
--- client 2 in epoch 30 [aggregation then communication] ---
--- client 3 in epoch 30 [aggregation then communication] ---
--- client 4 in epoch 30 [aggregation then communication] ---
--- client 5 in epoch 30 [aggregation then communication] ---
--- client 6 in epoch 30 [aggregation then communication] ---
--- client 7 in epoch 30 [aggregation then communication] ---
--- client 8 in epoch 30 [aggregation then communication] ---
--- client 9 in epoch 30 [aggregation then communication] ---
--- global epoch 30: global acc = 88.71% ---
--- local epoch 30: local acc = [C0:98.65%, C1:98.86%, C2:98.66%, C3:98.66%, C4:98.51%, C5:98.79%, C6:98.86%, C7:98.72%, C8:100.00%, C9:98.86%] ---

--- global epoch 31/60 ---
--- At epoch 31, learning rate decays to 0.004852 ---
--- client 0 in epoch 31 [aggregation then communication] ---
--- client 1 in epoch 31 [aggregation then communication] ---
--- client 2 in epoch 31 [aggregation then communication] ---
--- client 3 in epoch 31 [aggregation then communication] ---
--- client 4 in epoch 31 [aggregation then communication] ---
--- client 5 in epoch 31 [aggregation then communication] ---
--- client 6 in epoch 31 [aggregation then communication] ---
--- client 7 in epoch 31 [aggregation then communication] ---
--- client 8 in epoch 31 [aggregation then communication] ---
--- client 9 in epoch 31 [aggregation then communication] ---
--- global epoch 31: global acc = 88.70% ---
--- local epoch 31: local acc = [C0:98.92%, C1:99.09%, C2:98.55%, C3:98.73%, C4:98.64%, C5:98.98%, C6:98.72%, C7:98.82%, C8:98.83%, C9:98.70%] ---

--- global epoch 32/60 ---
--- At epoch 32, learning rate decays to 0.004847 ---
--- client 0 in epoch 32 [aggregation then communication] ---
--- client 1 in epoch 32 [aggregation then communication] ---
--- client 2 in epoch 32 [aggregation then communication] ---
--- client 3 in epoch 32 [aggregation then communication] ---
--- client 4 in epoch 32 [aggregation then communication] ---
--- client 5 in epoch 32 [aggregation then communication] ---
--- client 6 in epoch 32 [aggregation then communication] ---
--- client 7 in epoch 32 [aggregation then communication] ---
--- client 8 in epoch 32 [aggregation then communication] ---
--- client 9 in epoch 32 [aggregation then communication] ---
--- global epoch 32: global acc = 88.74% ---
--- local epoch 32: local acc = [C0:98.88%, C1:98.98%, C2:98.79%, C3:98.95%, C4:99.24%, C5:99.04%, C6:99.15%, C7:98.77%, C8:98.88%, C9:99.03%] ---

--- global epoch 33/60 ---
--- At epoch 33, learning rate decays to 0.004842 ---
--- client 0 in epoch 33 [aggregation then communication] ---
--- client 1 in epoch 33 [aggregation then communication] ---
--- client 2 in epoch 33 [aggregation then communication] ---
--- client 3 in epoch 33 [aggregation then communication] ---
--- client 4 in epoch 33 [aggregation then communication] ---
--- client 5 in epoch 33 [aggregation then communication] ---
--- client 6 in epoch 33 [aggregation then communication] ---
--- client 7 in epoch 33 [aggregation then communication] ---
--- client 8 in epoch 33 [aggregation then communication] ---
--- client 9 in epoch 33 [aggregation then communication] ---
--- global epoch 33: global acc = 88.56% ---
--- local epoch 33: local acc = [C0:99.29%, C1:98.90%, C2:98.81%, C3:98.79%, C4:98.69%, C5:98.96%, C6:98.67%, C7:98.80%, C8:99.93%, C9:98.86%] ---

--- global epoch 34/60 ---
--- At epoch 34, learning rate decays to 0.004838 ---
--- client 0 in epoch 34 [aggregation then communication] ---
--- client 1 in epoch 34 [aggregation then communication] ---
--- client 2 in epoch 34 [aggregation then communication] ---
--- client 3 in epoch 34 [aggregation then communication] ---
--- client 4 in epoch 34 [aggregation then communication] ---
--- client 5 in epoch 34 [aggregation then communication] ---
--- client 6 in epoch 34 [aggregation then communication] ---
--- client 7 in epoch 34 [aggregation then communication] ---
--- client 8 in epoch 34 [aggregation then communication] ---
--- client 9 in epoch 34 [aggregation then communication] ---
--- global epoch 34: global acc = 89.05% ---
--- local epoch 34: local acc = [C0:100.00%, C1:99.08%, C2:98.78%, C3:98.80%, C4:98.74%, C5:98.81%, C6:98.91%, C7:99.07%, C8:98.81%, C9:98.69%] ---

--- global epoch 35/60 ---
--- At epoch 35, learning rate decays to 0.004833 ---
--- client 0 in epoch 35 [aggregation then communication] ---
--- client 1 in epoch 35 [aggregation then communication] ---
--- client 2 in epoch 35 [aggregation then communication] ---
--- client 3 in epoch 35 [aggregation then communication] ---
--- client 4 in epoch 35 [aggregation then communication] ---
--- client 5 in epoch 35 [aggregation then communication] ---
--- client 6 in epoch 35 [aggregation then communication] ---
--- client 7 in epoch 35 [aggregation then communication] ---
--- client 8 in epoch 35 [aggregation then communication] ---
--- client 9 in epoch 35 [aggregation then communication] ---
--- global epoch 35: global acc = 88.58% ---
--- local epoch 35: local acc = [C0:99.07%, C1:99.30%, C2:98.78%, C3:99.01%, C4:99.00%, C5:98.99%, C6:99.72%, C7:99.27%, C8:99.18%, C9:98.66%] ---

--- global epoch 36/60 ---
--- At epoch 36, learning rate decays to 0.004828 ---
--- client 0 in epoch 36 [aggregation then communication] ---
--- client 1 in epoch 36 [aggregation then communication] ---
--- client 2 in epoch 36 [aggregation then communication] ---
--- client 3 in epoch 36 [aggregation then communication] ---
--- client 4 in epoch 36 [aggregation then communication] ---
--- client 5 in epoch 36 [aggregation then communication] ---
--- client 6 in epoch 36 [aggregation then communication] ---
--- client 7 in epoch 36 [aggregation then communication] ---
--- client 8 in epoch 36 [aggregation then communication] ---
--- client 9 in epoch 36 [aggregation then communication] ---
--- global epoch 36: global acc = 89.21% ---
--- local epoch 36: local acc = [C0:99.81%, C1:99.44%, C2:98.93%, C3:99.22%, C4:98.96%, C5:99.04%, C6:98.67%, C7:99.20%, C8:98.87%, C9:98.88%] ---

--- global epoch 37/60 ---
--- At epoch 37, learning rate decays to 0.004823 ---
--- client 0 in epoch 37 [aggregation then communication] ---
--- client 1 in epoch 37 [aggregation then communication] ---
--- client 2 in epoch 37 [aggregation then communication] ---
--- client 3 in epoch 37 [aggregation then communication] ---
--- client 4 in epoch 37 [aggregation then communication] ---
--- client 5 in epoch 37 [aggregation then communication] ---
--- client 6 in epoch 37 [aggregation then communication] ---
--- client 7 in epoch 37 [aggregation then communication] ---
--- client 8 in epoch 37 [aggregation then communication] ---
--- client 9 in epoch 37 [aggregation then communication] ---
--- global epoch 37: global acc = 88.84% ---
--- local epoch 37: local acc = [C0:99.04%, C1:99.35%, C2:100.00%, C3:98.95%, C4:99.05%, C5:99.09%, C6:99.02%, C7:100.00%, C8:99.34%, C9:99.28%] ---

--- global epoch 38/60 ---
--- At epoch 38, learning rate decays to 0.004818 ---
--- client 0 in epoch 38 [aggregation then communication] ---
--- client 1 in epoch 38 [aggregation then communication] ---
--- client 2 in epoch 38 [aggregation then communication] ---
--- client 3 in epoch 38 [aggregation then communication] ---
--- client 4 in epoch 38 [aggregation then communication] ---
--- client 5 in epoch 38 [aggregation then communication] ---
--- client 6 in epoch 38 [aggregation then communication] ---
--- client 7 in epoch 38 [aggregation then communication] ---
--- client 8 in epoch 38 [aggregation then communication] ---
--- client 9 in epoch 38 [aggregation then communication] ---
--- global epoch 38: global acc = 89.76% ---
--- local epoch 38: local acc = [C0:99.40%, C1:99.66%, C2:98.87%, C3:99.11%, C4:98.97%, C5:99.15%, C6:99.21%, C7:99.17%, C8:98.99%, C9:99.20%] ---

--- global epoch 39/60 ---
--- At epoch 39, learning rate decays to 0.004813 ---
--- client 0 in epoch 39 [aggregation then communication] ---
--- client 1 in epoch 39 [aggregation then communication] ---
--- client 2 in epoch 39 [aggregation then communication] ---
--- client 3 in epoch 39 [aggregation then communication] ---
--- client 4 in epoch 39 [aggregation then communication] ---
--- client 5 in epoch 39 [aggregation then communication] ---
--- client 6 in epoch 39 [aggregation then communication] ---
--- client 7 in epoch 39 [aggregation then communication] ---
--- client 8 in epoch 39 [aggregation then communication] ---
--- client 9 in epoch 39 [aggregation then communication] ---
--- global epoch 39: global acc = 89.87% ---
--- local epoch 39: local acc = [C0:99.64%, C1:99.32%, C2:99.09%, C3:99.09%, C4:98.99%, C5:99.08%, C6:99.66%, C7:99.30%, C8:99.03%, C9:99.10%] ---

--- global epoch 40/60 ---
--- At epoch 40, learning rate decays to 0.004809 ---
--- client 0 in epoch 40 [aggregation then communication] ---
--- client 1 in epoch 40 [aggregation then communication] ---
--- client 2 in epoch 40 [aggregation then communication] ---
--- client 3 in epoch 40 [aggregation then communication] ---
--- client 4 in epoch 40 [aggregation then communication] ---
--- client 5 in epoch 40 [aggregation then communication] ---
--- client 6 in epoch 40 [aggregation then communication] ---
--- client 7 in epoch 40 [aggregation then communication] ---
--- client 8 in epoch 40 [aggregation then communication] ---
--- client 9 in epoch 40 [aggregation then communication] ---
--- global epoch 40: global acc = 88.52% ---
--- local epoch 40: local acc = [C0:99.27%, C1:99.82%, C2:99.18%, C3:99.07%, C4:99.15%, C5:99.27%, C6:99.23%, C7:99.18%, C8:98.94%, C9:99.04%] ---

--- global epoch 41/60 ---
--- At epoch 41, learning rate decays to 0.004804 ---
--- client 0 in epoch 41 [aggregation then communication] ---
--- client 1 in epoch 41 [aggregation then communication] ---
--- client 2 in epoch 41 [aggregation then communication] ---
--- client 3 in epoch 41 [aggregation then communication] ---
--- client 4 in epoch 41 [aggregation then communication] ---
--- client 5 in epoch 41 [aggregation then communication] ---
--- client 6 in epoch 41 [aggregation then communication] ---
--- client 7 in epoch 41 [aggregation then communication] ---
--- client 8 in epoch 41 [aggregation then communication] ---
--- client 9 in epoch 41 [aggregation then communication] ---
--- global epoch 41: global acc = 89.08% ---
--- local epoch 41: local acc = [C0:100.00%, C1:99.32%, C2:99.21%, C3:99.14%, C4:99.08%, C5:99.41%, C6:99.29%, C7:99.51%, C8:99.03%, C9:99.28%] ---

--- global epoch 42/60 ---
--- At epoch 42, learning rate decays to 0.004799 ---
--- client 0 in epoch 42 [aggregation then communication] ---
--- client 1 in epoch 42 [aggregation then communication] ---
--- client 2 in epoch 42 [aggregation then communication] ---
--- client 3 in epoch 42 [aggregation then communication] ---
--- client 4 in epoch 42 [aggregation then communication] ---
--- client 5 in epoch 42 [aggregation then communication] ---
--- client 6 in epoch 42 [aggregation then communication] ---
--- client 7 in epoch 42 [aggregation then communication] ---
--- client 8 in epoch 42 [aggregation then communication] ---
--- client 9 in epoch 42 [aggregation then communication] ---
--- global epoch 42: global acc = 89.64% ---
--- local epoch 42: local acc = [C0:99.38%, C1:99.54%, C2:99.43%, C3:99.16%, C4:99.16%, C5:99.41%, C6:99.32%, C7:99.14%, C8:99.37%, C9:99.24%] ---

--- global epoch 43/60 ---
--- At epoch 43, learning rate decays to 0.004794 ---
--- client 0 in epoch 43 [aggregation then communication] ---
--- client 1 in epoch 43 [aggregation then communication] ---
--- client 2 in epoch 43 [aggregation then communication] ---
--- client 3 in epoch 43 [aggregation then communication] ---
--- client 4 in epoch 43 [aggregation then communication] ---
--- client 5 in epoch 43 [aggregation then communication] ---
--- client 6 in epoch 43 [aggregation then communication] ---
--- client 7 in epoch 43 [aggregation then communication] ---
--- client 8 in epoch 43 [aggregation then communication] ---
--- client 9 in epoch 43 [aggregation then communication] ---
--- global epoch 43: global acc = 89.25% ---
--- local epoch 43: local acc = [C0:99.51%, C1:99.38%, C2:99.39%, C3:99.31%, C4:99.33%, C5:99.32%, C6:99.27%, C7:99.42%, C8:99.32%, C9:99.31%] ---

--- global epoch 44/60 ---
--- At epoch 44, learning rate decays to 0.004789 ---
--- client 0 in epoch 44 [aggregation then communication] ---
--- client 1 in epoch 44 [aggregation then communication] ---
--- client 2 in epoch 44 [aggregation then communication] ---
--- client 3 in epoch 44 [aggregation then communication] ---
--- client 4 in epoch 44 [aggregation then communication] ---
--- client 5 in epoch 44 [aggregation then communication] ---
--- client 6 in epoch 44 [aggregation then communication] ---
--- client 7 in epoch 44 [aggregation then communication] ---
--- client 8 in epoch 44 [aggregation then communication] ---
--- client 9 in epoch 44 [aggregation then communication] ---
--- global epoch 44: global acc = 89.44% ---
--- local epoch 44: local acc = [C0:100.00%, C1:99.31%, C2:99.48%, C3:99.52%, C4:99.37%, C5:99.56%, C6:99.22%, C7:99.30%, C8:99.69%, C9:99.42%] ---

--- global epoch 45/60 ---
--- At epoch 45, learning rate decays to 0.004785 ---
--- client 0 in epoch 45 [aggregation then communication] ---
--- client 1 in epoch 45 [aggregation then communication] ---
--- client 2 in epoch 45 [aggregation then communication] ---
--- client 3 in epoch 45 [aggregation then communication] ---
--- client 4 in epoch 45 [aggregation then communication] ---
--- client 5 in epoch 45 [aggregation then communication] ---
--- client 6 in epoch 45 [aggregation then communication] ---
--- client 7 in epoch 45 [aggregation then communication] ---
--- client 8 in epoch 45 [aggregation then communication] ---
--- client 9 in epoch 45 [aggregation then communication] ---
--- global epoch 45: global acc = 89.72% ---
--- local epoch 45: local acc = [C0:99.31%, C1:99.56%, C2:99.72%, C3:99.49%, C4:99.31%, C5:99.36%, C6:99.46%, C7:99.31%, C8:99.36%, C9:99.62%] ---

--- global epoch 46/60 ---
--- At epoch 46, learning rate decays to 0.004780 ---
--- client 0 in epoch 46 [aggregation then communication] ---
--- client 1 in epoch 46 [aggregation then communication] ---
--- client 2 in epoch 46 [aggregation then communication] ---
--- client 3 in epoch 46 [aggregation then communication] ---
--- client 4 in epoch 46 [aggregation then communication] ---
--- client 5 in epoch 46 [aggregation then communication] ---
--- client 6 in epoch 46 [aggregation then communication] ---
--- client 7 in epoch 46 [aggregation then communication] ---
--- client 8 in epoch 46 [aggregation then communication] ---
--- client 9 in epoch 46 [aggregation then communication] ---
--- global epoch 46: global acc = 89.47% ---
--- local epoch 46: local acc = [C0:99.26%, C1:99.47%, C2:99.43%, C3:99.23%, C4:99.02%, C5:99.28%, C6:99.34%, C7:99.57%, C8:99.23%, C9:99.31%] ---

--- global epoch 47/60 ---
--- At epoch 47, learning rate decays to 0.004775 ---
--- client 0 in epoch 47 [aggregation then communication] ---
--- client 1 in epoch 47 [aggregation then communication] ---
--- client 2 in epoch 47 [aggregation then communication] ---
--- client 3 in epoch 47 [aggregation then communication] ---
--- client 4 in epoch 47 [aggregation then communication] ---
--- client 5 in epoch 47 [aggregation then communication] ---
--- client 6 in epoch 47 [aggregation then communication] ---
--- client 7 in epoch 47 [aggregation then communication] ---
--- client 8 in epoch 47 [aggregation then communication] ---
--- client 9 in epoch 47 [aggregation then communication] ---
--- global epoch 47: global acc = 89.50% ---
--- local epoch 47: local acc = [C0:100.00%, C1:99.78%, C2:99.79%, C3:99.32%, C4:99.40%, C5:99.33%, C6:99.22%, C7:99.37%, C8:99.50%, C9:99.41%] ---

--- global epoch 48/60 ---
--- At epoch 48, learning rate decays to 0.004770 ---
--- client 0 in epoch 48 [aggregation then communication] ---
--- client 1 in epoch 48 [aggregation then communication] ---
--- client 2 in epoch 48 [aggregation then communication] ---
--- client 3 in epoch 48 [aggregation then communication] ---
--- client 4 in epoch 48 [aggregation then communication] ---
--- client 5 in epoch 48 [aggregation then communication] ---
--- client 6 in epoch 48 [aggregation then communication] ---
--- client 7 in epoch 48 [aggregation then communication] ---
--- client 8 in epoch 48 [aggregation then communication] ---
--- client 9 in epoch 48 [aggregation then communication] ---
--- global epoch 48: global acc = 88.68% ---
--- local epoch 48: local acc = [C0:99.32%, C1:99.85%, C2:99.54%, C3:99.95%, C4:99.40%, C5:99.57%, C6:99.55%, C7:99.37%, C8:99.37%, C9:99.35%] ---

--- global epoch 49/60 ---
--- At epoch 49, learning rate decays to 0.004766 ---
--- client 0 in epoch 49 [aggregation then communication] ---
--- client 1 in epoch 49 [aggregation then communication] ---
--- client 2 in epoch 49 [aggregation then communication] ---
--- client 3 in epoch 49 [aggregation then communication] ---
--- client 4 in epoch 49 [aggregation then communication] ---
--- client 5 in epoch 49 [aggregation then communication] ---
--- client 6 in epoch 49 [aggregation then communication] ---
--- client 7 in epoch 49 [aggregation then communication] ---
--- client 8 in epoch 49 [aggregation then communication] ---
--- client 9 in epoch 49 [aggregation then communication] ---
--- global epoch 49: global acc = 89.56% ---
--- local epoch 49: local acc = [C0:99.51%, C1:99.74%, C2:99.55%, C3:99.30%, C4:99.07%, C5:99.85%, C6:99.83%, C7:99.00%, C8:99.46%, C9:99.64%] ---

--- global epoch 50/60 ---
--- At epoch 50, learning rate decays to 0.004761 ---
--- client 0 in epoch 50 [aggregation then communication] ---
--- client 1 in epoch 50 [aggregation then communication] ---
--- client 2 in epoch 50 [aggregation then communication] ---
--- client 3 in epoch 50 [aggregation then communication] ---
--- client 4 in epoch 50 [aggregation then communication] ---
--- client 5 in epoch 50 [aggregation then communication] ---
--- client 6 in epoch 50 [aggregation then communication] ---
--- client 7 in epoch 50 [aggregation then communication] ---
--- client 8 in epoch 50 [aggregation then communication] ---
--- client 9 in epoch 50 [aggregation then communication] ---
--- global epoch 50: global acc = 89.84% ---
--- local epoch 50: local acc = [C0:99.56%, C1:99.69%, C2:99.90%, C3:99.47%, C4:99.37%, C5:99.67%, C6:99.40%, C7:99.77%, C8:99.54%, C9:99.68%] ---

--- global epoch 51/60 ---
--- At epoch 51, learning rate decays to 0.004756 ---
--- client 0 in epoch 51 [aggregation then communication] ---
--- client 1 in epoch 51 [aggregation then communication] ---
--- client 2 in epoch 51 [aggregation then communication] ---
--- client 3 in epoch 51 [aggregation then communication] ---
--- client 4 in epoch 51 [aggregation then communication] ---
--- client 5 in epoch 51 [aggregation then communication] ---
--- client 6 in epoch 51 [aggregation then communication] ---
--- client 7 in epoch 51 [aggregation then communication] ---
--- client 8 in epoch 51 [aggregation then communication] ---
--- client 9 in epoch 51 [aggregation then communication] ---
--- global epoch 51: global acc = 88.93% ---
--- local epoch 51: local acc = [C0:99.45%, C1:99.92%, C2:99.78%, C3:99.99%, C4:99.52%, C5:99.73%, C6:99.30%, C7:99.61%, C8:99.68%, C9:99.51%] ---

--- global epoch 52/60 ---
--- At epoch 52, learning rate decays to 0.004751 ---
--- client 0 in epoch 52 [aggregation then communication] ---
--- client 1 in epoch 52 [aggregation then communication] ---
--- client 2 in epoch 52 [aggregation then communication] ---
--- client 3 in epoch 52 [aggregation then communication] ---
--- client 4 in epoch 52 [aggregation then communication] ---
--- client 5 in epoch 52 [aggregation then communication] ---
--- client 6 in epoch 52 [aggregation then communication] ---
--- client 7 in epoch 52 [aggregation then communication] ---
--- client 8 in epoch 52 [aggregation then communication] ---
--- client 9 in epoch 52 [aggregation then communication] ---
--- global epoch 52: global acc = 90.21% ---
--- local epoch 52: local acc = [C0:99.77%, C1:99.40%, C2:99.71%, C3:99.82%, C4:99.37%, C5:99.80%, C6:99.56%, C7:99.54%, C8:99.71%, C9:99.43%] ---

--- global epoch 53/60 ---
--- At epoch 53, learning rate decays to 0.004747 ---
--- client 0 in epoch 53 [aggregation then communication] ---
--- client 1 in epoch 53 [aggregation then communication] ---
--- client 2 in epoch 53 [aggregation then communication] ---
--- client 3 in epoch 53 [aggregation then communication] ---
--- client 4 in epoch 53 [aggregation then communication] ---
--- client 5 in epoch 53 [aggregation then communication] ---
--- client 6 in epoch 53 [aggregation then communication] ---
--- client 7 in epoch 53 [aggregation then communication] ---
--- client 8 in epoch 53 [aggregation then communication] ---
--- client 9 in epoch 53 [aggregation then communication] ---
--- global epoch 53: global acc = 89.79% ---
--- local epoch 53: local acc = [C0:99.64%, C1:99.78%, C2:99.55%, C3:99.09%, C4:99.99%, C5:99.57%, C6:99.49%, C7:99.90%, C8:99.88%, C9:99.61%] ---

--- global epoch 54/60 ---
--- At epoch 54, learning rate decays to 0.004742 ---
--- client 0 in epoch 54 [aggregation then communication] ---
--- client 1 in epoch 54 [aggregation then communication] ---
--- client 2 in epoch 54 [aggregation then communication] ---
--- client 3 in epoch 54 [aggregation then communication] ---
--- client 4 in epoch 54 [aggregation then communication] ---
--- client 5 in epoch 54 [aggregation then communication] ---
--- client 6 in epoch 54 [aggregation then communication] ---
--- client 7 in epoch 54 [aggregation then communication] ---
--- client 8 in epoch 54 [aggregation then communication] ---
--- client 9 in epoch 54 [aggregation then communication] ---
--- global epoch 54: global acc = 89.81% ---
--- local epoch 54: local acc = [C0:99.77%, C1:99.70%, C2:99.81%, C3:99.40%, C4:99.40%, C5:99.66%, C6:99.77%, C7:99.48%, C8:99.61%, C9:99.82%] ---

--- global epoch 55/60 ---
--- At epoch 55, learning rate decays to 0.004737 ---
--- client 0 in epoch 55 [aggregation then communication] ---
--- client 1 in epoch 55 [aggregation then communication] ---
--- client 2 in epoch 55 [aggregation then communication] ---
--- client 3 in epoch 55 [aggregation then communication] ---
--- client 4 in epoch 55 [aggregation then communication] ---
--- client 5 in epoch 55 [aggregation then communication] ---
--- client 6 in epoch 55 [aggregation then communication] ---
--- client 7 in epoch 55 [aggregation then communication] ---
--- client 8 in epoch 55 [aggregation then communication] ---
--- client 9 in epoch 55 [aggregation then communication] ---
--- global epoch 55: global acc = 90.08% ---
--- local epoch 55: local acc = [C0:100.00%, C1:99.69%, C2:99.84%, C3:99.93%, C4:99.58%, C5:99.86%, C6:99.90%, C7:99.81%, C8:99.89%, C9:99.46%] ---

--- global epoch 56/60 ---
--- At epoch 56, learning rate decays to 0.004732 ---
--- client 0 in epoch 56 [aggregation then communication] ---
--- client 1 in epoch 56 [aggregation then communication] ---
--- client 2 in epoch 56 [aggregation then communication] ---
--- client 3 in epoch 56 [aggregation then communication] ---
--- client 4 in epoch 56 [aggregation then communication] ---
--- client 5 in epoch 56 [aggregation then communication] ---
--- client 6 in epoch 56 [aggregation then communication] ---
--- client 7 in epoch 56 [aggregation then communication] ---
--- client 8 in epoch 56 [aggregation then communication] ---
--- client 9 in epoch 56 [aggregation then communication] ---
--- global epoch 56: global acc = 90.26% ---
--- local epoch 56: local acc = [C0:99.75%, C1:99.94%, C2:99.27%, C3:99.25%, C4:99.52%, C5:99.95%, C6:99.76%, C7:99.60%, C8:99.64%, C9:99.50%] ---

--- global epoch 57/60 ---
--- At epoch 57, learning rate decays to 0.004728 ---
--- client 0 in epoch 57 [aggregation then communication] ---
--- client 1 in epoch 57 [aggregation then communication] ---
--- client 2 in epoch 57 [aggregation then communication] ---
--- client 3 in epoch 57 [aggregation then communication] ---
--- client 4 in epoch 57 [aggregation then communication] ---
--- client 5 in epoch 57 [aggregation then communication] ---
--- client 6 in epoch 57 [aggregation then communication] ---
--- client 7 in epoch 57 [aggregation then communication] ---
--- client 8 in epoch 57 [aggregation then communication] ---
--- client 9 in epoch 57 [aggregation then communication] ---
--- global epoch 57: global acc = 90.39% ---
--- local epoch 57: local acc = [C0:99.98%, C1:99.88%, C2:99.86%, C3:99.89%, C4:99.42%, C5:99.64%, C6:99.92%, C7:99.93%, C8:99.45%, C9:99.54%] ---

--- global epoch 58/60 ---
--- At epoch 58, learning rate decays to 0.004723 ---
--- client 0 in epoch 58 [aggregation then communication] ---
--- client 1 in epoch 58 [aggregation then communication] ---
--- client 2 in epoch 58 [aggregation then communication] ---
--- client 3 in epoch 58 [aggregation then communication] ---
--- client 4 in epoch 58 [aggregation then communication] ---
--- client 5 in epoch 58 [aggregation then communication] ---
--- client 6 in epoch 58 [aggregation then communication] ---
--- client 7 in epoch 58 [aggregation then communication] ---
--- client 8 in epoch 58 [aggregation then communication] ---
--- client 9 in epoch 58 [aggregation then communication] ---
--- global epoch 58: global acc = 89.84% ---
--- local epoch 58: local acc = [C0:99.72%, C1:99.48%, C2:99.99%, C3:99.96%, C4:99.90%, C5:99.95%, C6:99.83%, C7:99.98%, C8:99.77%, C9:99.83%] ---

--- global epoch 59/60 ---
--- At epoch 59, learning rate decays to 0.004718 ---
--- client 0 in epoch 59 [aggregation then communication] ---
--- client 1 in epoch 59 [aggregation then communication] ---
--- client 2 in epoch 59 [aggregation then communication] ---
--- client 3 in epoch 59 [aggregation then communication] ---
--- client 4 in epoch 59 [aggregation then communication] ---
--- client 5 in epoch 59 [aggregation then communication] ---
--- client 6 in epoch 59 [aggregation then communication] ------ client 7 in epoch 59 [aggregation then communication] ---

--- client 8 in epoch 59 [aggregation then communication] ------ client 9 in epoch 59 [aggregation then communication] ---

--- global epoch 59: global acc = 89.98% ---
--- local epoch 59: local acc = [C0:99.93%, C1:100.00%, C2:99.99%, C3:99.53%, C4:99.83%, C5:99.95%, C6:100.00%, C7:100.00%, C8:99.96%, C9:99.75%] ---

--- global epoch 60/60 ---
--- At epoch 60, learning rate decays to 0.004713 ---
--- client 0 in epoch 60 [aggregation then communication] ---
--- client 1 in epoch 60 [aggregation then communication] ---
--- client 2 in epoch 60 [aggregation then communication] ---
--- client 3 in epoch 60 [aggregation then communication] ---
--- client 4 in epoch 60 [aggregation then communication] ---
--- client 5 in epoch 60 [aggregation then communication] ---
--- client 6 in epoch 60 [aggregation then communication] ---
--- client 7 in epoch 60 [aggregation then communication] ---
--- client 8 in epoch 60 [aggregation then communication] ---
--- client 9 in epoch 60 [aggregation then communication] ---
--- global epoch 60: global acc = 90.22% ---
--- local epoch 60: local acc = [C0:99.99%, C1:99.47%, C2:99.94%, C3:99.57%, C4:99.52%, C5:100.00%, C6:99.62%, C7:99.39%, C8:99.98%, C9:99.40%] ---
Total runtime: 7046.19s (1:57:26)

 saving results
results save in C:\Users\Kong\Desktop\\decentralized_federated_learning-master\decentralized_federated_learning-master\res\clients_10-epochs_5-20250923_033324.json
