client 0 initial number of neighbors: 9
client 1 initial number of neighbors: 9
client 2 initial number of neighbors: 9
client 3 initial number of neighbors: 9
client 4 initial number of neighbors: 9
client 5 initial number of neighbors: 9
client 6 initial number of neighbors: 9
client 7 initial number of neighbors: 9
client 8 initial number of neighbors: 9
client 9 initial number of neighbors: 9

 training begins! (epoch-by-epoch parallel mode with global evaluation)

--- global epoch 1/60 ---
--- client 0 in epoch 1 [aggregation then communication] ---
--- client 1 in epoch 1 [aggregation then communication] ---
--- client 2 in epoch 1 [aggregation then communication] ---
--- client 3 in epoch 1 [aggregation then communication] ---
--- client 4 in epoch 1 [aggregation then communication] ---
--- client 5 in epoch 1 [aggregation then communication] ---
--- client 6 in epoch 1 [aggregation then communication] ---
--- client 7 in epoch 1 [aggregation then communication] ---
--- client 8 in epoch 1 [aggregation then communication] ---
--- client 9 in epoch 1 [aggregation then communication] ---
--- global epoch 1: global acc = 10.00% ---
--- local epoch 1: local acc = [C0:26.97%, C1:25.58%, C2:26.25%, C3:24.22%, C4:26.02%, C5:25.80%, C6:25.67%, C7:26.22%, C8:24.65%, C9:26.63%] ---

--- global epoch 2/60 ---
--- At epoch 2, learning rate decays to 0.009990 ---
--- client 0 in epoch 2 [aggregation then communication] ---
--- client 1 in epoch 2 [aggregation then communication] ---
--- client 2 in epoch 2 [aggregation then communication] ---
--- client 3 in epoch 2 [aggregation then communication] ---
--- client 4 in epoch 2 [aggregation then communication] ---
--- client 5 in epoch 2 [aggregation then communication] ---
--- client 6 in epoch 2 [aggregation then communication] ---
--- client 7 in epoch 2 [aggregation then communication] ---
--- client 8 in epoch 2 [aggregation then communication] ---
--- client 9 in epoch 2 [aggregation then communication] ---
--- global epoch 2: global acc = 31.93% ---
--- local epoch 2: local acc = [C0:32.73%, C1:29.67%, C2:28.55%, C3:28.33%, C4:29.37%, C5:30.03%, C6:29.10%, C7:31.70%, C8:29.23%, C9:28.68%] ---

--- global epoch 3/60 ---
--- At epoch 3, learning rate decays to 0.009980 ---
--- client 0 in epoch 3 [aggregation then communication] ---
--- client 1 in epoch 3 [aggregation then communication] ---
--- client 2 in epoch 3 [aggregation then communication] ---
--- client 3 in epoch 3 [aggregation then communication] ---
--- client 4 in epoch 3 [aggregation then communication] ---
--- client 5 in epoch 3 [aggregation then communication] ---
--- client 6 in epoch 3 [aggregation then communication] ---
--- client 7 in epoch 3 [aggregation then communication] ---
--- client 8 in epoch 3 [aggregation then communication] ---
--- client 9 in epoch 3 [aggregation then communication] ---
--- global epoch 3: global acc = 38.40% ---
--- local epoch 3: local acc = [C0:40.05%, C1:38.30%, C2:38.35%, C3:38.00%, C4:39.35%, C5:37.77%, C6:38.08%, C7:38.23%, C8:38.13%, C9:39.13%] ---

--- global epoch 4/60 ---
--- At epoch 4, learning rate decays to 0.009970 ---
--- client 0 in epoch 4 [aggregation then communication] ---
--- client 1 in epoch 4 [aggregation then communication] ---
--- client 2 in epoch 4 [aggregation then communication] ---
--- client 3 in epoch 4 [aggregation then communication] ---
--- client 4 in epoch 4 [aggregation then communication] ---
--- client 5 in epoch 4 [aggregation then communication] ---
--- client 6 in epoch 4 [aggregation then communication] ---
--- client 7 in epoch 4 [aggregation then communication] ---
--- client 8 in epoch 4 [aggregation then communication] ---
--- client 9 in epoch 4 [aggregation then communication] ---
--- global epoch 4: global acc = 45.80% ---
--- local epoch 4: local acc = [C0:45.80%, C1:44.67%, C2:45.05%, C3:44.27%, C4:44.42%, C5:45.98%, C6:44.23%, C7:44.67%, C8:44.90%, C9:45.50%] ---

--- global epoch 5/60 ---
--- At epoch 5, learning rate decays to 0.009960 ---
--- client 0 in epoch 5 [aggregation then communication] ---
--- client 1 in epoch 5 [aggregation then communication] ---
--- client 2 in epoch 5 [aggregation then communication] ---
--- client 3 in epoch 5 [aggregation then communication] ---
--- client 4 in epoch 5 [aggregation then communication] ---
--- client 5 in epoch 5 [aggregation then communication] ---
--- client 6 in epoch 5 [aggregation then communication] ---
--- client 7 in epoch 5 [aggregation then communication] ---
--- client 8 in epoch 5 [aggregation then communication] ---
--- client 9 in epoch 5 [aggregation then communication] ---
--- global epoch 5: global acc = 54.57% ---
--- local epoch 5: local acc = [C0:52.53%, C1:52.00%, C2:50.43%, C3:51.57%, C4:52.57%, C5:51.28%, C6:52.17%, C7:52.37%, C8:51.27%, C9:51.15%] ---

--- global epoch 6/60 ---
--- At epoch 6, learning rate decays to 0.009950 ---
--- client 0 in epoch 6 [aggregation then communication] ---
--- client 1 in epoch 6 [aggregation then communication] ---
--- client 2 in epoch 6 [aggregation then communication] ---
--- client 3 in epoch 6 [aggregation then communication] ---
--- client 4 in epoch 6 [aggregation then communication] ---
--- client 5 in epoch 6 [aggregation then communication] ---
--- client 6 in epoch 6 [aggregation then communication] ---
--- client 7 in epoch 6 [aggregation then communication] ---
--- client 8 in epoch 6 [aggregation then communication] ---
--- client 9 in epoch 6 [aggregation then communication] ---
--- global epoch 6: global acc = 61.77% ---
--- local epoch 6: local acc = [C0:57.87%, C1:57.35%, C2:57.73%, C3:57.00%, C4:55.73%, C5:58.75%, C6:57.32%, C7:56.63%, C8:58.42%, C9:57.48%] ---

--- global epoch 7/60 ---
--- At epoch 7, learning rate decays to 0.009940 ---
--- client 0 in epoch 7 [aggregation then communication] ---
--- client 1 in epoch 7 [aggregation then communication] ---
--- client 2 in epoch 7 [aggregation then communication] ---
--- client 3 in epoch 7 [aggregation then communication] ---
--- client 4 in epoch 7 [aggregation then communication] ---
--- client 5 in epoch 7 [aggregation then communication] ---
--- client 6 in epoch 7 [aggregation then communication] ---
--- client 7 in epoch 7 [aggregation then communication] ---
--- client 8 in epoch 7 [aggregation then communication] ---
--- client 9 in epoch 7 [aggregation then communication] ---
--- global epoch 7: global acc = 64.31% ---
--- local epoch 7: local acc = [C0:62.38%, C1:61.73%, C2:62.12%, C3:61.98%, C4:61.48%, C5:61.67%, C6:61.12%, C7:62.25%, C8:62.02%, C9:63.18%] ---

--- global epoch 8/60 ---
--- At epoch 8, learning rate decays to 0.009930 ---
--- client 0 in epoch 8 [aggregation then communication] ---
--- client 1 in epoch 8 [aggregation then communication] ---
--- client 2 in epoch 8 [aggregation then communication] ---
--- client 3 in epoch 8 [aggregation then communication] ---
--- client 4 in epoch 8 [aggregation then communication] ---
--- client 5 in epoch 8 [aggregation then communication] ---
--- client 6 in epoch 8 [aggregation then communication] ---
--- client 7 in epoch 8 [aggregation then communication] ---
--- client 8 in epoch 8 [aggregation then communication] ---
--- client 9 in epoch 8 [aggregation then communication] ---
--- global epoch 8: global acc = 70.34% ---
--- local epoch 8: local acc = [C0:67.30%, C1:64.92%, C2:67.03%, C3:66.72%, C4:66.05%, C5:65.95%, C6:67.47%, C7:67.75%, C8:66.87%, C9:67.37%] ---

--- global epoch 9/60 ---
--- At epoch 9, learning rate decays to 0.009920 ---
--- client 0 in epoch 9 [aggregation then communication] ---
--- client 1 in epoch 9 [aggregation then communication] ---
--- client 2 in epoch 9 [aggregation then communication] ---
--- client 3 in epoch 9 [aggregation then communication] ---
--- client 4 in epoch 9 [aggregation then communication] ---
--- client 5 in epoch 9 [aggregation then communication] ---
--- client 6 in epoch 9 [aggregation then communication] ---
--- client 7 in epoch 9 [aggregation then communication] ---
--- client 8 in epoch 9 [aggregation then communication] ---
--- client 9 in epoch 9 [aggregation then communication] ---
--- global epoch 9: global acc = 72.87% ---
--- local epoch 9: local acc = [C0:70.08%, C1:70.78%, C2:70.22%, C3:70.30%, C4:70.32%, C5:71.32%, C6:71.30%, C7:70.17%, C8:71.85%, C9:70.63%] ---

--- global epoch 10/60 ---
--- At epoch 10, learning rate decays to 0.009910 ---
--- client 0 in epoch 10 [aggregation then communication] ---
--- client 1 in epoch 10 [aggregation then communication] ---
--- client 2 in epoch 10 [aggregation then communication] ---
--- client 3 in epoch 10 [aggregation then communication] ---
--- client 4 in epoch 10 [aggregation then communication] ---
--- client 5 in epoch 10 [aggregation then communication] ---
--- client 6 in epoch 10 [aggregation then communication] ---
--- client 7 in epoch 10 [aggregation then communication] ---
--- client 8 in epoch 10 [aggregation then communication] ---
--- client 9 in epoch 10 [aggregation then communication] ---
--- global epoch 10: global acc = 76.15% ---
--- local epoch 10: local acc = [C0:72.77%, C1:73.65%, C2:72.87%, C3:72.82%, C4:73.75%, C5:74.25%, C6:74.05%, C7:73.38%, C8:73.67%, C9:73.40%] ---

--- global epoch 11/60 ---
--- At epoch 11, learning rate decays to 0.009900 ---
--- client 0 in epoch 11 [aggregation then communication] ---
--- client 1 in epoch 11 [aggregation then communication] ---
--- client 2 in epoch 11 [aggregation then communication] ---
--- client 3 in epoch 11 [aggregation then communication] ---
--- client 4 in epoch 11 [aggregation then communication] ---
--- client 5 in epoch 11 [aggregation then communication] ---
--- client 6 in epoch 11 [aggregation then communication] ---
--- client 7 in epoch 11 [aggregation then communication] ---
--- client 8 in epoch 11 [aggregation then communication] ---
--- client 9 in epoch 11 [aggregation then communication] ---
--- global epoch 11: global acc = 78.04% ---
--- local epoch 11: local acc = [C0:76.28%, C1:75.50%, C2:76.48%, C3:76.12%, C4:76.32%, C5:77.38%, C6:76.87%, C7:76.37%, C8:76.98%, C9:76.65%] ---

--- global epoch 12/60 ---
--- At epoch 12, learning rate decays to 0.009891 ---
--- client 0 in epoch 12 [aggregation then communication] ---
--- client 1 in epoch 12 [aggregation then communication] ---
--- client 2 in epoch 12 [aggregation then communication] ---
--- client 3 in epoch 12 [aggregation then communication] ---
--- client 4 in epoch 12 [aggregation then communication] ---
--- client 5 in epoch 12 [aggregation then communication] ---
--- client 6 in epoch 12 [aggregation then communication] ---
--- client 7 in epoch 12 [aggregation then communication] ---
--- client 8 in epoch 12 [aggregation then communication] ---
--- client 9 in epoch 12 [aggregation then communication] ---
--- global epoch 12: global acc = 78.90% ---
--- local epoch 12: local acc = [C0:77.52%, C1:77.35%, C2:77.58%, C3:77.52%, C4:77.93%, C5:78.02%, C6:78.67%, C7:77.55%, C8:77.67%, C9:78.27%] ---

--- global epoch 13/60 ---
--- At epoch 13, learning rate decays to 0.009881 ---
--- client 0 in epoch 13 [aggregation then communication] ---
--- client 1 in epoch 13 [aggregation then communication] ---
--- client 2 in epoch 13 [aggregation then communication] ---
--- client 3 in epoch 13 [aggregation then communication] ---
--- client 4 in epoch 13 [aggregation then communication] ---
--- client 5 in epoch 13 [aggregation then communication] ---
--- client 6 in epoch 13 [aggregation then communication] ---
--- client 7 in epoch 13 [aggregation then communication] ---
--- client 8 in epoch 13 [aggregation then communication] ---
--- client 9 in epoch 13 [aggregation then communication] ---
--- global epoch 13: global acc = 78.96% ---
--- local epoch 13: local acc = [C0:79.57%, C1:79.15%, C2:78.52%, C3:78.95%, C4:79.50%, C5:80.18%, C6:79.75%, C7:79.07%, C8:78.60%, C9:79.20%] ---

--- global epoch 14/60 ---
--- At epoch 14, learning rate decays to 0.009871 ---
--- client 0 in epoch 14 [aggregation then communication] ---
--- client 1 in epoch 14 [aggregation then communication] ---
--- client 2 in epoch 14 [aggregation then communication] ---
--- client 3 in epoch 14 [aggregation then communication] ---
--- client 4 in epoch 14 [aggregation then communication] ---
--- client 5 in epoch 14 [aggregation then communication] ---
--- client 6 in epoch 14 [aggregation then communication] ---
--- client 7 in epoch 14 [aggregation then communication] ---
--- client 8 in epoch 14 [aggregation then communication] ---
--- client 9 in epoch 14 [aggregation then communication] ---
--- global epoch 14: global acc = 80.73% ---
--- local epoch 14: local acc = [C0:80.55%, C1:79.50%, C2:79.45%, C3:79.13%, C4:80.40%, C5:80.92%, C6:80.68%, C7:80.15%, C8:80.93%, C9:80.68%] ---

--- global epoch 15/60 ---
--- At epoch 15, learning rate decays to 0.009861 ---
--- client 0 in epoch 15 [aggregation then communication] ---
--- client 1 in epoch 15 [aggregation then communication] ---
--- client 2 in epoch 15 [aggregation then communication] ---
--- client 3 in epoch 15 [aggregation then communication] ---
--- client 4 in epoch 15 [aggregation then communication] ---
--- client 5 in epoch 15 [aggregation then communication] ---
--- client 6 in epoch 15 [aggregation then communication] ---
--- client 7 in epoch 15 [aggregation then communication] ---
--- client 8 in epoch 15 [aggregation then communication] ---
--- client 9 in epoch 15 [aggregation then communication] ---
--- global epoch 15: global acc = 80.54% ---
--- local epoch 15: local acc = [C0:80.88%, C1:80.42%, C2:80.33%, C3:80.27%, C4:81.38%, C5:81.35%, C6:81.57%, C7:80.20%, C8:80.62%, C9:80.87%] ---

--- global epoch 16/60 ---
--- At epoch 16, learning rate decays to 0.009851 ---
--- client 0 in epoch 16 [aggregation then communication] ---
--- client 1 in epoch 16 [aggregation then communication] ---
--- client 2 in epoch 16 [aggregation then communication] ---
--- client 3 in epoch 16 [aggregation then communication] ---
--- client 4 in epoch 16 [aggregation then communication] ---
--- client 5 in epoch 16 [aggregation then communication] ---
--- client 6 in epoch 16 [aggregation then communication] ---
--- client 7 in epoch 16 [aggregation then communication] ---
--- client 8 in epoch 16 [aggregation then communication] ---
--- client 9 in epoch 16 [aggregation then communication] ---
--- global epoch 16: global acc = 81.11% ---
--- local epoch 16: local acc = [C0:81.23%, C1:81.13%, C2:80.87%, C3:80.75%, C4:81.90%, C5:82.40%, C6:81.57%, C7:81.72%, C8:80.80%, C9:81.65%] ---

--- global epoch 17/60 ---
--- At epoch 17, learning rate decays to 0.009841 ---
--- client 0 in epoch 17 [aggregation then communication] ---
--- client 1 in epoch 17 [aggregation then communication] ---
--- client 2 in epoch 17 [aggregation then communication] ---
--- client 3 in epoch 17 [aggregation then communication] ---
--- client 4 in epoch 17 [aggregation then communication] ---
--- client 5 in epoch 17 [aggregation then communication] ---
--- client 6 in epoch 17 [aggregation then communication] ---
--- client 7 in epoch 17 [aggregation then communication] ---
--- client 8 in epoch 17 [aggregation then communication] ---
--- client 9 in epoch 17 [aggregation then communication] ---
--- global epoch 17: global acc = 82.48% ---
--- local epoch 17: local acc = [C0:82.03%, C1:81.45%, C2:81.55%, C3:81.67%, C4:82.27%, C5:83.55%, C6:82.50%, C7:82.07%, C8:82.57%, C9:82.97%] ---

--- global epoch 18/60 ---
--- At epoch 18, learning rate decays to 0.009831 ---
--- client 0 in epoch 18 [aggregation then communication] ---
--- client 1 in epoch 18 [aggregation then communication] ---
--- client 2 in epoch 18 [aggregation then communication] ---
--- client 3 in epoch 18 [aggregation then communication] ---
--- client 4 in epoch 18 [aggregation then communication] ---
--- client 5 in epoch 18 [aggregation then communication] ---
--- client 6 in epoch 18 [aggregation then communication] ---
--- client 7 in epoch 18 [aggregation then communication] ---
--- client 8 in epoch 18 [aggregation then communication] ---
--- client 9 in epoch 18 [aggregation then communication] ---
--- global epoch 18: global acc = 81.18% ---
--- local epoch 18: local acc = [C0:82.37%, C1:82.60%, C2:82.73%, C3:82.55%, C4:83.02%, C5:83.55%, C6:83.17%, C7:82.70%, C8:82.82%, C9:82.62%] ---

--- global epoch 19/60 ---
--- At epoch 19, learning rate decays to 0.009822 ---
--- client 0 in epoch 19 [aggregation then communication] ---
--- client 1 in epoch 19 [aggregation then communication] ---
--- client 2 in epoch 19 [aggregation then communication] ---
--- client 3 in epoch 19 [aggregation then communication] ---
--- client 4 in epoch 19 [aggregation then communication] ---
--- client 5 in epoch 19 [aggregation then communication] ---
--- client 6 in epoch 19 [aggregation then communication] ---
--- client 7 in epoch 19 [aggregation then communication] ---
--- client 8 in epoch 19 [aggregation then communication] ---
--- client 9 in epoch 19 [aggregation then communication] ---
--- global epoch 19: global acc = 83.35% ---
--- local epoch 19: local acc = [C0:82.78%, C1:83.10%, C2:82.83%, C3:82.88%, C4:83.63%, C5:84.38%, C6:83.62%, C7:82.92%, C8:83.65%, C9:83.42%] ---

--- global epoch 20/60 ---
--- At epoch 20, learning rate decays to 0.009812 ---
--- client 0 in epoch 20 [aggregation then communication] ---
--- client 1 in epoch 20 [aggregation then communication] ---
--- client 2 in epoch 20 [aggregation then communication] ---
--- client 3 in epoch 20 [aggregation then communication] ---
--- client 4 in epoch 20 [aggregation then communication] ---
--- client 5 in epoch 20 [aggregation then communication] ---
--- client 6 in epoch 20 [aggregation then communication] ---
--- client 7 in epoch 20 [aggregation then communication] ---
--- client 8 in epoch 20 [aggregation then communication] ---
--- client 9 in epoch 20 [aggregation then communication] ---
--- global epoch 20: global acc = 83.59% ---
--- local epoch 20: local acc = [C0:83.48%, C1:83.70%, C2:83.03%, C3:83.57%, C4:84.08%, C5:84.40%, C6:84.13%, C7:83.65%, C8:84.27%, C9:83.75%] ---

--- global epoch 21/60 ---
--- At epoch 21, learning rate decays to 0.009802 ---
--- client 0 in epoch 21 [aggregation then communication] ---
--- client 1 in epoch 21 [aggregation then communication] ---
--- client 2 in epoch 21 [aggregation then communication] ---
--- client 3 in epoch 21 [aggregation then communication] ---
--- client 4 in epoch 21 [aggregation then communication] ---
--- client 5 in epoch 21 [aggregation then communication] ---
--- client 6 in epoch 21 [aggregation then communication] ---
--- client 7 in epoch 21 [aggregation then communication] ---
--- client 8 in epoch 21 [aggregation then communication] ---
--- client 9 in epoch 21 [aggregation then communication] ---
--- global epoch 21: global acc = 83.46% ---
--- local epoch 21: local acc = [C0:84.27%, C1:84.18%, C2:84.38%, C3:83.82%, C4:85.07%, C5:85.28%, C6:84.77%, C7:84.42%, C8:84.68%, C9:84.37%] ---

--- global epoch 22/60 ---
--- At epoch 22, learning rate decays to 0.009792 ---
--- client 0 in epoch 22 [aggregation then communication] ---
--- client 1 in epoch 22 [aggregation then communication] ---
--- client 2 in epoch 22 [aggregation then communication] ---
--- client 3 in epoch 22 [aggregation then communication] ---
--- client 4 in epoch 22 [aggregation then communication] ---
--- client 5 in epoch 22 [aggregation then communication] ---
--- client 6 in epoch 22 [aggregation then communication] ---
--- client 7 in epoch 22 [aggregation then communication] ---
--- client 8 in epoch 22 [aggregation then communication] ---
--- client 9 in epoch 22 [aggregation then communication] ---
--- global epoch 22: global acc = 83.79% ---
--- local epoch 22: local acc = [C0:84.17%, C1:85.08%, C2:84.50%, C3:84.43%, C4:85.23%, C5:85.90%, C6:85.57%, C7:84.65%, C8:85.30%, C9:85.23%] ---

--- global epoch 23/60 ---
--- At epoch 23, learning rate decays to 0.009782 ---
--- client 0 in epoch 23 [aggregation then communication] ---
--- client 1 in epoch 23 [aggregation then communication] ---
--- client 2 in epoch 23 [aggregation then communication] ---
--- client 3 in epoch 23 [aggregation then communication] ---
--- client 4 in epoch 23 [aggregation then communication] ---
--- client 5 in epoch 23 [aggregation then communication] ---
--- client 6 in epoch 23 [aggregation then communication] ---
--- client 7 in epoch 23 [aggregation then communication] ---
--- client 8 in epoch 23 [aggregation then communication] ---
--- client 9 in epoch 23 [aggregation then communication] ---
--- global epoch 23: global acc = 84.32% ---
--- local epoch 23: local acc = [C0:84.68%, C1:85.70%, C2:84.82%, C3:84.97%, C4:85.77%, C5:85.87%, C6:85.87%, C7:85.12%, C8:85.18%, C9:86.02%] ---

--- global epoch 24/60 ---
--- At epoch 24, learning rate decays to 0.009773 ---
--- client 0 in epoch 24 [aggregation then communication] ---
--- client 1 in epoch 24 [aggregation then communication] ---
--- client 2 in epoch 24 [aggregation then communication] ---
--- client 3 in epoch 24 [aggregation then communication] ---
--- client 4 in epoch 24 [aggregation then communication] ---
--- client 5 in epoch 24 [aggregation then communication] ---
--- client 6 in epoch 24 [aggregation then communication] ---
--- client 7 in epoch 24 [aggregation then communication] ---
--- client 8 in epoch 24 [aggregation then communication] ---
--- client 9 in epoch 24 [aggregation then communication] ---
--- global epoch 24: global acc = 85.66% ---
--- local epoch 24: local acc = [C0:85.20%, C1:85.50%, C2:85.85%, C3:84.82%, C4:86.17%, C5:86.48%, C6:86.70%, C7:85.57%, C8:85.85%, C9:86.10%] ---

--- global epoch 25/60 ---
--- At epoch 25, learning rate decays to 0.009763 ---
--- client 0 in epoch 25 [aggregation then communication] ---
--- client 1 in epoch 25 [aggregation then communication] ---
--- client 2 in epoch 25 [aggregation then communication] ---
--- client 3 in epoch 25 [aggregation then communication] ---
--- client 4 in epoch 25 [aggregation then communication] ---
--- client 5 in epoch 25 [aggregation then communication] ---
--- client 6 in epoch 25 [aggregation then communication] ---
--- client 7 in epoch 25 [aggregation then communication] ---
--- client 8 in epoch 25 [aggregation then communication] ---
--- client 9 in epoch 25 [aggregation then communication] ---
--- global epoch 25: global acc = 85.65% ---
--- local epoch 25: local acc = [C0:85.88%, C1:86.07%, C2:85.50%, C3:85.75%, C4:86.58%, C5:87.18%, C6:86.57%, C7:85.55%, C8:85.97%, C9:86.58%] ---

--- global epoch 26/60 ---
--- At epoch 26, learning rate decays to 0.009753 ---
--- client 0 in epoch 26 [aggregation then communication] ---
--- client 1 in epoch 26 [aggregation then communication] ---
--- client 2 in epoch 26 [aggregation then communication] ---
--- client 3 in epoch 26 [aggregation then communication] ---
--- client 4 in epoch 26 [aggregation then communication] ---
--- client 5 in epoch 26 [aggregation then communication] ---
--- client 6 in epoch 26 [aggregation then communication] ---
--- client 7 in epoch 26 [aggregation then communication] ---
--- client 8 in epoch 26 [aggregation then communication] ---
--- client 9 in epoch 26 [aggregation then communication] ---
--- global epoch 26: global acc = 85.15% ---
--- local epoch 26: local acc = [C0:86.08%, C1:86.98%, C2:86.25%, C3:86.55%, C4:86.83%, C5:87.00%, C6:87.22%, C7:86.75%, C8:86.95%, C9:86.55%] ---

--- global epoch 27/60 ---
--- At epoch 27, learning rate decays to 0.009743 ---
--- client 0 in epoch 27 [aggregation then communication] ---
--- client 1 in epoch 27 [aggregation then communication] ---
--- client 2 in epoch 27 [aggregation then communication] ---
--- client 3 in epoch 27 [aggregation then communication] ---
--- client 4 in epoch 27 [aggregation then communication] ---
--- client 5 in epoch 27 [aggregation then communication] ---
--- client 6 in epoch 27 [aggregation then communication] ---
--- client 7 in epoch 27 [aggregation then communication] ---
--- client 8 in epoch 27 [aggregation then communication] ---
--- client 9 in epoch 27 [aggregation then communication] ---
--- global epoch 27: global acc = 85.58% ---
--- local epoch 27: local acc = [C0:86.78%, C1:86.30%, C2:87.13%, C3:86.25%, C4:86.77%, C5:88.27%, C6:87.43%, C7:86.45%, C8:86.85%, C9:86.90%] ---

--- global epoch 28/60 ---
--- At epoch 28, learning rate decays to 0.009733 ---
--- client 0 in epoch 28 [aggregation then communication] ---
--- client 1 in epoch 28 [aggregation then communication] ---
--- client 2 in epoch 28 [aggregation then communication] ---
--- client 3 in epoch 28 [aggregation then communication] ---
--- client 4 in epoch 28 [aggregation then communication] ---
--- client 5 in epoch 28 [aggregation then communication] ---
--- client 6 in epoch 28 [aggregation then communication] ---
--- client 7 in epoch 28 [aggregation then communication] ---
--- client 8 in epoch 28 [aggregation then communication] ---
--- client 9 in epoch 28 [aggregation then communication] ---
--- global epoch 28: global acc = 85.68% ---
--- local epoch 28: local acc = [C0:86.43%, C1:86.97%, C2:86.63%, C3:86.50%, C4:87.68%, C5:87.80%, C6:87.65%, C7:86.90%, C8:86.83%, C9:87.63%] ---

--- global epoch 29/60 ---
--- At epoch 29, learning rate decays to 0.009724 ---
--- client 0 in epoch 29 [aggregation then communication] ---
--- client 1 in epoch 29 [aggregation then communication] ---
--- client 2 in epoch 29 [aggregation then communication] ---
--- client 3 in epoch 29 [aggregation then communication] ---
--- client 4 in epoch 29 [aggregation then communication] ---
--- client 5 in epoch 29 [aggregation then communication] ---
--- client 6 in epoch 29 [aggregation then communication] ---
--- client 7 in epoch 29 [aggregation then communication] ---
--- client 8 in epoch 29 [aggregation then communication] ---
--- client 9 in epoch 29 [aggregation then communication] ---
--- global epoch 29: global acc = 86.27% ---
--- local epoch 29: local acc = [C0:87.33%, C1:87.33%, C2:87.08%, C3:87.57%, C4:87.63%, C5:87.32%, C6:88.30%, C7:87.08%, C8:87.85%, C9:87.75%] ---

--- global epoch 30/60 ---
--- At epoch 30, learning rate decays to 0.009714 ---
--- client 0 in epoch 30 [aggregation then communication] ---
--- client 1 in epoch 30 [aggregation then communication] ---
--- client 2 in epoch 30 [aggregation then communication] ---
--- client 3 in epoch 30 [aggregation then communication] ---
--- client 4 in epoch 30 [aggregation then communication] ---
--- client 5 in epoch 30 [aggregation then communication] ---
--- client 6 in epoch 30 [aggregation then communication] ---
--- client 7 in epoch 30 [aggregation then communication] ---
--- client 8 in epoch 30 [aggregation then communication] ---
--- client 9 in epoch 30 [aggregation then communication] ---
--- global epoch 30: global acc = 86.63% ---
--- local epoch 30: local acc = [C0:88.00%, C1:87.88%, C2:87.55%, C3:87.48%, C4:87.78%, C5:88.50%, C6:88.57%, C7:87.45%, C8:88.15%, C9:88.30%] ---

--- global epoch 31/60 ---
--- At epoch 31, learning rate decays to 0.009704 ---
--- client 0 in epoch 31 [aggregation then communication] ---
--- client 1 in epoch 31 [aggregation then communication] ---
--- client 2 in epoch 31 [aggregation then communication] ---
--- client 3 in epoch 31 [aggregation then communication] ---
--- client 4 in epoch 31 [aggregation then communication] ---
--- client 5 in epoch 31 [aggregation then communication] ---
--- client 6 in epoch 31 [aggregation then communication] ---
--- client 7 in epoch 31 [aggregation then communication] ---
--- client 8 in epoch 31 [aggregation then communication] ---
--- client 9 in epoch 31 [aggregation then communication] ---
--- global epoch 31: global acc = 86.40% ---
--- local epoch 31: local acc = [C0:87.43%, C1:88.05%, C2:87.70%, C3:87.62%, C4:87.72%, C5:88.73%, C6:88.72%, C7:87.53%, C8:88.00%, C9:88.37%] ---

--- global epoch 32/60 ---
--- At epoch 32, learning rate decays to 0.009695 ---
--- client 0 in epoch 32 [aggregation then communication] ---
--- client 1 in epoch 32 [aggregation then communication] ---
--- client 2 in epoch 32 [aggregation then communication] ---
--- client 3 in epoch 32 [aggregation then communication] ---
--- client 4 in epoch 32 [aggregation then communication] ---
--- client 5 in epoch 32 [aggregation then communication] ---
--- client 6 in epoch 32 [aggregation then communication] ---
--- client 7 in epoch 32 [aggregation then communication] ---
--- client 8 in epoch 32 [aggregation then communication] ---
--- client 9 in epoch 32 [aggregation then communication] ---
--- global epoch 32: global acc = 87.35% ---
--- local epoch 32: local acc = [C0:88.17%, C1:88.32%, C2:88.58%, C3:88.33%, C4:88.08%, C5:88.83%, C6:88.77%, C7:87.82%, C8:88.37%, C9:88.67%] ---

--- global epoch 33/60 ---
--- At epoch 33, learning rate decays to 0.009685 ---
--- client 0 in epoch 33 [aggregation then communication] ---
--- client 1 in epoch 33 [aggregation then communication] ---
--- client 2 in epoch 33 [aggregation then communication] ---
--- client 3 in epoch 33 [aggregation then communication] ---
--- client 4 in epoch 33 [aggregation then communication] ---
--- client 5 in epoch 33 [aggregation then communication] ---
--- client 6 in epoch 33 [aggregation then communication] ---
--- client 7 in epoch 33 [aggregation then communication] ---
--- client 8 in epoch 33 [aggregation then communication] ---
--- client 9 in epoch 33 [aggregation then communication] ---
--- global epoch 33: global acc = 86.80% ---
--- local epoch 33: local acc = [C0:87.73%, C1:88.67%, C2:88.07%, C3:88.57%, C4:88.25%, C5:88.92%, C6:89.27%, C7:88.45%, C8:88.18%, C9:88.90%] ---

--- global epoch 34/60 ---
--- At epoch 34, learning rate decays to 0.009675 ---
--- client 0 in epoch 34 [aggregation then communication] ---
--- client 1 in epoch 34 [aggregation then communication] ---
--- client 2 in epoch 34 [aggregation then communication] ---
--- client 3 in epoch 34 [aggregation then communication] ---
--- client 4 in epoch 34 [aggregation then communication] ---
--- client 5 in epoch 34 [aggregation then communication] ---
--- client 6 in epoch 34 [aggregation then communication] ---
--- client 7 in epoch 34 [aggregation then communication] ---
--- client 8 in epoch 34 [aggregation then communication] ---
--- client 9 in epoch 34 [aggregation then communication] ---
--- global epoch 34: global acc = 87.57% ---
--- local epoch 34: local acc = [C0:88.40%, C1:89.08%, C2:89.23%, C3:88.87%, C4:88.67%, C5:89.25%, C6:88.98%, C7:88.28%, C8:88.95%, C9:89.03%] ---

--- global epoch 35/60 ---
--- At epoch 35, learning rate decays to 0.009666 ---
--- client 0 in epoch 35 [aggregation then communication] ---
--- client 1 in epoch 35 [aggregation then communication] ---
--- client 2 in epoch 35 [aggregation then communication] ---
--- client 3 in epoch 35 [aggregation then communication] ---
--- client 4 in epoch 35 [aggregation then communication] ---
--- client 5 in epoch 35 [aggregation then communication] ---
--- client 6 in epoch 35 [aggregation then communication] ---
--- client 7 in epoch 35 [aggregation then communication] ---
--- client 8 in epoch 35 [aggregation then communication] ---
--- client 9 in epoch 35 [aggregation then communication] ---
--- global epoch 35: global acc = 87.96% ---
--- local epoch 35: local acc = [C0:88.55%, C1:89.13%, C2:89.42%, C3:89.37%, C4:89.30%, C5:89.42%, C6:89.52%, C7:88.68%, C8:88.63%, C9:89.52%] ---

--- global epoch 36/60 ---
--- At epoch 36, learning rate decays to 0.009656 ---
--- client 0 in epoch 36 [aggregation then communication] ---
--- client 1 in epoch 36 [aggregation then communication] ---
--- client 2 in epoch 36 [aggregation then communication] ---
--- client 3 in epoch 36 [aggregation then communication] ---
--- client 4 in epoch 36 [aggregation then communication] ---
--- client 5 in epoch 36 [aggregation then communication] ---
--- client 6 in epoch 36 [aggregation then communication] ---
--- client 7 in epoch 36 [aggregation then communication] ---
--- client 8 in epoch 36 [aggregation then communication] ---
--- client 9 in epoch 36 [aggregation then communication] ---
--- global epoch 36: global acc = 87.57% ---
--- local epoch 36: local acc = [C0:88.95%, C1:89.60%, C2:88.63%, C3:88.62%, C4:89.13%, C5:89.77%, C6:89.73%, C7:88.73%, C8:89.22%, C9:89.67%] ---

--- global epoch 37/60 ---
--- At epoch 37, learning rate decays to 0.009646 ---
--- client 0 in epoch 37 [aggregation then communication] ---
--- client 1 in epoch 37 [aggregation then communication] ---
--- client 2 in epoch 37 [aggregation then communication] ---
--- client 3 in epoch 37 [aggregation then communication] ---
--- client 4 in epoch 37 [aggregation then communication] ---
--- client 5 in epoch 37 [aggregation then communication] ---
--- client 6 in epoch 37 [aggregation then communication] ---
--- client 7 in epoch 37 [aggregation then communication] ---
--- client 8 in epoch 37 [aggregation then communication] ---
--- client 9 in epoch 37 [aggregation then communication] ---
--- global epoch 37: global acc = 88.02% ---
--- local epoch 37: local acc = [C0:89.67%, C1:89.43%, C2:89.33%, C3:88.98%, C4:89.45%, C5:90.05%, C6:89.70%, C7:89.05%, C8:89.17%, C9:89.87%] ---

--- global epoch 38/60 ---
--- At epoch 38, learning rate decays to 0.009637 ---
--- client 0 in epoch 38 [aggregation then communication] ---
--- client 1 in epoch 38 [aggregation then communication] ---
--- client 2 in epoch 38 [aggregation then communication] ---
--- client 3 in epoch 38 [aggregation then communication] ---
--- client 4 in epoch 38 [aggregation then communication] ---
--- client 5 in epoch 38 [aggregation then communication] ---
--- client 6 in epoch 38 [aggregation then communication] ---
--- client 7 in epoch 38 [aggregation then communication] ---
--- client 8 in epoch 38 [aggregation then communication] ---
--- client 9 in epoch 38 [aggregation then communication] ---
--- global epoch 38: global acc = 88.14% ---
--- local epoch 38: local acc = [C0:89.68%, C1:89.22%, C2:89.70%, C3:88.93%, C4:89.80%, C5:90.10%, C6:89.93%, C7:89.70%, C8:89.40%, C9:90.18%] ---

--- global epoch 39/60 ---
--- At epoch 39, learning rate decays to 0.009627 ---
--- client 0 in epoch 39 [aggregation then communication] ---
--- client 1 in epoch 39 [aggregation then communication] ---
--- client 2 in epoch 39 [aggregation then communication] ---
--- client 3 in epoch 39 [aggregation then communication] ---
--- client 4 in epoch 39 [aggregation then communication] ---
--- client 5 in epoch 39 [aggregation then communication] ---
--- client 6 in epoch 39 [aggregation then communication] ---
--- client 7 in epoch 39 [aggregation then communication] ---
--- client 8 in epoch 39 [aggregation then communication] ---
--- client 9 in epoch 39 [aggregation then communication] ---
--- global epoch 39: global acc = 87.64% ---
--- local epoch 39: local acc = [C0:89.72%, C1:89.60%, C2:89.68%, C3:89.10%, C4:89.87%, C5:90.32%, C6:90.23%, C7:89.55%, C8:89.60%, C9:90.15%] ---

--- global epoch 40/60 ---
--- At epoch 40, learning rate decays to 0.009617 ---
--- client 0 in epoch 40 [aggregation then communication] ---
--- client 1 in epoch 40 [aggregation then communication] ---
--- client 2 in epoch 40 [aggregation then communication] ---
--- client 3 in epoch 40 [aggregation then communication] ---
--- client 4 in epoch 40 [aggregation then communication] ---
--- client 5 in epoch 40 [aggregation then communication] ---
--- client 6 in epoch 40 [aggregation then communication] ---
--- client 7 in epoch 40 [aggregation then communication] ---
--- client 8 in epoch 40 [aggregation then communication] ---
--- client 9 in epoch 40 [aggregation then communication] ---
--- global epoch 40: global acc = 88.38% ---
--- local epoch 40: local acc = [C0:90.17%, C1:90.00%, C2:89.80%, C3:89.20%, C4:89.80%, C5:90.70%, C6:90.12%, C7:89.80%, C8:89.72%, C9:90.43%] ---

--- global epoch 41/60 ---
--- At epoch 41, learning rate decays to 0.009608 ---
--- client 0 in epoch 41 [aggregation then communication] ---
--- client 1 in epoch 41 [aggregation then communication] ---
--- client 2 in epoch 41 [aggregation then communication] ---
--- client 3 in epoch 41 [aggregation then communication] ---
--- client 4 in epoch 41 [aggregation then communication] ---
--- client 5 in epoch 41 [aggregation then communication] ---
--- client 6 in epoch 41 [aggregation then communication] ---
--- client 7 in epoch 41 [aggregation then communication] ---
--- client 8 in epoch 41 [aggregation then communication] ---
--- client 9 in epoch 41 [aggregation then communication] ---
--- global epoch 41: global acc = 87.28% ---
--- local epoch 41: local acc = [C0:89.98%, C1:90.00%, C2:90.15%, C3:90.20%, C4:89.88%, C5:90.53%, C6:90.55%, C7:89.78%, C8:90.12%, C9:91.17%] ---

--- global epoch 42/60 ---
--- At epoch 42, learning rate decays to 0.009598 ---
--- client 0 in epoch 42 [aggregation then communication] ---
--- client 1 in epoch 42 [aggregation then communication] ---
--- client 2 in epoch 42 [aggregation then communication] ---
--- client 3 in epoch 42 [aggregation then communication] ---
--- client 4 in epoch 42 [aggregation then communication] ---
--- client 5 in epoch 42 [aggregation then communication] ---
--- client 6 in epoch 42 [aggregation then communication] ---
--- client 7 in epoch 42 [aggregation then communication] ---
--- client 8 in epoch 42 [aggregation then communication] ---
--- client 9 in epoch 42 [aggregation then communication] ---
--- global epoch 42: global acc = 87.65% ---
--- local epoch 42: local acc = [C0:90.40%, C1:90.52%, C2:90.35%, C3:90.35%, C4:90.03%, C5:90.68%, C6:90.85%, C7:89.77%, C8:90.23%, C9:90.77%] ---

--- global epoch 43/60 ---
--- At epoch 43, learning rate decays to 0.009588 ---
--- client 0 in epoch 43 [aggregation then communication] ---
--- client 1 in epoch 43 [aggregation then communication] ---
--- client 2 in epoch 43 [aggregation then communication] ---
--- client 3 in epoch 43 [aggregation then communication] ---
--- client 4 in epoch 43 [aggregation then communication] ---
--- client 5 in epoch 43 [aggregation then communication] ---
--- client 6 in epoch 43 [aggregation then communication] ---
--- client 7 in epoch 43 [aggregation then communication] ---
--- client 8 in epoch 43 [aggregation then communication] ---
--- client 9 in epoch 43 [aggregation then communication] ---
--- global epoch 43: global acc = 88.19% ---
--- local epoch 43: local acc = [C0:90.07%, C1:90.93%, C2:90.53%, C3:90.52%, C4:90.33%, C5:91.08%, C6:90.88%, C7:90.22%, C8:90.07%, C9:90.83%] ---

--- global epoch 44/60 ---
--- At epoch 44, learning rate decays to 0.009579 ---
--- client 0 in epoch 44 [aggregation then communication] ---
--- client 1 in epoch 44 [aggregation then communication] ---
--- client 2 in epoch 44 [aggregation then communication] ---
--- client 3 in epoch 44 [aggregation then communication] ---
--- client 4 in epoch 44 [aggregation then communication] ---
--- client 5 in epoch 44 [aggregation then communication] ---
--- client 6 in epoch 44 [aggregation then communication] ---
--- client 7 in epoch 44 [aggregation then communication] ---
--- client 8 in epoch 44 [aggregation then communication] ---
--- client 9 in epoch 44 [aggregation then communication] ---
--- global epoch 44: global acc = 88.62% ---
--- local epoch 44: local acc = [C0:89.82%, C1:90.97%, C2:90.08%, C3:90.40%, C4:90.62%, C5:91.13%, C6:91.37%, C7:90.50%, C8:90.25%, C9:91.53%] ---

--- global epoch 45/60 ---
--- At epoch 45, learning rate decays to 0.009569 ---
--- client 0 in epoch 45 [aggregation then communication] ---
--- client 1 in epoch 45 [aggregation then communication] ---
--- client 2 in epoch 45 [aggregation then communication] ---
--- client 3 in epoch 45 [aggregation then communication] ---
--- client 4 in epoch 45 [aggregation then communication] ---
--- client 5 in epoch 45 [aggregation then communication] ---
--- client 6 in epoch 45 [aggregation then communication] ---
--- client 7 in epoch 45 [aggregation then communication] ---
--- client 8 in epoch 45 [aggregation then communication] ---
--- client 9 in epoch 45 [aggregation then communication] ---
--- global epoch 45: global acc = 89.18% ---
--- local epoch 45: local acc = [C0:90.38%, C1:90.65%, C2:90.22%, C3:90.78%, C4:90.67%, C5:91.15%, C6:90.97%, C7:90.33%, C8:90.27%, C9:91.28%] ---

--- global epoch 46/60 ---
--- At epoch 46, learning rate decays to 0.009560 ---
--- client 0 in epoch 46 [aggregation then communication] ---
--- client 1 in epoch 46 [aggregation then communication] ---
--- client 2 in epoch 46 [aggregation then communication] ---
--- client 3 in epoch 46 [aggregation then communication] ---
--- client 4 in epoch 46 [aggregation then communication] ---
--- client 5 in epoch 46 [aggregation then communication] ---
--- client 6 in epoch 46 [aggregation then communication] ---
--- client 7 in epoch 46 [aggregation then communication] ---
--- client 8 in epoch 46 [aggregation then communication] ---
--- client 9 in epoch 46 [aggregation then communication] ---
--- global epoch 46: global acc = 88.55% ---
--- local epoch 46: local acc = [C0:90.87%, C1:90.78%, C2:90.48%, C3:90.43%, C4:91.15%, C5:90.82%, C6:91.22%, C7:90.50%, C8:90.72%, C9:91.72%] ---

--- global epoch 47/60 ---
--- At epoch 47, learning rate decays to 0.009550 ---
--- client 0 in epoch 47 [aggregation then communication] ---
--- client 1 in epoch 47 [aggregation then communication] ---
--- client 2 in epoch 47 [aggregation then communication] ---
--- client 3 in epoch 47 [aggregation then communication] ---
--- client 4 in epoch 47 [aggregation then communication] ---
--- client 5 in epoch 47 [aggregation then communication] ---
--- client 6 in epoch 47 [aggregation then communication] ---
--- client 7 in epoch 47 [aggregation then communication] ---
--- client 8 in epoch 47 [aggregation then communication] ---
--- client 9 in epoch 47 [aggregation then communication] ---
--- global epoch 47: global acc = 89.00% ---
--- local epoch 47: local acc = [C0:90.60%, C1:91.35%, C2:90.88%, C3:91.05%, C4:91.32%, C5:91.57%, C6:91.82%, C7:90.78%, C8:91.02%, C9:91.47%] ---

--- global epoch 48/60 ---
--- At epoch 48, learning rate decays to 0.009541 ---
--- client 0 in epoch 48 [aggregation then communication] ---
--- client 1 in epoch 48 [aggregation then communication] ---
--- client 2 in epoch 48 [aggregation then communication] ---
--- client 3 in epoch 48 [aggregation then communication] ---
--- client 4 in epoch 48 [aggregation then communication] ---
--- client 5 in epoch 48 [aggregation then communication] ---
--- client 6 in epoch 48 [aggregation then communication] ---
--- client 7 in epoch 48 [aggregation then communication] ---
--- client 8 in epoch 48 [aggregation then communication] ---
--- client 9 in epoch 48 [aggregation then communication] ---
--- global epoch 48: global acc = 89.48% ---
--- local epoch 48: local acc = [C0:90.82%, C1:90.70%, C2:91.12%, C3:91.07%, C4:90.88%, C5:92.20%, C6:92.08%, C7:90.83%, C8:91.27%, C9:91.83%] ---

--- global epoch 49/60 ---
--- At epoch 49, learning rate decays to 0.009531 ---
--- client 0 in epoch 49 [aggregation then communication] ---
--- client 1 in epoch 49 [aggregation then communication] ---
--- client 2 in epoch 49 [aggregation then communication] ---
--- client 3 in epoch 49 [aggregation then communication] ---
--- client 4 in epoch 49 [aggregation then communication] ---
--- client 5 in epoch 49 [aggregation then communication] ---
--- client 6 in epoch 49 [aggregation then communication] ---
--- client 7 in epoch 49 [aggregation then communication] ---
--- client 8 in epoch 49 [aggregation then communication] ---
--- client 9 in epoch 49 [aggregation then communication] ---
--- global epoch 49: global acc = 88.34% ---
--- local epoch 49: local acc = [C0:90.92%, C1:91.25%, C2:91.42%, C3:91.40%, C4:90.80%, C5:91.57%, C6:91.50%, C7:90.92%, C8:90.73%, C9:91.77%] ---

--- global epoch 50/60 ---
--- At epoch 50, learning rate decays to 0.009522 ---
--- client 0 in epoch 50 [aggregation then communication] ---
--- client 1 in epoch 50 [aggregation then communication] ---
--- client 2 in epoch 50 [aggregation then communication] ---
--- client 3 in epoch 50 [aggregation then communication] ---
--- client 4 in epoch 50 [aggregation then communication] ---
--- client 5 in epoch 50 [aggregation then communication] ---
--- client 6 in epoch 50 [aggregation then communication] ------ client 7 in epoch 50 [aggregation then communication] ---

--- client 8 in epoch 50 [aggregation then communication] ---
--- client 9 in epoch 50 [aggregation then communication] ---
--- global epoch 50: global acc = 88.37% ---
--- local epoch 50: local acc = [C0:91.17%, C1:90.95%, C2:91.25%, C3:91.03%, C4:90.90%, C5:91.82%, C6:91.30%, C7:91.42%, C8:91.12%, C9:91.77%] ---

--- global epoch 51/60 ---
--- At epoch 51, learning rate decays to 0.009512 ---
--- client 0 in epoch 51 [aggregation then communication] ---
--- client 1 in epoch 51 [aggregation then communication] ---
--- client 2 in epoch 51 [aggregation then communication] ---
--- client 3 in epoch 51 [aggregation then communication] ---
--- client 4 in epoch 51 [aggregation then communication] ---
--- client 5 in epoch 51 [aggregation then communication] ---
--- client 6 in epoch 51 [aggregation then communication] ------ client 7 in epoch 51 [aggregation then communication] ---

--- client 8 in epoch 51 [aggregation then communication] ---
--- client 9 in epoch 51 [aggregation then communication] ---
--- global epoch 51: global acc = 87.92% ---
--- local epoch 51: local acc = [C0:91.28%, C1:91.52%, C2:91.25%, C3:91.45%, C4:90.98%, C5:91.55%, C6:91.57%, C7:91.78%, C8:91.85%, C9:91.97%] ---

--- global epoch 52/60 ---
--- At epoch 52, learning rate decays to 0.009503 ---
--- client 0 in epoch 52 [aggregation then communication] ---
--- client 1 in epoch 52 [aggregation then communication] ---
--- client 2 in epoch 52 [aggregation then communication] ---
--- client 3 in epoch 52 [aggregation then communication] ---
--- client 4 in epoch 52 [aggregation then communication] ---
--- client 5 in epoch 52 [aggregation then communication] ---
--- client 6 in epoch 52 [aggregation then communication] ---
--- client 7 in epoch 52 [aggregation then communication] ---
--- client 8 in epoch 52 [aggregation then communication] ---
--- client 9 in epoch 52 [aggregation then communication] ---
--- global epoch 52: global acc = 88.69% ---
--- local epoch 52: local acc = [C0:90.98%, C1:91.75%, C2:91.95%, C3:91.50%, C4:91.27%, C5:91.87%, C6:92.32%, C7:90.93%, C8:91.93%, C9:92.35%] ---

--- global epoch 53/60 ---
--- At epoch 53, learning rate decays to 0.009493 ---
--- client 0 in epoch 53 [aggregation then communication] ---
--- client 1 in epoch 53 [aggregation then communication] ---
--- client 2 in epoch 53 [aggregation then communication] ---
--- client 3 in epoch 53 [aggregation then communication] ---
--- client 4 in epoch 53 [aggregation then communication] ---
--- client 5 in epoch 53 [aggregation then communication] ---
--- client 6 in epoch 53 [aggregation then communication] ---
--- client 7 in epoch 53 [aggregation then communication] ---
--- client 8 in epoch 53 [aggregation then communication] ---
--- client 9 in epoch 53 [aggregation then communication] ---
--- global epoch 53: global acc = 89.16% ---
--- local epoch 53: local acc = [C0:91.77%, C1:92.07%, C2:91.52%, C3:92.05%, C4:91.50%, C5:92.50%, C6:91.68%, C7:91.32%, C8:91.78%, C9:92.53%] ---

--- global epoch 54/60 ---
--- At epoch 54, learning rate decays to 0.009484 ---
--- client 0 in epoch 54 [aggregation then communication] ---
--- client 1 in epoch 54 [aggregation then communication] ---
--- client 2 in epoch 54 [aggregation then communication] ---
--- client 3 in epoch 54 [aggregation then communication] ---
--- client 4 in epoch 54 [aggregation then communication] ---
--- client 5 in epoch 54 [aggregation then communication] ---
--- client 6 in epoch 54 [aggregation then communication] ---
--- client 7 in epoch 54 [aggregation then communication] ---
--- client 8 in epoch 54 [aggregation then communication] ---
--- client 9 in epoch 54 [aggregation then communication] ---
--- global epoch 54: global acc = 88.88% ---
--- local epoch 54: local acc = [C0:91.37%, C1:91.48%, C2:92.03%, C3:91.67%, C4:91.70%, C5:92.37%, C6:92.03%, C7:91.33%, C8:91.85%, C9:92.67%] ---

--- global epoch 55/60 ---
--- At epoch 55, learning rate decays to 0.009474 ---
--- client 0 in epoch 55 [aggregation then communication] ---
--- client 1 in epoch 55 [aggregation then communication] ---
--- client 2 in epoch 55 [aggregation then communication] ---
--- client 3 in epoch 55 [aggregation then communication] ---
--- client 4 in epoch 55 [aggregation then communication] ---
--- client 5 in epoch 55 [aggregation then communication] ---
--- client 6 in epoch 55 [aggregation then communication] ---
--- client 7 in epoch 55 [aggregation then communication] ---
--- client 8 in epoch 55 [aggregation then communication] ---
--- client 9 in epoch 55 [aggregation then communication] ---
--- global epoch 55: global acc = 89.72% ---
--- local epoch 55: local acc = [C0:91.50%, C1:92.25%, C2:92.25%, C3:91.87%, C4:91.23%, C5:92.55%, C6:92.15%, C7:91.07%, C8:92.22%, C9:92.68%] ---

--- global epoch 56/60 ---
--- At epoch 56, learning rate decays to 0.009465 ---
--- client 0 in epoch 56 [aggregation then communication] ---
--- client 1 in epoch 56 [aggregation then communication] ---
--- client 2 in epoch 56 [aggregation then communication] ---
--- client 3 in epoch 56 [aggregation then communication] ---
--- client 4 in epoch 56 [aggregation then communication] ---
--- client 5 in epoch 56 [aggregation then communication] ---
--- client 6 in epoch 56 [aggregation then communication] ---
--- client 7 in epoch 56 [aggregation then communication] ---
--- client 8 in epoch 56 [aggregation then communication] ---
--- client 9 in epoch 56 [aggregation then communication] ---
--- global epoch 56: global acc = 89.38% ---
--- local epoch 56: local acc = [C0:91.45%, C1:91.72%, C2:92.15%, C3:91.67%, C4:91.62%, C5:92.43%, C6:93.08%, C7:91.57%, C8:91.72%, C9:92.45%] ---

--- global epoch 57/60 ---
--- At epoch 57, learning rate decays to 0.009455 ---
--- client 0 in epoch 57 [aggregation then communication] ---
--- client 1 in epoch 57 [aggregation then communication] ---
--- client 2 in epoch 57 [aggregation then communication] ---
--- client 3 in epoch 57 [aggregation then communication] ---
--- client 4 in epoch 57 [aggregation then communication] ---
--- client 5 in epoch 57 [aggregation then communication] ---
--- client 6 in epoch 57 [aggregation then communication] ---
--- client 7 in epoch 57 [aggregation then communication] ---
--- client 8 in epoch 57 [aggregation then communication] ---
--- client 9 in epoch 57 [aggregation then communication] ---
--- global epoch 57: global acc = 89.32% ---
--- local epoch 57: local acc = [C0:91.98%, C1:92.20%, C2:92.07%, C3:91.85%, C4:92.55%, C5:92.05%, C6:92.15%, C7:91.87%, C8:92.33%, C9:93.07%] ---

--- global epoch 58/60 ---
--- At epoch 58, learning rate decays to 0.009446 ---
--- client 0 in epoch 58 [aggregation then communication] ---
--- client 1 in epoch 58 [aggregation then communication] ---
--- client 2 in epoch 58 [aggregation then communication] ---
--- client 3 in epoch 58 [aggregation then communication] ---
--- client 4 in epoch 58 [aggregation then communication] ---
--- client 5 in epoch 58 [aggregation then communication] ---
--- client 6 in epoch 58 [aggregation then communication] ---
--- client 7 in epoch 58 [aggregation then communication] ---
--- client 8 in epoch 58 [aggregation then communication] ---
--- client 9 in epoch 58 [aggregation then communication] ---
--- global epoch 58: global acc = 89.89% ---
--- local epoch 58: local acc = [C0:92.03%, C1:92.37%, C2:92.18%, C3:91.55%, C4:92.38%, C5:92.97%, C6:92.22%, C7:91.98%, C8:91.73%, C9:92.58%] ---

--- global epoch 59/60 ---
--- At epoch 59, learning rate decays to 0.009436 ---
--- client 0 in epoch 59 [aggregation then communication] ---
--- client 1 in epoch 59 [aggregation then communication] ---
--- client 2 in epoch 59 [aggregation then communication] ---
--- client 3 in epoch 59 [aggregation then communication] ---
--- client 4 in epoch 59 [aggregation then communication] ---
--- client 5 in epoch 59 [aggregation then communication] ---
--- client 6 in epoch 59 [aggregation then communication] ---
--- client 7 in epoch 59 [aggregation then communication] ---
--- client 8 in epoch 59 [aggregation then communication] ---
--- client 9 in epoch 59 [aggregation then communication] ---
--- global epoch 59: global acc = 89.83% ---
--- local epoch 59: local acc = [C0:92.05%, C1:92.62%, C2:92.68%, C3:92.18%, C4:91.97%, C5:92.48%, C6:92.60%, C7:92.12%, C8:91.98%, C9:92.85%] ---

--- global epoch 60/60 ---
--- At epoch 60, learning rate decays to 0.009427 ---
--- client 0 in epoch 60 [aggregation then communication] ---
--- client 1 in epoch 60 [aggregation then communication] ---
--- client 2 in epoch 60 [aggregation then communication] ---
--- client 3 in epoch 60 [aggregation then communication] ---
--- client 4 in epoch 60 [aggregation then communication] ---
--- client 5 in epoch 60 [aggregation then communication] ---
--- client 6 in epoch 60 [aggregation then communication] ---
--- client 7 in epoch 60 [aggregation then communication] ---
--- client 8 in epoch 60 [aggregation then communication] ---
--- client 9 in epoch 60 [aggregation then communication] ---
--- global epoch 60: global acc = 89.65% ---
--- local epoch 60: local acc = [C0:92.53%, C1:92.37%, C2:92.77%, C3:92.57%, C4:92.42%, C5:92.92%, C6:92.57%, C7:92.08%, C8:92.43%, C9:92.57%] ---
Total runtime: 836.65s (0:13:56)

 saving results
results save in C:\Users\Kong\Desktop\\decentralized_federated_learning-master\decentralized_federated_learning-master\res\clients_10-epochs_1-20250920_004013.json
