client 0 initial number of neighbors: 9
client 1 initial number of neighbors: 9
client 2 initial number of neighbors: 9
client 3 initial number of neighbors: 9
client 4 initial number of neighbors: 9
client 5 initial number of neighbors: 9
client 6 initial number of neighbors: 9
client 7 initial number of neighbors: 9
client 8 initial number of neighbors: 9
client 9 initial number of neighbors: 9

 training begins! (epoch-by-epoch parallel mode with global evaluation)

--- global epoch 1/60 ---
--- client 0 in epoch 1 [aggregation then communication] ---
--- client 1 in epoch 1 [aggregation then communication] ---
--- client 2 in epoch 1 [aggregation then communication] ---
--- client 3 in epoch 1 [aggregation then communication] ---
--- client 4 in epoch 1 [aggregation then communication] ---
--- client 5 in epoch 1 [aggregation then communication] ---
--- client 6 in epoch 1 [aggregation then communication] ---
--- client 7 in epoch 1 [aggregation then communication] ---
--- client 8 in epoch 1 [aggregation then communication] ---
--- client 9 in epoch 1 [aggregation then communication] ---
--- global epoch 1: global acc = 11.73% ---
--- local epoch 1: local acc = [C0:44.03%, C1:42.05%, C2:43.75%, C3:46.70%, C4:43.23%, C5:44.15%, C6:44.92%, C7:45.72%, C8:46.30%, C9:45.82%] ---

--- global epoch 2/60 ---
--- At epoch 2, learning rate decays to 0.009800 ---
--- client 0 in epoch 2 [aggregation then communication] ---
--- client 1 in epoch 2 [aggregation then communication] ---
--- client 2 in epoch 2 [aggregation then communication] ---
--- client 3 in epoch 2 [aggregation then communication] ---
--- client 4 in epoch 2 [aggregation then communication] ---
--- client 5 in epoch 2 [aggregation then communication] ---
--- client 6 in epoch 2 [aggregation then communication] ---
--- client 7 in epoch 2 [aggregation then communication] ---
--- client 8 in epoch 2 [aggregation then communication] ---
--- client 9 in epoch 2 [aggregation then communication] ---
--- global epoch 2: global acc = 16.19% ---
--- local epoch 2: local acc = [C0:61.38%, C1:64.40%, C2:63.07%, C3:63.48%, C4:65.83%, C5:62.90%, C6:66.07%, C7:66.23%, C8:70.20%, C9:72.90%] ---

--- global epoch 3/60 ---
--- At epoch 3, learning rate decays to 0.009604 ---
--- client 0 in epoch 3 [aggregation then communication] ---
--- client 1 in epoch 3 [aggregation then communication] ---
--- client 2 in epoch 3 [aggregation then communication] ---
--- client 3 in epoch 3 [aggregation then communication] ---
--- client 4 in epoch 3 [aggregation then communication] ---
--- client 5 in epoch 3 [aggregation then communication] ---
--- client 6 in epoch 3 [aggregation then communication] ---
--- client 7 in epoch 3 [aggregation then communication] ---
--- client 8 in epoch 3 [aggregation then communication] ---
--- client 9 in epoch 3 [aggregation then communication] ---
--- global epoch 3: global acc = 74.45% ---
--- local epoch 3: local acc = [C0:76.12%, C1:76.93%, C2:76.25%, C3:76.03%, C4:76.35%, C5:77.90%, C6:76.40%, C7:76.42%, C8:76.18%, C9:76.57%] ---

--- global epoch 4/60 ---
--- At epoch 4, learning rate decays to 0.009412 ---
--- client 0 in epoch 4 [aggregation then communication] ---
--- client 1 in epoch 4 [aggregation then communication] ---
--- client 2 in epoch 4 [aggregation then communication] ---
--- client 3 in epoch 4 [aggregation then communication] ---
--- client 4 in epoch 4 [aggregation then communication] ---
--- client 5 in epoch 4 [aggregation then communication] ---
--- client 6 in epoch 4 [aggregation then communication] ---
--- client 7 in epoch 4 [aggregation then communication] ---
--- client 8 in epoch 4 [aggregation then communication] ---
--- client 9 in epoch 4 [aggregation then communication] ---
--- global epoch 4: global acc = 81.15% ---
--- local epoch 4: local acc = [C0:79.80%, C1:80.77%, C2:79.93%, C3:79.27%, C4:80.35%, C5:81.12%, C6:80.37%, C7:80.45%, C8:80.50%, C9:80.42%] ---

--- global epoch 5/60 ---
--- At epoch 5, learning rate decays to 0.009224 ---
--- client 0 in epoch 5 [aggregation then communication] ---
--- client 1 in epoch 5 [aggregation then communication] ---
--- client 2 in epoch 5 [aggregation then communication] ---
--- client 3 in epoch 5 [aggregation then communication] ---
--- client 4 in epoch 5 [aggregation then communication] ---
--- client 5 in epoch 5 [aggregation then communication] ---
--- client 6 in epoch 5 [aggregation then communication] ---
--- client 7 in epoch 5 [aggregation then communication] ---
--- client 8 in epoch 5 [aggregation then communication] ---
--- client 9 in epoch 5 [aggregation then communication] ---
--- global epoch 5: global acc = 83.60% ---
--- local epoch 5: local acc = [C0:82.62%, C1:82.70%, C2:82.43%, C3:81.85%, C4:82.88%, C5:83.72%, C6:82.80%, C7:82.55%, C8:82.80%, C9:82.93%] ---

--- global epoch 6/60 ---
--- At epoch 6, learning rate decays to 0.009039 ---
--- client 0 in epoch 6 [aggregation then communication] ---
--- client 1 in epoch 6 [aggregation then communication] ---
--- client 2 in epoch 6 [aggregation then communication] ---
--- client 3 in epoch 6 [aggregation then communication] ---
--- client 4 in epoch 6 [aggregation then communication] ---
--- client 5 in epoch 6 [aggregation then communication] ---
--- client 6 in epoch 6 [aggregation then communication] ---
--- client 7 in epoch 6 [aggregation then communication] ---
--- client 8 in epoch 6 [aggregation then communication] ---
--- client 9 in epoch 6 [aggregation then communication] ---
--- global epoch 6: global acc = 85.10% ---
--- local epoch 6: local acc = [C0:83.92%, C1:84.90%, C2:83.60%, C3:84.08%, C4:84.05%, C5:85.03%, C6:84.55%, C7:84.18%, C8:84.28%, C9:84.53%] ---

--- global epoch 7/60 ---
--- At epoch 7, learning rate decays to 0.008858 ---
--- client 0 in epoch 7 [aggregation then communication] ---
--- client 1 in epoch 7 [aggregation then communication] ---
--- client 2 in epoch 7 [aggregation then communication] ---
--- client 3 in epoch 7 [aggregation then communication] ---
--- client 4 in epoch 7 [aggregation then communication] ---
--- client 5 in epoch 7 [aggregation then communication] ---
--- client 6 in epoch 7 [aggregation then communication] ---
--- client 7 in epoch 7 [aggregation then communication] ---
--- client 8 in epoch 7 [aggregation then communication] ---
--- client 9 in epoch 7 [aggregation then communication] ---
--- global epoch 7: global acc = 86.30% ---
--- local epoch 7: local acc = [C0:85.12%, C1:85.13%, C2:85.22%, C3:84.85%, C4:85.48%, C5:86.30%, C6:85.62%, C7:85.07%, C8:85.25%, C9:85.90%] ---

--- global epoch 8/60 ---
--- At epoch 8, learning rate decays to 0.008681 ---
--- client 0 in epoch 8 [aggregation then communication] ---
--- client 1 in epoch 8 [aggregation then communication] ---
--- client 2 in epoch 8 [aggregation then communication] ---
--- client 3 in epoch 8 [aggregation then communication] ---
--- client 4 in epoch 8 [aggregation then communication] ---
--- client 5 in epoch 8 [aggregation then communication] ---
--- client 6 in epoch 8 [aggregation then communication] ---
--- client 7 in epoch 8 [aggregation then communication] ---
--- client 8 in epoch 8 [aggregation then communication] ---
--- client 9 in epoch 8 [aggregation then communication] ---
--- global epoch 8: global acc = 86.54% ---
--- local epoch 8: local acc = [C0:85.93%, C1:88.43%, C2:86.28%, C3:85.92%, C4:86.57%, C5:86.97%, C6:86.25%, C7:86.22%, C8:86.07%, C9:87.02%] ---

--- global epoch 9/60 ---
--- At epoch 9, learning rate decays to 0.008508 ---
--- client 0 in epoch 9 [aggregation then communication] ---
--- client 1 in epoch 9 [aggregation then communication] ---
--- client 2 in epoch 9 [aggregation then communication] ---
--- client 3 in epoch 9 [aggregation then communication] ---
--- client 4 in epoch 9 [aggregation then communication] ---
--- client 5 in epoch 9 [aggregation then communication] ---
--- client 6 in epoch 9 [aggregation then communication] ---
--- client 7 in epoch 9 [aggregation then communication] ---
--- client 8 in epoch 9 [aggregation then communication] ---
--- client 9 in epoch 9 [aggregation then communication] ---
--- global epoch 9: global acc = 87.68% ---
--- local epoch 9: local acc = [C0:86.62%, C1:87.10%, C2:86.82%, C3:86.52%, C4:86.63%, C5:87.67%, C6:86.93%, C7:87.08%, C8:86.67%, C9:87.32%] ---

--- global epoch 10/60 ---
--- At epoch 10, learning rate decays to 0.008337 ---
--- client 0 in epoch 10 [aggregation then communication] ---
--- client 1 in epoch 10 [aggregation then communication] ---
--- client 2 in epoch 10 [aggregation then communication] ---
--- client 3 in epoch 10 [aggregation then communication] ---
--- client 4 in epoch 10 [aggregation then communication] ---
--- client 5 in epoch 10 [aggregation then communication] ---
--- client 6 in epoch 10 [aggregation then communication] ---
--- client 7 in epoch 10 [aggregation then communication] ---
--- client 8 in epoch 10 [aggregation then communication] ---
--- client 9 in epoch 10 [aggregation then communication] ---
--- global epoch 10: global acc = 87.44% ---
--- local epoch 10: local acc = [C0:87.03%, C1:87.83%, C2:87.43%, C3:87.32%, C4:87.05%, C5:88.07%, C6:87.78%, C7:87.77%, C8:87.63%, C9:87.85%] ---

--- global epoch 11/60 ---
--- At epoch 11, learning rate decays to 0.008171 ---
--- client 0 in epoch 11 [aggregation then communication] ---
--- client 1 in epoch 11 [aggregation then communication] ---
--- client 2 in epoch 11 [aggregation then communication] ---
--- client 3 in epoch 11 [aggregation then communication] ---
--- client 4 in epoch 11 [aggregation then communication] ---
--- client 5 in epoch 11 [aggregation then communication] ---
--- client 6 in epoch 11 [aggregation then communication] ---
--- client 7 in epoch 11 [aggregation then communication] ---
--- client 8 in epoch 11 [aggregation then communication] ---
--- client 9 in epoch 11 [aggregation then communication] ---
--- global epoch 11: global acc = 87.79% ---
--- local epoch 11: local acc = [C0:87.83%, C1:88.08%, C2:87.65%, C3:87.78%, C4:87.87%, C5:88.73%, C6:88.22%, C7:88.83%, C8:88.15%, C9:88.30%] ---

--- global epoch 12/60 ---
--- At epoch 12, learning rate decays to 0.008007 ---
--- client 0 in epoch 12 [aggregation then communication] ---
--- client 1 in epoch 12 [aggregation then communication] ---
--- client 2 in epoch 12 [aggregation then communication] ---
--- client 3 in epoch 12 [aggregation then communication] ---
--- client 4 in epoch 12 [aggregation then communication] ---
--- client 5 in epoch 12 [aggregation then communication] ---
--- client 6 in epoch 12 [aggregation then communication] ---
--- client 7 in epoch 12 [aggregation then communication] ---
--- client 8 in epoch 12 [aggregation then communication] ---
--- client 9 in epoch 12 [aggregation then communication] ---
--- global epoch 12: global acc = 87.55% ---
--- local epoch 12: local acc = [C0:88.22%, C1:88.67%, C2:88.58%, C3:88.10%, C4:90.53%, C5:89.47%, C6:88.78%, C7:88.83%, C8:88.28%, C9:88.57%] ---

--- global epoch 13/60 ---
--- At epoch 13, learning rate decays to 0.007847 ---
--- client 0 in epoch 13 [aggregation then communication] ---
--- client 1 in epoch 13 [aggregation then communication] ---
--- client 2 in epoch 13 [aggregation then communication] ---
--- client 3 in epoch 13 [aggregation then communication] ---
--- client 4 in epoch 13 [aggregation then communication] ---
--- client 5 in epoch 13 [aggregation then communication] ---
--- client 6 in epoch 13 [aggregation then communication] ---
--- client 7 in epoch 13 [aggregation then communication] ---
--- client 8 in epoch 13 [aggregation then communication] ---
--- client 9 in epoch 13 [aggregation then communication] ---
--- global epoch 13: global acc = 88.56% ---
--- local epoch 13: local acc = [C0:88.28%, C1:89.25%, C2:88.58%, C3:88.62%, C4:88.45%, C5:89.47%, C6:89.28%, C7:89.17%, C8:88.83%, C9:89.12%] ---

--- global epoch 14/60 ---
--- At epoch 14, learning rate decays to 0.007690 ---
--- client 0 in epoch 14 [aggregation then communication] ---
--- client 1 in epoch 14 [aggregation then communication] ---
--- client 2 in epoch 14 [aggregation then communication] ---
--- client 3 in epoch 14 [aggregation then communication] ---
--- client 4 in epoch 14 [aggregation then communication] ---
--- client 5 in epoch 14 [aggregation then communication] ---
--- client 6 in epoch 14 [aggregation then communication] ---
--- client 7 in epoch 14 [aggregation then communication] ---
--- client 8 in epoch 14 [aggregation then communication] ---
--- client 9 in epoch 14 [aggregation then communication] ---
--- global epoch 14: global acc = 88.68% ---
--- local epoch 14: local acc = [C0:89.07%, C1:89.38%, C2:89.20%, C3:88.72%, C4:89.32%, C5:89.92%, C6:89.72%, C7:89.33%, C8:89.40%, C9:89.68%] ---

--- global epoch 15/60 ---
--- At epoch 15, learning rate decays to 0.007536 ---
--- client 0 in epoch 15 [aggregation then communication] ---
--- client 1 in epoch 15 [aggregation then communication] ---
--- client 2 in epoch 15 [aggregation then communication] ---
--- client 3 in epoch 15 [aggregation then communication] ---
--- client 4 in epoch 15 [aggregation then communication] ---
--- client 5 in epoch 15 [aggregation then communication] ---
--- client 6 in epoch 15 [aggregation then communication] ---
--- client 7 in epoch 15 [aggregation then communication] ---
--- client 8 in epoch 15 [aggregation then communication] ---
--- client 9 in epoch 15 [aggregation then communication] ---
--- global epoch 15: global acc = 88.78% ---
--- local epoch 15: local acc = [C0:89.63%, C1:90.80%, C2:89.62%, C3:89.02%, C4:89.72%, C5:90.08%, C6:91.08%, C7:89.83%, C8:89.45%, C9:90.05%] ---

--- global epoch 16/60 ---
--- At epoch 16, learning rate decays to 0.007386 ---
--- client 0 in epoch 16 [aggregation then communication] ---
--- client 1 in epoch 16 [aggregation then communication] ---
--- client 2 in epoch 16 [aggregation then communication] ---
--- client 3 in epoch 16 [aggregation then communication] ---
--- client 4 in epoch 16 [aggregation then communication] ---
--- client 5 in epoch 16 [aggregation then communication] ---
--- client 6 in epoch 16 [aggregation then communication] ---
--- client 7 in epoch 16 [aggregation then communication] ---
--- client 8 in epoch 16 [aggregation then communication] ---
--- client 9 in epoch 16 [aggregation then communication] ---
--- global epoch 16: global acc = 88.82% ---
--- local epoch 16: local acc = [C0:90.02%, C1:90.43%, C2:89.95%, C3:89.60%, C4:90.15%, C5:90.78%, C6:90.85%, C7:90.13%, C8:90.00%, C9:90.30%] ---

--- global epoch 17/60 ---
--- At epoch 17, learning rate decays to 0.007238 ---
--- client 0 in epoch 17 [aggregation then communication] ---
--- client 1 in epoch 17 [aggregation then communication] ---
--- client 2 in epoch 17 [aggregation then communication] ---
--- client 3 in epoch 17 [aggregation then communication] ---
--- client 4 in epoch 17 [aggregation then communication] ---
--- client 5 in epoch 17 [aggregation then communication] ---
--- client 6 in epoch 17 [aggregation then communication] ---
--- client 7 in epoch 17 [aggregation then communication] ---
--- client 8 in epoch 17 [aggregation then communication] ---
--- client 9 in epoch 17 [aggregation then communication] ---
--- global epoch 17: global acc = 89.07% ---
--- local epoch 17: local acc = [C0:90.17%, C1:90.67%, C2:90.35%, C3:89.97%, C4:90.43%, C5:91.10%, C6:90.83%, C7:90.83%, C8:90.45%, C9:90.28%] ---

--- global epoch 18/60 ---
--- At epoch 18, learning rate decays to 0.007093 ---
--- client 0 in epoch 18 [aggregation then communication] ---
--- client 1 in epoch 18 [aggregation then communication] ---
--- client 2 in epoch 18 [aggregation then communication] ---
--- client 3 in epoch 18 [aggregation then communication] ---
--- client 4 in epoch 18 [aggregation then communication] ---
--- client 5 in epoch 18 [aggregation then communication] ---
--- client 6 in epoch 18 [aggregation then communication] ---
--- client 7 in epoch 18 [aggregation then communication] ---
--- client 8 in epoch 18 [aggregation then communication] ---
--- client 9 in epoch 18 [aggregation then communication] ---
--- global epoch 18: global acc = 89.64% ---
--- local epoch 18: local acc = [C0:90.28%, C1:90.85%, C2:90.72%, C3:90.22%, C4:90.53%, C5:91.45%, C6:93.85%, C7:90.70%, C8:90.87%, C9:90.92%] ---

--- global epoch 19/60 ---
--- At epoch 19, learning rate decays to 0.006951 ---
--- client 0 in epoch 19 [aggregation then communication] ---
--- client 1 in epoch 19 [aggregation then communication] ---
--- client 2 in epoch 19 [aggregation then communication] ---
--- client 3 in epoch 19 [aggregation then communication] ---
--- client 4 in epoch 19 [aggregation then communication] ---
--- client 5 in epoch 19 [aggregation then communication] ---
--- client 6 in epoch 19 [aggregation then communication] ---
--- client 7 in epoch 19 [aggregation then communication] ---
--- client 8 in epoch 19 [aggregation then communication] ---
--- client 9 in epoch 19 [aggregation then communication] ---
--- global epoch 19: global acc = 89.61% ---
--- local epoch 19: local acc = [C0:90.63%, C1:92.35%, C2:90.73%, C3:90.45%, C4:91.27%, C5:91.72%, C6:91.38%, C7:90.78%, C8:90.52%, C9:91.03%] ---

--- global epoch 20/60 ---
--- At epoch 20, learning rate decays to 0.006812 ---
--- client 0 in epoch 20 [aggregation then communication] ---
--- client 1 in epoch 20 [aggregation then communication] ---
--- client 2 in epoch 20 [aggregation then communication] ---
--- client 3 in epoch 20 [aggregation then communication] ---
--- client 4 in epoch 20 [aggregation then communication] ---
--- client 5 in epoch 20 [aggregation then communication] ---
--- client 6 in epoch 20 [aggregation then communication] ---
--- client 7 in epoch 20 [aggregation then communication] ---
--- client 8 in epoch 20 [aggregation then communication] ---
--- client 9 in epoch 20 [aggregation then communication] ---
--- global epoch 20: global acc = 89.74% ---
--- local epoch 20: local acc = [C0:90.77%, C1:91.67%, C2:90.67%, C3:90.72%, C4:91.15%, C5:91.60%, C6:92.45%, C7:91.42%, C8:91.65%, C9:91.18%] ---

--- global epoch 21/60 ---
--- At epoch 21, learning rate decays to 0.006676 ---
--- client 0 in epoch 21 [aggregation then communication] ---
--- client 1 in epoch 21 [aggregation then communication] ---
--- client 2 in epoch 21 [aggregation then communication] ---
--- client 3 in epoch 21 [aggregation then communication] ---
--- client 4 in epoch 21 [aggregation then communication] ---
--- client 5 in epoch 21 [aggregation then communication] ---
--- client 6 in epoch 21 [aggregation then communication] ---
--- client 7 in epoch 21 [aggregation then communication] ---
--- client 8 in epoch 21 [aggregation then communication] ---
--- client 9 in epoch 21 [aggregation then communication] ---
--- global epoch 21: global acc = 89.56% ---
--- local epoch 21: local acc = [C0:91.35%, C1:91.75%, C2:91.55%, C3:90.83%, C4:91.33%, C5:92.12%, C6:92.75%, C7:91.45%, C8:91.42%, C9:91.72%] ---

--- global epoch 22/60 ---
--- At epoch 22, learning rate decays to 0.006543 ---
--- client 0 in epoch 22 [aggregation then communication] ---
--- client 1 in epoch 22 [aggregation then communication] ---
--- client 2 in epoch 22 [aggregation then communication] ---
--- client 3 in epoch 22 [aggregation then communication] ---
--- client 4 in epoch 22 [aggregation then communication] ---
--- client 5 in epoch 22 [aggregation then communication] ------ client 6 in epoch 22 [aggregation then communication] ---

--- client 7 in epoch 22 [aggregation then communication] ---
--- client 8 in epoch 22 [aggregation then communication] ---
--- client 9 in epoch 22 [aggregation then communication] ---
--- global epoch 22: global acc = 89.93% ---
--- local epoch 22: local acc = [C0:91.58%, C1:92.42%, C2:91.72%, C3:90.97%, C4:91.45%, C5:92.47%, C6:93.08%, C7:91.48%, C8:91.58%, C9:92.40%] ---

--- global epoch 23/60 ---
--- At epoch 23, learning rate decays to 0.006412 ---
--- client 0 in epoch 23 [aggregation then communication] ---
--- client 1 in epoch 23 [aggregation then communication] ---
--- client 2 in epoch 23 [aggregation then communication] ---
--- client 3 in epoch 23 [aggregation then communication] ---
--- client 4 in epoch 23 [aggregation then communication] ---
--- client 5 in epoch 23 [aggregation then communication] ---
--- client 6 in epoch 23 [aggregation then communication] ---
--- client 7 in epoch 23 [aggregation then communication] ------ client 8 in epoch 23 [aggregation then communication] ---
--- client 9 in epoch 23 [aggregation then communication] ---

--- global epoch 23: global acc = 89.63% ---
--- local epoch 23: local acc = [C0:92.18%, C1:92.48%, C2:92.03%, C3:91.68%, C4:91.88%, C5:92.85%, C6:92.97%, C7:93.45%, C8:91.97%, C9:92.83%] ---

--- global epoch 24/60 ---
--- At epoch 24, learning rate decays to 0.006283 ---
--- client 0 in epoch 24 [aggregation then communication] ---
--- client 1 in epoch 24 [aggregation then communication] ---
--- client 2 in epoch 24 [aggregation then communication] ---
--- client 3 in epoch 24 [aggregation then communication] ---
--- client 4 in epoch 24 [aggregation then communication] ---
--- client 5 in epoch 24 [aggregation then communication] ---
--- client 6 in epoch 24 [aggregation then communication] ---
--- client 7 in epoch 24 [aggregation then communication] ---
--- client 8 in epoch 24 [aggregation then communication] ---
--- client 9 in epoch 24 [aggregation then communication] ---
--- global epoch 24: global acc = 90.31% ---
--- local epoch 24: local acc = [C0:92.18%, C1:92.72%, C2:92.45%, C3:92.12%, C4:92.05%, C5:93.17%, C6:93.13%, C7:92.40%, C8:92.13%, C9:92.93%] ---

--- global epoch 25/60 ---
--- At epoch 25, learning rate decays to 0.006158 ---
--- client 0 in epoch 25 [aggregation then communication] ---
--- client 1 in epoch 25 [aggregation then communication] ---
--- client 2 in epoch 25 [aggregation then communication] ---
--- client 3 in epoch 25 [aggregation then communication] ---
--- client 4 in epoch 25 [aggregation then communication] ---
--- client 5 in epoch 25 [aggregation then communication] ---
--- client 6 in epoch 25 [aggregation then communication] ---
--- client 7 in epoch 25 [aggregation then communication] ---
--- client 8 in epoch 25 [aggregation then communication] ---
--- client 9 in epoch 25 [aggregation then communication] ---
--- global epoch 25: global acc = 89.57% ---
--- local epoch 25: local acc = [C0:92.53%, C1:93.28%, C2:92.05%, C3:92.13%, C4:92.35%, C5:93.20%, C6:93.73%, C7:92.28%, C8:92.85%, C9:93.32%] ---

--- global epoch 26/60 ---
--- At epoch 26, learning rate decays to 0.006035 ---
--- client 0 in epoch 26 [aggregation then communication] ---
--- client 1 in epoch 26 [aggregation then communication] ---
--- client 2 in epoch 26 [aggregation then communication] ---
--- client 3 in epoch 26 [aggregation then communication] ---
--- client 4 in epoch 26 [aggregation then communication] ---
--- client 5 in epoch 26 [aggregation then communication] ---
--- client 6 in epoch 26 [aggregation then communication] ---
--- client 7 in epoch 26 [aggregation then communication] ---
--- client 8 in epoch 26 [aggregation then communication] ---
--- client 9 in epoch 26 [aggregation then communication] ---
--- global epoch 26: global acc = 90.02% ---
--- local epoch 26: local acc = [C0:95.32%, C1:93.42%, C2:92.48%, C3:92.12%, C4:92.48%, C5:93.25%, C6:93.95%, C7:92.43%, C8:94.08%, C9:92.83%] ---

--- global epoch 27/60 ---
--- At epoch 27, learning rate decays to 0.005914 ---
--- client 0 in epoch 27 [aggregation then communication] ---
--- client 1 in epoch 27 [aggregation then communication] ---
--- client 2 in epoch 27 [aggregation then communication] ---
--- client 3 in epoch 27 [aggregation then communication] ---
--- client 4 in epoch 27 [aggregation then communication] ---
--- client 5 in epoch 27 [aggregation then communication] ---
--- client 6 in epoch 27 [aggregation then communication] ---
--- client 7 in epoch 27 [aggregation then communication] ---
--- client 8 in epoch 27 [aggregation then communication] ---
--- client 9 in epoch 27 [aggregation then communication] ---
--- global epoch 27: global acc = 89.63% ---
--- local epoch 27: local acc = [C0:93.63%, C1:93.52%, C2:92.15%, C3:92.35%, C4:92.88%, C5:93.70%, C6:93.92%, C7:92.62%, C8:93.58%, C9:92.82%] ---

--- global epoch 28/60 ---
--- At epoch 28, learning rate decays to 0.005796 ---
--- client 0 in epoch 28 [aggregation then communication] ---
--- client 1 in epoch 28 [aggregation then communication] ---
--- client 2 in epoch 28 [aggregation then communication] ---
--- client 3 in epoch 28 [aggregation then communication] ---
--- client 4 in epoch 28 [aggregation then communication] ---
--- client 5 in epoch 28 [aggregation then communication] ---
--- client 6 in epoch 28 [aggregation then communication] ---
--- client 7 in epoch 28 [aggregation then communication] ---
--- client 8 in epoch 28 [aggregation then communication] ---
--- client 9 in epoch 28 [aggregation then communication] ---
--- global epoch 28: global acc = 89.97% ---
--- local epoch 28: local acc = [C0:93.90%, C1:94.08%, C2:92.68%, C3:92.55%, C4:93.42%, C5:94.18%, C6:94.23%, C7:93.15%, C8:93.88%, C9:93.38%] ---

--- global epoch 29/60 ---
--- At epoch 29, learning rate decays to 0.005680 ---
--- client 0 in epoch 29 [aggregation then communication] ---
--- client 1 in epoch 29 [aggregation then communication] ---
--- client 2 in epoch 29 [aggregation then communication] ---
--- client 3 in epoch 29 [aggregation then communication] ---
--- client 4 in epoch 29 [aggregation then communication] ---
--- client 5 in epoch 29 [aggregation then communication] ---
--- client 6 in epoch 29 [aggregation then communication] ---
--- client 7 in epoch 29 [aggregation then communication] ---
--- client 8 in epoch 29 [aggregation then communication] ---
--- client 9 in epoch 29 [aggregation then communication] ---
--- global epoch 29: global acc = 89.77% ---
--- local epoch 29: local acc = [C0:94.95%, C1:94.02%, C2:93.30%, C3:92.72%, C4:93.17%, C5:93.92%, C6:94.42%, C7:94.75%, C8:93.88%, C9:93.75%] ---

--- global epoch 30/60 ---
--- At epoch 30, learning rate decays to 0.005566 ---
--- client 0 in epoch 30 [aggregation then communication] ---
--- client 1 in epoch 30 [aggregation then communication] ---
--- client 2 in epoch 30 [aggregation then communication] ---
--- client 3 in epoch 30 [aggregation then communication] ---
--- client 4 in epoch 30 [aggregation then communication] ---
--- client 5 in epoch 30 [aggregation then communication] ---
--- client 6 in epoch 30 [aggregation then communication] ---
--- client 7 in epoch 30 [aggregation then communication] ---
--- client 8 in epoch 30 [aggregation then communication] ---
--- client 9 in epoch 30 [aggregation then communication] ---
--- global epoch 30: global acc = 89.87% ---
--- local epoch 30: local acc = [C0:94.15%, C1:94.08%, C2:95.58%, C3:93.58%, C4:93.73%, C5:96.68%, C6:94.30%, C7:93.85%, C8:94.63%, C9:93.60%] ---

--- global epoch 31/60 ---
--- At epoch 31, learning rate decays to 0.005455 ---
--- client 0 in epoch 31 [aggregation then communication] ---
--- client 1 in epoch 31 [aggregation then communication] ---
--- client 2 in epoch 31 [aggregation then communication] ---
--- client 3 in epoch 31 [aggregation then communication] ---
--- client 4 in epoch 31 [aggregation then communication] ---
--- client 5 in epoch 31 [aggregation then communication] ---
--- client 6 in epoch 31 [aggregation then communication] ---
--- client 7 in epoch 31 [aggregation then communication] ---
--- client 8 in epoch 31 [aggregation then communication] ---
--- client 9 in epoch 31 [aggregation then communication] ---
--- global epoch 31: global acc = 89.13% ---
--- local epoch 31: local acc = [C0:94.70%, C1:95.05%, C2:93.77%, C3:93.28%, C4:93.92%, C5:93.95%, C6:94.50%, C7:96.95%, C8:94.42%, C9:93.53%] ---

--- global epoch 32/60 ---
--- At epoch 32, learning rate decays to 0.005346 ---
--- client 0 in epoch 32 [aggregation then communication] ---
--- client 1 in epoch 32 [aggregation then communication] ---
--- client 2 in epoch 32 [aggregation then communication] ---
--- client 3 in epoch 32 [aggregation then communication] ---
--- client 4 in epoch 32 [aggregation then communication] ---
--- client 5 in epoch 32 [aggregation then communication] ---
--- client 6 in epoch 32 [aggregation then communication] ---
--- client 7 in epoch 32 [aggregation then communication] ---
--- client 8 in epoch 32 [aggregation then communication] ---
--- client 9 in epoch 32 [aggregation then communication] ---
--- global epoch 32: global acc = 89.72% ---
--- local epoch 32: local acc = [C0:97.05%, C1:95.43%, C2:93.53%, C3:93.82%, C4:94.02%, C5:93.93%, C6:94.52%, C7:93.78%, C8:95.25%, C9:93.83%] ---

--- global epoch 33/60 ---
--- At epoch 33, learning rate decays to 0.005239 ---
--- client 0 in epoch 33 [aggregation then communication] ---
--- client 1 in epoch 33 [aggregation then communication] ---
--- client 2 in epoch 33 [aggregation then communication] ---
--- client 3 in epoch 33 [aggregation then communication] ---
--- client 4 in epoch 33 [aggregation then communication] ---
--- client 5 in epoch 33 [aggregation then communication] ---
--- client 6 in epoch 33 [aggregation then communication] ---
--- client 7 in epoch 33 [aggregation then communication] ---
--- client 8 in epoch 33 [aggregation then communication] ---
--- client 9 in epoch 33 [aggregation then communication] ---
--- global epoch 33: global acc = 89.06% ---
--- local epoch 33: local acc = [C0:94.73%, C1:94.95%, C2:93.67%, C3:93.70%, C4:93.97%, C5:94.90%, C6:95.23%, C7:94.00%, C8:94.70%, C9:93.48%] ---

--- global epoch 34/60 ---
--- At epoch 34, learning rate decays to 0.005134 ---
--- client 0 in epoch 34 [aggregation then communication] ---
--- client 1 in epoch 34 [aggregation then communication] ---
--- client 2 in epoch 34 [aggregation then communication] ---
--- client 3 in epoch 34 [aggregation then communication] ---
--- client 4 in epoch 34 [aggregation then communication] ---
--- client 5 in epoch 34 [aggregation then communication] ---
--- client 6 in epoch 34 [aggregation then communication] ---
--- client 7 in epoch 34 [aggregation then communication] ---
--- client 8 in epoch 34 [aggregation then communication] ---
--- client 9 in epoch 34 [aggregation then communication] ---
--- global epoch 34: global acc = 89.79% ---
--- local epoch 34: local acc = [C0:94.77%, C1:95.23%, C2:94.77%, C3:94.42%, C4:96.62%, C5:94.55%, C6:95.42%, C7:94.37%, C8:95.62%, C9:94.18%] ---

--- global epoch 35/60 ---
--- At epoch 35, learning rate decays to 0.005031 ---
--- client 0 in epoch 35 [aggregation then communication] ---
--- client 1 in epoch 35 [aggregation then communication] ---
--- client 2 in epoch 35 [aggregation then communication] ---
--- client 3 in epoch 35 [aggregation then communication] ---
--- client 4 in epoch 35 [aggregation then communication] ---
--- client 5 in epoch 35 [aggregation then communication] ---
--- client 6 in epoch 35 [aggregation then communication] ---
--- client 7 in epoch 35 [aggregation then communication] ---
--- client 8 in epoch 35 [aggregation then communication] ---
--- client 9 in epoch 35 [aggregation then communication] ---
--- global epoch 35: global acc = 89.15% ---
--- local epoch 35: local acc = [C0:95.33%, C1:95.08%, C2:94.33%, C3:94.40%, C4:94.73%, C5:94.77%, C6:95.60%, C7:94.78%, C8:95.67%, C9:94.45%] ---

--- global epoch 36/60 ---
--- At epoch 36, learning rate decays to 0.004931 ---
--- client 0 in epoch 36 [aggregation then communication] ---
--- client 1 in epoch 36 [aggregation then communication] ---
--- client 2 in epoch 36 [aggregation then communication] ---
--- client 3 in epoch 36 [aggregation then communication] ---
--- client 4 in epoch 36 [aggregation then communication] ---
--- client 5 in epoch 36 [aggregation then communication] ---
--- client 6 in epoch 36 [aggregation then communication] ---
--- client 7 in epoch 36 [aggregation then communication] ---
--- client 8 in epoch 36 [aggregation then communication] ---
--- client 9 in epoch 36 [aggregation then communication] ---
--- global epoch 36: global acc = 89.74% ---
--- local epoch 36: local acc = [C0:96.43%, C1:95.78%, C2:94.50%, C3:94.83%, C4:94.98%, C5:95.07%, C6:95.58%, C7:94.38%, C8:95.95%, C9:94.62%] ---

--- global epoch 37/60 ---
--- At epoch 37, learning rate decays to 0.004832 ---
--- client 0 in epoch 37 [aggregation then communication] ---
--- client 1 in epoch 37 [aggregation then communication] ---
--- client 2 in epoch 37 [aggregation then communication] ---
--- client 3 in epoch 37 [aggregation then communication] ---
--- client 4 in epoch 37 [aggregation then communication] ---
--- client 5 in epoch 37 [aggregation then communication] ---
--- client 6 in epoch 37 [aggregation then communication] ---
--- client 7 in epoch 37 [aggregation then communication] ---
--- client 8 in epoch 37 [aggregation then communication] ---
--- client 9 in epoch 37 [aggregation then communication] ---
--- global epoch 37: global acc = 89.71% ---
--- local epoch 37: local acc = [C0:95.65%, C1:95.77%, C2:94.63%, C3:94.68%, C4:95.25%, C5:95.22%, C6:95.33%, C7:94.97%, C8:96.12%, C9:95.22%] ---

--- global epoch 38/60 ---
--- At epoch 38, learning rate decays to 0.004735 ---
--- client 0 in epoch 38 [aggregation then communication] ---
--- client 1 in epoch 38 [aggregation then communication] ---
--- client 2 in epoch 38 [aggregation then communication] ---
--- client 3 in epoch 38 [aggregation then communication] ---
--- client 4 in epoch 38 [aggregation then communication] ---
--- client 5 in epoch 38 [aggregation then communication] ---
--- client 6 in epoch 38 [aggregation then communication] ---
--- client 7 in epoch 38 [aggregation then communication] ---
--- client 8 in epoch 38 [aggregation then communication] ---
--- client 9 in epoch 38 [aggregation then communication] ---
--- global epoch 38: global acc = 89.33% ---
--- local epoch 38: local acc = [C0:95.95%, C1:96.93%, C2:96.68%, C3:95.05%, C4:95.38%, C5:95.78%, C6:96.17%, C7:95.22%, C8:95.98%, C9:95.22%] ---

--- global epoch 39/60 ---
--- At epoch 39, learning rate decays to 0.004641 ---
--- client 0 in epoch 39 [aggregation then communication] ---
--- client 1 in epoch 39 [aggregation then communication] ---
--- client 2 in epoch 39 [aggregation then communication] ---
--- client 3 in epoch 39 [aggregation then communication] ---
--- client 4 in epoch 39 [aggregation then communication] ---
--- client 5 in epoch 39 [aggregation then communication] ---
--- client 6 in epoch 39 [aggregation then communication] ---
--- client 7 in epoch 39 [aggregation then communication] ---
--- client 8 in epoch 39 [aggregation then communication] ---
--- client 9 in epoch 39 [aggregation then communication] ---
--- global epoch 39: global acc = 90.03% ---
--- local epoch 39: local acc = [C0:95.97%, C1:96.77%, C2:95.42%, C3:94.93%, C4:95.60%, C5:95.32%, C6:96.28%, C7:95.65%, C8:95.77%, C9:95.68%] ---

--- global epoch 40/60 ---
--- At epoch 40, learning rate decays to 0.004548 ---
--- client 0 in epoch 40 [aggregation then communication] ---
--- client 1 in epoch 40 [aggregation then communication] ---
--- client 2 in epoch 40 [aggregation then communication] ---
--- client 3 in epoch 40 [aggregation then communication] ---
--- client 4 in epoch 40 [aggregation then communication] ---
--- client 5 in epoch 40 [aggregation then communication] ---
--- client 6 in epoch 40 [aggregation then communication] ---
--- client 7 in epoch 40 [aggregation then communication] ---
--- client 8 in epoch 40 [aggregation then communication] ---
--- client 9 in epoch 40 [aggregation then communication] ---
--- global epoch 40: global acc = 90.11% ---
--- local epoch 40: local acc = [C0:96.17%, C1:96.12%, C2:95.37%, C3:95.47%, C4:95.30%, C5:95.83%, C6:96.35%, C7:95.97%, C8:97.83%, C9:95.35%] ---

--- global epoch 41/60 ---
--- At epoch 41, learning rate decays to 0.004457 ---
--- client 0 in epoch 41 [aggregation then communication] ---
--- client 1 in epoch 41 [aggregation then communication] ---
--- client 2 in epoch 41 [aggregation then communication] ---
--- client 3 in epoch 41 [aggregation then communication] ---
--- client 4 in epoch 41 [aggregation then communication] ---
--- client 5 in epoch 41 [aggregation then communication] ---
--- client 6 in epoch 41 [aggregation then communication] ------ client 7 in epoch 41 [aggregation then communication] ---

--- client 8 in epoch 41 [aggregation then communication] ---
--- client 9 in epoch 41 [aggregation then communication] ---
--- global epoch 41: global acc = 90.13% ---
--- local epoch 41: local acc = [C0:96.18%, C1:96.45%, C2:96.13%, C3:96.50%, C4:95.75%, C5:96.17%, C6:96.30%, C7:96.57%, C8:96.05%, C9:96.02%] ---

--- global epoch 42/60 ---
--- At epoch 42, learning rate decays to 0.004368 ---
--- client 0 in epoch 42 [aggregation then communication] ---
--- client 1 in epoch 42 [aggregation then communication] ---
--- client 2 in epoch 42 [aggregation then communication] ---
--- client 3 in epoch 42 [aggregation then communication] ---
--- client 4 in epoch 42 [aggregation then communication] ---
--- client 5 in epoch 42 [aggregation then communication] ---
--- client 6 in epoch 42 [aggregation then communication] ---
--- client 7 in epoch 42 [aggregation then communication] ---
--- client 8 in epoch 42 [aggregation then communication] ---
--- client 9 in epoch 42 [aggregation then communication] ---
--- global epoch 42: global acc = 90.20% ---
--- local epoch 42: local acc = [C0:96.37%, C1:96.48%, C2:96.13%, C3:95.50%, C4:96.08%, C5:96.47%, C6:96.13%, C7:95.85%, C8:96.77%, C9:95.55%] ---

--- global epoch 43/60 ---
--- At epoch 43, learning rate decays to 0.004281 ---
--- client 0 in epoch 43 [aggregation then communication] ---
--- client 1 in epoch 43 [aggregation then communication] ---
--- client 2 in epoch 43 [aggregation then communication] ---
--- client 3 in epoch 43 [aggregation then communication] ---
--- client 4 in epoch 43 [aggregation then communication] ---
--- client 5 in epoch 43 [aggregation then communication] ---
--- client 6 in epoch 43 [aggregation then communication] ---
--- client 7 in epoch 43 [aggregation then communication] ---
--- client 8 in epoch 43 [aggregation then communication] ---
--- client 9 in epoch 43 [aggregation then communication] ---
--- global epoch 43: global acc = 89.98% ---
--- local epoch 43: local acc = [C0:96.63%, C1:96.97%, C2:96.20%, C3:96.23%, C4:96.15%, C5:96.78%, C6:96.35%, C7:96.37%, C8:96.43%, C9:96.48%] ---

--- global epoch 44/60 ---
--- At epoch 44, learning rate decays to 0.004195 ---
--- client 0 in epoch 44 [aggregation then communication] ---
--- client 1 in epoch 44 [aggregation then communication] ---
--- client 2 in epoch 44 [aggregation then communication] ---
--- client 3 in epoch 44 [aggregation then communication] ---
--- client 4 in epoch 44 [aggregation then communication] ---
--- client 5 in epoch 44 [aggregation then communication] ---
--- client 6 in epoch 44 [aggregation then communication] ---
--- client 7 in epoch 44 [aggregation then communication] ---
--- client 8 in epoch 44 [aggregation then communication] ---
--- client 9 in epoch 44 [aggregation then communication] ---
--- global epoch 44: global acc = 90.34% ---
--- local epoch 44: local acc = [C0:96.62%, C1:97.00%, C2:96.88%, C3:96.77%, C4:96.23%, C5:97.00%, C6:97.12%, C7:96.50%, C8:97.00%, C9:96.57%] ---

--- global epoch 45/60 ---
--- At epoch 45, learning rate decays to 0.004111 ---
--- client 0 in epoch 45 [aggregation then communication] ---
--- client 1 in epoch 45 [aggregation then communication] ---
--- client 2 in epoch 45 [aggregation then communication] ---
--- client 3 in epoch 45 [aggregation then communication] ---
--- client 4 in epoch 45 [aggregation then communication] ---
--- client 5 in epoch 45 [aggregation then communication] ---
--- client 6 in epoch 45 [aggregation then communication] ---
--- client 7 in epoch 45 [aggregation then communication] ---
--- client 8 in epoch 45 [aggregation then communication] ---
--- client 9 in epoch 45 [aggregation then communication] ---
--- global epoch 45: global acc = 90.91% ---
--- local epoch 45: local acc = [C0:96.47%, C1:96.93%, C2:96.55%, C3:96.93%, C4:96.57%, C5:98.32%, C6:97.07%, C7:96.28%, C8:96.95%, C9:96.80%] ---

--- global epoch 46/60 ---
--- At epoch 46, learning rate decays to 0.004029 ---
--- client 0 in epoch 46 [aggregation then communication] ---
--- client 1 in epoch 46 [aggregation then communication] ---
--- client 2 in epoch 46 [aggregation then communication] ---
--- client 3 in epoch 46 [aggregation then communication] ---
--- client 4 in epoch 46 [aggregation then communication] ---
--- client 5 in epoch 46 [aggregation then communication] ---
--- client 6 in epoch 46 [aggregation then communication] ---
--- client 7 in epoch 46 [aggregation then communication] ---
--- client 8 in epoch 46 [aggregation then communication] ---
--- client 9 in epoch 46 [aggregation then communication] ---
--- global epoch 46: global acc = 90.65% ---
--- local epoch 46: local acc = [C0:97.38%, C1:97.23%, C2:96.63%, C3:97.07%, C4:96.68%, C5:96.63%, C6:96.95%, C7:96.73%, C8:98.12%, C9:96.90%] ---

--- global epoch 47/60 ---
--- At epoch 47, learning rate decays to 0.003948 ---
--- client 0 in epoch 47 [aggregation then communication] ---
--- client 1 in epoch 47 [aggregation then communication] ---
--- client 2 in epoch 47 [aggregation then communication] ---
--- client 3 in epoch 47 [aggregation then communication] ---
--- client 4 in epoch 47 [aggregation then communication] ---
--- client 5 in epoch 47 [aggregation then communication] ---
--- client 6 in epoch 47 [aggregation then communication] ---
--- client 7 in epoch 47 [aggregation then communication] ---
--- client 8 in epoch 47 [aggregation then communication] ---
--- client 9 in epoch 47 [aggregation then communication] ---
--- global epoch 47: global acc = 90.56% ---
--- local epoch 47: local acc = [C0:96.78%, C1:97.68%, C2:96.95%, C3:97.00%, C4:96.05%, C5:97.17%, C6:97.17%, C7:96.87%, C8:97.62%, C9:97.15%] ---

--- global epoch 48/60 ---
--- At epoch 48, learning rate decays to 0.003869 ---
--- client 0 in epoch 48 [aggregation then communication] ---
--- client 1 in epoch 48 [aggregation then communication] ---
--- client 2 in epoch 48 [aggregation then communication] ---
--- client 3 in epoch 48 [aggregation then communication] ---
--- client 4 in epoch 48 [aggregation then communication] ---
--- client 5 in epoch 48 [aggregation then communication] ---
--- client 6 in epoch 48 [aggregation then communication] ---
--- client 7 in epoch 48 [aggregation then communication] ---
--- client 8 in epoch 48 [aggregation then communication] ---
--- client 9 in epoch 48 [aggregation then communication] ---
--- global epoch 48: global acc = 90.89% ---
--- local epoch 48: local acc = [C0:97.25%, C1:97.73%, C2:97.02%, C3:97.10%, C4:96.52%, C5:97.88%, C6:98.12%, C7:96.68%, C8:98.00%, C9:97.38%] ---

--- global epoch 49/60 ---
--- At epoch 49, learning rate decays to 0.003792 ---
--- client 0 in epoch 49 [aggregation then communication] ---
--- client 1 in epoch 49 [aggregation then communication] ---
--- client 2 in epoch 49 [aggregation then communication] ---
--- client 3 in epoch 49 [aggregation then communication] ---
--- client 4 in epoch 49 [aggregation then communication] ---
--- client 5 in epoch 49 [aggregation then communication] ---
--- client 6 in epoch 49 [aggregation then communication] ---
--- client 7 in epoch 49 [aggregation then communication] ---
--- client 8 in epoch 49 [aggregation then communication] ---
--- client 9 in epoch 49 [aggregation then communication] ---
--- global epoch 49: global acc = 90.91% ---
--- local epoch 49: local acc = [C0:96.68%, C1:97.88%, C2:96.88%, C3:97.57%, C4:97.17%, C5:97.77%, C6:97.63%, C7:97.20%, C8:97.70%, C9:96.82%] ---

--- global epoch 50/60 ---
--- At epoch 50, learning rate decays to 0.003716 ---
--- client 0 in epoch 50 [aggregation then communication] ---
--- client 1 in epoch 50 [aggregation then communication] ---
--- client 2 in epoch 50 [aggregation then communication] ---
--- client 3 in epoch 50 [aggregation then communication] ---
--- client 4 in epoch 50 [aggregation then communication] ---
--- client 5 in epoch 50 [aggregation then communication] ---
--- client 6 in epoch 50 [aggregation then communication] ---
--- client 7 in epoch 50 [aggregation then communication] ---
--- client 8 in epoch 50 [aggregation then communication] ---
--- client 9 in epoch 50 [aggregation then communication] ---
--- global epoch 50: global acc = 90.78% ---
--- local epoch 50: local acc = [C0:97.35%, C1:97.77%, C2:96.92%, C3:97.47%, C4:96.60%, C5:97.78%, C6:98.62%, C7:97.70%, C8:97.93%, C9:97.68%] ---

--- global epoch 51/60 ---
--- At epoch 51, learning rate decays to 0.003642 ---
--- client 0 in epoch 51 [aggregation then communication] ---
--- client 1 in epoch 51 [aggregation then communication] ---
--- client 2 in epoch 51 [aggregation then communication] ---
--- client 3 in epoch 51 [aggregation then communication] ---
--- client 4 in epoch 51 [aggregation then communication] ---
--- client 5 in epoch 51 [aggregation then communication] ---
--- client 6 in epoch 51 [aggregation then communication] ---
--- client 7 in epoch 51 [aggregation then communication] ---
--- client 8 in epoch 51 [aggregation then communication] ---
--- client 9 in epoch 51 [aggregation then communication] ---
--- global epoch 51: global acc = 90.91% ---
--- local epoch 51: local acc = [C0:97.97%, C1:98.10%, C2:97.37%, C3:97.48%, C4:96.65%, C5:98.37%, C6:97.93%, C7:97.23%, C8:98.18%, C9:97.90%] ---

--- global epoch 52/60 ---
--- At epoch 52, learning rate decays to 0.003569 ---
--- client 0 in epoch 52 [aggregation then communication] ---
--- client 1 in epoch 52 [aggregation then communication] ---
--- client 2 in epoch 52 [aggregation then communication] ---
--- client 3 in epoch 52 [aggregation then communication] ---
--- client 4 in epoch 52 [aggregation then communication] ---
--- client 5 in epoch 52 [aggregation then communication] ---
--- client 6 in epoch 52 [aggregation then communication] ---
--- client 7 in epoch 52 [aggregation then communication] ---
--- client 8 in epoch 52 [aggregation then communication] ---
--- client 9 in epoch 52 [aggregation then communication] ---
--- global epoch 52: global acc = 90.22% ---
--- local epoch 52: local acc = [C0:97.97%, C1:98.47%, C2:97.83%, C3:97.63%, C4:97.60%, C5:97.47%, C6:98.23%, C7:97.38%, C8:98.30%, C9:97.67%] ---

--- global epoch 53/60 ---
--- At epoch 53, learning rate decays to 0.003497 ---
--- client 0 in epoch 53 [aggregation then communication] ---
--- client 1 in epoch 53 [aggregation then communication] ---
--- client 2 in epoch 53 [aggregation then communication] ---
--- client 3 in epoch 53 [aggregation then communication] ---
--- client 4 in epoch 53 [aggregation then communication] ---
--- client 5 in epoch 53 [aggregation then communication] ---
--- client 6 in epoch 53 [aggregation then communication] ---
--- client 7 in epoch 53 [aggregation then communication] ---
--- client 8 in epoch 53 [aggregation then communication] ---
--- client 9 in epoch 53 [aggregation then communication] ---
--- global epoch 53: global acc = 91.08% ---
--- local epoch 53: local acc = [C0:98.28%, C1:98.62%, C2:97.53%, C3:97.73%, C4:96.72%, C5:98.25%, C6:97.88%, C7:97.73%, C8:98.40%, C9:98.25%] ---

--- global epoch 54/60 ---
--- At epoch 54, learning rate decays to 0.003428 ---
--- client 0 in epoch 54 [aggregation then communication] ---
--- client 1 in epoch 54 [aggregation then communication] ---
--- client 2 in epoch 54 [aggregation then communication] ---
--- client 3 in epoch 54 [aggregation then communication] ---
--- client 4 in epoch 54 [aggregation then communication] ---
--- client 5 in epoch 54 [aggregation then communication] ---
--- client 6 in epoch 54 [aggregation then communication] ---
--- client 7 in epoch 54 [aggregation then communication] ---
--- client 8 in epoch 54 [aggregation then communication] ---
--- client 9 in epoch 54 [aggregation then communication] ---
--- global epoch 54: global acc = 90.80% ---
--- local epoch 54: local acc = [C0:98.15%, C1:98.35%, C2:97.83%, C3:97.97%, C4:97.15%, C5:98.03%, C6:98.12%, C7:97.53%, C8:98.53%, C9:98.02%] ---

--- global epoch 55/60 ---
--- At epoch 55, learning rate decays to 0.003359 ---
--- client 0 in epoch 55 [aggregation then communication] ---
--- client 1 in epoch 55 [aggregation then communication] ---
--- client 2 in epoch 55 [aggregation then communication] ---
--- client 3 in epoch 55 [aggregation then communication] ---
--- client 4 in epoch 55 [aggregation then communication] ---
--- client 5 in epoch 55 [aggregation then communication] ---
--- client 6 in epoch 55 [aggregation then communication] ---
--- client 7 in epoch 55 [aggregation then communication] ---
--- client 8 in epoch 55 [aggregation then communication] ---
--- client 9 in epoch 55 [aggregation then communication] ---
--- global epoch 55: global acc = 90.61% ---
--- local epoch 55: local acc = [C0:98.45%, C1:98.53%, C2:97.68%, C3:97.97%, C4:97.42%, C5:97.87%, C6:98.20%, C7:98.18%, C8:98.95%, C9:98.30%] ---

--- global epoch 56/60 ---
--- At epoch 56, learning rate decays to 0.003292 ---
--- client 0 in epoch 56 [aggregation then communication] ---
--- client 1 in epoch 56 [aggregation then communication] ---
--- client 2 in epoch 56 [aggregation then communication] ---
--- client 3 in epoch 56 [aggregation then communication] ---
--- client 4 in epoch 56 [aggregation then communication] ---
--- client 5 in epoch 56 [aggregation then communication] ---
--- client 6 in epoch 56 [aggregation then communication] ---
--- client 7 in epoch 56 [aggregation then communication] ---
--- client 8 in epoch 56 [aggregation then communication] ---
--- client 9 in epoch 56 [aggregation then communication] ---
--- global epoch 56: global acc = 91.11% ---
--- local epoch 56: local acc = [C0:98.62%, C1:98.25%, C2:98.02%, C3:97.55%, C4:97.73%, C5:98.48%, C6:97.87%, C7:97.50%, C8:98.83%, C9:98.62%] ---

--- global epoch 57/60 ---
--- At epoch 57, learning rate decays to 0.003226 ---
--- client 0 in epoch 57 [aggregation then communication] ---
--- client 1 in epoch 57 [aggregation then communication] ---
--- client 2 in epoch 57 [aggregation then communication] ---
--- client 3 in epoch 57 [aggregation then communication] ---
--- client 4 in epoch 57 [aggregation then communication] ---
--- client 5 in epoch 57 [aggregation then communication] ---
--- client 6 in epoch 57 [aggregation then communication] ---
--- client 7 in epoch 57 [aggregation then communication] ---
--- client 8 in epoch 57 [aggregation then communication] ---
--- client 9 in epoch 57 [aggregation then communication] ---
--- global epoch 57: global acc = 90.68% ---
--- local epoch 57: local acc = [C0:98.87%, C1:98.65%, C2:98.17%, C3:97.82%, C4:97.70%, C5:98.17%, C6:98.30%, C7:97.97%, C8:98.77%, C9:98.35%] ---

--- global epoch 58/60 ---
--- At epoch 58, learning rate decays to 0.003161 ---
--- client 0 in epoch 58 [aggregation then communication] ---
--- client 1 in epoch 58 [aggregation then communication] ---
--- client 2 in epoch 58 [aggregation then communication] ---
--- client 3 in epoch 58 [aggregation then communication] ---
--- client 4 in epoch 58 [aggregation then communication] ---
--- client 5 in epoch 58 [aggregation then communication] ---
--- client 6 in epoch 58 [aggregation then communication] ---
--- client 7 in epoch 58 [aggregation then communication] ---
--- client 8 in epoch 58 [aggregation then communication] ---
--- client 9 in epoch 58 [aggregation then communication] ---
--- global epoch 58: global acc = 90.81% ---
--- local epoch 58: local acc = [C0:98.75%, C1:98.73%, C2:98.27%, C3:98.63%, C4:97.65%, C5:98.67%, C6:98.05%, C7:98.40%, C8:98.90%, C9:98.23%] ---

--- global epoch 59/60 ---
--- At epoch 59, learning rate decays to 0.003098 ---
--- client 0 in epoch 59 [aggregation then communication] ---
--- client 1 in epoch 59 [aggregation then communication] ---
--- client 2 in epoch 59 [aggregation then communication] ---
--- client 3 in epoch 59 [aggregation then communication] ---
--- client 4 in epoch 59 [aggregation then communication] ---
--- client 5 in epoch 59 [aggregation then communication] ---
--- client 6 in epoch 59 [aggregation then communication] ---
--- client 7 in epoch 59 [aggregation then communication] ---
--- client 8 in epoch 59 [aggregation then communication] ---
--- client 9 in epoch 59 [aggregation then communication] ---
--- global epoch 59: global acc = 90.65% ---
--- local epoch 59: local acc = [C0:98.68%, C1:98.88%, C2:98.35%, C3:98.77%, C4:98.00%, C5:97.97%, C6:98.02%, C7:97.63%, C8:99.03%, C9:98.63%] ---

--- global epoch 60/60 ---
--- At epoch 60, learning rate decays to 0.003036 ---
--- client 0 in epoch 60 [aggregation then communication] ---
--- client 1 in epoch 60 [aggregation then communication] ---
--- client 2 in epoch 60 [aggregation then communication] ---
--- client 3 in epoch 60 [aggregation then communication] ---
--- client 4 in epoch 60 [aggregation then communication] ---
--- client 5 in epoch 60 [aggregation then communication] ---
--- client 6 in epoch 60 [aggregation then communication] ---
--- client 7 in epoch 60 [aggregation then communication] ---
--- client 8 in epoch 60 [aggregation then communication] ---
--- client 9 in epoch 60 [aggregation then communication] ---
--- global epoch 60: global acc = 91.15% ---
--- local epoch 60: local acc = [C0:98.87%, C1:98.70%, C2:98.68%, C3:98.45%, C4:97.82%, C5:98.35%, C6:98.13%, C7:98.22%, C8:99.23%, C9:98.67%] ---
Total runtime: 2191.54s (0:36:31)

 saving results
results save in C:\Users\Kong\Desktop\\decentralized_federated_learning-master\decentralized_federated_learning-master\res\clients_10-epochs_1-20250924_163943.json
