client 0 initial number of neighbors: 9
client 1 initial number of neighbors: 9
client 2 initial number of neighbors: 9
client 3 initial number of neighbors: 9
client 4 initial number of neighbors: 9
client 5 initial number of neighbors: 9
client 6 initial number of neighbors: 9
client 7 initial number of neighbors: 9
client 8 initial number of neighbors: 9
client 9 initial number of neighbors: 9

 training begins! (epoch-by-epoch parallel mode with global evaluation)

--- global epoch 1/60 ---
--- client 0 in epoch 1 [aggregation then communication] ---
--- client 1 in epoch 1 [aggregation then communication] ---
--- client 2 in epoch 1 [aggregation then communication] ---
--- client 3 in epoch 1 [aggregation then communication] ---
--- client 4 in epoch 1 [aggregation then communication] ---
--- client 5 in epoch 1 [aggregation then communication] ---
--- client 6 in epoch 1 [aggregation then communication] ---
--- client 7 in epoch 1 [aggregation then communication] ---
--- client 8 in epoch 1 [aggregation then communication] ---
--- client 9 in epoch 1 [aggregation then communication] ---
--- global epoch 1: global acc = 10.00% ---
--- local epoch 1: local acc = [C0:62.58%, C1:60.43%, C2:64.32%, C3:64.32%, C4:62.38%, C5:66.53%, C6:63.12%, C7:62.70%, C8:62.45%, C9:63.75%] ---

--- global epoch 2/60 ---
--- At epoch 2, learning rate decays to 0.049950 ---
--- client 0 in epoch 2 [aggregation then communication] ---
--- client 1 in epoch 2 [aggregation then communication] ---
--- client 2 in epoch 2 [aggregation then communication] ---
--- client 3 in epoch 2 [aggregation then communication] ---
--- client 4 in epoch 2 [aggregation then communication] ---
--- client 5 in epoch 2 [aggregation then communication] ---
--- client 6 in epoch 2 [aggregation then communication] ---
--- client 7 in epoch 2 [aggregation then communication] ---
--- client 8 in epoch 2 [aggregation then communication] ---
--- client 9 in epoch 2 [aggregation then communication] ---
--- global epoch 2: global acc = 11.43% ---
--- local epoch 2: local acc = [C0:73.42%, C1:72.82%, C2:72.73%, C3:72.77%, C4:75.12%, C5:75.38%, C6:73.87%, C7:75.52%, C8:75.03%, C9:71.85%] ---

--- global epoch 3/60 ---
--- At epoch 3, learning rate decays to 0.049900 ---
--- client 0 in epoch 3 [aggregation then communication] ---
--- client 1 in epoch 3 [aggregation then communication] ---
--- client 2 in epoch 3 [aggregation then communication] ---
--- client 3 in epoch 3 [aggregation then communication] ---
--- client 4 in epoch 3 [aggregation then communication] ---
--- client 5 in epoch 3 [aggregation then communication] ---
--- client 6 in epoch 3 [aggregation then communication] ---
--- client 7 in epoch 3 [aggregation then communication] ---
--- client 8 in epoch 3 [aggregation then communication] ---
--- client 9 in epoch 3 [aggregation then communication] ---
--- global epoch 3: global acc = 69.88% ---
--- local epoch 3: local acc = [C0:78.83%, C1:78.15%, C2:77.83%, C3:78.72%, C4:78.67%, C5:79.63%, C6:79.52%, C7:77.78%, C8:79.35%, C9:78.67%] ---

--- global epoch 4/60 ---
--- At epoch 4, learning rate decays to 0.049850 ---
--- client 0 in epoch 4 [aggregation then communication] ---
--- client 1 in epoch 4 [aggregation then communication] ---
--- client 2 in epoch 4 [aggregation then communication] ---
--- client 3 in epoch 4 [aggregation then communication] ---
--- client 4 in epoch 4 [aggregation then communication] ---
--- client 5 in epoch 4 [aggregation then communication] ---
--- client 6 in epoch 4 [aggregation then communication] ---
--- client 7 in epoch 4 [aggregation then communication] ---
--- client 8 in epoch 4 [aggregation then communication] ---
--- client 9 in epoch 4 [aggregation then communication] ---
--- global epoch 4: global acc = 77.72% ---
--- local epoch 4: local acc = [C0:81.62%, C1:81.53%, C2:82.73%, C3:81.27%, C4:82.03%, C5:82.57%, C6:82.07%, C7:82.70%, C8:81.30%, C9:82.37%] ---

--- global epoch 5/60 ---
--- At epoch 5, learning rate decays to 0.049800 ---
--- client 0 in epoch 5 [aggregation then communication] ---
--- client 1 in epoch 5 [aggregation then communication] ---
--- client 2 in epoch 5 [aggregation then communication] ---
--- client 3 in epoch 5 [aggregation then communication] ---
--- client 4 in epoch 5 [aggregation then communication] ---
--- client 5 in epoch 5 [aggregation then communication] ---
--- client 6 in epoch 5 [aggregation then communication] ---
--- client 7 in epoch 5 [aggregation then communication] ---
--- client 8 in epoch 5 [aggregation then communication] ---
--- client 9 in epoch 5 [aggregation then communication] ---
--- global epoch 5: global acc = 85.40% ---
--- local epoch 5: local acc = [C0:83.58%, C1:83.82%, C2:83.70%, C3:83.80%, C4:84.13%, C5:84.87%, C6:83.42%, C7:83.68%, C8:84.60%, C9:84.05%] ---

--- global epoch 6/60 ---
--- At epoch 6, learning rate decays to 0.049750 ---
--- client 0 in epoch 6 [aggregation then communication] ---
--- client 1 in epoch 6 [aggregation then communication] ---
--- client 2 in epoch 6 [aggregation then communication] ---
--- client 3 in epoch 6 [aggregation then communication] ---
--- client 4 in epoch 6 [aggregation then communication] ---
--- client 5 in epoch 6 [aggregation then communication] ---
--- client 6 in epoch 6 [aggregation then communication] ---
--- client 7 in epoch 6 [aggregation then communication] ---
--- client 8 in epoch 6 [aggregation then communication] ---
--- client 9 in epoch 6 [aggregation then communication] ---
--- global epoch 6: global acc = 80.17% ---
--- local epoch 6: local acc = [C0:84.25%, C1:84.98%, C2:84.58%, C3:84.68%, C4:84.98%, C5:86.18%, C6:85.40%, C7:84.80%, C8:85.60%, C9:84.50%] ---

--- global epoch 7/60 ---
--- At epoch 7, learning rate decays to 0.049701 ---
--- client 0 in epoch 7 [aggregation then communication] ---
--- client 1 in epoch 7 [aggregation then communication] ---
--- client 2 in epoch 7 [aggregation then communication] ---
--- client 3 in epoch 7 [aggregation then communication] ---
--- client 4 in epoch 7 [aggregation then communication] ---
--- client 5 in epoch 7 [aggregation then communication] ---
--- client 6 in epoch 7 [aggregation then communication] ---
--- client 7 in epoch 7 [aggregation then communication] ---
--- client 8 in epoch 7 [aggregation then communication] ---
--- client 9 in epoch 7 [aggregation then communication] ---
--- global epoch 7: global acc = 86.35% ---
--- local epoch 7: local acc = [C0:85.18%, C1:85.37%, C2:85.12%, C3:86.28%, C4:85.67%, C5:86.98%, C6:86.38%, C7:86.00%, C8:85.48%, C9:86.22%] ---

--- global epoch 8/60 ---
--- At epoch 8, learning rate decays to 0.049651 ---
--- client 0 in epoch 8 [aggregation then communication] ---
--- client 1 in epoch 8 [aggregation then communication] ---
--- client 2 in epoch 8 [aggregation then communication] ---
--- client 3 in epoch 8 [aggregation then communication] ---
--- client 4 in epoch 8 [aggregation then communication] ---
--- client 5 in epoch 8 [aggregation then communication] ---
--- client 6 in epoch 8 [aggregation then communication] ---
--- client 7 in epoch 8 [aggregation then communication] ---
--- client 8 in epoch 8 [aggregation then communication] ---
--- client 9 in epoch 8 [aggregation then communication] ---
--- global epoch 8: global acc = 86.01% ---
--- local epoch 8: local acc = [C0:85.65%, C1:86.52%, C2:86.02%, C3:86.48%, C4:86.35%, C5:86.97%, C6:86.23%, C7:86.73%, C8:87.33%, C9:87.12%] ---

--- global epoch 9/60 ---
--- At epoch 9, learning rate decays to 0.049601 ---
--- client 0 in epoch 9 [aggregation then communication] ---
--- client 1 in epoch 9 [aggregation then communication] ---
--- client 2 in epoch 9 [aggregation then communication] ---
--- client 3 in epoch 9 [aggregation then communication] ---
--- client 4 in epoch 9 [aggregation then communication] ---
--- client 5 in epoch 9 [aggregation then communication] ---
--- client 6 in epoch 9 [aggregation then communication] ---
--- client 7 in epoch 9 [aggregation then communication] ---
--- client 8 in epoch 9 [aggregation then communication] ---
--- client 9 in epoch 9 [aggregation then communication] ---
--- global epoch 9: global acc = 87.43% ---
--- local epoch 9: local acc = [C0:86.52%, C1:87.63%, C2:86.82%, C3:86.75%, C4:86.98%, C5:87.67%, C6:87.50%, C7:87.15%, C8:87.32%, C9:87.45%] ---

--- global epoch 10/60 ---
--- At epoch 10, learning rate decays to 0.049552 ---
--- client 0 in epoch 10 [aggregation then communication] ---
--- client 1 in epoch 10 [aggregation then communication] ---
--- client 2 in epoch 10 [aggregation then communication] ---
--- client 3 in epoch 10 [aggregation then communication] ---
--- client 4 in epoch 10 [aggregation then communication] ---
--- client 5 in epoch 10 [aggregation then communication] ---
--- client 6 in epoch 10 [aggregation then communication] ---
--- client 7 in epoch 10 [aggregation then communication] ---
--- client 8 in epoch 10 [aggregation then communication] ------ client 9 in epoch 10 [aggregation then communication] ---

--- global epoch 10: global acc = 88.53% ---
--- local epoch 10: local acc = [C0:86.93%, C1:88.05%, C2:87.02%, C3:87.27%, C4:87.58%, C5:88.23%, C6:87.80%, C7:87.48%, C8:87.62%, C9:87.52%] ---

--- global epoch 11/60 ---
--- At epoch 11, learning rate decays to 0.049502 ---
--- client 0 in epoch 11 [aggregation then communication] ---
--- client 1 in epoch 11 [aggregation then communication] ---
--- client 2 in epoch 11 [aggregation then communication] ---
--- client 3 in epoch 11 [aggregation then communication] ---
--- client 4 in epoch 11 [aggregation then communication] ---
--- client 5 in epoch 11 [aggregation then communication] ---
--- client 6 in epoch 11 [aggregation then communication] ---
--- client 7 in epoch 11 [aggregation then communication] ---
--- client 8 in epoch 11 [aggregation then communication] ---
--- client 9 in epoch 11 [aggregation then communication] ---
--- global epoch 11: global acc = 88.47% ---
--- local epoch 11: local acc = [C0:87.23%, C1:88.05%, C2:87.27%, C3:87.40%, C4:87.75%, C5:88.55%, C6:88.37%, C7:87.85%, C8:87.50%, C9:88.17%] ---

--- global epoch 12/60 ---
--- At epoch 12, learning rate decays to 0.049453 ---
--- client 0 in epoch 12 [aggregation then communication] ---
--- client 1 in epoch 12 [aggregation then communication] ---
--- client 2 in epoch 12 [aggregation then communication] ---
--- client 3 in epoch 12 [aggregation then communication] ---
--- client 4 in epoch 12 [aggregation then communication] ---
--- client 5 in epoch 12 [aggregation then communication] ---
--- client 6 in epoch 12 [aggregation then communication] ---
--- client 7 in epoch 12 [aggregation then communication] ---
--- client 8 in epoch 12 [aggregation then communication] ---
--- client 9 in epoch 12 [aggregation then communication] ---
--- global epoch 12: global acc = 87.06% ---
--- local epoch 12: local acc = [C0:87.75%, C1:88.15%, C2:87.75%, C3:87.67%, C4:88.83%, C5:89.12%, C6:88.93%, C7:88.40%, C8:87.92%, C9:88.58%] ---

--- global epoch 13/60 ---
--- At epoch 13, learning rate decays to 0.049403 ---
--- client 0 in epoch 13 [aggregation then communication] ---
--- client 1 in epoch 13 [aggregation then communication] ---
--- client 2 in epoch 13 [aggregation then communication] ---
--- client 3 in epoch 13 [aggregation then communication] ---
--- client 4 in epoch 13 [aggregation then communication] ---
--- client 5 in epoch 13 [aggregation then communication] ---
--- client 6 in epoch 13 [aggregation then communication] ---
--- client 7 in epoch 13 [aggregation then communication] ---
--- client 8 in epoch 13 [aggregation then communication] ---
--- client 9 in epoch 13 [aggregation then communication] ---
--- global epoch 13: global acc = 88.61% ---
--- local epoch 13: local acc = [C0:88.35%, C1:88.55%, C2:88.25%, C3:88.50%, C4:89.03%, C5:88.93%, C6:89.12%, C7:88.40%, C8:88.37%, C9:89.03%] ---

--- global epoch 14/60 ---
--- At epoch 14, learning rate decays to 0.049354 ---
--- client 0 in epoch 14 [aggregation then communication] ---
--- client 1 in epoch 14 [aggregation then communication] ---
--- client 2 in epoch 14 [aggregation then communication] ---
--- client 3 in epoch 14 [aggregation then communication] ---
--- client 4 in epoch 14 [aggregation then communication] ---
--- client 5 in epoch 14 [aggregation then communication] ---
--- client 6 in epoch 14 [aggregation then communication] ---
--- client 7 in epoch 14 [aggregation then communication] ---
--- client 8 in epoch 14 [aggregation then communication] ---
--- client 9 in epoch 14 [aggregation then communication] ---
--- global epoch 14: global acc = 88.49% ---
--- local epoch 14: local acc = [C0:88.90%, C1:89.33%, C2:88.70%, C3:88.27%, C4:89.12%, C5:89.40%, C6:89.63%, C7:88.90%, C8:88.53%, C9:88.90%] ---

--- global epoch 15/60 ---
--- At epoch 15, learning rate decays to 0.049305 ---
--- client 0 in epoch 15 [aggregation then communication] ---
--- client 1 in epoch 15 [aggregation then communication] ---
--- client 2 in epoch 15 [aggregation then communication] ---
--- client 3 in epoch 15 [aggregation then communication] ---
--- client 4 in epoch 15 [aggregation then communication] ---
--- client 5 in epoch 15 [aggregation then communication] ---
--- client 6 in epoch 15 [aggregation then communication] ---
--- client 7 in epoch 15 [aggregation then communication] ---
--- client 8 in epoch 15 [aggregation then communication] ---
--- client 9 in epoch 15 [aggregation then communication] ---
--- global epoch 15: global acc = 88.62% ---
--- local epoch 15: local acc = [C0:88.85%, C1:89.48%, C2:88.28%, C3:88.13%, C4:89.15%, C5:89.60%, C6:89.67%, C7:88.68%, C8:89.45%, C9:89.43%] ---

--- global epoch 16/60 ---
--- At epoch 16, learning rate decays to 0.049255 ---
--- client 0 in epoch 16 [aggregation then communication] ---
--- client 1 in epoch 16 [aggregation then communication] ---
--- client 2 in epoch 16 [aggregation then communication] ---
--- client 3 in epoch 16 [aggregation then communication] ---
--- client 4 in epoch 16 [aggregation then communication] ---
--- client 5 in epoch 16 [aggregation then communication] ---
--- client 6 in epoch 16 [aggregation then communication] ---
--- client 7 in epoch 16 [aggregation then communication] ---
--- client 8 in epoch 16 [aggregation then communication] ---
--- client 9 in epoch 16 [aggregation then communication] ---
--- global epoch 16: global acc = 86.41% ---
--- local epoch 16: local acc = [C0:89.18%, C1:89.65%, C2:89.33%, C3:88.85%, C4:89.57%, C5:90.67%, C6:89.80%, C7:89.15%, C8:89.58%, C9:89.75%] ---

--- global epoch 17/60 ---
--- At epoch 17, learning rate decays to 0.049206 ---
--- client 0 in epoch 17 [aggregation then communication] ---
--- client 1 in epoch 17 [aggregation then communication] ---
--- client 2 in epoch 17 [aggregation then communication] ---
--- client 3 in epoch 17 [aggregation then communication] ---
--- client 4 in epoch 17 [aggregation then communication] ---
--- client 5 in epoch 17 [aggregation then communication] ---
--- client 6 in epoch 17 [aggregation then communication] ---
--- client 7 in epoch 17 [aggregation then communication] ---
--- client 8 in epoch 17 [aggregation then communication] ---
--- client 9 in epoch 17 [aggregation then communication] ---
--- global epoch 17: global acc = 85.86% ---
--- local epoch 17: local acc = [C0:89.32%, C1:89.73%, C2:89.17%, C3:89.37%, C4:90.15%, C5:90.12%, C6:89.72%, C7:88.87%, C8:89.62%, C9:90.35%] ---

--- global epoch 18/60 ---
--- At epoch 18, learning rate decays to 0.049157 ---
--- client 0 in epoch 18 [aggregation then communication] ---
--- client 1 in epoch 18 [aggregation then communication] ---
--- client 2 in epoch 18 [aggregation then communication] ---
--- client 3 in epoch 18 [aggregation then communication] ---
--- client 4 in epoch 18 [aggregation then communication] ---
--- client 5 in epoch 18 [aggregation then communication] ---
--- client 6 in epoch 18 [aggregation then communication] ---
--- client 7 in epoch 18 [aggregation then communication] ---
--- client 8 in epoch 18 [aggregation then communication] ---
--- client 9 in epoch 18 [aggregation then communication] ---
--- global epoch 18: global acc = 88.16% ---
--- local epoch 18: local acc = [C0:89.20%, C1:90.08%, C2:89.33%, C3:89.03%, C4:89.97%, C5:90.62%, C6:90.08%, C7:89.98%, C8:89.87%, C9:89.77%] ---

--- global epoch 19/60 ---
--- At epoch 19, learning rate decays to 0.049108 ---
--- client 0 in epoch 19 [aggregation then communication] ---
--- client 1 in epoch 19 [aggregation then communication] ---
--- client 2 in epoch 19 [aggregation then communication] ---
--- client 3 in epoch 19 [aggregation then communication] ---
--- client 4 in epoch 19 [aggregation then communication] ---
--- client 5 in epoch 19 [aggregation then communication] ---
--- client 6 in epoch 19 [aggregation then communication] ---
--- client 7 in epoch 19 [aggregation then communication] ---
--- client 8 in epoch 19 [aggregation then communication] ---
--- client 9 in epoch 19 [aggregation then communication] ---
--- global epoch 19: global acc = 89.98% ---
--- local epoch 19: local acc = [C0:89.73%, C1:90.92%, C2:89.53%, C3:89.30%, C4:90.37%, C5:90.62%, C6:90.98%, C7:89.42%, C8:89.62%, C9:90.30%] ---

--- global epoch 20/60 ---
--- At epoch 20, learning rate decays to 0.049059 ---
--- client 0 in epoch 20 [aggregation then communication] ---
--- client 1 in epoch 20 [aggregation then communication] ---
--- client 2 in epoch 20 [aggregation then communication] ---
--- client 3 in epoch 20 [aggregation then communication] ---
--- client 4 in epoch 20 [aggregation then communication] ---
--- client 5 in epoch 20 [aggregation then communication] ---
--- client 6 in epoch 20 [aggregation then communication] ---
--- client 7 in epoch 20 [aggregation then communication] ---
--- client 8 in epoch 20 [aggregation then communication] ---
--- client 9 in epoch 20 [aggregation then communication] ---
--- global epoch 20: global acc = 89.80% ---
--- local epoch 20: local acc = [C0:89.60%, C1:90.33%, C2:90.22%, C3:89.32%, C4:90.25%, C5:90.87%, C6:90.87%, C7:89.80%, C8:90.53%, C9:90.75%] ---

--- global epoch 21/60 ---
--- At epoch 21, learning rate decays to 0.049009 ---
--- client 0 in epoch 21 [aggregation then communication] ---
--- client 1 in epoch 21 [aggregation then communication] ---
--- client 2 in epoch 21 [aggregation then communication] ---
--- client 3 in epoch 21 [aggregation then communication] ---
--- client 4 in epoch 21 [aggregation then communication] ---
--- client 5 in epoch 21 [aggregation then communication] ---
--- client 6 in epoch 21 [aggregation then communication] ---
--- client 7 in epoch 21 [aggregation then communication] ---
--- client 8 in epoch 21 [aggregation then communication] ---
--- client 9 in epoch 21 [aggregation then communication] ---
--- global epoch 21: global acc = 89.42% ---
--- local epoch 21: local acc = [C0:89.63%, C1:91.13%, C2:89.72%, C3:90.05%, C4:90.42%, C5:91.45%, C6:91.05%, C7:90.70%, C8:89.93%, C9:90.58%] ---

--- global epoch 22/60 ---
--- At epoch 22, learning rate decays to 0.048960 ---
--- client 0 in epoch 22 [aggregation then communication] ---
--- client 1 in epoch 22 [aggregation then communication] ---
--- client 2 in epoch 22 [aggregation then communication] ---
--- client 3 in epoch 22 [aggregation then communication] ---
--- client 4 in epoch 22 [aggregation then communication] ---
--- client 5 in epoch 22 [aggregation then communication] ---
--- client 6 in epoch 22 [aggregation then communication] ---
--- client 7 in epoch 22 [aggregation then communication] ---
--- client 8 in epoch 22 [aggregation then communication] ---
--- client 9 in epoch 22 [aggregation then communication] ---
--- global epoch 22: global acc = 89.21% ---
--- local epoch 22: local acc = [C0:90.20%, C1:91.33%, C2:90.32%, C3:90.20%, C4:90.75%, C5:90.60%, C6:91.25%, C7:90.33%, C8:90.43%, C9:91.10%] ---

--- global epoch 23/60 ---
--- At epoch 23, learning rate decays to 0.048911 ---
--- client 0 in epoch 23 [aggregation then communication] ---
--- client 1 in epoch 23 [aggregation then communication] ---
--- client 2 in epoch 23 [aggregation then communication] ---
--- client 3 in epoch 23 [aggregation then communication] ---
--- client 4 in epoch 23 [aggregation then communication] ---
--- client 5 in epoch 23 [aggregation then communication] ---
--- client 6 in epoch 23 [aggregation then communication] ---
--- client 7 in epoch 23 [aggregation then communication] ---
--- client 8 in epoch 23 [aggregation then communication] ---
--- client 9 in epoch 23 [aggregation then communication] ---
--- global epoch 23: global acc = 90.28% ---
--- local epoch 23: local acc = [C0:90.28%, C1:91.05%, C2:90.47%, C3:90.15%, C4:90.35%, C5:91.22%, C6:90.95%, C7:90.40%, C8:90.17%, C9:90.72%] ---

--- global epoch 24/60 ---
--- At epoch 24, learning rate decays to 0.048863 ---
--- client 0 in epoch 24 [aggregation then communication] ---
--- client 1 in epoch 24 [aggregation then communication] ---
--- client 2 in epoch 24 [aggregation then communication] ---
--- client 3 in epoch 24 [aggregation then communication] ---
--- client 4 in epoch 24 [aggregation then communication] ---
--- client 5 in epoch 24 [aggregation then communication] ---
--- client 6 in epoch 24 [aggregation then communication] ---
--- client 7 in epoch 24 [aggregation then communication] ---
--- client 8 in epoch 24 [aggregation then communication] ---
--- client 9 in epoch 24 [aggregation then communication] ---
--- global epoch 24: global acc = 89.24% ---
--- local epoch 24: local acc = [C0:90.48%, C1:91.43%, C2:90.48%, C3:90.32%, C4:90.82%, C5:91.57%, C6:91.22%, C7:90.72%, C8:91.02%, C9:91.27%] ---

--- global epoch 25/60 ---
--- At epoch 25, learning rate decays to 0.048814 ---
--- client 0 in epoch 25 [aggregation then communication] ---
--- client 1 in epoch 25 [aggregation then communication] ---
--- client 2 in epoch 25 [aggregation then communication] ---
--- client 3 in epoch 25 [aggregation then communication] ---
--- client 4 in epoch 25 [aggregation then communication] ---
--- client 5 in epoch 25 [aggregation then communication] ---
--- client 6 in epoch 25 [aggregation then communication] ---
--- client 7 in epoch 25 [aggregation then communication] ---
--- client 8 in epoch 25 [aggregation then communication] ---
--- client 9 in epoch 25 [aggregation then communication] ---
--- global epoch 25: global acc = 86.91% ---
--- local epoch 25: local acc = [C0:90.53%, C1:91.95%, C2:90.68%, C3:90.85%, C4:91.40%, C5:91.25%, C6:91.62%, C7:90.90%, C8:90.82%, C9:91.52%] ---

--- global epoch 26/60 ---
--- At epoch 26, learning rate decays to 0.048765 ---
--- client 0 in epoch 26 [aggregation then communication] ---
--- client 1 in epoch 26 [aggregation then communication] ---
--- client 2 in epoch 26 [aggregation then communication] ---
--- client 3 in epoch 26 [aggregation then communication] ---
--- client 4 in epoch 26 [aggregation then communication] ---
--- client 5 in epoch 26 [aggregation then communication] ---
--- client 6 in epoch 26 [aggregation then communication] ---
--- client 7 in epoch 26 [aggregation then communication] ---
--- client 8 in epoch 26 [aggregation then communication] ---
--- client 9 in epoch 26 [aggregation then communication] ---
--- global epoch 26: global acc = 89.84% ---
--- local epoch 26: local acc = [C0:90.52%, C1:91.77%, C2:90.50%, C3:90.20%, C4:91.35%, C5:91.58%, C6:91.52%, C7:90.82%, C8:91.10%, C9:91.28%] ---

--- global epoch 27/60 ---
--- At epoch 27, learning rate decays to 0.048716 ---
--- client 0 in epoch 27 [aggregation then communication] ---
--- client 1 in epoch 27 [aggregation then communication] ---
--- client 2 in epoch 27 [aggregation then communication] ---
--- client 3 in epoch 27 [aggregation then communication] ---
--- client 4 in epoch 27 [aggregation then communication] ---
--- client 5 in epoch 27 [aggregation then communication] ---
--- client 6 in epoch 27 [aggregation then communication] ---
--- client 7 in epoch 27 [aggregation then communication] ---
--- client 8 in epoch 27 [aggregation then communication] ---
--- client 9 in epoch 27 [aggregation then communication] ---
--- global epoch 27: global acc = 90.54% ---
--- local epoch 27: local acc = [C0:90.40%, C1:91.72%, C2:91.82%, C3:90.90%, C4:90.57%, C5:91.62%, C6:91.72%, C7:91.30%, C8:91.25%, C9:91.80%] ---

--- global epoch 28/60 ---
--- At epoch 28, learning rate decays to 0.048667 ---
--- client 0 in epoch 28 [aggregation then communication] ---
--- client 1 in epoch 28 [aggregation then communication] ---
--- client 2 in epoch 28 [aggregation then communication] ---
--- client 3 in epoch 28 [aggregation then communication] ---
--- client 4 in epoch 28 [aggregation then communication] ---
--- client 5 in epoch 28 [aggregation then communication] ---
--- client 6 in epoch 28 [aggregation then communication] ---
--- client 7 in epoch 28 [aggregation then communication] ---
--- client 8 in epoch 28 [aggregation then communication] ---
--- client 9 in epoch 28 [aggregation then communication] ---
--- global epoch 28: global acc = 88.87% ---
--- local epoch 28: local acc = [C0:91.98%, C1:91.98%, C2:91.10%, C3:91.37%, C4:90.93%, C5:91.78%, C6:91.82%, C7:90.67%, C8:91.80%, C9:91.60%] ---

--- global epoch 29/60 ---
--- At epoch 29, learning rate decays to 0.048619 ---
--- client 0 in epoch 29 [aggregation then communication] ---
--- client 1 in epoch 29 [aggregation then communication] ---
--- client 2 in epoch 29 [aggregation then communication] ---
--- client 3 in epoch 29 [aggregation then communication] ---
--- client 4 in epoch 29 [aggregation then communication] ---
--- client 5 in epoch 29 [aggregation then communication] ---
--- client 6 in epoch 29 [aggregation then communication] ---
--- client 7 in epoch 29 [aggregation then communication] ---
--- client 8 in epoch 29 [aggregation then communication] ---
--- client 9 in epoch 29 [aggregation then communication] ---
--- global epoch 29: global acc = 90.21% ---
--- local epoch 29: local acc = [C0:91.08%, C1:91.70%, C2:91.33%, C3:91.08%, C4:91.67%, C5:91.68%, C6:91.87%, C7:91.12%, C8:91.02%, C9:92.12%] ---

--- global epoch 30/60 ---
--- At epoch 30, learning rate decays to 0.048570 ---
--- client 0 in epoch 30 [aggregation then communication] ---
--- client 1 in epoch 30 [aggregation then communication] ---
--- client 2 in epoch 30 [aggregation then communication] ---
--- client 3 in epoch 30 [aggregation then communication] ---
--- client 4 in epoch 30 [aggregation then communication] ---
--- client 5 in epoch 30 [aggregation then communication] ---
--- client 6 in epoch 30 [aggregation then communication] ---
--- client 7 in epoch 30 [aggregation then communication] ---
--- client 8 in epoch 30 [aggregation then communication] ---
--- client 9 in epoch 30 [aggregation then communication] ---
--- global epoch 30: global acc = 89.70% ---
--- local epoch 30: local acc = [C0:91.50%, C1:92.10%, C2:91.65%, C3:90.83%, C4:92.02%, C5:92.33%, C6:92.85%, C7:91.57%, C8:92.12%, C9:92.02%] ---

--- global epoch 31/60 ---
--- At epoch 31, learning rate decays to 0.048522 ---
--- client 0 in epoch 31 [aggregation then communication] ---
--- client 1 in epoch 31 [aggregation then communication] ---
--- client 2 in epoch 31 [aggregation then communication] ---
--- client 3 in epoch 31 [aggregation then communication] ---
--- client 4 in epoch 31 [aggregation then communication] ---
--- client 5 in epoch 31 [aggregation then communication] ---
--- client 6 in epoch 31 [aggregation then communication] ---
--- client 7 in epoch 31 [aggregation then communication] ---
--- client 8 in epoch 31 [aggregation then communication] ---
--- client 9 in epoch 31 [aggregation then communication] ---
--- global epoch 31: global acc = 89.53% ---
--- local epoch 31: local acc = [C0:91.67%, C1:92.12%, C2:91.77%, C3:91.52%, C4:92.02%, C5:92.30%, C6:92.17%, C7:90.83%, C8:91.70%, C9:92.13%] ---

--- global epoch 32/60 ---
--- At epoch 32, learning rate decays to 0.048473 ---
--- client 0 in epoch 32 [aggregation then communication] ---
--- client 1 in epoch 32 [aggregation then communication] ---
--- client 2 in epoch 32 [aggregation then communication] ---
--- client 3 in epoch 32 [aggregation then communication] ---
--- client 4 in epoch 32 [aggregation then communication] ---
--- client 5 in epoch 32 [aggregation then communication] ---
--- client 6 in epoch 32 [aggregation then communication] ---
--- client 7 in epoch 32 [aggregation then communication] ---
--- client 8 in epoch 32 [aggregation then communication] ---
--- client 9 in epoch 32 [aggregation then communication] ---
--- global epoch 32: global acc = 90.25% ---
--- local epoch 32: local acc = [C0:91.32%, C1:92.68%, C2:91.22%, C3:91.67%, C4:92.23%, C5:92.07%, C6:92.88%, C7:91.68%, C8:91.40%, C9:92.05%] ---

--- global epoch 33/60 ---
--- At epoch 33, learning rate decays to 0.048425 ---
--- client 0 in epoch 33 [aggregation then communication] ---
--- client 1 in epoch 33 [aggregation then communication] ---
--- client 2 in epoch 33 [aggregation then communication] ---
--- client 3 in epoch 33 [aggregation then communication] ---
--- client 4 in epoch 33 [aggregation then communication] ---
--- client 5 in epoch 33 [aggregation then communication] ---
--- client 6 in epoch 33 [aggregation then communication] ---
--- client 7 in epoch 33 [aggregation then communication] ---
--- client 8 in epoch 33 [aggregation then communication] ---
--- client 9 in epoch 33 [aggregation then communication] ---
--- global epoch 33: global acc = 90.27% ---
--- local epoch 33: local acc = [C0:91.58%, C1:92.38%, C2:91.32%, C3:92.13%, C4:91.60%, C5:92.50%, C6:92.60%, C7:92.32%, C8:92.13%, C9:92.67%] ---

--- global epoch 34/60 ---
--- At epoch 34, learning rate decays to 0.048376 ---
--- client 0 in epoch 34 [aggregation then communication] ---
--- client 1 in epoch 34 [aggregation then communication] ---
--- client 2 in epoch 34 [aggregation then communication] ---
--- client 3 in epoch 34 [aggregation then communication] ---
--- client 4 in epoch 34 [aggregation then communication] ---
--- client 5 in epoch 34 [aggregation then communication] ---
--- client 6 in epoch 34 [aggregation then communication] ---
--- client 7 in epoch 34 [aggregation then communication] ---
--- client 8 in epoch 34 [aggregation then communication] ---
--- client 9 in epoch 34 [aggregation then communication] ---
--- global epoch 34: global acc = 90.40% ---
--- local epoch 34: local acc = [C0:91.78%, C1:93.02%, C2:92.02%, C3:92.00%, C4:92.22%, C5:92.72%, C6:92.92%, C7:92.15%, C8:92.40%, C9:92.87%] ---

--- global epoch 35/60 ---
--- At epoch 35, learning rate decays to 0.048328 ---
--- client 0 in epoch 35 [aggregation then communication] ---
--- client 1 in epoch 35 [aggregation then communication] ---
--- client 2 in epoch 35 [aggregation then communication] ---
--- client 3 in epoch 35 [aggregation then communication] ---
--- client 4 in epoch 35 [aggregation then communication] ---
--- client 5 in epoch 35 [aggregation then communication] ---
--- client 6 in epoch 35 [aggregation then communication] ---
--- client 7 in epoch 35 [aggregation then communication] ---
--- client 8 in epoch 35 [aggregation then communication] ---
--- client 9 in epoch 35 [aggregation then communication] ---
--- global epoch 35: global acc = 89.71% ---
--- local epoch 35: local acc = [C0:91.50%, C1:93.15%, C2:91.52%, C3:91.95%, C4:92.57%, C5:92.43%, C6:92.43%, C7:92.02%, C8:92.23%, C9:93.08%] ---

--- global epoch 36/60 ---
--- At epoch 36, learning rate decays to 0.048279 ---
--- client 0 in epoch 36 [aggregation then communication] ---
--- client 1 in epoch 36 [aggregation then communication] ---
--- client 2 in epoch 36 [aggregation then communication] ---
--- client 3 in epoch 36 [aggregation then communication] ---
--- client 4 in epoch 36 [aggregation then communication] ---
--- client 5 in epoch 36 [aggregation then communication] ---
--- client 6 in epoch 36 [aggregation then communication] ---
--- client 7 in epoch 36 [aggregation then communication] ---
--- client 8 in epoch 36 [aggregation then communication] ---
--- client 9 in epoch 36 [aggregation then communication] ---
--- global epoch 36: global acc = 90.36% ---
--- local epoch 36: local acc = [C0:91.92%, C1:93.27%, C2:92.08%, C3:92.05%, C4:92.35%, C5:92.68%, C6:93.07%, C7:92.23%, C8:92.52%, C9:92.77%] ---

--- global epoch 37/60 ---
--- At epoch 37, learning rate decays to 0.048231 ---
--- client 0 in epoch 37 [aggregation then communication] ---
--- client 1 in epoch 37 [aggregation then communication] ---
--- client 2 in epoch 37 [aggregation then communication] ---
--- client 3 in epoch 37 [aggregation then communication] ---
--- client 4 in epoch 37 [aggregation then communication] ---
--- client 5 in epoch 37 [aggregation then communication] ---
--- client 6 in epoch 37 [aggregation then communication] ---
--- client 7 in epoch 37 [aggregation then communication] ---
--- client 8 in epoch 37 [aggregation then communication] ---
--- client 9 in epoch 37 [aggregation then communication] ---
--- global epoch 37: global acc = 90.08% ---
--- local epoch 37: local acc = [C0:91.68%, C1:93.15%, C2:92.53%, C3:92.08%, C4:92.50%, C5:92.50%, C6:93.27%, C7:91.92%, C8:92.48%, C9:92.98%] ---

--- global epoch 38/60 ---
--- At epoch 38, learning rate decays to 0.048183 ---
--- client 0 in epoch 38 [aggregation then communication] ---
--- client 1 in epoch 38 [aggregation then communication] ---
--- client 2 in epoch 38 [aggregation then communication] ---
--- client 3 in epoch 38 [aggregation then communication] ---
--- client 4 in epoch 38 [aggregation then communication] ---
--- client 5 in epoch 38 [aggregation then communication] ---
--- client 6 in epoch 38 [aggregation then communication] ---
--- client 7 in epoch 38 [aggregation then communication] ---
--- client 8 in epoch 38 [aggregation then communication] ---
--- client 9 in epoch 38 [aggregation then communication] ---
--- global epoch 38: global acc = 90.37% ---
--- local epoch 38: local acc = [C0:92.23%, C1:93.28%, C2:93.58%, C3:92.48%, C4:92.30%, C5:92.90%, C6:93.43%, C7:92.43%, C8:92.93%, C9:93.17%] ---

--- global epoch 39/60 ---
--- At epoch 39, learning rate decays to 0.048135 ---
--- client 0 in epoch 39 [aggregation then communication] ---
--- client 1 in epoch 39 [aggregation then communication] ---
--- client 2 in epoch 39 [aggregation then communication] ---
--- client 3 in epoch 39 [aggregation then communication] ---
--- client 4 in epoch 39 [aggregation then communication] ---
--- client 5 in epoch 39 [aggregation then communication] ---
--- client 6 in epoch 39 [aggregation then communication] ---
--- client 7 in epoch 39 [aggregation then communication] ---
--- client 8 in epoch 39 [aggregation then communication] ---
--- client 9 in epoch 39 [aggregation then communication] ---
--- global epoch 39: global acc = 91.14% ---
--- local epoch 39: local acc = [C0:92.23%, C1:93.57%, C2:92.67%, C3:92.45%, C4:92.60%, C5:93.45%, C6:93.42%, C7:92.03%, C8:92.68%, C9:93.20%] ---

--- global epoch 40/60 ---
--- At epoch 40, learning rate decays to 0.048087 ---
--- client 0 in epoch 40 [aggregation then communication] ---
--- client 1 in epoch 40 [aggregation then communication] ---
--- client 2 in epoch 40 [aggregation then communication] ---
--- client 3 in epoch 40 [aggregation then communication] ---
--- client 4 in epoch 40 [aggregation then communication] ---
--- client 5 in epoch 40 [aggregation then communication] ---
--- client 6 in epoch 40 [aggregation then communication] ---
--- client 7 in epoch 40 [aggregation then communication] ---
--- client 8 in epoch 40 [aggregation then communication] ---
--- client 9 in epoch 40 [aggregation then communication] ---
--- global epoch 40: global acc = 90.02% ---
--- local epoch 40: local acc = [C0:92.10%, C1:93.93%, C2:91.85%, C3:92.40%, C4:92.40%, C5:93.03%, C6:93.33%, C7:92.47%, C8:93.18%, C9:93.33%] ---

--- global epoch 41/60 ---
--- At epoch 41, learning rate decays to 0.048039 ---
--- client 0 in epoch 41 [aggregation then communication] ---
--- client 1 in epoch 41 [aggregation then communication] ---
--- client 2 in epoch 41 [aggregation then communication] ---
--- client 3 in epoch 41 [aggregation then communication] ---
--- client 4 in epoch 41 [aggregation then communication] ---
--- client 5 in epoch 41 [aggregation then communication] ---
--- client 6 in epoch 41 [aggregation then communication] ---
--- client 7 in epoch 41 [aggregation then communication] ---
--- client 8 in epoch 41 [aggregation then communication] ---
--- client 9 in epoch 41 [aggregation then communication] ---
--- global epoch 41: global acc = 90.46% ---
--- local epoch 41: local acc = [C0:92.10%, C1:93.92%, C2:92.40%, C3:92.75%, C4:92.60%, C5:93.08%, C6:93.87%, C7:93.25%, C8:92.80%, C9:92.80%] ---

--- global epoch 42/60 ---
--- At epoch 42, learning rate decays to 0.047990 ---
--- client 0 in epoch 42 [aggregation then communication] ---
--- client 1 in epoch 42 [aggregation then communication] ---
--- client 2 in epoch 42 [aggregation then communication] ---
--- client 3 in epoch 42 [aggregation then communication] ---
--- client 4 in epoch 42 [aggregation then communication] ---
--- client 5 in epoch 42 [aggregation then communication] ---
--- client 6 in epoch 42 [aggregation then communication] ---
--- client 7 in epoch 42 [aggregation then communication] ---
--- client 8 in epoch 42 [aggregation then communication] ---
--- client 9 in epoch 42 [aggregation then communication] ---
--- global epoch 42: global acc = 90.34% ---
--- local epoch 42: local acc = [C0:92.17%, C1:93.80%, C2:92.80%, C3:93.12%, C4:92.70%, C5:93.12%, C6:93.83%, C7:92.85%, C8:93.10%, C9:93.38%] ---

--- global epoch 43/60 ---
--- At epoch 43, learning rate decays to 0.047942 ---
--- client 0 in epoch 43 [aggregation then communication] ---
--- client 1 in epoch 43 [aggregation then communication] ---
--- client 2 in epoch 43 [aggregation then communication] ---
--- client 3 in epoch 43 [aggregation then communication] ---
--- client 4 in epoch 43 [aggregation then communication] ---
--- client 5 in epoch 43 [aggregation then communication] ---
--- client 6 in epoch 43 [aggregation then communication] ---
--- client 7 in epoch 43 [aggregation then communication] ---
--- client 8 in epoch 43 [aggregation then communication] ---
--- client 9 in epoch 43 [aggregation then communication] ---
--- global epoch 43: global acc = 90.70% ---
--- local epoch 43: local acc = [C0:93.70%, C1:93.82%, C2:92.55%, C3:93.28%, C4:92.90%, C5:93.33%, C6:94.10%, C7:93.10%, C8:92.68%, C9:93.67%] ---

--- global epoch 44/60 ---
--- At epoch 44, learning rate decays to 0.047895 ---
--- client 0 in epoch 44 [aggregation then communication] ---
--- client 1 in epoch 44 [aggregation then communication] ---
--- client 2 in epoch 44 [aggregation then communication] ---
--- client 3 in epoch 44 [aggregation then communication] ---
--- client 4 in epoch 44 [aggregation then communication] ---
--- client 5 in epoch 44 [aggregation then communication] ---
--- client 6 in epoch 44 [aggregation then communication] ---
--- client 7 in epoch 44 [aggregation then communication] ---
--- client 8 in epoch 44 [aggregation then communication] ---
--- client 9 in epoch 44 [aggregation then communication] ---
--- global epoch 44: global acc = 88.99% ---
--- local epoch 44: local acc = [C0:92.77%, C1:93.87%, C2:92.63%, C3:93.23%, C4:93.05%, C5:93.80%, C6:94.12%, C7:93.10%, C8:93.10%, C9:93.87%] ---

--- global epoch 45/60 ---
--- At epoch 45, learning rate decays to 0.047847 ---
--- client 0 in epoch 45 [aggregation then communication] ---
--- client 1 in epoch 45 [aggregation then communication] ---
--- client 2 in epoch 45 [aggregation then communication] ---
--- client 3 in epoch 45 [aggregation then communication] ---
--- client 4 in epoch 45 [aggregation then communication] ---
--- client 5 in epoch 45 [aggregation then communication] ---
--- client 6 in epoch 45 [aggregation then communication] ---
--- client 7 in epoch 45 [aggregation then communication] ---
--- client 8 in epoch 45 [aggregation then communication] ---
--- client 9 in epoch 45 [aggregation then communication] ---
--- global epoch 45: global acc = 90.16% ---
--- local epoch 45: local acc = [C0:93.13%, C1:94.13%, C2:92.82%, C3:93.43%, C4:93.38%, C5:93.67%, C6:94.23%, C7:93.27%, C8:93.33%, C9:93.78%] ---

--- global epoch 46/60 ---
--- At epoch 46, learning rate decays to 0.047799 ---
--- client 0 in epoch 46 [aggregation then communication] ---
--- client 1 in epoch 46 [aggregation then communication] ---
--- client 2 in epoch 46 [aggregation then communication] ---
--- client 3 in epoch 46 [aggregation then communication] ---
--- client 4 in epoch 46 [aggregation then communication] ---
--- client 5 in epoch 46 [aggregation then communication] ---
--- client 6 in epoch 46 [aggregation then communication] ---
--- client 7 in epoch 46 [aggregation then communication] ---
--- client 8 in epoch 46 [aggregation then communication] ---
--- client 9 in epoch 46 [aggregation then communication] ---
--- global epoch 46: global acc = 91.07% ---
--- local epoch 46: local acc = [C0:93.28%, C1:94.15%, C2:92.98%, C3:93.33%, C4:93.23%, C5:93.62%, C6:93.80%, C7:93.82%, C8:93.25%, C9:94.37%] ---

--- global epoch 47/60 ---
--- At epoch 47, learning rate decays to 0.047751 ---
--- client 0 in epoch 47 [aggregation then communication] ---
--- client 1 in epoch 47 [aggregation then communication] ---
--- client 2 in epoch 47 [aggregation then communication] ---
--- client 3 in epoch 47 [aggregation then communication] ---
--- client 4 in epoch 47 [aggregation then communication] ---
--- client 5 in epoch 47 [aggregation then communication] ---
--- client 6 in epoch 47 [aggregation then communication] ---
--- client 7 in epoch 47 [aggregation then communication] ---
--- client 8 in epoch 47 [aggregation then communication] ---
--- client 9 in epoch 47 [aggregation then communication] ---
--- global epoch 47: global acc = 91.43% ---
--- local epoch 47: local acc = [C0:93.05%, C1:94.25%, C2:92.87%, C3:93.93%, C4:93.10%, C5:93.85%, C6:93.98%, C7:93.47%, C8:93.20%, C9:93.80%] ---

--- global epoch 48/60 ---
--- At epoch 48, learning rate decays to 0.047703 ---
--- client 0 in epoch 48 [aggregation then communication] ---
--- client 1 in epoch 48 [aggregation then communication] ---
--- client 2 in epoch 48 [aggregation then communication] ---
--- client 3 in epoch 48 [aggregation then communication] ---
--- client 4 in epoch 48 [aggregation then communication] ---
--- client 5 in epoch 48 [aggregation then communication] ---
--- client 6 in epoch 48 [aggregation then communication] ---
--- client 7 in epoch 48 [aggregation then communication] ---
--- client 8 in epoch 48 [aggregation then communication] ---
--- client 9 in epoch 48 [aggregation then communication] ---
--- global epoch 48: global acc = 89.19% ---
--- local epoch 48: local acc = [C0:93.40%, C1:94.37%, C2:93.27%, C3:93.48%, C4:93.57%, C5:94.03%, C6:94.23%, C7:93.72%, C8:93.65%, C9:94.27%] ---

--- global epoch 49/60 ---
--- At epoch 49, learning rate decays to 0.047656 ---
--- client 0 in epoch 49 [aggregation then communication] ---
--- client 1 in epoch 49 [aggregation then communication] ---
--- client 2 in epoch 49 [aggregation then communication] ---
--- client 3 in epoch 49 [aggregation then communication] ---
--- client 4 in epoch 49 [aggregation then communication] ---
--- client 5 in epoch 49 [aggregation then communication] ---
--- client 6 in epoch 49 [aggregation then communication] ------ client 7 in epoch 49 [aggregation then communication] ---

--- client 8 in epoch 49 [aggregation then communication] ---
--- client 9 in epoch 49 [aggregation then communication] ---
--- global epoch 49: global acc = 91.00% ---
--- local epoch 49: local acc = [C0:93.47%, C1:94.75%, C2:93.03%, C3:93.85%, C4:93.52%, C5:94.00%, C6:94.23%, C7:93.70%, C8:93.70%, C9:94.28%] ---

--- global epoch 50/60 ---
--- At epoch 50, learning rate decays to 0.047608 ---
--- client 0 in epoch 50 [aggregation then communication] ---
--- client 1 in epoch 50 [aggregation then communication] ---
--- client 2 in epoch 50 [aggregation then communication] ---
--- client 3 in epoch 50 [aggregation then communication] ---
--- client 4 in epoch 50 [aggregation then communication] ---
--- client 5 in epoch 50 [aggregation then communication] ---
--- client 6 in epoch 50 [aggregation then communication] ---
--- client 7 in epoch 50 [aggregation then communication] ---
--- client 8 in epoch 50 [aggregation then communication] ---
--- client 9 in epoch 50 [aggregation then communication] ---
--- global epoch 50: global acc = 90.28% ---
--- local epoch 50: local acc = [C0:93.68%, C1:94.80%, C2:93.45%, C3:94.05%, C4:93.53%, C5:94.15%, C6:93.92%, C7:93.73%, C8:94.03%, C9:94.03%] ---

--- global epoch 51/60 ---
--- At epoch 51, learning rate decays to 0.047560 ---
--- client 0 in epoch 51 [aggregation then communication] ---
--- client 1 in epoch 51 [aggregation then communication] ---
--- client 2 in epoch 51 [aggregation then communication] ---
--- client 3 in epoch 51 [aggregation then communication] ---
--- client 4 in epoch 51 [aggregation then communication] ---
--- client 5 in epoch 51 [aggregation then communication] ---
--- client 6 in epoch 51 [aggregation then communication] ---
--- client 7 in epoch 51 [aggregation then communication] ---
--- client 8 in epoch 51 [aggregation then communication] ---
--- client 9 in epoch 51 [aggregation then communication] ---
--- global epoch 51: global acc = 91.28% ---
--- local epoch 51: local acc = [C0:93.55%, C1:94.67%, C2:93.35%, C3:93.78%, C4:93.57%, C5:94.32%, C6:94.93%, C7:94.18%, C8:94.12%, C9:94.40%] ---

--- global epoch 52/60 ---
--- At epoch 52, learning rate decays to 0.047513 ---
--- client 0 in epoch 52 [aggregation then communication] ---
--- client 1 in epoch 52 [aggregation then communication] ---
--- client 2 in epoch 52 [aggregation then communication] ---
--- client 3 in epoch 52 [aggregation then communication] ---
--- client 4 in epoch 52 [aggregation then communication] ---
--- client 5 in epoch 52 [aggregation then communication] ---
--- client 6 in epoch 52 [aggregation then communication] ---
--- client 7 in epoch 52 [aggregation then communication] ---
--- client 8 in epoch 52 [aggregation then communication] ------ client 9 in epoch 52 [aggregation then communication] ---

--- global epoch 52: global acc = 90.45% ---
--- local epoch 52: local acc = [C0:93.35%, C1:94.40%, C2:93.30%, C3:94.72%, C4:93.92%, C5:94.40%, C6:95.02%, C7:93.75%, C8:94.42%, C9:94.63%] ---

--- global epoch 53/60 ---
--- At epoch 53, learning rate decays to 0.047465 ---
--- client 0 in epoch 53 [aggregation then communication] ---
--- client 1 in epoch 53 [aggregation then communication] ---
--- client 2 in epoch 53 [aggregation then communication] ---
--- client 3 in epoch 53 [aggregation then communication] ---
--- client 4 in epoch 53 [aggregation then communication] ---
--- client 5 in epoch 53 [aggregation then communication] ---
--- client 6 in epoch 53 [aggregation then communication] ---
--- client 7 in epoch 53 [aggregation then communication] ---
--- client 8 in epoch 53 [aggregation then communication] ---
--- client 9 in epoch 53 [aggregation then communication] ---
--- global epoch 53: global acc = 91.25% ---
--- local epoch 53: local acc = [C0:93.75%, C1:94.52%, C2:93.22%, C3:94.52%, C4:93.90%, C5:94.30%, C6:94.98%, C7:94.17%, C8:94.57%, C9:94.45%] ---

--- global epoch 54/60 ---
--- At epoch 54, learning rate decays to 0.047418 ---
--- client 0 in epoch 54 [aggregation then communication] ---
--- client 1 in epoch 54 [aggregation then communication] ---
--- client 2 in epoch 54 [aggregation then communication] ---
--- client 3 in epoch 54 [aggregation then communication] ---
--- client 4 in epoch 54 [aggregation then communication] ---
--- client 5 in epoch 54 [aggregation then communication] ---
--- client 6 in epoch 54 [aggregation then communication] ---
--- client 7 in epoch 54 [aggregation then communication] ---
--- client 8 in epoch 54 [aggregation then communication] ---
--- client 9 in epoch 54 [aggregation then communication] ---
--- global epoch 54: global acc = 90.20% ---
--- local epoch 54: local acc = [C0:93.75%, C1:94.48%, C2:93.33%, C3:94.23%, C4:94.63%, C5:94.48%, C6:95.35%, C7:93.75%, C8:94.60%, C9:94.82%] ---

--- global epoch 55/60 ---
--- At epoch 55, learning rate decays to 0.047370 ---
--- client 0 in epoch 55 [aggregation then communication] ---
--- client 1 in epoch 55 [aggregation then communication] ---
--- client 2 in epoch 55 [aggregation then communication] ---
--- client 3 in epoch 55 [aggregation then communication] ---
--- client 4 in epoch 55 [aggregation then communication] ---
--- client 5 in epoch 55 [aggregation then communication] ---
--- client 6 in epoch 55 [aggregation then communication] ---
--- client 7 in epoch 55 [aggregation then communication] ---
--- client 8 in epoch 55 [aggregation then communication] ---
--- client 9 in epoch 55 [aggregation then communication] ---
--- global epoch 55: global acc = 91.46% ---
--- local epoch 55: local acc = [C0:93.88%, C1:95.02%, C2:94.10%, C3:94.30%, C4:94.23%, C5:94.97%, C6:94.93%, C7:94.47%, C8:94.08%, C9:94.62%] ---

--- global epoch 56/60 ---
--- At epoch 56, learning rate decays to 0.047323 ---
--- client 0 in epoch 56 [aggregation then communication] ---
--- client 1 in epoch 56 [aggregation then communication] ---
--- client 2 in epoch 56 [aggregation then communication] ---
--- client 3 in epoch 56 [aggregation then communication] ---
--- client 4 in epoch 56 [aggregation then communication] ---
--- client 5 in epoch 56 [aggregation then communication] ---
--- client 6 in epoch 56 [aggregation then communication] ---
--- client 7 in epoch 56 [aggregation then communication] ---
--- client 8 in epoch 56 [aggregation then communication] ---
--- client 9 in epoch 56 [aggregation then communication] ---
--- global epoch 56: global acc = 90.80% ---
--- local epoch 56: local acc = [C0:94.10%, C1:95.42%, C2:94.28%, C3:94.77%, C4:94.37%, C5:94.80%, C6:94.80%, C7:94.65%, C8:94.88%, C9:94.63%] ---

--- global epoch 57/60 ---
--- At epoch 57, learning rate decays to 0.047276 ---
--- client 0 in epoch 57 [aggregation then communication] ---
--- client 1 in epoch 57 [aggregation then communication] ---
--- client 2 in epoch 57 [aggregation then communication] ---
--- client 3 in epoch 57 [aggregation then communication] ---
--- client 4 in epoch 57 [aggregation then communication] ---
--- client 5 in epoch 57 [aggregation then communication] ---
--- client 6 in epoch 57 [aggregation then communication] ---
--- client 7 in epoch 57 [aggregation then communication] ---
--- client 8 in epoch 57 [aggregation then communication] ---
--- client 9 in epoch 57 [aggregation then communication] ---
--- global epoch 57: global acc = 91.48% ---
--- local epoch 57: local acc = [C0:94.67%, C1:94.73%, C2:94.25%, C3:94.62%, C4:94.45%, C5:94.85%, C6:95.18%, C7:94.37%, C8:95.20%, C9:95.20%] ---

--- global epoch 58/60 ---
--- At epoch 58, learning rate decays to 0.047228 ---
--- client 0 in epoch 58 [aggregation then communication] ---
--- client 1 in epoch 58 [aggregation then communication] ---
--- client 2 in epoch 58 [aggregation then communication] ---
--- client 3 in epoch 58 [aggregation then communication] ---
--- client 4 in epoch 58 [aggregation then communication] ---
--- client 5 in epoch 58 [aggregation then communication] ---
--- client 6 in epoch 58 [aggregation then communication] ---
--- client 7 in epoch 58 [aggregation then communication] ---
--- client 8 in epoch 58 [aggregation then communication] ---
--- client 9 in epoch 58 [aggregation then communication] ---
--- global epoch 58: global acc = 91.04% ---
--- local epoch 58: local acc = [C0:93.75%, C1:95.10%, C2:93.92%, C3:94.78%, C4:94.85%, C5:94.93%, C6:94.95%, C7:94.50%, C8:95.18%, C9:95.45%] ---

--- global epoch 59/60 ---
--- At epoch 59, learning rate decays to 0.047181 ---
--- client 0 in epoch 59 [aggregation then communication] ---
--- client 1 in epoch 59 [aggregation then communication] ---
--- client 2 in epoch 59 [aggregation then communication] ---
--- client 3 in epoch 59 [aggregation then communication] ---
--- client 4 in epoch 59 [aggregation then communication] ---
--- client 5 in epoch 59 [aggregation then communication] ---
--- client 6 in epoch 59 [aggregation then communication] ---
--- client 7 in epoch 59 [aggregation then communication] ---
--- client 8 in epoch 59 [aggregation then communication] ---
--- client 9 in epoch 59 [aggregation then communication] ---
--- global epoch 59: global acc = 90.44% ---
--- local epoch 59: local acc = [C0:94.17%, C1:95.18%, C2:93.95%, C3:95.23%, C4:94.52%, C5:95.12%, C6:95.28%, C7:95.08%, C8:94.75%, C9:95.45%] ---

--- global epoch 60/60 ---
--- At epoch 60, learning rate decays to 0.047134 ---
--- client 0 in epoch 60 [aggregation then communication] ---
--- client 1 in epoch 60 [aggregation then communication] ---
--- client 2 in epoch 60 [aggregation then communication] ---
--- client 3 in epoch 60 [aggregation then communication] ---
--- client 4 in epoch 60 [aggregation then communication] ---
--- client 5 in epoch 60 [aggregation then communication] ---
--- client 6 in epoch 60 [aggregation then communication] ---
--- client 7 in epoch 60 [aggregation then communication] ---
--- client 8 in epoch 60 [aggregation then communication] ---
--- client 9 in epoch 60 [aggregation then communication] ---
--- global epoch 60: global acc = 91.30% ---
--- local epoch 60: local acc = [C0:94.72%, C1:95.17%, C2:93.95%, C3:94.83%, C4:94.50%, C5:95.13%, C6:95.78%, C7:94.72%, C8:94.75%, C9:95.22%] ---
Total runtime: 1771.62s (0:29:31)

 saving results
results save in C:\Users\Kong\Desktop\\decentralized_federated_learning-master\decentralized_federated_learning-master\res\clients_10-epochs_1-20250921_012726.json
