client 0 initial number of neighbors: 9
client 1 initial number of neighbors: 9
client 2 initial number of neighbors: 9
client 3 initial number of neighbors: 9
client 4 initial number of neighbors: 9
client 5 initial number of neighbors: 9
client 6 initial number of neighbors: 9
client 7 initial number of neighbors: 9
client 8 initial number of neighbors: 9
client 9 initial number of neighbors: 9

 training begins! (epoch-by-epoch parallel mode with global evaluation)

--- global epoch 1/60 ---
--- client 0 in epoch 1 [aggregation then communication] ---
--- client 1 in epoch 1 [aggregation then communication] ---
--- client 2 in epoch 1 [aggregation then communication] ---
--- client 3 in epoch 1 [aggregation then communication] ---
--- client 4 in epoch 1 [aggregation then communication] ---
--- client 5 in epoch 1 [aggregation then communication] ---
--- client 6 in epoch 1 [aggregation then communication] ---
--- client 7 in epoch 1 [aggregation then communication] ---
--- client 8 in epoch 1 [aggregation then communication] ---
--- client 9 in epoch 1 [aggregation then communication] ---
--- global epoch 1: global acc = 13.94% ---
--- local epoch 1: local acc = [C0:55.94%, C1:56.12%, C2:57.37%, C3:58.87%, C4:61.07%, C5:57.62%, C6:59.08%, C7:58.89%, C8:59.62%, C9:62.13%] ---

--- global epoch 2/60 ---
--- At epoch 2, learning rate decays to 0.004900 ---
--- client 0 in epoch 2 [aggregation then communication] ---
--- client 1 in epoch 2 [aggregation then communication] ---
--- client 2 in epoch 2 [aggregation then communication] ---
--- client 3 in epoch 2 [aggregation then communication] ---
--- client 4 in epoch 2 [aggregation then communication] ---
--- client 5 in epoch 2 [aggregation then communication] ---
--- client 6 in epoch 2 [aggregation then communication] ---
--- client 7 in epoch 2 [aggregation then communication] ---
--- client 8 in epoch 2 [aggregation then communication] ---
--- client 9 in epoch 2 [aggregation then communication] ---
--- global epoch 2: global acc = 12.77% ---
--- local epoch 2: local acc = [C0:82.68%, C1:80.08%, C2:78.16%, C3:76.16%, C4:76.61%, C5:80.22%, C6:77.87%, C7:77.17%, C8:77.28%, C9:77.05%] ---

--- global epoch 3/60 ---
--- At epoch 3, learning rate decays to 0.004802 ---
--- client 0 in epoch 3 [aggregation then communication] ---
--- client 1 in epoch 3 [aggregation then communication] ---
--- client 2 in epoch 3 [aggregation then communication] ---
--- client 3 in epoch 3 [aggregation then communication] ---
--- client 4 in epoch 3 [aggregation then communication] ---
--- client 5 in epoch 3 [aggregation then communication] ---
--- client 6 in epoch 3 [aggregation then communication] ---
--- client 7 in epoch 3 [aggregation then communication] ---
--- client 8 in epoch 3 [aggregation then communication] ---
--- client 9 in epoch 3 [aggregation then communication] ---
--- global epoch 3: global acc = 57.70% ---
--- local epoch 3: local acc = [C0:84.06%, C1:84.67%, C2:85.42%, C3:85.06%, C4:85.38%, C5:86.67%, C6:85.68%, C7:84.70%, C8:84.74%, C9:84.92%] ---

--- global epoch 4/60 ---
--- At epoch 4, learning rate decays to 0.004706 ---
--- client 0 in epoch 4 [aggregation then communication] ---
--- client 1 in epoch 4 [aggregation then communication] ---
--- client 2 in epoch 4 [aggregation then communication] ---
--- client 3 in epoch 4 [aggregation then communication] ---
--- client 4 in epoch 4 [aggregation then communication] ---
--- client 5 in epoch 4 [aggregation then communication] ---
--- client 6 in epoch 4 [aggregation then communication] ---
--- client 7 in epoch 4 [aggregation then communication] ---
--- client 8 in epoch 4 [aggregation then communication] ---
--- client 9 in epoch 4 [aggregation then communication] ---
--- global epoch 4: global acc = 84.94% ---
--- local epoch 4: local acc = [C0:87.86%, C1:87.73%, C2:87.04%, C3:87.99%, C4:87.86%, C5:88.34%, C6:88.57%, C7:87.77%, C8:88.11%, C9:88.22%] ---

--- global epoch 5/60 ---
--- At epoch 5, learning rate decays to 0.004612 ---
--- client 0 in epoch 5 [aggregation then communication] ---
--- client 1 in epoch 5 [aggregation then communication] ---
--- client 2 in epoch 5 [aggregation then communication] ---
--- client 3 in epoch 5 [aggregation then communication] ---
--- client 4 in epoch 5 [aggregation then communication] ---
--- client 5 in epoch 5 [aggregation then communication] ---
--- client 6 in epoch 5 [aggregation then communication] ---
--- client 7 in epoch 5 [aggregation then communication] ---
--- client 8 in epoch 5 [aggregation then communication] ---
--- client 9 in epoch 5 [aggregation then communication] ---
--- global epoch 5: global acc = 86.86% ---
--- local epoch 5: local acc = [C0:89.96%, C1:90.19%, C2:89.66%, C3:89.84%, C4:89.82%, C5:90.70%, C6:91.01%, C7:90.20%, C8:90.78%, C9:90.32%] ---

--- global epoch 6/60 ---
--- At epoch 6, learning rate decays to 0.004520 ---
--- client 0 in epoch 6 [aggregation then communication] ---
--- client 1 in epoch 6 [aggregation then communication] ---
--- client 2 in epoch 6 [aggregation then communication] ---
--- client 3 in epoch 6 [aggregation then communication] ---
--- client 4 in epoch 6 [aggregation then communication] ---
--- client 5 in epoch 6 [aggregation then communication] ---
--- client 6 in epoch 6 [aggregation then communication] ---
--- client 7 in epoch 6 [aggregation then communication] ---
--- client 8 in epoch 6 [aggregation then communication] ---
--- client 9 in epoch 6 [aggregation then communication] ---
--- global epoch 6: global acc = 87.77% ---
--- local epoch 6: local acc = [C0:91.40%, C1:91.62%, C2:91.59%, C3:91.52%, C4:91.79%, C5:91.99%, C6:92.54%, C7:91.58%, C8:91.78%, C9:92.02%] ---

--- global epoch 7/60 ---
--- At epoch 7, learning rate decays to 0.004429 ---
--- client 0 in epoch 7 [aggregation then communication] ---
--- client 1 in epoch 7 [aggregation then communication] ---
--- client 2 in epoch 7 [aggregation then communication] ---
--- client 3 in epoch 7 [aggregation then communication] ---
--- client 4 in epoch 7 [aggregation then communication] ---
--- client 5 in epoch 7 [aggregation then communication] ---
--- client 6 in epoch 7 [aggregation then communication] ---
--- client 7 in epoch 7 [aggregation then communication] ---
--- client 8 in epoch 7 [aggregation then communication] ---
--- client 9 in epoch 7 [aggregation then communication] ---
--- global epoch 7: global acc = 87.88% ---
--- local epoch 7: local acc = [C0:92.62%, C1:93.32%, C2:92.91%, C3:92.67%, C4:92.44%, C5:93.30%, C6:93.05%, C7:92.75%, C8:92.72%, C9:93.11%] ---

--- global epoch 8/60 ---
--- At epoch 8, learning rate decays to 0.004341 ---
--- client 0 in epoch 8 [aggregation then communication] ---
--- client 1 in epoch 8 [aggregation then communication] ---
--- client 2 in epoch 8 [aggregation then communication] ---
--- client 3 in epoch 8 [aggregation then communication] ---
--- client 4 in epoch 8 [aggregation then communication] ---
--- client 5 in epoch 8 [aggregation then communication] ---
--- client 6 in epoch 8 [aggregation then communication] ---
--- client 7 in epoch 8 [aggregation then communication] ---
--- client 8 in epoch 8 [aggregation then communication] ---
--- client 9 in epoch 8 [aggregation then communication] ---
--- global epoch 8: global acc = 87.06% ---
--- local epoch 8: local acc = [C0:93.74%, C1:93.79%, C2:93.51%, C3:93.70%, C4:93.42%, C5:93.63%, C6:94.73%, C7:94.04%, C8:93.79%, C9:94.10%] ---

--- global epoch 9/60 ---
--- At epoch 9, learning rate decays to 0.004254 ---
--- client 0 in epoch 9 [aggregation then communication] ---
--- client 1 in epoch 9 [aggregation then communication] ---
--- client 2 in epoch 9 [aggregation then communication] ---
--- client 3 in epoch 9 [aggregation then communication] ---
--- client 4 in epoch 9 [aggregation then communication] ---
--- client 5 in epoch 9 [aggregation then communication] ---
--- client 6 in epoch 9 [aggregation then communication] ---
--- client 7 in epoch 9 [aggregation then communication] ---
--- client 8 in epoch 9 [aggregation then communication] ---
--- client 9 in epoch 9 [aggregation then communication] ---
--- global epoch 9: global acc = 88.52% ---
--- local epoch 9: local acc = [C0:94.24%, C1:94.96%, C2:94.35%, C3:94.91%, C4:94.35%, C5:95.28%, C6:94.57%, C7:94.39%, C8:94.63%, C9:94.80%] ---

--- global epoch 10/60 ---
--- At epoch 10, learning rate decays to 0.004169 ---
--- client 0 in epoch 10 [aggregation then communication] ---
--- client 1 in epoch 10 [aggregation then communication] ---
--- client 2 in epoch 10 [aggregation then communication] ---
--- client 3 in epoch 10 [aggregation then communication] ---
--- client 4 in epoch 10 [aggregation then communication] ---
--- client 5 in epoch 10 [aggregation then communication] ---
--- client 6 in epoch 10 [aggregation then communication] ---
--- client 7 in epoch 10 [aggregation then communication] ---
--- client 8 in epoch 10 [aggregation then communication] ---
--- client 9 in epoch 10 [aggregation then communication] ---
--- global epoch 10: global acc = 88.01% ---
--- local epoch 10: local acc = [C0:94.61%, C1:95.07%, C2:94.73%, C3:94.92%, C4:94.83%, C5:95.93%, C6:95.26%, C7:95.24%, C8:95.68%, C9:95.59%] ---

--- global epoch 11/60 ---
--- At epoch 11, learning rate decays to 0.004085 ---
--- client 0 in epoch 11 [aggregation then communication] ---
--- client 1 in epoch 11 [aggregation then communication] ---
--- client 2 in epoch 11 [aggregation then communication] ---
--- client 3 in epoch 11 [aggregation then communication] ---
--- client 4 in epoch 11 [aggregation then communication] ---
--- client 5 in epoch 11 [aggregation then communication] ---
--- client 6 in epoch 11 [aggregation then communication] ---
--- client 7 in epoch 11 [aggregation then communication] ---
--- client 8 in epoch 11 [aggregation then communication] ---
--- client 9 in epoch 11 [aggregation then communication] ---
--- global epoch 11: global acc = 88.91% ---
--- local epoch 11: local acc = [C0:95.02%, C1:96.19%, C2:95.56%, C3:95.46%, C4:95.46%, C5:95.94%, C6:95.74%, C7:95.71%, C8:95.65%, C9:95.64%] ---

--- global epoch 12/60 ---
--- At epoch 12, learning rate decays to 0.004004 ---
--- client 0 in epoch 12 [aggregation then communication] ---
--- client 1 in epoch 12 [aggregation then communication] ---
--- client 2 in epoch 12 [aggregation then communication] ---
--- client 3 in epoch 12 [aggregation then communication] ---
--- client 4 in epoch 12 [aggregation then communication] ---
--- client 5 in epoch 12 [aggregation then communication] ---
--- client 6 in epoch 12 [aggregation then communication] ---
--- client 7 in epoch 12 [aggregation then communication] ---
--- client 8 in epoch 12 [aggregation then communication] ---
--- client 9 in epoch 12 [aggregation then communication] ---
--- global epoch 12: global acc = 88.95% ---
--- local epoch 12: local acc = [C0:96.06%, C1:96.23%, C2:95.35%, C3:95.77%, C4:95.88%, C5:96.92%, C6:96.19%, C7:96.16%, C8:95.95%, C9:96.12%] ---

--- global epoch 13/60 ---
--- At epoch 13, learning rate decays to 0.003924 ---
--- client 0 in epoch 13 [aggregation then communication] ---
--- client 1 in epoch 13 [aggregation then communication] ---
--- client 2 in epoch 13 [aggregation then communication] ---
--- client 3 in epoch 13 [aggregation then communication] ---
--- client 4 in epoch 13 [aggregation then communication] ---
--- client 5 in epoch 13 [aggregation then communication] ---
--- client 6 in epoch 13 [aggregation then communication] ---
--- client 7 in epoch 13 [aggregation then communication] ---
--- client 8 in epoch 13 [aggregation then communication] ---
--- client 9 in epoch 13 [aggregation then communication] ---
--- global epoch 13: global acc = 89.05% ---
--- local epoch 13: local acc = [C0:96.44%, C1:96.89%, C2:96.62%, C3:96.47%, C4:96.11%, C5:97.00%, C6:96.71%, C7:96.26%, C8:96.36%, C9:96.50%] ---

--- global epoch 14/60 ---
--- At epoch 14, learning rate decays to 0.003845 ---
--- client 0 in epoch 14 [aggregation then communication] ---
--- client 1 in epoch 14 [aggregation then communication] ---
--- client 2 in epoch 14 [aggregation then communication] ---
--- client 3 in epoch 14 [aggregation then communication] ---
--- client 4 in epoch 14 [aggregation then communication] ---
--- client 5 in epoch 14 [aggregation then communication] ---
--- client 6 in epoch 14 [aggregation then communication] ---
--- client 7 in epoch 14 [aggregation then communication] ---
--- client 8 in epoch 14 [aggregation then communication] ---
--- client 9 in epoch 14 [aggregation then communication] ---
--- global epoch 14: global acc = 89.67% ---
--- local epoch 14: local acc = [C0:96.60%, C1:96.77%, C2:96.71%, C3:96.63%, C4:96.39%, C5:97.19%, C6:97.28%, C7:96.85%, C8:96.70%, C9:96.85%] ---

--- global epoch 15/60 ---
--- At epoch 15, learning rate decays to 0.003768 ---
--- client 0 in epoch 15 [aggregation then communication] ---
--- client 1 in epoch 15 [aggregation then communication] ---
--- client 2 in epoch 15 [aggregation then communication] ---
--- client 3 in epoch 15 [aggregation then communication] ---
--- client 4 in epoch 15 [aggregation then communication] ---
--- client 5 in epoch 15 [aggregation then communication] ---
--- client 6 in epoch 15 [aggregation then communication] ---
--- client 7 in epoch 15 [aggregation then communication] ---
--- client 8 in epoch 15 [aggregation then communication] ---
--- client 9 in epoch 15 [aggregation then communication] ---
--- global epoch 15: global acc = 89.13% ---
--- local epoch 15: local acc = [C0:96.62%, C1:97.05%, C2:96.84%, C3:96.62%, C4:96.89%, C5:97.51%, C6:97.33%, C7:96.85%, C8:97.27%, C9:97.43%] ---

--- global epoch 16/60 ---
--- At epoch 16, learning rate decays to 0.003693 ---
--- client 0 in epoch 16 [aggregation then communication] ---
--- client 1 in epoch 16 [aggregation then communication] ---
--- client 2 in epoch 16 [aggregation then communication] ---
--- client 3 in epoch 16 [aggregation then communication] ---
--- client 4 in epoch 16 [aggregation then communication] ---
--- client 5 in epoch 16 [aggregation then communication] ---
--- client 6 in epoch 16 [aggregation then communication] ---
--- client 7 in epoch 16 [aggregation then communication] ---
--- client 8 in epoch 16 [aggregation then communication] ---
--- client 9 in epoch 16 [aggregation then communication] ---
--- global epoch 16: global acc = 89.53% ---
--- local epoch 16: local acc = [C0:99.77%, C1:97.53%, C2:97.07%, C3:97.63%, C4:97.22%, C5:97.66%, C6:97.52%, C7:97.06%, C8:97.30%, C9:97.75%] ---

--- global epoch 17/60 ---
--- At epoch 17, learning rate decays to 0.003619 ---
--- client 0 in epoch 17 [aggregation then communication] ---
--- client 1 in epoch 17 [aggregation then communication] ---
--- client 2 in epoch 17 [aggregation then communication] ---
--- client 3 in epoch 17 [aggregation then communication] ---
--- client 4 in epoch 17 [aggregation then communication] ---
--- client 5 in epoch 17 [aggregation then communication] ---
--- client 6 in epoch 17 [aggregation then communication] ---
--- client 7 in epoch 17 [aggregation then communication] ---
--- client 8 in epoch 17 [aggregation then communication] ---
--- client 9 in epoch 17 [aggregation then communication] ---
--- global epoch 17: global acc = 90.07% ---
--- local epoch 17: local acc = [C0:97.17%, C1:97.49%, C2:97.26%, C3:97.49%, C4:97.60%, C5:97.69%, C6:97.65%, C7:97.54%, C8:97.78%, C9:97.60%] ---

--- global epoch 18/60 ---
--- At epoch 18, learning rate decays to 0.003547 ---
--- client 0 in epoch 18 [aggregation then communication] ---
--- client 1 in epoch 18 [aggregation then communication] ---
--- client 2 in epoch 18 [aggregation then communication] ---
--- client 3 in epoch 18 [aggregation then communication] ---
--- client 4 in epoch 18 [aggregation then communication] ---
--- client 5 in epoch 18 [aggregation then communication] ---
--- client 6 in epoch 18 [aggregation then communication] ---
--- client 7 in epoch 18 [aggregation then communication] ---
--- client 8 in epoch 18 [aggregation then communication] ---
--- client 9 in epoch 18 [aggregation then communication] ---
--- global epoch 18: global acc = 89.56% ---
--- local epoch 18: local acc = [C0:97.73%, C1:98.73%, C2:97.41%, C3:97.45%, C4:97.74%, C5:97.97%, C6:98.16%, C7:97.73%, C8:97.85%, C9:97.57%] ---

--- global epoch 19/60 ---
--- At epoch 19, learning rate decays to 0.003476 ---
--- client 0 in epoch 19 [aggregation then communication] ---
--- client 1 in epoch 19 [aggregation then communication] ---
--- client 2 in epoch 19 [aggregation then communication] ---
--- client 3 in epoch 19 [aggregation then communication] ---
--- client 4 in epoch 19 [aggregation then communication] ---
--- client 5 in epoch 19 [aggregation then communication] ---
--- client 6 in epoch 19 [aggregation then communication] ---
--- client 7 in epoch 19 [aggregation then communication] ---
--- client 8 in epoch 19 [aggregation then communication] ---
--- client 9 in epoch 19 [aggregation then communication] ---
--- global epoch 19: global acc = 90.06% ---
--- local epoch 19: local acc = [C0:98.30%, C1:97.80%, C2:98.72%, C3:97.71%, C4:97.84%, C5:97.88%, C6:98.07%, C7:97.95%, C8:97.79%, C9:98.05%] ---

--- global epoch 20/60 ---
--- At epoch 20, learning rate decays to 0.003406 ---
--- client 0 in epoch 20 [aggregation then communication] ---
--- client 1 in epoch 20 [aggregation then communication] ---
--- client 2 in epoch 20 [aggregation then communication] ---
--- client 3 in epoch 20 [aggregation then communication] ---
--- client 4 in epoch 20 [aggregation then communication] ---
--- client 5 in epoch 20 [aggregation then communication] ---
--- client 6 in epoch 20 [aggregation then communication] ---
--- client 7 in epoch 20 [aggregation then communication] ---
--- client 8 in epoch 20 [aggregation then communication] ---
--- client 9 in epoch 20 [aggregation then communication] ---
--- global epoch 20: global acc = 90.04% ---
--- local epoch 20: local acc = [C0:99.05%, C1:98.28%, C2:97.85%, C3:97.99%, C4:97.53%, C5:98.38%, C6:98.28%, C7:98.32%, C8:98.18%, C9:98.28%] ---

--- global epoch 21/60 ---
--- At epoch 21, learning rate decays to 0.003338 ---
--- client 0 in epoch 21 [aggregation then communication] ---
--- client 1 in epoch 21 [aggregation then communication] ---
--- client 2 in epoch 21 [aggregation then communication] ---
--- client 3 in epoch 21 [aggregation then communication] ---
--- client 4 in epoch 21 [aggregation then communication] ---
--- client 5 in epoch 21 [aggregation then communication] ---
--- client 6 in epoch 21 [aggregation then communication] ---
--- client 7 in epoch 21 [aggregation then communication] ---
--- client 8 in epoch 21 [aggregation then communication] ---
--- client 9 in epoch 21 [aggregation then communication] ---
--- global epoch 21: global acc = 90.29% ---
--- local epoch 21: local acc = [C0:98.16%, C1:98.11%, C2:98.14%, C3:98.10%, C4:98.18%, C5:98.05%, C6:98.01%, C7:98.22%, C8:98.54%, C9:98.34%] ---

--- global epoch 22/60 ---
--- At epoch 22, learning rate decays to 0.003271 ---
--- client 0 in epoch 22 [aggregation then communication] ---
--- client 1 in epoch 22 [aggregation then communication] ---
--- client 2 in epoch 22 [aggregation then communication] ---
--- client 3 in epoch 22 [aggregation then communication] ---
--- client 4 in epoch 22 [aggregation then communication] ---
--- client 5 in epoch 22 [aggregation then communication] ---
--- client 6 in epoch 22 [aggregation then communication] ---
--- client 7 in epoch 22 [aggregation then communication] ---
--- client 8 in epoch 22 [aggregation then communication] ---
--- client 9 in epoch 22 [aggregation then communication] ---
--- global epoch 22: global acc = 90.65% ---
--- local epoch 22: local acc = [C0:98.37%, C1:98.35%, C2:98.17%, C3:98.41%, C4:98.28%, C5:98.41%, C6:98.19%, C7:98.32%, C8:98.42%, C9:98.53%] ---

--- global epoch 23/60 ---
--- At epoch 23, learning rate decays to 0.003206 ---
--- client 0 in epoch 23 [aggregation then communication] ---
--- client 1 in epoch 23 [aggregation then communication] ---
--- client 2 in epoch 23 [aggregation then communication] ---
--- client 3 in epoch 23 [aggregation then communication] ---
--- client 4 in epoch 23 [aggregation then communication] ---
--- client 5 in epoch 23 [aggregation then communication] ---
--- client 6 in epoch 23 [aggregation then communication] ------ client 7 in epoch 23 [aggregation then communication] ---

--- client 8 in epoch 23 [aggregation then communication] ---
--- client 9 in epoch 23 [aggregation then communication] ---
--- global epoch 23: global acc = 90.80% ---
--- local epoch 23: local acc = [C0:98.39%, C1:98.68%, C2:98.88%, C3:98.41%, C4:98.22%, C5:98.19%, C6:98.13%, C7:98.45%, C8:98.87%, C9:98.68%] ---

--- global epoch 24/60 ---
--- At epoch 24, learning rate decays to 0.003142 ---
--- client 0 in epoch 24 [aggregation then communication] ---
--- client 1 in epoch 24 [aggregation then communication] ---
--- client 2 in epoch 24 [aggregation then communication] ---
--- client 3 in epoch 24 [aggregation then communication] ---
--- client 4 in epoch 24 [aggregation then communication] ---
--- client 5 in epoch 24 [aggregation then communication] ---
--- client 6 in epoch 24 [aggregation then communication] ---
--- client 7 in epoch 24 [aggregation then communication] ---
--- client 8 in epoch 24 [aggregation then communication] ---
--- client 9 in epoch 24 [aggregation then communication] ---
--- global epoch 24: global acc = 90.19% ---
--- local epoch 24: local acc = [C0:98.52%, C1:98.75%, C2:98.44%, C3:98.35%, C4:98.71%, C5:98.32%, C6:98.49%, C7:98.62%, C8:98.80%, C9:98.91%] ---

--- global epoch 25/60 ---
--- At epoch 25, learning rate decays to 0.003079 ---
--- client 0 in epoch 25 [aggregation then communication] ---
--- client 1 in epoch 25 [aggregation then communication] ---
--- client 2 in epoch 25 [aggregation then communication] ---
--- client 3 in epoch 25 [aggregation then communication] ---
--- client 4 in epoch 25 [aggregation then communication] ---
--- client 5 in epoch 25 [aggregation then communication] ---
--- client 6 in epoch 25 [aggregation then communication] ---
--- client 7 in epoch 25 [aggregation then communication] ---
--- client 8 in epoch 25 [aggregation then communication] ---
--- client 9 in epoch 25 [aggregation then communication] ---
--- global epoch 25: global acc = 90.44% ---
--- local epoch 25: local acc = [C0:98.78%, C1:98.81%, C2:98.66%, C3:98.57%, C4:98.55%, C5:98.78%, C6:98.72%, C7:98.56%, C8:98.53%, C9:98.92%] ---

--- global epoch 26/60 ---
--- At epoch 26, learning rate decays to 0.003017 ---
--- client 0 in epoch 26 [aggregation then communication] ---
--- client 1 in epoch 26 [aggregation then communication] ---
--- client 2 in epoch 26 [aggregation then communication] ---
--- client 3 in epoch 26 [aggregation then communication] ---
--- client 4 in epoch 26 [aggregation then communication] ---
--- client 5 in epoch 26 [aggregation then communication] ---
--- client 6 in epoch 26 [aggregation then communication] ---
--- client 7 in epoch 26 [aggregation then communication] ---
--- client 8 in epoch 26 [aggregation then communication] ---
--- client 9 in epoch 26 [aggregation then communication] ---
--- global epoch 26: global acc = 89.96% ---
--- local epoch 26: local acc = [C0:99.01%, C1:99.44%, C2:98.82%, C3:98.81%, C4:98.56%, C5:98.85%, C6:98.68%, C7:98.72%, C8:99.12%, C9:98.96%] ---

--- global epoch 27/60 ---
--- At epoch 27, learning rate decays to 0.002957 ---
--- client 0 in epoch 27 [aggregation then communication] ---
--- client 1 in epoch 27 [aggregation then communication] ---
--- client 2 in epoch 27 [aggregation then communication] ---
--- client 3 in epoch 27 [aggregation then communication] ---
--- client 4 in epoch 27 [aggregation then communication] ---
--- client 5 in epoch 27 [aggregation then communication] ---
--- client 6 in epoch 27 [aggregation then communication] ---
--- client 7 in epoch 27 [aggregation then communication] ---
--- client 8 in epoch 27 [aggregation then communication] ---
--- client 9 in epoch 27 [aggregation then communication] ---
--- global epoch 27: global acc = 90.58% ---
--- local epoch 27: local acc = [C0:98.82%, C1:98.95%, C2:98.85%, C3:99.08%, C4:98.81%, C5:98.68%, C6:98.57%, C7:98.75%, C8:98.91%, C9:99.59%] ---

--- global epoch 28/60 ---
--- At epoch 28, learning rate decays to 0.002898 ---
--- client 0 in epoch 28 [aggregation then communication] ---
--- client 1 in epoch 28 [aggregation then communication] ---
--- client 2 in epoch 28 [aggregation then communication] ---
--- client 3 in epoch 28 [aggregation then communication] ---
--- client 4 in epoch 28 [aggregation then communication] ---
--- client 5 in epoch 28 [aggregation then communication] ---
--- client 6 in epoch 28 [aggregation then communication] ---
--- client 7 in epoch 28 [aggregation then communication] ---
--- client 8 in epoch 28 [aggregation then communication] ---
--- client 9 in epoch 28 [aggregation then communication] ---
--- global epoch 28: global acc = 90.31% ---
--- local epoch 28: local acc = [C0:98.99%, C1:99.28%, C2:98.89%, C3:99.12%, C4:98.67%, C5:98.88%, C6:98.70%, C7:98.93%, C8:98.84%, C9:99.18%] ---

--- global epoch 29/60 ---
--- At epoch 29, learning rate decays to 0.002840 ---
--- client 0 in epoch 29 [aggregation then communication] ---
--- client 1 in epoch 29 [aggregation then communication] ---
--- client 2 in epoch 29 [aggregation then communication] ---
--- client 3 in epoch 29 [aggregation then communication] ---
--- client 4 in epoch 29 [aggregation then communication] ---
--- client 5 in epoch 29 [aggregation then communication] ---
--- client 6 in epoch 29 [aggregation then communication] ---
--- client 7 in epoch 29 [aggregation then communication] ---
--- client 8 in epoch 29 [aggregation then communication] ---
--- client 9 in epoch 29 [aggregation then communication] ---
--- global epoch 29: global acc = 90.48% ---
--- local epoch 29: local acc = [C0:99.08%, C1:99.27%, C2:99.08%, C3:99.15%, C4:98.89%, C5:99.21%, C6:99.05%, C7:98.98%, C8:99.01%, C9:99.11%] ---

--- global epoch 30/60 ---
--- At epoch 30, learning rate decays to 0.002783 ---
--- client 0 in epoch 30 [aggregation then communication] ---
--- client 1 in epoch 30 [aggregation then communication] ---
--- client 2 in epoch 30 [aggregation then communication] ---
--- client 3 in epoch 30 [aggregation then communication] ---
--- client 4 in epoch 30 [aggregation then communication] ---
--- client 5 in epoch 30 [aggregation then communication] ---
--- client 6 in epoch 30 [aggregation then communication] ---
--- client 7 in epoch 30 [aggregation then communication] ---
--- client 8 in epoch 30 [aggregation then communication] ---
--- client 9 in epoch 30 [aggregation then communication] ---
--- global epoch 30: global acc = 90.62% ---
--- local epoch 30: local acc = [C0:99.25%, C1:99.81%, C2:98.99%, C3:99.19%, C4:99.08%, C5:98.81%, C6:98.88%, C7:98.85%, C8:99.18%, C9:99.08%] ---

--- global epoch 31/60 ---
--- At epoch 31, learning rate decays to 0.002727 ---
--- client 0 in epoch 31 [aggregation then communication] ---
--- client 1 in epoch 31 [aggregation then communication] ---
--- client 2 in epoch 31 [aggregation then communication] ---
--- client 3 in epoch 31 [aggregation then communication] ---
--- client 4 in epoch 31 [aggregation then communication] ---
--- client 5 in epoch 31 [aggregation then communication] ---
--- client 6 in epoch 31 [aggregation then communication] ---
--- client 7 in epoch 31 [aggregation then communication] ---
--- client 8 in epoch 31 [aggregation then communication] ---
--- client 9 in epoch 31 [aggregation then communication] ---
--- global epoch 31: global acc = 90.88% ---
--- local epoch 31: local acc = [C0:99.22%, C1:99.03%, C2:99.26%, C3:99.06%, C4:98.99%, C5:99.00%, C6:99.40%, C7:99.07%, C8:99.23%, C9:99.17%] ---

--- global epoch 32/60 ---
--- At epoch 32, learning rate decays to 0.002673 ---
--- client 0 in epoch 32 [aggregation then communication] ---
--- client 1 in epoch 32 [aggregation then communication] ---
--- client 2 in epoch 32 [aggregation then communication] ---
--- client 3 in epoch 32 [aggregation then communication] ---
--- client 4 in epoch 32 [aggregation then communication] ---
--- client 5 in epoch 32 [aggregation then communication] ---
--- client 6 in epoch 32 [aggregation then communication] ---
--- client 7 in epoch 32 [aggregation then communication] ---
--- client 8 in epoch 32 [aggregation then communication] ---
--- client 9 in epoch 32 [aggregation then communication] ---
--- global epoch 32: global acc = 90.20% ---
--- local epoch 32: local acc = [C0:99.44%, C1:99.21%, C2:99.31%, C3:99.23%, C4:99.04%, C5:99.14%, C6:99.28%, C7:99.03%, C8:99.32%, C9:99.29%] ---

--- global epoch 33/60 ---
--- At epoch 33, learning rate decays to 0.002619 ---
--- client 0 in epoch 33 [aggregation then communication] ---
--- client 1 in epoch 33 [aggregation then communication] ---
--- client 2 in epoch 33 [aggregation then communication] ---
--- client 3 in epoch 33 [aggregation then communication] ---
--- client 4 in epoch 33 [aggregation then communication] ---
--- client 5 in epoch 33 [aggregation then communication] ---
--- client 6 in epoch 33 [aggregation then communication] ---
--- client 7 in epoch 33 [aggregation then communication] ---
--- client 8 in epoch 33 [aggregation then communication] ---
--- client 9 in epoch 33 [aggregation then communication] ---
--- global epoch 33: global acc = 90.33% ---
--- local epoch 33: local acc = [C0:99.31%, C1:99.75%, C2:99.43%, C3:99.28%, C4:99.15%, C5:99.22%, C6:99.31%, C7:99.15%, C8:99.35%, C9:99.45%] ---

--- global epoch 34/60 ---
--- At epoch 34, learning rate decays to 0.002567 ---
--- client 0 in epoch 34 [aggregation then communication] ---
--- client 1 in epoch 34 [aggregation then communication] ---
--- client 2 in epoch 34 [aggregation then communication] ---
--- client 3 in epoch 34 [aggregation then communication] ---
--- client 4 in epoch 34 [aggregation then communication] ---
--- client 5 in epoch 34 [aggregation then communication] ---
--- client 6 in epoch 34 [aggregation then communication] ---
--- client 7 in epoch 34 [aggregation then communication] ---
--- client 8 in epoch 34 [aggregation then communication] ---
--- client 9 in epoch 34 [aggregation then communication] ---
--- global epoch 34: global acc = 90.71% ---
--- local epoch 34: local acc = [C0:99.49%, C1:99.31%, C2:99.34%, C3:99.40%, C4:99.29%, C5:99.27%, C6:99.06%, C7:99.23%, C8:99.83%, C9:99.43%] ---

--- global epoch 35/60 ---
--- At epoch 35, learning rate decays to 0.002516 ---
--- client 0 in epoch 35 [aggregation then communication] ---
--- client 1 in epoch 35 [aggregation then communication] ---
--- client 2 in epoch 35 [aggregation then communication] ---
--- client 3 in epoch 35 [aggregation then communication] ---
--- client 4 in epoch 35 [aggregation then communication] ---
--- client 5 in epoch 35 [aggregation then communication] ---
--- client 6 in epoch 35 [aggregation then communication] ---
--- client 7 in epoch 35 [aggregation then communication] ---
--- client 8 in epoch 35 [aggregation then communication] ---
--- client 9 in epoch 35 [aggregation then communication] ---
--- global epoch 35: global acc = 90.22% ---
--- local epoch 35: local acc = [C0:99.54%, C1:100.00%, C2:99.47%, C3:99.28%, C4:99.29%, C5:99.47%, C6:99.32%, C7:99.27%, C8:99.41%, C9:99.56%] ---

--- global epoch 36/60 ---
--- At epoch 36, learning rate decays to 0.002465 ---
--- client 0 in epoch 36 [aggregation then communication] ---
--- client 1 in epoch 36 [aggregation then communication] ---
--- client 2 in epoch 36 [aggregation then communication] ---
--- client 3 in epoch 36 [aggregation then communication] ---
--- client 4 in epoch 36 [aggregation then communication] ---
--- client 5 in epoch 36 [aggregation then communication] ---
--- client 6 in epoch 36 [aggregation then communication] ---
--- client 7 in epoch 36 [aggregation then communication] ---
--- client 8 in epoch 36 [aggregation then communication] ---
--- client 9 in epoch 36 [aggregation then communication] ---
--- global epoch 36: global acc = 90.59% ---
--- local epoch 36: local acc = [C0:99.65%, C1:99.31%, C2:99.39%, C3:99.64%, C4:99.39%, C5:99.27%, C6:99.42%, C7:99.65%, C8:99.53%, C9:99.49%] ---

--- global epoch 37/60 ---
--- At epoch 37, learning rate decays to 0.002416 ---
--- client 0 in epoch 37 [aggregation then communication] ---
--- client 1 in epoch 37 [aggregation then communication] ---
--- client 2 in epoch 37 [aggregation then communication] ---
--- client 3 in epoch 37 [aggregation then communication] ---
--- client 4 in epoch 37 [aggregation then communication] ---
--- client 5 in epoch 37 [aggregation then communication] ---
--- client 6 in epoch 37 [aggregation then communication] ---
--- client 7 in epoch 37 [aggregation then communication] ---
--- client 8 in epoch 37 [aggregation then communication] ------ client 9 in epoch 37 [aggregation then communication] ---

--- global epoch 37: global acc = 90.93% ---
--- local epoch 37: local acc = [C0:99.56%, C1:99.53%, C2:99.69%, C3:99.66%, C4:99.49%, C5:99.42%, C6:99.57%, C7:99.36%, C8:99.61%, C9:99.62%] ---

--- global epoch 38/60 ---
--- At epoch 38, learning rate decays to 0.002368 ---
--- client 0 in epoch 38 [aggregation then communication] ---
--- client 1 in epoch 38 [aggregation then communication] ---
--- client 2 in epoch 38 [aggregation then communication] ---
--- client 3 in epoch 38 [aggregation then communication] ---
--- client 4 in epoch 38 [aggregation then communication] ---
--- client 5 in epoch 38 [aggregation then communication] ---
--- client 6 in epoch 38 [aggregation then communication] ---
--- client 7 in epoch 38 [aggregation then communication] ---
--- client 8 in epoch 38 [aggregation then communication] ---
--- client 9 in epoch 38 [aggregation then communication] ---
--- global epoch 38: global acc = 90.45% ---
--- local epoch 38: local acc = [C0:99.65%, C1:99.59%, C2:99.31%, C3:99.56%, C4:99.46%, C5:99.41%, C6:99.41%, C7:99.66%, C8:99.52%, C9:100.00%] ---

--- global epoch 39/60 ---
--- At epoch 39, learning rate decays to 0.002320 ---
--- client 0 in epoch 39 [aggregation then communication] ---
--- client 1 in epoch 39 [aggregation then communication] ---
--- client 2 in epoch 39 [aggregation then communication] ---
--- client 3 in epoch 39 [aggregation then communication] ---
--- client 4 in epoch 39 [aggregation then communication] ---
--- client 5 in epoch 39 [aggregation then communication] ---
--- client 6 in epoch 39 [aggregation then communication] ---
--- client 7 in epoch 39 [aggregation then communication] ---
--- client 8 in epoch 39 [aggregation then communication] ---
--- client 9 in epoch 39 [aggregation then communication] ---
--- global epoch 39: global acc = 90.49% ---
--- local epoch 39: local acc = [C0:99.60%, C1:99.94%, C2:99.39%, C3:99.81%, C4:99.53%, C5:99.66%, C6:99.50%, C7:99.41%, C8:99.73%, C9:99.75%] ---

--- global epoch 40/60 ---
--- At epoch 40, learning rate decays to 0.002274 ---
--- client 0 in epoch 40 [aggregation then communication] ---
--- client 1 in epoch 40 [aggregation then communication] ---
--- client 2 in epoch 40 [aggregation then communication] ---
--- client 3 in epoch 40 [aggregation then communication] ---
--- client 4 in epoch 40 [aggregation then communication] ---
--- client 5 in epoch 40 [aggregation then communication] ---
--- client 6 in epoch 40 [aggregation then communication] ---
--- client 7 in epoch 40 [aggregation then communication] ---
--- client 8 in epoch 40 [aggregation then communication] ---
--- client 9 in epoch 40 [aggregation then communication] ---
--- global epoch 40: global acc = 90.12% ---
--- local epoch 40: local acc = [C0:99.59%, C1:99.53%, C2:99.57%, C3:99.47%, C4:99.64%, C5:99.74%, C6:99.67%, C7:99.46%, C8:99.55%, C9:99.50%] ---

--- global epoch 41/60 ---
--- At epoch 41, learning rate decays to 0.002229 ---
--- client 0 in epoch 41 [aggregation then communication] ---
--- client 1 in epoch 41 [aggregation then communication] ---
--- client 2 in epoch 41 [aggregation then communication] ---
--- client 3 in epoch 41 [aggregation then communication] ---
--- client 4 in epoch 41 [aggregation then communication] ---
--- client 5 in epoch 41 [aggregation then communication] ---
--- client 6 in epoch 41 [aggregation then communication] ---
--- client 7 in epoch 41 [aggregation then communication] ---
--- client 8 in epoch 41 [aggregation then communication] ---
--- client 9 in epoch 41 [aggregation then communication] ---
--- global epoch 41: global acc = 90.74% ---
--- local epoch 41: local acc = [C0:99.54%, C1:99.58%, C2:99.87%, C3:99.81%, C4:99.72%, C5:99.65%, C6:99.63%, C7:99.62%, C8:99.75%, C9:99.78%] ---

--- global epoch 42/60 ---
--- At epoch 42, learning rate decays to 0.002184 ---
--- client 0 in epoch 42 [aggregation then communication] ---
--- client 1 in epoch 42 [aggregation then communication] ---
--- client 2 in epoch 42 [aggregation then communication] ---
--- client 3 in epoch 42 [aggregation then communication] ---
--- client 4 in epoch 42 [aggregation then communication] ---
--- client 5 in epoch 42 [aggregation then communication] ---
--- client 6 in epoch 42 [aggregation then communication] ---
--- client 7 in epoch 42 [aggregation then communication] ---
--- client 8 in epoch 42 [aggregation then communication] ---
--- client 9 in epoch 42 [aggregation then communication] ---
--- global epoch 42: global acc = 90.97% ---
--- local epoch 42: local acc = [C0:99.73%, C1:99.62%, C2:99.58%, C3:99.78%, C4:99.79%, C5:99.92%, C6:99.68%, C7:99.67%, C8:99.80%, C9:100.00%] ---

--- global epoch 43/60 ---
--- At epoch 43, learning rate decays to 0.002140 ---
--- client 0 in epoch 43 [aggregation then communication] ---
--- client 1 in epoch 43 [aggregation then communication] ---
--- client 2 in epoch 43 [aggregation then communication] ---
--- client 3 in epoch 43 [aggregation then communication] ---
--- client 4 in epoch 43 [aggregation then communication] ---
--- client 5 in epoch 43 [aggregation then communication] ---
--- client 6 in epoch 43 [aggregation then communication] ---
--- client 7 in epoch 43 [aggregation then communication] ---
--- client 8 in epoch 43 [aggregation then communication] ---
--- client 9 in epoch 43 [aggregation then communication] ---
--- global epoch 43: global acc = 90.79% ---
--- local epoch 43: local acc = [C0:99.85%, C1:99.52%, C2:99.73%, C3:99.86%, C4:99.77%, C5:99.70%, C6:99.58%, C7:99.80%, C8:99.72%, C9:99.63%] ---

--- global epoch 44/60 ---
--- At epoch 44, learning rate decays to 0.002097 ---
--- client 0 in epoch 44 [aggregation then communication] ---
--- client 1 in epoch 44 [aggregation then communication] ---
--- client 2 in epoch 44 [aggregation then communication] ---
--- client 3 in epoch 44 [aggregation then communication] ---
--- client 4 in epoch 44 [aggregation then communication] ---
--- client 5 in epoch 44 [aggregation then communication] ---
--- client 6 in epoch 44 [aggregation then communication] ---
--- client 7 in epoch 44 [aggregation then communication] ---
--- client 8 in epoch 44 [aggregation then communication] ---
--- client 9 in epoch 44 [aggregation then communication] ---
--- global epoch 44: global acc = 90.59% ---
--- local epoch 44: local acc = [C0:99.68%, C1:99.70%, C2:99.80%, C3:99.76%, C4:99.78%, C5:99.81%, C6:99.75%, C7:99.60%, C8:99.86%, C9:99.81%] ---

--- global epoch 45/60 ---
--- At epoch 45, learning rate decays to 0.002055 ---
--- client 0 in epoch 45 [aggregation then communication] ---
--- client 1 in epoch 45 [aggregation then communication] ---
--- client 2 in epoch 45 [aggregation then communication] ---
--- client 3 in epoch 45 [aggregation then communication] ---
--- client 4 in epoch 45 [aggregation then communication] ---
--- client 5 in epoch 45 [aggregation then communication] ---
--- client 6 in epoch 45 [aggregation then communication] ---
--- client 7 in epoch 45 [aggregation then communication] ---
--- client 8 in epoch 45 [aggregation then communication] ---
--- client 9 in epoch 45 [aggregation then communication] ---
--- global epoch 45: global acc = 90.46% ---
--- local epoch 45: local acc = [C0:99.74%, C1:99.70%, C2:99.77%, C3:99.64%, C4:99.90%, C5:99.65%, C6:99.66%, C7:99.74%, C8:99.85%, C9:99.69%] ---

--- global epoch 46/60 ---
--- At epoch 46, learning rate decays to 0.002014 ---
--- client 0 in epoch 46 [aggregation then communication] ---
--- client 1 in epoch 46 [aggregation then communication] ---
--- client 2 in epoch 46 [aggregation then communication] ---
--- client 3 in epoch 46 [aggregation then communication] ---
--- client 4 in epoch 46 [aggregation then communication] ---
--- client 5 in epoch 46 [aggregation then communication] ---
--- client 6 in epoch 46 [aggregation then communication] ---
--- client 7 in epoch 46 [aggregation then communication] ---
--- client 8 in epoch 46 [aggregation then communication] ---
--- client 9 in epoch 46 [aggregation then communication] ---
--- global epoch 46: global acc = 91.02% ---
--- local epoch 46: local acc = [C0:99.68%, C1:99.64%, C2:99.81%, C3:99.91%, C4:99.77%, C5:99.91%, C6:99.93%, C7:99.85%, C8:99.85%, C9:100.00%] ---

--- global epoch 47/60 ---
--- At epoch 47, learning rate decays to 0.001974 ---
--- client 0 in epoch 47 [aggregation then communication] ---
--- client 1 in epoch 47 [aggregation then communication] ---
--- client 2 in epoch 47 [aggregation then communication] ---
--- client 3 in epoch 47 [aggregation then communication] ---
--- client 4 in epoch 47 [aggregation then communication] ---
--- client 5 in epoch 47 [aggregation then communication] ---
--- client 6 in epoch 47 [aggregation then communication] ---
--- client 7 in epoch 47 [aggregation then communication] ---
--- client 8 in epoch 47 [aggregation then communication] ---
--- client 9 in epoch 47 [aggregation then communication] ---
--- global epoch 47: global acc = 90.86% ---
--- local epoch 47: local acc = [C0:99.84%, C1:99.82%, C2:99.78%, C3:99.93%, C4:99.89%, C5:99.78%, C6:99.94%, C7:99.87%, C8:99.94%, C9:99.79%] ---

--- global epoch 48/60 ---
--- At epoch 48, learning rate decays to 0.001935 ---
--- client 0 in epoch 48 [aggregation then communication] ---
--- client 1 in epoch 48 [aggregation then communication] ---
--- client 2 in epoch 48 [aggregation then communication] ---
--- client 3 in epoch 48 [aggregation then communication] ---
--- client 4 in epoch 48 [aggregation then communication] ---
--- client 5 in epoch 48 [aggregation then communication] ---
--- client 6 in epoch 48 [aggregation then communication] ---
--- client 7 in epoch 48 [aggregation then communication] ---
--- client 8 in epoch 48 [aggregation then communication] ---
--- client 9 in epoch 48 [aggregation then communication] ---
--- global epoch 48: global acc = 90.68% ---
--- local epoch 48: local acc = [C0:99.85%, C1:99.75%, C2:99.77%, C3:99.78%, C4:99.85%, C5:99.74%, C6:99.75%, C7:99.77%, C8:99.74%, C9:99.90%] ---

--- global epoch 49/60 ---
--- At epoch 49, learning rate decays to 0.001896 ---
--- client 0 in epoch 49 [aggregation then communication] ---
--- client 1 in epoch 49 [aggregation then communication] ---
--- client 2 in epoch 49 [aggregation then communication] ---
--- client 3 in epoch 49 [aggregation then communication] ---
--- client 4 in epoch 49 [aggregation then communication] ---
--- client 5 in epoch 49 [aggregation then communication] ---
--- client 6 in epoch 49 [aggregation then communication] ---
--- client 7 in epoch 49 [aggregation then communication] ---
--- client 8 in epoch 49 [aggregation then communication] ---
--- client 9 in epoch 49 [aggregation then communication] ---
--- global epoch 49: global acc = 90.71% ---
--- local epoch 49: local acc = [C0:99.95%, C1:99.87%, C2:99.82%, C3:99.82%, C4:99.77%, C5:99.88%, C6:99.95%, C7:99.85%, C8:99.89%, C9:99.89%] ---

--- global epoch 50/60 ---
--- At epoch 50, learning rate decays to 0.001858 ---
--- client 0 in epoch 50 [aggregation then communication] ---
--- client 1 in epoch 50 [aggregation then communication] ---
--- client 2 in epoch 50 [aggregation then communication] ---
--- client 3 in epoch 50 [aggregation then communication] ---
--- client 4 in epoch 50 [aggregation then communication] ---
--- client 5 in epoch 50 [aggregation then communication] ---
--- client 6 in epoch 50 [aggregation then communication] ---
--- client 7 in epoch 50 [aggregation then communication] ---
--- client 8 in epoch 50 [aggregation then communication] ---
--- client 9 in epoch 50 [aggregation then communication] ---
--- global epoch 50: global acc = 90.76% ---
--- local epoch 50: local acc = [C0:99.93%, C1:99.84%, C2:99.91%, C3:100.00%, C4:99.81%, C5:99.94%, C6:99.89%, C7:99.79%, C8:99.94%, C9:99.93%] ---

--- global epoch 51/60 ---
--- At epoch 51, learning rate decays to 0.001821 ---
--- client 0 in epoch 51 [aggregation then communication] ---
--- client 1 in epoch 51 [aggregation then communication] ---
--- client 2 in epoch 51 [aggregation then communication] ---
--- client 3 in epoch 51 [aggregation then communication] ---
--- client 4 in epoch 51 [aggregation then communication] ---
--- client 5 in epoch 51 [aggregation then communication] ---
--- client 6 in epoch 51 [aggregation then communication] ---
--- client 7 in epoch 51 [aggregation then communication] ---
--- client 8 in epoch 51 [aggregation then communication] ---
--- client 9 in epoch 51 [aggregation then communication] ---
--- global epoch 51: global acc = 90.74% ---
--- local epoch 51: local acc = [C0:99.84%, C1:99.96%, C2:99.96%, C3:99.92%, C4:99.86%, C5:99.94%, C6:99.90%, C7:99.95%, C8:99.89%, C9:99.80%] ---

--- global epoch 52/60 ---
--- At epoch 52, learning rate decays to 0.001784 ---
--- client 0 in epoch 52 [aggregation then communication] ---
--- client 1 in epoch 52 [aggregation then communication] ---
--- client 2 in epoch 52 [aggregation then communication] ---
--- client 3 in epoch 52 [aggregation then communication] ---
--- client 4 in epoch 52 [aggregation then communication] ---
--- client 5 in epoch 52 [aggregation then communication] ---
--- client 6 in epoch 52 [aggregation then communication] ---
--- client 7 in epoch 52 [aggregation then communication] ---
--- client 8 in epoch 52 [aggregation then communication] ---
--- client 9 in epoch 52 [aggregation then communication] ---
--- global epoch 52: global acc = 90.92% ---
--- local epoch 52: local acc = [C0:100.00%, C1:99.91%, C2:99.88%, C3:99.83%, C4:99.81%, C5:99.97%, C6:99.93%, C7:99.93%, C8:99.88%, C9:99.87%] ---

--- global epoch 53/60 ---
--- At epoch 53, learning rate decays to 0.001749 ---
--- client 0 in epoch 53 [aggregation then communication] ---
--- client 1 in epoch 53 [aggregation then communication] ---
--- client 2 in epoch 53 [aggregation then communication] ---
--- client 3 in epoch 53 [aggregation then communication] ---
--- client 4 in epoch 53 [aggregation then communication] ---
--- client 5 in epoch 53 [aggregation then communication] ---
--- client 6 in epoch 53 [aggregation then communication] ---
--- client 7 in epoch 53 [aggregation then communication] ---
--- client 8 in epoch 53 [aggregation then communication] ---
--- client 9 in epoch 53 [aggregation then communication] ---
--- global epoch 53: global acc = 90.91% ---
--- local epoch 53: local acc = [C0:99.94%, C1:99.87%, C2:99.84%, C3:99.92%, C4:99.96%, C5:99.85%, C6:99.85%, C7:99.89%, C8:99.96%, C9:99.95%] ---

--- global epoch 54/60 ---
--- At epoch 54, learning rate decays to 0.001714 ---
--- client 0 in epoch 54 [aggregation then communication] ---
--- client 1 in epoch 54 [aggregation then communication] ---
--- client 2 in epoch 54 [aggregation then communication] ---
--- client 3 in epoch 54 [aggregation then communication] ---
--- client 4 in epoch 54 [aggregation then communication] ---
--- client 5 in epoch 54 [aggregation then communication] ---
--- client 6 in epoch 54 [aggregation then communication] ---
--- client 7 in epoch 54 [aggregation then communication] ---
--- client 8 in epoch 54 [aggregation then communication] ---
--- client 9 in epoch 54 [aggregation then communication] ---
--- global epoch 54: global acc = 90.84% ---
--- local epoch 54: local acc = [C0:99.96%, C1:99.95%, C2:99.76%, C3:99.93%, C4:99.96%, C5:99.90%, C6:99.98%, C7:99.97%, C8:99.98%, C9:99.89%] ---

--- global epoch 55/60 ---
--- At epoch 55, learning rate decays to 0.001679 ---
--- client 0 in epoch 55 [aggregation then communication] ---
--- client 1 in epoch 55 [aggregation then communication] ---
--- client 2 in epoch 55 [aggregation then communication] ---
--- client 3 in epoch 55 [aggregation then communication] ---
--- client 4 in epoch 55 [aggregation then communication] ---
--- client 5 in epoch 55 [aggregation then communication] ---
--- client 6 in epoch 55 [aggregation then communication] ---
--- client 7 in epoch 55 [aggregation then communication] ---
--- client 8 in epoch 55 [aggregation then communication] ------ client 9 in epoch 55 [aggregation then communication] ---

--- global epoch 55: global acc = 90.96% ---
--- local epoch 55: local acc = [C0:100.00%, C1:99.85%, C2:99.95%, C3:99.81%, C4:99.84%, C5:99.93%, C6:99.98%, C7:99.95%, C8:99.94%, C9:99.96%] ---

--- global epoch 56/60 ---
--- At epoch 56, learning rate decays to 0.001646 ---
--- client 0 in epoch 56 [aggregation then communication] ---
--- client 1 in epoch 56 [aggregation then communication] ---
--- client 2 in epoch 56 [aggregation then communication] ---
--- client 3 in epoch 56 [aggregation then communication] ---
--- client 4 in epoch 56 [aggregation then communication] ---
--- client 5 in epoch 56 [aggregation then communication] ---
--- client 6 in epoch 56 [aggregation then communication] ---
--- client 7 in epoch 56 [aggregation then communication] ---
--- client 8 in epoch 56 [aggregation then communication] ---
--- client 9 in epoch 56 [aggregation then communication] ---
--- global epoch 56: global acc = 90.78% ---
--- local epoch 56: local acc = [C0:99.90%, C1:99.92%, C2:99.88%, C3:99.98%, C4:99.96%, C5:99.92%, C6:99.85%, C7:99.93%, C8:99.93%, C9:99.92%] ---

--- global epoch 57/60 ---
--- At epoch 57, learning rate decays to 0.001613 ---
--- client 0 in epoch 57 [aggregation then communication] ---
--- client 1 in epoch 57 [aggregation then communication] ---
--- client 2 in epoch 57 [aggregation then communication] ---
--- client 3 in epoch 57 [aggregation then communication] ---
--- client 4 in epoch 57 [aggregation then communication] ---
--- client 5 in epoch 57 [aggregation then communication] ---
--- client 6 in epoch 57 [aggregation then communication] ---
--- client 7 in epoch 57 [aggregation then communication] ---
--- client 8 in epoch 57 [aggregation then communication] ---
--- client 9 in epoch 57 [aggregation then communication] ---
--- global epoch 57: global acc = 91.09% ---
--- local epoch 57: local acc = [C0:99.86%, C1:99.97%, C2:99.96%, C3:99.93%, C4:99.97%, C5:99.93%, C6:99.98%, C7:99.91%, C8:99.97%, C9:99.95%] ---

--- global epoch 58/60 ---
--- At epoch 58, learning rate decays to 0.001581 ---
--- client 0 in epoch 58 [aggregation then communication] ---
--- client 1 in epoch 58 [aggregation then communication] ---
--- client 2 in epoch 58 [aggregation then communication] ---
--- client 3 in epoch 58 [aggregation then communication] ---
--- client 4 in epoch 58 [aggregation then communication] ---
--- client 5 in epoch 58 [aggregation then communication] ---
--- client 6 in epoch 58 [aggregation then communication] ---
--- client 7 in epoch 58 [aggregation then communication] ---
--- client 8 in epoch 58 [aggregation then communication] ---
--- client 9 in epoch 58 [aggregation then communication] ---
--- global epoch 58: global acc = 91.11% ---
--- local epoch 58: local acc = [C0:99.98%, C1:99.99%, C2:99.96%, C3:99.98%, C4:99.99%, C5:99.94%, C6:99.97%, C7:99.95%, C8:99.95%, C9:99.92%] ---

--- global epoch 59/60 ---
--- At epoch 59, learning rate decays to 0.001549 ---
--- client 0 in epoch 59 [aggregation then communication] ---
--- client 1 in epoch 59 [aggregation then communication] ---
--- client 2 in epoch 59 [aggregation then communication] ---
--- client 3 in epoch 59 [aggregation then communication] ---
--- client 4 in epoch 59 [aggregation then communication] ---
--- client 5 in epoch 59 [aggregation then communication] ---
--- client 6 in epoch 59 [aggregation then communication] ---
--- client 7 in epoch 59 [aggregation then communication] ---
--- client 8 in epoch 59 [aggregation then communication] ---
--- client 9 in epoch 59 [aggregation then communication] ---
--- global epoch 59: global acc = 90.91% ---
--- local epoch 59: local acc = [C0:99.92%, C1:99.98%, C2:99.96%, C3:99.96%, C4:99.96%, C5:99.92%, C6:99.99%, C7:99.99%, C8:99.99%, C9:99.99%] ---

--- global epoch 60/60 ---
--- At epoch 60, learning rate decays to 0.001518 ---
--- client 0 in epoch 60 [aggregation then communication] ---
--- client 1 in epoch 60 [aggregation then communication] ---
--- client 2 in epoch 60 [aggregation then communication] ---
--- client 3 in epoch 60 [aggregation then communication] ---
--- client 4 in epoch 60 [aggregation then communication] ---
--- client 5 in epoch 60 [aggregation then communication] ---
--- client 6 in epoch 60 [aggregation then communication] ---
--- client 7 in epoch 60 [aggregation then communication] ---
--- client 8 in epoch 60 [aggregation then communication] ---
--- client 9 in epoch 60 [aggregation then communication] ---
--- global epoch 60: global acc = 90.89% ---
--- local epoch 60: local acc = [C0:99.97%, C1:99.99%, C2:99.93%, C3:99.99%, C4:99.98%, C5:99.97%, C6:99.98%, C7:99.95%, C8:100.00%, C9:100.00%] ---
Total runtime: 3393.00s (0:56:32)

 saving results
results save in C:\Users\Kong\Desktop\\decentralized_federated_learning-master\decentralized_federated_learning-master\res\clients_10-epochs_5-20250919_061547.json
