client 0 initial number of neighbors: 9
client 1 initial number of neighbors: 9
client 2 initial number of neighbors: 9
client 3 initial number of neighbors: 9
client 4 initial number of neighbors: 9
client 5 initial number of neighbors: 9
client 6 initial number of neighbors: 9
client 7 initial number of neighbors: 9
client 8 initial number of neighbors: 9
client 9 initial number of neighbors: 9

 training begins! (epoch-by-epoch parallel mode with global evaluation)

--- global epoch 1/60 ---
--- client 0 in epoch 1 [aggregation then communication] ---
--- client 1 in epoch 1 [aggregation then communication] ---
--- client 2 in epoch 1 [aggregation then communication] ------ client 3 in epoch 1 [aggregation then communication] ---

--- client 4 in epoch 1 [aggregation then communication] ---
--- client 5 in epoch 1 [aggregation then communication] ---
--- client 6 in epoch 1 [aggregation then communication] ---
--- client 7 in epoch 1 [aggregation then communication] ---
--- client 8 in epoch 1 [aggregation then communication] ---
--- client 9 in epoch 1 [aggregation then communication] ---
--- global epoch 1: global acc = 10.00% ---
--- local epoch 1: local acc = [C0:70.58%, C1:70.93%, C2:71.25%, C3:70.92%, C4:70.03%, C5:69.58%, C6:71.28%, C7:72.60%, C8:70.67%, C9:71.76%] ---

--- global epoch 2/60 ---
--- At epoch 2, learning rate decays to 0.049000 ---
--- client 0 in epoch 2 [aggregation then communication] ---
--- client 1 in epoch 2 [aggregation then communication] ---
--- client 2 in epoch 2 [aggregation then communication] ---
--- client 3 in epoch 2 [aggregation then communication] ---
--- client 4 in epoch 2 [aggregation then communication] ---
--- client 5 in epoch 2 [aggregation then communication] ---
--- client 6 in epoch 2 [aggregation then communication] ---
--- client 7 in epoch 2 [aggregation then communication] ---
--- client 8 in epoch 2 [aggregation then communication] ---
--- client 9 in epoch 2 [aggregation then communication] ---
--- global epoch 2: global acc = 18.84% ---
--- local epoch 2: local acc = [C0:79.67%, C1:79.53%, C2:79.39%, C3:77.26%, C4:78.43%, C5:80.08%, C6:79.25%, C7:78.17%, C8:79.21%, C9:86.76%] ---

--- global epoch 3/60 ---
--- At epoch 3, learning rate decays to 0.048020 ---
--- client 0 in epoch 3 [aggregation then communication] ---
--- client 1 in epoch 3 [aggregation then communication] ---
--- client 2 in epoch 3 [aggregation then communication] ---
--- client 3 in epoch 3 [aggregation then communication] ---
--- client 4 in epoch 3 [aggregation then communication] ---
--- client 5 in epoch 3 [aggregation then communication] ---
--- client 6 in epoch 3 [aggregation then communication] ---
--- client 7 in epoch 3 [aggregation then communication] ---
--- client 8 in epoch 3 [aggregation then communication] ---
--- client 9 in epoch 3 [aggregation then communication] ---
--- global epoch 3: global acc = 42.40% ---
--- local epoch 3: local acc = [C0:82.23%, C1:83.38%, C2:82.64%, C3:82.13%, C4:82.27%, C5:82.95%, C6:82.32%, C7:82.62%, C8:82.46%, C9:82.29%] ---

--- global epoch 4/60 ---
--- At epoch 4, learning rate decays to 0.047060 ---
--- client 0 in epoch 4 [aggregation then communication] ---
--- client 1 in epoch 4 [aggregation then communication] ---
--- client 2 in epoch 4 [aggregation then communication] ---
--- client 3 in epoch 4 [aggregation then communication] ---
--- client 4 in epoch 4 [aggregation then communication] ---
--- client 5 in epoch 4 [aggregation then communication] ---
--- client 6 in epoch 4 [aggregation then communication] ---
--- client 7 in epoch 4 [aggregation then communication] ------ client 8 in epoch 4 [aggregation then communication] ---

--- client 9 in epoch 4 [aggregation then communication] ---
--- global epoch 4: global acc = 74.74% ---
--- local epoch 4: local acc = [C0:85.22%, C1:86.26%, C2:85.88%, C3:85.28%, C4:85.48%, C5:86.89%, C6:85.62%, C7:85.58%, C8:86.06%, C9:86.65%] ---

--- global epoch 5/60 ---
--- At epoch 5, learning rate decays to 0.046118 ---
--- client 0 in epoch 5 [aggregation then communication] ---
--- client 1 in epoch 5 [aggregation then communication] ---
--- client 2 in epoch 5 [aggregation then communication] ---
--- client 3 in epoch 5 [aggregation then communication] ---
--- client 4 in epoch 5 [aggregation then communication] ---
--- client 5 in epoch 5 [aggregation then communication] ---
--- client 6 in epoch 5 [aggregation then communication] ---
--- client 7 in epoch 5 [aggregation then communication] ---
--- client 8 in epoch 5 [aggregation then communication] ---
--- client 9 in epoch 5 [aggregation then communication] ---
--- global epoch 5: global acc = 84.74% ---
--- local epoch 5: local acc = [C0:87.42%, C1:88.03%, C2:87.42%, C3:87.24%, C4:87.08%, C5:87.86%, C6:87.70%, C7:87.65%, C8:86.70%, C9:87.71%] ---

--- global epoch 6/60 ---
--- At epoch 6, learning rate decays to 0.045196 ---
--- client 0 in epoch 6 [aggregation then communication] ---
--- client 1 in epoch 6 [aggregation then communication] ---
--- client 2 in epoch 6 [aggregation then communication] ---
--- client 3 in epoch 6 [aggregation then communication] ---
--- client 4 in epoch 6 [aggregation then communication] ---
--- client 5 in epoch 6 [aggregation then communication] ---
--- client 6 in epoch 6 [aggregation then communication] ---
--- client 7 in epoch 6 [aggregation then communication] ---
--- client 8 in epoch 6 [aggregation then communication] ---
--- client 9 in epoch 6 [aggregation then communication] ---
--- global epoch 6: global acc = 84.72% ---
--- local epoch 6: local acc = [C0:91.79%, C1:89.36%, C2:88.59%, C3:88.01%, C4:88.72%, C5:89.03%, C6:88.62%, C7:88.62%, C8:88.15%, C9:88.84%] ---

--- global epoch 7/60 ---
--- At epoch 7, learning rate decays to 0.044292 ---
--- client 0 in epoch 7 [aggregation then communication] ---
--- client 1 in epoch 7 [aggregation then communication] ---
--- client 2 in epoch 7 [aggregation then communication] ---
--- client 3 in epoch 7 [aggregation then communication] ---
--- client 4 in epoch 7 [aggregation then communication] ---
--- client 5 in epoch 7 [aggregation then communication] ---
--- client 6 in epoch 7 [aggregation then communication] ---
--- client 7 in epoch 7 [aggregation then communication] ---
--- client 8 in epoch 7 [aggregation then communication] ---
--- client 9 in epoch 7 [aggregation then communication] ---
--- global epoch 7: global acc = 87.82% ---
--- local epoch 7: local acc = [C0:89.28%, C1:90.24%, C2:89.63%, C3:88.99%, C4:89.35%, C5:90.58%, C6:90.29%, C7:89.84%, C8:88.98%, C9:90.11%] ---

--- global epoch 8/60 ---
--- At epoch 8, learning rate decays to 0.043406 ---
--- client 0 in epoch 8 [aggregation then communication] ---
--- client 1 in epoch 8 [aggregation then communication] ---
--- client 2 in epoch 8 [aggregation then communication] ---
--- client 3 in epoch 8 [aggregation then communication] ---
--- client 4 in epoch 8 [aggregation then communication] ---
--- client 5 in epoch 8 [aggregation then communication] ---
--- client 6 in epoch 8 [aggregation then communication] ---
--- client 7 in epoch 8 [aggregation then communication] ---
--- client 8 in epoch 8 [aggregation then communication] ---
--- client 9 in epoch 8 [aggregation then communication] ---
--- global epoch 8: global acc = 88.52% ---
--- local epoch 8: local acc = [C0:90.40%, C1:91.36%, C2:89.98%, C3:89.85%, C4:90.40%, C5:90.88%, C6:90.23%, C7:90.88%, C8:90.21%, C9:90.35%] ---

--- global epoch 9/60 ---
--- At epoch 9, learning rate decays to 0.042538 ---
--- client 0 in epoch 9 [aggregation then communication] ---
--- client 1 in epoch 9 [aggregation then communication] ---
--- client 2 in epoch 9 [aggregation then communication] ---
--- client 3 in epoch 9 [aggregation then communication] ---
--- client 4 in epoch 9 [aggregation then communication] ---
--- client 5 in epoch 9 [aggregation then communication] ---
--- client 6 in epoch 9 [aggregation then communication] ---
--- client 7 in epoch 9 [aggregation then communication] ---
--- client 8 in epoch 9 [aggregation then communication] ---
--- client 9 in epoch 9 [aggregation then communication] ---
--- global epoch 9: global acc = 87.53% ---
--- local epoch 9: local acc = [C0:91.25%, C1:91.34%, C2:91.36%, C3:90.14%, C4:90.96%, C5:91.11%, C6:91.28%, C7:91.00%, C8:90.97%, C9:90.93%] ---

--- global epoch 10/60 ---
--- At epoch 10, learning rate decays to 0.041687 ---
--- client 0 in epoch 10 [aggregation then communication] ---
--- client 1 in epoch 10 [aggregation then communication] ---
--- client 2 in epoch 10 [aggregation then communication] ---
--- client 3 in epoch 10 [aggregation then communication] ---
--- client 4 in epoch 10 [aggregation then communication] ---
--- client 5 in epoch 10 [aggregation then communication] ---
--- client 6 in epoch 10 [aggregation then communication] ---
--- client 7 in epoch 10 [aggregation then communication] ---
--- client 8 in epoch 10 [aggregation then communication] ---
--- client 9 in epoch 10 [aggregation then communication] ---
--- global epoch 10: global acc = 88.34% ---
--- local epoch 10: local acc = [C0:91.74%, C1:92.10%, C2:91.15%, C3:91.12%, C4:91.10%, C5:91.97%, C6:91.72%, C7:91.58%, C8:91.31%, C9:91.46%] ---

--- global epoch 11/60 ---
--- At epoch 11, learning rate decays to 0.040854 ---
--- client 0 in epoch 11 [aggregation then communication] ---
--- client 1 in epoch 11 [aggregation then communication] ---
--- client 2 in epoch 11 [aggregation then communication] ---
--- client 3 in epoch 11 [aggregation then communication] ---
--- client 4 in epoch 11 [aggregation then communication] ---
--- client 5 in epoch 11 [aggregation then communication] ---
--- client 6 in epoch 11 [aggregation then communication] ---
--- client 7 in epoch 11 [aggregation then communication] ---
--- client 8 in epoch 11 [aggregation then communication] ---
--- client 9 in epoch 11 [aggregation then communication] ---
--- global epoch 11: global acc = 87.47% ---
--- local epoch 11: local acc = [C0:92.80%, C1:92.87%, C2:91.98%, C3:91.80%, C4:91.49%, C5:93.14%, C6:92.83%, C7:92.24%, C8:92.21%, C9:91.98%] ---

--- global epoch 12/60 ---
--- At epoch 12, learning rate decays to 0.040037 ---
--- client 0 in epoch 12 [aggregation then communication] ---
--- client 1 in epoch 12 [aggregation then communication] ---
--- client 2 in epoch 12 [aggregation then communication] ---
--- client 3 in epoch 12 [aggregation then communication] ---
--- client 4 in epoch 12 [aggregation then communication] ---
--- client 5 in epoch 12 [aggregation then communication] ---
--- client 6 in epoch 12 [aggregation then communication] ---
--- client 7 in epoch 12 [aggregation then communication] ---
--- client 8 in epoch 12 [aggregation then communication] ---
--- client 9 in epoch 12 [aggregation then communication] ---
--- global epoch 12: global acc = 87.77% ---
--- local epoch 12: local acc = [C0:93.15%, C1:93.02%, C2:92.33%, C3:92.39%, C4:91.80%, C5:92.49%, C6:92.53%, C7:92.47%, C8:92.41%, C9:92.94%] ---

--- global epoch 13/60 ---
--- At epoch 13, learning rate decays to 0.039236 ---
--- client 0 in epoch 13 [aggregation then communication] ---
--- client 1 in epoch 13 [aggregation then communication] ---
--- client 2 in epoch 13 [aggregation then communication] ---
--- client 3 in epoch 13 [aggregation then communication] ---
--- client 4 in epoch 13 [aggregation then communication] ---
--- client 5 in epoch 13 [aggregation then communication] ---
--- client 6 in epoch 13 [aggregation then communication] ---
--- client 7 in epoch 13 [aggregation then communication] ---
--- client 8 in epoch 13 [aggregation then communication] ---
--- client 9 in epoch 13 [aggregation then communication] ---
--- global epoch 13: global acc = 88.87% ---
--- local epoch 13: local acc = [C0:93.73%, C1:93.51%, C2:93.40%, C3:92.92%, C4:92.38%, C5:92.83%, C6:93.16%, C7:94.51%, C8:93.07%, C9:92.96%] ---

--- global epoch 14/60 ---
--- At epoch 14, learning rate decays to 0.038451 ---
--- client 0 in epoch 14 [aggregation then communication] ---
--- client 1 in epoch 14 [aggregation then communication] ---
--- client 2 in epoch 14 [aggregation then communication] ---
--- client 3 in epoch 14 [aggregation then communication] ---
--- client 4 in epoch 14 [aggregation then communication] ---
--- client 5 in epoch 14 [aggregation then communication] ---
--- client 6 in epoch 14 [aggregation then communication] ---
--- client 7 in epoch 14 [aggregation then communication] ---
--- client 8 in epoch 14 [aggregation then communication] ---
--- client 9 in epoch 14 [aggregation then communication] ---
--- global epoch 14: global acc = 88.47% ---
--- local epoch 14: local acc = [C0:93.44%, C1:93.71%, C2:92.89%, C3:93.24%, C4:93.73%, C5:93.47%, C6:93.47%, C7:93.29%, C8:93.77%, C9:94.02%] ---

--- global epoch 15/60 ---
--- At epoch 15, learning rate decays to 0.037682 ---
--- client 0 in epoch 15 [aggregation then communication] ---
--- client 1 in epoch 15 [aggregation then communication] ---
--- client 2 in epoch 15 [aggregation then communication] ---
--- client 3 in epoch 15 [aggregation then communication] ---
--- client 4 in epoch 15 [aggregation then communication] ---
--- client 5 in epoch 15 [aggregation then communication] ---
--- client 6 in epoch 15 [aggregation then communication] ---
--- client 7 in epoch 15 [aggregation then communication] ---
--- client 8 in epoch 15 [aggregation then communication] ---
--- client 9 in epoch 15 [aggregation then communication] ---
--- global epoch 15: global acc = 88.35% ---
--- local epoch 15: local acc = [C0:94.33%, C1:94.97%, C2:94.31%, C3:93.92%, C4:93.47%, C5:94.26%, C6:93.83%, C7:94.03%, C8:93.84%, C9:94.08%] ---

--- global epoch 16/60 ---
--- At epoch 16, learning rate decays to 0.036928 ---
--- client 0 in epoch 16 [aggregation then communication] ---
--- client 1 in epoch 16 [aggregation then communication] ---
--- client 2 in epoch 16 [aggregation then communication] ---
--- client 3 in epoch 16 [aggregation then communication] ---
--- client 4 in epoch 16 [aggregation then communication] ---
--- client 5 in epoch 16 [aggregation then communication] ---
--- client 6 in epoch 16 [aggregation then communication] ---
--- client 7 in epoch 16 [aggregation then communication] ---
--- client 8 in epoch 16 [aggregation then communication] ---
--- client 9 in epoch 16 [aggregation then communication] ---
--- global epoch 16: global acc = 89.60% ---
--- local epoch 16: local acc = [C0:94.79%, C1:94.00%, C2:94.42%, C3:94.33%, C4:93.43%, C5:94.38%, C6:94.21%, C7:94.29%, C8:94.36%, C9:94.37%] ---

--- global epoch 17/60 ---
--- At epoch 17, learning rate decays to 0.036190 ---
--- client 0 in epoch 17 [aggregation then communication] ---
--- client 1 in epoch 17 [aggregation then communication] ---
--- client 2 in epoch 17 [aggregation then communication] ---
--- client 3 in epoch 17 [aggregation then communication] ---
--- client 4 in epoch 17 [aggregation then communication] ---
--- client 5 in epoch 17 [aggregation then communication] ---
--- client 6 in epoch 17 [aggregation then communication] ---
--- client 7 in epoch 17 [aggregation then communication] ---
--- client 8 in epoch 17 [aggregation then communication] ---
--- client 9 in epoch 17 [aggregation then communication] ---
--- global epoch 17: global acc = 89.88% ---
--- local epoch 17: local acc = [C0:95.22%, C1:94.31%, C2:94.78%, C3:94.58%, C4:93.58%, C5:94.88%, C6:94.12%, C7:94.01%, C8:95.37%, C9:94.78%] ---

--- global epoch 18/60 ---
--- At epoch 18, learning rate decays to 0.035466 ---
--- client 0 in epoch 18 [aggregation then communication] ---
--- client 1 in epoch 18 [aggregation then communication] ---
--- client 2 in epoch 18 [aggregation then communication] ---
--- client 3 in epoch 18 [aggregation then communication] ---
--- client 4 in epoch 18 [aggregation then communication] ---
--- client 5 in epoch 18 [aggregation then communication] ---
--- client 6 in epoch 18 [aggregation then communication] ---
--- client 7 in epoch 18 [aggregation then communication] ---
--- client 8 in epoch 18 [aggregation then communication] ---
--- client 9 in epoch 18 [aggregation then communication] ---
--- global epoch 18: global acc = 89.61% ---
--- local epoch 18: local acc = [C0:95.10%, C1:95.08%, C2:94.10%, C3:94.89%, C4:94.08%, C5:95.46%, C6:94.47%, C7:95.68%, C8:94.92%, C9:94.63%] ---

--- global epoch 19/60 ---
--- At epoch 19, learning rate decays to 0.034757 ---
--- client 0 in epoch 19 [aggregation then communication] ---
--- client 1 in epoch 19 [aggregation then communication] ---
--- client 2 in epoch 19 [aggregation then communication] ---
--- client 3 in epoch 19 [aggregation then communication] ---
--- client 4 in epoch 19 [aggregation then communication] ---
--- client 5 in epoch 19 [aggregation then communication] ---
--- client 6 in epoch 19 [aggregation then communication] ---
--- client 7 in epoch 19 [aggregation then communication] ---
--- client 8 in epoch 19 [aggregation then communication] ---
--- client 9 in epoch 19 [aggregation then communication] ---
--- global epoch 19: global acc = 90.51% ---
--- local epoch 19: local acc = [C0:95.65%, C1:95.36%, C2:94.88%, C3:95.33%, C4:94.79%, C5:95.02%, C6:94.61%, C7:95.32%, C8:95.92%, C9:95.86%] ---

--- global epoch 20/60 ---
--- At epoch 20, learning rate decays to 0.034062 ---
--- client 0 in epoch 20 [aggregation then communication] ---
--- client 1 in epoch 20 [aggregation then communication] ---
--- client 2 in epoch 20 [aggregation then communication] ---
--- client 3 in epoch 20 [aggregation then communication] ---
--- client 4 in epoch 20 [aggregation then communication] ---
--- client 5 in epoch 20 [aggregation then communication] ---
--- client 6 in epoch 20 [aggregation then communication] ---
--- client 7 in epoch 20 [aggregation then communication] ---
--- client 8 in epoch 20 [aggregation then communication] ------ client 9 in epoch 20 [aggregation then communication] ---

--- global epoch 20: global acc = 88.56% ---
--- local epoch 20: local acc = [C0:98.33%, C1:95.01%, C2:94.87%, C3:94.76%, C4:95.03%, C5:95.34%, C6:95.29%, C7:95.79%, C8:95.83%, C9:95.76%] ---

--- global epoch 21/60 ---
--- At epoch 21, learning rate decays to 0.033380 ---
--- client 0 in epoch 21 [aggregation then communication] ---
--- client 1 in epoch 21 [aggregation then communication] ---
--- client 2 in epoch 21 [aggregation then communication] ---
--- client 3 in epoch 21 [aggregation then communication] ---
--- client 4 in epoch 21 [aggregation then communication] ---
--- client 5 in epoch 21 [aggregation then communication] ---
--- client 6 in epoch 21 [aggregation then communication] ---
--- client 7 in epoch 21 [aggregation then communication] ---
--- client 8 in epoch 21 [aggregation then communication] ---
--- client 9 in epoch 21 [aggregation then communication] ---
--- global epoch 21: global acc = 89.59% ---
--- local epoch 21: local acc = [C0:95.86%, C1:95.47%, C2:95.20%, C3:95.97%, C4:95.06%, C5:96.26%, C6:95.43%, C7:96.08%, C8:95.64%, C9:95.87%] ---

--- global epoch 22/60 ---
--- At epoch 22, learning rate decays to 0.032713 ---
--- client 0 in epoch 22 [aggregation then communication] ---
--- client 1 in epoch 22 [aggregation then communication] ---
--- client 2 in epoch 22 [aggregation then communication] ---
--- client 3 in epoch 22 [aggregation then communication] ---
--- client 4 in epoch 22 [aggregation then communication] ---
--- client 5 in epoch 22 [aggregation then communication] ---
--- client 6 in epoch 22 [aggregation then communication] ---
--- client 7 in epoch 22 [aggregation then communication] ---
--- client 8 in epoch 22 [aggregation then communication] ---
--- client 9 in epoch 22 [aggregation then communication] ---
--- global epoch 22: global acc = 89.62% ---
--- local epoch 22: local acc = [C0:96.30%, C1:96.14%, C2:95.48%, C3:96.07%, C4:95.52%, C5:96.16%, C6:95.89%, C7:95.93%, C8:95.71%, C9:95.88%] ---

--- global epoch 23/60 ---
--- At epoch 23, learning rate decays to 0.032059 ---
--- client 0 in epoch 23 [aggregation then communication] ---
--- client 1 in epoch 23 [aggregation then communication] ---
--- client 2 in epoch 23 [aggregation then communication] ---
--- client 3 in epoch 23 [aggregation then communication] ---
--- client 4 in epoch 23 [aggregation then communication] ---
--- client 5 in epoch 23 [aggregation then communication] ---
--- client 6 in epoch 23 [aggregation then communication] ---
--- client 7 in epoch 23 [aggregation then communication] ---
--- client 8 in epoch 23 [aggregation then communication] ---
--- client 9 in epoch 23 [aggregation then communication] ---
--- global epoch 23: global acc = 89.70% ---
--- local epoch 23: local acc = [C0:98.43%, C1:96.62%, C2:95.61%, C3:95.99%, C4:95.38%, C5:96.21%, C6:95.47%, C7:96.30%, C8:96.84%, C9:96.45%] ---

--- global epoch 24/60 ---
--- At epoch 24, learning rate decays to 0.031417 ---
--- client 0 in epoch 24 [aggregation then communication] ---
--- client 1 in epoch 24 [aggregation then communication] ---
--- client 2 in epoch 24 [aggregation then communication] ---
--- client 3 in epoch 24 [aggregation then communication] ---
--- client 4 in epoch 24 [aggregation then communication] ---
--- client 5 in epoch 24 [aggregation then communication] ---
--- client 6 in epoch 24 [aggregation then communication] ---
--- client 7 in epoch 24 [aggregation then communication] ---
--- client 8 in epoch 24 [aggregation then communication] ---
--- client 9 in epoch 24 [aggregation then communication] ---
--- global epoch 24: global acc = 90.24% ---
--- local epoch 24: local acc = [C0:97.04%, C1:96.79%, C2:96.75%, C3:96.53%, C4:96.05%, C5:96.79%, C6:96.18%, C7:97.16%, C8:96.32%, C9:97.05%] ---

--- global epoch 25/60 ---
--- At epoch 25, learning rate decays to 0.030789 ---
--- client 0 in epoch 25 [aggregation then communication] ---
--- client 1 in epoch 25 [aggregation then communication] ---
--- client 2 in epoch 25 [aggregation then communication] ---
--- client 3 in epoch 25 [aggregation then communication] ---
--- client 4 in epoch 25 [aggregation then communication] ---
--- client 5 in epoch 25 [aggregation then communication] ---
--- client 6 in epoch 25 [aggregation then communication] ---
--- client 7 in epoch 25 [aggregation then communication] ---
--- client 8 in epoch 25 [aggregation then communication] ---
--- client 9 in epoch 25 [aggregation then communication] ---
--- global epoch 25: global acc = 90.60% ---
--- local epoch 25: local acc = [C0:97.07%, C1:99.04%, C2:96.20%, C3:97.12%, C4:96.82%, C5:96.98%, C6:95.72%, C7:96.92%, C8:96.61%, C9:97.74%] ---

--- global epoch 26/60 ---
--- At epoch 26, learning rate decays to 0.030173 ---
--- client 0 in epoch 26 [aggregation then communication] ---
--- client 1 in epoch 26 [aggregation then communication] ---
--- client 2 in epoch 26 [aggregation then communication] ---
--- client 3 in epoch 26 [aggregation then communication] ---
--- client 4 in epoch 26 [aggregation then communication] ---
--- client 5 in epoch 26 [aggregation then communication] ---
--- client 6 in epoch 26 [aggregation then communication] ---
--- client 7 in epoch 26 [aggregation then communication] ---
--- client 8 in epoch 26 [aggregation then communication] ---
--- client 9 in epoch 26 [aggregation then communication] ---
--- global epoch 26: global acc = 90.34% ---
--- local epoch 26: local acc = [C0:97.27%, C1:96.29%, C2:97.45%, C3:96.88%, C4:95.76%, C5:97.28%, C6:96.26%, C7:97.08%, C8:97.21%, C9:96.73%] ---

--- global epoch 27/60 ---
--- At epoch 27, learning rate decays to 0.029570 ---
--- client 0 in epoch 27 [aggregation then communication] ---
--- client 1 in epoch 27 [aggregation then communication] ---
--- client 2 in epoch 27 [aggregation then communication] ---
--- client 3 in epoch 27 [aggregation then communication] ---
--- client 4 in epoch 27 [aggregation then communication] ---
--- client 5 in epoch 27 [aggregation then communication] ---
--- client 6 in epoch 27 [aggregation then communication] ---
--- client 7 in epoch 27 [aggregation then communication] ---
--- client 8 in epoch 27 [aggregation then communication] ---
--- client 9 in epoch 27 [aggregation then communication] ---
--- global epoch 27: global acc = 90.49% ---
--- local epoch 27: local acc = [C0:97.45%, C1:97.02%, C2:96.41%, C3:97.70%, C4:96.22%, C5:97.20%, C6:96.67%, C7:97.08%, C8:97.17%, C9:97.37%] ---

--- global epoch 28/60 ---
--- At epoch 28, learning rate decays to 0.028978 ---
--- client 0 in epoch 28 [aggregation then communication] ---
--- client 1 in epoch 28 [aggregation then communication] ---
--- client 2 in epoch 28 [aggregation then communication] ---
--- client 3 in epoch 28 [aggregation then communication] ---
--- client 4 in epoch 28 [aggregation then communication] ---
--- client 5 in epoch 28 [aggregation then communication] ---
--- client 6 in epoch 28 [aggregation then communication] ---
--- client 7 in epoch 28 [aggregation then communication] ---
--- client 8 in epoch 28 [aggregation then communication] ---
--- client 9 in epoch 28 [aggregation then communication] ---
--- global epoch 28: global acc = 90.80% ---
--- local epoch 28: local acc = [C0:97.27%, C1:97.67%, C2:96.63%, C3:98.06%, C4:96.65%, C5:97.65%, C6:96.72%, C7:97.93%, C8:97.08%, C9:97.53%] ---

--- global epoch 29/60 ---
--- At epoch 29, learning rate decays to 0.028399 ---
--- client 0 in epoch 29 [aggregation then communication] ---
--- client 1 in epoch 29 [aggregation then communication] ---
--- client 2 in epoch 29 [aggregation then communication] ---
--- client 3 in epoch 29 [aggregation then communication] ---
--- client 4 in epoch 29 [aggregation then communication] ---
--- client 5 in epoch 29 [aggregation then communication] ---
--- client 6 in epoch 29 [aggregation then communication] ---
--- client 7 in epoch 29 [aggregation then communication] ---
--- client 8 in epoch 29 [aggregation then communication] ---
--- client 9 in epoch 29 [aggregation then communication] ---
--- global epoch 29: global acc = 90.39% ---
--- local epoch 29: local acc = [C0:97.67%, C1:98.21%, C2:97.17%, C3:97.47%, C4:97.92%, C5:97.68%, C6:97.47%, C7:97.78%, C8:97.28%, C9:97.67%] ---

--- global epoch 30/60 ---
--- At epoch 30, learning rate decays to 0.027831 ---
--- client 0 in epoch 30 [aggregation then communication] ---
--- client 1 in epoch 30 [aggregation then communication] ---
--- client 2 in epoch 30 [aggregation then communication] ---
--- client 3 in epoch 30 [aggregation then communication] ---
--- client 4 in epoch 30 [aggregation then communication] ---
--- client 5 in epoch 30 [aggregation then communication] ---
--- client 6 in epoch 30 [aggregation then communication] ---
--- client 7 in epoch 30 [aggregation then communication] ---
--- client 8 in epoch 30 [aggregation then communication] ---
--- client 9 in epoch 30 [aggregation then communication] ---
--- global epoch 30: global acc = 89.95% ---
--- local epoch 30: local acc = [C0:98.21%, C1:97.54%, C2:96.74%, C3:98.12%, C4:96.79%, C5:97.61%, C6:97.48%, C7:97.94%, C8:97.53%, C9:97.58%] ---

--- global epoch 31/60 ---
--- At epoch 31, learning rate decays to 0.027274 ---
--- client 0 in epoch 31 [aggregation then communication] ---
--- client 1 in epoch 31 [aggregation then communication] ---
--- client 2 in epoch 31 [aggregation then communication] ---
--- client 3 in epoch 31 [aggregation then communication] ---
--- client 4 in epoch 31 [aggregation then communication] ---
--- client 5 in epoch 31 [aggregation then communication] ---
--- client 6 in epoch 31 [aggregation then communication] ---
--- client 7 in epoch 31 [aggregation then communication] ---
--- client 8 in epoch 31 [aggregation then communication] ---
--- client 9 in epoch 31 [aggregation then communication] ---
--- global epoch 31: global acc = 90.56% ---
--- local epoch 31: local acc = [C0:97.88%, C1:98.15%, C2:97.48%, C3:97.73%, C4:97.33%, C5:97.73%, C6:97.51%, C7:98.59%, C8:97.49%, C9:97.86%] ---

--- global epoch 32/60 ---
--- At epoch 32, learning rate decays to 0.026729 ---
--- client 0 in epoch 32 [aggregation then communication] ---
--- client 1 in epoch 32 [aggregation then communication] ---
--- client 2 in epoch 32 [aggregation then communication] ---
--- client 3 in epoch 32 [aggregation then communication] ---
--- client 4 in epoch 32 [aggregation then communication] ---
--- client 5 in epoch 32 [aggregation then communication] ---
--- client 6 in epoch 32 [aggregation then communication] ---
--- client 7 in epoch 32 [aggregation then communication] ---
--- client 8 in epoch 32 [aggregation then communication] ---
--- client 9 in epoch 32 [aggregation then communication] ---
--- global epoch 32: global acc = 90.56% ---
--- local epoch 32: local acc = [C0:98.03%, C1:98.57%, C2:97.83%, C3:98.41%, C4:96.95%, C5:98.12%, C6:97.79%, C7:98.53%, C8:97.50%, C9:98.37%] ---

--- global epoch 33/60 ---
--- At epoch 33, learning rate decays to 0.026194 ---
--- client 0 in epoch 33 [aggregation then communication] ---
--- client 1 in epoch 33 [aggregation then communication] ---
--- client 2 in epoch 33 [aggregation then communication] ---
--- client 3 in epoch 33 [aggregation then communication] ---
--- client 4 in epoch 33 [aggregation then communication] ---
--- client 5 in epoch 33 [aggregation then communication] ---
--- client 6 in epoch 33 [aggregation then communication] ---
--- client 7 in epoch 33 [aggregation then communication] ---
--- client 8 in epoch 33 [aggregation then communication] ---
--- client 9 in epoch 33 [aggregation then communication] ---
--- global epoch 33: global acc = 90.47% ---
--- local epoch 33: local acc = [C0:98.42%, C1:98.47%, C2:98.00%, C3:98.28%, C4:97.31%, C5:98.12%, C6:97.59%, C7:98.56%, C8:97.95%, C9:98.32%] ---

--- global epoch 34/60 ---
--- At epoch 34, learning rate decays to 0.025670 ---
--- client 0 in epoch 34 [aggregation then communication] ---
--- client 1 in epoch 34 [aggregation then communication] ---
--- client 2 in epoch 34 [aggregation then communication] ---
--- client 3 in epoch 34 [aggregation then communication] ---
--- client 4 in epoch 34 [aggregation then communication] ---
--- client 5 in epoch 34 [aggregation then communication] ---
--- client 6 in epoch 34 [aggregation then communication] ---
--- client 7 in epoch 34 [aggregation then communication] ---
--- client 8 in epoch 34 [aggregation then communication] ---
--- client 9 in epoch 34 [aggregation then communication] ---
--- global epoch 34: global acc = 90.66% ---
--- local epoch 34: local acc = [C0:98.71%, C1:98.70%, C2:97.79%, C3:98.47%, C4:97.76%, C5:98.45%, C6:98.31%, C7:98.58%, C8:98.23%, C9:98.46%] ---

--- global epoch 35/60 ---
--- At epoch 35, learning rate decays to 0.025157 ---
--- client 0 in epoch 35 [aggregation then communication] ---
--- client 1 in epoch 35 [aggregation then communication] ---
--- client 2 in epoch 35 [aggregation then communication] ---
--- client 3 in epoch 35 [aggregation then communication] ---
--- client 4 in epoch 35 [aggregation then communication] ---
--- client 5 in epoch 35 [aggregation then communication] ---
--- client 6 in epoch 35 [aggregation then communication] ---
--- client 7 in epoch 35 [aggregation then communication] ---
--- client 8 in epoch 35 [aggregation then communication] ---
--- client 9 in epoch 35 [aggregation then communication] ---
--- global epoch 35: global acc = 90.61% ---
--- local epoch 35: local acc = [C0:98.39%, C1:98.78%, C2:98.13%, C3:98.42%, C4:97.99%, C5:98.62%, C6:98.77%, C7:98.62%, C8:98.36%, C9:98.47%] ---

--- global epoch 36/60 ---
--- At epoch 36, learning rate decays to 0.024654 ---
--- client 0 in epoch 36 [aggregation then communication] ---
--- client 1 in epoch 36 [aggregation then communication] ---
--- client 2 in epoch 36 [aggregation then communication] ---
--- client 3 in epoch 36 [aggregation then communication] ---
--- client 4 in epoch 36 [aggregation then communication] ---
--- client 5 in epoch 36 [aggregation then communication] ---
--- client 6 in epoch 36 [aggregation then communication] ---
--- client 7 in epoch 36 [aggregation then communication] ---
--- client 8 in epoch 36 [aggregation then communication] ---
--- client 9 in epoch 36 [aggregation then communication] ---
--- global epoch 36: global acc = 90.18% ---
--- local epoch 36: local acc = [C0:98.74%, C1:98.90%, C2:98.79%, C3:98.49%, C4:98.27%, C5:99.11%, C6:98.26%, C7:98.97%, C8:98.59%, C9:98.64%] ---

--- global epoch 37/60 ---
--- At epoch 37, learning rate decays to 0.024161 ---
--- client 0 in epoch 37 [aggregation then communication] ---
--- client 1 in epoch 37 [aggregation then communication] ---
--- client 2 in epoch 37 [aggregation then communication] ---
--- client 3 in epoch 37 [aggregation then communication] ---
--- client 4 in epoch 37 [aggregation then communication] ---
--- client 5 in epoch 37 [aggregation then communication] ---
--- client 6 in epoch 37 [aggregation then communication] ---
--- client 7 in epoch 37 [aggregation then communication] ---
--- client 8 in epoch 37 [aggregation then communication] ---
--- client 9 in epoch 37 [aggregation then communication] ---
--- global epoch 37: global acc = 90.72% ---
--- local epoch 37: local acc = [C0:98.52%, C1:98.88%, C2:99.59%, C3:98.63%, C4:98.23%, C5:99.00%, C6:98.79%, C7:98.92%, C8:98.28%, C9:98.84%] ---

--- global epoch 38/60 ---
--- At epoch 38, learning rate decays to 0.023677 ---
--- client 0 in epoch 38 [aggregation then communication] ---
--- client 1 in epoch 38 [aggregation then communication] ---
--- client 2 in epoch 38 [aggregation then communication] ---
--- client 3 in epoch 38 [aggregation then communication] ---
--- client 4 in epoch 38 [aggregation then communication] ---
--- client 5 in epoch 38 [aggregation then communication] ---
--- client 6 in epoch 38 [aggregation then communication] ---
--- client 7 in epoch 38 [aggregation then communication] ---
--- client 8 in epoch 38 [aggregation then communication] ---
--- client 9 in epoch 38 [aggregation then communication] ---
--- global epoch 38: global acc = 89.39% ---
--- local epoch 38: local acc = [C0:98.85%, C1:99.11%, C2:98.10%, C3:98.78%, C4:98.31%, C5:98.79%, C6:97.97%, C7:98.92%, C8:98.47%, C9:98.74%] ---

--- global epoch 39/60 ---
--- At epoch 39, learning rate decays to 0.023204 ---
--- client 0 in epoch 39 [aggregation then communication] ---
--- client 1 in epoch 39 [aggregation then communication] ---
--- client 2 in epoch 39 [aggregation then communication] ---
--- client 3 in epoch 39 [aggregation then communication] ---
--- client 4 in epoch 39 [aggregation then communication] ---
--- client 5 in epoch 39 [aggregation then communication] ---
--- client 6 in epoch 39 [aggregation then communication] ---
--- client 7 in epoch 39 [aggregation then communication] ---
--- client 8 in epoch 39 [aggregation then communication] ---
--- client 9 in epoch 39 [aggregation then communication] ---
--- global epoch 39: global acc = 91.13% ---
--- local epoch 39: local acc = [C0:99.33%, C1:99.01%, C2:99.17%, C3:98.78%, C4:98.60%, C5:99.19%, C6:98.48%, C7:98.90%, C8:99.04%, C9:98.92%] ---

--- global epoch 40/60 ---
--- At epoch 40, learning rate decays to 0.022740 ---
--- client 0 in epoch 40 [aggregation then communication] ---
--- client 1 in epoch 40 [aggregation then communication] ---
--- client 2 in epoch 40 [aggregation then communication] ---
--- client 3 in epoch 40 [aggregation then communication] ---
--- client 4 in epoch 40 [aggregation then communication] ---
--- client 5 in epoch 40 [aggregation then communication] ---
--- client 6 in epoch 40 [aggregation then communication] ---
--- client 7 in epoch 40 [aggregation then communication] ---
--- client 8 in epoch 40 [aggregation then communication] ---
--- client 9 in epoch 40 [aggregation then communication] ---
--- global epoch 40: global acc = 90.90% ---
--- local epoch 40: local acc = [C0:99.34%, C1:99.18%, C2:98.79%, C3:99.39%, C4:99.43%, C5:99.66%, C6:98.51%, C7:98.61%, C8:98.71%, C9:99.22%] ---

--- global epoch 41/60 ---
--- At epoch 41, learning rate decays to 0.022285 ---
--- client 0 in epoch 41 [aggregation then communication] ---
--- client 1 in epoch 41 [aggregation then communication] ---
--- client 2 in epoch 41 [aggregation then communication] ---
--- client 3 in epoch 41 [aggregation then communication] ---
--- client 4 in epoch 41 [aggregation then communication] ---
--- client 5 in epoch 41 [aggregation then communication] ---
--- client 6 in epoch 41 [aggregation then communication] ---
--- client 7 in epoch 41 [aggregation then communication] ---
--- client 8 in epoch 41 [aggregation then communication] ---
--- client 9 in epoch 41 [aggregation then communication] ---
--- global epoch 41: global acc = 90.01% ---
--- local epoch 41: local acc = [C0:99.23%, C1:99.28%, C2:98.53%, C3:99.41%, C4:98.56%, C5:99.47%, C6:99.09%, C7:99.26%, C8:99.36%, C9:98.83%] ---

--- global epoch 42/60 ---
--- At epoch 42, learning rate decays to 0.021839 ---
--- client 0 in epoch 42 [aggregation then communication] ---
--- client 1 in epoch 42 [aggregation then communication] ---
--- client 2 in epoch 42 [aggregation then communication] ---
--- client 3 in epoch 42 [aggregation then communication] ---
--- client 4 in epoch 42 [aggregation then communication] ---
--- client 5 in epoch 42 [aggregation then communication] ---
--- client 6 in epoch 42 [aggregation then communication] ---
--- client 7 in epoch 42 [aggregation then communication] ---
--- client 8 in epoch 42 [aggregation then communication] ---
--- client 9 in epoch 42 [aggregation then communication] ---
--- global epoch 42: global acc = 90.58% ---
--- local epoch 42: local acc = [C0:99.32%, C1:99.51%, C2:98.58%, C3:99.35%, C4:99.15%, C5:99.38%, C6:98.99%, C7:98.98%, C8:99.37%, C9:99.51%] ---

--- global epoch 43/60 ---
--- At epoch 43, learning rate decays to 0.021403 ---
--- client 0 in epoch 43 [aggregation then communication] ---
--- client 1 in epoch 43 [aggregation then communication] ---
--- client 2 in epoch 43 [aggregation then communication] ---
--- client 3 in epoch 43 [aggregation then communication] ---
--- client 4 in epoch 43 [aggregation then communication] ---
--- client 5 in epoch 43 [aggregation then communication] ---
--- client 6 in epoch 43 [aggregation then communication] ---
--- client 7 in epoch 43 [aggregation then communication] ---
--- client 8 in epoch 43 [aggregation then communication] ---
--- client 9 in epoch 43 [aggregation then communication] ---
--- global epoch 43: global acc = 91.09% ---
--- local epoch 43: local acc = [C0:99.45%, C1:99.68%, C2:98.82%, C3:99.65%, C4:99.10%, C5:99.03%, C6:99.20%, C7:98.94%, C8:99.17%, C9:99.07%] ---

--- global epoch 44/60 ---
--- At epoch 44, learning rate decays to 0.020974 ---
--- client 0 in epoch 44 [aggregation then communication] ---
--- client 1 in epoch 44 [aggregation then communication] ---
--- client 2 in epoch 44 [aggregation then communication] ---
--- client 3 in epoch 44 [aggregation then communication] ---
--- client 4 in epoch 44 [aggregation then communication] ---
--- client 5 in epoch 44 [aggregation then communication] ---
--- client 6 in epoch 44 [aggregation then communication] ---
--- client 7 in epoch 44 [aggregation then communication] ---
--- client 8 in epoch 44 [aggregation then communication] ---
--- client 9 in epoch 44 [aggregation then communication] ---
--- global epoch 44: global acc = 90.42% ---
--- local epoch 44: local acc = [C0:99.54%, C1:99.85%, C2:99.31%, C3:99.15%, C4:99.12%, C5:99.15%, C6:98.95%, C7:99.12%, C8:99.33%, C9:99.37%] ---

--- global epoch 45/60 ---
--- At epoch 45, learning rate decays to 0.020555 ---
--- client 0 in epoch 45 [aggregation then communication] ---
--- client 1 in epoch 45 [aggregation then communication] ---
--- client 2 in epoch 45 [aggregation then communication] ---
--- client 3 in epoch 45 [aggregation then communication] ---
--- client 4 in epoch 45 [aggregation then communication] ---
--- client 5 in epoch 45 [aggregation then communication] ---
--- client 6 in epoch 45 [aggregation then communication] ---
--- client 7 in epoch 45 [aggregation then communication] ---
--- client 8 in epoch 45 [aggregation then communication] ---
--- client 9 in epoch 45 [aggregation then communication] ---
--- global epoch 45: global acc = 90.85% ---
--- local epoch 45: local acc = [C0:99.63%, C1:99.63%, C2:99.53%, C3:99.45%, C4:99.72%, C5:99.04%, C6:99.17%, C7:99.38%, C8:99.57%, C9:99.62%] ---

--- global epoch 46/60 ---
--- At epoch 46, learning rate decays to 0.020144 ---
--- client 0 in epoch 46 [aggregation then communication] ---
--- client 1 in epoch 46 [aggregation then communication] ---
--- client 2 in epoch 46 [aggregation then communication] ---
--- client 3 in epoch 46 [aggregation then communication] ---
--- client 4 in epoch 46 [aggregation then communication] ---
--- client 5 in epoch 46 [aggregation then communication] ---
--- client 6 in epoch 46 [aggregation then communication] ---
--- client 7 in epoch 46 [aggregation then communication] ---
--- client 8 in epoch 46 [aggregation then communication] ---
--- client 9 in epoch 46 [aggregation then communication] ---
--- global epoch 46: global acc = 90.84% ---
--- local epoch 46: local acc = [C0:99.47%, C1:99.92%, C2:99.59%, C3:99.67%, C4:99.60%, C5:99.58%, C6:99.16%, C7:99.29%, C8:99.65%, C9:99.52%] ---

--- global epoch 47/60 ---
--- At epoch 47, learning rate decays to 0.019741 ---
--- client 0 in epoch 47 [aggregation then communication] ---
--- client 1 in epoch 47 [aggregation then communication] ---
--- client 2 in epoch 47 [aggregation then communication] ---
--- client 3 in epoch 47 [aggregation then communication] ---
--- client 4 in epoch 47 [aggregation then communication] ---
--- client 5 in epoch 47 [aggregation then communication] ---
--- client 6 in epoch 47 [aggregation then communication] ---
--- client 7 in epoch 47 [aggregation then communication] ---
--- client 8 in epoch 47 [aggregation then communication] ---
--- client 9 in epoch 47 [aggregation then communication] ---
--- global epoch 47: global acc = 91.17% ---
--- local epoch 47: local acc = [C0:99.88%, C1:99.56%, C2:99.70%, C3:99.59%, C4:99.29%, C5:99.38%, C6:99.44%, C7:99.35%, C8:99.44%, C9:99.06%] ---

--- global epoch 48/60 ---
--- At epoch 48, learning rate decays to 0.019346 ---
--- client 0 in epoch 48 [aggregation then communication] ---
--- client 1 in epoch 48 [aggregation then communication] ---
--- client 2 in epoch 48 [aggregation then communication] ---
--- client 3 in epoch 48 [aggregation then communication] ---
--- client 4 in epoch 48 [aggregation then communication] ---
--- client 5 in epoch 48 [aggregation then communication] ---
--- client 6 in epoch 48 [aggregation then communication] ---
--- client 7 in epoch 48 [aggregation then communication] ---
--- client 8 in epoch 48 [aggregation then communication] ---
--- client 9 in epoch 48 [aggregation then communication] ---
--- global epoch 48: global acc = 90.93% ---
--- local epoch 48: local acc = [C0:99.67%, C1:99.69%, C2:99.79%, C3:99.83%, C4:99.37%, C5:99.64%, C6:99.52%, C7:99.65%, C8:99.57%, C9:99.15%] ---

--- global epoch 49/60 ---
--- At epoch 49, learning rate decays to 0.018959 ---
--- client 0 in epoch 49 [aggregation then communication] ---
--- client 1 in epoch 49 [aggregation then communication] ---
--- client 2 in epoch 49 [aggregation then communication] ---
--- client 3 in epoch 49 [aggregation then communication] ---
--- client 4 in epoch 49 [aggregation then communication] ---
--- client 5 in epoch 49 [aggregation then communication] ---
--- client 6 in epoch 49 [aggregation then communication] ---
--- client 7 in epoch 49 [aggregation then communication] ---
--- client 8 in epoch 49 [aggregation then communication] ---
--- client 9 in epoch 49 [aggregation then communication] ---
--- global epoch 49: global acc = 90.88% ---
--- local epoch 49: local acc = [C0:99.54%, C1:99.74%, C2:99.64%, C3:99.71%, C4:99.57%, C5:99.81%, C6:99.82%, C7:99.50%, C8:99.75%, C9:99.74%] ---

--- global epoch 50/60 ---
--- At epoch 50, learning rate decays to 0.018580 ---
--- client 0 in epoch 50 [aggregation then communication] ---
--- client 1 in epoch 50 [aggregation then communication] ---
--- client 2 in epoch 50 [aggregation then communication] ---
--- client 3 in epoch 50 [aggregation then communication] ---
--- client 4 in epoch 50 [aggregation then communication] ---
--- client 5 in epoch 50 [aggregation then communication] ---
--- client 6 in epoch 50 [aggregation then communication] ---
--- client 7 in epoch 50 [aggregation then communication] ---
--- client 8 in epoch 50 [aggregation then communication] ---
--- client 9 in epoch 50 [aggregation then communication] ---
--- global epoch 50: global acc = 90.82% ---
--- local epoch 50: local acc = [C0:99.76%, C1:99.81%, C2:99.97%, C3:99.91%, C4:99.74%, C5:99.62%, C6:99.75%, C7:99.78%, C8:99.24%, C9:99.89%] ---

--- global epoch 51/60 ---
--- At epoch 51, learning rate decays to 0.018208 ---
--- client 0 in epoch 51 [aggregation then communication] ---
--- client 1 in epoch 51 [aggregation then communication] ---
--- client 2 in epoch 51 [aggregation then communication] ---
--- client 3 in epoch 51 [aggregation then communication] ---
--- client 4 in epoch 51 [aggregation then communication] ---
--- client 5 in epoch 51 [aggregation then communication] ---
--- client 6 in epoch 51 [aggregation then communication] ---
--- client 7 in epoch 51 [aggregation then communication] ---
--- client 8 in epoch 51 [aggregation then communication] ---
--- client 9 in epoch 51 [aggregation then communication] ---
--- global epoch 51: global acc = 90.69% ---
--- local epoch 51: local acc = [C0:99.64%, C1:99.67%, C2:99.91%, C3:99.18%, C4:99.48%, C5:99.83%, C6:99.88%, C7:99.68%, C8:99.67%, C9:99.90%] ---

--- global epoch 52/60 ---
--- At epoch 52, learning rate decays to 0.017844 ---
--- client 0 in epoch 52 [aggregation then communication] ---
--- client 1 in epoch 52 [aggregation then communication] ---
--- client 2 in epoch 52 [aggregation then communication] ---
--- client 3 in epoch 52 [aggregation then communication] ---
--- client 4 in epoch 52 [aggregation then communication] ---
--- client 5 in epoch 52 [aggregation then communication] ---
--- client 6 in epoch 52 [aggregation then communication] ---
--- client 7 in epoch 52 [aggregation then communication] ---
--- client 8 in epoch 52 [aggregation then communication] ---
--- client 9 in epoch 52 [aggregation then communication] ---
--- global epoch 52: global acc = 90.76% ---
--- local epoch 52: local acc = [C0:99.43%, C1:99.97%, C2:99.86%, C3:99.93%, C4:99.85%, C5:99.59%, C6:99.84%, C7:99.68%, C8:99.88%, C9:99.85%] ---

--- global epoch 53/60 ---
--- At epoch 53, learning rate decays to 0.017487 ---
--- client 0 in epoch 53 [aggregation then communication] ---
--- client 1 in epoch 53 [aggregation then communication] ---
--- client 2 in epoch 53 [aggregation then communication] ---
--- client 3 in epoch 53 [aggregation then communication] ---
--- client 4 in epoch 53 [aggregation then communication] ---
--- client 5 in epoch 53 [aggregation then communication] ---
--- client 6 in epoch 53 [aggregation then communication] ---
--- client 7 in epoch 53 [aggregation then communication] ---
--- client 8 in epoch 53 [aggregation then communication] ---
--- client 9 in epoch 53 [aggregation then communication] ---
--- global epoch 53: global acc = 90.94% ---
--- local epoch 53: local acc = [C0:99.69%, C1:99.96%, C2:99.90%, C3:99.97%, C4:99.59%, C5:99.98%, C6:99.97%, C7:99.90%, C8:99.68%, C9:99.76%] ---

--- global epoch 54/60 ---
--- At epoch 54, learning rate decays to 0.017138 ---
--- client 0 in epoch 54 [aggregation then communication] ---
--- client 1 in epoch 54 [aggregation then communication] ---
--- client 2 in epoch 54 [aggregation then communication] ---
--- client 3 in epoch 54 [aggregation then communication] ---
--- client 4 in epoch 54 [aggregation then communication] ---
--- client 5 in epoch 54 [aggregation then communication] ---
--- client 6 in epoch 54 [aggregation then communication] ---
--- client 7 in epoch 54 [aggregation then communication] ------ client 8 in epoch 54 [aggregation then communication] ---

--- client 9 in epoch 54 [aggregation then communication] ---
--- global epoch 54: global acc = 90.93% ---
--- local epoch 54: local acc = [C0:99.92%, C1:99.79%, C2:99.37%, C3:100.00%, C4:99.69%, C5:99.77%, C6:99.83%, C7:99.67%, C8:99.99%, C9:99.98%] ---

--- global epoch 55/60 ---
--- At epoch 55, learning rate decays to 0.016795 ---
--- client 0 in epoch 55 [aggregation then communication] ---
--- client 1 in epoch 55 [aggregation then communication] ---
--- client 2 in epoch 55 [aggregation then communication] ---
--- client 3 in epoch 55 [aggregation then communication] ---
--- client 4 in epoch 55 [aggregation then communication] ---
--- client 5 in epoch 55 [aggregation then communication] ---
--- client 6 in epoch 55 [aggregation then communication] ---
--- client 7 in epoch 55 [aggregation then communication] ---
--- client 8 in epoch 55 [aggregation then communication] ---
--- client 9 in epoch 55 [aggregation then communication] ---
--- global epoch 55: global acc = 91.35% ---
--- local epoch 55: local acc = [C0:99.80%, C1:99.88%, C2:99.58%, C3:99.99%, C4:99.94%, C5:99.84%, C6:100.00%, C7:99.78%, C8:99.83%, C9:99.97%] ---

--- global epoch 56/60 ---
--- At epoch 56, learning rate decays to 0.016459 ---
--- client 0 in epoch 56 [aggregation then communication] ---
--- client 1 in epoch 56 [aggregation then communication] ---
--- client 2 in epoch 56 [aggregation then communication] ---
--- client 3 in epoch 56 [aggregation then communication] ---
--- client 4 in epoch 56 [aggregation then communication] ---
--- client 5 in epoch 56 [aggregation then communication] ---
--- client 6 in epoch 56 [aggregation then communication] ---
--- client 7 in epoch 56 [aggregation then communication] ---
--- client 8 in epoch 56 [aggregation then communication] ---
--- client 9 in epoch 56 [aggregation then communication] ---
--- global epoch 56: global acc = 91.54% ---
--- local epoch 56: local acc = [C0:99.97%, C1:99.95%, C2:99.99%, C3:99.87%, C4:99.95%, C5:99.99%, C6:99.92%, C7:99.99%, C8:99.97%, C9:99.90%] ---

--- global epoch 57/60 ---
--- At epoch 57, learning rate decays to 0.016130 ---
--- client 0 in epoch 57 [aggregation then communication] ---
--- client 1 in epoch 57 [aggregation then communication] ---
--- client 2 in epoch 57 [aggregation then communication] ---
--- client 3 in epoch 57 [aggregation then communication] ---
--- client 4 in epoch 57 [aggregation then communication] ---
--- client 5 in epoch 57 [aggregation then communication] ---
--- client 6 in epoch 57 [aggregation then communication] ---
--- client 7 in epoch 57 [aggregation then communication] ---
--- client 8 in epoch 57 [aggregation then communication] ---
--- client 9 in epoch 57 [aggregation then communication] ---
--- global epoch 57: global acc = 91.23% ---
--- local epoch 57: local acc = [C0:99.96%, C1:99.92%, C2:99.93%, C3:99.99%, C4:99.92%, C5:99.98%, C6:99.99%, C7:99.98%, C8:99.82%, C9:99.99%] ---

--- global epoch 58/60 ---
--- At epoch 58, learning rate decays to 0.015807 ---
--- client 0 in epoch 58 [aggregation then communication] ---
--- client 1 in epoch 58 [aggregation then communication] ---
--- client 2 in epoch 58 [aggregation then communication] ---
--- client 3 in epoch 58 [aggregation then communication] ---
--- client 4 in epoch 58 [aggregation then communication] ---
--- client 5 in epoch 58 [aggregation then communication] ---
--- client 6 in epoch 58 [aggregation then communication] ---
--- client 7 in epoch 58 [aggregation then communication] ---
--- client 8 in epoch 58 [aggregation then communication] ---
--- client 9 in epoch 58 [aggregation then communication] ---
--- global epoch 58: global acc = 91.20% ---
--- local epoch 58: local acc = [C0:99.91%, C1:100.00%, C2:100.00%, C3:100.00%, C4:99.99%, C5:99.88%, C6:100.00%, C7:100.00%, C8:100.00%, C9:100.00%] ---

--- global epoch 59/60 ---
--- At epoch 59, learning rate decays to 0.015491 ---
--- client 0 in epoch 59 [aggregation then communication] ---
--- client 1 in epoch 59 [aggregation then communication] ---
--- client 2 in epoch 59 [aggregation then communication] ---
--- client 3 in epoch 59 [aggregation then communication] ---
--- client 4 in epoch 59 [aggregation then communication] ---
--- client 5 in epoch 59 [aggregation then communication] ---
--- client 6 in epoch 59 [aggregation then communication] ---
--- client 7 in epoch 59 [aggregation then communication] ---
--- client 8 in epoch 59 [aggregation then communication] ---
--- client 9 in epoch 59 [aggregation then communication] ---
--- global epoch 59: global acc = 91.11% ---
--- local epoch 59: local acc = [C0:99.92%, C1:99.99%, C2:100.00%, C3:100.00%, C4:100.00%, C5:100.00%, C6:100.00%, C7:100.00%, C8:99.99%, C9:100.00%] ---

--- global epoch 60/60 ---
--- At epoch 60, learning rate decays to 0.015181 ---
--- client 0 in epoch 60 [aggregation then communication] ---
--- client 1 in epoch 60 [aggregation then communication] ---
--- client 2 in epoch 60 [aggregation then communication] ---
--- client 3 in epoch 60 [aggregation then communication] ---
--- client 4 in epoch 60 [aggregation then communication] ---
--- client 5 in epoch 60 [aggregation then communication] ---
--- client 6 in epoch 60 [aggregation then communication] ---
--- client 7 in epoch 60 [aggregation then communication] ---
--- client 8 in epoch 60 [aggregation then communication] ---
--- client 9 in epoch 60 [aggregation then communication] ---
--- global epoch 60: global acc = 91.61% ---
--- local epoch 60: local acc = [C0:100.00%, C1:100.00%, C2:100.00%, C3:100.00%, C4:100.00%, C5:100.00%, C6:100.00%, C7:100.00%, C8:100.00%, C9:100.00%] ---
Total runtime: 4137.02s (1:08:57)

 saving results
results save in C:\Users\Kong\Desktop\\decentralized_federated_learning-master\decentralized_federated_learning-master\res\clients_10-epochs_2-20250927_103340.json
