client 0 initial number of neighbors: 9
client 1 initial number of neighbors: 9
client 2 initial number of neighbors: 9
client 3 initial number of neighbors: 9
client 4 initial number of neighbors: 9
client 5 initial number of neighbors: 9
client 6 initial number of neighbors: 9
client 7 initial number of neighbors: 9
client 8 initial number of neighbors: 9
client 9 initial number of neighbors: 9

 training begins! (epoch-by-epoch parallel mode with global evaluation)

--- global epoch 1/60 ---
--- client 0 in epoch 1 [aggregation then communication] ---
--- client 1 in epoch 1 [aggregation then communication] ---
--- client 2 in epoch 1 [aggregation then communication] ---
--- client 3 in epoch 1 [aggregation then communication] ---
--- client 4 in epoch 1 [aggregation then communication] ---
--- client 5 in epoch 1 [aggregation then communication] ---
--- client 6 in epoch 1 [aggregation then communication] ---
--- client 7 in epoch 1 [aggregation then communication] ---
--- client 8 in epoch 1 [aggregation then communication] ---
--- client 9 in epoch 1 [aggregation then communication] ---
--- global epoch 1: global acc = 9.98% ---
--- local epoch 1: local acc = [C0:59.77%, C1:63.05%, C2:60.93%, C3:59.66%, C4:58.98%, C5:57.50%, C6:56.74%, C7:61.33%, C8:58.97%, C9:59.40%] ---

--- global epoch 2/60 ---
--- At epoch 2, learning rate decays to 0.009800 ---
--- client 0 in epoch 2 [aggregation then communication] ---
--- client 1 in epoch 2 [aggregation then communication] ---
--- client 2 in epoch 2 [aggregation then communication] ---
--- client 3 in epoch 2 [aggregation then communication] ---
--- client 4 in epoch 2 [aggregation then communication] ---
--- client 5 in epoch 2 [aggregation then communication] ---
--- client 6 in epoch 2 [aggregation then communication] ---
--- client 7 in epoch 2 [aggregation then communication] ---
--- client 8 in epoch 2 [aggregation then communication] ---
--- client 9 in epoch 2 [aggregation then communication] ---
--- global epoch 2: global acc = 11.37% ---
--- local epoch 2: local acc = [C0:74.21%, C1:76.35%, C2:75.89%, C3:74.48%, C4:73.72%, C5:75.02%, C6:75.58%, C7:76.56%, C8:73.53%, C9:78.31%] ---

--- global epoch 3/60 ---
--- At epoch 3, learning rate decays to 0.009604 ---
--- client 0 in epoch 3 [aggregation then communication] ---
--- client 1 in epoch 3 [aggregation then communication] ---
--- client 2 in epoch 3 [aggregation then communication] ---
--- client 3 in epoch 3 [aggregation then communication] ---
--- client 4 in epoch 3 [aggregation then communication] ---
--- client 5 in epoch 3 [aggregation then communication] ---
--- client 6 in epoch 3 [aggregation then communication] ---
--- client 7 in epoch 3 [aggregation then communication] ---
--- client 8 in epoch 3 [aggregation then communication] ---
--- client 9 in epoch 3 [aggregation then communication] ---
--- global epoch 3: global acc = 54.65% ---
--- local epoch 3: local acc = [C0:81.55%, C1:82.62%, C2:81.99%, C3:81.84%, C4:83.08%, C5:83.23%, C6:82.14%, C7:82.17%, C8:81.88%, C9:82.08%] ---

--- global epoch 4/60 ---
--- At epoch 4, learning rate decays to 0.009412 ---
--- client 0 in epoch 4 [aggregation then communication] ---
--- client 1 in epoch 4 [aggregation then communication] ---
--- client 2 in epoch 4 [aggregation then communication] ---
--- client 3 in epoch 4 [aggregation then communication] ---
--- client 4 in epoch 4 [aggregation then communication] ---
--- client 5 in epoch 4 [aggregation then communication] ---
--- client 6 in epoch 4 [aggregation then communication] ---
--- client 7 in epoch 4 [aggregation then communication] ---
--- client 8 in epoch 4 [aggregation then communication] ---
--- client 9 in epoch 4 [aggregation then communication] ---
--- global epoch 4: global acc = 73.68% ---
--- local epoch 4: local acc = [C0:85.25%, C1:85.62%, C2:85.21%, C3:85.22%, C4:84.68%, C5:86.80%, C6:85.92%, C7:85.75%, C8:85.58%, C9:85.91%] ---

--- global epoch 5/60 ---
--- At epoch 5, learning rate decays to 0.009224 ---
--- client 0 in epoch 5 [aggregation then communication] ---
--- client 1 in epoch 5 [aggregation then communication] ---
--- client 2 in epoch 5 [aggregation then communication] ---
--- client 3 in epoch 5 [aggregation then communication] ---
--- client 4 in epoch 5 [aggregation then communication] ---
--- client 5 in epoch 5 [aggregation then communication] ---
--- client 6 in epoch 5 [aggregation then communication] ---
--- client 7 in epoch 5 [aggregation then communication] ---
--- client 8 in epoch 5 [aggregation then communication] ---
--- client 9 in epoch 5 [aggregation then communication] ---
--- global epoch 5: global acc = 79.03% ---
--- local epoch 5: local acc = [C0:87.03%, C1:88.06%, C2:87.58%, C3:86.88%, C4:86.98%, C5:88.39%, C6:87.68%, C7:87.38%, C8:87.64%, C9:87.76%] ---

--- global epoch 6/60 ---
--- At epoch 6, learning rate decays to 0.009039 ---
--- client 0 in epoch 6 [aggregation then communication] ---
--- client 1 in epoch 6 [aggregation then communication] ---
--- client 2 in epoch 6 [aggregation then communication] ---
--- client 3 in epoch 6 [aggregation then communication] ---
--- client 4 in epoch 6 [aggregation then communication] ---
--- client 5 in epoch 6 [aggregation then communication] ---
--- client 6 in epoch 6 [aggregation then communication] ---
--- client 7 in epoch 6 [aggregation then communication] ---
--- client 8 in epoch 6 [aggregation then communication] ---
--- client 9 in epoch 6 [aggregation then communication] ---
--- global epoch 6: global acc = 76.01% ---
--- local epoch 6: local acc = [C0:91.91%, C1:90.17%, C2:88.84%, C3:88.14%, C4:88.38%, C5:89.85%, C6:89.25%, C7:88.90%, C8:88.76%, C9:88.80%] ---

--- global epoch 7/60 ---
--- At epoch 7, learning rate decays to 0.008858 ---
--- client 0 in epoch 7 [aggregation then communication] ---
--- client 1 in epoch 7 [aggregation then communication] ---
--- client 2 in epoch 7 [aggregation then communication] ---
--- client 3 in epoch 7 [aggregation then communication] ---
--- client 4 in epoch 7 [aggregation then communication] ---
--- client 5 in epoch 7 [aggregation then communication] ---
--- client 6 in epoch 7 [aggregation then communication] ---
--- client 7 in epoch 7 [aggregation then communication] ---
--- client 8 in epoch 7 [aggregation then communication] ---
--- client 9 in epoch 7 [aggregation then communication] ---
--- global epoch 7: global acc = 87.60% ---
--- local epoch 7: local acc = [C0:89.42%, C1:90.40%, C2:89.08%, C3:89.08%, C4:89.11%, C5:91.09%, C6:90.00%, C7:89.36%, C8:89.62%, C9:89.71%] ---

--- global epoch 8/60 ---
--- At epoch 8, learning rate decays to 0.008681 ---
--- client 0 in epoch 8 [aggregation then communication] ---
--- client 1 in epoch 8 [aggregation then communication] ---
--- client 2 in epoch 8 [aggregation then communication] ---
--- client 3 in epoch 8 [aggregation then communication] ---
--- client 4 in epoch 8 [aggregation then communication] ---
--- client 5 in epoch 8 [aggregation then communication] ---
--- client 6 in epoch 8 [aggregation then communication] ---
--- client 7 in epoch 8 [aggregation then communication] ---
--- client 8 in epoch 8 [aggregation then communication] ---
--- client 9 in epoch 8 [aggregation then communication] ---
--- global epoch 8: global acc = 83.94% ---
--- local epoch 8: local acc = [C0:94.32%, C1:91.10%, C2:90.15%, C3:89.56%, C4:89.85%, C5:90.61%, C6:91.48%, C7:90.02%, C8:90.22%, C9:90.40%] ---

--- global epoch 9/60 ---
--- At epoch 9, learning rate decays to 0.008508 ---
--- client 0 in epoch 9 [aggregation then communication] ---
--- client 1 in epoch 9 [aggregation then communication] ---
--- client 2 in epoch 9 [aggregation then communication] ---
--- client 3 in epoch 9 [aggregation then communication] ---
--- client 4 in epoch 9 [aggregation then communication] ---
--- client 5 in epoch 9 [aggregation then communication] ---
--- client 6 in epoch 9 [aggregation then communication] ---
--- client 7 in epoch 9 [aggregation then communication] ---
--- client 8 in epoch 9 [aggregation then communication] ---
--- client 9 in epoch 9 [aggregation then communication] ---
--- global epoch 9: global acc = 86.50% ---
--- local epoch 9: local acc = [C0:90.94%, C1:95.56%, C2:90.96%, C3:90.33%, C4:90.46%, C5:91.48%, C6:92.20%, C7:91.55%, C8:91.51%, C9:90.66%] ---

--- global epoch 10/60 ---
--- At epoch 10, learning rate decays to 0.008337 ---
--- client 0 in epoch 10 [aggregation then communication] ---
--- client 1 in epoch 10 [aggregation then communication] ---
--- client 2 in epoch 10 [aggregation then communication] ---
--- client 3 in epoch 10 [aggregation then communication] ---
--- client 4 in epoch 10 [aggregation then communication] ---
--- client 5 in epoch 10 [aggregation then communication] ---
--- client 6 in epoch 10 [aggregation then communication] ---
--- client 7 in epoch 10 [aggregation then communication] ---
--- client 8 in epoch 10 [aggregation then communication] ---
--- client 9 in epoch 10 [aggregation then communication] ---
--- global epoch 10: global acc = 88.23% ---
--- local epoch 10: local acc = [C0:91.62%, C1:91.77%, C2:91.32%, C3:90.96%, C4:91.15%, C5:92.30%, C6:93.97%, C7:93.96%, C8:91.60%, C9:91.64%] ---

--- global epoch 11/60 ---
--- At epoch 11, learning rate decays to 0.008171 ---
--- client 0 in epoch 11 [aggregation then communication] ---
--- client 1 in epoch 11 [aggregation then communication] ---
--- client 2 in epoch 11 [aggregation then communication] ---
--- client 3 in epoch 11 [aggregation then communication] ---
--- client 4 in epoch 11 [aggregation then communication] ---
--- client 5 in epoch 11 [aggregation then communication] ---
--- client 6 in epoch 11 [aggregation then communication] ---
--- client 7 in epoch 11 [aggregation then communication] ---
--- client 8 in epoch 11 [aggregation then communication] ---
--- client 9 in epoch 11 [aggregation then communication] ---
--- global epoch 11: global acc = 86.27% ---
--- local epoch 11: local acc = [C0:94.16%, C1:92.78%, C2:92.05%, C3:91.91%, C4:91.98%, C5:92.19%, C6:92.24%, C7:91.94%, C8:92.75%, C9:92.62%] ---

--- global epoch 12/60 ---
--- At epoch 12, learning rate decays to 0.008007 ---
--- client 0 in epoch 12 [aggregation then communication] ---
--- client 1 in epoch 12 [aggregation then communication] ---
--- client 2 in epoch 12 [aggregation then communication] ---
--- client 3 in epoch 12 [aggregation then communication] ---
--- client 4 in epoch 12 [aggregation then communication] ---
--- client 5 in epoch 12 [aggregation then communication] ---
--- client 6 in epoch 12 [aggregation then communication] ---
--- client 7 in epoch 12 [aggregation then communication] ---
--- client 8 in epoch 12 [aggregation then communication] ---
--- client 9 in epoch 12 [aggregation then communication] ---
--- global epoch 12: global acc = 86.64% ---
--- local epoch 12: local acc = [C0:91.86%, C1:94.12%, C2:91.92%, C3:92.12%, C4:92.04%, C5:93.40%, C6:93.17%, C7:92.74%, C8:93.22%, C9:92.56%] ---

--- global epoch 13/60 ---
--- At epoch 13, learning rate decays to 0.007847 ---
--- client 0 in epoch 13 [aggregation then communication] ---
--- client 1 in epoch 13 [aggregation then communication] ---
--- client 2 in epoch 13 [aggregation then communication] ---
--- client 3 in epoch 13 [aggregation then communication] ---
--- client 4 in epoch 13 [aggregation then communication] ---
--- client 5 in epoch 13 [aggregation then communication] ---
--- client 6 in epoch 13 [aggregation then communication] ---
--- client 7 in epoch 13 [aggregation then communication] ---
--- client 8 in epoch 13 [aggregation then communication] ---
--- client 9 in epoch 13 [aggregation then communication] ---
--- global epoch 13: global acc = 89.53% ---
--- local epoch 13: local acc = [C0:92.80%, C1:93.41%, C2:92.36%, C3:92.60%, C4:93.57%, C5:94.47%, C6:94.24%, C7:97.49%, C8:94.15%, C9:93.20%] ---

--- global epoch 14/60 ---
--- At epoch 14, learning rate decays to 0.007690 ---
--- client 0 in epoch 14 [aggregation then communication] ---
--- client 1 in epoch 14 [aggregation then communication] ---
--- client 2 in epoch 14 [aggregation then communication] ---
--- client 3 in epoch 14 [aggregation then communication] ---
--- client 4 in epoch 14 [aggregation then communication] ---
--- client 5 in epoch 14 [aggregation then communication] ---
--- client 6 in epoch 14 [aggregation then communication] ---
--- client 7 in epoch 14 [aggregation then communication] ---
--- client 8 in epoch 14 [aggregation then communication] ---
--- client 9 in epoch 14 [aggregation then communication] ---
--- global epoch 14: global acc = 86.26% ---
--- local epoch 14: local acc = [C0:93.35%, C1:95.00%, C2:93.38%, C3:92.68%, C4:93.03%, C5:94.14%, C6:95.44%, C7:93.46%, C8:94.34%, C9:93.07%] ---

--- global epoch 15/60 ---
--- At epoch 15, learning rate decays to 0.007536 ---
--- client 0 in epoch 15 [aggregation then communication] ---
--- client 1 in epoch 15 [aggregation then communication] ---
--- client 2 in epoch 15 [aggregation then communication] ---
--- client 3 in epoch 15 [aggregation then communication] ---
--- client 4 in epoch 15 [aggregation then communication] ---
--- client 5 in epoch 15 [aggregation then communication] ---
--- client 6 in epoch 15 [aggregation then communication] ---
--- client 7 in epoch 15 [aggregation then communication] ---
--- client 8 in epoch 15 [aggregation then communication] ---
--- client 9 in epoch 15 [aggregation then communication] ---
--- global epoch 15: global acc = 88.88% ---
--- local epoch 15: local acc = [C0:94.36%, C1:93.53%, C2:93.06%, C3:93.22%, C4:93.65%, C5:94.04%, C6:94.30%, C7:94.55%, C8:94.71%, C9:93.80%] ---

--- global epoch 16/60 ---
--- At epoch 16, learning rate decays to 0.007386 ---
--- client 0 in epoch 16 [aggregation then communication] ---
--- client 1 in epoch 16 [aggregation then communication] ---
--- client 2 in epoch 16 [aggregation then communication] ---
--- client 3 in epoch 16 [aggregation then communication] ---
--- client 4 in epoch 16 [aggregation then communication] ---
--- client 5 in epoch 16 [aggregation then communication] ---
--- client 6 in epoch 16 [aggregation then communication] ---
--- client 7 in epoch 16 [aggregation then communication] ---
--- client 8 in epoch 16 [aggregation then communication] ---
--- client 9 in epoch 16 [aggregation then communication] ---
--- global epoch 16: global acc = 88.41% ---
--- local epoch 16: local acc = [C0:94.42%, C1:94.57%, C2:93.74%, C3:94.38%, C4:93.88%, C5:94.89%, C6:94.97%, C7:94.61%, C8:98.62%, C9:94.08%] ---

--- global epoch 17/60 ---
--- At epoch 17, learning rate decays to 0.007238 ---
--- client 0 in epoch 17 [aggregation then communication] ---
--- client 1 in epoch 17 [aggregation then communication] ---
--- client 2 in epoch 17 [aggregation then communication] ---
--- client 3 in epoch 17 [aggregation then communication] ---
--- client 4 in epoch 17 [aggregation then communication] ---
--- client 5 in epoch 17 [aggregation then communication] ---
--- client 6 in epoch 17 [aggregation then communication] ---
--- client 7 in epoch 17 [aggregation then communication] ---
--- client 8 in epoch 17 [aggregation then communication] ---
--- client 9 in epoch 17 [aggregation then communication] ---
--- global epoch 17: global acc = 89.29% ---
--- local epoch 17: local acc = [C0:94.29%, C1:94.83%, C2:93.83%, C3:94.52%, C4:94.52%, C5:95.09%, C6:95.10%, C7:95.02%, C8:95.13%, C9:94.60%] ---

--- global epoch 18/60 ---
--- At epoch 18, learning rate decays to 0.007093 ---
--- client 0 in epoch 18 [aggregation then communication] ---
--- client 1 in epoch 18 [aggregation then communication] ---
--- client 2 in epoch 18 [aggregation then communication] ---
--- client 3 in epoch 18 [aggregation then communication] ---
--- client 4 in epoch 18 [aggregation then communication] ---
--- client 5 in epoch 18 [aggregation then communication] ---
--- client 6 in epoch 18 [aggregation then communication] ---
--- client 7 in epoch 18 [aggregation then communication] ---
--- client 8 in epoch 18 [aggregation then communication] ---
--- client 9 in epoch 18 [aggregation then communication] ---
--- global epoch 18: global acc = 89.57% ---
--- local epoch 18: local acc = [C0:94.97%, C1:94.90%, C2:94.59%, C3:94.65%, C4:94.50%, C5:95.38%, C6:95.58%, C7:95.37%, C8:95.98%, C9:94.85%] ---

--- global epoch 19/60 ---
--- At epoch 19, learning rate decays to 0.006951 ---
--- client 0 in epoch 19 [aggregation then communication] ---
--- client 1 in epoch 19 [aggregation then communication] ---
--- client 2 in epoch 19 [aggregation then communication] ---
--- client 3 in epoch 19 [aggregation then communication] ---
--- client 4 in epoch 19 [aggregation then communication] ---
--- client 5 in epoch 19 [aggregation then communication] ---
--- client 6 in epoch 19 [aggregation then communication] ---
--- client 7 in epoch 19 [aggregation then communication] ---
--- client 8 in epoch 19 [aggregation then communication] ---
--- client 9 in epoch 19 [aggregation then communication] ---
--- global epoch 19: global acc = 89.89% ---
--- local epoch 19: local acc = [C0:95.92%, C1:95.73%, C2:94.72%, C3:95.12%, C4:95.08%, C5:95.86%, C6:95.55%, C7:95.47%, C8:96.03%, C9:95.39%] ---

--- global epoch 20/60 ---
--- At epoch 20, learning rate decays to 0.006812 ---
--- client 0 in epoch 20 [aggregation then communication] ---
--- client 1 in epoch 20 [aggregation then communication] ---
--- client 2 in epoch 20 [aggregation then communication] ---
--- client 3 in epoch 20 [aggregation then communication] ---
--- client 4 in epoch 20 [aggregation then communication] ---
--- client 5 in epoch 20 [aggregation then communication] ---
--- client 6 in epoch 20 [aggregation then communication] ---
--- client 7 in epoch 20 [aggregation then communication] ---
--- client 8 in epoch 20 [aggregation then communication] ---
--- client 9 in epoch 20 [aggregation then communication] ---
--- global epoch 20: global acc = 90.03% ---
--- local epoch 20: local acc = [C0:95.70%, C1:95.53%, C2:94.88%, C3:95.53%, C4:95.28%, C5:95.88%, C6:96.30%, C7:95.66%, C8:96.66%, C9:95.96%] ---

--- global epoch 21/60 ---
--- At epoch 21, learning rate decays to 0.006676 ---
--- client 0 in epoch 21 [aggregation then communication] ---
--- client 1 in epoch 21 [aggregation then communication] ---
--- client 2 in epoch 21 [aggregation then communication] ---
--- client 3 in epoch 21 [aggregation then communication] ---
--- client 4 in epoch 21 [aggregation then communication] ---
--- client 5 in epoch 21 [aggregation then communication] ---
--- client 6 in epoch 21 [aggregation then communication] ---
--- client 7 in epoch 21 [aggregation then communication] ---
--- client 8 in epoch 21 [aggregation then communication] ---
--- client 9 in epoch 21 [aggregation then communication] ---
--- global epoch 21: global acc = 89.60% ---
--- local epoch 21: local acc = [C0:96.37%, C1:95.81%, C2:95.66%, C3:99.08%, C4:96.11%, C5:96.89%, C6:97.39%, C7:96.17%, C8:96.41%, C9:96.07%] ---

--- global epoch 22/60 ---
--- At epoch 22, learning rate decays to 0.006543 ---
--- client 0 in epoch 22 [aggregation then communication] ---
--- client 1 in epoch 22 [aggregation then communication] ---
--- client 2 in epoch 22 [aggregation then communication] ---
--- client 3 in epoch 22 [aggregation then communication] ---
--- client 4 in epoch 22 [aggregation then communication] ---
--- client 5 in epoch 22 [aggregation then communication] ---
--- client 6 in epoch 22 [aggregation then communication] ---
--- client 7 in epoch 22 [aggregation then communication] ---
--- client 8 in epoch 22 [aggregation then communication] ---
--- client 9 in epoch 22 [aggregation then communication] ---
--- global epoch 22: global acc = 90.25% ---
--- local epoch 22: local acc = [C0:95.75%, C1:96.01%, C2:95.64%, C3:95.80%, C4:96.29%, C5:96.56%, C6:97.38%, C7:96.38%, C8:97.22%, C9:96.03%] ---

--- global epoch 23/60 ---
--- At epoch 23, learning rate decays to 0.006412 ---
--- client 0 in epoch 23 [aggregation then communication] ---
--- client 1 in epoch 23 [aggregation then communication] ---
--- client 2 in epoch 23 [aggregation then communication] ---
--- client 3 in epoch 23 [aggregation then communication] ---
--- client 4 in epoch 23 [aggregation then communication] ---
--- client 5 in epoch 23 [aggregation then communication] ---
--- client 6 in epoch 23 [aggregation then communication] ---
--- client 7 in epoch 23 [aggregation then communication] ---
--- client 8 in epoch 23 [aggregation then communication] ---
--- client 9 in epoch 23 [aggregation then communication] ---
--- global epoch 23: global acc = 89.86% ---
--- local epoch 23: local acc = [C0:96.90%, C1:99.43%, C2:96.43%, C3:96.20%, C4:96.08%, C5:96.63%, C6:96.57%, C7:96.34%, C8:97.32%, C9:96.37%] ---

--- global epoch 24/60 ---
--- At epoch 24, learning rate decays to 0.006283 ---
--- client 0 in epoch 24 [aggregation then communication] ---
--- client 1 in epoch 24 [aggregation then communication] ---
--- client 2 in epoch 24 [aggregation then communication] ---
--- client 3 in epoch 24 [aggregation then communication] ---
--- client 4 in epoch 24 [aggregation then communication] ---
--- client 5 in epoch 24 [aggregation then communication] ---
--- client 6 in epoch 24 [aggregation then communication] ---
--- client 7 in epoch 24 [aggregation then communication] ---
--- client 8 in epoch 24 [aggregation then communication] ---
--- client 9 in epoch 24 [aggregation then communication] ---
--- global epoch 24: global acc = 90.39% ---
--- local epoch 24: local acc = [C0:97.18%, C1:95.78%, C2:96.75%, C3:97.74%, C4:96.51%, C5:96.59%, C6:96.92%, C7:96.64%, C8:97.45%, C9:96.58%] ---

--- global epoch 25/60 ---
--- At epoch 25, learning rate decays to 0.006158 ---
--- client 0 in epoch 25 [aggregation then communication] ---
--- client 1 in epoch 25 [aggregation then communication] ---
--- client 2 in epoch 25 [aggregation then communication] ---
--- client 3 in epoch 25 [aggregation then communication] ---
--- client 4 in epoch 25 [aggregation then communication] ---
--- client 5 in epoch 25 [aggregation then communication] ---
--- client 6 in epoch 25 [aggregation then communication] ---
--- client 7 in epoch 25 [aggregation then communication] ---
--- client 8 in epoch 25 [aggregation then communication] ---
--- client 9 in epoch 25 [aggregation then communication] ---
--- global epoch 25: global acc = 88.93% ---
--- local epoch 25: local acc = [C0:96.45%, C1:96.45%, C2:99.15%, C3:96.74%, C4:96.63%, C5:96.97%, C6:96.74%, C7:96.58%, C8:97.78%, C9:97.00%] ---

--- global epoch 26/60 ---
--- At epoch 26, learning rate decays to 0.006035 ---
--- client 0 in epoch 26 [aggregation then communication] ---
--- client 1 in epoch 26 [aggregation then communication] ---
--- client 2 in epoch 26 [aggregation then communication] ---
--- client 3 in epoch 26 [aggregation then communication] ---
--- client 4 in epoch 26 [aggregation then communication] ---
--- client 5 in epoch 26 [aggregation then communication] ---
--- client 6 in epoch 26 [aggregation then communication] ---
--- client 7 in epoch 26 [aggregation then communication] ---
--- client 8 in epoch 26 [aggregation then communication] ---
--- client 9 in epoch 26 [aggregation then communication] ---
--- global epoch 26: global acc = 89.92% ---
--- local epoch 26: local acc = [C0:96.50%, C1:96.02%, C2:96.74%, C3:96.62%, C4:97.42%, C5:97.34%, C6:97.55%, C7:96.85%, C8:98.08%, C9:97.04%] ---

--- global epoch 27/60 ---
--- At epoch 27, learning rate decays to 0.005914 ---
--- client 0 in epoch 27 [aggregation then communication] ---
--- client 1 in epoch 27 [aggregation then communication] ---
--- client 2 in epoch 27 [aggregation then communication] ---
--- client 3 in epoch 27 [aggregation then communication] ---
--- client 4 in epoch 27 [aggregation then communication] ---
--- client 5 in epoch 27 [aggregation then communication] ---
--- client 6 in epoch 27 [aggregation then communication] ---
--- client 7 in epoch 27 [aggregation then communication] ---
--- client 8 in epoch 27 [aggregation then communication] ---
--- client 9 in epoch 27 [aggregation then communication] ---
--- global epoch 27: global acc = 90.21% ---
--- local epoch 27: local acc = [C0:96.89%, C1:96.61%, C2:97.07%, C3:97.23%, C4:97.38%, C5:97.54%, C6:97.72%, C7:97.24%, C8:97.91%, C9:97.68%] ---

--- global epoch 28/60 ---
--- At epoch 28, learning rate decays to 0.005796 ---
--- client 0 in epoch 28 [aggregation then communication] ---
--- client 1 in epoch 28 [aggregation then communication] ---
--- client 2 in epoch 28 [aggregation then communication] ---
--- client 3 in epoch 28 [aggregation then communication] ---
--- client 4 in epoch 28 [aggregation then communication] ---
--- client 5 in epoch 28 [aggregation then communication] ---
--- client 6 in epoch 28 [aggregation then communication] ---
--- client 7 in epoch 28 [aggregation then communication] ---
--- client 8 in epoch 28 [aggregation then communication] ---
--- client 9 in epoch 28 [aggregation then communication] ---
--- global epoch 28: global acc = 89.97% ---
--- local epoch 28: local acc = [C0:96.90%, C1:96.67%, C2:97.22%, C3:97.15%, C4:98.94%, C5:97.67%, C6:97.53%, C7:97.64%, C8:98.70%, C9:97.78%] ---

--- global epoch 29/60 ---
--- At epoch 29, learning rate decays to 0.005680 ---
--- client 0 in epoch 29 [aggregation then communication] ---
--- client 1 in epoch 29 [aggregation then communication] ---
--- client 2 in epoch 29 [aggregation then communication] ---
--- client 3 in epoch 29 [aggregation then communication] ---
--- client 4 in epoch 29 [aggregation then communication] ---
--- client 5 in epoch 29 [aggregation then communication] ---
--- client 6 in epoch 29 [aggregation then communication] ---
--- client 7 in epoch 29 [aggregation then communication] ---
--- client 8 in epoch 29 [aggregation then communication] ---
--- client 9 in epoch 29 [aggregation then communication] ---
--- global epoch 29: global acc = 89.57% ---
--- local epoch 29: local acc = [C0:97.65%, C1:97.23%, C2:96.88%, C3:97.53%, C4:97.65%, C5:98.67%, C6:97.58%, C7:97.51%, C8:98.12%, C9:97.92%] ---

--- global epoch 30/60 ---
--- At epoch 30, learning rate decays to 0.005566 ---
--- client 0 in epoch 30 [aggregation then communication] ---
--- client 1 in epoch 30 [aggregation then communication] ---
--- client 2 in epoch 30 [aggregation then communication] ---
--- client 3 in epoch 30 [aggregation then communication] ---
--- client 4 in epoch 30 [aggregation then communication] ---
--- client 5 in epoch 30 [aggregation then communication] ---
--- client 6 in epoch 30 [aggregation then communication] ---
--- client 7 in epoch 30 [aggregation then communication] ---
--- client 8 in epoch 30 [aggregation then communication] ---
--- client 9 in epoch 30 [aggregation then communication] ---
--- global epoch 30: global acc = 88.99% ---
--- local epoch 30: local acc = [C0:98.38%, C1:97.28%, C2:98.08%, C3:97.88%, C4:97.33%, C5:97.95%, C6:98.16%, C7:97.75%, C8:98.15%, C9:98.09%] ---

--- global epoch 31/60 ---
--- At epoch 31, learning rate decays to 0.005455 ---
--- client 0 in epoch 31 [aggregation then communication] ---
--- client 1 in epoch 31 [aggregation then communication] ---
--- client 2 in epoch 31 [aggregation then communication] ---
--- client 3 in epoch 31 [aggregation then communication] ---
--- client 4 in epoch 31 [aggregation then communication] ---
--- client 5 in epoch 31 [aggregation then communication] ---
--- client 6 in epoch 31 [aggregation then communication] ---
--- client 7 in epoch 31 [aggregation then communication] ---
--- client 8 in epoch 31 [aggregation then communication] ---
--- client 9 in epoch 31 [aggregation then communication] ---
--- global epoch 31: global acc = 90.77% ---
--- local epoch 31: local acc = [C0:97.86%, C1:99.59%, C2:97.90%, C3:97.58%, C4:97.58%, C5:98.71%, C6:98.38%, C7:97.33%, C8:98.02%, C9:97.98%] ---

--- global epoch 32/60 ---
--- At epoch 32, learning rate decays to 0.005346 ---
--- client 0 in epoch 32 [aggregation then communication] ---
--- client 1 in epoch 32 [aggregation then communication] ---
--- client 2 in epoch 32 [aggregation then communication] ---
--- client 3 in epoch 32 [aggregation then communication] ---
--- client 4 in epoch 32 [aggregation then communication] ---
--- client 5 in epoch 32 [aggregation then communication] ---
--- client 6 in epoch 32 [aggregation then communication] ---
--- client 7 in epoch 32 [aggregation then communication] ---
--- client 8 in epoch 32 [aggregation then communication] ---
--- client 9 in epoch 32 [aggregation then communication] ---
--- global epoch 32: global acc = 90.54% ---
--- local epoch 32: local acc = [C0:98.06%, C1:97.45%, C2:97.60%, C3:98.77%, C4:97.65%, C5:98.53%, C6:98.61%, C7:99.46%, C8:97.93%, C9:98.88%] ---

--- global epoch 33/60 ---
--- At epoch 33, learning rate decays to 0.005239 ---
--- client 0 in epoch 33 [aggregation then communication] ---
--- client 1 in epoch 33 [aggregation then communication] ---
--- client 2 in epoch 33 [aggregation then communication] ---
--- client 3 in epoch 33 [aggregation then communication] ---
--- client 4 in epoch 33 [aggregation then communication] ---
--- client 5 in epoch 33 [aggregation then communication] ---
--- client 6 in epoch 33 [aggregation then communication] ---
--- client 7 in epoch 33 [aggregation then communication] ---
--- client 8 in epoch 33 [aggregation then communication] ---
--- client 9 in epoch 33 [aggregation then communication] ---
--- global epoch 33: global acc = 90.24% ---
--- local epoch 33: local acc = [C0:97.72%, C1:98.78%, C2:98.78%, C3:98.09%, C4:98.07%, C5:98.47%, C6:98.72%, C7:97.73%, C8:98.20%, C9:98.91%] ---

--- global epoch 34/60 ---
--- At epoch 34, learning rate decays to 0.005134 ---
--- client 0 in epoch 34 [aggregation then communication] ---
--- client 1 in epoch 34 [aggregation then communication] ---
--- client 2 in epoch 34 [aggregation then communication] ---
--- client 3 in epoch 34 [aggregation then communication] ---
--- client 4 in epoch 34 [aggregation then communication] ---
--- client 5 in epoch 34 [aggregation then communication] ---
--- client 6 in epoch 34 [aggregation then communication] ---
--- client 7 in epoch 34 [aggregation then communication] ---
--- client 8 in epoch 34 [aggregation then communication] ---
--- client 9 in epoch 34 [aggregation then communication] ---
--- global epoch 34: global acc = 89.67% ---
--- local epoch 34: local acc = [C0:97.70%, C1:98.46%, C2:97.73%, C3:99.65%, C4:98.02%, C5:98.75%, C6:98.34%, C7:98.18%, C8:99.28%, C9:98.38%] ---

--- global epoch 35/60 ---
--- At epoch 35, learning rate decays to 0.005031 ---
--- client 0 in epoch 35 [aggregation then communication] ---
--- client 1 in epoch 35 [aggregation then communication] ---
--- client 2 in epoch 35 [aggregation then communication] ---
--- client 3 in epoch 35 [aggregation then communication] ---
--- client 4 in epoch 35 [aggregation then communication] ---
--- client 5 in epoch 35 [aggregation then communication] ---
--- client 6 in epoch 35 [aggregation then communication] ---
--- client 7 in epoch 35 [aggregation then communication] ---
--- client 8 in epoch 35 [aggregation then communication] ---
--- client 9 in epoch 35 [aggregation then communication] ---
--- global epoch 35: global acc = 90.46% ---
--- local epoch 35: local acc = [C0:98.27%, C1:97.91%, C2:98.37%, C3:98.54%, C4:97.98%, C5:98.45%, C6:98.49%, C7:98.08%, C8:98.96%, C9:99.02%] ---

--- global epoch 36/60 ---
--- At epoch 36, learning rate decays to 0.004931 ---
--- client 0 in epoch 36 [aggregation then communication] ---
--- client 1 in epoch 36 [aggregation then communication] ---
--- client 2 in epoch 36 [aggregation then communication] ---
--- client 3 in epoch 36 [aggregation then communication] ---
--- client 4 in epoch 36 [aggregation then communication] ---
--- client 5 in epoch 36 [aggregation then communication] ---
--- client 6 in epoch 36 [aggregation then communication] ---
--- client 7 in epoch 36 [aggregation then communication] ---
--- client 8 in epoch 36 [aggregation then communication] ---
--- client 9 in epoch 36 [aggregation then communication] ---
--- global epoch 36: global acc = 90.29% ---
--- local epoch 36: local acc = [C0:99.17%, C1:98.11%, C2:98.45%, C3:99.18%, C4:98.19%, C5:98.58%, C6:98.47%, C7:98.59%, C8:98.71%, C9:98.69%] ---

--- global epoch 37/60 ---
--- At epoch 37, learning rate decays to 0.004832 ---
--- client 0 in epoch 37 [aggregation then communication] ---
--- client 1 in epoch 37 [aggregation then communication] ---
--- client 2 in epoch 37 [aggregation then communication] ---
--- client 3 in epoch 37 [aggregation then communication] ---
--- client 4 in epoch 37 [aggregation then communication] ---
--- client 5 in epoch 37 [aggregation then communication] ---
--- client 6 in epoch 37 [aggregation then communication] ---
--- client 7 in epoch 37 [aggregation then communication] ---
--- client 8 in epoch 37 [aggregation then communication] ---
--- client 9 in epoch 37 [aggregation then communication] ---
--- global epoch 37: global acc = 89.80% ---
--- local epoch 37: local acc = [C0:98.02%, C1:98.45%, C2:98.13%, C3:99.19%, C4:99.02%, C5:99.71%, C6:99.12%, C7:98.19%, C8:99.02%, C9:99.03%] ---

--- global epoch 38/60 ---
--- At epoch 38, learning rate decays to 0.004735 ---
--- client 0 in epoch 38 [aggregation then communication] ---
--- client 1 in epoch 38 [aggregation then communication] ---
--- client 2 in epoch 38 [aggregation then communication] ---
--- client 3 in epoch 38 [aggregation then communication] ---
--- client 4 in epoch 38 [aggregation then communication] ---
--- client 5 in epoch 38 [aggregation then communication] ---
--- client 6 in epoch 38 [aggregation then communication] ---
--- client 7 in epoch 38 [aggregation then communication] ---
--- client 8 in epoch 38 [aggregation then communication] ---
--- client 9 in epoch 38 [aggregation then communication] ---
--- global epoch 38: global acc = 90.24% ---
--- local epoch 38: local acc = [C0:98.67%, C1:98.47%, C2:98.53%, C3:99.26%, C4:98.40%, C5:98.44%, C6:98.92%, C7:98.80%, C8:99.41%, C9:98.88%] ---

--- global epoch 39/60 ---
--- At epoch 39, learning rate decays to 0.004641 ---
--- client 0 in epoch 39 [aggregation then communication] ---
--- client 1 in epoch 39 [aggregation then communication] ---
--- client 2 in epoch 39 [aggregation then communication] ---
--- client 3 in epoch 39 [aggregation then communication] ---
--- client 4 in epoch 39 [aggregation then communication] ---
--- client 5 in epoch 39 [aggregation then communication] ---
--- client 6 in epoch 39 [aggregation then communication] ---
--- client 7 in epoch 39 [aggregation then communication] ---
--- client 8 in epoch 39 [aggregation then communication] ---
--- client 9 in epoch 39 [aggregation then communication] ---
--- global epoch 39: global acc = 90.59% ---
--- local epoch 39: local acc = [C0:98.43%, C1:99.52%, C2:98.64%, C3:99.32%, C4:98.62%, C5:99.07%, C6:99.12%, C7:98.94%, C8:99.11%, C9:99.24%] ---

--- global epoch 40/60 ---
--- At epoch 40, learning rate decays to 0.004548 ---
--- client 0 in epoch 40 [aggregation then communication] ---
--- client 1 in epoch 40 [aggregation then communication] ---
--- client 2 in epoch 40 [aggregation then communication] ---
--- client 3 in epoch 40 [aggregation then communication] ---
--- client 4 in epoch 40 [aggregation then communication] ---
--- client 5 in epoch 40 [aggregation then communication] ---
--- client 6 in epoch 40 [aggregation then communication] ---
--- client 7 in epoch 40 [aggregation then communication] ---
--- client 8 in epoch 40 [aggregation then communication] ---
--- client 9 in epoch 40 [aggregation then communication] ---
--- global epoch 40: global acc = 90.32% ---
--- local epoch 40: local acc = [C0:98.50%, C1:98.42%, C2:98.87%, C3:98.64%, C4:98.65%, C5:99.29%, C6:99.28%, C7:98.99%, C8:99.30%, C9:98.69%] ---

--- global epoch 41/60 ---
--- At epoch 41, learning rate decays to 0.004457 ---
--- client 0 in epoch 41 [aggregation then communication] ---
--- client 1 in epoch 41 [aggregation then communication] ---
--- client 2 in epoch 41 [aggregation then communication] ---
--- client 3 in epoch 41 [aggregation then communication] ---
--- client 4 in epoch 41 [aggregation then communication] ---
--- client 5 in epoch 41 [aggregation then communication] ---
--- client 6 in epoch 41 [aggregation then communication] ---
--- client 7 in epoch 41 [aggregation then communication] ---
--- client 8 in epoch 41 [aggregation then communication] ---
--- client 9 in epoch 41 [aggregation then communication] ---
--- global epoch 41: global acc = 90.63% ---
--- local epoch 41: local acc = [C0:98.74%, C1:98.83%, C2:98.49%, C3:99.41%, C4:98.81%, C5:99.52%, C6:98.99%, C7:98.82%, C8:99.73%, C9:98.83%] ---

--- global epoch 42/60 ---
--- At epoch 42, learning rate decays to 0.004368 ---
--- client 0 in epoch 42 [aggregation then communication] ---
--- client 1 in epoch 42 [aggregation then communication] ---
--- client 2 in epoch 42 [aggregation then communication] ---
--- client 3 in epoch 42 [aggregation then communication] ---
--- client 4 in epoch 42 [aggregation then communication] ---
--- client 5 in epoch 42 [aggregation then communication] ---
--- client 6 in epoch 42 [aggregation then communication] ---
--- client 7 in epoch 42 [aggregation then communication] ---
--- client 8 in epoch 42 [aggregation then communication] ---
--- client 9 in epoch 42 [aggregation then communication] ---
--- global epoch 42: global acc = 90.60% ---
--- local epoch 42: local acc = [C0:99.43%, C1:98.52%, C2:99.11%, C3:99.10%, C4:99.16%, C5:99.49%, C6:99.57%, C7:99.24%, C8:99.11%, C9:99.30%] ---

--- global epoch 43/60 ---
--- At epoch 43, learning rate decays to 0.004281 ---
--- client 0 in epoch 43 [aggregation then communication] ---
--- client 1 in epoch 43 [aggregation then communication] ---
--- client 2 in epoch 43 [aggregation then communication] ---
--- client 3 in epoch 43 [aggregation then communication] ---
--- client 4 in epoch 43 [aggregation then communication] ---
--- client 5 in epoch 43 [aggregation then communication] ---
--- client 6 in epoch 43 [aggregation then communication] ---
--- client 7 in epoch 43 [aggregation then communication] ---
--- client 8 in epoch 43 [aggregation then communication] ---
--- client 9 in epoch 43 [aggregation then communication] ---
--- global epoch 43: global acc = 90.91% ---
--- local epoch 43: local acc = [C0:98.56%, C1:99.46%, C2:99.11%, C3:99.57%, C4:99.54%, C5:99.77%, C6:99.30%, C7:99.31%, C8:99.22%, C9:99.49%] ---

--- global epoch 44/60 ---
--- At epoch 44, learning rate decays to 0.004195 ---
--- client 0 in epoch 44 [aggregation then communication] ---
--- client 1 in epoch 44 [aggregation then communication] ---
--- client 2 in epoch 44 [aggregation then communication] ---
--- client 3 in epoch 44 [aggregation then communication] ---
--- client 4 in epoch 44 [aggregation then communication] ---
--- client 5 in epoch 44 [aggregation then communication] ---
--- client 6 in epoch 44 [aggregation then communication] ---
--- client 7 in epoch 44 [aggregation then communication] ---
--- client 8 in epoch 44 [aggregation then communication] ---
--- client 9 in epoch 44 [aggregation then communication] ---
--- global epoch 44: global acc = 90.81% ---
--- local epoch 44: local acc = [C0:99.17%, C1:99.47%, C2:99.43%, C3:99.65%, C4:99.24%, C5:99.29%, C6:99.36%, C7:99.17%, C8:99.28%, C9:99.47%] ---

--- global epoch 45/60 ---
--- At epoch 45, learning rate decays to 0.004111 ---
--- client 0 in epoch 45 [aggregation then communication] ---
--- client 1 in epoch 45 [aggregation then communication] ---
--- client 2 in epoch 45 [aggregation then communication] ---
--- client 3 in epoch 45 [aggregation then communication] ---
--- client 4 in epoch 45 [aggregation then communication] ---
--- client 5 in epoch 45 [aggregation then communication] ---
--- client 6 in epoch 45 [aggregation then communication] ---
--- client 7 in epoch 45 [aggregation then communication] ---
--- client 8 in epoch 45 [aggregation then communication] ---
--- client 9 in epoch 45 [aggregation then communication] ---
--- global epoch 45: global acc = 90.86% ---
--- local epoch 45: local acc = [C0:99.25%, C1:99.21%, C2:99.53%, C3:99.65%, C4:99.24%, C5:99.62%, C6:99.61%, C7:99.34%, C8:99.37%, C9:99.53%] ---

--- global epoch 46/60 ---
--- At epoch 46, learning rate decays to 0.004029 ---
--- client 0 in epoch 46 [aggregation then communication] ---
--- client 1 in epoch 46 [aggregation then communication] ---
--- client 2 in epoch 46 [aggregation then communication] ---
--- client 3 in epoch 46 [aggregation then communication] ---
--- client 4 in epoch 46 [aggregation then communication] ---
--- client 5 in epoch 46 [aggregation then communication] ---
--- client 6 in epoch 46 [aggregation then communication] ---
--- client 7 in epoch 46 [aggregation then communication] ---
--- client 8 in epoch 46 [aggregation then communication] ---
--- client 9 in epoch 46 [aggregation then communication] ---
--- global epoch 46: global acc = 90.72% ---
--- local epoch 46: local acc = [C0:99.40%, C1:99.33%, C2:99.12%, C3:99.42%, C4:99.36%, C5:99.55%, C6:99.83%, C7:99.60%, C8:99.39%, C9:99.77%] ---

--- global epoch 47/60 ---
--- At epoch 47, learning rate decays to 0.003948 ---
--- client 0 in epoch 47 [aggregation then communication] ---
--- client 1 in epoch 47 [aggregation then communication] ---
--- client 2 in epoch 47 [aggregation then communication] ---
--- client 3 in epoch 47 [aggregation then communication] ---
--- client 4 in epoch 47 [aggregation then communication] ---
--- client 5 in epoch 47 [aggregation then communication] ---
--- client 6 in epoch 47 [aggregation then communication] ---
--- client 7 in epoch 47 [aggregation then communication] ---
--- client 8 in epoch 47 [aggregation then communication] ---
--- client 9 in epoch 47 [aggregation then communication] ---
--- global epoch 47: global acc = 90.44% ---
--- local epoch 47: local acc = [C0:99.38%, C1:99.47%, C2:99.46%, C3:99.16%, C4:99.51%, C5:99.55%, C6:99.82%, C7:99.66%, C8:99.64%, C9:99.91%] ---

--- global epoch 48/60 ---
--- At epoch 48, learning rate decays to 0.003869 ---
--- client 0 in epoch 48 [aggregation then communication] ---
--- client 1 in epoch 48 [aggregation then communication] ---
--- client 2 in epoch 48 [aggregation then communication] ---
--- client 3 in epoch 48 [aggregation then communication] ---
--- client 4 in epoch 48 [aggregation then communication] ---
--- client 5 in epoch 48 [aggregation then communication] ---
--- client 6 in epoch 48 [aggregation then communication] ---
--- client 7 in epoch 48 [aggregation then communication] ---
--- client 8 in epoch 48 [aggregation then communication] ---
--- client 9 in epoch 48 [aggregation then communication] ---
--- global epoch 48: global acc = 90.57% ---
--- local epoch 48: local acc = [C0:99.61%, C1:99.55%, C2:99.76%, C3:99.89%, C4:99.61%, C5:99.55%, C6:99.73%, C7:99.42%, C8:99.63%, C9:99.76%] ---

--- global epoch 49/60 ---
--- At epoch 49, learning rate decays to 0.003792 ---
--- client 0 in epoch 49 [aggregation then communication] ---
--- client 1 in epoch 49 [aggregation then communication] ---
--- client 2 in epoch 49 [aggregation then communication] ---
--- client 3 in epoch 49 [aggregation then communication] ---
--- client 4 in epoch 49 [aggregation then communication] ---
--- client 5 in epoch 49 [aggregation then communication] ---
--- client 6 in epoch 49 [aggregation then communication] ---
--- client 7 in epoch 49 [aggregation then communication] ---
--- client 8 in epoch 49 [aggregation then communication] ---
--- client 9 in epoch 49 [aggregation then communication] ---
--- global epoch 49: global acc = 90.95% ---
--- local epoch 49: local acc = [C0:99.61%, C1:99.76%, C2:99.22%, C3:99.82%, C4:99.41%, C5:99.84%, C6:99.66%, C7:99.73%, C8:99.66%, C9:99.58%] ---

--- global epoch 50/60 ---
--- At epoch 50, learning rate decays to 0.003716 ---
--- client 0 in epoch 50 [aggregation then communication] ---
--- client 1 in epoch 50 [aggregation then communication] ---
--- client 2 in epoch 50 [aggregation then communication] ---
--- client 3 in epoch 50 [aggregation then communication] ---
--- client 4 in epoch 50 [aggregation then communication] ---
--- client 5 in epoch 50 [aggregation then communication] ---
--- client 6 in epoch 50 [aggregation then communication] ---
--- client 7 in epoch 50 [aggregation then communication] ---
--- client 8 in epoch 50 [aggregation then communication] ---
--- client 9 in epoch 50 [aggregation then communication] ---
--- global epoch 50: global acc = 91.16% ---
--- local epoch 50: local acc = [C0:99.28%, C1:99.88%, C2:99.46%, C3:99.96%, C4:99.62%, C5:99.35%, C6:99.83%, C7:99.81%, C8:99.81%, C9:99.78%] ---

--- global epoch 51/60 ---
--- At epoch 51, learning rate decays to 0.003642 ---
--- client 0 in epoch 51 [aggregation then communication] ---
--- client 1 in epoch 51 [aggregation then communication] ---
--- client 2 in epoch 51 [aggregation then communication] ---
--- client 3 in epoch 51 [aggregation then communication] ---
--- client 4 in epoch 51 [aggregation then communication] ---
--- client 5 in epoch 51 [aggregation then communication] ---
--- client 6 in epoch 51 [aggregation then communication] ---
--- client 7 in epoch 51 [aggregation then communication] ---
--- client 8 in epoch 51 [aggregation then communication] ---
--- client 9 in epoch 51 [aggregation then communication] ---
--- global epoch 51: global acc = 91.35% ---
--- local epoch 51: local acc = [C0:99.88%, C1:99.52%, C2:99.85%, C3:99.89%, C4:99.36%, C5:99.75%, C6:99.88%, C7:99.81%, C8:99.77%, C9:99.96%] ---

--- global epoch 52/60 ---
--- At epoch 52, learning rate decays to 0.003569 ---
--- client 0 in epoch 52 [aggregation then communication] ---
--- client 1 in epoch 52 [aggregation then communication] ---
--- client 2 in epoch 52 [aggregation then communication] ---
--- client 3 in epoch 52 [aggregation then communication] ---
--- client 4 in epoch 52 [aggregation then communication] ---
--- client 5 in epoch 52 [aggregation then communication] ---
--- client 6 in epoch 52 [aggregation then communication] ---
--- client 7 in epoch 52 [aggregation then communication] ---
--- client 8 in epoch 52 [aggregation then communication] ---
--- client 9 in epoch 52 [aggregation then communication] ---
--- global epoch 52: global acc = 91.18% ---
--- local epoch 52: local acc = [C0:99.81%, C1:99.54%, C2:99.79%, C3:99.84%, C4:99.70%, C5:99.97%, C6:99.95%, C7:99.71%, C8:99.80%, C9:99.96%] ---

--- global epoch 53/60 ---
--- At epoch 53, learning rate decays to 0.003497 ---
--- client 0 in epoch 53 [aggregation then communication] ---
--- client 1 in epoch 53 [aggregation then communication] ---
--- client 2 in epoch 53 [aggregation then communication] ---
--- client 3 in epoch 53 [aggregation then communication] ---
--- client 4 in epoch 53 [aggregation then communication] ---
--- client 5 in epoch 53 [aggregation then communication] ---
--- client 6 in epoch 53 [aggregation then communication] ---
--- client 7 in epoch 53 [aggregation then communication] ---
--- client 8 in epoch 53 [aggregation then communication] ---
--- client 9 in epoch 53 [aggregation then communication] ---
--- global epoch 53: global acc = 91.16% ---
--- local epoch 53: local acc = [C0:99.97%, C1:99.92%, C2:100.00%, C3:99.99%, C4:99.94%, C5:99.78%, C6:99.71%, C7:99.59%, C8:99.72%, C9:99.99%] ---

--- global epoch 54/60 ---
--- At epoch 54, learning rate decays to 0.003428 ---
--- client 0 in epoch 54 [aggregation then communication] ---
--- client 1 in epoch 54 [aggregation then communication] ---
--- client 2 in epoch 54 [aggregation then communication] ---
--- client 3 in epoch 54 [aggregation then communication] ---
--- client 4 in epoch 54 [aggregation then communication] ---
--- client 5 in epoch 54 [aggregation then communication] ---
--- client 6 in epoch 54 [aggregation then communication] ---
--- client 7 in epoch 54 [aggregation then communication] ---
--- client 8 in epoch 54 [aggregation then communication] ---
--- client 9 in epoch 54 [aggregation then communication] ---
--- global epoch 54: global acc = 90.61% ---
--- local epoch 54: local acc = [C0:99.36%, C1:99.99%, C2:99.90%, C3:99.91%, C4:99.93%, C5:99.92%, C6:100.00%, C7:99.86%, C8:99.72%, C9:99.97%] ---

--- global epoch 55/60 ---
--- At epoch 55, learning rate decays to 0.003359 ---
--- client 0 in epoch 55 [aggregation then communication] ---
--- client 1 in epoch 55 [aggregation then communication] ---
--- client 2 in epoch 55 [aggregation then communication] ---
--- client 3 in epoch 55 [aggregation then communication] ------ client 4 in epoch 55 [aggregation then communication] ---

--- client 5 in epoch 55 [aggregation then communication] ---
--- client 6 in epoch 55 [aggregation then communication] ---
--- client 7 in epoch 55 [aggregation then communication] ---
--- client 8 in epoch 55 [aggregation then communication] ---
--- client 9 in epoch 55 [aggregation then communication] ---
--- global epoch 55: global acc = 91.32% ---
--- local epoch 55: local acc = [C0:99.92%, C1:99.96%, C2:99.90%, C3:99.95%, C4:99.96%, C5:99.97%, C6:100.00%, C7:99.56%, C8:99.88%, C9:99.84%] ---

--- global epoch 56/60 ---
--- At epoch 56, learning rate decays to 0.003292 ---
--- client 0 in epoch 56 [aggregation then communication] ---
--- client 1 in epoch 56 [aggregation then communication] ---
--- client 2 in epoch 56 [aggregation then communication] ---
--- client 3 in epoch 56 [aggregation then communication] ---
--- client 4 in epoch 56 [aggregation then communication] ---
--- client 5 in epoch 56 [aggregation then communication] ---
--- client 6 in epoch 56 [aggregation then communication] ---
--- client 7 in epoch 56 [aggregation then communication] ---
--- client 8 in epoch 56 [aggregation then communication] ---
--- client 9 in epoch 56 [aggregation then communication] ---
--- global epoch 56: global acc = 91.20% ---
--- local epoch 56: local acc = [C0:99.98%, C1:99.88%, C2:100.00%, C3:99.99%, C4:100.00%, C5:99.97%, C6:99.97%, C7:99.78%, C8:99.93%, C9:99.97%] ---

--- global epoch 57/60 ---
--- At epoch 57, learning rate decays to 0.003226 ---
--- client 0 in epoch 57 [aggregation then communication] ---
--- client 1 in epoch 57 [aggregation then communication] ---
--- client 2 in epoch 57 [aggregation then communication] ---
--- client 3 in epoch 57 [aggregation then communication] ---
--- client 4 in epoch 57 [aggregation then communication] ---
--- client 5 in epoch 57 [aggregation then communication] ---
--- client 6 in epoch 57 [aggregation then communication] ---
--- client 7 in epoch 57 [aggregation then communication] ---
--- client 8 in epoch 57 [aggregation then communication] ---
--- client 9 in epoch 57 [aggregation then communication] ---
--- global epoch 57: global acc = 91.13% ---
--- local epoch 57: local acc = [C0:99.86%, C1:99.97%, C2:100.00%, C3:100.00%, C4:99.99%, C5:99.97%, C6:99.99%, C7:99.99%, C8:100.00%, C9:100.00%] ---

--- global epoch 58/60 ---
--- At epoch 58, learning rate decays to 0.003161 ---
--- client 0 in epoch 58 [aggregation then communication] ---
--- client 1 in epoch 58 [aggregation then communication] ---
--- client 2 in epoch 58 [aggregation then communication] ---
--- client 3 in epoch 58 [aggregation then communication] ---
--- client 4 in epoch 58 [aggregation then communication] ---
--- client 5 in epoch 58 [aggregation then communication] ---
--- client 6 in epoch 58 [aggregation then communication] ---
--- client 7 in epoch 58 [aggregation then communication] ---
--- client 8 in epoch 58 [aggregation then communication] ---
--- client 9 in epoch 58 [aggregation then communication] ---
--- global epoch 58: global acc = 91.32% ---
--- local epoch 58: local acc = [C0:100.00%, C1:99.96%, C2:100.00%, C3:99.94%, C4:100.00%, C5:100.00%, C6:99.99%, C7:100.00%, C8:100.00%, C9:100.00%] ---

--- global epoch 59/60 ---
--- At epoch 59, learning rate decays to 0.003098 ---
--- client 0 in epoch 59 [aggregation then communication] ---
--- client 1 in epoch 59 [aggregation then communication] ---
--- client 2 in epoch 59 [aggregation then communication] ---
--- client 3 in epoch 59 [aggregation then communication] ---
--- client 4 in epoch 59 [aggregation then communication] ---
--- client 5 in epoch 59 [aggregation then communication] ---
--- client 6 in epoch 59 [aggregation then communication] ---
--- client 7 in epoch 59 [aggregation then communication] ---
--- client 8 in epoch 59 [aggregation then communication] ---
--- client 9 in epoch 59 [aggregation then communication] ---
--- global epoch 59: global acc = 91.30% ---
--- local epoch 59: local acc = [C0:100.00%, C1:100.00%, C2:100.00%, C3:100.00%, C4:99.97%, C5:99.99%, C6:100.00%, C7:100.00%, C8:100.00%, C9:100.00%] ---

--- global epoch 60/60 ---
--- At epoch 60, learning rate decays to 0.003036 ---
--- client 0 in epoch 60 [aggregation then communication] ---
--- client 1 in epoch 60 [aggregation then communication] ---
--- client 2 in epoch 60 [aggregation then communication] ---
--- client 3 in epoch 60 [aggregation then communication] ---
--- client 4 in epoch 60 [aggregation then communication] ---
--- client 5 in epoch 60 [aggregation then communication] ---
--- client 6 in epoch 60 [aggregation then communication] ---
--- client 7 in epoch 60 [aggregation then communication] ---
--- client 8 in epoch 60 [aggregation then communication] ---
--- client 9 in epoch 60 [aggregation then communication] ---
--- global epoch 60: global acc = 91.42% ---
--- local epoch 60: local acc = [C0:100.00%, C1:100.00%, C2:100.00%, C3:100.00%, C4:100.00%, C5:99.97%, C6:100.00%, C7:100.00%, C8:100.00%, C9:100.00%] ---
Total runtime: 4121.52s (1:08:41)

 saving results
results save in C:\Users\Kong\Desktop\\decentralized_federated_learning-master\decentralized_federated_learning-master\res\clients_10-epochs_2-20250924_211413.json
