client 0 initial number of neighbors: 9
client 1 initial number of neighbors: 9
client 2 initial number of neighbors: 9
client 3 initial number of neighbors: 9
client 4 initial number of neighbors: 9
client 5 initial number of neighbors: 9
client 6 initial number of neighbors: 9
client 7 initial number of neighbors: 9
client 8 initial number of neighbors: 9
client 9 initial number of neighbors: 9

 training begins! (epoch-by-epoch parallel mode with global evaluation)

--- global epoch 1/60 ---
--- client 0 in epoch 1 [aggregation then communication] ---
--- client 1 in epoch 1 [aggregation then communication] ---
--- client 2 in epoch 1 [aggregation then communication] ---
--- client 3 in epoch 1 [aggregation then communication] ---
--- client 4 in epoch 1 [aggregation then communication] ---
--- client 5 in epoch 1 [aggregation then communication] ---
--- client 6 in epoch 1 [aggregation then communication] ---
--- client 7 in epoch 1 [aggregation then communication] ---
--- client 8 in epoch 1 [aggregation then communication] ---
--- client 9 in epoch 1 [aggregation then communication] ---
--- global epoch 1: global acc = 10.00% ---
--- local epoch 1: local acc = [C0:63.08%, C1:63.93%, C2:59.22%, C3:63.37%, C4:60.27%, C5:64.37%, C6:63.98%, C7:57.02%, C8:62.15%, C9:63.07%] ---

--- global epoch 2/60 ---
--- At epoch 2, learning rate decays to 0.049000 ---
--- client 0 in epoch 2 [aggregation then communication] ---
--- client 1 in epoch 2 [aggregation then communication] ---
--- client 2 in epoch 2 [aggregation then communication] ---
--- client 3 in epoch 2 [aggregation then communication] ---
--- client 4 in epoch 2 [aggregation then communication] ---
--- client 5 in epoch 2 [aggregation then communication] ---
--- client 6 in epoch 2 [aggregation then communication] ---
--- client 7 in epoch 2 [aggregation then communication] ---
--- client 8 in epoch 2 [aggregation then communication] ---
--- client 9 in epoch 2 [aggregation then communication] ---
--- global epoch 2: global acc = 24.12% ---
--- local epoch 2: local acc = [C0:74.58%, C1:73.98%, C2:73.25%, C3:73.73%, C4:74.48%, C5:76.48%, C6:74.60%, C7:74.38%, C8:74.58%, C9:74.27%] ---

--- global epoch 3/60 ---
--- At epoch 3, learning rate decays to 0.048020 ---
--- client 0 in epoch 3 [aggregation then communication] ---
--- client 1 in epoch 3 [aggregation then communication] ---
--- client 2 in epoch 3 [aggregation then communication] ---
--- client 3 in epoch 3 [aggregation then communication] ---
--- client 4 in epoch 3 [aggregation then communication] ---
--- client 5 in epoch 3 [aggregation then communication] ---
--- client 6 in epoch 3 [aggregation then communication] ---
--- client 7 in epoch 3 [aggregation then communication] ---
--- client 8 in epoch 3 [aggregation then communication] ---
--- client 9 in epoch 3 [aggregation then communication] ---
--- global epoch 3: global acc = 43.49% ---
--- local epoch 3: local acc = [C0:79.72%, C1:78.17%, C2:79.47%, C3:81.92%, C4:79.38%, C5:80.03%, C6:79.43%, C7:78.28%, C8:79.93%, C9:78.78%] ---

--- global epoch 4/60 ---
--- At epoch 4, learning rate decays to 0.047060 ---
--- client 0 in epoch 4 [aggregation then communication] ---
--- client 1 in epoch 4 [aggregation then communication] ---
--- client 2 in epoch 4 [aggregation then communication] ---
--- client 3 in epoch 4 [aggregation then communication] ---
--- client 4 in epoch 4 [aggregation then communication] ---
--- client 5 in epoch 4 [aggregation then communication] ---
--- client 6 in epoch 4 [aggregation then communication] ---
--- client 7 in epoch 4 [aggregation then communication] ---
--- client 8 in epoch 4 [aggregation then communication] ---
--- client 9 in epoch 4 [aggregation then communication] ---
--- global epoch 4: global acc = 78.44% ---
--- local epoch 4: local acc = [C0:80.93%, C1:82.48%, C2:81.87%, C3:81.05%, C4:82.25%, C5:83.50%, C6:82.72%, C7:82.40%, C8:82.22%, C9:81.77%] ---

--- global epoch 5/60 ---
--- At epoch 5, learning rate decays to 0.046118 ---
--- client 0 in epoch 5 [aggregation then communication] ---
--- client 1 in epoch 5 [aggregation then communication] ---
--- client 2 in epoch 5 [aggregation then communication] ---
--- client 3 in epoch 5 [aggregation then communication] ---
--- client 4 in epoch 5 [aggregation then communication] ---
--- client 5 in epoch 5 [aggregation then communication] ---
--- client 6 in epoch 5 [aggregation then communication] ---
--- client 7 in epoch 5 [aggregation then communication] ---
--- client 8 in epoch 5 [aggregation then communication] ---
--- client 9 in epoch 5 [aggregation then communication] ---
--- global epoch 5: global acc = 85.66% ---
--- local epoch 5: local acc = [C0:83.27%, C1:83.83%, C2:83.83%, C3:84.10%, C4:84.60%, C5:85.15%, C6:84.33%, C7:83.90%, C8:84.47%, C9:84.17%] ---

--- global epoch 6/60 ---
--- At epoch 6, learning rate decays to 0.045196 ---
--- client 0 in epoch 6 [aggregation then communication] ---
--- client 1 in epoch 6 [aggregation then communication] ---
--- client 2 in epoch 6 [aggregation then communication] ---
--- client 3 in epoch 6 [aggregation then communication] ---
--- client 4 in epoch 6 [aggregation then communication] ---
--- client 5 in epoch 6 [aggregation then communication] ---
--- client 6 in epoch 6 [aggregation then communication] ---
--- client 7 in epoch 6 [aggregation then communication] ---
--- client 8 in epoch 6 [aggregation then communication] ---
--- client 9 in epoch 6 [aggregation then communication] ---
--- global epoch 6: global acc = 85.84% ---
--- local epoch 6: local acc = [C0:84.55%, C1:85.07%, C2:85.12%, C3:84.90%, C4:86.33%, C5:86.03%, C6:84.88%, C7:85.25%, C8:85.23%, C9:85.17%] ---

--- global epoch 7/60 ---
--- At epoch 7, learning rate decays to 0.044292 ---
--- client 0 in epoch 7 [aggregation then communication] ---
--- client 1 in epoch 7 [aggregation then communication] ---
--- client 2 in epoch 7 [aggregation then communication] ---
--- client 3 in epoch 7 [aggregation then communication] ---
--- client 4 in epoch 7 [aggregation then communication] ---
--- client 5 in epoch 7 [aggregation then communication] ---
--- client 6 in epoch 7 [aggregation then communication] ---
--- client 7 in epoch 7 [aggregation then communication] ---
--- client 8 in epoch 7 [aggregation then communication] ---
--- client 9 in epoch 7 [aggregation then communication] ---
--- global epoch 7: global acc = 87.36% ---
--- local epoch 7: local acc = [C0:85.72%, C1:86.52%, C2:86.02%, C3:85.60%, C4:86.15%, C5:86.68%, C6:86.15%, C7:85.83%, C8:85.78%, C9:86.58%] ---

--- global epoch 8/60 ---
--- At epoch 8, learning rate decays to 0.043406 ---
--- client 0 in epoch 8 [aggregation then communication] ---
--- client 1 in epoch 8 [aggregation then communication] ---
--- client 2 in epoch 8 [aggregation then communication] ---
--- client 3 in epoch 8 [aggregation then communication] ---
--- client 4 in epoch 8 [aggregation then communication] ---
--- client 5 in epoch 8 [aggregation then communication] ---
--- client 6 in epoch 8 [aggregation then communication] ---
--- client 7 in epoch 8 [aggregation then communication] ---
--- client 8 in epoch 8 [aggregation then communication] ---
--- client 9 in epoch 8 [aggregation then communication] ---
--- global epoch 8: global acc = 85.88% ---
--- local epoch 8: local acc = [C0:86.10%, C1:87.20%, C2:86.00%, C3:86.62%, C4:86.73%, C5:87.17%, C6:87.23%, C7:87.15%, C8:86.93%, C9:86.58%] ---

--- global epoch 9/60 ---
--- At epoch 9, learning rate decays to 0.042538 ---
--- client 0 in epoch 9 [aggregation then communication] ---
--- client 1 in epoch 9 [aggregation then communication] ---
--- client 2 in epoch 9 [aggregation then communication] ---
--- client 3 in epoch 9 [aggregation then communication] ---
--- client 4 in epoch 9 [aggregation then communication] ---
--- client 5 in epoch 9 [aggregation then communication] ---
--- client 6 in epoch 9 [aggregation then communication] ---
--- client 7 in epoch 9 [aggregation then communication] ---
--- client 8 in epoch 9 [aggregation then communication] ---
--- client 9 in epoch 9 [aggregation then communication] ---
--- global epoch 9: global acc = 86.88% ---
--- local epoch 9: local acc = [C0:86.90%, C1:87.70%, C2:86.87%, C3:87.45%, C4:87.40%, C5:87.98%, C6:87.55%, C7:87.15%, C8:87.23%, C9:87.23%] ---

--- global epoch 10/60 ---
--- At epoch 10, learning rate decays to 0.041687 ---
--- client 0 in epoch 10 [aggregation then communication] ---
--- client 1 in epoch 10 [aggregation then communication] ---
--- client 2 in epoch 10 [aggregation then communication] ---
--- client 3 in epoch 10 [aggregation then communication] ---
--- client 4 in epoch 10 [aggregation then communication] ---
--- client 5 in epoch 10 [aggregation then communication] ---
--- client 6 in epoch 10 [aggregation then communication] ---
--- client 7 in epoch 10 [aggregation then communication] ---
--- client 8 in epoch 10 [aggregation then communication] ---
--- client 9 in epoch 10 [aggregation then communication] ---
--- global epoch 10: global acc = 85.34% ---
--- local epoch 10: local acc = [C0:87.10%, C1:87.92%, C2:86.98%, C3:86.97%, C4:88.23%, C5:88.80%, C6:87.90%, C7:87.53%, C8:87.75%, C9:87.85%] ---

--- global epoch 11/60 ---
--- At epoch 11, learning rate decays to 0.040854 ---
--- client 0 in epoch 11 [aggregation then communication] ---
--- client 1 in epoch 11 [aggregation then communication] ---
--- client 2 in epoch 11 [aggregation then communication] ---
--- client 3 in epoch 11 [aggregation then communication] ---
--- client 4 in epoch 11 [aggregation then communication] ---
--- client 5 in epoch 11 [aggregation then communication] ---
--- client 6 in epoch 11 [aggregation then communication] ---
--- client 7 in epoch 11 [aggregation then communication] ---
--- client 8 in epoch 11 [aggregation then communication] ---
--- client 9 in epoch 11 [aggregation then communication] ---
--- global epoch 11: global acc = 88.06% ---
--- local epoch 11: local acc = [C0:87.15%, C1:88.48%, C2:87.93%, C3:88.40%, C4:88.40%, C5:88.68%, C6:88.22%, C7:87.38%, C8:87.95%, C9:88.83%] ---

--- global epoch 12/60 ---
--- At epoch 12, learning rate decays to 0.040037 ---
--- client 0 in epoch 12 [aggregation then communication] ---
--- client 1 in epoch 12 [aggregation then communication] ---
--- client 2 in epoch 12 [aggregation then communication] ---
--- client 3 in epoch 12 [aggregation then communication] ---
--- client 4 in epoch 12 [aggregation then communication] ---
--- client 5 in epoch 12 [aggregation then communication] ---
--- client 6 in epoch 12 [aggregation then communication] ---
--- client 7 in epoch 12 [aggregation then communication] ---
--- client 8 in epoch 12 [aggregation then communication] ---
--- client 9 in epoch 12 [aggregation then communication] ---
--- global epoch 12: global acc = 87.16% ---
--- local epoch 12: local acc = [C0:88.40%, C1:89.20%, C2:88.58%, C3:88.45%, C4:88.58%, C5:89.08%, C6:88.83%, C7:88.28%, C8:88.25%, C9:88.97%] ---

--- global epoch 13/60 ---
--- At epoch 13, learning rate decays to 0.039236 ---
--- client 0 in epoch 13 [aggregation then communication] ---
--- client 1 in epoch 13 [aggregation then communication] ---
--- client 2 in epoch 13 [aggregation then communication] ---
--- client 3 in epoch 13 [aggregation then communication] ---
--- client 4 in epoch 13 [aggregation then communication] ---
--- client 5 in epoch 13 [aggregation then communication] ---
--- client 6 in epoch 13 [aggregation then communication] ---
--- client 7 in epoch 13 [aggregation then communication] ---
--- client 8 in epoch 13 [aggregation then communication] ---
--- client 9 in epoch 13 [aggregation then communication] ---
--- global epoch 13: global acc = 84.73% ---
--- local epoch 13: local acc = [C0:88.48%, C1:89.47%, C2:88.32%, C3:88.93%, C4:89.15%, C5:89.93%, C6:88.70%, C7:88.70%, C8:88.68%, C9:88.92%] ---

--- global epoch 14/60 ---
--- At epoch 14, learning rate decays to 0.038451 ---
--- client 0 in epoch 14 [aggregation then communication] ---
--- client 1 in epoch 14 [aggregation then communication] ---
--- client 2 in epoch 14 [aggregation then communication] ---
--- client 3 in epoch 14 [aggregation then communication] ---
--- client 4 in epoch 14 [aggregation then communication] ---
--- client 5 in epoch 14 [aggregation then communication] ---
--- client 6 in epoch 14 [aggregation then communication] ---
--- client 7 in epoch 14 [aggregation then communication] ---
--- client 8 in epoch 14 [aggregation then communication] ---
--- client 9 in epoch 14 [aggregation then communication] ---
--- global epoch 14: global acc = 88.54% ---
--- local epoch 14: local acc = [C0:88.85%, C1:89.07%, C2:88.97%, C3:88.77%, C4:88.97%, C5:89.28%, C6:89.80%, C7:88.53%, C8:88.98%, C9:89.37%] ---

--- global epoch 15/60 ---
--- At epoch 15, learning rate decays to 0.037682 ---
--- client 0 in epoch 15 [aggregation then communication] ---
--- client 1 in epoch 15 [aggregation then communication] ---
--- client 2 in epoch 15 [aggregation then communication] ---
--- client 3 in epoch 15 [aggregation then communication] ---
--- client 4 in epoch 15 [aggregation then communication] ---
--- client 5 in epoch 15 [aggregation then communication] ---
--- client 6 in epoch 15 [aggregation then communication] ---
--- client 7 in epoch 15 [aggregation then communication] ---
--- client 8 in epoch 15 [aggregation then communication] ---
--- client 9 in epoch 15 [aggregation then communication] ---
--- global epoch 15: global acc = 89.08% ---
--- local epoch 15: local acc = [C0:89.25%, C1:89.93%, C2:88.90%, C3:89.28%, C4:89.43%, C5:90.03%, C6:89.80%, C7:89.55%, C8:89.80%, C9:89.77%] ---

--- global epoch 16/60 ---
--- At epoch 16, learning rate decays to 0.036928 ---
--- client 0 in epoch 16 [aggregation then communication] ---
--- client 1 in epoch 16 [aggregation then communication] ---
--- client 2 in epoch 16 [aggregation then communication] ---
--- client 3 in epoch 16 [aggregation then communication] ---
--- client 4 in epoch 16 [aggregation then communication] ---
--- client 5 in epoch 16 [aggregation then communication] ---
--- client 6 in epoch 16 [aggregation then communication] ---
--- client 7 in epoch 16 [aggregation then communication] ---
--- client 8 in epoch 16 [aggregation then communication] ---
--- client 9 in epoch 16 [aggregation then communication] ---
--- global epoch 16: global acc = 89.17% ---
--- local epoch 16: local acc = [C0:89.27%, C1:89.92%, C2:89.47%, C3:89.32%, C4:90.12%, C5:90.30%, C6:89.98%, C7:89.60%, C8:89.97%, C9:90.17%] ---

--- global epoch 17/60 ---
--- At epoch 17, learning rate decays to 0.036190 ---
--- client 0 in epoch 17 [aggregation then communication] ---
--- client 1 in epoch 17 [aggregation then communication] ---
--- client 2 in epoch 17 [aggregation then communication] ---
--- client 3 in epoch 17 [aggregation then communication] ---
--- client 4 in epoch 17 [aggregation then communication] ---
--- client 5 in epoch 17 [aggregation then communication] ---
--- client 6 in epoch 17 [aggregation then communication] ---
--- client 7 in epoch 17 [aggregation then communication] ---
--- client 8 in epoch 17 [aggregation then communication] ---
--- client 9 in epoch 17 [aggregation then communication] ---
--- global epoch 17: global acc = 89.21% ---
--- local epoch 17: local acc = [C0:89.53%, C1:90.82%, C2:91.22%, C3:90.08%, C4:90.08%, C5:90.92%, C6:90.35%, C7:89.65%, C8:89.93%, C9:90.27%] ---

--- global epoch 18/60 ---
--- At epoch 18, learning rate decays to 0.035466 ---
--- client 0 in epoch 18 [aggregation then communication] ---
--- client 1 in epoch 18 [aggregation then communication] ---
--- client 2 in epoch 18 [aggregation then communication] ---
--- client 3 in epoch 18 [aggregation then communication] ---
--- client 4 in epoch 18 [aggregation then communication] ---
--- client 5 in epoch 18 [aggregation then communication] ---
--- client 6 in epoch 18 [aggregation then communication] ---
--- client 7 in epoch 18 [aggregation then communication] ---
--- client 8 in epoch 18 [aggregation then communication] ---
--- client 9 in epoch 18 [aggregation then communication] ---
--- global epoch 18: global acc = 88.42% ---
--- local epoch 18: local acc = [C0:91.07%, C1:90.57%, C2:89.88%, C3:89.83%, C4:89.92%, C5:91.05%, C6:90.65%, C7:89.98%, C8:90.25%, C9:90.58%] ---

--- global epoch 19/60 ---
--- At epoch 19, learning rate decays to 0.034757 ---
--- client 0 in epoch 19 [aggregation then communication] ---
--- client 1 in epoch 19 [aggregation then communication] ---
--- client 2 in epoch 19 [aggregation then communication] ---
--- client 3 in epoch 19 [aggregation then communication] ---
--- client 4 in epoch 19 [aggregation then communication] ---
--- client 5 in epoch 19 [aggregation then communication] ---
--- client 6 in epoch 19 [aggregation then communication] ---
--- client 7 in epoch 19 [aggregation then communication] ---
--- client 8 in epoch 19 [aggregation then communication] ---
--- client 9 in epoch 19 [aggregation then communication] ---
--- global epoch 19: global acc = 90.03% ---
--- local epoch 19: local acc = [C0:90.18%, C1:90.65%, C2:90.45%, C3:90.18%, C4:90.58%, C5:90.77%, C6:90.78%, C7:90.43%, C8:90.67%, C9:90.73%] ---

--- global epoch 20/60 ---
--- At epoch 20, learning rate decays to 0.034062 ---
--- client 0 in epoch 20 [aggregation then communication] ---
--- client 1 in epoch 20 [aggregation then communication] ---
--- client 2 in epoch 20 [aggregation then communication] ---
--- client 3 in epoch 20 [aggregation then communication] ---
--- client 4 in epoch 20 [aggregation then communication] ---
--- client 5 in epoch 20 [aggregation then communication] ---
--- client 6 in epoch 20 [aggregation then communication] ---
--- client 7 in epoch 20 [aggregation then communication] ---
--- client 8 in epoch 20 [aggregation then communication] ---
--- client 9 in epoch 20 [aggregation then communication] ---
--- global epoch 20: global acc = 89.68% ---
--- local epoch 20: local acc = [C0:90.85%, C1:91.50%, C2:90.45%, C3:90.33%, C4:90.75%, C5:90.68%, C6:90.95%, C7:90.63%, C8:90.42%, C9:91.13%] ---

--- global epoch 21/60 ---
--- At epoch 21, learning rate decays to 0.033380 ---
--- client 0 in epoch 21 [aggregation then communication] ---
--- client 1 in epoch 21 [aggregation then communication] ---
--- client 2 in epoch 21 [aggregation then communication] ---
--- client 3 in epoch 21 [aggregation then communication] ---
--- client 4 in epoch 21 [aggregation then communication] ---
--- client 5 in epoch 21 [aggregation then communication] ---
--- client 6 in epoch 21 [aggregation then communication] ---
--- client 7 in epoch 21 [aggregation then communication] ---
--- client 8 in epoch 21 [aggregation then communication] ---
--- client 9 in epoch 21 [aggregation then communication] ---
--- global epoch 21: global acc = 89.40% ---
--- local epoch 21: local acc = [C0:90.82%, C1:91.35%, C2:90.28%, C3:90.87%, C4:90.78%, C5:91.20%, C6:91.38%, C7:91.05%, C8:90.52%, C9:90.73%] ---

--- global epoch 22/60 ---
--- At epoch 22, learning rate decays to 0.032713 ---
--- client 0 in epoch 22 [aggregation then communication] ---
--- client 1 in epoch 22 [aggregation then communication] ---
--- client 2 in epoch 22 [aggregation then communication] ---
--- client 3 in epoch 22 [aggregation then communication] ---
--- client 4 in epoch 22 [aggregation then communication] ---
--- client 5 in epoch 22 [aggregation then communication] ---
--- client 6 in epoch 22 [aggregation then communication] ---
--- client 7 in epoch 22 [aggregation then communication] ---
--- client 8 in epoch 22 [aggregation then communication] ---
--- client 9 in epoch 22 [aggregation then communication] ---
--- global epoch 22: global acc = 88.14% ---
--- local epoch 22: local acc = [C0:90.45%, C1:91.65%, C2:91.00%, C3:90.97%, C4:90.67%, C5:91.37%, C6:91.18%, C7:90.63%, C8:90.90%, C9:91.43%] ---

--- global epoch 23/60 ---
--- At epoch 23, learning rate decays to 0.032059 ---
--- client 0 in epoch 23 [aggregation then communication] ---
--- client 1 in epoch 23 [aggregation then communication] ---
--- client 2 in epoch 23 [aggregation then communication] ---
--- client 3 in epoch 23 [aggregation then communication] ---
--- client 4 in epoch 23 [aggregation then communication] ---
--- client 5 in epoch 23 [aggregation then communication] ---
--- client 6 in epoch 23 [aggregation then communication] ---
--- client 7 in epoch 23 [aggregation then communication] ---
--- client 8 in epoch 23 [aggregation then communication] ---
--- client 9 in epoch 23 [aggregation then communication] ---
--- global epoch 23: global acc = 90.03% ---
--- local epoch 23: local acc = [C0:91.05%, C1:91.72%, C2:92.13%, C3:91.02%, C4:91.47%, C5:91.28%, C6:91.53%, C7:90.88%, C8:90.73%, C9:91.28%] ---

--- global epoch 24/60 ---
--- At epoch 24, learning rate decays to 0.031417 ---
--- client 0 in epoch 24 [aggregation then communication] ---
--- client 1 in epoch 24 [aggregation then communication] ---
--- client 2 in epoch 24 [aggregation then communication] ---
--- client 3 in epoch 24 [aggregation then communication] ---
--- client 4 in epoch 24 [aggregation then communication] ---
--- client 5 in epoch 24 [aggregation then communication] ---
--- client 6 in epoch 24 [aggregation then communication] ---
--- client 7 in epoch 24 [aggregation then communication] ---
--- client 8 in epoch 24 [aggregation then communication] ---
--- client 9 in epoch 24 [aggregation then communication] ---
--- global epoch 24: global acc = 88.36% ---
--- local epoch 24: local acc = [C0:91.12%, C1:91.40%, C2:91.13%, C3:91.28%, C4:91.30%, C5:91.38%, C6:91.70%, C7:91.12%, C8:91.42%, C9:92.07%] ---

--- global epoch 25/60 ---
--- At epoch 25, learning rate decays to 0.030789 ---
--- client 0 in epoch 25 [aggregation then communication] ---
--- client 1 in epoch 25 [aggregation then communication] ---
--- client 2 in epoch 25 [aggregation then communication] ---
--- client 3 in epoch 25 [aggregation then communication] ---
--- client 4 in epoch 25 [aggregation then communication] ---
--- client 5 in epoch 25 [aggregation then communication] ---
--- client 6 in epoch 25 [aggregation then communication] ---
--- client 7 in epoch 25 [aggregation then communication] ---
--- client 8 in epoch 25 [aggregation then communication] ---
--- client 9 in epoch 25 [aggregation then communication] ---
--- global epoch 25: global acc = 90.18% ---
--- local epoch 25: local acc = [C0:91.07%, C1:91.73%, C2:91.35%, C3:91.50%, C4:92.17%, C5:91.78%, C6:91.92%, C7:91.17%, C8:91.95%, C9:91.87%] ---

--- global epoch 26/60 ---
--- At epoch 26, learning rate decays to 0.030173 ---
--- client 0 in epoch 26 [aggregation then communication] ---
--- client 1 in epoch 26 [aggregation then communication] ---
--- client 2 in epoch 26 [aggregation then communication] ---
--- client 3 in epoch 26 [aggregation then communication] ---
--- client 4 in epoch 26 [aggregation then communication] ---
--- client 5 in epoch 26 [aggregation then communication] ---
--- client 6 in epoch 26 [aggregation then communication] ---
--- client 7 in epoch 26 [aggregation then communication] ---
--- client 8 in epoch 26 [aggregation then communication] ---
--- client 9 in epoch 26 [aggregation then communication] ---
--- global epoch 26: global acc = 90.54% ---
--- local epoch 26: local acc = [C0:91.47%, C1:91.77%, C2:91.53%, C3:91.32%, C4:92.32%, C5:91.90%, C6:92.43%, C7:92.05%, C8:91.60%, C9:92.00%] ---

--- global epoch 27/60 ---
--- At epoch 27, learning rate decays to 0.029570 ---
--- client 0 in epoch 27 [aggregation then communication] ---
--- client 1 in epoch 27 [aggregation then communication] ---
--- client 2 in epoch 27 [aggregation then communication] ---
--- client 3 in epoch 27 [aggregation then communication] ---
--- client 4 in epoch 27 [aggregation then communication] ---
--- client 5 in epoch 27 [aggregation then communication] ---
--- client 6 in epoch 27 [aggregation then communication] ---
--- client 7 in epoch 27 [aggregation then communication] ---
--- client 8 in epoch 27 [aggregation then communication] ---
--- client 9 in epoch 27 [aggregation then communication] ---
--- global epoch 27: global acc = 90.02% ---
--- local epoch 27: local acc = [C0:91.10%, C1:92.07%, C2:91.60%, C3:91.33%, C4:91.65%, C5:92.12%, C6:92.52%, C7:91.58%, C8:91.80%, C9:92.42%] ---

--- global epoch 28/60 ---
--- At epoch 28, learning rate decays to 0.028978 ---
--- client 0 in epoch 28 [aggregation then communication] ---
--- client 1 in epoch 28 [aggregation then communication] ---
--- client 2 in epoch 28 [aggregation then communication] ---
--- client 3 in epoch 28 [aggregation then communication] ---
--- client 4 in epoch 28 [aggregation then communication] ---
--- client 5 in epoch 28 [aggregation then communication] ---
--- client 6 in epoch 28 [aggregation then communication] ---
--- client 7 in epoch 28 [aggregation then communication] ---
--- client 8 in epoch 28 [aggregation then communication] ---
--- client 9 in epoch 28 [aggregation then communication] ---
--- global epoch 28: global acc = 89.80% ---
--- local epoch 28: local acc = [C0:91.65%, C1:92.88%, C2:92.32%, C3:92.12%, C4:91.55%, C5:92.43%, C6:92.18%, C7:92.00%, C8:92.25%, C9:92.25%] ---

--- global epoch 29/60 ---
--- At epoch 29, learning rate decays to 0.028399 ---
--- client 0 in epoch 29 [aggregation then communication] ---
--- client 1 in epoch 29 [aggregation then communication] ---
--- client 2 in epoch 29 [aggregation then communication] ---
--- client 3 in epoch 29 [aggregation then communication] ---
--- client 4 in epoch 29 [aggregation then communication] ---
--- client 5 in epoch 29 [aggregation then communication] ---
--- client 6 in epoch 29 [aggregation then communication] ---
--- client 7 in epoch 29 [aggregation then communication] ---
--- client 8 in epoch 29 [aggregation then communication] ---
--- client 9 in epoch 29 [aggregation then communication] ---
--- global epoch 29: global acc = 89.80% ---
--- local epoch 29: local acc = [C0:91.82%, C1:93.05%, C2:91.92%, C3:92.20%, C4:92.30%, C5:92.13%, C6:92.52%, C7:91.63%, C8:92.12%, C9:92.53%] ---

--- global epoch 30/60 ---
--- At epoch 30, learning rate decays to 0.027831 ---
--- client 0 in epoch 30 [aggregation then communication] ---
--- client 1 in epoch 30 [aggregation then communication] ---
--- client 2 in epoch 30 [aggregation then communication] ---
--- client 3 in epoch 30 [aggregation then communication] ---
--- client 4 in epoch 30 [aggregation then communication] ---
--- client 5 in epoch 30 [aggregation then communication] ---
--- client 6 in epoch 30 [aggregation then communication] ---
--- client 7 in epoch 30 [aggregation then communication] ---
--- client 8 in epoch 30 [aggregation then communication] ---
--- client 9 in epoch 30 [aggregation then communication] ---
--- global epoch 30: global acc = 90.70% ---
--- local epoch 30: local acc = [C0:92.07%, C1:92.85%, C2:91.90%, C3:92.23%, C4:91.88%, C5:92.43%, C6:92.93%, C7:92.15%, C8:92.65%, C9:92.77%] ---

--- global epoch 31/60 ---
--- At epoch 31, learning rate decays to 0.027274 ---
--- client 0 in epoch 31 [aggregation then communication] ---
--- client 1 in epoch 31 [aggregation then communication] ---
--- client 2 in epoch 31 [aggregation then communication] ---
--- client 3 in epoch 31 [aggregation then communication] ---
--- client 4 in epoch 31 [aggregation then communication] ---
--- client 5 in epoch 31 [aggregation then communication] ---
--- client 6 in epoch 31 [aggregation then communication] ---
--- client 7 in epoch 31 [aggregation then communication] ---
--- client 8 in epoch 31 [aggregation then communication] ---
--- client 9 in epoch 31 [aggregation then communication] ---
--- global epoch 31: global acc = 90.95% ---
--- local epoch 31: local acc = [C0:92.13%, C1:92.98%, C2:92.80%, C3:92.15%, C4:92.32%, C5:92.62%, C6:93.03%, C7:92.38%, C8:92.65%, C9:93.00%] ---

--- global epoch 32/60 ---
--- At epoch 32, learning rate decays to 0.026729 ---
--- client 0 in epoch 32 [aggregation then communication] ---
--- client 1 in epoch 32 [aggregation then communication] ---
--- client 2 in epoch 32 [aggregation then communication] ---
--- client 3 in epoch 32 [aggregation then communication] ---
--- client 4 in epoch 32 [aggregation then communication] ---
--- client 5 in epoch 32 [aggregation then communication] ---
--- client 6 in epoch 32 [aggregation then communication] ---
--- client 7 in epoch 32 [aggregation then communication] ---
--- client 8 in epoch 32 [aggregation then communication] ---
--- client 9 in epoch 32 [aggregation then communication] ---
--- global epoch 32: global acc = 91.17% ---
--- local epoch 32: local acc = [C0:92.22%, C1:93.12%, C2:92.70%, C3:91.98%, C4:92.15%, C5:92.73%, C6:92.92%, C7:92.38%, C8:92.42%, C9:92.82%] ---

--- global epoch 33/60 ---
--- At epoch 33, learning rate decays to 0.026194 ---
--- client 0 in epoch 33 [aggregation then communication] ---
--- client 1 in epoch 33 [aggregation then communication] ---
--- client 2 in epoch 33 [aggregation then communication] ---
--- client 3 in epoch 33 [aggregation then communication] ---
--- client 4 in epoch 33 [aggregation then communication] ---
--- client 5 in epoch 33 [aggregation then communication] ---
--- client 6 in epoch 33 [aggregation then communication] ---
--- client 7 in epoch 33 [aggregation then communication] ---
--- client 8 in epoch 33 [aggregation then communication] ---
--- client 9 in epoch 33 [aggregation then communication] ---
--- global epoch 33: global acc = 90.47% ---
--- local epoch 33: local acc = [C0:92.07%, C1:93.28%, C2:92.27%, C3:92.85%, C4:92.85%, C5:92.88%, C6:92.97%, C7:92.72%, C8:92.93%, C9:93.23%] ---

--- global epoch 34/60 ---
--- At epoch 34, learning rate decays to 0.025670 ---
--- client 0 in epoch 34 [aggregation then communication] ---
--- client 1 in epoch 34 [aggregation then communication] ---
--- client 2 in epoch 34 [aggregation then communication] ---
--- client 3 in epoch 34 [aggregation then communication] ---
--- client 4 in epoch 34 [aggregation then communication] ---
--- client 5 in epoch 34 [aggregation then communication] ---
--- client 6 in epoch 34 [aggregation then communication] ---
--- client 7 in epoch 34 [aggregation then communication] ---
--- client 8 in epoch 34 [aggregation then communication] ---
--- client 9 in epoch 34 [aggregation then communication] ---
--- global epoch 34: global acc = 89.32% ---
--- local epoch 34: local acc = [C0:92.45%, C1:93.28%, C2:93.00%, C3:92.83%, C4:92.95%, C5:92.92%, C6:93.18%, C7:92.73%, C8:92.75%, C9:93.27%] ---

--- global epoch 35/60 ---
--- At epoch 35, learning rate decays to 0.025157 ---
--- client 0 in epoch 35 [aggregation then communication] ---
--- client 1 in epoch 35 [aggregation then communication] ---
--- client 2 in epoch 35 [aggregation then communication] ---
--- client 3 in epoch 35 [aggregation then communication] ---
--- client 4 in epoch 35 [aggregation then communication] ---
--- client 5 in epoch 35 [aggregation then communication] ---
--- client 6 in epoch 35 [aggregation then communication] ---
--- client 7 in epoch 35 [aggregation then communication] ---
--- client 8 in epoch 35 [aggregation then communication] ---
--- client 9 in epoch 35 [aggregation then communication] ---
--- global epoch 35: global acc = 91.27% ---
--- local epoch 35: local acc = [C0:92.55%, C1:93.67%, C2:92.93%, C3:92.83%, C4:92.83%, C5:93.08%, C6:93.28%, C7:93.38%, C8:93.25%, C9:93.58%] ---

--- global epoch 36/60 ---
--- At epoch 36, learning rate decays to 0.024654 ---
--- client 0 in epoch 36 [aggregation then communication] ---
--- client 1 in epoch 36 [aggregation then communication] ---
--- client 2 in epoch 36 [aggregation then communication] ---
--- client 3 in epoch 36 [aggregation then communication] ---
--- client 4 in epoch 36 [aggregation then communication] ---
--- client 5 in epoch 36 [aggregation then communication] ---
--- client 6 in epoch 36 [aggregation then communication] ---
--- client 7 in epoch 36 [aggregation then communication] ---
--- client 8 in epoch 36 [aggregation then communication] ---
--- client 9 in epoch 36 [aggregation then communication] ---
--- global epoch 36: global acc = 90.91% ---
--- local epoch 36: local acc = [C0:93.83%, C1:93.73%, C2:93.15%, C3:93.20%, C4:93.10%, C5:93.48%, C6:93.72%, C7:92.85%, C8:92.58%, C9:93.55%] ---

--- global epoch 37/60 ---
--- At epoch 37, learning rate decays to 0.024161 ---
--- client 0 in epoch 37 [aggregation then communication] ---
--- client 1 in epoch 37 [aggregation then communication] ---
--- client 2 in epoch 37 [aggregation then communication] ---
--- client 3 in epoch 37 [aggregation then communication] ---
--- client 4 in epoch 37 [aggregation then communication] ---
--- client 5 in epoch 37 [aggregation then communication] ---
--- client 6 in epoch 37 [aggregation then communication] ---
--- client 7 in epoch 37 [aggregation then communication] ---
--- client 8 in epoch 37 [aggregation then communication] ---
--- client 9 in epoch 37 [aggregation then communication] ---
--- global epoch 37: global acc = 90.71% ---
--- local epoch 37: local acc = [C0:92.95%, C1:94.20%, C2:93.02%, C3:93.68%, C4:93.40%, C5:93.20%, C6:93.52%, C7:93.47%, C8:93.30%, C9:93.17%] ---

--- global epoch 38/60 ---
--- At epoch 38, learning rate decays to 0.023677 ---
--- client 0 in epoch 38 [aggregation then communication] ---
--- client 1 in epoch 38 [aggregation then communication] ---
--- client 2 in epoch 38 [aggregation then communication] ---
--- client 3 in epoch 38 [aggregation then communication] ---
--- client 4 in epoch 38 [aggregation then communication] ---
--- client 5 in epoch 38 [aggregation then communication] ---
--- client 6 in epoch 38 [aggregation then communication] ---
--- client 7 in epoch 38 [aggregation then communication] ---
--- client 8 in epoch 38 [aggregation then communication] ---
--- client 9 in epoch 38 [aggregation then communication] ---
--- global epoch 38: global acc = 91.01% ---
--- local epoch 38: local acc = [C0:92.82%, C1:93.87%, C2:93.15%, C3:93.67%, C4:93.88%, C5:93.42%, C6:93.85%, C7:93.43%, C8:93.65%, C9:93.57%] ---

--- global epoch 39/60 ---
--- At epoch 39, learning rate decays to 0.023204 ---
--- client 0 in epoch 39 [aggregation then communication] ---
--- client 1 in epoch 39 [aggregation then communication] ---
--- client 2 in epoch 39 [aggregation then communication] ---
--- client 3 in epoch 39 [aggregation then communication] ---
--- client 4 in epoch 39 [aggregation then communication] ---
--- client 5 in epoch 39 [aggregation then communication] ---
--- client 6 in epoch 39 [aggregation then communication] ---
--- client 7 in epoch 39 [aggregation then communication] ---
--- client 8 in epoch 39 [aggregation then communication] ---
--- client 9 in epoch 39 [aggregation then communication] ---
--- global epoch 39: global acc = 90.88% ---
--- local epoch 39: local acc = [C0:93.12%, C1:94.48%, C2:93.68%, C3:93.70%, C4:93.77%, C5:93.80%, C6:93.80%, C7:93.35%, C8:93.50%, C9:94.18%] ---

--- global epoch 40/60 ---
--- At epoch 40, learning rate decays to 0.022740 ---
--- client 0 in epoch 40 [aggregation then communication] ---
--- client 1 in epoch 40 [aggregation then communication] ---
--- client 2 in epoch 40 [aggregation then communication] ---
--- client 3 in epoch 40 [aggregation then communication] ---
--- client 4 in epoch 40 [aggregation then communication] ---
--- client 5 in epoch 40 [aggregation then communication] ---
--- client 6 in epoch 40 [aggregation then communication] ---
--- client 7 in epoch 40 [aggregation then communication] ---
--- client 8 in epoch 40 [aggregation then communication] ---
--- client 9 in epoch 40 [aggregation then communication] ---
--- global epoch 40: global acc = 91.06% ---
--- local epoch 40: local acc = [C0:92.93%, C1:94.47%, C2:93.72%, C3:93.77%, C4:93.67%, C5:95.12%, C6:93.83%, C7:93.47%, C8:93.90%, C9:94.20%] ---

--- global epoch 41/60 ---
--- At epoch 41, learning rate decays to 0.022285 ---
--- client 0 in epoch 41 [aggregation then communication] ---
--- client 1 in epoch 41 [aggregation then communication] ---
--- client 2 in epoch 41 [aggregation then communication] ---
--- client 3 in epoch 41 [aggregation then communication] ---
--- client 4 in epoch 41 [aggregation then communication] ---
--- client 5 in epoch 41 [aggregation then communication] ---
--- client 6 in epoch 41 [aggregation then communication] ---
--- client 7 in epoch 41 [aggregation then communication] ---
--- client 8 in epoch 41 [aggregation then communication] ---
--- client 9 in epoch 41 [aggregation then communication] ---
--- global epoch 41: global acc = 91.04% ---
--- local epoch 41: local acc = [C0:93.85%, C1:94.62%, C2:93.80%, C3:93.65%, C4:93.67%, C5:93.95%, C6:94.48%, C7:93.83%, C8:93.97%, C9:94.05%] ---

--- global epoch 42/60 ---
--- At epoch 42, learning rate decays to 0.021839 ---
--- client 0 in epoch 42 [aggregation then communication] ---
--- client 1 in epoch 42 [aggregation then communication] ---
--- client 2 in epoch 42 [aggregation then communication] ---
--- client 3 in epoch 42 [aggregation then communication] ---
--- client 4 in epoch 42 [aggregation then communication] ---
--- client 5 in epoch 42 [aggregation then communication] ---
--- client 6 in epoch 42 [aggregation then communication] ---
--- client 7 in epoch 42 [aggregation then communication] ---
--- client 8 in epoch 42 [aggregation then communication] ---
--- client 9 in epoch 42 [aggregation then communication] ---
--- global epoch 42: global acc = 89.66% ---
--- local epoch 42: local acc = [C0:93.22%, C1:94.62%, C2:93.57%, C3:94.07%, C4:93.90%, C5:93.80%, C6:94.15%, C7:93.62%, C8:93.97%, C9:94.42%] ---

--- global epoch 43/60 ---
--- At epoch 43, learning rate decays to 0.021403 ---
--- client 0 in epoch 43 [aggregation then communication] ---
--- client 1 in epoch 43 [aggregation then communication] ---
--- client 2 in epoch 43 [aggregation then communication] ---
--- client 3 in epoch 43 [aggregation then communication] ---
--- client 4 in epoch 43 [aggregation then communication] ---
--- client 5 in epoch 43 [aggregation then communication] ---
--- client 6 in epoch 43 [aggregation then communication] ---
--- client 7 in epoch 43 [aggregation then communication] ---
--- client 8 in epoch 43 [aggregation then communication] ---
--- client 9 in epoch 43 [aggregation then communication] ---
--- global epoch 43: global acc = 91.35% ---
--- local epoch 43: local acc = [C0:93.58%, C1:94.92%, C2:94.12%, C3:94.22%, C4:93.72%, C5:93.93%, C6:94.52%, C7:93.65%, C8:94.12%, C9:94.22%] ---

--- global epoch 44/60 ---
--- At epoch 44, learning rate decays to 0.020974 ---
--- client 0 in epoch 44 [aggregation then communication] ---
--- client 1 in epoch 44 [aggregation then communication] ---
--- client 2 in epoch 44 [aggregation then communication] ---
--- client 3 in epoch 44 [aggregation then communication] ---
--- client 4 in epoch 44 [aggregation then communication] ---
--- client 5 in epoch 44 [aggregation then communication] ---
--- client 6 in epoch 44 [aggregation then communication] ---
--- client 7 in epoch 44 [aggregation then communication] ---
--- client 8 in epoch 44 [aggregation then communication] ---
--- client 9 in epoch 44 [aggregation then communication] ---
--- global epoch 44: global acc = 91.07% ---
--- local epoch 44: local acc = [C0:93.88%, C1:94.70%, C2:93.77%, C3:93.82%, C4:94.35%, C5:93.90%, C6:94.20%, C7:93.98%, C8:94.38%, C9:94.53%] ---

--- global epoch 45/60 ---
--- At epoch 45, learning rate decays to 0.020555 ---
--- client 0 in epoch 45 [aggregation then communication] ---
--- client 1 in epoch 45 [aggregation then communication] ---
--- client 2 in epoch 45 [aggregation then communication] ---
--- client 3 in epoch 45 [aggregation then communication] ---
--- client 4 in epoch 45 [aggregation then communication] ---
--- client 5 in epoch 45 [aggregation then communication] ---
--- client 6 in epoch 45 [aggregation then communication] ---
--- client 7 in epoch 45 [aggregation then communication] ------ client 8 in epoch 45 [aggregation then communication] ---

--- client 9 in epoch 45 [aggregation then communication] ---
--- global epoch 45: global acc = 91.01% ---
--- local epoch 45: local acc = [C0:93.85%, C1:94.98%, C2:94.75%, C3:94.75%, C4:94.20%, C5:94.53%, C6:94.80%, C7:93.92%, C8:94.43%, C9:94.80%] ---

--- global epoch 46/60 ---
--- At epoch 46, learning rate decays to 0.020144 ---
--- client 0 in epoch 46 [aggregation then communication] ---
--- client 1 in epoch 46 [aggregation then communication] ---
--- client 2 in epoch 46 [aggregation then communication] ---
--- client 3 in epoch 46 [aggregation then communication] ---
--- client 4 in epoch 46 [aggregation then communication] ---
--- client 5 in epoch 46 [aggregation then communication] ---
--- client 6 in epoch 46 [aggregation then communication] ---
--- client 7 in epoch 46 [aggregation then communication] ---
--- client 8 in epoch 46 [aggregation then communication] ---
--- client 9 in epoch 46 [aggregation then communication] ---
--- global epoch 46: global acc = 91.13% ---
--- local epoch 46: local acc = [C0:94.05%, C1:94.93%, C2:93.92%, C3:94.48%, C4:94.47%, C5:94.60%, C6:94.93%, C7:94.65%, C8:94.32%, C9:94.67%] ---

--- global epoch 47/60 ---
--- At epoch 47, learning rate decays to 0.019741 ---
--- client 0 in epoch 47 [aggregation then communication] ---
--- client 1 in epoch 47 [aggregation then communication] ---
--- client 2 in epoch 47 [aggregation then communication] ---
--- client 3 in epoch 47 [aggregation then communication] ---
--- client 4 in epoch 47 [aggregation then communication] ---
--- client 5 in epoch 47 [aggregation then communication] ------ client 6 in epoch 47 [aggregation then communication] ---

--- client 7 in epoch 47 [aggregation then communication] ---
--- client 8 in epoch 47 [aggregation then communication] ---
--- client 9 in epoch 47 [aggregation then communication] ---
--- global epoch 47: global acc = 91.59% ---
--- local epoch 47: local acc = [C0:94.87%, C1:95.32%, C2:94.57%, C3:94.82%, C4:94.70%, C5:94.80%, C6:94.98%, C7:94.42%, C8:94.23%, C9:95.02%] ---

--- global epoch 48/60 ---
--- At epoch 48, learning rate decays to 0.019346 ---
--- client 0 in epoch 48 [aggregation then communication] ---
--- client 1 in epoch 48 [aggregation then communication] ---
--- client 2 in epoch 48 [aggregation then communication] ---
--- client 3 in epoch 48 [aggregation then communication] ---
--- client 4 in epoch 48 [aggregation then communication] ---
--- client 5 in epoch 48 [aggregation then communication] ---
--- client 6 in epoch 48 [aggregation then communication] ---
--- client 7 in epoch 48 [aggregation then communication] ---
--- client 8 in epoch 48 [aggregation then communication] ---
--- client 9 in epoch 48 [aggregation then communication] ---
--- global epoch 48: global acc = 91.69% ---
--- local epoch 48: local acc = [C0:94.30%, C1:94.87%, C2:94.60%, C3:95.27%, C4:95.08%, C5:94.65%, C6:95.02%, C7:95.20%, C8:94.62%, C9:95.15%] ---

--- global epoch 49/60 ---
--- At epoch 49, learning rate decays to 0.018959 ---
--- client 0 in epoch 49 [aggregation then communication] ---
--- client 1 in epoch 49 [aggregation then communication] ---
--- client 2 in epoch 49 [aggregation then communication] ---
--- client 3 in epoch 49 [aggregation then communication] ---
--- client 4 in epoch 49 [aggregation then communication] ---
--- client 5 in epoch 49 [aggregation then communication] ---
--- client 6 in epoch 49 [aggregation then communication] ---
--- client 7 in epoch 49 [aggregation then communication] ---
--- client 8 in epoch 49 [aggregation then communication] ---
--- client 9 in epoch 49 [aggregation then communication] ---
--- global epoch 49: global acc = 90.77% ---
--- local epoch 49: local acc = [C0:94.37%, C1:95.75%, C2:94.23%, C3:95.27%, C4:94.87%, C5:94.92%, C6:95.23%, C7:94.67%, C8:94.97%, C9:95.02%] ---

--- global epoch 50/60 ---
--- At epoch 50, learning rate decays to 0.018580 ---
--- client 0 in epoch 50 [aggregation then communication] ---
--- client 1 in epoch 50 [aggregation then communication] ---
--- client 2 in epoch 50 [aggregation then communication] ---
--- client 3 in epoch 50 [aggregation then communication] ---
--- client 4 in epoch 50 [aggregation then communication] ---
--- client 5 in epoch 50 [aggregation then communication] ---
--- client 6 in epoch 50 [aggregation then communication] ---
--- client 7 in epoch 50 [aggregation then communication] ---
--- client 8 in epoch 50 [aggregation then communication] ---
--- client 9 in epoch 50 [aggregation then communication] ---
--- global epoch 50: global acc = 91.85% ---
--- local epoch 50: local acc = [C0:94.27%, C1:95.23%, C2:94.93%, C3:95.28%, C4:94.87%, C5:95.08%, C6:95.53%, C7:95.15%, C8:95.23%, C9:95.38%] ---

--- global epoch 51/60 ---
--- At epoch 51, learning rate decays to 0.018208 ---
--- client 0 in epoch 51 [aggregation then communication] ---
--- client 1 in epoch 51 [aggregation then communication] ---
--- client 2 in epoch 51 [aggregation then communication] ---
--- client 3 in epoch 51 [aggregation then communication] ---
--- client 4 in epoch 51 [aggregation then communication] ---
--- client 5 in epoch 51 [aggregation then communication] ---
--- client 6 in epoch 51 [aggregation then communication] ---
--- client 7 in epoch 51 [aggregation then communication] ---
--- client 8 in epoch 51 [aggregation then communication] ---
--- client 9 in epoch 51 [aggregation then communication] ---
--- global epoch 51: global acc = 91.21% ---
--- local epoch 51: local acc = [C0:94.53%, C1:95.68%, C2:94.80%, C3:95.38%, C4:95.27%, C5:95.08%, C6:95.40%, C7:94.63%, C8:95.03%, C9:95.77%] ---

--- global epoch 52/60 ---
--- At epoch 52, learning rate decays to 0.017844 ---
--- client 0 in epoch 52 [aggregation then communication] ---
--- client 1 in epoch 52 [aggregation then communication] ---
--- client 2 in epoch 52 [aggregation then communication] ---
--- client 3 in epoch 52 [aggregation then communication] ---
--- client 4 in epoch 52 [aggregation then communication] ---
--- client 5 in epoch 52 [aggregation then communication] ---
--- client 6 in epoch 52 [aggregation then communication] ---
--- client 7 in epoch 52 [aggregation then communication] ---
--- client 8 in epoch 52 [aggregation then communication] ---
--- client 9 in epoch 52 [aggregation then communication] ---
--- global epoch 52: global acc = 91.68% ---
--- local epoch 52: local acc = [C0:94.97%, C1:96.07%, C2:95.08%, C3:95.68%, C4:95.47%, C5:95.48%, C6:95.55%, C7:95.12%, C8:95.80%, C9:96.77%] ---

--- global epoch 53/60 ---
--- At epoch 53, learning rate decays to 0.017487 ---
--- client 0 in epoch 53 [aggregation then communication] ---
--- client 1 in epoch 53 [aggregation then communication] ---
--- client 2 in epoch 53 [aggregation then communication] ---
--- client 3 in epoch 53 [aggregation then communication] ---
--- client 4 in epoch 53 [aggregation then communication] ---
--- client 5 in epoch 53 [aggregation then communication] ---
--- client 6 in epoch 53 [aggregation then communication] ---
--- client 7 in epoch 53 [aggregation then communication] ---
--- client 8 in epoch 53 [aggregation then communication] ---
--- client 9 in epoch 53 [aggregation then communication] ---
--- global epoch 53: global acc = 91.36% ---
--- local epoch 53: local acc = [C0:94.82%, C1:96.02%, C2:95.67%, C3:95.70%, C4:95.45%, C5:95.42%, C6:95.78%, C7:95.62%, C8:95.30%, C9:95.63%] ---

--- global epoch 54/60 ---
--- At epoch 54, learning rate decays to 0.017138 ---
--- client 0 in epoch 54 [aggregation then communication] ---
--- client 1 in epoch 54 [aggregation then communication] ---
--- client 2 in epoch 54 [aggregation then communication] ---
--- client 3 in epoch 54 [aggregation then communication] ---
--- client 4 in epoch 54 [aggregation then communication] ---
--- client 5 in epoch 54 [aggregation then communication] ---
--- client 6 in epoch 54 [aggregation then communication] ---
--- client 7 in epoch 54 [aggregation then communication] ---
--- client 8 in epoch 54 [aggregation then communication] ---
--- client 9 in epoch 54 [aggregation then communication] ---
--- global epoch 54: global acc = 91.51% ---
--- local epoch 54: local acc = [C0:95.03%, C1:95.98%, C2:94.38%, C3:96.20%, C4:95.08%, C5:95.63%, C6:95.62%, C7:94.82%, C8:95.23%, C9:95.77%] ---

--- global epoch 55/60 ---
--- At epoch 55, learning rate decays to 0.016795 ---
--- client 0 in epoch 55 [aggregation then communication] ---
--- client 1 in epoch 55 [aggregation then communication] ---
--- client 2 in epoch 55 [aggregation then communication] ---
--- client 3 in epoch 55 [aggregation then communication] ---
--- client 4 in epoch 55 [aggregation then communication] ---
--- client 5 in epoch 55 [aggregation then communication] ---
--- client 6 in epoch 55 [aggregation then communication] ---
--- client 7 in epoch 55 [aggregation then communication] ---
--- client 8 in epoch 55 [aggregation then communication] ---
--- client 9 in epoch 55 [aggregation then communication] ---
--- global epoch 55: global acc = 91.53% ---
--- local epoch 55: local acc = [C0:95.40%, C1:96.12%, C2:95.37%, C3:96.07%, C4:95.92%, C5:95.52%, C6:96.05%, C7:95.68%, C8:96.03%, C9:95.62%] ---

--- global epoch 56/60 ---
--- At epoch 56, learning rate decays to 0.016459 ---
--- client 0 in epoch 56 [aggregation then communication] ---
--- client 1 in epoch 56 [aggregation then communication] ---
--- client 2 in epoch 56 [aggregation then communication] ---
--- client 3 in epoch 56 [aggregation then communication] ---
--- client 4 in epoch 56 [aggregation then communication] ---
--- client 5 in epoch 56 [aggregation then communication] ---
--- client 6 in epoch 56 [aggregation then communication] ---
--- client 7 in epoch 56 [aggregation then communication] ---
--- client 8 in epoch 56 [aggregation then communication] ---
--- client 9 in epoch 56 [aggregation then communication] ---
--- global epoch 56: global acc = 91.55% ---
--- local epoch 56: local acc = [C0:95.15%, C1:95.63%, C2:95.35%, C3:96.62%, C4:95.97%, C5:95.95%, C6:95.80%, C7:95.63%, C8:96.30%, C9:95.82%] ---

--- global epoch 57/60 ---
--- At epoch 57, learning rate decays to 0.016130 ---
--- client 0 in epoch 57 [aggregation then communication] ---
--- client 1 in epoch 57 [aggregation then communication] ---
--- client 2 in epoch 57 [aggregation then communication] ---
--- client 3 in epoch 57 [aggregation then communication] ---
--- client 4 in epoch 57 [aggregation then communication] ---
--- client 5 in epoch 57 [aggregation then communication] ---
--- client 6 in epoch 57 [aggregation then communication] ---
--- client 7 in epoch 57 [aggregation then communication] ---
--- client 8 in epoch 57 [aggregation then communication] ---
--- client 9 in epoch 57 [aggregation then communication] ---
--- global epoch 57: global acc = 91.87% ---
--- local epoch 57: local acc = [C0:95.77%, C1:96.17%, C2:95.27%, C3:96.03%, C4:95.60%, C5:96.03%, C6:96.10%, C7:95.88%, C8:96.37%, C9:96.27%] ---

--- global epoch 58/60 ---
--- At epoch 58, learning rate decays to 0.015807 ---
--- client 0 in epoch 58 [aggregation then communication] ---
--- client 1 in epoch 58 [aggregation then communication] ---
--- client 2 in epoch 58 [aggregation then communication] ---
--- client 3 in epoch 58 [aggregation then communication] ---
--- client 4 in epoch 58 [aggregation then communication] ---
--- client 5 in epoch 58 [aggregation then communication] ---
--- client 6 in epoch 58 [aggregation then communication] ---
--- client 7 in epoch 58 [aggregation then communication] ---
--- client 8 in epoch 58 [aggregation then communication] ---
--- client 9 in epoch 58 [aggregation then communication] ---
--- global epoch 58: global acc = 91.72% ---
--- local epoch 58: local acc = [C0:95.65%, C1:96.37%, C2:95.48%, C3:95.75%, C4:96.10%, C5:95.88%, C6:95.78%, C7:95.63%, C8:96.07%, C9:97.23%] ---

--- global epoch 59/60 ---
--- At epoch 59, learning rate decays to 0.015491 ---
--- client 0 in epoch 59 [aggregation then communication] ---
--- client 1 in epoch 59 [aggregation then communication] ---
--- client 2 in epoch 59 [aggregation then communication] ---
--- client 3 in epoch 59 [aggregation then communication] ---
--- client 4 in epoch 59 [aggregation then communication] ---
--- client 5 in epoch 59 [aggregation then communication] ---
--- client 6 in epoch 59 [aggregation then communication] ---
--- client 7 in epoch 59 [aggregation then communication] ---
--- client 8 in epoch 59 [aggregation then communication] ---
--- client 9 in epoch 59 [aggregation then communication] ---
--- global epoch 59: global acc = 91.77% ---
--- local epoch 59: local acc = [C0:95.92%, C1:96.87%, C2:95.93%, C3:96.23%, C4:95.72%, C5:96.37%, C6:96.07%, C7:95.70%, C8:96.22%, C9:96.48%] ---

--- global epoch 60/60 ---
--- At epoch 60, learning rate decays to 0.015181 ---
--- client 0 in epoch 60 [aggregation then communication] ---
--- client 1 in epoch 60 [aggregation then communication] ---
--- client 2 in epoch 60 [aggregation then communication] ---
--- client 3 in epoch 60 [aggregation then communication] ---
--- client 4 in epoch 60 [aggregation then communication] ---
--- client 5 in epoch 60 [aggregation then communication] ---
--- client 6 in epoch 60 [aggregation then communication] ---
--- client 7 in epoch 60 [aggregation then communication] ---
--- client 8 in epoch 60 [aggregation then communication] ---
--- client 9 in epoch 60 [aggregation then communication] ---
--- global epoch 60: global acc = 91.35% ---
--- local epoch 60: local acc = [C0:95.95%, C1:96.67%, C2:96.02%, C3:96.15%, C4:96.22%, C5:96.00%, C6:96.50%, C7:96.12%, C8:96.10%, C9:96.02%] ---
Total runtime: 1772.60s (0:29:32)

 saving results
results save in C:\Users\Kong\Desktop\\decentralized_federated_learning-master\decentralized_federated_learning-master\res\clients_10-epochs_1-20250921_005747.json
