client 0 initial number of neighbors: 9
client 1 initial number of neighbors: 9
client 2 initial number of neighbors: 9
client 3 initial number of neighbors: 9
client 4 initial number of neighbors: 9
client 5 initial number of neighbors: 9
client 6 initial number of neighbors: 9
client 7 initial number of neighbors: 9
client 8 initial number of neighbors: 9
client 9 initial number of neighbors: 9

 training begins! (epoch-by-epoch parallel mode with global evaluation)

--- global epoch 1/60 ---
--- client 0 in epoch 1 [aggregation then communication] ---
--- client 1 in epoch 1 [aggregation then communication] ---
--- client 2 in epoch 1 [aggregation then communication] ---
--- client 3 in epoch 1 [aggregation then communication] ---
--- client 4 in epoch 1 [aggregation then communication] ---
--- client 5 in epoch 1 [aggregation then communication] ---
--- client 6 in epoch 1 [aggregation then communication] ---
--- client 7 in epoch 1 [aggregation then communication] ---
--- client 8 in epoch 1 [aggregation then communication] ---
--- client 9 in epoch 1 [aggregation then communication] ---
--- global epoch 1: global acc = 17.18% ---
--- local epoch 1: local acc = [C0:42.13%, C1:40.40%, C2:42.67%, C3:41.97%, C4:47.97%, C5:43.35%, C6:44.15%, C7:45.60%, C8:45.48%, C9:44.65%] ---

--- global epoch 2/60 ---
--- At epoch 2, learning rate decays to 0.009990 ---
--- client 0 in epoch 2 [aggregation then communication] ---
--- client 1 in epoch 2 [aggregation then communication] ---
--- client 2 in epoch 2 [aggregation then communication] ---
--- client 3 in epoch 2 [aggregation then communication] ---
--- client 4 in epoch 2 [aggregation then communication] ---
--- client 5 in epoch 2 [aggregation then communication] ---
--- client 6 in epoch 2 [aggregation then communication] ---
--- client 7 in epoch 2 [aggregation then communication] ---
--- client 8 in epoch 2 [aggregation then communication] ---
--- client 9 in epoch 2 [aggregation then communication] ---
--- global epoch 2: global acc = 44.98% ---
--- local epoch 2: local acc = [C0:60.73%, C1:63.98%, C2:62.63%, C3:60.93%, C4:63.02%, C5:64.62%, C6:61.87%, C7:64.32%, C8:65.95%, C9:65.48%] ---

--- global epoch 3/60 ---
--- At epoch 3, learning rate decays to 0.009980 ---
--- client 0 in epoch 3 [aggregation then communication] ---
--- client 1 in epoch 3 [aggregation then communication] ---
--- client 2 in epoch 3 [aggregation then communication] ---
--- client 3 in epoch 3 [aggregation then communication] ---
--- client 4 in epoch 3 [aggregation then communication] ---
--- client 5 in epoch 3 [aggregation then communication] ---
--- client 6 in epoch 3 [aggregation then communication] ---
--- client 7 in epoch 3 [aggregation then communication] ---
--- client 8 in epoch 3 [aggregation then communication] ---
--- client 9 in epoch 3 [aggregation then communication] ---
--- global epoch 3: global acc = 68.53% ---
--- local epoch 3: local acc = [C0:76.47%, C1:76.48%, C2:76.20%, C3:75.70%, C4:76.67%, C5:76.83%, C6:76.27%, C7:77.27%, C8:76.77%, C9:76.67%] ---

--- global epoch 4/60 ---
--- At epoch 4, learning rate decays to 0.009970 ---
--- client 0 in epoch 4 [aggregation then communication] ---
--- client 1 in epoch 4 [aggregation then communication] ---
--- client 2 in epoch 4 [aggregation then communication] ---
--- client 3 in epoch 4 [aggregation then communication] ---
--- client 4 in epoch 4 [aggregation then communication] ---
--- client 5 in epoch 4 [aggregation then communication] ---
--- client 6 in epoch 4 [aggregation then communication] ---
--- client 7 in epoch 4 [aggregation then communication] ---
--- client 8 in epoch 4 [aggregation then communication] ---
--- client 9 in epoch 4 [aggregation then communication] ---
--- global epoch 4: global acc = 81.62% ---
--- local epoch 4: local acc = [C0:79.48%, C1:79.50%, C2:79.00%, C3:79.43%, C4:79.72%, C5:80.40%, C6:80.18%, C7:79.82%, C8:79.82%, C9:80.25%] ---

--- global epoch 5/60 ---
--- At epoch 5, learning rate decays to 0.009960 ---
--- client 0 in epoch 5 [aggregation then communication] ---
--- client 1 in epoch 5 [aggregation then communication] ---
--- client 2 in epoch 5 [aggregation then communication] ---
--- client 3 in epoch 5 [aggregation then communication] ---
--- client 4 in epoch 5 [aggregation then communication] ---
--- client 5 in epoch 5 [aggregation then communication] ---
--- client 6 in epoch 5 [aggregation then communication] ---
--- client 7 in epoch 5 [aggregation then communication] ---
--- client 8 in epoch 5 [aggregation then communication] ---
--- client 9 in epoch 5 [aggregation then communication] ---
--- global epoch 5: global acc = 83.13% ---
--- local epoch 5: local acc = [C0:81.67%, C1:82.15%, C2:81.47%, C3:81.62%, C4:81.85%, C5:82.98%, C6:82.43%, C7:82.02%, C8:82.58%, C9:82.47%] ---

--- global epoch 6/60 ---
--- At epoch 6, learning rate decays to 0.009950 ---
--- client 0 in epoch 6 [aggregation then communication] ---
--- client 1 in epoch 6 [aggregation then communication] ---
--- client 2 in epoch 6 [aggregation then communication] ---
--- client 3 in epoch 6 [aggregation then communication] ---
--- client 4 in epoch 6 [aggregation then communication] ---
--- client 5 in epoch 6 [aggregation then communication] ---
--- client 6 in epoch 6 [aggregation then communication] ---
--- client 7 in epoch 6 [aggregation then communication] ---
--- client 8 in epoch 6 [aggregation then communication] ---
--- client 9 in epoch 6 [aggregation then communication] ---
--- global epoch 6: global acc = 84.86% ---
--- local epoch 6: local acc = [C0:82.98%, C1:83.43%, C2:83.37%, C3:83.20%, C4:83.10%, C5:84.43%, C6:83.50%, C7:83.35%, C8:83.68%, C9:83.95%] ---

--- global epoch 7/60 ---
--- At epoch 7, learning rate decays to 0.009940 ---
--- client 0 in epoch 7 [aggregation then communication] ---
--- client 1 in epoch 7 [aggregation then communication] ---
--- client 2 in epoch 7 [aggregation then communication] ---
--- client 3 in epoch 7 [aggregation then communication] ---
--- client 4 in epoch 7 [aggregation then communication] ---
--- client 5 in epoch 7 [aggregation then communication] ---
--- client 6 in epoch 7 [aggregation then communication] ---
--- client 7 in epoch 7 [aggregation then communication] ---
--- client 8 in epoch 7 [aggregation then communication] ---
--- client 9 in epoch 7 [aggregation then communication] ---
--- global epoch 7: global acc = 85.52% ---
--- local epoch 7: local acc = [C0:84.28%, C1:84.43%, C2:84.65%, C3:84.12%, C4:84.32%, C5:85.68%, C6:84.88%, C7:84.33%, C8:84.92%, C9:85.07%] ---

--- global epoch 8/60 ---
--- At epoch 8, learning rate decays to 0.009930 ---
--- client 0 in epoch 8 [aggregation then communication] ---
--- client 1 in epoch 8 [aggregation then communication] ---
--- client 2 in epoch 8 [aggregation then communication] ---
--- client 3 in epoch 8 [aggregation then communication] ---
--- client 4 in epoch 8 [aggregation then communication] ---
--- client 5 in epoch 8 [aggregation then communication] ---
--- client 6 in epoch 8 [aggregation then communication] ---
--- client 7 in epoch 8 [aggregation then communication] ---
--- client 8 in epoch 8 [aggregation then communication] ---
--- client 9 in epoch 8 [aggregation then communication] ---
--- global epoch 8: global acc = 86.99% ---
--- local epoch 8: local acc = [C0:85.48%, C1:85.60%, C2:85.53%, C3:84.95%, C4:84.98%, C5:86.30%, C6:85.85%, C7:85.47%, C8:85.58%, C9:85.92%] ---

--- global epoch 9/60 ---
--- At epoch 9, learning rate decays to 0.009920 ---
--- client 0 in epoch 9 [aggregation then communication] ---
--- client 1 in epoch 9 [aggregation then communication] ---
--- client 2 in epoch 9 [aggregation then communication] ---
--- client 3 in epoch 9 [aggregation then communication] ---
--- client 4 in epoch 9 [aggregation then communication] ---
--- client 5 in epoch 9 [aggregation then communication] ---
--- client 6 in epoch 9 [aggregation then communication] ---
--- client 7 in epoch 9 [aggregation then communication] ---
--- client 8 in epoch 9 [aggregation then communication] ---
--- client 9 in epoch 9 [aggregation then communication] ---
--- global epoch 9: global acc = 86.61% ---
--- local epoch 9: local acc = [C0:86.23%, C1:86.97%, C2:86.32%, C3:85.65%, C4:85.85%, C5:87.60%, C6:86.57%, C7:86.25%, C8:86.28%, C9:86.58%] ---

--- global epoch 10/60 ---
--- At epoch 10, learning rate decays to 0.009910 ---
--- client 0 in epoch 10 [aggregation then communication] ---
--- client 1 in epoch 10 [aggregation then communication] ---
--- client 2 in epoch 10 [aggregation then communication] ---
--- client 3 in epoch 10 [aggregation then communication] ---
--- client 4 in epoch 10 [aggregation then communication] ---
--- client 5 in epoch 10 [aggregation then communication] ---
--- client 6 in epoch 10 [aggregation then communication] ---
--- client 7 in epoch 10 [aggregation then communication] ---
--- client 8 in epoch 10 [aggregation then communication] ---
--- client 9 in epoch 10 [aggregation then communication] ---
--- global epoch 10: global acc = 86.90% ---
--- local epoch 10: local acc = [C0:86.85%, C1:87.17%, C2:87.12%, C3:86.18%, C4:86.72%, C5:87.70%, C6:87.32%, C7:86.70%, C8:86.73%, C9:87.18%] ---

--- global epoch 11/60 ---
--- At epoch 11, learning rate decays to 0.009900 ---
--- client 0 in epoch 11 [aggregation then communication] ---
--- client 1 in epoch 11 [aggregation then communication] ---
--- client 2 in epoch 11 [aggregation then communication] ---
--- client 3 in epoch 11 [aggregation then communication] ---
--- client 4 in epoch 11 [aggregation then communication] ---
--- client 5 in epoch 11 [aggregation then communication] ---
--- client 6 in epoch 11 [aggregation then communication] ---
--- client 7 in epoch 11 [aggregation then communication] ---
--- client 8 in epoch 11 [aggregation then communication] ---
--- client 9 in epoch 11 [aggregation then communication] ---
--- global epoch 11: global acc = 86.96% ---
--- local epoch 11: local acc = [C0:87.43%, C1:87.83%, C2:88.07%, C3:87.23%, C4:87.33%, C5:88.17%, C6:87.58%, C7:87.77%, C8:87.28%, C9:88.07%] ---

--- global epoch 12/60 ---
--- At epoch 12, learning rate decays to 0.009891 ---
--- client 0 in epoch 12 [aggregation then communication] ---
--- client 1 in epoch 12 [aggregation then communication] ---
--- client 2 in epoch 12 [aggregation then communication] ---
--- client 3 in epoch 12 [aggregation then communication] ---
--- client 4 in epoch 12 [aggregation then communication] ---
--- client 5 in epoch 12 [aggregation then communication] ---
--- client 6 in epoch 12 [aggregation then communication] ---
--- client 7 in epoch 12 [aggregation then communication] ---
--- client 8 in epoch 12 [aggregation then communication] ------ client 9 in epoch 12 [aggregation then communication] ---

--- global epoch 12: global acc = 87.57% ---
--- local epoch 12: local acc = [C0:88.03%, C1:88.48%, C2:87.75%, C3:87.25%, C4:87.72%, C5:88.75%, C6:88.52%, C7:88.23%, C8:88.62%, C9:88.58%] ---

--- global epoch 13/60 ---
--- At epoch 13, learning rate decays to 0.009881 ---
--- client 0 in epoch 13 [aggregation then communication] ---
--- client 1 in epoch 13 [aggregation then communication] ---
--- client 2 in epoch 13 [aggregation then communication] ---
--- client 3 in epoch 13 [aggregation then communication] ---
--- client 4 in epoch 13 [aggregation then communication] ---
--- client 5 in epoch 13 [aggregation then communication] ---
--- client 6 in epoch 13 [aggregation then communication] ---
--- client 7 in epoch 13 [aggregation then communication] ---
--- client 8 in epoch 13 [aggregation then communication] ---
--- client 9 in epoch 13 [aggregation then communication] ---
--- global epoch 13: global acc = 87.58% ---
--- local epoch 13: local acc = [C0:87.85%, C1:88.58%, C2:88.73%, C3:87.90%, C4:88.45%, C5:89.22%, C6:88.93%, C7:88.68%, C8:88.43%, C9:88.58%] ---

--- global epoch 14/60 ---
--- At epoch 14, learning rate decays to 0.009871 ---
--- client 0 in epoch 14 [aggregation then communication] ---
--- client 1 in epoch 14 [aggregation then communication] ---
--- client 2 in epoch 14 [aggregation then communication] ---
--- client 3 in epoch 14 [aggregation then communication] ---
--- client 4 in epoch 14 [aggregation then communication] ---
--- client 5 in epoch 14 [aggregation then communication] ---
--- client 6 in epoch 14 [aggregation then communication] ---
--- client 7 in epoch 14 [aggregation then communication] ---
--- client 8 in epoch 14 [aggregation then communication] ---
--- client 9 in epoch 14 [aggregation then communication] ---
--- global epoch 14: global acc = 87.81% ---
--- local epoch 14: local acc = [C0:90.83%, C1:88.82%, C2:88.52%, C3:88.23%, C4:88.55%, C5:89.58%, C6:89.47%, C7:88.63%, C8:88.87%, C9:89.07%] ---

--- global epoch 15/60 ---
--- At epoch 15, learning rate decays to 0.009861 ---
--- client 0 in epoch 15 [aggregation then communication] ---
--- client 1 in epoch 15 [aggregation then communication] ---
--- client 2 in epoch 15 [aggregation then communication] ---
--- client 3 in epoch 15 [aggregation then communication] ---
--- client 4 in epoch 15 [aggregation then communication] ---
--- client 5 in epoch 15 [aggregation then communication] ---
--- client 6 in epoch 15 [aggregation then communication] ---
--- client 7 in epoch 15 [aggregation then communication] ---
--- client 8 in epoch 15 [aggregation then communication] ---
--- client 9 in epoch 15 [aggregation then communication] ---
--- global epoch 15: global acc = 88.13% ---
--- local epoch 15: local acc = [C0:88.28%, C1:89.58%, C2:89.02%, C3:88.37%, C4:89.05%, C5:89.88%, C6:90.07%, C7:89.25%, C8:88.98%, C9:89.30%] ---

--- global epoch 16/60 ---
--- At epoch 16, learning rate decays to 0.009851 ---
--- client 0 in epoch 16 [aggregation then communication] ---
--- client 1 in epoch 16 [aggregation then communication] ---
--- client 2 in epoch 16 [aggregation then communication] ---
--- client 3 in epoch 16 [aggregation then communication] ---
--- client 4 in epoch 16 [aggregation then communication] ---
--- client 5 in epoch 16 [aggregation then communication] ---
--- client 6 in epoch 16 [aggregation then communication] ---
--- client 7 in epoch 16 [aggregation then communication] ---
--- client 8 in epoch 16 [aggregation then communication] ---
--- client 9 in epoch 16 [aggregation then communication] ---
--- global epoch 16: global acc = 88.90% ---
--- local epoch 16: local acc = [C0:89.75%, C1:90.00%, C2:89.33%, C3:88.88%, C4:89.08%, C5:90.12%, C6:90.13%, C7:89.87%, C8:89.23%, C9:89.70%] ---

--- global epoch 17/60 ---
--- At epoch 17, learning rate decays to 0.009841 ---
--- client 0 in epoch 17 [aggregation then communication] ---
--- client 1 in epoch 17 [aggregation then communication] ---
--- client 2 in epoch 17 [aggregation then communication] ---
--- client 3 in epoch 17 [aggregation then communication] ---
--- client 4 in epoch 17 [aggregation then communication] ---
--- client 5 in epoch 17 [aggregation then communication] ---
--- client 6 in epoch 17 [aggregation then communication] ---
--- client 7 in epoch 17 [aggregation then communication] ---
--- client 8 in epoch 17 [aggregation then communication] ---
--- client 9 in epoch 17 [aggregation then communication] ---
--- global epoch 17: global acc = 88.94% ---
--- local epoch 17: local acc = [C0:92.33%, C1:90.10%, C2:89.68%, C3:89.10%, C4:89.45%, C5:90.33%, C6:90.13%, C7:90.10%, C8:90.35%, C9:89.77%] ---

--- global epoch 18/60 ---
--- At epoch 18, learning rate decays to 0.009831 ---
--- client 0 in epoch 18 [aggregation then communication] ---
--- client 1 in epoch 18 [aggregation then communication] ---
--- client 2 in epoch 18 [aggregation then communication] ---
--- client 3 in epoch 18 [aggregation then communication] ---
--- client 4 in epoch 18 [aggregation then communication] ---
--- client 5 in epoch 18 [aggregation then communication] ---
--- client 6 in epoch 18 [aggregation then communication] ---
--- client 7 in epoch 18 [aggregation then communication] ---
--- client 8 in epoch 18 [aggregation then communication] ---
--- client 9 in epoch 18 [aggregation then communication] ---
--- global epoch 18: global acc = 87.90% ---
--- local epoch 18: local acc = [C0:90.15%, C1:90.55%, C2:89.95%, C3:89.32%, C4:90.08%, C5:90.55%, C6:90.30%, C7:90.27%, C8:89.87%, C9:90.35%] ---

--- global epoch 19/60 ---
--- At epoch 19, learning rate decays to 0.009822 ---
--- client 0 in epoch 19 [aggregation then communication] ---
--- client 1 in epoch 19 [aggregation then communication] ---
--- client 2 in epoch 19 [aggregation then communication] ---
--- client 3 in epoch 19 [aggregation then communication] ---
--- client 4 in epoch 19 [aggregation then communication] ---
--- client 5 in epoch 19 [aggregation then communication] ---
--- client 6 in epoch 19 [aggregation then communication] ---
--- client 7 in epoch 19 [aggregation then communication] ---
--- client 8 in epoch 19 [aggregation then communication] ---
--- client 9 in epoch 19 [aggregation then communication] ---
--- global epoch 19: global acc = 89.54% ---
--- local epoch 19: local acc = [C0:90.65%, C1:90.52%, C2:90.12%, C3:89.78%, C4:89.80%, C5:90.92%, C6:90.65%, C7:90.95%, C8:89.98%, C9:90.48%] ---

--- global epoch 20/60 ---
--- At epoch 20, learning rate decays to 0.009812 ---
--- client 0 in epoch 20 [aggregation then communication] ---
--- client 1 in epoch 20 [aggregation then communication] ---
--- client 2 in epoch 20 [aggregation then communication] ---
--- client 3 in epoch 20 [aggregation then communication] ---
--- client 4 in epoch 20 [aggregation then communication] ---
--- client 5 in epoch 20 [aggregation then communication] ---
--- client 6 in epoch 20 [aggregation then communication] ---
--- client 7 in epoch 20 [aggregation then communication] ---
--- client 8 in epoch 20 [aggregation then communication] ---
--- client 9 in epoch 20 [aggregation then communication] ---
--- global epoch 20: global acc = 88.64% ---
--- local epoch 20: local acc = [C0:90.48%, C1:91.07%, C2:91.07%, C3:90.40%, C4:90.37%, C5:91.15%, C6:91.35%, C7:91.13%, C8:90.82%, C9:90.67%] ---

--- global epoch 21/60 ---
--- At epoch 21, learning rate decays to 0.009802 ---
--- client 0 in epoch 21 [aggregation then communication] ---
--- client 1 in epoch 21 [aggregation then communication] ---
--- client 2 in epoch 21 [aggregation then communication] ---
--- client 3 in epoch 21 [aggregation then communication] ---
--- client 4 in epoch 21 [aggregation then communication] ---
--- client 5 in epoch 21 [aggregation then communication] ---
--- client 6 in epoch 21 [aggregation then communication] ---
--- client 7 in epoch 21 [aggregation then communication] ---
--- client 8 in epoch 21 [aggregation then communication] ---
--- client 9 in epoch 21 [aggregation then communication] ---
--- global epoch 21: global acc = 89.81% ---
--- local epoch 21: local acc = [C0:90.75%, C1:91.23%, C2:90.67%, C3:90.68%, C4:90.33%, C5:91.32%, C6:91.83%, C7:91.35%, C8:91.28%, C9:90.72%] ---

--- global epoch 22/60 ---
--- At epoch 22, learning rate decays to 0.009792 ---
--- client 0 in epoch 22 [aggregation then communication] ---
--- client 1 in epoch 22 [aggregation then communication] ---
--- client 2 in epoch 22 [aggregation then communication] ---
--- client 3 in epoch 22 [aggregation then communication] ---
--- client 4 in epoch 22 [aggregation then communication] ---
--- client 5 in epoch 22 [aggregation then communication] ---
--- client 6 in epoch 22 [aggregation then communication] ---
--- client 7 in epoch 22 [aggregation then communication] ---
--- client 8 in epoch 22 [aggregation then communication] ---
--- client 9 in epoch 22 [aggregation then communication] ---
--- global epoch 22: global acc = 89.29% ---
--- local epoch 22: local acc = [C0:91.02%, C1:91.70%, C2:91.00%, C3:90.93%, C4:91.50%, C5:91.77%, C6:92.07%, C7:91.30%, C8:91.40%, C9:91.12%] ---

--- global epoch 23/60 ---
--- At epoch 23, learning rate decays to 0.009782 ---
--- client 0 in epoch 23 [aggregation then communication] ---
--- client 1 in epoch 23 [aggregation then communication] ---
--- client 2 in epoch 23 [aggregation then communication] ---
--- client 3 in epoch 23 [aggregation then communication] ---
--- client 4 in epoch 23 [aggregation then communication] ---
--- client 5 in epoch 23 [aggregation then communication] ---
--- client 6 in epoch 23 [aggregation then communication] ---
--- client 7 in epoch 23 [aggregation then communication] ---
--- client 8 in epoch 23 [aggregation then communication] ---
--- client 9 in epoch 23 [aggregation then communication] ---
--- global epoch 23: global acc = 88.64% ---
--- local epoch 23: local acc = [C0:91.62%, C1:92.15%, C2:91.13%, C3:93.52%, C4:91.18%, C5:92.22%, C6:91.37%, C7:91.32%, C8:91.68%, C9:91.72%] ---

--- global epoch 24/60 ---
--- At epoch 24, learning rate decays to 0.009773 ---
--- client 0 in epoch 24 [aggregation then communication] ---
--- client 1 in epoch 24 [aggregation then communication] ---
--- client 2 in epoch 24 [aggregation then communication] ---
--- client 3 in epoch 24 [aggregation then communication] ---
--- client 4 in epoch 24 [aggregation then communication] ---
--- client 5 in epoch 24 [aggregation then communication] ---
--- client 6 in epoch 24 [aggregation then communication] ---
--- client 7 in epoch 24 [aggregation then communication] ---
--- client 8 in epoch 24 [aggregation then communication] ---
--- client 9 in epoch 24 [aggregation then communication] ---
--- global epoch 24: global acc = 90.10% ---
--- local epoch 24: local acc = [C0:91.30%, C1:91.92%, C2:91.53%, C3:90.58%, C4:91.03%, C5:91.90%, C6:91.75%, C7:91.72%, C8:91.40%, C9:91.32%] ---

--- global epoch 25/60 ---
--- At epoch 25, learning rate decays to 0.009763 ---
--- client 0 in epoch 25 [aggregation then communication] ---
--- client 1 in epoch 25 [aggregation then communication] ---
--- client 2 in epoch 25 [aggregation then communication] ---
--- client 3 in epoch 25 [aggregation then communication] ---
--- client 4 in epoch 25 [aggregation then communication] ---
--- client 5 in epoch 25 [aggregation then communication] ---
--- client 6 in epoch 25 [aggregation then communication] ---
--- client 7 in epoch 25 [aggregation then communication] ---
--- client 8 in epoch 25 [aggregation then communication] ---
--- client 9 in epoch 25 [aggregation then communication] ---
--- global epoch 25: global acc = 89.94% ---
--- local epoch 25: local acc = [C0:91.72%, C1:91.78%, C2:91.33%, C3:91.67%, C4:91.63%, C5:92.12%, C6:91.87%, C7:92.43%, C8:91.92%, C9:91.83%] ---

--- global epoch 26/60 ---
--- At epoch 26, learning rate decays to 0.009753 ---
--- client 0 in epoch 26 [aggregation then communication] ---
--- client 1 in epoch 26 [aggregation then communication] ---
--- client 2 in epoch 26 [aggregation then communication] ---
--- client 3 in epoch 26 [aggregation then communication] ---
--- client 4 in epoch 26 [aggregation then communication] ---
--- client 5 in epoch 26 [aggregation then communication] ---
--- client 6 in epoch 26 [aggregation then communication] ---
--- client 7 in epoch 26 [aggregation then communication] ---
--- client 8 in epoch 26 [aggregation then communication] ---
--- client 9 in epoch 26 [aggregation then communication] ---
--- global epoch 26: global acc = 89.43% ---
--- local epoch 26: local acc = [C0:91.63%, C1:92.67%, C2:91.75%, C3:91.75%, C4:91.15%, C5:92.18%, C6:92.03%, C7:92.43%, C8:92.68%, C9:92.00%] ---

--- global epoch 27/60 ---
--- At epoch 27, learning rate decays to 0.009743 ---
--- client 0 in epoch 27 [aggregation then communication] ---
--- client 1 in epoch 27 [aggregation then communication] ---
--- client 2 in epoch 27 [aggregation then communication] ---
--- client 3 in epoch 27 [aggregation then communication] ---
--- client 4 in epoch 27 [aggregation then communication] ---
--- client 5 in epoch 27 [aggregation then communication] ---
--- client 6 in epoch 27 [aggregation then communication] ---
--- client 7 in epoch 27 [aggregation then communication] ---
--- client 8 in epoch 27 [aggregation then communication] ---
--- client 9 in epoch 27 [aggregation then communication] ---
--- global epoch 27: global acc = 89.53% ---
--- local epoch 27: local acc = [C0:91.58%, C1:92.33%, C2:91.78%, C3:92.00%, C4:90.92%, C5:92.65%, C6:92.25%, C7:92.57%, C8:92.40%, C9:92.33%] ---

--- global epoch 28/60 ---
--- At epoch 28, learning rate decays to 0.009733 ---
--- client 0 in epoch 28 [aggregation then communication] ---
--- client 1 in epoch 28 [aggregation then communication] ---
--- client 2 in epoch 28 [aggregation then communication] ---
--- client 3 in epoch 28 [aggregation then communication] ---
--- client 4 in epoch 28 [aggregation then communication] ---
--- client 5 in epoch 28 [aggregation then communication] ---
--- client 6 in epoch 28 [aggregation then communication] ---
--- client 7 in epoch 28 [aggregation then communication] ---
--- client 8 in epoch 28 [aggregation then communication] ---
--- client 9 in epoch 28 [aggregation then communication] ---
--- global epoch 28: global acc = 90.46% ---
--- local epoch 28: local acc = [C0:94.65%, C1:93.32%, C2:93.17%, C3:92.08%, C4:91.58%, C5:92.80%, C6:92.85%, C7:92.77%, C8:92.45%, C9:91.88%] ---

--- global epoch 29/60 ---
--- At epoch 29, learning rate decays to 0.009724 ---
--- client 0 in epoch 29 [aggregation then communication] ---
--- client 1 in epoch 29 [aggregation then communication] ---
--- client 2 in epoch 29 [aggregation then communication] ---
--- client 3 in epoch 29 [aggregation then communication] ---
--- client 4 in epoch 29 [aggregation then communication] ---
--- client 5 in epoch 29 [aggregation then communication] ---
--- client 6 in epoch 29 [aggregation then communication] ---
--- client 7 in epoch 29 [aggregation then communication] ---
--- client 8 in epoch 29 [aggregation then communication] ---
--- client 9 in epoch 29 [aggregation then communication] ---
--- global epoch 29: global acc = 90.45% ---
--- local epoch 29: local acc = [C0:92.45%, C1:92.93%, C2:92.05%, C3:91.78%, C4:91.85%, C5:92.83%, C6:93.33%, C7:92.90%, C8:93.30%, C9:92.83%] ---

--- global epoch 30/60 ---
--- At epoch 30, learning rate decays to 0.009714 ---
--- client 0 in epoch 30 [aggregation then communication] ---
--- client 1 in epoch 30 [aggregation then communication] ---
--- client 2 in epoch 30 [aggregation then communication] ---
--- client 3 in epoch 30 [aggregation then communication] ---
--- client 4 in epoch 30 [aggregation then communication] ---
--- client 5 in epoch 30 [aggregation then communication] ---
--- client 6 in epoch 30 [aggregation then communication] ---
--- client 7 in epoch 30 [aggregation then communication] ---
--- client 8 in epoch 30 [aggregation then communication] ---
--- client 9 in epoch 30 [aggregation then communication] ---
--- global epoch 30: global acc = 90.78% ---
--- local epoch 30: local acc = [C0:93.12%, C1:93.20%, C2:92.95%, C3:92.02%, C4:92.53%, C5:93.63%, C6:93.48%, C7:92.82%, C8:93.55%, C9:92.92%] ---

--- global epoch 31/60 ---
--- At epoch 31, learning rate decays to 0.009704 ---
--- client 0 in epoch 31 [aggregation then communication] ---
--- client 1 in epoch 31 [aggregation then communication] ---
--- client 2 in epoch 31 [aggregation then communication] ---
--- client 3 in epoch 31 [aggregation then communication] ---
--- client 4 in epoch 31 [aggregation then communication] ---
--- client 5 in epoch 31 [aggregation then communication] ------ client 6 in epoch 31 [aggregation then communication] ---

--- client 7 in epoch 31 [aggregation then communication] ---
--- client 8 in epoch 31 [aggregation then communication] ---
--- client 9 in epoch 31 [aggregation then communication] ---
--- global epoch 31: global acc = 90.27% ---
--- local epoch 31: local acc = [C0:93.35%, C1:93.52%, C2:93.12%, C3:92.48%, C4:92.15%, C5:93.45%, C6:93.75%, C7:92.85%, C8:93.53%, C9:93.00%] ---

--- global epoch 32/60 ---
--- At epoch 32, learning rate decays to 0.009695 ---
--- client 0 in epoch 32 [aggregation then communication] ---
--- client 1 in epoch 32 [aggregation then communication] ---
--- client 2 in epoch 32 [aggregation then communication] ---
--- client 3 in epoch 32 [aggregation then communication] ---
--- client 4 in epoch 32 [aggregation then communication] ---
--- client 5 in epoch 32 [aggregation then communication] ---
--- client 6 in epoch 32 [aggregation then communication] ---
--- client 7 in epoch 32 [aggregation then communication] ---
--- client 8 in epoch 32 [aggregation then communication] ---
--- client 9 in epoch 32 [aggregation then communication] ---
--- global epoch 32: global acc = 90.71% ---
--- local epoch 32: local acc = [C0:93.27%, C1:93.27%, C2:92.93%, C3:92.15%, C4:92.35%, C5:94.12%, C6:93.10%, C7:93.12%, C8:95.97%, C9:92.83%] ---

--- global epoch 33/60 ---
--- At epoch 33, learning rate decays to 0.009685 ---
--- client 0 in epoch 33 [aggregation then communication] ---
--- client 1 in epoch 33 [aggregation then communication] ---
--- client 2 in epoch 33 [aggregation then communication] ---
--- client 3 in epoch 33 [aggregation then communication] ---
--- client 4 in epoch 33 [aggregation then communication] ---
--- client 5 in epoch 33 [aggregation then communication] ---
--- client 6 in epoch 33 [aggregation then communication] ---
--- client 7 in epoch 33 [aggregation then communication] ---
--- client 8 in epoch 33 [aggregation then communication] ---
--- client 9 in epoch 33 [aggregation then communication] ---
--- global epoch 33: global acc = 90.61% ---
--- local epoch 33: local acc = [C0:93.53%, C1:93.70%, C2:93.70%, C3:92.62%, C4:92.50%, C5:93.97%, C6:93.45%, C7:93.25%, C8:93.38%, C9:93.28%] ---

--- global epoch 34/60 ---
--- At epoch 34, learning rate decays to 0.009675 ---
--- client 0 in epoch 34 [aggregation then communication] ---
--- client 1 in epoch 34 [aggregation then communication] ---
--- client 2 in epoch 34 [aggregation then communication] ---
--- client 3 in epoch 34 [aggregation then communication] ---
--- client 4 in epoch 34 [aggregation then communication] ---
--- client 5 in epoch 34 [aggregation then communication] ---
--- client 6 in epoch 34 [aggregation then communication] ---
--- client 7 in epoch 34 [aggregation then communication] ---
--- client 8 in epoch 34 [aggregation then communication] ---
--- client 9 in epoch 34 [aggregation then communication] ---
--- global epoch 34: global acc = 90.53% ---
--- local epoch 34: local acc = [C0:93.32%, C1:93.68%, C2:93.42%, C3:93.23%, C4:93.72%, C5:93.67%, C6:93.60%, C7:94.00%, C8:94.27%, C9:93.28%] ---

--- global epoch 35/60 ---
--- At epoch 35, learning rate decays to 0.009666 ---
--- client 0 in epoch 35 [aggregation then communication] ---
--- client 1 in epoch 35 [aggregation then communication] ---
--- client 2 in epoch 35 [aggregation then communication] ---
--- client 3 in epoch 35 [aggregation then communication] ---
--- client 4 in epoch 35 [aggregation then communication] ---
--- client 5 in epoch 35 [aggregation then communication] ---
--- client 6 in epoch 35 [aggregation then communication] ---
--- client 7 in epoch 35 [aggregation then communication] ---
--- client 8 in epoch 35 [aggregation then communication] ---
--- client 9 in epoch 35 [aggregation then communication] ---
--- global epoch 35: global acc = 90.20% ---
--- local epoch 35: local acc = [C0:94.97%, C1:93.98%, C2:93.75%, C3:92.90%, C4:93.18%, C5:94.00%, C6:93.90%, C7:93.47%, C8:94.17%, C9:93.98%] ---

--- global epoch 36/60 ---
--- At epoch 36, learning rate decays to 0.009656 ---
--- client 0 in epoch 36 [aggregation then communication] ---
--- client 1 in epoch 36 [aggregation then communication] ---
--- client 2 in epoch 36 [aggregation then communication] ---
--- client 3 in epoch 36 [aggregation then communication] ---
--- client 4 in epoch 36 [aggregation then communication] ---
--- client 5 in epoch 36 [aggregation then communication] ---
--- client 6 in epoch 36 [aggregation then communication] ---
--- client 7 in epoch 36 [aggregation then communication] ---
--- client 8 in epoch 36 [aggregation then communication] ---
--- client 9 in epoch 36 [aggregation then communication] ---
--- global epoch 36: global acc = 90.69% ---
--- local epoch 36: local acc = [C0:94.12%, C1:94.88%, C2:93.93%, C3:92.67%, C4:93.08%, C5:94.03%, C6:94.83%, C7:93.93%, C8:94.58%, C9:93.93%] ---

--- global epoch 37/60 ---
--- At epoch 37, learning rate decays to 0.009646 ---
--- client 0 in epoch 37 [aggregation then communication] ---
--- client 1 in epoch 37 [aggregation then communication] ---
--- client 2 in epoch 37 [aggregation then communication] ---
--- client 3 in epoch 37 [aggregation then communication] ---
--- client 4 in epoch 37 [aggregation then communication] ---
--- client 5 in epoch 37 [aggregation then communication] ---
--- client 6 in epoch 37 [aggregation then communication] ---
--- client 7 in epoch 37 [aggregation then communication] ---
--- client 8 in epoch 37 [aggregation then communication] ---
--- client 9 in epoch 37 [aggregation then communication] ---
--- global epoch 37: global acc = 90.00% ---
--- local epoch 37: local acc = [C0:94.33%, C1:93.98%, C2:93.87%, C3:93.35%, C4:93.05%, C5:94.18%, C6:94.33%, C7:93.85%, C8:94.73%, C9:93.80%] ---

--- global epoch 38/60 ---
--- At epoch 38, learning rate decays to 0.009637 ---
--- client 0 in epoch 38 [aggregation then communication] ---
--- client 1 in epoch 38 [aggregation then communication] ---
--- client 2 in epoch 38 [aggregation then communication] ---
--- client 3 in epoch 38 [aggregation then communication] ---
--- client 4 in epoch 38 [aggregation then communication] ---
--- client 5 in epoch 38 [aggregation then communication] ---
--- client 6 in epoch 38 [aggregation then communication] ---
--- client 7 in epoch 38 [aggregation then communication] ---
--- client 8 in epoch 38 [aggregation then communication] ---
--- client 9 in epoch 38 [aggregation then communication] ---
--- global epoch 38: global acc = 89.75% ---
--- local epoch 38: local acc = [C0:94.67%, C1:94.30%, C2:94.02%, C3:93.83%, C4:93.65%, C5:94.58%, C6:94.90%, C7:93.98%, C8:94.70%, C9:94.62%] ---

--- global epoch 39/60 ---
--- At epoch 39, learning rate decays to 0.009627 ---
--- client 0 in epoch 39 [aggregation then communication] ---
--- client 1 in epoch 39 [aggregation then communication] ---
--- client 2 in epoch 39 [aggregation then communication] ---
--- client 3 in epoch 39 [aggregation then communication] ---
--- client 4 in epoch 39 [aggregation then communication] ---
--- client 5 in epoch 39 [aggregation then communication] ---
--- client 6 in epoch 39 [aggregation then communication] ---
--- client 7 in epoch 39 [aggregation then communication] ---
--- client 8 in epoch 39 [aggregation then communication] ---
--- client 9 in epoch 39 [aggregation then communication] ---
--- global epoch 39: global acc = 90.51% ---
--- local epoch 39: local acc = [C0:95.17%, C1:94.90%, C2:93.60%, C3:95.08%, C4:94.05%, C5:94.60%, C6:95.20%, C7:94.42%, C8:94.97%, C9:94.68%] ---

--- global epoch 40/60 ---
--- At epoch 40, learning rate decays to 0.009617 ---
--- client 0 in epoch 40 [aggregation then communication] ---
--- client 1 in epoch 40 [aggregation then communication] ---
--- client 2 in epoch 40 [aggregation then communication] ---
--- client 3 in epoch 40 [aggregation then communication] ---
--- client 4 in epoch 40 [aggregation then communication] ---
--- client 5 in epoch 40 [aggregation then communication] ---
--- client 6 in epoch 40 [aggregation then communication] ---
--- client 7 in epoch 40 [aggregation then communication] ---
--- client 8 in epoch 40 [aggregation then communication] ---
--- client 9 in epoch 40 [aggregation then communication] ---
--- global epoch 40: global acc = 90.22% ---
--- local epoch 40: local acc = [C0:95.20%, C1:95.00%, C2:94.28%, C3:94.03%, C4:94.32%, C5:95.10%, C6:94.82%, C7:94.13%, C8:95.18%, C9:95.28%] ---

--- global epoch 41/60 ---
--- At epoch 41, learning rate decays to 0.009608 ---
--- client 0 in epoch 41 [aggregation then communication] ---
--- client 1 in epoch 41 [aggregation then communication] ---
--- client 2 in epoch 41 [aggregation then communication] ---
--- client 3 in epoch 41 [aggregation then communication] ---
--- client 4 in epoch 41 [aggregation then communication] ---
--- client 5 in epoch 41 [aggregation then communication] ---
--- client 6 in epoch 41 [aggregation then communication] ---
--- client 7 in epoch 41 [aggregation then communication] ---
--- client 8 in epoch 41 [aggregation then communication] ---
--- client 9 in epoch 41 [aggregation then communication] ---
--- global epoch 41: global acc = 89.01% ---
--- local epoch 41: local acc = [C0:95.47%, C1:95.05%, C2:94.68%, C3:94.40%, C4:94.17%, C5:94.98%, C6:94.47%, C7:95.02%, C8:95.27%, C9:94.80%] ---

--- global epoch 42/60 ---
--- At epoch 42, learning rate decays to 0.009598 ---
--- client 0 in epoch 42 [aggregation then communication] ---
--- client 1 in epoch 42 [aggregation then communication] ---
--- client 2 in epoch 42 [aggregation then communication] ---
--- client 3 in epoch 42 [aggregation then communication] ---
--- client 4 in epoch 42 [aggregation then communication] ---
--- client 5 in epoch 42 [aggregation then communication] ---
--- client 6 in epoch 42 [aggregation then communication] ---
--- client 7 in epoch 42 [aggregation then communication] ---
--- client 8 in epoch 42 [aggregation then communication] ---
--- client 9 in epoch 42 [aggregation then communication] ---
--- global epoch 42: global acc = 89.58% ---
--- local epoch 42: local acc = [C0:95.25%, C1:95.55%, C2:94.38%, C3:95.15%, C4:95.40%, C5:94.68%, C6:95.15%, C7:95.28%, C8:95.77%, C9:95.03%] ---

--- global epoch 43/60 ---
--- At epoch 43, learning rate decays to 0.009588 ---
--- client 0 in epoch 43 [aggregation then communication] ---
--- client 1 in epoch 43 [aggregation then communication] ---
--- client 2 in epoch 43 [aggregation then communication] ---
--- client 3 in epoch 43 [aggregation then communication] ---
--- client 4 in epoch 43 [aggregation then communication] ---
--- client 5 in epoch 43 [aggregation then communication] ---
--- client 6 in epoch 43 [aggregation then communication] ---
--- client 7 in epoch 43 [aggregation then communication] ---
--- client 8 in epoch 43 [aggregation then communication] ---
--- client 9 in epoch 43 [aggregation then communication] ---
--- global epoch 43: global acc = 89.81% ---
--- local epoch 43: local acc = [C0:95.30%, C1:95.48%, C2:95.02%, C3:94.87%, C4:93.88%, C5:95.43%, C6:95.42%, C7:95.07%, C8:95.23%, C9:95.17%] ---

--- global epoch 44/60 ---
--- At epoch 44, learning rate decays to 0.009579 ---
--- client 0 in epoch 44 [aggregation then communication] ---
--- client 1 in epoch 44 [aggregation then communication] ---
--- client 2 in epoch 44 [aggregation then communication] ---
--- client 3 in epoch 44 [aggregation then communication] ---
--- client 4 in epoch 44 [aggregation then communication] ---
--- client 5 in epoch 44 [aggregation then communication] ---
--- client 6 in epoch 44 [aggregation then communication] ---
--- client 7 in epoch 44 [aggregation then communication] ---
--- client 8 in epoch 44 [aggregation then communication] ---
--- client 9 in epoch 44 [aggregation then communication] ---
--- global epoch 44: global acc = 90.24% ---
--- local epoch 44: local acc = [C0:96.25%, C1:94.87%, C2:94.60%, C3:95.82%, C4:94.85%, C5:95.58%, C6:95.23%, C7:94.80%, C8:95.58%, C9:95.77%] ---

--- global epoch 45/60 ---
--- At epoch 45, learning rate decays to 0.009569 ---
--- client 0 in epoch 45 [aggregation then communication] ---
--- client 1 in epoch 45 [aggregation then communication] ---
--- client 2 in epoch 45 [aggregation then communication] ---
--- client 3 in epoch 45 [aggregation then communication] ---
--- client 4 in epoch 45 [aggregation then communication] ---
--- client 5 in epoch 45 [aggregation then communication] ---
--- client 6 in epoch 45 [aggregation then communication] ---
--- client 7 in epoch 45 [aggregation then communication] ---
--- client 8 in epoch 45 [aggregation then communication] ---
--- client 9 in epoch 45 [aggregation then communication] ---
--- global epoch 45: global acc = 89.77% ---
--- local epoch 45: local acc = [C0:95.53%, C1:95.35%, C2:95.20%, C3:94.78%, C4:94.42%, C5:96.02%, C6:96.63%, C7:95.07%, C8:95.20%, C9:95.32%] ---

--- global epoch 46/60 ---
--- At epoch 46, learning rate decays to 0.009560 ---
--- client 0 in epoch 46 [aggregation then communication] ---
--- client 1 in epoch 46 [aggregation then communication] ---
--- client 2 in epoch 46 [aggregation then communication] ---
--- client 3 in epoch 46 [aggregation then communication] ---
--- client 4 in epoch 46 [aggregation then communication] ---
--- client 5 in epoch 46 [aggregation then communication] ---
--- client 6 in epoch 46 [aggregation then communication] ---
--- client 7 in epoch 46 [aggregation then communication] ---
--- client 8 in epoch 46 [aggregation then communication] ---
--- client 9 in epoch 46 [aggregation then communication] ---
--- global epoch 46: global acc = 90.20% ---
--- local epoch 46: local acc = [C0:95.38%, C1:95.95%, C2:94.95%, C3:95.48%, C4:95.10%, C5:95.57%, C6:95.98%, C7:95.52%, C8:95.98%, C9:95.78%] ---

--- global epoch 47/60 ---
--- At epoch 47, learning rate decays to 0.009550 ---
--- client 0 in epoch 47 [aggregation then communication] ---
--- client 1 in epoch 47 [aggregation then communication] ---
--- client 2 in epoch 47 [aggregation then communication] ---
--- client 3 in epoch 47 [aggregation then communication] ---
--- client 4 in epoch 47 [aggregation then communication] ---
--- client 5 in epoch 47 [aggregation then communication] ---
--- client 6 in epoch 47 [aggregation then communication] ---
--- client 7 in epoch 47 [aggregation then communication] ---
--- client 8 in epoch 47 [aggregation then communication] ---
--- client 9 in epoch 47 [aggregation then communication] ---
--- global epoch 47: global acc = 88.98% ---
--- local epoch 47: local acc = [C0:95.28%, C1:96.55%, C2:95.38%, C3:95.27%, C4:95.42%, C5:95.33%, C6:96.20%, C7:95.57%, C8:95.40%, C9:96.02%] ---

--- global epoch 48/60 ---
--- At epoch 48, learning rate decays to 0.009541 ---
--- client 0 in epoch 48 [aggregation then communication] ---
--- client 1 in epoch 48 [aggregation then communication] ---
--- client 2 in epoch 48 [aggregation then communication] ---
--- client 3 in epoch 48 [aggregation then communication] ---
--- client 4 in epoch 48 [aggregation then communication] ---
--- client 5 in epoch 48 [aggregation then communication] ---
--- client 6 in epoch 48 [aggregation then communication] ---
--- client 7 in epoch 48 [aggregation then communication] ---
--- client 8 in epoch 48 [aggregation then communication] ---
--- client 9 in epoch 48 [aggregation then communication] ---
--- global epoch 48: global acc = 90.17% ---
--- local epoch 48: local acc = [C0:95.72%, C1:95.90%, C2:95.45%, C3:96.42%, C4:95.33%, C5:96.18%, C6:96.08%, C7:96.87%, C8:95.28%, C9:96.73%] ---

--- global epoch 49/60 ---
--- At epoch 49, learning rate decays to 0.009531 ---
--- client 0 in epoch 49 [aggregation then communication] ---
--- client 1 in epoch 49 [aggregation then communication] ---
--- client 2 in epoch 49 [aggregation then communication] ---
--- client 3 in epoch 49 [aggregation then communication] ---
--- client 4 in epoch 49 [aggregation then communication] ---
--- client 5 in epoch 49 [aggregation then communication] ---
--- client 6 in epoch 49 [aggregation then communication] ---
--- client 7 in epoch 49 [aggregation then communication] ---
--- client 8 in epoch 49 [aggregation then communication] ---
--- client 9 in epoch 49 [aggregation then communication] ---
--- global epoch 49: global acc = 90.08% ---
--- local epoch 49: local acc = [C0:95.15%, C1:95.90%, C2:95.25%, C3:95.33%, C4:95.58%, C5:96.63%, C6:96.45%, C7:95.68%, C8:95.68%, C9:96.17%] ---

--- global epoch 50/60 ---
--- At epoch 50, learning rate decays to 0.009522 ---
--- client 0 in epoch 50 [aggregation then communication] ---
--- client 1 in epoch 50 [aggregation then communication] ---
--- client 2 in epoch 50 [aggregation then communication] ---
--- client 3 in epoch 50 [aggregation then communication] ---
--- client 4 in epoch 50 [aggregation then communication] ---
--- client 5 in epoch 50 [aggregation then communication] ---
--- client 6 in epoch 50 [aggregation then communication] ---
--- client 7 in epoch 50 [aggregation then communication] ---
--- client 8 in epoch 50 [aggregation then communication] ---
--- client 9 in epoch 50 [aggregation then communication] ---
--- global epoch 50: global acc = 90.06% ---
--- local epoch 50: local acc = [C0:95.83%, C1:96.42%, C2:95.27%, C3:95.78%, C4:95.92%, C5:96.60%, C6:96.52%, C7:95.52%, C8:96.52%, C9:96.58%] ---

--- global epoch 51/60 ---
--- At epoch 51, learning rate decays to 0.009512 ---
--- client 0 in epoch 51 [aggregation then communication] ---
--- client 1 in epoch 51 [aggregation then communication] ---
--- client 2 in epoch 51 [aggregation then communication] ---
--- client 3 in epoch 51 [aggregation then communication] ---
--- client 4 in epoch 51 [aggregation then communication] ---
--- client 5 in epoch 51 [aggregation then communication] ---
--- client 6 in epoch 51 [aggregation then communication] ---
--- client 7 in epoch 51 [aggregation then communication] ---
--- client 8 in epoch 51 [aggregation then communication] ---
--- client 9 in epoch 51 [aggregation then communication] ---
--- global epoch 51: global acc = 90.49% ---
--- local epoch 51: local acc = [C0:96.05%, C1:96.27%, C2:95.67%, C3:96.47%, C4:95.30%, C5:96.02%, C6:96.82%, C7:95.67%, C8:96.58%, C9:96.58%] ---

--- global epoch 52/60 ---
--- At epoch 52, learning rate decays to 0.009503 ---
--- client 0 in epoch 52 [aggregation then communication] ---
--- client 1 in epoch 52 [aggregation then communication] ---
--- client 2 in epoch 52 [aggregation then communication] ---
--- client 3 in epoch 52 [aggregation then communication] ---
--- client 4 in epoch 52 [aggregation then communication] ---
--- client 5 in epoch 52 [aggregation then communication] ---
--- client 6 in epoch 52 [aggregation then communication] ---
--- client 7 in epoch 52 [aggregation then communication] ---
--- client 8 in epoch 52 [aggregation then communication] ---
--- client 9 in epoch 52 [aggregation then communication] ---
--- global epoch 52: global acc = 90.71% ---
--- local epoch 52: local acc = [C0:95.82%, C1:96.43%, C2:95.95%, C3:95.97%, C4:95.68%, C5:96.67%, C6:96.32%, C7:96.00%, C8:96.73%, C9:96.72%] ---

--- global epoch 53/60 ---
--- At epoch 53, learning rate decays to 0.009493 ---
--- client 0 in epoch 53 [aggregation then communication] ---
--- client 1 in epoch 53 [aggregation then communication] ---
--- client 2 in epoch 53 [aggregation then communication] ---
--- client 3 in epoch 53 [aggregation then communication] ---
--- client 4 in epoch 53 [aggregation then communication] ---
--- client 5 in epoch 53 [aggregation then communication] ---
--- client 6 in epoch 53 [aggregation then communication] ---
--- client 7 in epoch 53 [aggregation then communication] ---
--- client 8 in epoch 53 [aggregation then communication] ---
--- client 9 in epoch 53 [aggregation then communication] ---
--- global epoch 53: global acc = 89.98% ---
--- local epoch 53: local acc = [C0:95.93%, C1:96.48%, C2:95.80%, C3:95.97%, C4:96.10%, C5:95.68%, C6:96.27%, C7:96.00%, C8:96.55%, C9:96.60%] ---

--- global epoch 54/60 ---
--- At epoch 54, learning rate decays to 0.009484 ---
--- client 0 in epoch 54 [aggregation then communication] ---
--- client 1 in epoch 54 [aggregation then communication] ---
--- client 2 in epoch 54 [aggregation then communication] ---
--- client 3 in epoch 54 [aggregation then communication] ---
--- client 4 in epoch 54 [aggregation then communication] ---
--- client 5 in epoch 54 [aggregation then communication] ---
--- client 6 in epoch 54 [aggregation then communication] ---
--- client 7 in epoch 54 [aggregation then communication] ---
--- client 8 in epoch 54 [aggregation then communication] ---
--- client 9 in epoch 54 [aggregation then communication] ---
--- global epoch 54: global acc = 90.43% ---
--- local epoch 54: local acc = [C0:96.92%, C1:96.37%, C2:95.62%, C3:96.93%, C4:96.25%, C5:97.28%, C6:96.63%, C7:96.12%, C8:96.30%, C9:96.93%] ---

--- global epoch 55/60 ---
--- At epoch 55, learning rate decays to 0.009474 ---
--- client 0 in epoch 55 [aggregation then communication] ---
--- client 1 in epoch 55 [aggregation then communication] ---
--- client 2 in epoch 55 [aggregation then communication] ---
--- client 3 in epoch 55 [aggregation then communication] ---
--- client 4 in epoch 55 [aggregation then communication] ---
--- client 5 in epoch 55 [aggregation then communication] ---
--- client 6 in epoch 55 [aggregation then communication] ---
--- client 7 in epoch 55 [aggregation then communication] ---
--- client 8 in epoch 55 [aggregation then communication] ---
--- client 9 in epoch 55 [aggregation then communication] ---
--- global epoch 55: global acc = 90.45% ---
--- local epoch 55: local acc = [C0:97.32%, C1:96.70%, C2:96.47%, C3:96.55%, C4:96.40%, C5:96.47%, C6:96.57%, C7:96.38%, C8:96.47%, C9:96.73%] ---

--- global epoch 56/60 ---
--- At epoch 56, learning rate decays to 0.009465 ---
--- client 0 in epoch 56 [aggregation then communication] ---
--- client 1 in epoch 56 [aggregation then communication] ---
--- client 2 in epoch 56 [aggregation then communication] ---
--- client 3 in epoch 56 [aggregation then communication] ---
--- client 4 in epoch 56 [aggregation then communication] ---
--- client 5 in epoch 56 [aggregation then communication] ---
--- client 6 in epoch 56 [aggregation then communication] ---
--- client 7 in epoch 56 [aggregation then communication] ---
--- client 8 in epoch 56 [aggregation then communication] ---
--- client 9 in epoch 56 [aggregation then communication] ---
--- global epoch 56: global acc = 90.51% ---
--- local epoch 56: local acc = [C0:96.35%, C1:96.28%, C2:95.43%, C3:96.97%, C4:96.15%, C5:97.15%, C6:96.13%, C7:96.42%, C8:96.00%, C9:97.33%] ---

--- global epoch 57/60 ---
--- At epoch 57, learning rate decays to 0.009455 ---
--- client 0 in epoch 57 [aggregation then communication] ---
--- client 1 in epoch 57 [aggregation then communication] ---
--- client 2 in epoch 57 [aggregation then communication] ---
--- client 3 in epoch 57 [aggregation then communication] ---
--- client 4 in epoch 57 [aggregation then communication] ---
--- client 5 in epoch 57 [aggregation then communication] ---
--- client 6 in epoch 57 [aggregation then communication] ---
--- client 7 in epoch 57 [aggregation then communication] ---
--- client 8 in epoch 57 [aggregation then communication] ---
--- client 9 in epoch 57 [aggregation then communication] ---
--- global epoch 57: global acc = 90.91% ---
--- local epoch 57: local acc = [C0:96.50%, C1:96.65%, C2:96.32%, C3:96.60%, C4:96.78%, C5:96.78%, C6:96.78%, C7:96.23%, C8:97.18%, C9:96.82%] ---

--- global epoch 58/60 ---
--- At epoch 58, learning rate decays to 0.009446 ---
--- client 0 in epoch 58 [aggregation then communication] ---
--- client 1 in epoch 58 [aggregation then communication] ---
--- client 2 in epoch 58 [aggregation then communication] ---
--- client 3 in epoch 58 [aggregation then communication] ---
--- client 4 in epoch 58 [aggregation then communication] ---
--- client 5 in epoch 58 [aggregation then communication] ---
--- client 6 in epoch 58 [aggregation then communication] ---
--- client 7 in epoch 58 [aggregation then communication] ---
--- client 8 in epoch 58 [aggregation then communication] ---
--- client 9 in epoch 58 [aggregation then communication] ---
--- global epoch 58: global acc = 90.84% ---
--- local epoch 58: local acc = [C0:97.00%, C1:97.42%, C2:96.63%, C3:96.85%, C4:96.55%, C5:96.62%, C6:96.68%, C7:96.87%, C8:96.55%, C9:97.20%] ---

--- global epoch 59/60 ---
--- At epoch 59, learning rate decays to 0.009436 ---
--- client 0 in epoch 59 [aggregation then communication] ---
--- client 1 in epoch 59 [aggregation then communication] ---
--- client 2 in epoch 59 [aggregation then communication] ---
--- client 3 in epoch 59 [aggregation then communication] ---
--- client 4 in epoch 59 [aggregation then communication] ---
--- client 5 in epoch 59 [aggregation then communication] ---
--- client 6 in epoch 59 [aggregation then communication] ---
--- client 7 in epoch 59 [aggregation then communication] ---
--- client 8 in epoch 59 [aggregation then communication] ---
--- client 9 in epoch 59 [aggregation then communication] ---
--- global epoch 59: global acc = 89.95% ---
--- local epoch 59: local acc = [C0:97.22%, C1:97.02%, C2:96.18%, C3:96.58%, C4:96.62%, C5:97.10%, C6:96.28%, C7:96.83%, C8:96.82%, C9:97.83%] ---

--- global epoch 60/60 ---
--- At epoch 60, learning rate decays to 0.009427 ---
--- client 0 in epoch 60 [aggregation then communication] ---
--- client 1 in epoch 60 [aggregation then communication] ---
--- client 2 in epoch 60 [aggregation then communication] ---
--- client 3 in epoch 60 [aggregation then communication] ---
--- client 4 in epoch 60 [aggregation then communication] ---
--- client 5 in epoch 60 [aggregation then communication] ---
--- client 6 in epoch 60 [aggregation then communication] ---
--- client 7 in epoch 60 [aggregation then communication] ---
--- client 8 in epoch 60 [aggregation then communication] ---
--- client 9 in epoch 60 [aggregation then communication] ---
--- global epoch 60: global acc = 90.14% ---
--- local epoch 60: local acc = [C0:97.57%, C1:97.30%, C2:96.75%, C3:97.08%, C4:96.43%, C5:96.95%, C6:96.25%, C7:96.70%, C8:97.95%, C9:97.73%] ---
Total runtime: 2289.71s (0:38:09)

 saving results
results save in C:\Users\Kong\Desktop\\decentralized_federated_learning-master\decentralized_federated_learning-master\res\clients_10-epochs_1-20250924_171759.json
