client 0 initial number of neighbors: 9
client 1 initial number of neighbors: 9
client 2 initial number of neighbors: 9
client 3 initial number of neighbors: 9
client 4 initial number of neighbors: 9
client 5 initial number of neighbors: 9
client 6 initial number of neighbors: 9
client 7 initial number of neighbors: 9
client 8 initial number of neighbors: 9
client 9 initial number of neighbors: 9

 training begins! (epoch-by-epoch parallel mode with global evaluation)

--- global epoch 1/60 ---
--- client 0 in epoch 1 [aggregation then communication] ---
--- client 1 in epoch 1 [aggregation then communication] ---
--- client 2 in epoch 1 [aggregation then communication] ---
--- client 3 in epoch 1 [aggregation then communication] ---
--- client 4 in epoch 1 [aggregation then communication] ---
--- client 5 in epoch 1 [aggregation then communication] ---
--- client 6 in epoch 1 [aggregation then communication] ---
--- client 7 in epoch 1 [aggregation then communication] ---
--- client 8 in epoch 1 [aggregation then communication] ---
--- client 9 in epoch 1 [aggregation then communication] ---
--- global epoch 1: global acc = 10.05% ---
--- local epoch 1: local acc = [C0:26.97%, C1:25.25%, C2:26.38%, C3:27.23%, C4:26.62%, C5:26.05%, C6:26.38%, C7:26.40%, C8:25.62%, C9:27.50%] ---

--- global epoch 2/60 ---
--- At epoch 2, learning rate decays to 0.004900 ---
--- client 0 in epoch 2 [aggregation then communication] ---
--- client 1 in epoch 2 [aggregation then communication] ---
--- client 2 in epoch 2 [aggregation then communication] ---
--- client 3 in epoch 2 [aggregation then communication] ---
--- client 4 in epoch 2 [aggregation then communication] ---
--- client 5 in epoch 2 [aggregation then communication] ---
--- client 6 in epoch 2 [aggregation then communication] ---
--- client 7 in epoch 2 [aggregation then communication] ---
--- client 8 in epoch 2 [aggregation then communication] ---
--- client 9 in epoch 2 [aggregation then communication] ---
--- global epoch 2: global acc = 26.40% ---
--- local epoch 2: local acc = [C0:30.02%, C1:29.28%, C2:28.98%, C3:28.70%, C4:29.33%, C5:28.38%, C6:29.05%, C7:28.93%, C8:28.90%, C9:32.58%] ---

--- global epoch 3/60 ---
--- At epoch 3, learning rate decays to 0.004802 ---
--- client 0 in epoch 3 [aggregation then communication] ---
--- client 1 in epoch 3 [aggregation then communication] ---
--- client 2 in epoch 3 [aggregation then communication] ---
--- client 3 in epoch 3 [aggregation then communication] ---
--- client 4 in epoch 3 [aggregation then communication] ---
--- client 5 in epoch 3 [aggregation then communication] ---
--- client 6 in epoch 3 [aggregation then communication] ---
--- client 7 in epoch 3 [aggregation then communication] ---
--- client 8 in epoch 3 [aggregation then communication] ---
--- client 9 in epoch 3 [aggregation then communication] ---
--- global epoch 3: global acc = 41.25% ---
--- local epoch 3: local acc = [C0:37.83%, C1:37.50%, C2:39.13%, C3:37.00%, C4:36.00%, C5:38.55%, C6:36.13%, C7:37.62%, C8:37.63%, C9:39.05%] ---

--- global epoch 4/60 ---
--- At epoch 4, learning rate decays to 0.004706 ---
--- client 0 in epoch 4 [aggregation then communication] ---
--- client 1 in epoch 4 [aggregation then communication] ---
--- client 2 in epoch 4 [aggregation then communication] ---
--- client 3 in epoch 4 [aggregation then communication] ---
--- client 4 in epoch 4 [aggregation then communication] ---
--- client 5 in epoch 4 [aggregation then communication] ---
--- client 6 in epoch 4 [aggregation then communication] ---
--- client 7 in epoch 4 [aggregation then communication] ---
--- client 8 in epoch 4 [aggregation then communication] ---
--- client 9 in epoch 4 [aggregation then communication] ---
--- global epoch 4: global acc = 50.73% ---
--- local epoch 4: local acc = [C0:47.33%, C1:48.73%, C2:47.57%, C3:46.80%, C4:47.12%, C5:47.63%, C6:47.45%, C7:46.78%, C8:47.43%, C9:47.47%] ---

--- global epoch 5/60 ---
--- At epoch 5, learning rate decays to 0.004612 ---
--- client 0 in epoch 5 [aggregation then communication] ---
--- client 1 in epoch 5 [aggregation then communication] ---
--- client 2 in epoch 5 [aggregation then communication] ---
--- client 3 in epoch 5 [aggregation then communication] ---
--- client 4 in epoch 5 [aggregation then communication] ---
--- client 5 in epoch 5 [aggregation then communication] ---
--- client 6 in epoch 5 [aggregation then communication] ---
--- client 7 in epoch 5 [aggregation then communication] ---
--- client 8 in epoch 5 [aggregation then communication] ---
--- client 9 in epoch 5 [aggregation then communication] ---
--- global epoch 5: global acc = 58.23% ---
--- local epoch 5: local acc = [C0:56.52%, C1:55.33%, C2:56.43%, C3:55.15%, C4:56.40%, C5:56.05%, C6:56.12%, C7:56.67%, C8:55.97%, C9:57.12%] ---

--- global epoch 6/60 ---
--- At epoch 6, learning rate decays to 0.004520 ---
--- client 0 in epoch 6 [aggregation then communication] ---
--- client 1 in epoch 6 [aggregation then communication] ---
--- client 2 in epoch 6 [aggregation then communication] ---
--- client 3 in epoch 6 [aggregation then communication] ---
--- client 4 in epoch 6 [aggregation then communication] ---
--- client 5 in epoch 6 [aggregation then communication] ---
--- client 6 in epoch 6 [aggregation then communication] ---
--- client 7 in epoch 6 [aggregation then communication] ---
--- client 8 in epoch 6 [aggregation then communication] ---
--- client 9 in epoch 6 [aggregation then communication] ---
--- global epoch 6: global acc = 61.78% ---
--- local epoch 6: local acc = [C0:62.33%, C1:62.08%, C2:62.28%, C3:63.33%, C4:62.75%, C5:63.82%, C6:62.57%, C7:63.13%, C8:63.22%, C9:63.37%] ---

--- global epoch 7/60 ---
--- At epoch 7, learning rate decays to 0.004429 ---
--- client 0 in epoch 7 [aggregation then communication] ---
--- client 1 in epoch 7 [aggregation then communication] ---
--- client 2 in epoch 7 [aggregation then communication] ---
--- client 3 in epoch 7 [aggregation then communication] ---
--- client 4 in epoch 7 [aggregation then communication] ---
--- client 5 in epoch 7 [aggregation then communication] ---
--- client 6 in epoch 7 [aggregation then communication] ---
--- client 7 in epoch 7 [aggregation then communication] ------ client 8 in epoch 7 [aggregation then communication] ---

--- client 9 in epoch 7 [aggregation then communication] ---
--- global epoch 7: global acc = 69.87% ---
--- local epoch 7: local acc = [C0:66.57%, C1:65.95%, C2:65.97%, C3:65.40%, C4:66.50%, C5:66.95%, C6:66.65%, C7:65.70%, C8:67.18%, C9:66.73%] ---

--- global epoch 8/60 ---
--- At epoch 8, learning rate decays to 0.004341 ---
--- client 0 in epoch 8 [aggregation then communication] ---
--- client 1 in epoch 8 [aggregation then communication] ---
--- client 2 in epoch 8 [aggregation then communication] ---
--- client 3 in epoch 8 [aggregation then communication] ---
--- client 4 in epoch 8 [aggregation then communication] ---
--- client 5 in epoch 8 [aggregation then communication] ---
--- client 6 in epoch 8 [aggregation then communication] ---
--- client 7 in epoch 8 [aggregation then communication] ---
--- client 8 in epoch 8 [aggregation then communication] ---
--- client 9 in epoch 8 [aggregation then communication] ---
--- global epoch 8: global acc = 75.19% ---
--- local epoch 8: local acc = [C0:72.52%, C1:71.03%, C2:70.75%, C3:71.23%, C4:72.32%, C5:72.72%, C6:73.22%, C7:70.82%, C8:72.30%, C9:72.52%] ---

--- global epoch 9/60 ---
--- At epoch 9, learning rate decays to 0.004254 ---
--- client 0 in epoch 9 [aggregation then communication] ---
--- client 1 in epoch 9 [aggregation then communication] ---
--- client 2 in epoch 9 [aggregation then communication] ---
--- client 3 in epoch 9 [aggregation then communication] ---
--- client 4 in epoch 9 [aggregation then communication] ---
--- client 5 in epoch 9 [aggregation then communication] ---
--- client 6 in epoch 9 [aggregation then communication] ---
--- client 7 in epoch 9 [aggregation then communication] ---
--- client 8 in epoch 9 [aggregation then communication] ---
--- client 9 in epoch 9 [aggregation then communication] ---
--- global epoch 9: global acc = 77.51% ---
--- local epoch 9: local acc = [C0:75.85%, C1:75.12%, C2:75.48%, C3:75.10%, C4:75.60%, C5:76.23%, C6:76.22%, C7:75.43%, C8:75.77%, C9:75.27%] ---

--- global epoch 10/60 ---
--- At epoch 10, learning rate decays to 0.004169 ---
--- client 0 in epoch 10 [aggregation then communication] ---
--- client 1 in epoch 10 [aggregation then communication] ---
--- client 2 in epoch 10 [aggregation then communication] ---
--- client 3 in epoch 10 [aggregation then communication] ---
--- client 4 in epoch 10 [aggregation then communication] ---
--- client 5 in epoch 10 [aggregation then communication] ---
--- client 6 in epoch 10 [aggregation then communication] ---
--- client 7 in epoch 10 [aggregation then communication] ---
--- client 8 in epoch 10 [aggregation then communication] ---
--- client 9 in epoch 10 [aggregation then communication] ---
--- global epoch 10: global acc = 78.77% ---
--- local epoch 10: local acc = [C0:76.85%, C1:77.20%, C2:77.17%, C3:76.35%, C4:77.38%, C5:77.87%, C6:77.80%, C7:77.72%, C8:77.43%, C9:77.78%] ---

--- global epoch 11/60 ---
--- At epoch 11, learning rate decays to 0.004085 ---
--- client 0 in epoch 11 [aggregation then communication] ---
--- client 1 in epoch 11 [aggregation then communication] ---
--- client 2 in epoch 11 [aggregation then communication] ---
--- client 3 in epoch 11 [aggregation then communication] ---
--- client 4 in epoch 11 [aggregation then communication] ---
--- client 5 in epoch 11 [aggregation then communication] ---
--- client 6 in epoch 11 [aggregation then communication] ---
--- client 7 in epoch 11 [aggregation then communication] ---
--- client 8 in epoch 11 [aggregation then communication] ---
--- client 9 in epoch 11 [aggregation then communication] ---
--- global epoch 11: global acc = 79.57% ---
--- local epoch 11: local acc = [C0:78.35%, C1:77.77%, C2:78.27%, C3:78.08%, C4:79.60%, C5:79.28%, C6:79.38%, C7:79.48%, C8:78.87%, C9:78.58%] ---

--- global epoch 12/60 ---
--- At epoch 12, learning rate decays to 0.004004 ---
--- client 0 in epoch 12 [aggregation then communication] ---
--- client 1 in epoch 12 [aggregation then communication] ---
--- client 2 in epoch 12 [aggregation then communication] ---
--- client 3 in epoch 12 [aggregation then communication] ---
--- client 4 in epoch 12 [aggregation then communication] ---
--- client 5 in epoch 12 [aggregation then communication] ---
--- client 6 in epoch 12 [aggregation then communication] ---
--- client 7 in epoch 12 [aggregation then communication] ---
--- client 8 in epoch 12 [aggregation then communication] ---
--- client 9 in epoch 12 [aggregation then communication] ---
--- global epoch 12: global acc = 80.72% ---
--- local epoch 12: local acc = [C0:79.50%, C1:79.40%, C2:79.00%, C3:79.30%, C4:79.93%, C5:80.62%, C6:80.17%, C7:79.48%, C8:79.72%, C9:79.40%] ---

--- global epoch 13/60 ---
--- At epoch 13, learning rate decays to 0.003924 ---
--- client 0 in epoch 13 [aggregation then communication] ---
--- client 1 in epoch 13 [aggregation then communication] ---
--- client 2 in epoch 13 [aggregation then communication] ---
--- client 3 in epoch 13 [aggregation then communication] ---
--- client 4 in epoch 13 [aggregation then communication] ---
--- client 5 in epoch 13 [aggregation then communication] ---
--- client 6 in epoch 13 [aggregation then communication] ---
--- client 7 in epoch 13 [aggregation then communication] ---
--- client 8 in epoch 13 [aggregation then communication] ---
--- client 9 in epoch 13 [aggregation then communication] ---
--- global epoch 13: global acc = 81.20% ---
--- local epoch 13: local acc = [C0:80.67%, C1:80.37%, C2:80.33%, C3:80.27%, C4:81.43%, C5:81.02%, C6:81.18%, C7:81.02%, C8:80.98%, C9:80.75%] ---

--- global epoch 14/60 ---
--- At epoch 14, learning rate decays to 0.003845 ---
--- client 0 in epoch 14 [aggregation then communication] ---
--- client 1 in epoch 14 [aggregation then communication] ---
--- client 2 in epoch 14 [aggregation then communication] ---
--- client 3 in epoch 14 [aggregation then communication] ---
--- client 4 in epoch 14 [aggregation then communication] ---
--- client 5 in epoch 14 [aggregation then communication] ---
--- client 6 in epoch 14 [aggregation then communication] ---
--- client 7 in epoch 14 [aggregation then communication] ---
--- client 8 in epoch 14 [aggregation then communication] ---
--- client 9 in epoch 14 [aggregation then communication] ---
--- global epoch 14: global acc = 82.28% ---
--- local epoch 14: local acc = [C0:81.27%, C1:80.75%, C2:80.88%, C3:81.00%, C4:81.70%, C5:82.17%, C6:82.05%, C7:81.25%, C8:82.00%, C9:81.55%] ---

--- global epoch 15/60 ---
--- At epoch 15, learning rate decays to 0.003768 ---
--- client 0 in epoch 15 [aggregation then communication] ---
--- client 1 in epoch 15 [aggregation then communication] ---
--- client 2 in epoch 15 [aggregation then communication] ---
--- client 3 in epoch 15 [aggregation then communication] ---
--- client 4 in epoch 15 [aggregation then communication] ---
--- client 5 in epoch 15 [aggregation then communication] ---
--- client 6 in epoch 15 [aggregation then communication] ---
--- client 7 in epoch 15 [aggregation then communication] ---
--- client 8 in epoch 15 [aggregation then communication] ---
--- client 9 in epoch 15 [aggregation then communication] ---
--- global epoch 15: global acc = 82.75% ---
--- local epoch 15: local acc = [C0:82.23%, C1:82.77%, C2:81.80%, C3:81.90%, C4:82.92%, C5:83.15%, C6:82.37%, C7:82.08%, C8:82.27%, C9:81.88%] ---

--- global epoch 16/60 ---
--- At epoch 16, learning rate decays to 0.003693 ---
--- client 0 in epoch 16 [aggregation then communication] ---
--- client 1 in epoch 16 [aggregation then communication] ---
--- client 2 in epoch 16 [aggregation then communication] ---
--- client 3 in epoch 16 [aggregation then communication] ---
--- client 4 in epoch 16 [aggregation then communication] ---
--- client 5 in epoch 16 [aggregation then communication] ---
--- client 6 in epoch 16 [aggregation then communication] ---
--- client 7 in epoch 16 [aggregation then communication] ---
--- client 8 in epoch 16 [aggregation then communication] ---
--- client 9 in epoch 16 [aggregation then communication] ---
--- global epoch 16: global acc = 83.07% ---
--- local epoch 16: local acc = [C0:82.82%, C1:83.05%, C2:82.18%, C3:82.43%, C4:83.42%, C5:84.28%, C6:82.65%, C7:82.83%, C8:83.42%, C9:82.93%] ---

--- global epoch 17/60 ---
--- At epoch 17, learning rate decays to 0.003619 ---
--- client 0 in epoch 17 [aggregation then communication] ---
--- client 1 in epoch 17 [aggregation then communication] ---
--- client 2 in epoch 17 [aggregation then communication] ---
--- client 3 in epoch 17 [aggregation then communication] ---
--- client 4 in epoch 17 [aggregation then communication] ---
--- client 5 in epoch 17 [aggregation then communication] ---
--- client 6 in epoch 17 [aggregation then communication] ---
--- client 7 in epoch 17 [aggregation then communication] ---
--- client 8 in epoch 17 [aggregation then communication] ---
--- client 9 in epoch 17 [aggregation then communication] ---
--- global epoch 17: global acc = 83.23% ---
--- local epoch 17: local acc = [C0:83.57%, C1:83.63%, C2:82.80%, C3:82.87%, C4:83.65%, C5:84.47%, C6:83.67%, C7:83.60%, C8:84.03%, C9:83.33%] ---

--- global epoch 18/60 ---
--- At epoch 18, learning rate decays to 0.003547 ---
--- client 0 in epoch 18 [aggregation then communication] ---
--- client 1 in epoch 18 [aggregation then communication] ---
--- client 2 in epoch 18 [aggregation then communication] ---
--- client 3 in epoch 18 [aggregation then communication] ---
--- client 4 in epoch 18 [aggregation then communication] ---
--- client 5 in epoch 18 [aggregation then communication] ---
--- client 6 in epoch 18 [aggregation then communication] ---
--- client 7 in epoch 18 [aggregation then communication] ---
--- client 8 in epoch 18 [aggregation then communication] ------ client 9 in epoch 18 [aggregation then communication] ---

--- global epoch 18: global acc = 84.00% ---
--- local epoch 18: local acc = [C0:84.75%, C1:83.85%, C2:83.80%, C3:83.62%, C4:84.63%, C5:85.25%, C6:84.77%, C7:84.05%, C8:84.97%, C9:84.47%] ---

--- global epoch 19/60 ---
--- At epoch 19, learning rate decays to 0.003476 ---
--- client 0 in epoch 19 [aggregation then communication] ---
--- client 1 in epoch 19 [aggregation then communication] ---
--- client 2 in epoch 19 [aggregation then communication] ---
--- client 3 in epoch 19 [aggregation then communication] ---
--- client 4 in epoch 19 [aggregation then communication] ---
--- client 5 in epoch 19 [aggregation then communication] ---
--- client 6 in epoch 19 [aggregation then communication] ---
--- client 7 in epoch 19 [aggregation then communication] ---
--- client 8 in epoch 19 [aggregation then communication] ---
--- client 9 in epoch 19 [aggregation then communication] ---
--- global epoch 19: global acc = 84.65% ---
--- local epoch 19: local acc = [C0:84.68%, C1:84.72%, C2:84.48%, C3:84.52%, C4:85.07%, C5:86.10%, C6:84.35%, C7:84.53%, C8:85.53%, C9:84.50%] ---

--- global epoch 20/60 ---
--- At epoch 20, learning rate decays to 0.003406 ---
--- client 0 in epoch 20 [aggregation then communication] ---
--- client 1 in epoch 20 [aggregation then communication] ---
--- client 2 in epoch 20 [aggregation then communication] ---
--- client 3 in epoch 20 [aggregation then communication] ---
--- client 4 in epoch 20 [aggregation then communication] ---
--- client 5 in epoch 20 [aggregation then communication] ---
--- client 6 in epoch 20 [aggregation then communication] ---
--- client 7 in epoch 20 [aggregation then communication] ---
--- client 8 in epoch 20 [aggregation then communication] ---
--- client 9 in epoch 20 [aggregation then communication] ---
--- global epoch 20: global acc = 85.33% ---
--- local epoch 20: local acc = [C0:85.23%, C1:84.82%, C2:84.88%, C3:85.13%, C4:85.63%, C5:86.37%, C6:85.43%, C7:85.00%, C8:85.32%, C9:84.98%] ---

--- global epoch 21/60 ---
--- At epoch 21, learning rate decays to 0.003338 ---
--- client 0 in epoch 21 [aggregation then communication] ---
--- client 1 in epoch 21 [aggregation then communication] ---
--- client 2 in epoch 21 [aggregation then communication] ---
--- client 3 in epoch 21 [aggregation then communication] ---
--- client 4 in epoch 21 [aggregation then communication] ---
--- client 5 in epoch 21 [aggregation then communication] ------ client 6 in epoch 21 [aggregation then communication] ---

--- client 7 in epoch 21 [aggregation then communication] ---
--- client 8 in epoch 21 [aggregation then communication] ---
--- client 9 in epoch 21 [aggregation then communication] ---
--- global epoch 21: global acc = 84.76% ---
--- local epoch 21: local acc = [C0:85.40%, C1:85.45%, C2:85.43%, C3:85.95%, C4:86.20%, C5:86.32%, C6:85.95%, C7:85.30%, C8:85.75%, C9:85.12%] ---

--- global epoch 22/60 ---
--- At epoch 22, learning rate decays to 0.003271 ---
--- client 0 in epoch 22 [aggregation then communication] ---
--- client 1 in epoch 22 [aggregation then communication] ---
--- client 2 in epoch 22 [aggregation then communication] ---
--- client 3 in epoch 22 [aggregation then communication] ---
--- client 4 in epoch 22 [aggregation then communication] ---
--- client 5 in epoch 22 [aggregation then communication] ---
--- client 6 in epoch 22 [aggregation then communication] ------ client 7 in epoch 22 [aggregation then communication] ---

--- client 8 in epoch 22 [aggregation then communication] ---
--- client 9 in epoch 22 [aggregation then communication] ---
--- global epoch 22: global acc = 85.30% ---
--- local epoch 22: local acc = [C0:85.65%, C1:86.02%, C2:85.30%, C3:85.45%, C4:86.02%, C5:87.10%, C6:86.05%, C7:85.68%, C8:85.80%, C9:85.25%] ---

--- global epoch 23/60 ---
--- At epoch 23, learning rate decays to 0.003206 ---
--- client 0 in epoch 23 [aggregation then communication] ---
--- client 1 in epoch 23 [aggregation then communication] ---
--- client 2 in epoch 23 [aggregation then communication] ---
--- client 3 in epoch 23 [aggregation then communication] ---
--- client 4 in epoch 23 [aggregation then communication] ---
--- client 5 in epoch 23 [aggregation then communication] ---
--- client 6 in epoch 23 [aggregation then communication] ---
--- client 7 in epoch 23 [aggregation then communication] ---
--- client 8 in epoch 23 [aggregation then communication] ---
--- client 9 in epoch 23 [aggregation then communication] ---
--- global epoch 23: global acc = 85.93% ---
--- local epoch 23: local acc = [C0:86.40%, C1:86.45%, C2:85.88%, C3:86.10%, C4:86.40%, C5:87.50%, C6:86.00%, C7:86.05%, C8:86.43%, C9:86.20%] ---

--- global epoch 24/60 ---
--- At epoch 24, learning rate decays to 0.003142 ---
--- client 0 in epoch 24 [aggregation then communication] ---
--- client 1 in epoch 24 [aggregation then communication] ---
--- client 2 in epoch 24 [aggregation then communication] ---
--- client 3 in epoch 24 [aggregation then communication] ---
--- client 4 in epoch 24 [aggregation then communication] ---
--- client 5 in epoch 24 [aggregation then communication] ---
--- client 6 in epoch 24 [aggregation then communication] ---
--- client 7 in epoch 24 [aggregation then communication] ---
--- client 8 in epoch 24 [aggregation then communication] ---
--- client 9 in epoch 24 [aggregation then communication] ---
--- global epoch 24: global acc = 86.15% ---
--- local epoch 24: local acc = [C0:86.78%, C1:86.70%, C2:86.18%, C3:86.87%, C4:86.83%, C5:87.13%, C6:87.27%, C7:86.18%, C8:86.82%, C9:86.00%] ---

--- global epoch 25/60 ---
--- At epoch 25, learning rate decays to 0.003079 ---
--- client 0 in epoch 25 [aggregation then communication] ---
--- client 1 in epoch 25 [aggregation then communication] ---
--- client 2 in epoch 25 [aggregation then communication] ---
--- client 3 in epoch 25 [aggregation then communication] ---
--- client 4 in epoch 25 [aggregation then communication] ---
--- client 5 in epoch 25 [aggregation then communication] ---
--- client 6 in epoch 25 [aggregation then communication] ---
--- client 7 in epoch 25 [aggregation then communication] ---
--- client 8 in epoch 25 [aggregation then communication] ---
--- client 9 in epoch 25 [aggregation then communication] ---
--- global epoch 25: global acc = 86.10% ---
--- local epoch 25: local acc = [C0:86.92%, C1:87.05%, C2:86.82%, C3:86.77%, C4:87.02%, C5:87.53%, C6:86.57%, C7:86.82%, C8:86.70%, C9:86.55%] ---

--- global epoch 26/60 ---
--- At epoch 26, learning rate decays to 0.003017 ---
--- client 0 in epoch 26 [aggregation then communication] ---
--- client 1 in epoch 26 [aggregation then communication] ---
--- client 2 in epoch 26 [aggregation then communication] ---
--- client 3 in epoch 26 [aggregation then communication] ---
--- client 4 in epoch 26 [aggregation then communication] ---
--- client 5 in epoch 26 [aggregation then communication] ---
--- client 6 in epoch 26 [aggregation then communication] ---
--- client 7 in epoch 26 [aggregation then communication] ---
--- client 8 in epoch 26 [aggregation then communication] ---
--- client 9 in epoch 26 [aggregation then communication] ---
--- global epoch 26: global acc = 86.35% ---
--- local epoch 26: local acc = [C0:86.80%, C1:87.12%, C2:86.23%, C3:87.03%, C4:87.70%, C5:87.87%, C6:87.03%, C7:86.70%, C8:86.88%, C9:87.27%] ---

--- global epoch 27/60 ---
--- At epoch 27, learning rate decays to 0.002957 ---
--- client 0 in epoch 27 [aggregation then communication] ---
--- client 1 in epoch 27 [aggregation then communication] ---
--- client 2 in epoch 27 [aggregation then communication] ---
--- client 3 in epoch 27 [aggregation then communication] ---
--- client 4 in epoch 27 [aggregation then communication] ---
--- client 5 in epoch 27 [aggregation then communication] ---
--- client 6 in epoch 27 [aggregation then communication] ---
--- client 7 in epoch 27 [aggregation then communication] ---
--- client 8 in epoch 27 [aggregation then communication] ---
--- client 9 in epoch 27 [aggregation then communication] ---
--- global epoch 27: global acc = 86.15% ---
--- local epoch 27: local acc = [C0:87.67%, C1:87.75%, C2:86.97%, C3:86.85%, C4:88.00%, C5:88.23%, C6:87.67%, C7:87.17%, C8:87.03%, C9:87.13%] ---

--- global epoch 28/60 ---
--- At epoch 28, learning rate decays to 0.002898 ---
--- client 0 in epoch 28 [aggregation then communication] ---
--- client 1 in epoch 28 [aggregation then communication] ---
--- client 2 in epoch 28 [aggregation then communication] ---
--- client 3 in epoch 28 [aggregation then communication] ---
--- client 4 in epoch 28 [aggregation then communication] ---
--- client 5 in epoch 28 [aggregation then communication] ---
--- client 6 in epoch 28 [aggregation then communication] ---
--- client 7 in epoch 28 [aggregation then communication] ---
--- client 8 in epoch 28 [aggregation then communication] ---
--- client 9 in epoch 28 [aggregation then communication] ---
--- global epoch 28: global acc = 85.88% ---
--- local epoch 28: local acc = [C0:87.48%, C1:87.78%, C2:87.25%, C3:87.18%, C4:87.83%, C5:88.15%, C6:87.78%, C7:87.10%, C8:87.72%, C9:87.97%] ---

--- global epoch 29/60 ---
--- At epoch 29, learning rate decays to 0.002840 ---
--- client 0 in epoch 29 [aggregation then communication] ---
--- client 1 in epoch 29 [aggregation then communication] ---
--- client 2 in epoch 29 [aggregation then communication] ---
--- client 3 in epoch 29 [aggregation then communication] ---
--- client 4 in epoch 29 [aggregation then communication] ---
--- client 5 in epoch 29 [aggregation then communication] ---
--- client 6 in epoch 29 [aggregation then communication] ---
--- client 7 in epoch 29 [aggregation then communication] ---
--- client 8 in epoch 29 [aggregation then communication] ---
--- client 9 in epoch 29 [aggregation then communication] ---
--- global epoch 29: global acc = 86.76% ---
--- local epoch 29: local acc = [C0:88.13%, C1:87.85%, C2:87.48%, C3:87.52%, C4:88.43%, C5:88.45%, C6:87.97%, C7:87.32%, C8:87.95%, C9:88.02%] ---

--- global epoch 30/60 ---
--- At epoch 30, learning rate decays to 0.002783 ---
--- client 0 in epoch 30 [aggregation then communication] ---
--- client 1 in epoch 30 [aggregation then communication] ---
--- client 2 in epoch 30 [aggregation then communication] ---
--- client 3 in epoch 30 [aggregation then communication] ---
--- client 4 in epoch 30 [aggregation then communication] ---
--- client 5 in epoch 30 [aggregation then communication] ---
--- client 6 in epoch 30 [aggregation then communication] ---
--- client 7 in epoch 30 [aggregation then communication] ---
--- client 8 in epoch 30 [aggregation then communication] ---
--- client 9 in epoch 30 [aggregation then communication] ---
--- global epoch 30: global acc = 86.97% ---
--- local epoch 30: local acc = [C0:87.45%, C1:88.25%, C2:87.35%, C3:87.88%, C4:88.08%, C5:88.67%, C6:88.18%, C7:87.63%, C8:88.08%, C9:87.98%] ---

--- global epoch 31/60 ---
--- At epoch 31, learning rate decays to 0.002727 ---
--- client 0 in epoch 31 [aggregation then communication] ---
--- client 1 in epoch 31 [aggregation then communication] ---
--- client 2 in epoch 31 [aggregation then communication] ---
--- client 3 in epoch 31 [aggregation then communication] ---
--- client 4 in epoch 31 [aggregation then communication] ---
--- client 5 in epoch 31 [aggregation then communication] ---
--- client 6 in epoch 31 [aggregation then communication] ---
--- client 7 in epoch 31 [aggregation then communication] ---
--- client 8 in epoch 31 [aggregation then communication] ---
--- client 9 in epoch 31 [aggregation then communication] ---
--- global epoch 31: global acc = 86.91% ---
--- local epoch 31: local acc = [C0:88.22%, C1:88.03%, C2:87.85%, C3:88.07%, C4:88.57%, C5:88.80%, C6:88.50%, C7:87.57%, C8:89.48%, C9:88.30%] ---

--- global epoch 32/60 ---
--- At epoch 32, learning rate decays to 0.002673 ---
--- client 0 in epoch 32 [aggregation then communication] ---
--- client 1 in epoch 32 [aggregation then communication] ---
--- client 2 in epoch 32 [aggregation then communication] ---
--- client 3 in epoch 32 [aggregation then communication] ---
--- client 4 in epoch 32 [aggregation then communication] ---
--- client 5 in epoch 32 [aggregation then communication] ---
--- client 6 in epoch 32 [aggregation then communication] ---
--- client 7 in epoch 32 [aggregation then communication] ---
--- client 8 in epoch 32 [aggregation then communication] ---
--- client 9 in epoch 32 [aggregation then communication] ---
--- global epoch 32: global acc = 87.25% ---
--- local epoch 32: local acc = [C0:88.00%, C1:88.30%, C2:88.65%, C3:88.08%, C4:88.87%, C5:89.17%, C6:88.48%, C7:87.73%, C8:87.97%, C9:88.68%] ---

--- global epoch 33/60 ---
--- At epoch 33, learning rate decays to 0.002619 ---
--- client 0 in epoch 33 [aggregation then communication] ---
--- client 1 in epoch 33 [aggregation then communication] ---
--- client 2 in epoch 33 [aggregation then communication] ---
--- client 3 in epoch 33 [aggregation then communication] ---
--- client 4 in epoch 33 [aggregation then communication] ---
--- client 5 in epoch 33 [aggregation then communication] ---
--- client 6 in epoch 33 [aggregation then communication] ---
--- client 7 in epoch 33 [aggregation then communication] ---
--- client 8 in epoch 33 [aggregation then communication] ---
--- client 9 in epoch 33 [aggregation then communication] ---
--- global epoch 33: global acc = 87.08% ---
--- local epoch 33: local acc = [C0:88.08%, C1:88.42%, C2:88.10%, C3:88.20%, C4:88.85%, C5:89.17%, C6:88.87%, C7:87.98%, C8:88.52%, C9:88.83%] ---

--- global epoch 34/60 ---
--- At epoch 34, learning rate decays to 0.002567 ---
--- client 0 in epoch 34 [aggregation then communication] ---
--- client 1 in epoch 34 [aggregation then communication] ---
--- client 2 in epoch 34 [aggregation then communication] ---
--- client 3 in epoch 34 [aggregation then communication] ---
--- client 4 in epoch 34 [aggregation then communication] ---
--- client 5 in epoch 34 [aggregation then communication] ---
--- client 6 in epoch 34 [aggregation then communication] ---
--- client 7 in epoch 34 [aggregation then communication] ---
--- client 8 in epoch 34 [aggregation then communication] ---
--- client 9 in epoch 34 [aggregation then communication] ---
--- global epoch 34: global acc = 87.36% ---
--- local epoch 34: local acc = [C0:88.23%, C1:88.58%, C2:88.70%, C3:88.58%, C4:89.03%, C5:89.82%, C6:88.57%, C7:87.65%, C8:88.42%, C9:88.70%] ---

--- global epoch 35/60 ---
--- At epoch 35, learning rate decays to 0.002516 ---
--- client 0 in epoch 35 [aggregation then communication] ---
--- client 1 in epoch 35 [aggregation then communication] ---
--- client 2 in epoch 35 [aggregation then communication] ---
--- client 3 in epoch 35 [aggregation then communication] ---
--- client 4 in epoch 35 [aggregation then communication] ---
--- client 5 in epoch 35 [aggregation then communication] ---
--- client 6 in epoch 35 [aggregation then communication] ---
--- client 7 in epoch 35 [aggregation then communication] ---
--- client 8 in epoch 35 [aggregation then communication] ---
--- client 9 in epoch 35 [aggregation then communication] ---
--- global epoch 35: global acc = 87.22% ---
--- local epoch 35: local acc = [C0:88.92%, C1:89.12%, C2:89.00%, C3:88.55%, C4:89.03%, C5:90.10%, C6:88.95%, C7:88.08%, C8:88.58%, C9:88.87%] ---

--- global epoch 36/60 ---
--- At epoch 36, learning rate decays to 0.002465 ---
--- client 0 in epoch 36 [aggregation then communication] ---
--- client 1 in epoch 36 [aggregation then communication] ---
--- client 2 in epoch 36 [aggregation then communication] ---
--- client 3 in epoch 36 [aggregation then communication] ---
--- client 4 in epoch 36 [aggregation then communication] ---
--- client 5 in epoch 36 [aggregation then communication] ---
--- client 6 in epoch 36 [aggregation then communication] ---
--- client 7 in epoch 36 [aggregation then communication] ---
--- client 8 in epoch 36 [aggregation then communication] ---
--- client 9 in epoch 36 [aggregation then communication] ---
--- global epoch 36: global acc = 87.53% ---
--- local epoch 36: local acc = [C0:88.70%, C1:88.88%, C2:88.92%, C3:88.53%, C4:89.22%, C5:89.78%, C6:89.47%, C7:88.33%, C8:89.08%, C9:89.37%] ---

--- global epoch 37/60 ---
--- At epoch 37, learning rate decays to 0.002416 ---
--- client 0 in epoch 37 [aggregation then communication] ---
--- client 1 in epoch 37 [aggregation then communication] ---
--- client 2 in epoch 37 [aggregation then communication] ---
--- client 3 in epoch 37 [aggregation then communication] ---
--- client 4 in epoch 37 [aggregation then communication] ---
--- client 5 in epoch 37 [aggregation then communication] ---
--- client 6 in epoch 37 [aggregation then communication] ---
--- client 7 in epoch 37 [aggregation then communication] ---
--- client 8 in epoch 37 [aggregation then communication] ---
--- client 9 in epoch 37 [aggregation then communication] ---
--- global epoch 37: global acc = 87.67% ---
--- local epoch 37: local acc = [C0:89.10%, C1:89.30%, C2:89.15%, C3:89.20%, C4:89.82%, C5:89.57%, C6:89.60%, C7:88.23%, C8:89.13%, C9:89.32%] ---

--- global epoch 38/60 ---
--- At epoch 38, learning rate decays to 0.002368 ---
--- client 0 in epoch 38 [aggregation then communication] ---
--- client 1 in epoch 38 [aggregation then communication] ---
--- client 2 in epoch 38 [aggregation then communication] ---
--- client 3 in epoch 38 [aggregation then communication] ---
--- client 4 in epoch 38 [aggregation then communication] ---
--- client 5 in epoch 38 [aggregation then communication] ---
--- client 6 in epoch 38 [aggregation then communication] ---
--- client 7 in epoch 38 [aggregation then communication] ---
--- client 8 in epoch 38 [aggregation then communication] ---
--- client 9 in epoch 38 [aggregation then communication] ---
--- global epoch 38: global acc = 87.49% ---
--- local epoch 38: local acc = [C0:88.80%, C1:89.52%, C2:89.15%, C3:89.00%, C4:89.65%, C5:90.18%, C6:89.70%, C7:88.63%, C8:89.30%, C9:89.95%] ---

--- global epoch 39/60 ---
--- At epoch 39, learning rate decays to 0.002320 ---
--- client 0 in epoch 39 [aggregation then communication] ---
--- client 1 in epoch 39 [aggregation then communication] ---
--- client 2 in epoch 39 [aggregation then communication] ---
--- client 3 in epoch 39 [aggregation then communication] ---
--- client 4 in epoch 39 [aggregation then communication] ---
--- client 5 in epoch 39 [aggregation then communication] ---
--- client 6 in epoch 39 [aggregation then communication] ---
--- client 7 in epoch 39 [aggregation then communication] ---
--- client 8 in epoch 39 [aggregation then communication] ---
--- client 9 in epoch 39 [aggregation then communication] ---
--- global epoch 39: global acc = 87.12% ---
--- local epoch 39: local acc = [C0:89.07%, C1:89.63%, C2:89.48%, C3:88.78%, C4:89.77%, C5:90.42%, C6:89.85%, C7:89.08%, C8:89.50%, C9:89.62%] ---

--- global epoch 40/60 ---
--- At epoch 40, learning rate decays to 0.002274 ---
--- client 0 in epoch 40 [aggregation then communication] ---
--- client 1 in epoch 40 [aggregation then communication] ---
--- client 2 in epoch 40 [aggregation then communication] ---
--- client 3 in epoch 40 [aggregation then communication] ---
--- client 4 in epoch 40 [aggregation then communication] ---
--- client 5 in epoch 40 [aggregation then communication] ---
--- client 6 in epoch 40 [aggregation then communication] ---
--- client 7 in epoch 40 [aggregation then communication] ---
--- client 8 in epoch 40 [aggregation then communication] ---
--- client 9 in epoch 40 [aggregation then communication] ---
--- global epoch 40: global acc = 87.85% ---
--- local epoch 40: local acc = [C0:89.23%, C1:89.60%, C2:89.42%, C3:89.48%, C4:89.70%, C5:90.82%, C6:89.87%, C7:88.95%, C8:89.43%, C9:90.27%] ---

--- global epoch 41/60 ---
--- At epoch 41, learning rate decays to 0.002229 ---
--- client 0 in epoch 41 [aggregation then communication] ---
--- client 1 in epoch 41 [aggregation then communication] ---
--- client 2 in epoch 41 [aggregation then communication] ---
--- client 3 in epoch 41 [aggregation then communication] ---
--- client 4 in epoch 41 [aggregation then communication] ---
--- client 5 in epoch 41 [aggregation then communication] ---
--- client 6 in epoch 41 [aggregation then communication] ---
--- client 7 in epoch 41 [aggregation then communication] ---
--- client 8 in epoch 41 [aggregation then communication] ---
--- client 9 in epoch 41 [aggregation then communication] ---
--- global epoch 41: global acc = 88.00% ---
--- local epoch 41: local acc = [C0:89.82%, C1:89.97%, C2:89.57%, C3:89.70%, C4:89.98%, C5:91.02%, C6:90.08%, C7:89.32%, C8:89.48%, C9:90.00%] ---

--- global epoch 42/60 ---
--- At epoch 42, learning rate decays to 0.002184 ---
--- client 0 in epoch 42 [aggregation then communication] ---
--- client 1 in epoch 42 [aggregation then communication] ---
--- client 2 in epoch 42 [aggregation then communication] ---
--- client 3 in epoch 42 [aggregation then communication] ---
--- client 4 in epoch 42 [aggregation then communication] ---
--- client 5 in epoch 42 [aggregation then communication] ---
--- client 6 in epoch 42 [aggregation then communication] ---
--- client 7 in epoch 42 [aggregation then communication] ---
--- client 8 in epoch 42 [aggregation then communication] ---
--- client 9 in epoch 42 [aggregation then communication] ---
--- global epoch 42: global acc = 87.95% ---
--- local epoch 42: local acc = [C0:89.98%, C1:89.78%, C2:89.58%, C3:89.57%, C4:89.67%, C5:90.52%, C6:90.08%, C7:89.77%, C8:89.62%, C9:89.68%] ---

--- global epoch 43/60 ---
--- At epoch 43, learning rate decays to 0.002140 ---
--- client 0 in epoch 43 [aggregation then communication] ---
--- client 1 in epoch 43 [aggregation then communication] ---
--- client 2 in epoch 43 [aggregation then communication] ---
--- client 3 in epoch 43 [aggregation then communication] ---
--- client 4 in epoch 43 [aggregation then communication] ---
--- client 5 in epoch 43 [aggregation then communication] ---
--- client 6 in epoch 43 [aggregation then communication] ---
--- client 7 in epoch 43 [aggregation then communication] ---
--- client 8 in epoch 43 [aggregation then communication] ---
--- client 9 in epoch 43 [aggregation then communication] ---
--- global epoch 43: global acc = 88.11% ---
--- local epoch 43: local acc = [C0:89.72%, C1:90.35%, C2:89.87%, C3:89.78%, C4:89.78%, C5:90.85%, C6:90.52%, C7:89.95%, C8:90.18%, C9:90.25%] ---

--- global epoch 44/60 ---
--- At epoch 44, learning rate decays to 0.002097 ---
--- client 0 in epoch 44 [aggregation then communication] ---
--- client 1 in epoch 44 [aggregation then communication] ---
--- client 2 in epoch 44 [aggregation then communication] ---
--- client 3 in epoch 44 [aggregation then communication] ---
--- client 4 in epoch 44 [aggregation then communication] ---
--- client 5 in epoch 44 [aggregation then communication] ---
--- client 6 in epoch 44 [aggregation then communication] ---
--- client 7 in epoch 44 [aggregation then communication] ---
--- client 8 in epoch 44 [aggregation then communication] ---
--- client 9 in epoch 44 [aggregation then communication] ---
--- global epoch 44: global acc = 88.10% ---
--- local epoch 44: local acc = [C0:90.08%, C1:90.48%, C2:89.85%, C3:89.80%, C4:90.10%, C5:91.20%, C6:90.58%, C7:89.57%, C8:90.52%, C9:90.25%] ---

--- global epoch 45/60 ---
--- At epoch 45, learning rate decays to 0.002055 ---
--- client 0 in epoch 45 [aggregation then communication] ---
--- client 1 in epoch 45 [aggregation then communication] ---
--- client 2 in epoch 45 [aggregation then communication] ---
--- client 3 in epoch 45 [aggregation then communication] ---
--- client 4 in epoch 45 [aggregation then communication] ---
--- client 5 in epoch 45 [aggregation then communication] ---
--- client 6 in epoch 45 [aggregation then communication] ---
--- client 7 in epoch 45 [aggregation then communication] ---
--- client 8 in epoch 45 [aggregation then communication] ---
--- client 9 in epoch 45 [aggregation then communication] ---
--- global epoch 45: global acc = 88.05% ---
--- local epoch 45: local acc = [C0:90.32%, C1:91.03%, C2:90.13%, C3:90.15%, C4:90.38%, C5:90.92%, C6:90.92%, C7:89.83%, C8:91.05%, C9:90.52%] ---

--- global epoch 46/60 ---
--- At epoch 46, learning rate decays to 0.002014 ---
--- client 0 in epoch 46 [aggregation then communication] ---
--- client 1 in epoch 46 [aggregation then communication] ---
--- client 2 in epoch 46 [aggregation then communication] ---
--- client 3 in epoch 46 [aggregation then communication] ---
--- client 4 in epoch 46 [aggregation then communication] ---
--- client 5 in epoch 46 [aggregation then communication] ---
--- client 6 in epoch 46 [aggregation then communication] ---
--- client 7 in epoch 46 [aggregation then communication] ---
--- client 8 in epoch 46 [aggregation then communication] ---
--- client 9 in epoch 46 [aggregation then communication] ---
--- global epoch 46: global acc = 88.31% ---
--- local epoch 46: local acc = [C0:90.20%, C1:90.78%, C2:90.43%, C3:90.02%, C4:90.50%, C5:91.17%, C6:90.55%, C7:90.40%, C8:90.25%, C9:90.83%] ---

--- global epoch 47/60 ---
--- At epoch 47, learning rate decays to 0.001974 ---
--- client 0 in epoch 47 [aggregation then communication] ---
--- client 1 in epoch 47 [aggregation then communication] ---
--- client 2 in epoch 47 [aggregation then communication] ---
--- client 3 in epoch 47 [aggregation then communication] ---
--- client 4 in epoch 47 [aggregation then communication] ---
--- client 5 in epoch 47 [aggregation then communication] ---
--- client 6 in epoch 47 [aggregation then communication] ---
--- client 7 in epoch 47 [aggregation then communication] ---
--- client 8 in epoch 47 [aggregation then communication] ---
--- client 9 in epoch 47 [aggregation then communication] ---
--- global epoch 47: global acc = 88.35% ---
--- local epoch 47: local acc = [C0:89.92%, C1:90.80%, C2:90.33%, C3:90.43%, C4:90.40%, C5:91.27%, C6:90.88%, C7:89.97%, C8:90.37%, C9:91.25%] ---

--- global epoch 48/60 ---
--- At epoch 48, learning rate decays to 0.001935 ---
--- client 0 in epoch 48 [aggregation then communication] ---
--- client 1 in epoch 48 [aggregation then communication] ---
--- client 2 in epoch 48 [aggregation then communication] ---
--- client 3 in epoch 48 [aggregation then communication] ---
--- client 4 in epoch 48 [aggregation then communication] ---
--- client 5 in epoch 48 [aggregation then communication] ---
--- client 6 in epoch 48 [aggregation then communication] ---
--- client 7 in epoch 48 [aggregation then communication] ---
--- client 8 in epoch 48 [aggregation then communication] ---
--- client 9 in epoch 48 [aggregation then communication] ---
--- global epoch 48: global acc = 88.04% ---
--- local epoch 48: local acc = [C0:90.55%, C1:91.33%, C2:90.62%, C3:90.03%, C4:90.92%, C5:91.32%, C6:90.88%, C7:90.05%, C8:89.95%, C9:90.32%] ---

--- global epoch 49/60 ---
--- At epoch 49, learning rate decays to 0.001896 ---
--- client 0 in epoch 49 [aggregation then communication] ---
--- client 1 in epoch 49 [aggregation then communication] ---
--- client 2 in epoch 49 [aggregation then communication] ---
--- client 3 in epoch 49 [aggregation then communication] ---
--- client 4 in epoch 49 [aggregation then communication] ---
--- client 5 in epoch 49 [aggregation then communication] ---
--- client 6 in epoch 49 [aggregation then communication] ---
--- client 7 in epoch 49 [aggregation then communication] ---
--- client 8 in epoch 49 [aggregation then communication] ---
--- client 9 in epoch 49 [aggregation then communication] ---
--- global epoch 49: global acc = 88.38% ---
--- local epoch 49: local acc = [C0:90.32%, C1:91.00%, C2:90.53%, C3:90.43%, C4:91.05%, C5:91.17%, C6:91.13%, C7:90.65%, C8:90.27%, C9:90.90%] ---

--- global epoch 50/60 ---
--- At epoch 50, learning rate decays to 0.001858 ---
--- client 0 in epoch 50 [aggregation then communication] ---
--- client 1 in epoch 50 [aggregation then communication] ---
--- client 2 in epoch 50 [aggregation then communication] ---
--- client 3 in epoch 50 [aggregation then communication] ---
--- client 4 in epoch 50 [aggregation then communication] ---
--- client 5 in epoch 50 [aggregation then communication] ---
--- client 6 in epoch 50 [aggregation then communication] ---
--- client 7 in epoch 50 [aggregation then communication] ---
--- client 8 in epoch 50 [aggregation then communication] ---
--- client 9 in epoch 50 [aggregation then communication] ---
--- global epoch 50: global acc = 88.59% ---
--- local epoch 50: local acc = [C0:90.70%, C1:90.98%, C2:90.43%, C3:91.02%, C4:90.98%, C5:91.42%, C6:91.23%, C7:90.55%, C8:90.72%, C9:91.12%] ---

--- global epoch 51/60 ---
--- At epoch 51, learning rate decays to 0.001821 ---
--- client 0 in epoch 51 [aggregation then communication] ---
--- client 1 in epoch 51 [aggregation then communication] ---
--- client 2 in epoch 51 [aggregation then communication] ---
--- client 3 in epoch 51 [aggregation then communication] ---
--- client 4 in epoch 51 [aggregation then communication] ---
--- client 5 in epoch 51 [aggregation then communication] ---
--- client 6 in epoch 51 [aggregation then communication] ---
--- client 7 in epoch 51 [aggregation then communication] ---
--- client 8 in epoch 51 [aggregation then communication] ---
--- client 9 in epoch 51 [aggregation then communication] ---
--- global epoch 51: global acc = 88.40% ---
--- local epoch 51: local acc = [C0:90.38%, C1:91.15%, C2:90.70%, C3:90.60%, C4:91.15%, C5:91.75%, C6:91.45%, C7:90.45%, C8:90.70%, C9:91.05%] ---

--- global epoch 52/60 ---
--- At epoch 52, learning rate decays to 0.001784 ---
--- client 0 in epoch 52 [aggregation then communication] ---
--- client 1 in epoch 52 [aggregation then communication] ---
--- client 2 in epoch 52 [aggregation then communication] ---
--- client 3 in epoch 52 [aggregation then communication] ---
--- client 4 in epoch 52 [aggregation then communication] ---
--- client 5 in epoch 52 [aggregation then communication] ---
--- client 6 in epoch 52 [aggregation then communication] ---
--- client 7 in epoch 52 [aggregation then communication] ---
--- client 8 in epoch 52 [aggregation then communication] ---
--- client 9 in epoch 52 [aggregation then communication] ---
--- global epoch 52: global acc = 88.50% ---
--- local epoch 52: local acc = [C0:90.72%, C1:91.37%, C2:90.55%, C3:91.15%, C4:90.92%, C5:92.13%, C6:91.58%, C7:91.13%, C8:90.93%, C9:90.73%] ---

--- global epoch 53/60 ---
--- At epoch 53, learning rate decays to 0.001749 ---
--- client 0 in epoch 53 [aggregation then communication] ---
--- client 1 in epoch 53 [aggregation then communication] ---
--- client 2 in epoch 53 [aggregation then communication] ---
--- client 3 in epoch 53 [aggregation then communication] ---
--- client 4 in epoch 53 [aggregation then communication] ---
--- client 5 in epoch 53 [aggregation then communication] ---
--- client 6 in epoch 53 [aggregation then communication] ---
--- client 7 in epoch 53 [aggregation then communication] ---
--- client 8 in epoch 53 [aggregation then communication] ---
--- client 9 in epoch 53 [aggregation then communication] ---
--- global epoch 53: global acc = 88.57% ---
--- local epoch 53: local acc = [C0:91.03%, C1:91.65%, C2:90.43%, C3:90.80%, C4:91.13%, C5:91.82%, C6:91.92%, C7:90.90%, C8:91.25%, C9:91.70%] ---

--- global epoch 54/60 ---
--- At epoch 54, learning rate decays to 0.001714 ---
--- client 0 in epoch 54 [aggregation then communication] ---
--- client 1 in epoch 54 [aggregation then communication] ---
--- client 2 in epoch 54 [aggregation then communication] ---
--- client 3 in epoch 54 [aggregation then communication] ---
--- client 4 in epoch 54 [aggregation then communication] ---
--- client 5 in epoch 54 [aggregation then communication] ---
--- client 6 in epoch 54 [aggregation then communication] ---
--- client 7 in epoch 54 [aggregation then communication] ---
--- client 8 in epoch 54 [aggregation then communication] ---
--- client 9 in epoch 54 [aggregation then communication] ---
--- global epoch 54: global acc = 88.54% ---
--- local epoch 54: local acc = [C0:90.92%, C1:91.75%, C2:90.85%, C3:90.88%, C4:91.30%, C5:92.02%, C6:91.70%, C7:90.82%, C8:91.17%, C9:91.45%] ---

--- global epoch 55/60 ---
--- At epoch 55, learning rate decays to 0.001679 ---
--- client 0 in epoch 55 [aggregation then communication] ---
--- client 1 in epoch 55 [aggregation then communication] ---
--- client 2 in epoch 55 [aggregation then communication] ---
--- client 3 in epoch 55 [aggregation then communication] ---
--- client 4 in epoch 55 [aggregation then communication] ---
--- client 5 in epoch 55 [aggregation then communication] ------ client 6 in epoch 55 [aggregation then communication] ---

--- client 7 in epoch 55 [aggregation then communication] ---
--- client 8 in epoch 55 [aggregation then communication] ---
--- client 9 in epoch 55 [aggregation then communication] ---
--- global epoch 55: global acc = 88.01% ---
--- local epoch 55: local acc = [C0:91.25%, C1:91.88%, C2:90.72%, C3:91.70%, C4:91.33%, C5:92.13%, C6:91.92%, C7:90.97%, C8:91.05%, C9:91.78%] ---

--- global epoch 56/60 ---
--- At epoch 56, learning rate decays to 0.001646 ---
--- client 0 in epoch 56 [aggregation then communication] ---
--- client 1 in epoch 56 [aggregation then communication] ---
--- client 2 in epoch 56 [aggregation then communication] ---
--- client 3 in epoch 56 [aggregation then communication] ---
--- client 4 in epoch 56 [aggregation then communication] ---
--- client 5 in epoch 56 [aggregation then communication] ---
--- client 6 in epoch 56 [aggregation then communication] ---
--- client 7 in epoch 56 [aggregation then communication] ---
--- client 8 in epoch 56 [aggregation then communication] ---
--- client 9 in epoch 56 [aggregation then communication] ---
--- global epoch 56: global acc = 88.78% ---
--- local epoch 56: local acc = [C0:91.22%, C1:92.10%, C2:90.87%, C3:91.48%, C4:91.87%, C5:91.90%, C6:91.97%, C7:91.33%, C8:91.45%, C9:91.38%] ---

--- global epoch 57/60 ---
--- At epoch 57, learning rate decays to 0.001613 ---
--- client 0 in epoch 57 [aggregation then communication] ---
--- client 1 in epoch 57 [aggregation then communication] ---
--- client 2 in epoch 57 [aggregation then communication] ---
--- client 3 in epoch 57 [aggregation then communication] ---
--- client 4 in epoch 57 [aggregation then communication] ---
--- client 5 in epoch 57 [aggregation then communication] ---
--- client 6 in epoch 57 [aggregation then communication] ---
--- client 7 in epoch 57 [aggregation then communication] ---
--- client 8 in epoch 57 [aggregation then communication] ---
--- client 9 in epoch 57 [aggregation then communication] ---
--- global epoch 57: global acc = 88.86% ---
--- local epoch 57: local acc = [C0:91.25%, C1:92.23%, C2:91.12%, C3:91.12%, C4:91.73%, C5:92.22%, C6:91.87%, C7:91.50%, C8:91.32%, C9:91.45%] ---

--- global epoch 58/60 ---
--- At epoch 58, learning rate decays to 0.001581 ---
--- client 0 in epoch 58 [aggregation then communication] ---
--- client 1 in epoch 58 [aggregation then communication] ---
--- client 2 in epoch 58 [aggregation then communication] ---
--- client 3 in epoch 58 [aggregation then communication] ---
--- client 4 in epoch 58 [aggregation then communication] ---
--- client 5 in epoch 58 [aggregation then communication] ---
--- client 6 in epoch 58 [aggregation then communication] ---
--- client 7 in epoch 58 [aggregation then communication] ---
--- client 8 in epoch 58 [aggregation then communication] ---
--- client 9 in epoch 58 [aggregation then communication] ---
--- global epoch 58: global acc = 88.84% ---
--- local epoch 58: local acc = [C0:91.80%, C1:91.98%, C2:91.58%, C3:91.53%, C4:91.68%, C5:92.17%, C6:91.92%, C7:91.17%, C8:91.63%, C9:91.43%] ---

--- global epoch 59/60 ---
--- At epoch 59, learning rate decays to 0.001549 ---
--- client 0 in epoch 59 [aggregation then communication] ---
--- client 1 in epoch 59 [aggregation then communication] ---
--- client 2 in epoch 59 [aggregation then communication] ---
--- client 3 in epoch 59 [aggregation then communication] ---
--- client 4 in epoch 59 [aggregation then communication] ---
--- client 5 in epoch 59 [aggregation then communication] ---
--- client 6 in epoch 59 [aggregation then communication] ------ client 7 in epoch 59 [aggregation then communication] ---

--- client 8 in epoch 59 [aggregation then communication] ---
--- client 9 in epoch 59 [aggregation then communication] ---
--- global epoch 59: global acc = 88.58% ---
--- local epoch 59: local acc = [C0:92.67%, C1:92.30%, C2:91.35%, C3:91.57%, C4:91.38%, C5:92.28%, C6:91.90%, C7:91.48%, C8:91.88%, C9:91.80%] ---

--- global epoch 60/60 ---
--- At epoch 60, learning rate decays to 0.001518 ---
--- client 0 in epoch 60 [aggregation then communication] ---
--- client 1 in epoch 60 [aggregation then communication] ---
--- client 2 in epoch 60 [aggregation then communication] ---
--- client 3 in epoch 60 [aggregation then communication] ---
--- client 4 in epoch 60 [aggregation then communication] ---
--- client 5 in epoch 60 [aggregation then communication] ---
--- client 6 in epoch 60 [aggregation then communication] ---
--- client 7 in epoch 60 [aggregation then communication] ---
--- client 8 in epoch 60 [aggregation then communication] ---
--- client 9 in epoch 60 [aggregation then communication] ---
--- global epoch 60: global acc = 88.90% ---
--- local epoch 60: local acc = [C0:91.53%, C1:92.13%, C2:91.40%, C3:91.80%, C4:91.45%, C5:92.50%, C6:92.13%, C7:91.25%, C8:91.88%, C9:91.42%] ---
Total runtime: 982.81s (0:16:22)

 saving results
results save in C:\Users\Kong\Desktop\\decentralized_federated_learning-master\decentralized_federated_learning-master\res\clients_10-epochs_1-20250918_212728.json
