client 0 initial number of neighbors: 9
client 1 initial number of neighbors: 9
client 2 initial number of neighbors: 9
client 3 initial number of neighbors: 9
client 4 initial number of neighbors: 9
client 5 initial number of neighbors: 9
client 6 initial number of neighbors: 9
client 7 initial number of neighbors: 9
client 8 initial number of neighbors: 9
client 9 initial number of neighbors: 9

 training begins! (epoch-by-epoch parallel mode with global evaluation)

--- global epoch 1/50 ---
--- client 0 in epoch 1 [aggregation then communication] ---
--- client 1 in epoch 1 [aggregation then communication] ---
--- client 2 in epoch 1 [aggregation then communication] ---
--- client 3 in epoch 1 [aggregation then communication] ---
--- client 4 in epoch 1 [aggregation then communication] ---
--- client 5 in epoch 1 [aggregation then communication] ---
--- client 6 in epoch 1 [aggregation then communication] ---
--- client 7 in epoch 1 [aggregation then communication] ---
--- client 8 in epoch 1 [aggregation then communication] ---
--- client 9 in epoch 1 [aggregation then communication] ---
--- global epoch 1: global acc = 10.00% ---
--- local epoch 1: local acc = [C0:68.43%, C1:70.09%, C2:67.66%, C3:68.60%, C4:69.00%, C5:69.02%, C6:70.05%, C7:67.80%, C8:69.67%, C9:67.98%] ---

--- global epoch 2/50 ---
--- client 0 in epoch 2 [aggregation then communication] ---
--- client 1 in epoch 2 [aggregation then communication] ---
--- client 2 in epoch 2 [aggregation then communication] ---
--- client 3 in epoch 2 [aggregation then communication] ---
--- client 4 in epoch 2 [aggregation then communication] ---
--- client 5 in epoch 2 [aggregation then communication] ---
--- client 6 in epoch 2 [aggregation then communication] ---
--- client 7 in epoch 2 [aggregation then communication] ---
--- client 8 in epoch 2 [aggregation then communication] ---
--- client 9 in epoch 2 [aggregation then communication] ---
--- global epoch 2: global acc = 35.94% ---
--- local epoch 2: local acc = [C0:82.55%, C1:84.06%, C2:82.64%, C3:81.46%, C4:84.66%, C5:83.41%, C6:79.27%, C7:83.14%, C8:82.31%, C9:83.44%] ---

--- global epoch 3/50 ---
--- client 0 in epoch 3 [aggregation then communication] ---
--- client 1 in epoch 3 [aggregation then communication] ---
--- client 2 in epoch 3 [aggregation then communication] ---
--- client 3 in epoch 3 [aggregation then communication] ---
--- client 4 in epoch 3 [aggregation then communication] ---
--- client 5 in epoch 3 [aggregation then communication] ---
--- client 6 in epoch 3 [aggregation then communication] ---
--- client 7 in epoch 3 [aggregation then communication] ---
--- client 8 in epoch 3 [aggregation then communication] ---
--- client 9 in epoch 3 [aggregation then communication] ---
--- global epoch 3: global acc = 49.03% ---
--- local epoch 3: local acc = [C0:91.61%, C1:89.85%, C2:90.12%, C3:92.95%, C4:91.28%, C5:91.37%, C6:89.87%, C7:90.47%, C8:91.01%, C9:90.22%] ---

--- global epoch 4/50 ---
--- client 0 in epoch 4 [aggregation then communication] ---
--- client 1 in epoch 4 [aggregation then communication] ---
--- client 2 in epoch 4 [aggregation then communication] ---
--- client 3 in epoch 4 [aggregation then communication] ---
--- client 4 in epoch 4 [aggregation then communication] ---
--- client 5 in epoch 4 [aggregation then communication] ---
--- client 6 in epoch 4 [aggregation then communication] ---
--- client 7 in epoch 4 [aggregation then communication] ---
--- client 8 in epoch 4 [aggregation then communication] ---
--- client 9 in epoch 4 [aggregation then communication] ---
--- global epoch 4: global acc = 64.55% ---
--- local epoch 4: local acc = [C0:93.95%, C1:94.45%, C2:95.95%, C3:93.60%, C4:95.12%, C5:94.96%, C6:94.62%, C7:94.50%, C8:94.82%, C9:94.82%] ---

--- global epoch 5/50 ---
--- client 0 in epoch 5 [aggregation then communication] ---
--- client 1 in epoch 5 [aggregation then communication] ---
--- client 2 in epoch 5 [aggregation then communication] ---
--- client 3 in epoch 5 [aggregation then communication] ---
--- client 4 in epoch 5 [aggregation then communication] ---
--- client 5 in epoch 5 [aggregation then communication] ---
--- client 6 in epoch 5 [aggregation then communication] ---
--- client 7 in epoch 5 [aggregation then communication] ---
--- client 8 in epoch 5 [aggregation then communication] ---
--- client 9 in epoch 5 [aggregation then communication] ---
--- global epoch 5: global acc = 80.55% ---
--- local epoch 5: local acc = [C0:97.00%, C1:96.68%, C2:96.07%, C3:96.07%, C4:96.42%, C5:97.35%, C6:96.58%, C7:97.01%, C8:96.54%, C9:96.67%] ---

--- global epoch 6/50 ---
--- client 0 in epoch 6 [aggregation then communication] ---
--- client 1 in epoch 6 [aggregation then communication] ---
--- client 2 in epoch 6 [aggregation then communication] ---
--- client 3 in epoch 6 [aggregation then communication] ---
--- client 4 in epoch 6 [aggregation then communication] ---
--- client 5 in epoch 6 [aggregation then communication] ---
--- client 6 in epoch 6 [aggregation then communication] ---
--- client 7 in epoch 6 [aggregation then communication] ---
--- client 8 in epoch 6 [aggregation then communication] ---
--- client 9 in epoch 6 [aggregation then communication] ---
--- global epoch 6: global acc = 80.56% ---
--- local epoch 6: local acc = [C0:97.46%, C1:97.52%, C2:97.26%, C3:98.20%, C4:97.38%, C5:97.34%, C6:97.52%, C7:97.41%, C8:97.57%, C9:97.63%] ---

--- global epoch 7/50 ---
--- client 0 in epoch 7 [aggregation then communication] ---
--- client 1 in epoch 7 [aggregation then communication] ---
--- client 2 in epoch 7 [aggregation then communication] ---
--- client 3 in epoch 7 [aggregation then communication] ---
--- client 4 in epoch 7 [aggregation then communication] ---
--- client 5 in epoch 7 [aggregation then communication] ---
--- client 6 in epoch 7 [aggregation then communication] ---
--- client 7 in epoch 7 [aggregation then communication] ---
--- client 8 in epoch 7 [aggregation then communication] ---
--- client 9 in epoch 7 [aggregation then communication] ---
--- global epoch 7: global acc = 85.26% ---
--- local epoch 7: local acc = [C0:98.09%, C1:99.98%, C2:97.87%, C3:97.69%, C4:97.86%, C5:97.82%, C6:98.09%, C7:98.13%, C8:97.95%, C9:98.18%] ---

--- global epoch 8/50 ---
--- client 0 in epoch 8 [aggregation then communication] ---
--- client 1 in epoch 8 [aggregation then communication] ---
--- client 2 in epoch 8 [aggregation then communication] ---
--- client 3 in epoch 8 [aggregation then communication] ---
--- client 4 in epoch 8 [aggregation then communication] ---
--- client 5 in epoch 8 [aggregation then communication] ---
--- client 6 in epoch 8 [aggregation then communication] ---
--- client 7 in epoch 8 [aggregation then communication] ---
--- client 8 in epoch 8 [aggregation then communication] ---
--- client 9 in epoch 8 [aggregation then communication] ---
--- global epoch 8: global acc = 84.80% ---
--- local epoch 8: local acc = [C0:98.07%, C1:98.09%, C2:98.03%, C3:98.08%, C4:98.15%, C5:98.22%, C6:98.36%, C7:100.00%, C8:98.35%, C9:98.17%] ---

--- global epoch 9/50 ---
--- client 0 in epoch 9 [aggregation then communication] ---
--- client 1 in epoch 9 [aggregation then communication] ---
--- client 2 in epoch 9 [aggregation then communication] ---
--- client 3 in epoch 9 [aggregation then communication] ---
--- client 4 in epoch 9 [aggregation then communication] ---
--- client 5 in epoch 9 [aggregation then communication] ---
--- client 6 in epoch 9 [aggregation then communication] ---
--- client 7 in epoch 9 [aggregation then communication] ---
--- client 8 in epoch 9 [aggregation then communication] ---
--- client 9 in epoch 9 [aggregation then communication] ---
--- global epoch 9: global acc = 86.48% ---
--- local epoch 9: local acc = [C0:100.00%, C1:98.58%, C2:98.33%, C3:98.36%, C4:98.22%, C5:98.57%, C6:98.54%, C7:98.02%, C8:98.41%, C9:98.34%] ---

--- global epoch 10/50 ---
--- At epoch 10, learning rate decays to 0.004500 ---
--- client 0 in epoch 10 [aggregation then communication] ---
--- client 1 in epoch 10 [aggregation then communication] ---
--- client 2 in epoch 10 [aggregation then communication] ---
--- client 3 in epoch 10 [aggregation then communication] ---
--- client 4 in epoch 10 [aggregation then communication] ---
--- client 5 in epoch 10 [aggregation then communication] ---
--- client 6 in epoch 10 [aggregation then communication] ---
--- client 7 in epoch 10 [aggregation then communication] ---
--- client 8 in epoch 10 [aggregation then communication] ---
--- client 9 in epoch 10 [aggregation then communication] ---
--- global epoch 10: global acc = 85.66% ---
--- local epoch 10: local acc = [C0:98.50%, C1:99.04%, C2:98.77%, C3:99.20%, C4:98.87%, C5:98.83%, C6:98.96%, C7:98.51%, C8:99.02%, C9:98.95%] ---

--- global epoch 11/50 ---
--- client 0 in epoch 11 [aggregation then communication] ---
--- client 1 in epoch 11 [aggregation then communication] ---
--- client 2 in epoch 11 [aggregation then communication] ---
--- client 3 in epoch 11 [aggregation then communication] ---
--- client 4 in epoch 11 [aggregation then communication] ---
--- client 5 in epoch 11 [aggregation then communication] ---
--- client 6 in epoch 11 [aggregation then communication] ---
--- client 7 in epoch 11 [aggregation then communication] ---
--- client 8 in epoch 11 [aggregation then communication] ---
--- client 9 in epoch 11 [aggregation then communication] ---
--- global epoch 11: global acc = 86.32% ---
--- local epoch 11: local acc = [C0:98.61%, C1:98.84%, C2:98.79%, C3:98.72%, C4:98.78%, C5:98.70%, C6:99.00%, C7:98.68%, C8:98.86%, C9:100.00%] ---

--- global epoch 12/50 ---
--- client 0 in epoch 12 [aggregation then communication] ---
--- client 1 in epoch 12 [aggregation then communication] ---
--- client 2 in epoch 12 [aggregation then communication] ---
--- client 3 in epoch 12 [aggregation then communication] ---
--- client 4 in epoch 12 [aggregation then communication] ---
--- client 5 in epoch 12 [aggregation then communication] ---
--- client 6 in epoch 12 [aggregation then communication] ---
--- client 7 in epoch 12 [aggregation then communication] ---
--- client 8 in epoch 12 [aggregation then communication] ---
--- client 9 in epoch 12 [aggregation then communication] ---
--- global epoch 12: global acc = 85.92% ---
--- local epoch 12: local acc = [C0:98.91%, C1:98.85%, C2:98.92%, C3:98.88%, C4:100.00%, C5:99.05%, C6:99.01%, C7:98.59%, C8:98.87%, C9:98.89%] ---

--- global epoch 13/50 ---
--- client 0 in epoch 13 [aggregation then communication] ---
--- client 1 in epoch 13 [aggregation then communication] ---
--- client 2 in epoch 13 [aggregation then communication] ---
--- client 3 in epoch 13 [aggregation then communication] ---
--- client 4 in epoch 13 [aggregation then communication] ---
--- client 5 in epoch 13 [aggregation then communication] ---
--- client 6 in epoch 13 [aggregation then communication] ---
--- client 7 in epoch 13 [aggregation then communication] ---
--- client 8 in epoch 13 [aggregation then communication] ---
--- client 9 in epoch 13 [aggregation then communication] ---
--- global epoch 13: global acc = 85.49% ---
--- local epoch 13: local acc = [C0:98.82%, C1:99.17%, C2:98.92%, C3:98.86%, C4:98.87%, C5:98.89%, C6:99.05%, C7:98.75%, C8:98.93%, C9:98.93%] ---

--- global epoch 14/50 ---
--- client 0 in epoch 14 [aggregation then communication] ---
--- client 1 in epoch 14 [aggregation then communication] ---
--- client 2 in epoch 14 [aggregation then communication] ---
--- client 3 in epoch 14 [aggregation then communication] ---
--- client 4 in epoch 14 [aggregation then communication] ---
--- client 5 in epoch 14 [aggregation then communication] ---
--- client 6 in epoch 14 [aggregation then communication] ---
--- client 7 in epoch 14 [aggregation then communication] ---
--- client 8 in epoch 14 [aggregation then communication] ---
--- client 9 in epoch 14 [aggregation then communication] ---
--- global epoch 14: global acc = 85.81% ---
--- local epoch 14: local acc = [C0:98.84%, C1:99.05%, C2:99.00%, C3:98.95%, C4:99.00%, C5:98.93%, C6:99.12%, C7:98.83%, C8:99.20%, C9:98.89%] ---

--- global epoch 15/50 ---
--- client 0 in epoch 15 [aggregation then communication] ---
--- client 1 in epoch 15 [aggregation then communication] ---
--- client 2 in epoch 15 [aggregation then communication] ---
--- client 3 in epoch 15 [aggregation then communication] ---
--- client 4 in epoch 15 [aggregation then communication] ---
--- client 5 in epoch 15 [aggregation then communication] ---
--- client 6 in epoch 15 [aggregation then communication] ---
--- client 7 in epoch 15 [aggregation then communication] ---
--- client 8 in epoch 15 [aggregation then communication] ---
--- client 9 in epoch 15 [aggregation then communication] ---
--- global epoch 15: global acc = 86.69% ---
--- local epoch 15: local acc = [C0:100.00%, C1:99.06%, C2:98.97%, C3:98.76%, C4:98.85%, C5:99.09%, C6:98.95%, C7:98.88%, C8:99.12%, C9:99.17%] ---

--- global epoch 16/50 ---
--- client 0 in epoch 16 [aggregation then communication] ---
--- client 1 in epoch 16 [aggregation then communication] ---
--- client 2 in epoch 16 [aggregation then communication] ---
--- client 3 in epoch 16 [aggregation then communication] ---
--- client 4 in epoch 16 [aggregation then communication] ---
--- client 5 in epoch 16 [aggregation then communication] ---
--- client 6 in epoch 16 [aggregation then communication] ---
--- client 7 in epoch 16 [aggregation then communication] ---
--- client 8 in epoch 16 [aggregation then communication] ---
--- client 9 in epoch 16 [aggregation then communication] ---
--- global epoch 16: global acc = 87.20% ---
--- local epoch 16: local acc = [C0:98.97%, C1:99.00%, C2:99.12%, C3:99.13%, C4:99.04%, C5:99.26%, C6:99.13%, C7:99.12%, C8:99.11%, C9:98.97%] ---

--- global epoch 17/50 ---
--- client 0 in epoch 17 [aggregation then communication] ---
--- client 1 in epoch 17 [aggregation then communication] ---
--- client 2 in epoch 17 [aggregation then communication] ---
--- client 3 in epoch 17 [aggregation then communication] ---
--- client 4 in epoch 17 [aggregation then communication] ---
--- client 5 in epoch 17 [aggregation then communication] ---
--- client 6 in epoch 17 [aggregation then communication] ------ client 7 in epoch 17 [aggregation then communication] ---

--- client 8 in epoch 17 [aggregation then communication] ---
--- client 9 in epoch 17 [aggregation then communication] ---
--- global epoch 17: global acc = 87.02% ---
--- local epoch 17: local acc = [C0:99.00%, C1:99.60%, C2:99.14%, C3:99.15%, C4:99.11%, C5:99.10%, C6:99.18%, C7:99.07%, C8:99.27%, C9:99.23%] ---

--- global epoch 18/50 ---
--- client 0 in epoch 18 [aggregation then communication] ---
--- client 1 in epoch 18 [aggregation then communication] ---
--- client 2 in epoch 18 [aggregation then communication] ---
--- client 3 in epoch 18 [aggregation then communication] ---
--- client 4 in epoch 18 [aggregation then communication] ---
--- client 5 in epoch 18 [aggregation then communication] ---
--- client 6 in epoch 18 [aggregation then communication] ---
--- client 7 in epoch 18 [aggregation then communication] ---
--- client 8 in epoch 18 [aggregation then communication] ---
--- client 9 in epoch 18 [aggregation then communication] ---
--- global epoch 18: global acc = 86.90% ---
--- local epoch 18: local acc = [C0:99.01%, C1:99.08%, C2:99.08%, C3:99.04%, C4:99.14%, C5:99.11%, C6:99.15%, C7:99.05%, C8:99.14%, C9:99.03%] ---

--- global epoch 19/50 ---
--- client 0 in epoch 19 [aggregation then communication] ---
--- client 1 in epoch 19 [aggregation then communication] ---
--- client 2 in epoch 19 [aggregation then communication] ---
--- client 3 in epoch 19 [aggregation then communication] ---
--- client 4 in epoch 19 [aggregation then communication] ---
--- client 5 in epoch 19 [aggregation then communication] ---
--- client 6 in epoch 19 [aggregation then communication] ---
--- client 7 in epoch 19 [aggregation then communication] ---
--- client 8 in epoch 19 [aggregation then communication] ---
--- client 9 in epoch 19 [aggregation then communication] ---
--- global epoch 19: global acc = 85.13% ---
--- local epoch 19: local acc = [C0:99.15%, C1:99.20%, C2:99.20%, C3:99.19%, C4:99.16%, C5:99.68%, C6:99.36%, C7:99.17%, C8:99.28%, C9:99.20%] ---

--- global epoch 20/50 ---
--- At epoch 20, learning rate decays to 0.004050 ---
--- client 0 in epoch 20 [aggregation then communication] ---
--- client 1 in epoch 20 [aggregation then communication] ---
--- client 2 in epoch 20 [aggregation then communication] ---
--- client 3 in epoch 20 [aggregation then communication] ---
--- client 4 in epoch 20 [aggregation then communication] ---
--- client 5 in epoch 20 [aggregation then communication] ---
--- client 6 in epoch 20 [aggregation then communication] ---
--- client 7 in epoch 20 [aggregation then communication] ---
--- client 8 in epoch 20 [aggregation then communication] ---
--- client 9 in epoch 20 [aggregation then communication] ---
--- global epoch 20: global acc = 86.09% ---
--- local epoch 20: local acc = [C0:99.51%, C1:99.67%, C2:99.57%, C3:99.54%, C4:99.42%, C5:99.35%, C6:99.52%, C7:99.35%, C8:99.53%, C9:99.42%] ---

--- global epoch 21/50 ---
--- client 0 in epoch 21 [aggregation then communication] ---
--- client 1 in epoch 21 [aggregation then communication] ---
--- client 2 in epoch 21 [aggregation then communication] ---
--- client 3 in epoch 21 [aggregation then communication] ---
--- client 4 in epoch 21 [aggregation then communication] ---
--- client 5 in epoch 21 [aggregation then communication] ---
--- client 6 in epoch 21 [aggregation then communication] ---
--- client 7 in epoch 21 [aggregation then communication] ---
--- client 8 in epoch 21 [aggregation then communication] ---
--- client 9 in epoch 21 [aggregation then communication] ---
--- global epoch 21: global acc = 86.71% ---
--- local epoch 21: local acc = [C0:99.26%, C1:99.35%, C2:99.33%, C3:99.30%, C4:100.00%, C5:99.62%, C6:99.40%, C7:99.10%, C8:99.29%, C9:99.27%] ---

--- global epoch 22/50 ---
--- client 0 in epoch 22 [aggregation then communication] ---
--- client 1 in epoch 22 [aggregation then communication] ---
--- client 2 in epoch 22 [aggregation then communication] ---
--- client 3 in epoch 22 [aggregation then communication] ---
--- client 4 in epoch 22 [aggregation then communication] ---
--- client 5 in epoch 22 [aggregation then communication] ---
--- client 6 in epoch 22 [aggregation then communication] ---
--- client 7 in epoch 22 [aggregation then communication] ---
--- client 8 in epoch 22 [aggregation then communication] ---
--- client 9 in epoch 22 [aggregation then communication] ---
--- global epoch 22: global acc = 85.45% ---
--- local epoch 22: local acc = [C0:99.17%, C1:99.37%, C2:99.48%, C3:99.38%, C4:99.27%, C5:99.32%, C6:99.52%, C7:99.38%, C8:99.33%, C9:99.36%] ---

--- global epoch 23/50 ---
--- client 0 in epoch 23 [aggregation then communication] ---
--- client 1 in epoch 23 [aggregation then communication] ---
--- client 2 in epoch 23 [aggregation then communication] ---
--- client 3 in epoch 23 [aggregation then communication] ---
--- client 4 in epoch 23 [aggregation then communication] ---
--- client 5 in epoch 23 [aggregation then communication] ---
--- client 6 in epoch 23 [aggregation then communication] ---
--- client 7 in epoch 23 [aggregation then communication] ---
--- client 8 in epoch 23 [aggregation then communication] ---
--- client 9 in epoch 23 [aggregation then communication] ---
--- global epoch 23: global acc = 87.15% ---
--- local epoch 23: local acc = [C0:99.24%, C1:99.50%, C2:99.38%, C3:99.33%, C4:99.36%, C5:99.60%, C6:99.29%, C7:99.76%, C8:99.32%, C9:99.42%] ---

--- global epoch 24/50 ---
--- client 0 in epoch 24 [aggregation then communication] ---
--- client 1 in epoch 24 [aggregation then communication] ---
--- client 2 in epoch 24 [aggregation then communication] ---
--- client 3 in epoch 24 [aggregation then communication] ---
--- client 4 in epoch 24 [aggregation then communication] ---
--- client 5 in epoch 24 [aggregation then communication] ---
--- client 6 in epoch 24 [aggregation then communication] ---
--- client 7 in epoch 24 [aggregation then communication] ---
--- client 8 in epoch 24 [aggregation then communication] ---
--- client 9 in epoch 24 [aggregation then communication] ---
--- global epoch 24: global acc = 87.02% ---
--- local epoch 24: local acc = [C0:99.56%, C1:99.58%, C2:99.42%, C3:99.28%, C4:99.32%, C5:99.43%, C6:99.43%, C7:99.28%, C8:99.43%, C9:99.32%] ---

--- global epoch 25/50 ---
--- client 0 in epoch 25 [aggregation then communication] ---
--- client 1 in epoch 25 [aggregation then communication] ---
--- client 2 in epoch 25 [aggregation then communication] ---
--- client 3 in epoch 25 [aggregation then communication] ---
--- client 4 in epoch 25 [aggregation then communication] ---
--- client 5 in epoch 25 [aggregation then communication] ---
--- client 6 in epoch 25 [aggregation then communication] ---
--- client 7 in epoch 25 [aggregation then communication] ---
--- client 8 in epoch 25 [aggregation then communication] ---
--- client 9 in epoch 25 [aggregation then communication] ---
--- global epoch 25: global acc = 87.48% ---
--- local epoch 25: local acc = [C0:99.96%, C1:99.33%, C2:99.44%, C3:99.29%, C4:99.33%, C5:99.42%, C6:99.42%, C7:99.44%, C8:99.43%, C9:99.44%] ---

--- global epoch 26/50 ---
--- client 0 in epoch 26 [aggregation then communication] ---
--- client 1 in epoch 26 [aggregation then communication] ---
--- client 2 in epoch 26 [aggregation then communication] ---
--- client 3 in epoch 26 [aggregation then communication] ---
--- client 4 in epoch 26 [aggregation then communication] ---
--- client 5 in epoch 26 [aggregation then communication] ---
--- client 6 in epoch 26 [aggregation then communication] ---
--- client 7 in epoch 26 [aggregation then communication] ---
--- client 8 in epoch 26 [aggregation then communication] ---
--- client 9 in epoch 26 [aggregation then communication] ---
--- global epoch 26: global acc = 86.57% ---
--- local epoch 26: local acc = [C0:99.06%, C1:99.50%, C2:99.38%, C3:99.40%, C4:99.27%, C5:99.43%, C6:99.51%, C7:99.27%, C8:99.46%, C9:99.50%] ---

--- global epoch 27/50 ---
--- client 0 in epoch 27 [aggregation then communication] ---
--- client 1 in epoch 27 [aggregation then communication] ---
--- client 2 in epoch 27 [aggregation then communication] ---
--- client 3 in epoch 27 [aggregation then communication] ---
--- client 4 in epoch 27 [aggregation then communication] ---
--- client 5 in epoch 27 [aggregation then communication] ---
--- client 6 in epoch 27 [aggregation then communication] ---
--- client 7 in epoch 27 [aggregation then communication] ---
--- client 8 in epoch 27 [aggregation then communication] ---
--- client 9 in epoch 27 [aggregation then communication] ---
--- global epoch 27: global acc = 87.07% ---
--- local epoch 27: local acc = [C0:99.45%, C1:99.49%, C2:99.36%, C3:99.73%, C4:99.38%, C5:99.39%, C6:99.51%, C7:99.45%, C8:99.74%, C9:99.44%] ---

--- global epoch 28/50 ---
--- client 0 in epoch 28 [aggregation then communication] ---
--- client 1 in epoch 28 [aggregation then communication] ---
--- client 2 in epoch 28 [aggregation then communication] ---
--- client 3 in epoch 28 [aggregation then communication] ---
--- client 4 in epoch 28 [aggregation then communication] ---
--- client 5 in epoch 28 [aggregation then communication] ---
--- client 6 in epoch 28 [aggregation then communication] ---
--- client 7 in epoch 28 [aggregation then communication] ---
--- client 8 in epoch 28 [aggregation then communication] ------ client 9 in epoch 28 [aggregation then communication] ---

--- global epoch 28: global acc = 87.33% ---
--- local epoch 28: local acc = [C0:99.38%, C1:99.67%, C2:99.39%, C3:99.38%, C4:99.33%, C5:99.36%, C6:99.54%, C7:99.34%, C8:99.42%, C9:99.52%] ---

--- global epoch 29/50 ---
--- client 0 in epoch 29 [aggregation then communication] ---
--- client 1 in epoch 29 [aggregation then communication] ---
--- client 2 in epoch 29 [aggregation then communication] ---
--- client 3 in epoch 29 [aggregation then communication] ---
--- client 4 in epoch 29 [aggregation then communication] ---
--- client 5 in epoch 29 [aggregation then communication] ---
--- client 6 in epoch 29 [aggregation then communication] ---
--- client 7 in epoch 29 [aggregation then communication] ---
--- client 8 in epoch 29 [aggregation then communication] ---
--- client 9 in epoch 29 [aggregation then communication] ---
--- global epoch 29: global acc = 87.06% ---
--- local epoch 29: local acc = [C0:99.38%, C1:99.34%, C2:99.54%, C3:99.43%, C4:99.48%, C5:99.51%, C6:99.48%, C7:99.43%, C8:99.40%, C9:99.44%] ---

--- global epoch 30/50 ---
--- At epoch 30, learning rate decays to 0.003645 ---
--- client 0 in epoch 30 [aggregation then communication] ---
--- client 1 in epoch 30 [aggregation then communication] ---
--- client 2 in epoch 30 [aggregation then communication] ---
--- client 3 in epoch 30 [aggregation then communication] ---
--- client 4 in epoch 30 [aggregation then communication] ---
--- client 5 in epoch 30 [aggregation then communication] ---
--- client 6 in epoch 30 [aggregation then communication] ---
--- client 7 in epoch 30 [aggregation then communication] ---
--- client 8 in epoch 30 [aggregation then communication] ---
--- client 9 in epoch 30 [aggregation then communication] ---
--- global epoch 30: global acc = 87.40% ---
--- local epoch 30: local acc = [C0:99.65%, C1:99.75%, C2:99.81%, C3:100.00%, C4:99.58%, C5:99.57%, C6:99.75%, C7:99.61%, C8:99.71%, C9:99.88%] ---

--- global epoch 31/50 ---
--- client 0 in epoch 31 [aggregation then communication] ---
--- client 1 in epoch 31 [aggregation then communication] ---
--- client 2 in epoch 31 [aggregation then communication] ---
--- client 3 in epoch 31 [aggregation then communication] ---
--- client 4 in epoch 31 [aggregation then communication] ---
--- client 5 in epoch 31 [aggregation then communication] ---
--- client 6 in epoch 31 [aggregation then communication] ---
--- client 7 in epoch 31 [aggregation then communication] ---
--- client 8 in epoch 31 [aggregation then communication] ---
--- client 9 in epoch 31 [aggregation then communication] ---
--- global epoch 31: global acc = 86.71% ---
--- local epoch 31: local acc = [C0:99.86%, C1:99.71%, C2:99.48%, C3:99.62%, C4:99.52%, C5:99.70%, C6:99.58%, C7:99.54%, C8:99.54%, C9:99.83%] ---

--- global epoch 32/50 ---
--- client 0 in epoch 32 [aggregation then communication] ---
--- client 1 in epoch 32 [aggregation then communication] ---
--- client 2 in epoch 32 [aggregation then communication] ---
--- client 3 in epoch 32 [aggregation then communication] ---
--- client 4 in epoch 32 [aggregation then communication] ---
--- client 5 in epoch 32 [aggregation then communication] ---
--- client 6 in epoch 32 [aggregation then communication] ---
--- client 7 in epoch 32 [aggregation then communication] ---
--- client 8 in epoch 32 [aggregation then communication] ---
--- client 9 in epoch 32 [aggregation then communication] ---
--- global epoch 32: global acc = 87.08% ---
--- local epoch 32: local acc = [C0:99.47%, C1:99.65%, C2:99.60%, C3:99.59%, C4:99.50%, C5:99.62%, C6:99.52%, C7:99.54%, C8:99.56%, C9:99.61%] ---

--- global epoch 33/50 ---
--- client 0 in epoch 33 [aggregation then communication] ---
--- client 1 in epoch 33 [aggregation then communication] ---
--- client 2 in epoch 33 [aggregation then communication] ---
--- client 3 in epoch 33 [aggregation then communication] ---
--- client 4 in epoch 33 [aggregation then communication] ---
--- client 5 in epoch 33 [aggregation then communication] ---
--- client 6 in epoch 33 [aggregation then communication] ---
--- client 7 in epoch 33 [aggregation then communication] ---
--- client 8 in epoch 33 [aggregation then communication] ---
--- client 9 in epoch 33 [aggregation then communication] ---
--- global epoch 33: global acc = 86.83% ---
--- local epoch 33: local acc = [C0:99.67%, C1:99.70%, C2:99.53%, C3:99.83%, C4:99.65%, C5:99.74%, C6:99.55%, C7:99.64%, C8:99.62%, C9:99.61%] ---

--- global epoch 34/50 ---
--- client 0 in epoch 34 [aggregation then communication] ---
--- client 1 in epoch 34 [aggregation then communication] ---
--- client 2 in epoch 34 [aggregation then communication] ---
--- client 3 in epoch 34 [aggregation then communication] ---
--- client 4 in epoch 34 [aggregation then communication] ---
--- client 5 in epoch 34 [aggregation then communication] ---
--- client 6 in epoch 34 [aggregation then communication] ---
--- client 7 in epoch 34 [aggregation then communication] ---
--- client 8 in epoch 34 [aggregation then communication] ---
--- client 9 in epoch 34 [aggregation then communication] ---
--- global epoch 34: global acc = 86.68% ---
--- local epoch 34: local acc = [C0:99.50%, C1:99.64%, C2:99.58%, C3:99.39%, C4:99.48%, C5:99.61%, C6:99.93%, C7:99.82%, C8:99.59%, C9:99.94%] ---

--- global epoch 35/50 ---
--- client 0 in epoch 35 [aggregation then communication] ---
--- client 1 in epoch 35 [aggregation then communication] ---
--- client 2 in epoch 35 [aggregation then communication] ---
--- client 3 in epoch 35 [aggregation then communication] ---
--- client 4 in epoch 35 [aggregation then communication] ---
--- client 5 in epoch 35 [aggregation then communication] ---
--- client 6 in epoch 35 [aggregation then communication] ---
--- client 7 in epoch 35 [aggregation then communication] ---
--- client 8 in epoch 35 [aggregation then communication] ---
--- client 9 in epoch 35 [aggregation then communication] ---
--- global epoch 35: global acc = 86.79% ---
--- local epoch 35: local acc = [C0:99.50%, C1:99.60%, C2:99.73%, C3:99.66%, C4:99.52%, C5:99.52%, C6:99.55%, C7:99.49%, C8:99.60%, C9:99.61%] ---

--- global epoch 36/50 ---
--- client 0 in epoch 36 [aggregation then communication] ---
--- client 1 in epoch 36 [aggregation then communication] ---
--- client 2 in epoch 36 [aggregation then communication] ---
--- client 3 in epoch 36 [aggregation then communication] ---
--- client 4 in epoch 36 [aggregation then communication] ---
--- client 5 in epoch 36 [aggregation then communication] ---
--- client 6 in epoch 36 [aggregation then communication] ---
--- client 7 in epoch 36 [aggregation then communication] ---
--- client 8 in epoch 36 [aggregation then communication] ---
--- client 9 in epoch 36 [aggregation then communication] ---
--- global epoch 36: global acc = 86.35% ---
--- local epoch 36: local acc = [C0:99.68%, C1:99.62%, C2:99.54%, C3:99.99%, C4:99.86%, C5:99.70%, C6:99.89%, C7:99.63%, C8:99.66%, C9:99.69%] ---

--- global epoch 37/50 ---
--- client 0 in epoch 37 [aggregation then communication] ---
--- client 1 in epoch 37 [aggregation then communication] ---
--- client 2 in epoch 37 [aggregation then communication] ---
--- client 3 in epoch 37 [aggregation then communication] ---
--- client 4 in epoch 37 [aggregation then communication] ---
--- client 5 in epoch 37 [aggregation then communication] ---
--- client 6 in epoch 37 [aggregation then communication] ---
--- client 7 in epoch 37 [aggregation then communication] ---
--- client 8 in epoch 37 [aggregation then communication] ---
--- client 9 in epoch 37 [aggregation then communication] ---
--- global epoch 37: global acc = 86.42% ---
--- local epoch 37: local acc = [C0:99.40%, C1:99.68%, C2:99.50%, C3:99.51%, C4:99.49%, C5:99.50%, C6:99.60%, C7:99.60%, C8:99.66%, C9:100.00%] ---

--- global epoch 38/50 ---
--- client 0 in epoch 38 [aggregation then communication] ---
--- client 1 in epoch 38 [aggregation then communication] ---
--- client 2 in epoch 38 [aggregation then communication] ---
--- client 3 in epoch 38 [aggregation then communication] ---
--- client 4 in epoch 38 [aggregation then communication] ---
--- client 5 in epoch 38 [aggregation then communication] ---
--- client 6 in epoch 38 [aggregation then communication] ---
--- client 7 in epoch 38 [aggregation then communication] ---
--- client 8 in epoch 38 [aggregation then communication] ---
--- client 9 in epoch 38 [aggregation then communication] ---
--- global epoch 38: global acc = 86.08% ---
--- local epoch 38: local acc = [C0:100.00%, C1:99.74%, C2:99.60%, C3:99.58%, C4:99.69%, C5:99.67%, C6:99.69%, C7:99.57%, C8:99.62%, C9:99.64%] ---

--- global epoch 39/50 ---
--- client 0 in epoch 39 [aggregation then communication] ---
--- client 1 in epoch 39 [aggregation then communication] ---
--- client 2 in epoch 39 [aggregation then communication] ---
--- client 3 in epoch 39 [aggregation then communication] ---
--- client 4 in epoch 39 [aggregation then communication] ---
--- client 5 in epoch 39 [aggregation then communication] ---
--- client 6 in epoch 39 [aggregation then communication] ---
--- client 7 in epoch 39 [aggregation then communication] ---
--- client 8 in epoch 39 [aggregation then communication] ---
--- client 9 in epoch 39 [aggregation then communication] ---
--- global epoch 39: global acc = 87.21% ---
--- local epoch 39: local acc = [C0:99.53%, C1:99.69%, C2:99.59%, C3:99.59%, C4:99.49%, C5:99.67%, C6:99.55%, C7:99.59%, C8:100.00%, C9:99.69%] ---

--- global epoch 40/50 ---
--- At epoch 40, learning rate decays to 0.003281 ---
--- client 0 in epoch 40 [aggregation then communication] ---
--- client 1 in epoch 40 [aggregation then communication] ---
--- client 2 in epoch 40 [aggregation then communication] ---
--- client 3 in epoch 40 [aggregation then communication] ---
--- client 4 in epoch 40 [aggregation then communication] ---
--- client 5 in epoch 40 [aggregation then communication] ---
--- client 6 in epoch 40 [aggregation then communication] ---
--- client 7 in epoch 40 [aggregation then communication] ---
--- client 8 in epoch 40 [aggregation then communication] ---
--- client 9 in epoch 40 [aggregation then communication] ---
--- global epoch 40: global acc = 87.37% ---
--- local epoch 40: local acc = [C0:99.76%, C1:99.80%, C2:99.95%, C3:99.93%, C4:99.69%, C5:99.88%, C6:99.79%, C7:99.82%, C8:99.68%, C9:99.73%] ---

--- global epoch 41/50 ---
--- client 0 in epoch 41 [aggregation then communication] ---
--- client 1 in epoch 41 [aggregation then communication] ---
--- client 2 in epoch 41 [aggregation then communication] ---
--- client 3 in epoch 41 [aggregation then communication] ---
--- client 4 in epoch 41 [aggregation then communication] ---
--- client 5 in epoch 41 [aggregation then communication] ---
--- client 6 in epoch 41 [aggregation then communication] ---
--- client 7 in epoch 41 [aggregation then communication] ---
--- client 8 in epoch 41 [aggregation then communication] ---
--- client 9 in epoch 41 [aggregation then communication] ---
--- global epoch 41: global acc = 86.75% ---
--- local epoch 41: local acc = [C0:99.68%, C1:99.78%, C2:99.58%, C3:99.72%, C4:99.75%, C5:99.69%, C6:99.71%, C7:99.69%, C8:99.71%, C9:99.81%] ---

--- global epoch 42/50 ---
--- client 0 in epoch 42 [aggregation then communication] ---
--- client 1 in epoch 42 [aggregation then communication] ---
--- client 2 in epoch 42 [aggregation then communication] ---
--- client 3 in epoch 42 [aggregation then communication] ---
--- client 4 in epoch 42 [aggregation then communication] ---
--- client 5 in epoch 42 [aggregation then communication] ---
--- client 6 in epoch 42 [aggregation then communication] ---
--- client 7 in epoch 42 [aggregation then communication] ---
--- client 8 in epoch 42 [aggregation then communication] ---
--- client 9 in epoch 42 [aggregation then communication] ---
--- global epoch 42: global acc = 87.32% ---
--- local epoch 42: local acc = [C0:99.79%, C1:99.66%, C2:99.79%, C3:100.00%, C4:99.80%, C5:99.69%, C6:99.65%, C7:99.72%, C8:99.84%, C9:99.67%] ---

--- global epoch 43/50 ---
--- client 0 in epoch 43 [aggregation then communication] ---
--- client 1 in epoch 43 [aggregation then communication] ---
--- client 2 in epoch 43 [aggregation then communication] ---
--- client 3 in epoch 43 [aggregation then communication] ---
--- client 4 in epoch 43 [aggregation then communication] ---
--- client 5 in epoch 43 [aggregation then communication] ---
--- client 6 in epoch 43 [aggregation then communication] ---
--- client 7 in epoch 43 [aggregation then communication] ---
--- client 8 in epoch 43 [aggregation then communication] ---
--- client 9 in epoch 43 [aggregation then communication] ---
--- global epoch 43: global acc = 87.10% ---
--- local epoch 43: local acc = [C0:99.73%, C1:99.96%, C2:99.77%, C3:99.76%, C4:99.73%, C5:99.85%, C6:99.71%, C7:99.78%, C8:99.84%, C9:100.00%] ---

--- global epoch 44/50 ---
--- client 0 in epoch 44 [aggregation then communication] ---
--- client 1 in epoch 44 [aggregation then communication] ---
--- client 2 in epoch 44 [aggregation then communication] ---
--- client 3 in epoch 44 [aggregation then communication] ---
--- client 4 in epoch 44 [aggregation then communication] ---
--- client 5 in epoch 44 [aggregation then communication] ---
--- client 6 in epoch 44 [aggregation then communication] ---
--- client 7 in epoch 44 [aggregation then communication] ---
--- client 8 in epoch 44 [aggregation then communication] ---
--- client 9 in epoch 44 [aggregation then communication] ---
--- global epoch 44: global acc = 87.11% ---
--- local epoch 44: local acc = [C0:99.63%, C1:99.71%, C2:99.81%, C3:99.77%, C4:99.64%, C5:99.67%, C6:99.75%, C7:99.68%, C8:99.72%, C9:99.75%] ---

--- global epoch 45/50 ---
--- client 0 in epoch 45 [aggregation then communication] ---
--- client 1 in epoch 45 [aggregation then communication] ---
--- client 2 in epoch 45 [aggregation then communication] ---
--- client 3 in epoch 45 [aggregation then communication] ---
--- client 4 in epoch 45 [aggregation then communication] ---
--- client 5 in epoch 45 [aggregation then communication] ---
--- client 6 in epoch 45 [aggregation then communication] ---
--- client 7 in epoch 45 [aggregation then communication] ---
--- client 8 in epoch 45 [aggregation then communication] ---
--- client 9 in epoch 45 [aggregation then communication] ---
--- global epoch 45: global acc = 87.57% ---
--- local epoch 45: local acc = [C0:99.80%, C1:99.61%, C2:99.59%, C3:99.70%, C4:100.00%, C5:99.67%, C6:99.75%, C7:99.67%, C8:99.83%, C9:99.79%] ---

--- global epoch 46/50 ---
--- client 0 in epoch 46 [aggregation then communication] ---
--- client 1 in epoch 46 [aggregation then communication] ---
--- client 2 in epoch 46 [aggregation then communication] ---
--- client 3 in epoch 46 [aggregation then communication] ---
--- client 4 in epoch 46 [aggregation then communication] ---
--- client 5 in epoch 46 [aggregation then communication] ---
--- client 6 in epoch 46 [aggregation then communication] ---
--- client 7 in epoch 46 [aggregation then communication] ---
--- client 8 in epoch 46 [aggregation then communication] ---
--- client 9 in epoch 46 [aggregation then communication] ---
--- global epoch 46: global acc = 87.48% ---
--- local epoch 46: local acc = [C0:99.78%, C1:99.85%, C2:99.99%, C3:99.68%, C4:99.76%, C5:99.78%, C6:99.81%, C7:99.81%, C8:99.77%, C9:99.74%] ---

--- global epoch 47/50 ---
--- client 0 in epoch 47 [aggregation then communication] ---
--- client 1 in epoch 47 [aggregation then communication] ---
--- client 2 in epoch 47 [aggregation then communication] ---
--- client 3 in epoch 47 [aggregation then communication] ---
--- client 4 in epoch 47 [aggregation then communication] ---
--- client 5 in epoch 47 [aggregation then communication] ---
--- client 6 in epoch 47 [aggregation then communication] ---
--- client 7 in epoch 47 [aggregation then communication] ---
--- client 8 in epoch 47 [aggregation then communication] ---
--- client 9 in epoch 47 [aggregation then communication] ---
--- global epoch 47: global acc = 86.90% ---
--- local epoch 47: local acc = [C0:99.52%, C1:100.00%, C2:99.69%, C3:99.99%, C4:99.62%, C5:99.97%, C6:99.67%, C7:99.74%, C8:99.81%, C9:99.78%] ---

--- global epoch 48/50 ---
--- client 0 in epoch 48 [aggregation then communication] ---
--- client 1 in epoch 48 [aggregation then communication] ---
--- client 2 in epoch 48 [aggregation then communication] ---
--- client 3 in epoch 48 [aggregation then communication] ---
--- client 4 in epoch 48 [aggregation then communication] ---
--- client 5 in epoch 48 [aggregation then communication] ---
--- client 6 in epoch 48 [aggregation then communication] ---
--- client 7 in epoch 48 [aggregation then communication] ---
--- client 8 in epoch 48 [aggregation then communication] ---
--- client 9 in epoch 48 [aggregation then communication] ---
--- global epoch 48: global acc = 87.47% ---
--- local epoch 48: local acc = [C0:99.59%, C1:99.54%, C2:99.70%, C3:99.58%, C4:99.78%, C5:99.70%, C6:99.83%, C7:99.67%, C8:99.83%, C9:99.72%] ---

--- global epoch 49/50 ---
--- client 0 in epoch 49 [aggregation then communication] ---
--- client 1 in epoch 49 [aggregation then communication] ---
--- client 2 in epoch 49 [aggregation then communication] ---
--- client 3 in epoch 49 [aggregation then communication] ---
--- client 4 in epoch 49 [aggregation then communication] ---
--- client 5 in epoch 49 [aggregation then communication] ---
--- client 6 in epoch 49 [aggregation then communication] ---
--- client 7 in epoch 49 [aggregation then communication] ---
--- client 8 in epoch 49 [aggregation then communication] ---
--- client 9 in epoch 49 [aggregation then communication] ---
--- global epoch 49: global acc = 87.59% ---
--- local epoch 49: local acc = [C0:99.70%, C1:99.76%, C2:99.98%, C3:99.68%, C4:99.80%, C5:99.74%, C6:99.81%, C7:99.94%, C8:99.68%, C9:99.90%] ---

--- global epoch 50/50 ---
--- At epoch 50, learning rate decays to 0.002952 ---
--- client 0 in epoch 50 [aggregation then communication] ---
--- client 1 in epoch 50 [aggregation then communication] ---
--- client 2 in epoch 50 [aggregation then communication] ---
--- client 3 in epoch 50 [aggregation then communication] ---
--- client 4 in epoch 50 [aggregation then communication] ---
--- client 5 in epoch 50 [aggregation then communication] ---
--- client 6 in epoch 50 [aggregation then communication] ---
--- client 7 in epoch 50 [aggregation then communication] ---
--- client 8 in epoch 50 [aggregation then communication] ---
--- client 9 in epoch 50 [aggregation then communication] ---
--- global epoch 50: global acc = 87.52% ---
--- local epoch 50: local acc = [C0:99.91%, C1:99.97%, C2:99.75%, C3:99.83%, C4:99.88%, C5:99.98%, C6:99.92%, C7:99.91%, C8:99.82%, C9:99.88%] ---
Total runtime: 12578.94s (3:29:38)

 saving results
results save in C:\Users\Kong\Desktop\ɳɺ\decentralized_federated_learning-master\decentralized_federated_learning-master\res\clients_10-epochs_10-20250913_022532.json
