client 0 initial number of neighbors: 9
client 1 initial number of neighbors: 9
client 2 initial number of neighbors: 9
client 3 initial number of neighbors: 9
client 4 initial number of neighbors: 9
client 5 initial number of neighbors: 9
client 6 initial number of neighbors: 9
client 7 initial number of neighbors: 9
client 8 initial number of neighbors: 9
client 9 initial number of neighbors: 9

 training begins! (epoch-by-epoch parallel mode with global evaluation)

--- global epoch 1/60 ---
--- client 0 in epoch 1 [aggregation then communication] ---
--- client 1 in epoch 1 [aggregation then communication] ---
--- client 2 in epoch 1 [aggregation then communication] ---
--- client 3 in epoch 1 [aggregation then communication] ---
--- client 4 in epoch 1 [aggregation then communication] ---
--- client 5 in epoch 1 [aggregation then communication] ---
--- client 6 in epoch 1 [aggregation then communication] ---
--- client 7 in epoch 1 [aggregation then communication] ---
--- client 8 in epoch 1 [aggregation then communication] ---
--- client 9 in epoch 1 [aggregation then communication] ---
--- global epoch 1: global acc = 10.00% ---
--- local epoch 1: local acc = [C0:29.75%, C1:29.75%, C2:32.02%, C3:30.52%, C4:30.12%, C5:29.53%, C6:27.70%, C7:29.00%, C8:29.05%, C9:31.22%] ---

--- global epoch 2/60 ---
--- At epoch 2, learning rate decays to 0.004995 ---
--- client 0 in epoch 2 [aggregation then communication] ---
--- client 1 in epoch 2 [aggregation then communication] ---
--- client 2 in epoch 2 [aggregation then communication] ---
--- client 3 in epoch 2 [aggregation then communication] ---
--- client 4 in epoch 2 [aggregation then communication] ---
--- client 5 in epoch 2 [aggregation then communication] ---
--- client 6 in epoch 2 [aggregation then communication] ---
--- client 7 in epoch 2 [aggregation then communication] ---
--- client 8 in epoch 2 [aggregation then communication] ---
--- client 9 in epoch 2 [aggregation then communication] ---
--- global epoch 2: global acc = 39.67% ---
--- local epoch 2: local acc = [C0:37.45%, C1:38.42%, C2:41.60%, C3:37.45%, C4:35.90%, C5:36.53%, C6:38.50%, C7:37.40%, C8:37.25%, C9:39.82%] ---

--- global epoch 3/60 ---
--- At epoch 3, learning rate decays to 0.004990 ---
--- client 0 in epoch 3 [aggregation then communication] ---
--- client 1 in epoch 3 [aggregation then communication] ---
--- client 2 in epoch 3 [aggregation then communication] ---
--- client 3 in epoch 3 [aggregation then communication] ---
--- client 4 in epoch 3 [aggregation then communication] ---
--- client 5 in epoch 3 [aggregation then communication] ---
--- client 6 in epoch 3 [aggregation then communication] ---
--- client 7 in epoch 3 [aggregation then communication] ---
--- client 8 in epoch 3 [aggregation then communication] ---
--- client 9 in epoch 3 [aggregation then communication] ---
--- global epoch 3: global acc = 60.71% ---
--- local epoch 3: local acc = [C0:52.23%, C1:50.88%, C2:51.57%, C3:50.75%, C4:49.57%, C5:51.63%, C6:50.62%, C7:49.88%, C8:49.92%, C9:49.87%] ---

--- global epoch 4/60 ---
--- At epoch 4, learning rate decays to 0.004985 ---
--- client 0 in epoch 4 [aggregation then communication] ---
--- client 1 in epoch 4 [aggregation then communication] ---
--- client 2 in epoch 4 [aggregation then communication] ---
--- client 3 in epoch 4 [aggregation then communication] ---
--- client 4 in epoch 4 [aggregation then communication] ---
--- client 5 in epoch 4 [aggregation then communication] ---
--- client 6 in epoch 4 [aggregation then communication] ---
--- client 7 in epoch 4 [aggregation then communication] ---
--- client 8 in epoch 4 [aggregation then communication] ---
--- client 9 in epoch 4 [aggregation then communication] ---
--- global epoch 4: global acc = 65.23% ---
--- local epoch 4: local acc = [C0:62.88%, C1:62.25%, C2:61.87%, C3:62.47%, C4:61.98%, C5:63.37%, C6:62.53%, C7:62.08%, C8:61.55%, C9:63.68%] ---

--- global epoch 5/60 ---
--- At epoch 5, learning rate decays to 0.004980 ---
--- client 0 in epoch 5 [aggregation then communication] ---
--- client 1 in epoch 5 [aggregation then communication] ---
--- client 2 in epoch 5 [aggregation then communication] ---
--- client 3 in epoch 5 [aggregation then communication] ---
--- client 4 in epoch 5 [aggregation then communication] ---
--- client 5 in epoch 5 [aggregation then communication] ---
--- client 6 in epoch 5 [aggregation then communication] ---
--- client 7 in epoch 5 [aggregation then communication] ---
--- client 8 in epoch 5 [aggregation then communication] ---
--- client 9 in epoch 5 [aggregation then communication] ---
--- global epoch 5: global acc = 71.41% ---
--- local epoch 5: local acc = [C0:69.13%, C1:69.47%, C2:69.50%, C3:69.70%, C4:68.98%, C5:67.35%, C6:69.57%, C7:69.07%, C8:69.07%, C9:69.50%] ---

--- global epoch 6/60 ---
--- At epoch 6, learning rate decays to 0.004975 ---
--- client 0 in epoch 6 [aggregation then communication] ---
--- client 1 in epoch 6 [aggregation then communication] ---
--- client 2 in epoch 6 [aggregation then communication] ---
--- client 3 in epoch 6 [aggregation then communication] ---
--- client 4 in epoch 6 [aggregation then communication] ---
--- client 5 in epoch 6 [aggregation then communication] ---
--- client 6 in epoch 6 [aggregation then communication] ---
--- client 7 in epoch 6 [aggregation then communication] ---
--- client 8 in epoch 6 [aggregation then communication] ---
--- client 9 in epoch 6 [aggregation then communication] ---
--- global epoch 6: global acc = 76.05% ---
--- local epoch 6: local acc = [C0:74.68%, C1:74.45%, C2:74.15%, C3:74.17%, C4:73.25%, C5:74.65%, C6:74.13%, C7:74.17%, C8:74.63%, C9:74.62%] ---

--- global epoch 7/60 ---
--- At epoch 7, learning rate decays to 0.004970 ---
--- client 0 in epoch 7 [aggregation then communication] ---
--- client 1 in epoch 7 [aggregation then communication] ---
--- client 2 in epoch 7 [aggregation then communication] ---
--- client 3 in epoch 7 [aggregation then communication] ---
--- client 4 in epoch 7 [aggregation then communication] ---
--- client 5 in epoch 7 [aggregation then communication] ---
--- client 6 in epoch 7 [aggregation then communication] ---
--- client 7 in epoch 7 [aggregation then communication] ---
--- client 8 in epoch 7 [aggregation then communication] ---
--- client 9 in epoch 7 [aggregation then communication] ---
--- global epoch 7: global acc = 78.16% ---
--- local epoch 7: local acc = [C0:76.37%, C1:77.95%, C2:77.60%, C3:77.52%, C4:77.07%, C5:78.40%, C6:77.30%, C7:76.97%, C8:77.63%, C9:77.85%] ---

--- global epoch 8/60 ---
--- At epoch 8, learning rate decays to 0.004965 ---
--- client 0 in epoch 8 [aggregation then communication] ---
--- client 1 in epoch 8 [aggregation then communication] ---
--- client 2 in epoch 8 [aggregation then communication] ---
--- client 3 in epoch 8 [aggregation then communication] ---
--- client 4 in epoch 8 [aggregation then communication] ---
--- client 5 in epoch 8 [aggregation then communication] ---
--- client 6 in epoch 8 [aggregation then communication] ---
--- client 7 in epoch 8 [aggregation then communication] ---
--- client 8 in epoch 8 [aggregation then communication] ---
--- client 9 in epoch 8 [aggregation then communication] ---
--- global epoch 8: global acc = 78.66% ---
--- local epoch 8: local acc = [C0:78.70%, C1:79.13%, C2:79.48%, C3:78.68%, C4:79.53%, C5:80.02%, C6:79.13%, C7:79.03%, C8:79.40%, C9:79.35%] ---

--- global epoch 9/60 ---
--- At epoch 9, learning rate decays to 0.004960 ---
--- client 0 in epoch 9 [aggregation then communication] ---
--- client 1 in epoch 9 [aggregation then communication] ---
--- client 2 in epoch 9 [aggregation then communication] ---
--- client 3 in epoch 9 [aggregation then communication] ---
--- client 4 in epoch 9 [aggregation then communication] ---
--- client 5 in epoch 9 [aggregation then communication] ---
--- client 6 in epoch 9 [aggregation then communication] ---
--- client 7 in epoch 9 [aggregation then communication] ---
--- client 8 in epoch 9 [aggregation then communication] ---
--- client 9 in epoch 9 [aggregation then communication] ---
--- global epoch 9: global acc = 81.41% ---
--- local epoch 9: local acc = [C0:80.07%, C1:80.78%, C2:81.23%, C3:80.15%, C4:80.67%, C5:81.47%, C6:80.65%, C7:80.32%, C8:80.82%, C9:80.82%] ---

--- global epoch 10/60 ---
--- At epoch 10, learning rate decays to 0.004955 ---
--- client 0 in epoch 10 [aggregation then communication] ---
--- client 1 in epoch 10 [aggregation then communication] ---
--- client 2 in epoch 10 [aggregation then communication] ---
--- client 3 in epoch 10 [aggregation then communication] ---
--- client 4 in epoch 10 [aggregation then communication] ---
--- client 5 in epoch 10 [aggregation then communication] ---
--- client 6 in epoch 10 [aggregation then communication] ---
--- client 7 in epoch 10 [aggregation then communication] ---
--- client 8 in epoch 10 [aggregation then communication] ---
--- client 9 in epoch 10 [aggregation then communication] ---
--- global epoch 10: global acc = 82.69% ---
--- local epoch 10: local acc = [C0:81.92%, C1:81.90%, C2:81.80%, C3:81.45%, C4:82.18%, C5:82.97%, C6:81.90%, C7:81.82%, C8:83.43%, C9:82.00%] ---

--- global epoch 11/60 ---
--- At epoch 11, learning rate decays to 0.004950 ---
--- client 0 in epoch 11 [aggregation then communication] ---
--- client 1 in epoch 11 [aggregation then communication] ---
--- client 2 in epoch 11 [aggregation then communication] ---
--- client 3 in epoch 11 [aggregation then communication] ---
--- client 4 in epoch 11 [aggregation then communication] ---
--- client 5 in epoch 11 [aggregation then communication] ---
--- client 6 in epoch 11 [aggregation then communication] ---
--- client 7 in epoch 11 [aggregation then communication] ---
--- client 8 in epoch 11 [aggregation then communication] ---
--- client 9 in epoch 11 [aggregation then communication] ---
--- global epoch 11: global acc = 83.46% ---
--- local epoch 11: local acc = [C0:82.97%, C1:83.02%, C2:83.40%, C3:82.70%, C4:83.13%, C5:84.25%, C6:83.22%, C7:83.20%, C8:83.48%, C9:83.40%] ---

--- global epoch 12/60 ---
--- At epoch 12, learning rate decays to 0.004945 ---
--- client 0 in epoch 12 [aggregation then communication] ---
--- client 1 in epoch 12 [aggregation then communication] ---
--- client 2 in epoch 12 [aggregation then communication] ---
--- client 3 in epoch 12 [aggregation then communication] ---
--- client 4 in epoch 12 [aggregation then communication] ---
--- client 5 in epoch 12 [aggregation then communication] ---
--- client 6 in epoch 12 [aggregation then communication] ---
--- client 7 in epoch 12 [aggregation then communication] ---
--- client 8 in epoch 12 [aggregation then communication] ------ client 9 in epoch 12 [aggregation then communication] ---

--- global epoch 12: global acc = 84.46% ---
--- local epoch 12: local acc = [C0:83.82%, C1:84.05%, C2:84.40%, C3:83.65%, C4:84.03%, C5:85.43%, C6:84.18%, C7:84.13%, C8:84.10%, C9:83.92%] ---

--- global epoch 13/60 ---
--- At epoch 13, learning rate decays to 0.004940 ---
--- client 0 in epoch 13 [aggregation then communication] ---
--- client 1 in epoch 13 [aggregation then communication] ---
--- client 2 in epoch 13 [aggregation then communication] ---
--- client 3 in epoch 13 [aggregation then communication] ---
--- client 4 in epoch 13 [aggregation then communication] ---
--- client 5 in epoch 13 [aggregation then communication] ---
--- client 6 in epoch 13 [aggregation then communication] ---
--- client 7 in epoch 13 [aggregation then communication] ---
--- client 8 in epoch 13 [aggregation then communication] ---
--- client 9 in epoch 13 [aggregation then communication] ---
--- global epoch 13: global acc = 85.04% ---
--- local epoch 13: local acc = [C0:86.07%, C1:85.22%, C2:85.32%, C3:84.28%, C4:84.83%, C5:85.88%, C6:84.93%, C7:84.97%, C8:84.67%, C9:84.93%] ---

--- global epoch 14/60 ---
--- At epoch 14, learning rate decays to 0.004935 ---
--- client 0 in epoch 14 [aggregation then communication] ---
--- client 1 in epoch 14 [aggregation then communication] ---
--- client 2 in epoch 14 [aggregation then communication] ---
--- client 3 in epoch 14 [aggregation then communication] ---
--- client 4 in epoch 14 [aggregation then communication] ---
--- client 5 in epoch 14 [aggregation then communication] ---
--- client 6 in epoch 14 [aggregation then communication] ---
--- client 7 in epoch 14 [aggregation then communication] ---
--- client 8 in epoch 14 [aggregation then communication] ---
--- client 9 in epoch 14 [aggregation then communication] ---
--- global epoch 14: global acc = 85.50% ---
--- local epoch 14: local acc = [C0:85.33%, C1:85.77%, C2:85.58%, C3:84.80%, C4:85.42%, C5:86.37%, C6:85.58%, C7:85.63%, C8:85.80%, C9:85.57%] ---

--- global epoch 15/60 ---
--- At epoch 15, learning rate decays to 0.004930 ---
--- client 0 in epoch 15 [aggregation then communication] ---
--- client 1 in epoch 15 [aggregation then communication] ---
--- client 2 in epoch 15 [aggregation then communication] ---
--- client 3 in epoch 15 [aggregation then communication] ---
--- client 4 in epoch 15 [aggregation then communication] ---
--- client 5 in epoch 15 [aggregation then communication] ---
--- client 6 in epoch 15 [aggregation then communication] ---
--- client 7 in epoch 15 [aggregation then communication] ------ client 8 in epoch 15 [aggregation then communication] ---

--- client 9 in epoch 15 [aggregation then communication] ---
--- global epoch 15: global acc = 86.04% ---
--- local epoch 15: local acc = [C0:85.98%, C1:86.35%, C2:85.95%, C3:85.15%, C4:85.67%, C5:87.03%, C6:86.22%, C7:85.77%, C8:85.98%, C9:86.40%] ---

--- global epoch 16/60 ---
--- At epoch 16, learning rate decays to 0.004926 ---
--- client 0 in epoch 16 [aggregation then communication] ---
--- client 1 in epoch 16 [aggregation then communication] ---
--- client 2 in epoch 16 [aggregation then communication] ---
--- client 3 in epoch 16 [aggregation then communication] ---
--- client 4 in epoch 16 [aggregation then communication] ---
--- client 5 in epoch 16 [aggregation then communication] ---
--- client 6 in epoch 16 [aggregation then communication] ---
--- client 7 in epoch 16 [aggregation then communication] ---
--- client 8 in epoch 16 [aggregation then communication] ---
--- client 9 in epoch 16 [aggregation then communication] ---
--- global epoch 16: global acc = 86.14% ---
--- local epoch 16: local acc = [C0:87.37%, C1:87.08%, C2:86.25%, C3:85.53%, C4:86.48%, C5:87.32%, C6:87.12%, C7:86.50%, C8:86.62%, C9:86.70%] ---

--- global epoch 17/60 ---
--- At epoch 17, learning rate decays to 0.004921 ---
--- client 0 in epoch 17 [aggregation then communication] ---
--- client 1 in epoch 17 [aggregation then communication] ---
--- client 2 in epoch 17 [aggregation then communication] ---
--- client 3 in epoch 17 [aggregation then communication] ---
--- client 4 in epoch 17 [aggregation then communication] ---
--- client 5 in epoch 17 [aggregation then communication] ---
--- client 6 in epoch 17 [aggregation then communication] ---
--- client 7 in epoch 17 [aggregation then communication] ---
--- client 8 in epoch 17 [aggregation then communication] ---
--- client 9 in epoch 17 [aggregation then communication] ---
--- global epoch 17: global acc = 86.10% ---
--- local epoch 17: local acc = [C0:86.78%, C1:87.37%, C2:86.93%, C3:86.17%, C4:86.43%, C5:87.45%, C6:87.35%, C7:86.68%, C8:87.17%, C9:87.08%] ---

--- global epoch 18/60 ---
--- At epoch 18, learning rate decays to 0.004916 ---
--- client 0 in epoch 18 [aggregation then communication] ---
--- client 1 in epoch 18 [aggregation then communication] ---
--- client 2 in epoch 18 [aggregation then communication] ---
--- client 3 in epoch 18 [aggregation then communication] ---
--- client 4 in epoch 18 [aggregation then communication] ---
--- client 5 in epoch 18 [aggregation then communication] ---
--- client 6 in epoch 18 [aggregation then communication] ---
--- client 7 in epoch 18 [aggregation then communication] ---
--- client 8 in epoch 18 [aggregation then communication] ---
--- client 9 in epoch 18 [aggregation then communication] ---
--- global epoch 18: global acc = 86.24% ---
--- local epoch 18: local acc = [C0:87.17%, C1:87.73%, C2:87.03%, C3:86.72%, C4:87.03%, C5:87.82%, C6:87.92%, C7:86.97%, C8:87.25%, C9:87.52%] ---

--- global epoch 19/60 ---
--- At epoch 19, learning rate decays to 0.004911 ---
--- client 0 in epoch 19 [aggregation then communication] ---
--- client 1 in epoch 19 [aggregation then communication] ---
--- client 2 in epoch 19 [aggregation then communication] ---
--- client 3 in epoch 19 [aggregation then communication] ---
--- client 4 in epoch 19 [aggregation then communication] ---
--- client 5 in epoch 19 [aggregation then communication] ---
--- client 6 in epoch 19 [aggregation then communication] ---
--- client 7 in epoch 19 [aggregation then communication] ---
--- client 8 in epoch 19 [aggregation then communication] ---
--- client 9 in epoch 19 [aggregation then communication] ---
--- global epoch 19: global acc = 86.75% ---
--- local epoch 19: local acc = [C0:87.82%, C1:88.12%, C2:87.40%, C3:87.22%, C4:87.35%, C5:88.20%, C6:88.18%, C7:87.78%, C8:87.78%, C9:88.22%] ---

--- global epoch 20/60 ---
--- At epoch 20, learning rate decays to 0.004906 ---
--- client 0 in epoch 20 [aggregation then communication] ---
--- client 1 in epoch 20 [aggregation then communication] ---
--- client 2 in epoch 20 [aggregation then communication] ---
--- client 3 in epoch 20 [aggregation then communication] ---
--- client 4 in epoch 20 [aggregation then communication] ---
--- client 5 in epoch 20 [aggregation then communication] ---
--- client 6 in epoch 20 [aggregation then communication] ---
--- client 7 in epoch 20 [aggregation then communication] ---
--- client 8 in epoch 20 [aggregation then communication] ---
--- client 9 in epoch 20 [aggregation then communication] ---
--- global epoch 20: global acc = 86.89% ---
--- local epoch 20: local acc = [C0:88.02%, C1:88.58%, C2:87.90%, C3:88.70%, C4:88.18%, C5:88.67%, C6:88.62%, C7:87.93%, C8:87.90%, C9:88.52%] ---

--- global epoch 21/60 ---
--- At epoch 21, learning rate decays to 0.004901 ---
--- client 0 in epoch 21 [aggregation then communication] ---
--- client 1 in epoch 21 [aggregation then communication] ---
--- client 2 in epoch 21 [aggregation then communication] ---
--- client 3 in epoch 21 [aggregation then communication] ---
--- client 4 in epoch 21 [aggregation then communication] ---
--- client 5 in epoch 21 [aggregation then communication] ---
--- client 6 in epoch 21 [aggregation then communication] ---
--- client 7 in epoch 21 [aggregation then communication] ------ client 8 in epoch 21 [aggregation then communication] ---

--- client 9 in epoch 21 [aggregation then communication] ---
--- global epoch 21: global acc = 87.00% ---
--- local epoch 21: local acc = [C0:88.57%, C1:88.78%, C2:88.17%, C3:88.05%, C4:87.88%, C5:88.55%, C6:88.67%, C7:88.50%, C8:88.32%, C9:88.65%] ---

--- global epoch 22/60 ---
--- At epoch 22, learning rate decays to 0.004896 ---
--- client 0 in epoch 22 [aggregation then communication] ---
--- client 1 in epoch 22 [aggregation then communication] ---
--- client 2 in epoch 22 [aggregation then communication] ---
--- client 3 in epoch 22 [aggregation then communication] ---
--- client 4 in epoch 22 [aggregation then communication] ---
--- client 5 in epoch 22 [aggregation then communication] ---
--- client 6 in epoch 22 [aggregation then communication] ---
--- client 7 in epoch 22 [aggregation then communication] ---
--- client 8 in epoch 22 [aggregation then communication] ---
--- client 9 in epoch 22 [aggregation then communication] ---
--- global epoch 22: global acc = 87.40% ---
--- local epoch 22: local acc = [C0:88.75%, C1:88.82%, C2:88.92%, C3:89.68%, C4:88.48%, C5:89.02%, C6:89.08%, C7:88.85%, C8:88.68%, C9:88.60%] ---

--- global epoch 23/60 ---
--- At epoch 23, learning rate decays to 0.004891 ---
--- client 0 in epoch 23 [aggregation then communication] ---
--- client 1 in epoch 23 [aggregation then communication] ---
--- client 2 in epoch 23 [aggregation then communication] ---
--- client 3 in epoch 23 [aggregation then communication] ---
--- client 4 in epoch 23 [aggregation then communication] ---
--- client 5 in epoch 23 [aggregation then communication] ---
--- client 6 in epoch 23 [aggregation then communication] ---
--- client 7 in epoch 23 [aggregation then communication] ---
--- client 8 in epoch 23 [aggregation then communication] ---
--- client 9 in epoch 23 [aggregation then communication] ---
--- global epoch 23: global acc = 87.06% ---
--- local epoch 23: local acc = [C0:88.77%, C1:88.98%, C2:88.53%, C3:88.95%, C4:88.58%, C5:89.15%, C6:89.38%, C7:88.93%, C8:89.30%, C9:89.38%] ---

--- global epoch 24/60 ---
--- At epoch 24, learning rate decays to 0.004886 ---
--- client 0 in epoch 24 [aggregation then communication] ---
--- client 1 in epoch 24 [aggregation then communication] ---
--- client 2 in epoch 24 [aggregation then communication] ---
--- client 3 in epoch 24 [aggregation then communication] ---
--- client 4 in epoch 24 [aggregation then communication] ---
--- client 5 in epoch 24 [aggregation then communication] ---
--- client 6 in epoch 24 [aggregation then communication] ---
--- client 7 in epoch 24 [aggregation then communication] ---
--- client 8 in epoch 24 [aggregation then communication] ---
--- client 9 in epoch 24 [aggregation then communication] ---
--- global epoch 24: global acc = 87.91% ---
--- local epoch 24: local acc = [C0:89.38%, C1:89.55%, C2:89.07%, C3:88.80%, C4:88.88%, C5:89.22%, C6:89.75%, C7:89.58%, C8:89.52%, C9:89.90%] ---

--- global epoch 25/60 ---
--- At epoch 25, learning rate decays to 0.004881 ---
--- client 0 in epoch 25 [aggregation then communication] ---
--- client 1 in epoch 25 [aggregation then communication] ---
--- client 2 in epoch 25 [aggregation then communication] ---
--- client 3 in epoch 25 [aggregation then communication] ---
--- client 4 in epoch 25 [aggregation then communication] ---
--- client 5 in epoch 25 [aggregation then communication] ---
--- client 6 in epoch 25 [aggregation then communication] ---
--- client 7 in epoch 25 [aggregation then communication] ---
--- client 8 in epoch 25 [aggregation then communication] ---
--- client 9 in epoch 25 [aggregation then communication] ---
--- global epoch 25: global acc = 87.66% ---
--- local epoch 25: local acc = [C0:89.25%, C1:89.48%, C2:89.23%, C3:89.18%, C4:89.58%, C5:89.48%, C6:89.98%, C7:89.53%, C8:89.47%, C9:89.95%] ---

--- global epoch 26/60 ---
--- At epoch 26, learning rate decays to 0.004876 ---
--- client 0 in epoch 26 [aggregation then communication] ---
--- client 1 in epoch 26 [aggregation then communication] ---
--- client 2 in epoch 26 [aggregation then communication] ---
--- client 3 in epoch 26 [aggregation then communication] ---
--- client 4 in epoch 26 [aggregation then communication] ---
--- client 5 in epoch 26 [aggregation then communication] ---
--- client 6 in epoch 26 [aggregation then communication] ---
--- client 7 in epoch 26 [aggregation then communication] ---
--- client 8 in epoch 26 [aggregation then communication] ---
--- client 9 in epoch 26 [aggregation then communication] ---
--- global epoch 26: global acc = 88.09% ---
--- local epoch 26: local acc = [C0:89.77%, C1:89.88%, C2:89.65%, C3:89.47%, C4:89.87%, C5:89.98%, C6:90.55%, C7:89.45%, C8:89.63%, C9:90.57%] ---

--- global epoch 27/60 ---
--- At epoch 27, learning rate decays to 0.004872 ---
--- client 0 in epoch 27 [aggregation then communication] ---
--- client 1 in epoch 27 [aggregation then communication] ---
--- client 2 in epoch 27 [aggregation then communication] ---
--- client 3 in epoch 27 [aggregation then communication] ---
--- client 4 in epoch 27 [aggregation then communication] ---
--- client 5 in epoch 27 [aggregation then communication] ---
--- client 6 in epoch 27 [aggregation then communication] ---
--- client 7 in epoch 27 [aggregation then communication] ---
--- client 8 in epoch 27 [aggregation then communication] ---
--- client 9 in epoch 27 [aggregation then communication] ---
--- global epoch 27: global acc = 87.97% ---
--- local epoch 27: local acc = [C0:90.00%, C1:90.25%, C2:89.80%, C3:89.58%, C4:89.82%, C5:90.08%, C6:90.62%, C7:89.95%, C8:90.02%, C9:90.60%] ---

--- global epoch 28/60 ---
--- At epoch 28, learning rate decays to 0.004867 ---
--- client 0 in epoch 28 [aggregation then communication] ---
--- client 1 in epoch 28 [aggregation then communication] ---
--- client 2 in epoch 28 [aggregation then communication] ---
--- client 3 in epoch 28 [aggregation then communication] ---
--- client 4 in epoch 28 [aggregation then communication] ---
--- client 5 in epoch 28 [aggregation then communication] ---
--- client 6 in epoch 28 [aggregation then communication] ---
--- client 7 in epoch 28 [aggregation then communication] ---
--- client 8 in epoch 28 [aggregation then communication] ---
--- client 9 in epoch 28 [aggregation then communication] ---
--- global epoch 28: global acc = 87.79% ---
--- local epoch 28: local acc = [C0:92.17%, C1:90.33%, C2:90.13%, C3:89.62%, C4:89.90%, C5:90.30%, C6:90.98%, C7:89.90%, C8:90.12%, C9:90.68%] ---

--- global epoch 29/60 ---
--- At epoch 29, learning rate decays to 0.004862 ---
--- client 0 in epoch 29 [aggregation then communication] ---
--- client 1 in epoch 29 [aggregation then communication] ---
--- client 2 in epoch 29 [aggregation then communication] ---
--- client 3 in epoch 29 [aggregation then communication] ---
--- client 4 in epoch 29 [aggregation then communication] ---
--- client 5 in epoch 29 [aggregation then communication] ---
--- client 6 in epoch 29 [aggregation then communication] ---
--- client 7 in epoch 29 [aggregation then communication] ---
--- client 8 in epoch 29 [aggregation then communication] ---
--- client 9 in epoch 29 [aggregation then communication] ---
--- global epoch 29: global acc = 88.22% ---
--- local epoch 29: local acc = [C0:90.48%, C1:90.93%, C2:90.22%, C3:90.12%, C4:89.90%, C5:90.78%, C6:91.53%, C7:90.50%, C8:90.23%, C9:90.90%] ---

--- global epoch 30/60 ---
--- At epoch 30, learning rate decays to 0.004857 ---
--- client 0 in epoch 30 [aggregation then communication] ---
--- client 1 in epoch 30 [aggregation then communication] ---
--- client 2 in epoch 30 [aggregation then communication] ---
--- client 3 in epoch 30 [aggregation then communication] ---
--- client 4 in epoch 30 [aggregation then communication] ---
--- client 5 in epoch 30 [aggregation then communication] ---
--- client 6 in epoch 30 [aggregation then communication] ---
--- client 7 in epoch 30 [aggregation then communication] ---
--- client 8 in epoch 30 [aggregation then communication] ---
--- client 9 in epoch 30 [aggregation then communication] ---
--- global epoch 30: global acc = 88.00% ---
--- local epoch 30: local acc = [C0:90.32%, C1:91.18%, C2:90.50%, C3:90.62%, C4:90.57%, C5:90.72%, C6:91.03%, C7:90.40%, C8:90.62%, C9:91.03%] ---

--- global epoch 31/60 ---
--- At epoch 31, learning rate decays to 0.004852 ---
--- client 0 in epoch 31 [aggregation then communication] ---
--- client 1 in epoch 31 [aggregation then communication] ---
--- client 2 in epoch 31 [aggregation then communication] ---
--- client 3 in epoch 31 [aggregation then communication] ---
--- client 4 in epoch 31 [aggregation then communication] ---
--- client 5 in epoch 31 [aggregation then communication] ---
--- client 6 in epoch 31 [aggregation then communication] ---
--- client 7 in epoch 31 [aggregation then communication] ---
--- client 8 in epoch 31 [aggregation then communication] ---
--- client 9 in epoch 31 [aggregation then communication] ---
--- global epoch 31: global acc = 88.93% ---
--- local epoch 31: local acc = [C0:90.77%, C1:91.02%, C2:91.98%, C3:90.40%, C4:90.20%, C5:90.90%, C6:91.27%, C7:90.63%, C8:90.90%, C9:91.17%] ---

--- global epoch 32/60 ---
--- At epoch 32, learning rate decays to 0.004847 ---
--- client 0 in epoch 32 [aggregation then communication] ---
--- client 1 in epoch 32 [aggregation then communication] ---
--- client 2 in epoch 32 [aggregation then communication] ---
--- client 3 in epoch 32 [aggregation then communication] ---
--- client 4 in epoch 32 [aggregation then communication] ---
--- client 5 in epoch 32 [aggregation then communication] ---
--- client 6 in epoch 32 [aggregation then communication] ---
--- client 7 in epoch 32 [aggregation then communication] ---
--- client 8 in epoch 32 [aggregation then communication] ---
--- client 9 in epoch 32 [aggregation then communication] ---
--- global epoch 32: global acc = 88.63% ---
--- local epoch 32: local acc = [C0:91.23%, C1:91.57%, C2:90.77%, C3:90.43%, C4:90.38%, C5:91.23%, C6:91.63%, C7:93.12%, C8:90.97%, C9:91.65%] ---

--- global epoch 33/60 ---
--- At epoch 33, learning rate decays to 0.004842 ---
--- client 0 in epoch 33 [aggregation then communication] ---
--- client 1 in epoch 33 [aggregation then communication] ---
--- client 2 in epoch 33 [aggregation then communication] ---
--- client 3 in epoch 33 [aggregation then communication] ---
--- client 4 in epoch 33 [aggregation then communication] ---
--- client 5 in epoch 33 [aggregation then communication] ---
--- client 6 in epoch 33 [aggregation then communication] ---
--- client 7 in epoch 33 [aggregation then communication] ---
--- client 8 in epoch 33 [aggregation then communication] ---
--- client 9 in epoch 33 [aggregation then communication] ---
--- global epoch 33: global acc = 89.10% ---
--- local epoch 33: local acc = [C0:91.20%, C1:91.90%, C2:90.93%, C3:90.77%, C4:90.35%, C5:91.25%, C6:91.65%, C7:91.47%, C8:91.57%, C9:91.63%] ---

--- global epoch 34/60 ---
--- At epoch 34, learning rate decays to 0.004838 ---
--- client 0 in epoch 34 [aggregation then communication] ---
--- client 1 in epoch 34 [aggregation then communication] ---
--- client 2 in epoch 34 [aggregation then communication] ---
--- client 3 in epoch 34 [aggregation then communication] ---
--- client 4 in epoch 34 [aggregation then communication] ---
--- client 5 in epoch 34 [aggregation then communication] ---
--- client 6 in epoch 34 [aggregation then communication] ---
--- client 7 in epoch 34 [aggregation then communication] ---
--- client 8 in epoch 34 [aggregation then communication] ---
--- client 9 in epoch 34 [aggregation then communication] ---
--- global epoch 34: global acc = 88.75% ---
--- local epoch 34: local acc = [C0:91.53%, C1:92.03%, C2:91.25%, C3:91.15%, C4:90.70%, C5:91.67%, C6:91.93%, C7:90.93%, C8:91.58%, C9:91.72%] ---

--- global epoch 35/60 ---
--- At epoch 35, learning rate decays to 0.004833 ---
--- client 0 in epoch 35 [aggregation then communication] ---
--- client 1 in epoch 35 [aggregation then communication] ---
--- client 2 in epoch 35 [aggregation then communication] ---
--- client 3 in epoch 35 [aggregation then communication] ---
--- client 4 in epoch 35 [aggregation then communication] ---
--- client 5 in epoch 35 [aggregation then communication] ---
--- client 6 in epoch 35 [aggregation then communication] ---
--- client 7 in epoch 35 [aggregation then communication] ---
--- client 8 in epoch 35 [aggregation then communication] ---
--- client 9 in epoch 35 [aggregation then communication] ---
--- global epoch 35: global acc = 89.15% ---
--- local epoch 35: local acc = [C0:91.30%, C1:92.15%, C2:91.77%, C3:91.28%, C4:91.20%, C5:91.30%, C6:91.63%, C7:91.52%, C8:91.82%, C9:91.77%] ---

--- global epoch 36/60 ---
--- At epoch 36, learning rate decays to 0.004828 ---
--- client 0 in epoch 36 [aggregation then communication] ---
--- client 1 in epoch 36 [aggregation then communication] ---
--- client 2 in epoch 36 [aggregation then communication] ---
--- client 3 in epoch 36 [aggregation then communication] ---
--- client 4 in epoch 36 [aggregation then communication] ---
--- client 5 in epoch 36 [aggregation then communication] ---
--- client 6 in epoch 36 [aggregation then communication] ---
--- client 7 in epoch 36 [aggregation then communication] ---
--- client 8 in epoch 36 [aggregation then communication] ---
--- client 9 in epoch 36 [aggregation then communication] ---
--- global epoch 36: global acc = 89.30% ---
--- local epoch 36: local acc = [C0:93.83%, C1:92.35%, C2:91.73%, C3:91.00%, C4:91.08%, C5:91.53%, C6:92.23%, C7:91.82%, C8:91.87%, C9:91.92%] ---

--- global epoch 37/60 ---
--- At epoch 37, learning rate decays to 0.004823 ---
--- client 0 in epoch 37 [aggregation then communication] ---
--- client 1 in epoch 37 [aggregation then communication] ---
--- client 2 in epoch 37 [aggregation then communication] ---
--- client 3 in epoch 37 [aggregation then communication] ---
--- client 4 in epoch 37 [aggregation then communication] ---
--- client 5 in epoch 37 [aggregation then communication] ---
--- client 6 in epoch 37 [aggregation then communication] ---
--- client 7 in epoch 37 [aggregation then communication] ---
--- client 8 in epoch 37 [aggregation then communication] ---
--- client 9 in epoch 37 [aggregation then communication] ---
--- global epoch 37: global acc = 89.18% ---
--- local epoch 37: local acc = [C0:91.75%, C1:92.37%, C2:91.55%, C3:91.27%, C4:91.45%, C5:91.85%, C6:92.25%, C7:91.50%, C8:92.07%, C9:92.38%] ---

--- global epoch 38/60 ---
--- At epoch 38, learning rate decays to 0.004818 ---
--- client 0 in epoch 38 [aggregation then communication] ---
--- client 1 in epoch 38 [aggregation then communication] ---
--- client 2 in epoch 38 [aggregation then communication] ---
--- client 3 in epoch 38 [aggregation then communication] ---
--- client 4 in epoch 38 [aggregation then communication] ---
--- client 5 in epoch 38 [aggregation then communication] ---
--- client 6 in epoch 38 [aggregation then communication] ---
--- client 7 in epoch 38 [aggregation then communication] ---
--- client 8 in epoch 38 [aggregation then communication] ---
--- client 9 in epoch 38 [aggregation then communication] ---
--- global epoch 38: global acc = 88.99% ---
--- local epoch 38: local acc = [C0:92.18%, C1:92.72%, C2:91.70%, C3:91.42%, C4:91.33%, C5:91.93%, C6:92.62%, C7:91.53%, C8:92.25%, C9:92.23%] ---

--- global epoch 39/60 ---
--- At epoch 39, learning rate decays to 0.004813 ---
--- client 0 in epoch 39 [aggregation then communication] ---
--- client 1 in epoch 39 [aggregation then communication] ---
--- client 2 in epoch 39 [aggregation then communication] ---
--- client 3 in epoch 39 [aggregation then communication] ---
--- client 4 in epoch 39 [aggregation then communication] ---
--- client 5 in epoch 39 [aggregation then communication] ---
--- client 6 in epoch 39 [aggregation then communication] ---
--- client 7 in epoch 39 [aggregation then communication] ---
--- client 8 in epoch 39 [aggregation then communication] ---
--- client 9 in epoch 39 [aggregation then communication] ---
--- global epoch 39: global acc = 89.41% ---
--- local epoch 39: local acc = [C0:92.42%, C1:93.73%, C2:92.55%, C3:92.17%, C4:91.48%, C5:92.33%, C6:92.77%, C7:92.12%, C8:92.68%, C9:92.38%] ---

--- global epoch 40/60 ---
--- At epoch 40, learning rate decays to 0.004809 ---
--- client 0 in epoch 40 [aggregation then communication] ---
--- client 1 in epoch 40 [aggregation then communication] ---
--- client 2 in epoch 40 [aggregation then communication] ---
--- client 3 in epoch 40 [aggregation then communication] ---
--- client 4 in epoch 40 [aggregation then communication] ---
--- client 5 in epoch 40 [aggregation then communication] ---
--- client 6 in epoch 40 [aggregation then communication] ---
--- client 7 in epoch 40 [aggregation then communication] ---
--- client 8 in epoch 40 [aggregation then communication] ---
--- client 9 in epoch 40 [aggregation then communication] ---
--- global epoch 40: global acc = 89.32% ---
--- local epoch 40: local acc = [C0:92.22%, C1:93.07%, C2:92.30%, C3:92.07%, C4:91.85%, C5:91.85%, C6:92.57%, C7:92.38%, C8:93.07%, C9:92.73%] ---

--- global epoch 41/60 ---
--- At epoch 41, learning rate decays to 0.004804 ---
--- client 0 in epoch 41 [aggregation then communication] ---
--- client 1 in epoch 41 [aggregation then communication] ---
--- client 2 in epoch 41 [aggregation then communication] ---
--- client 3 in epoch 41 [aggregation then communication] ---
--- client 4 in epoch 41 [aggregation then communication] ---
--- client 5 in epoch 41 [aggregation then communication] ---
--- client 6 in epoch 41 [aggregation then communication] ---
--- client 7 in epoch 41 [aggregation then communication] ---
--- client 8 in epoch 41 [aggregation then communication] ---
--- client 9 in epoch 41 [aggregation then communication] ---
--- global epoch 41: global acc = 89.33% ---
--- local epoch 41: local acc = [C0:92.68%, C1:93.60%, C2:92.82%, C3:91.97%, C4:91.93%, C5:92.48%, C6:92.73%, C7:92.58%, C8:92.63%, C9:92.40%] ---

--- global epoch 42/60 ---
--- At epoch 42, learning rate decays to 0.004799 ---
--- client 0 in epoch 42 [aggregation then communication] ---
--- client 1 in epoch 42 [aggregation then communication] ---
--- client 2 in epoch 42 [aggregation then communication] ---
--- client 3 in epoch 42 [aggregation then communication] ---
--- client 4 in epoch 42 [aggregation then communication] ---
--- client 5 in epoch 42 [aggregation then communication] ---
--- client 6 in epoch 42 [aggregation then communication] ------ client 7 in epoch 42 [aggregation then communication] ---

--- client 8 in epoch 42 [aggregation then communication] ---
--- client 9 in epoch 42 [aggregation then communication] ---
--- global epoch 42: global acc = 89.19% ---
--- local epoch 42: local acc = [C0:92.82%, C1:93.42%, C2:92.72%, C3:92.23%, C4:92.45%, C5:92.10%, C6:93.02%, C7:92.58%, C8:92.92%, C9:93.08%] ---

--- global epoch 43/60 ---
--- At epoch 43, learning rate decays to 0.004794 ---
--- client 0 in epoch 43 [aggregation then communication] ---
--- client 1 in epoch 43 [aggregation then communication] ---
--- client 2 in epoch 43 [aggregation then communication] ---
--- client 3 in epoch 43 [aggregation then communication] ---
--- client 4 in epoch 43 [aggregation then communication] ---
--- client 5 in epoch 43 [aggregation then communication] ---
--- client 6 in epoch 43 [aggregation then communication] ---
--- client 7 in epoch 43 [aggregation then communication] ---
--- client 8 in epoch 43 [aggregation then communication] ---
--- client 9 in epoch 43 [aggregation then communication] ---
--- global epoch 43: global acc = 89.64% ---
--- local epoch 43: local acc = [C0:92.92%, C1:93.28%, C2:93.17%, C3:92.23%, C4:92.55%, C5:92.37%, C6:93.48%, C7:92.72%, C8:95.42%, C9:93.12%] ---

--- global epoch 44/60 ---
--- At epoch 44, learning rate decays to 0.004789 ---
--- client 0 in epoch 44 [aggregation then communication] ---
--- client 1 in epoch 44 [aggregation then communication] ---
--- client 2 in epoch 44 [aggregation then communication] ---
--- client 3 in epoch 44 [aggregation then communication] ---
--- client 4 in epoch 44 [aggregation then communication] ---
--- client 5 in epoch 44 [aggregation then communication] ---
--- client 6 in epoch 44 [aggregation then communication] ---
--- client 7 in epoch 44 [aggregation then communication] ---
--- client 8 in epoch 44 [aggregation then communication] ---
--- client 9 in epoch 44 [aggregation then communication] ---
--- global epoch 44: global acc = 89.30% ---
--- local epoch 44: local acc = [C0:93.15%, C1:93.50%, C2:93.07%, C3:92.62%, C4:92.87%, C5:92.42%, C6:93.57%, C7:92.70%, C8:92.92%, C9:93.45%] ---

--- global epoch 45/60 ---
--- At epoch 45, learning rate decays to 0.004785 ---
--- client 0 in epoch 45 [aggregation then communication] ---
--- client 1 in epoch 45 [aggregation then communication] ---
--- client 2 in epoch 45 [aggregation then communication] ---
--- client 3 in epoch 45 [aggregation then communication] ---
--- client 4 in epoch 45 [aggregation then communication] ---
--- client 5 in epoch 45 [aggregation then communication] ---
--- client 6 in epoch 45 [aggregation then communication] ---
--- client 7 in epoch 45 [aggregation then communication] ---
--- client 8 in epoch 45 [aggregation then communication] ---
--- client 9 in epoch 45 [aggregation then communication] ---
--- global epoch 45: global acc = 89.63% ---
--- local epoch 45: local acc = [C0:92.88%, C1:94.00%, C2:93.00%, C3:92.90%, C4:95.13%, C5:93.33%, C6:93.75%, C7:92.87%, C8:93.90%, C9:93.32%] ---

--- global epoch 46/60 ---
--- At epoch 46, learning rate decays to 0.004780 ---
--- client 0 in epoch 46 [aggregation then communication] ---
--- client 1 in epoch 46 [aggregation then communication] ---
--- client 2 in epoch 46 [aggregation then communication] ---
--- client 3 in epoch 46 [aggregation then communication] ---
--- client 4 in epoch 46 [aggregation then communication] ---
--- client 5 in epoch 46 [aggregation then communication] ---
--- client 6 in epoch 46 [aggregation then communication] ---
--- client 7 in epoch 46 [aggregation then communication] ---
--- client 8 in epoch 46 [aggregation then communication] ---
--- client 9 in epoch 46 [aggregation then communication] ---
--- global epoch 46: global acc = 89.39% ---
--- local epoch 46: local acc = [C0:93.17%, C1:93.52%, C2:92.93%, C3:92.63%, C4:92.90%, C5:93.03%, C6:94.03%, C7:93.05%, C8:94.12%, C9:93.50%] ---

--- global epoch 47/60 ---
--- At epoch 47, learning rate decays to 0.004775 ---
--- client 0 in epoch 47 [aggregation then communication] ---
--- client 1 in epoch 47 [aggregation then communication] ---
--- client 2 in epoch 47 [aggregation then communication] ---
--- client 3 in epoch 47 [aggregation then communication] ---
--- client 4 in epoch 47 [aggregation then communication] ---
--- client 5 in epoch 47 [aggregation then communication] ---
--- client 6 in epoch 47 [aggregation then communication] ---
--- client 7 in epoch 47 [aggregation then communication] ---
--- client 8 in epoch 47 [aggregation then communication] ---
--- client 9 in epoch 47 [aggregation then communication] ---
--- global epoch 47: global acc = 89.77% ---
--- local epoch 47: local acc = [C0:93.57%, C1:93.87%, C2:93.03%, C3:92.72%, C4:93.22%, C5:93.50%, C6:93.87%, C7:93.63%, C8:94.42%, C9:93.67%] ---

--- global epoch 48/60 ---
--- At epoch 48, learning rate decays to 0.004770 ---
--- client 0 in epoch 48 [aggregation then communication] ---
--- client 1 in epoch 48 [aggregation then communication] ---
--- client 2 in epoch 48 [aggregation then communication] ---
--- client 3 in epoch 48 [aggregation then communication] ---
--- client 4 in epoch 48 [aggregation then communication] ---
--- client 5 in epoch 48 [aggregation then communication] ---
--- client 6 in epoch 48 [aggregation then communication] ---
--- client 7 in epoch 48 [aggregation then communication] ---
--- client 8 in epoch 48 [aggregation then communication] ---
--- client 9 in epoch 48 [aggregation then communication] ---
--- global epoch 48: global acc = 89.77% ---
--- local epoch 48: local acc = [C0:93.75%, C1:94.05%, C2:93.73%, C3:92.67%, C4:93.35%, C5:93.63%, C6:96.30%, C7:93.20%, C8:94.38%, C9:93.83%] ---

--- global epoch 49/60 ---
--- At epoch 49, learning rate decays to 0.004766 ---
--- client 0 in epoch 49 [aggregation then communication] ---
--- client 1 in epoch 49 [aggregation then communication] ---
--- client 2 in epoch 49 [aggregation then communication] ---
--- client 3 in epoch 49 [aggregation then communication] ---
--- client 4 in epoch 49 [aggregation then communication] ---
--- client 5 in epoch 49 [aggregation then communication] ---
--- client 6 in epoch 49 [aggregation then communication] ---
--- client 7 in epoch 49 [aggregation then communication] ---
--- client 8 in epoch 49 [aggregation then communication] ---
--- client 9 in epoch 49 [aggregation then communication] ---
--- global epoch 49: global acc = 89.90% ---
--- local epoch 49: local acc = [C0:95.93%, C1:94.17%, C2:93.78%, C3:93.75%, C4:93.57%, C5:93.33%, C6:93.95%, C7:93.72%, C8:94.20%, C9:93.58%] ---

--- global epoch 50/60 ---
--- At epoch 50, learning rate decays to 0.004761 ---
--- client 0 in epoch 50 [aggregation then communication] ---
--- client 1 in epoch 50 [aggregation then communication] ---
--- client 2 in epoch 50 [aggregation then communication] ---
--- client 3 in epoch 50 [aggregation then communication] ---
--- client 4 in epoch 50 [aggregation then communication] ---
--- client 5 in epoch 50 [aggregation then communication] ---
--- client 6 in epoch 50 [aggregation then communication] ---
--- client 7 in epoch 50 [aggregation then communication] ---
--- client 8 in epoch 50 [aggregation then communication] ---
--- client 9 in epoch 50 [aggregation then communication] ---
--- global epoch 50: global acc = 89.66% ---
--- local epoch 50: local acc = [C0:93.95%, C1:94.62%, C2:94.17%, C3:93.12%, C4:93.35%, C5:93.27%, C6:94.10%, C7:93.58%, C8:94.65%, C9:94.10%] ---

--- global epoch 51/60 ---
--- At epoch 51, learning rate decays to 0.004756 ---
--- client 0 in epoch 51 [aggregation then communication] ---
--- client 1 in epoch 51 [aggregation then communication] ---
--- client 2 in epoch 51 [aggregation then communication] ---
--- client 3 in epoch 51 [aggregation then communication] ---
--- client 4 in epoch 51 [aggregation then communication] ---
--- client 5 in epoch 51 [aggregation then communication] ---
--- client 6 in epoch 51 [aggregation then communication] ---
--- client 7 in epoch 51 [aggregation then communication] ---
--- client 8 in epoch 51 [aggregation then communication] ---
--- client 9 in epoch 51 [aggregation then communication] ---
--- global epoch 51: global acc = 89.74% ---
--- local epoch 51: local acc = [C0:94.12%, C1:94.47%, C2:94.10%, C3:93.17%, C4:93.28%, C5:93.82%, C6:94.47%, C7:93.93%, C8:95.93%, C9:93.73%] ---

--- global epoch 52/60 ---
--- At epoch 52, learning rate decays to 0.004751 ---
--- client 0 in epoch 52 [aggregation then communication] ---
--- client 1 in epoch 52 [aggregation then communication] ---
--- client 2 in epoch 52 [aggregation then communication] ---
--- client 3 in epoch 52 [aggregation then communication] ---
--- client 4 in epoch 52 [aggregation then communication] ---
--- client 5 in epoch 52 [aggregation then communication] ---
--- client 6 in epoch 52 [aggregation then communication] ---
--- client 7 in epoch 52 [aggregation then communication] ---
--- client 8 in epoch 52 [aggregation then communication] ---
--- client 9 in epoch 52 [aggregation then communication] ---
--- global epoch 52: global acc = 89.54% ---
--- local epoch 52: local acc = [C0:94.83%, C1:94.63%, C2:94.18%, C3:93.90%, C4:93.33%, C5:93.92%, C6:94.70%, C7:93.43%, C8:95.17%, C9:93.78%] ---

--- global epoch 53/60 ---
--- At epoch 53, learning rate decays to 0.004747 ---
--- client 0 in epoch 53 [aggregation then communication] ---
--- client 1 in epoch 53 [aggregation then communication] ---
--- client 2 in epoch 53 [aggregation then communication] ---
--- client 3 in epoch 53 [aggregation then communication] ---
--- client 4 in epoch 53 [aggregation then communication] ---
--- client 5 in epoch 53 [aggregation then communication] ---
--- client 6 in epoch 53 [aggregation then communication] ---
--- client 7 in epoch 53 [aggregation then communication] ---
--- client 8 in epoch 53 [aggregation then communication] ------ client 9 in epoch 53 [aggregation then communication] ---

--- global epoch 53: global acc = 90.26% ---
--- local epoch 53: local acc = [C0:94.68%, C1:94.85%, C2:93.97%, C3:93.97%, C4:93.70%, C5:94.08%, C6:95.12%, C7:93.63%, C8:95.60%, C9:94.32%] ---

--- global epoch 54/60 ---
--- At epoch 54, learning rate decays to 0.004742 ---
--- client 0 in epoch 54 [aggregation then communication] ---
--- client 1 in epoch 54 [aggregation then communication] ---
--- client 2 in epoch 54 [aggregation then communication] ---
--- client 3 in epoch 54 [aggregation then communication] ---
--- client 4 in epoch 54 [aggregation then communication] ---
--- client 5 in epoch 54 [aggregation then communication] ---
--- client 6 in epoch 54 [aggregation then communication] ---
--- client 7 in epoch 54 [aggregation then communication] ---
--- client 8 in epoch 54 [aggregation then communication] ---
--- client 9 in epoch 54 [aggregation then communication] ---
--- global epoch 54: global acc = 89.33% ---
--- local epoch 54: local acc = [C0:95.57%, C1:95.05%, C2:94.82%, C3:94.15%, C4:93.78%, C5:94.08%, C6:94.88%, C7:93.73%, C8:95.47%, C9:94.38%] ---

--- global epoch 55/60 ---
--- At epoch 55, learning rate decays to 0.004737 ---
--- client 0 in epoch 55 [aggregation then communication] ---
--- client 1 in epoch 55 [aggregation then communication] ---
--- client 2 in epoch 55 [aggregation then communication] ---
--- client 3 in epoch 55 [aggregation then communication] ---
--- client 4 in epoch 55 [aggregation then communication] ---
--- client 5 in epoch 55 [aggregation then communication] ---
--- client 6 in epoch 55 [aggregation then communication] ---
--- client 7 in epoch 55 [aggregation then communication] ---
--- client 8 in epoch 55 [aggregation then communication] ---
--- client 9 in epoch 55 [aggregation then communication] ---
--- global epoch 55: global acc = 89.30% ---
--- local epoch 55: local acc = [C0:94.98%, C1:94.90%, C2:94.40%, C3:94.30%, C4:93.98%, C5:95.10%, C6:94.83%, C7:94.12%, C8:95.60%, C9:94.27%] ---

--- global epoch 56/60 ---
--- At epoch 56, learning rate decays to 0.004732 ---
--- client 0 in epoch 56 [aggregation then communication] ---
--- client 1 in epoch 56 [aggregation then communication] ---
--- client 2 in epoch 56 [aggregation then communication] ---
--- client 3 in epoch 56 [aggregation then communication] ---
--- client 4 in epoch 56 [aggregation then communication] ---
--- client 5 in epoch 56 [aggregation then communication] ---
--- client 6 in epoch 56 [aggregation then communication] ---
--- client 7 in epoch 56 [aggregation then communication] ---
--- client 8 in epoch 56 [aggregation then communication] ---
--- client 9 in epoch 56 [aggregation then communication] ---
--- global epoch 56: global acc = 90.04% ---
--- local epoch 56: local acc = [C0:95.02%, C1:95.32%, C2:94.57%, C3:94.18%, C4:94.13%, C5:94.03%, C6:96.42%, C7:94.02%, C8:95.60%, C9:94.55%] ---

--- global epoch 57/60 ---
--- At epoch 57, learning rate decays to 0.004728 ---
--- client 0 in epoch 57 [aggregation then communication] ---
--- client 1 in epoch 57 [aggregation then communication] ---
--- client 2 in epoch 57 [aggregation then communication] ---
--- client 3 in epoch 57 [aggregation then communication] ---
--- client 4 in epoch 57 [aggregation then communication] ---
--- client 5 in epoch 57 [aggregation then communication] ---
--- client 6 in epoch 57 [aggregation then communication] ---
--- client 7 in epoch 57 [aggregation then communication] ---
--- client 8 in epoch 57 [aggregation then communication] ---
--- client 9 in epoch 57 [aggregation then communication] ---
--- global epoch 57: global acc = 89.85% ---
--- local epoch 57: local acc = [C0:95.02%, C1:95.97%, C2:94.93%, C3:94.57%, C4:94.42%, C5:95.20%, C6:95.42%, C7:94.07%, C8:95.93%, C9:94.48%] ---

--- global epoch 58/60 ---
--- At epoch 58, learning rate decays to 0.004723 ---
--- client 0 in epoch 58 [aggregation then communication] ---
--- client 1 in epoch 58 [aggregation then communication] ---
--- client 2 in epoch 58 [aggregation then communication] ---
--- client 3 in epoch 58 [aggregation then communication] ---
--- client 4 in epoch 58 [aggregation then communication] ---
--- client 5 in epoch 58 [aggregation then communication] ---
--- client 6 in epoch 58 [aggregation then communication] ---
--- client 7 in epoch 58 [aggregation then communication] ---
--- client 8 in epoch 58 [aggregation then communication] ---
--- client 9 in epoch 58 [aggregation then communication] ---
--- global epoch 58: global acc = 90.04% ---
--- local epoch 58: local acc = [C0:95.33%, C1:95.52%, C2:95.35%, C3:94.22%, C4:94.17%, C5:94.30%, C6:95.87%, C7:93.97%, C8:95.67%, C9:94.63%] ---

--- global epoch 59/60 ---
--- At epoch 59, learning rate decays to 0.004718 ---
--- client 0 in epoch 59 [aggregation then communication] ---
--- client 1 in epoch 59 [aggregation then communication] ---
--- client 2 in epoch 59 [aggregation then communication] ---
--- client 3 in epoch 59 [aggregation then communication] ---
--- client 4 in epoch 59 [aggregation then communication] ---
--- client 5 in epoch 59 [aggregation then communication] ---
--- client 6 in epoch 59 [aggregation then communication] ---
--- client 7 in epoch 59 [aggregation then communication] ---
--- client 8 in epoch 59 [aggregation then communication] ---
--- client 9 in epoch 59 [aggregation then communication] ---
--- global epoch 59: global acc = 90.03% ---
--- local epoch 59: local acc = [C0:95.58%, C1:95.03%, C2:94.68%, C3:94.68%, C4:94.08%, C5:95.33%, C6:95.93%, C7:94.55%, C8:95.77%, C9:94.58%] ---

--- global epoch 60/60 ---
--- At epoch 60, learning rate decays to 0.004713 ---
--- client 0 in epoch 60 [aggregation then communication] ---
--- client 1 in epoch 60 [aggregation then communication] ---
--- client 2 in epoch 60 [aggregation then communication] ---
--- client 3 in epoch 60 [aggregation then communication] ---
--- client 4 in epoch 60 [aggregation then communication] ---
--- client 5 in epoch 60 [aggregation then communication] ---
--- client 6 in epoch 60 [aggregation then communication] ---
--- client 7 in epoch 60 [aggregation then communication] ---
--- client 8 in epoch 60 [aggregation then communication] ---
--- client 9 in epoch 60 [aggregation then communication] ---
--- global epoch 60: global acc = 89.78% ---
--- local epoch 60: local acc = [C0:95.92%, C1:95.90%, C2:94.85%, C3:94.77%, C4:94.58%, C5:95.15%, C6:95.62%, C7:94.57%, C8:95.67%, C9:95.27%] ---
Total runtime: 1846.83s (0:30:46)

 saving results
results save in C:\Users\Kong\Desktop\\decentralized_federated_learning-master\decentralized_federated_learning-master\res\clients_10-epochs_1-20250922_051057.json
