client 0 initial number of neighbors: 9
client 1 initial number of neighbors: 9
client 2 initial number of neighbors: 9
client 3 initial number of neighbors: 9
client 4 initial number of neighbors: 9
client 5 initial number of neighbors: 9
client 6 initial number of neighbors: 9
client 7 initial number of neighbors: 9
client 8 initial number of neighbors: 9
client 9 initial number of neighbors: 9

 training begins! (epoch-by-epoch parallel mode with global evaluation)

--- global epoch 1/60 ---
--- client 0 in epoch 1 [aggregation then communication] ---
--- client 1 in epoch 1 [aggregation then communication] ---
--- client 2 in epoch 1 [aggregation then communication] ------ client 3 in epoch 1 [aggregation then communication] ---

--- client 4 in epoch 1 [aggregation then communication] ---
--- client 5 in epoch 1 [aggregation then communication] ---
--- client 6 in epoch 1 [aggregation then communication] ---
--- client 7 in epoch 1 [aggregation then communication] ---
--- client 8 in epoch 1 [aggregation then communication] ---
--- client 9 in epoch 1 [aggregation then communication] ---
--- global epoch 1: global acc = 10.00% ---
--- local epoch 1: local acc = [C0:79.13%, C1:78.96%, C2:79.63%, C3:77.26%, C4:77.84%, C5:79.16%, C6:78.89%, C7:78.35%, C8:77.57%, C9:78.77%] ---

--- global epoch 2/60 ---
--- At epoch 2, learning rate decays to 0.009800 ---
--- client 0 in epoch 2 [aggregation then communication] ---
--- client 1 in epoch 2 [aggregation then communication] ---
--- client 2 in epoch 2 [aggregation then communication] ---
--- client 3 in epoch 2 [aggregation then communication] ---
--- client 4 in epoch 2 [aggregation then communication] ---
--- client 5 in epoch 2 [aggregation then communication] ---
--- client 6 in epoch 2 [aggregation then communication] ---
--- client 7 in epoch 2 [aggregation then communication] ---
--- client 8 in epoch 2 [aggregation then communication] ---
--- client 9 in epoch 2 [aggregation then communication] ---
--- global epoch 2: global acc = 41.83% ---
--- local epoch 2: local acc = [C0:88.34%, C1:90.24%, C2:90.32%, C3:89.74%, C4:88.69%, C5:90.01%, C6:88.58%, C7:89.70%, C8:90.08%, C9:90.54%] ---

--- global epoch 3/60 ---
--- At epoch 3, learning rate decays to 0.009604 ---
--- client 0 in epoch 3 [aggregation then communication] ---
--- client 1 in epoch 3 [aggregation then communication] ---
--- client 2 in epoch 3 [aggregation then communication] ---
--- client 3 in epoch 3 [aggregation then communication] ---
--- client 4 in epoch 3 [aggregation then communication] ---
--- client 5 in epoch 3 [aggregation then communication] ---
--- client 6 in epoch 3 [aggregation then communication] ---
--- client 7 in epoch 3 [aggregation then communication] ---
--- client 8 in epoch 3 [aggregation then communication] ---
--- client 9 in epoch 3 [aggregation then communication] ---
--- global epoch 3: global acc = 50.39% ---
--- local epoch 3: local acc = [C0:93.92%, C1:94.78%, C2:94.13%, C3:93.96%, C4:94.62%, C5:95.75%, C6:94.49%, C7:94.71%, C8:94.78%, C9:94.50%] ---

--- global epoch 4/60 ---
--- At epoch 4, learning rate decays to 0.009412 ---
--- client 0 in epoch 4 [aggregation then communication] ---
--- client 1 in epoch 4 [aggregation then communication] ---
--- client 2 in epoch 4 [aggregation then communication] ---
--- client 3 in epoch 4 [aggregation then communication] ---
--- client 4 in epoch 4 [aggregation then communication] ---
--- client 5 in epoch 4 [aggregation then communication] ---
--- client 6 in epoch 4 [aggregation then communication] ---
--- client 7 in epoch 4 [aggregation then communication] ---
--- client 8 in epoch 4 [aggregation then communication] ---
--- client 9 in epoch 4 [aggregation then communication] ---
--- global epoch 4: global acc = 69.46% ---
--- local epoch 4: local acc = [C0:97.59%, C1:96.36%, C2:96.00%, C3:99.37%, C4:95.94%, C5:96.20%, C6:96.21%, C7:96.02%, C8:96.34%, C9:96.19%] ---

--- global epoch 5/60 ---
--- At epoch 5, learning rate decays to 0.009224 ---
--- client 0 in epoch 5 [aggregation then communication] ---
--- client 1 in epoch 5 [aggregation then communication] ---
--- client 2 in epoch 5 [aggregation then communication] ---
--- client 3 in epoch 5 [aggregation then communication] ---
--- client 4 in epoch 5 [aggregation then communication] ---
--- client 5 in epoch 5 [aggregation then communication] ---
--- client 6 in epoch 5 [aggregation then communication] ---
--- client 7 in epoch 5 [aggregation then communication] ---
--- client 8 in epoch 5 [aggregation then communication] ---
--- client 9 in epoch 5 [aggregation then communication] ---
--- global epoch 5: global acc = 86.53% ---
--- local epoch 5: local acc = [C0:96.75%, C1:97.43%, C2:96.96%, C3:96.79%, C4:97.74%, C5:96.95%, C6:97.37%, C7:97.00%, C8:97.19%, C9:97.42%] ---

--- global epoch 6/60 ---
--- At epoch 6, learning rate decays to 0.009039 ---
--- client 0 in epoch 6 [aggregation then communication] ---
--- client 1 in epoch 6 [aggregation then communication] ---
--- client 2 in epoch 6 [aggregation then communication] ---
--- client 3 in epoch 6 [aggregation then communication] ---
--- client 4 in epoch 6 [aggregation then communication] ---
--- client 5 in epoch 6 [aggregation then communication] ---
--- client 6 in epoch 6 [aggregation then communication] ---
--- client 7 in epoch 6 [aggregation then communication] ---
--- client 8 in epoch 6 [aggregation then communication] ---
--- client 9 in epoch 6 [aggregation then communication] ---
--- global epoch 6: global acc = 89.19% ---
--- local epoch 6: local acc = [C0:97.93%, C1:98.10%, C2:97.80%, C3:97.54%, C4:97.72%, C5:97.64%, C6:98.09%, C7:97.49%, C8:97.69%, C9:97.83%] ---

--- global epoch 7/60 ---
--- At epoch 7, learning rate decays to 0.008858 ---
--- client 0 in epoch 7 [aggregation then communication] ---
--- client 1 in epoch 7 [aggregation then communication] ---
--- client 2 in epoch 7 [aggregation then communication] ---
--- client 3 in epoch 7 [aggregation then communication] ---
--- client 4 in epoch 7 [aggregation then communication] ---
--- client 5 in epoch 7 [aggregation then communication] ---
--- client 6 in epoch 7 [aggregation then communication] ---
--- client 7 in epoch 7 [aggregation then communication] ---
--- client 8 in epoch 7 [aggregation then communication] ---
--- client 9 in epoch 7 [aggregation then communication] ---
--- global epoch 7: global acc = 89.05% ---
--- local epoch 7: local acc = [C0:97.96%, C1:98.45%, C2:98.86%, C3:98.07%, C4:98.22%, C5:97.91%, C6:98.01%, C7:97.98%, C8:98.36%, C9:98.25%] ---

--- global epoch 8/60 ---
--- At epoch 8, learning rate decays to 0.008681 ---
--- client 0 in epoch 8 [aggregation then communication] ---
--- client 1 in epoch 8 [aggregation then communication] ---
--- client 2 in epoch 8 [aggregation then communication] ---
--- client 3 in epoch 8 [aggregation then communication] ---
--- client 4 in epoch 8 [aggregation then communication] ---
--- client 5 in epoch 8 [aggregation then communication] ---
--- client 6 in epoch 8 [aggregation then communication] ---
--- client 7 in epoch 8 [aggregation then communication] ---
--- client 8 in epoch 8 [aggregation then communication] ---
--- client 9 in epoch 8 [aggregation then communication] ---
--- global epoch 8: global acc = 88.80% ---
--- local epoch 8: local acc = [C0:98.39%, C1:98.72%, C2:98.22%, C3:98.47%, C4:98.37%, C5:98.22%, C6:98.42%, C7:98.62%, C8:98.51%, C9:100.00%] ---

--- global epoch 9/60 ---
--- At epoch 9, learning rate decays to 0.008508 ---
--- client 0 in epoch 9 [aggregation then communication] ---
--- client 1 in epoch 9 [aggregation then communication] ---
--- client 2 in epoch 9 [aggregation then communication] ---
--- client 3 in epoch 9 [aggregation then communication] ---
--- client 4 in epoch 9 [aggregation then communication] ---
--- client 5 in epoch 9 [aggregation then communication] ---
--- client 6 in epoch 9 [aggregation then communication] ---
--- client 7 in epoch 9 [aggregation then communication] ---
--- client 8 in epoch 9 [aggregation then communication] ---
--- client 9 in epoch 9 [aggregation then communication] ---
--- global epoch 9: global acc = 90.02% ---
--- local epoch 9: local acc = [C0:98.48%, C1:98.83%, C2:98.61%, C3:98.69%, C4:98.41%, C5:98.53%, C6:98.58%, C7:98.60%, C8:98.57%, C9:98.44%] ---

--- global epoch 10/60 ---
--- At epoch 10, learning rate decays to 0.008337 ---
--- client 0 in epoch 10 [aggregation then communication] ---
--- client 1 in epoch 10 [aggregation then communication] ---
--- client 2 in epoch 10 [aggregation then communication] ---
--- client 3 in epoch 10 [aggregation then communication] ---
--- client 4 in epoch 10 [aggregation then communication] ---
--- client 5 in epoch 10 [aggregation then communication] ---
--- client 6 in epoch 10 [aggregation then communication] ---
--- client 7 in epoch 10 [aggregation then communication] ---
--- client 8 in epoch 10 [aggregation then communication] ---
--- client 9 in epoch 10 [aggregation then communication] ---
--- global epoch 10: global acc = 90.20% ---
--- local epoch 10: local acc = [C0:98.64%, C1:98.91%, C2:98.88%, C3:98.76%, C4:98.69%, C5:98.62%, C6:98.76%, C7:99.11%, C8:98.63%, C9:98.82%] ---

--- global epoch 11/60 ---
--- At epoch 11, learning rate decays to 0.008171 ---
--- client 0 in epoch 11 [aggregation then communication] ---
--- client 1 in epoch 11 [aggregation then communication] ---
--- client 2 in epoch 11 [aggregation then communication] ---
--- client 3 in epoch 11 [aggregation then communication] ---
--- client 4 in epoch 11 [aggregation then communication] ---
--- client 5 in epoch 11 [aggregation then communication] ---
--- client 6 in epoch 11 [aggregation then communication] ---
--- client 7 in epoch 11 [aggregation then communication] ---
--- client 8 in epoch 11 [aggregation then communication] ---
--- client 9 in epoch 11 [aggregation then communication] ---
--- global epoch 11: global acc = 90.09% ---
--- local epoch 11: local acc = [C0:98.86%, C1:99.04%, C2:98.90%, C3:98.84%, C4:98.80%, C5:98.92%, C6:99.01%, C7:98.89%, C8:98.86%, C9:100.00%] ---

--- global epoch 12/60 ---
--- At epoch 12, learning rate decays to 0.008007 ---
--- client 0 in epoch 12 [aggregation then communication] ---
--- client 1 in epoch 12 [aggregation then communication] ---
--- client 2 in epoch 12 [aggregation then communication] ---
--- client 3 in epoch 12 [aggregation then communication] ---
--- client 4 in epoch 12 [aggregation then communication] ---
--- client 5 in epoch 12 [aggregation then communication] ---
--- client 6 in epoch 12 [aggregation then communication] ---
--- client 7 in epoch 12 [aggregation then communication] ---
--- client 8 in epoch 12 [aggregation then communication] ---
--- client 9 in epoch 12 [aggregation then communication] ---
--- global epoch 12: global acc = 89.82% ---
--- local epoch 12: local acc = [C0:98.97%, C1:99.29%, C2:98.97%, C3:98.94%, C4:99.03%, C5:99.02%, C6:98.99%, C7:98.99%, C8:99.00%, C9:99.03%] ---

--- global epoch 13/60 ---
--- At epoch 13, learning rate decays to 0.007847 ---
--- client 0 in epoch 13 [aggregation then communication] ---
--- client 1 in epoch 13 [aggregation then communication] ---
--- client 2 in epoch 13 [aggregation then communication] ---
--- client 3 in epoch 13 [aggregation then communication] ---
--- client 4 in epoch 13 [aggregation then communication] ---
--- client 5 in epoch 13 [aggregation then communication] ---
--- client 6 in epoch 13 [aggregation then communication] ---
--- client 7 in epoch 13 [aggregation then communication] ---
--- client 8 in epoch 13 [aggregation then communication] ---
--- client 9 in epoch 13 [aggregation then communication] ---
--- global epoch 13: global acc = 90.18% ---
--- local epoch 13: local acc = [C0:99.22%, C1:99.18%, C2:99.25%, C3:99.03%, C4:99.08%, C5:99.21%, C6:99.09%, C7:99.22%, C8:99.18%, C9:99.28%] ---

--- global epoch 14/60 ---
--- At epoch 14, learning rate decays to 0.007690 ---
--- client 0 in epoch 14 [aggregation then communication] ---
--- client 1 in epoch 14 [aggregation then communication] ---
--- client 2 in epoch 14 [aggregation then communication] ---
--- client 3 in epoch 14 [aggregation then communication] ---
--- client 4 in epoch 14 [aggregation then communication] ---
--- client 5 in epoch 14 [aggregation then communication] ---
--- client 6 in epoch 14 [aggregation then communication] ---
--- client 7 in epoch 14 [aggregation then communication] ---
--- client 8 in epoch 14 [aggregation then communication] ---
--- client 9 in epoch 14 [aggregation then communication] ---
--- global epoch 14: global acc = 90.21% ---
--- local epoch 14: local acc = [C0:99.28%, C1:99.44%, C2:99.66%, C3:99.11%, C4:99.24%, C5:99.20%, C6:99.15%, C7:99.12%, C8:99.28%, C9:99.39%] ---

--- global epoch 15/60 ---
--- At epoch 15, learning rate decays to 0.007536 ---
--- client 0 in epoch 15 [aggregation then communication] ---
--- client 1 in epoch 15 [aggregation then communication] ---
--- client 2 in epoch 15 [aggregation then communication] ---
--- client 3 in epoch 15 [aggregation then communication] ---
--- client 4 in epoch 15 [aggregation then communication] ---
--- client 5 in epoch 15 [aggregation then communication] ---
--- client 6 in epoch 15 [aggregation then communication] ---
--- client 7 in epoch 15 [aggregation then communication] ---
--- client 8 in epoch 15 [aggregation then communication] ---
--- client 9 in epoch 15 [aggregation then communication] ---
--- global epoch 15: global acc = 90.50% ---
--- local epoch 15: local acc = [C0:99.17%, C1:99.29%, C2:99.42%, C3:99.20%, C4:99.36%, C5:99.30%, C6:99.27%, C7:99.18%, C8:99.33%, C9:99.33%] ---

--- global epoch 16/60 ---
--- At epoch 16, learning rate decays to 0.007386 ---
--- client 0 in epoch 16 [aggregation then communication] ---
--- client 1 in epoch 16 [aggregation then communication] ---
--- client 2 in epoch 16 [aggregation then communication] ---
--- client 3 in epoch 16 [aggregation then communication] ---
--- client 4 in epoch 16 [aggregation then communication] ---
--- client 5 in epoch 16 [aggregation then communication] ---
--- client 6 in epoch 16 [aggregation then communication] ---
--- client 7 in epoch 16 [aggregation then communication] ---
--- client 8 in epoch 16 [aggregation then communication] ---
--- client 9 in epoch 16 [aggregation then communication] ---
--- global epoch 16: global acc = 89.67% ---
--- local epoch 16: local acc = [C0:99.46%, C1:99.34%, C2:99.45%, C3:99.27%, C4:99.30%, C5:99.41%, C6:99.25%, C7:99.24%, C8:99.53%, C9:99.54%] ---

--- global epoch 17/60 ---
--- At epoch 17, learning rate decays to 0.007238 ---
--- client 0 in epoch 17 [aggregation then communication] ---
--- client 1 in epoch 17 [aggregation then communication] ---
--- client 2 in epoch 17 [aggregation then communication] ---
--- client 3 in epoch 17 [aggregation then communication] ---
--- client 4 in epoch 17 [aggregation then communication] ---
--- client 5 in epoch 17 [aggregation then communication] ---
--- client 6 in epoch 17 [aggregation then communication] ---
--- client 7 in epoch 17 [aggregation then communication] ---
--- client 8 in epoch 17 [aggregation then communication] ---
--- client 9 in epoch 17 [aggregation then communication] ---
--- global epoch 17: global acc = 90.53% ---
--- local epoch 17: local acc = [C0:99.42%, C1:99.73%, C2:99.40%, C3:99.45%, C4:99.44%, C5:99.49%, C6:99.32%, C7:99.41%, C8:99.50%, C9:99.69%] ---

--- global epoch 18/60 ---
--- At epoch 18, learning rate decays to 0.007093 ---
--- client 0 in epoch 18 [aggregation then communication] ---
--- client 1 in epoch 18 [aggregation then communication] ---
--- client 2 in epoch 18 [aggregation then communication] ---
--- client 3 in epoch 18 [aggregation then communication] ---
--- client 4 in epoch 18 [aggregation then communication] ---
--- client 5 in epoch 18 [aggregation then communication] ---
--- client 6 in epoch 18 [aggregation then communication] ---
--- client 7 in epoch 18 [aggregation then communication] ---
--- client 8 in epoch 18 [aggregation then communication] ---
--- client 9 in epoch 18 [aggregation then communication] ---
--- global epoch 18: global acc = 90.36% ---
--- local epoch 18: local acc = [C0:99.46%, C1:99.39%, C2:99.49%, C3:99.39%, C4:99.62%, C5:99.58%, C6:99.36%, C7:99.49%, C8:99.44%, C9:99.45%] ---

--- global epoch 19/60 ---
--- At epoch 19, learning rate decays to 0.006951 ---
--- client 0 in epoch 19 [aggregation then communication] ---
--- client 1 in epoch 19 [aggregation then communication] ---
--- client 2 in epoch 19 [aggregation then communication] ---
--- client 3 in epoch 19 [aggregation then communication] ---
--- client 4 in epoch 19 [aggregation then communication] ---
--- client 5 in epoch 19 [aggregation then communication] ---
--- client 6 in epoch 19 [aggregation then communication] ---
--- client 7 in epoch 19 [aggregation then communication] ---
--- client 8 in epoch 19 [aggregation then communication] ---
--- client 9 in epoch 19 [aggregation then communication] ---
--- global epoch 19: global acc = 89.74% ---
--- local epoch 19: local acc = [C0:99.52%, C1:99.65%, C2:99.53%, C3:99.41%, C4:99.44%, C5:99.49%, C6:99.76%, C7:99.54%, C8:99.54%, C9:99.69%] ---

--- global epoch 20/60 ---
--- At epoch 20, learning rate decays to 0.006812 ---
--- client 0 in epoch 20 [aggregation then communication] ---
--- client 1 in epoch 20 [aggregation then communication] ---
--- client 2 in epoch 20 [aggregation then communication] ---
--- client 3 in epoch 20 [aggregation then communication] ---
--- client 4 in epoch 20 [aggregation then communication] ---
--- client 5 in epoch 20 [aggregation then communication] ---
--- client 6 in epoch 20 [aggregation then communication] ---
--- client 7 in epoch 20 [aggregation then communication] ---
--- client 8 in epoch 20 [aggregation then communication] ---
--- client 9 in epoch 20 [aggregation then communication] ---
--- global epoch 20: global acc = 90.34% ---
--- local epoch 20: local acc = [C0:99.56%, C1:99.47%, C2:99.53%, C3:99.51%, C4:99.61%, C5:99.58%, C6:99.41%, C7:99.51%, C8:99.53%, C9:99.58%] ---

--- global epoch 21/60 ---
--- At epoch 21, learning rate decays to 0.006676 ---
--- client 0 in epoch 21 [aggregation then communication] ---
--- client 1 in epoch 21 [aggregation then communication] ---
--- client 2 in epoch 21 [aggregation then communication] ---
--- client 3 in epoch 21 [aggregation then communication] ---
--- client 4 in epoch 21 [aggregation then communication] ---
--- client 5 in epoch 21 [aggregation then communication] ---
--- client 6 in epoch 21 [aggregation then communication] ---
--- client 7 in epoch 21 [aggregation then communication] ---
--- client 8 in epoch 21 [aggregation then communication] ---
--- client 9 in epoch 21 [aggregation then communication] ---
--- global epoch 21: global acc = 90.11% ---
--- local epoch 21: local acc = [C0:99.58%, C1:99.52%, C2:99.61%, C3:99.74%, C4:99.82%, C5:99.53%, C6:99.53%, C7:99.64%, C8:99.64%, C9:99.68%] ---

--- global epoch 22/60 ---
--- At epoch 22, learning rate decays to 0.006543 ---
--- client 0 in epoch 22 [aggregation then communication] ---
--- client 1 in epoch 22 [aggregation then communication] ---
--- client 2 in epoch 22 [aggregation then communication] ---
--- client 3 in epoch 22 [aggregation then communication] ---
--- client 4 in epoch 22 [aggregation then communication] ---
--- client 5 in epoch 22 [aggregation then communication] ---
--- client 6 in epoch 22 [aggregation then communication] ---
--- client 7 in epoch 22 [aggregation then communication] ---
--- client 8 in epoch 22 [aggregation then communication] ---
--- client 9 in epoch 22 [aggregation then communication] ---
--- global epoch 22: global acc = 89.55% ---
--- local epoch 22: local acc = [C0:99.65%, C1:99.53%, C2:99.58%, C3:99.53%, C4:99.76%, C5:99.68%, C6:99.62%, C7:100.00%, C8:99.71%, C9:99.68%] ---

--- global epoch 23/60 ---
--- At epoch 23, learning rate decays to 0.006412 ---
--- client 0 in epoch 23 [aggregation then communication] ---
--- client 1 in epoch 23 [aggregation then communication] ---
--- client 2 in epoch 23 [aggregation then communication] ---
--- client 3 in epoch 23 [aggregation then communication] ---
--- client 4 in epoch 23 [aggregation then communication] ---
--- client 5 in epoch 23 [aggregation then communication] ---
--- client 6 in epoch 23 [aggregation then communication] ---
--- client 7 in epoch 23 [aggregation then communication] ---
--- client 8 in epoch 23 [aggregation then communication] ---
--- client 9 in epoch 23 [aggregation then communication] ---
--- global epoch 23: global acc = 90.67% ---
--- local epoch 23: local acc = [C0:99.67%, C1:99.64%, C2:99.74%, C3:99.63%, C4:99.80%, C5:99.70%, C6:99.76%, C7:99.66%, C8:99.70%, C9:99.82%] ---

--- global epoch 24/60 ---
--- At epoch 24, learning rate decays to 0.006283 ---
--- client 0 in epoch 24 [aggregation then communication] ---
--- client 1 in epoch 24 [aggregation then communication] ---
--- client 2 in epoch 24 [aggregation then communication] ---
--- client 3 in epoch 24 [aggregation then communication] ---
--- client 4 in epoch 24 [aggregation then communication] ---
--- client 5 in epoch 24 [aggregation then communication] ---
--- client 6 in epoch 24 [aggregation then communication] ---
--- client 7 in epoch 24 [aggregation then communication] ---
--- client 8 in epoch 24 [aggregation then communication] ---
--- client 9 in epoch 24 [aggregation then communication] ---
--- global epoch 24: global acc = 89.92% ---
--- local epoch 24: local acc = [C0:99.67%, C1:99.71%, C2:99.75%, C3:99.70%, C4:99.77%, C5:99.64%, C6:99.58%, C7:99.82%, C8:99.73%, C9:99.72%] ---

--- global epoch 25/60 ---
--- At epoch 25, learning rate decays to 0.006158 ---
--- client 0 in epoch 25 [aggregation then communication] ---
--- client 1 in epoch 25 [aggregation then communication] ---
--- client 2 in epoch 25 [aggregation then communication] ---
--- client 3 in epoch 25 [aggregation then communication] ---
--- client 4 in epoch 25 [aggregation then communication] ---
--- client 5 in epoch 25 [aggregation then communication] ---
--- client 6 in epoch 25 [aggregation then communication] ---
--- client 7 in epoch 25 [aggregation then communication] ---
--- client 8 in epoch 25 [aggregation then communication] ---
--- client 9 in epoch 25 [aggregation then communication] ---
--- global epoch 25: global acc = 90.11% ---
--- local epoch 25: local acc = [C0:99.72%, C1:99.75%, C2:99.68%, C3:99.67%, C4:99.80%, C5:99.77%, C6:99.69%, C7:99.69%, C8:99.69%, C9:99.67%] ---

--- global epoch 26/60 ---
--- At epoch 26, learning rate decays to 0.006035 ---
--- client 0 in epoch 26 [aggregation then communication] ---
--- client 1 in epoch 26 [aggregation then communication] ---
--- client 2 in epoch 26 [aggregation then communication] ---
--- client 3 in epoch 26 [aggregation then communication] ---
--- client 4 in epoch 26 [aggregation then communication] ---
--- client 5 in epoch 26 [aggregation then communication] ---
--- client 6 in epoch 26 [aggregation then communication] ---
--- client 7 in epoch 26 [aggregation then communication] ---
--- client 8 in epoch 26 [aggregation then communication] ---
--- client 9 in epoch 26 [aggregation then communication] ---
--- global epoch 26: global acc = 90.27% ---
--- local epoch 26: local acc = [C0:99.74%, C1:99.82%, C2:99.82%, C3:99.78%, C4:99.79%, C5:99.77%, C6:99.73%, C7:99.80%, C8:99.92%, C9:99.83%] ---

--- global epoch 27/60 ---
--- At epoch 27, learning rate decays to 0.005914 ---
--- client 0 in epoch 27 [aggregation then communication] ---
--- client 1 in epoch 27 [aggregation then communication] ---
--- client 2 in epoch 27 [aggregation then communication] ---
--- client 3 in epoch 27 [aggregation then communication] ---
--- client 4 in epoch 27 [aggregation then communication] ---
--- client 5 in epoch 27 [aggregation then communication] ---
--- client 6 in epoch 27 [aggregation then communication] ---
--- client 7 in epoch 27 [aggregation then communication] ---
--- client 8 in epoch 27 [aggregation then communication] ---
--- client 9 in epoch 27 [aggregation then communication] ---
--- global epoch 27: global acc = 90.92% ---
--- local epoch 27: local acc = [C0:99.77%, C1:99.76%, C2:99.73%, C3:99.87%, C4:99.86%, C5:99.73%, C6:99.95%, C7:99.92%, C8:99.78%, C9:99.89%] ---

--- global epoch 28/60 ---
--- At epoch 28, learning rate decays to 0.005796 ---
--- client 0 in epoch 28 [aggregation then communication] ---
--- client 1 in epoch 28 [aggregation then communication] ---
--- client 2 in epoch 28 [aggregation then communication] ---
--- client 3 in epoch 28 [aggregation then communication] ---
--- client 4 in epoch 28 [aggregation then communication] ---
--- client 5 in epoch 28 [aggregation then communication] ---
--- client 6 in epoch 28 [aggregation then communication] ---
--- client 7 in epoch 28 [aggregation then communication] ---
--- client 8 in epoch 28 [aggregation then communication] ---
--- client 9 in epoch 28 [aggregation then communication] ---
--- global epoch 28: global acc = 90.69% ---
--- local epoch 28: local acc = [C0:99.72%, C1:99.81%, C2:99.81%, C3:99.83%, C4:99.92%, C5:99.95%, C6:99.77%, C7:99.83%, C8:99.92%, C9:99.82%] ---

--- global epoch 29/60 ---
--- At epoch 29, learning rate decays to 0.005680 ---
--- client 0 in epoch 29 [aggregation then communication] ---
--- client 1 in epoch 29 [aggregation then communication] ---
--- client 2 in epoch 29 [aggregation then communication] ---
--- client 3 in epoch 29 [aggregation then communication] ---
--- client 4 in epoch 29 [aggregation then communication] ---
--- client 5 in epoch 29 [aggregation then communication] ---
--- client 6 in epoch 29 [aggregation then communication] ---
--- client 7 in epoch 29 [aggregation then communication] ---
--- client 8 in epoch 29 [aggregation then communication] ---
--- client 9 in epoch 29 [aggregation then communication] ---
--- global epoch 29: global acc = 90.93% ---
--- local epoch 29: local acc = [C0:99.92%, C1:99.92%, C2:99.87%, C3:99.96%, C4:99.84%, C5:99.92%, C6:99.82%, C7:99.95%, C8:99.91%, C9:99.95%] ---

--- global epoch 30/60 ---
--- At epoch 30, learning rate decays to 0.005566 ---
--- client 0 in epoch 30 [aggregation then communication] ---
--- client 1 in epoch 30 [aggregation then communication] ---
--- client 2 in epoch 30 [aggregation then communication] ---
--- client 3 in epoch 30 [aggregation then communication] ---
--- client 4 in epoch 30 [aggregation then communication] ---
--- client 5 in epoch 30 [aggregation then communication] ---
--- client 6 in epoch 30 [aggregation then communication] ---
--- client 7 in epoch 30 [aggregation then communication] ---
--- client 8 in epoch 30 [aggregation then communication] ---
--- client 9 in epoch 30 [aggregation then communication] ---
--- global epoch 30: global acc = 91.03% ---
--- local epoch 30: local acc = [C0:100.00%, C1:99.94%, C2:100.00%, C3:99.98%, C4:99.88%, C5:99.94%, C6:99.97%, C7:99.84%, C8:99.88%, C9:99.92%] ---

--- global epoch 31/60 ---
--- At epoch 31, learning rate decays to 0.005455 ---
--- client 0 in epoch 31 [aggregation then communication] ---
--- client 1 in epoch 31 [aggregation then communication] ---
--- client 2 in epoch 31 [aggregation then communication] ---
--- client 3 in epoch 31 [aggregation then communication] ---
--- client 4 in epoch 31 [aggregation then communication] ---
--- client 5 in epoch 31 [aggregation then communication] ---
--- client 6 in epoch 31 [aggregation then communication] ---
--- client 7 in epoch 31 [aggregation then communication] ---
--- client 8 in epoch 31 [aggregation then communication] ---
--- client 9 in epoch 31 [aggregation then communication] ---
--- global epoch 31: global acc = 90.28% ---
--- local epoch 31: local acc = [C0:99.73%, C1:99.97%, C2:99.76%, C3:99.82%, C4:99.77%, C5:99.99%, C6:99.94%, C7:99.88%, C8:99.87%, C9:100.00%] ---

--- global epoch 32/60 ---
--- At epoch 32, learning rate decays to 0.005346 ---
--- client 0 in epoch 32 [aggregation then communication] ---
--- client 1 in epoch 32 [aggregation then communication] ---
--- client 2 in epoch 32 [aggregation then communication] ---
--- client 3 in epoch 32 [aggregation then communication] ---
--- client 4 in epoch 32 [aggregation then communication] ---
--- client 5 in epoch 32 [aggregation then communication] ---
--- client 6 in epoch 32 [aggregation then communication] ---
--- client 7 in epoch 32 [aggregation then communication] ---
--- client 8 in epoch 32 [aggregation then communication] ---
--- client 9 in epoch 32 [aggregation then communication] ---
--- global epoch 32: global acc = 91.18% ---
--- local epoch 32: local acc = [C0:100.00%, C1:100.00%, C2:99.93%, C3:99.97%, C4:99.96%, C5:99.86%, C6:99.86%, C7:99.89%, C8:99.99%, C9:99.88%] ---

--- global epoch 33/60 ---
--- At epoch 33, learning rate decays to 0.005239 ---
--- client 0 in epoch 33 [aggregation then communication] ---
--- client 1 in epoch 33 [aggregation then communication] ---
--- client 2 in epoch 33 [aggregation then communication] ---
--- client 3 in epoch 33 [aggregation then communication] ---
--- client 4 in epoch 33 [aggregation then communication] ---
--- client 5 in epoch 33 [aggregation then communication] ---
--- client 6 in epoch 33 [aggregation then communication] ---
--- client 7 in epoch 33 [aggregation then communication] ---
--- client 8 in epoch 33 [aggregation then communication] ---
--- client 9 in epoch 33 [aggregation then communication] ---
--- global epoch 33: global acc = 90.63% ---
--- local epoch 33: local acc = [C0:99.89%, C1:99.92%, C2:99.97%, C3:99.95%, C4:99.99%, C5:99.99%, C6:99.95%, C7:99.92%, C8:99.90%, C9:100.00%] ---

--- global epoch 34/60 ---
--- At epoch 34, learning rate decays to 0.005134 ---
--- client 0 in epoch 34 [aggregation then communication] ---
--- client 1 in epoch 34 [aggregation then communication] ---
--- client 2 in epoch 34 [aggregation then communication] ---
--- client 3 in epoch 34 [aggregation then communication] ---
--- client 4 in epoch 34 [aggregation then communication] ---
--- client 5 in epoch 34 [aggregation then communication] ---
--- client 6 in epoch 34 [aggregation then communication] ---
--- client 7 in epoch 34 [aggregation then communication] ---
--- client 8 in epoch 34 [aggregation then communication] ---
--- client 9 in epoch 34 [aggregation then communication] ---
--- global epoch 34: global acc = 90.61% ---
--- local epoch 34: local acc = [C0:99.91%, C1:100.00%, C2:100.00%, C3:99.99%, C4:100.00%, C5:99.99%, C6:99.89%, C7:100.00%, C8:99.96%, C9:99.97%] ---

--- global epoch 35/60 ---
--- At epoch 35, learning rate decays to 0.005031 ---
--- client 0 in epoch 35 [aggregation then communication] ---
--- client 1 in epoch 35 [aggregation then communication] ---
--- client 2 in epoch 35 [aggregation then communication] ---
--- client 3 in epoch 35 [aggregation then communication] ---
--- client 4 in epoch 35 [aggregation then communication] ---
--- client 5 in epoch 35 [aggregation then communication] ---
--- client 6 in epoch 35 [aggregation then communication] ---
--- client 7 in epoch 35 [aggregation then communication] ---
--- client 8 in epoch 35 [aggregation then communication] ---
--- client 9 in epoch 35 [aggregation then communication] ---
--- global epoch 35: global acc = 91.07% ---
--- local epoch 35: local acc = [C0:100.00%, C1:100.00%, C2:99.99%, C3:99.98%, C4:99.91%, C5:100.00%, C6:99.99%, C7:99.96%, C8:99.97%, C9:100.00%] ---

--- global epoch 36/60 ---
--- At epoch 36, learning rate decays to 0.004931 ---
--- client 0 in epoch 36 [aggregation then communication] ---
--- client 1 in epoch 36 [aggregation then communication] ---
--- client 2 in epoch 36 [aggregation then communication] ---
--- client 3 in epoch 36 [aggregation then communication] ---
--- client 4 in epoch 36 [aggregation then communication] ---
--- client 5 in epoch 36 [aggregation then communication] ---
--- client 6 in epoch 36 [aggregation then communication] ---
--- client 7 in epoch 36 [aggregation then communication] ---
--- client 8 in epoch 36 [aggregation then communication] ---
--- client 9 in epoch 36 [aggregation then communication] ---
--- global epoch 36: global acc = 90.99% ---
--- local epoch 36: local acc = [C0:100.00%, C1:100.00%, C2:100.00%, C3:100.00%, C4:100.00%, C5:100.00%, C6:100.00%, C7:100.00%, C8:100.00%, C9:100.00%] ---

--- global epoch 37/60 ---
--- At epoch 37, learning rate decays to 0.004832 ---
--- client 0 in epoch 37 [aggregation then communication] ---
--- client 1 in epoch 37 [aggregation then communication] ---
--- client 2 in epoch 37 [aggregation then communication] ---
--- client 3 in epoch 37 [aggregation then communication] ---
--- client 4 in epoch 37 [aggregation then communication] ---
--- client 5 in epoch 37 [aggregation then communication] ---
--- client 6 in epoch 37 [aggregation then communication] ---
--- client 7 in epoch 37 [aggregation then communication] ---
--- client 8 in epoch 37 [aggregation then communication] ---
--- client 9 in epoch 37 [aggregation then communication] ---
--- global epoch 37: global acc = 91.27% ---
--- local epoch 37: local acc = [C0:100.00%, C1:100.00%, C2:100.00%, C3:100.00%, C4:100.00%, C5:99.96%, C6:100.00%, C7:100.00%, C8:100.00%, C9:100.00%] ---

--- global epoch 38/60 ---
--- At epoch 38, learning rate decays to 0.004735 ---
--- client 0 in epoch 38 [aggregation then communication] ---
--- client 1 in epoch 38 [aggregation then communication] ---
--- client 2 in epoch 38 [aggregation then communication] ---
--- client 3 in epoch 38 [aggregation then communication] ---
--- client 4 in epoch 38 [aggregation then communication] ---
--- client 5 in epoch 38 [aggregation then communication] ---
--- client 6 in epoch 38 [aggregation then communication] ---
--- client 7 in epoch 38 [aggregation then communication] ---
--- client 8 in epoch 38 [aggregation then communication] ---
--- client 9 in epoch 38 [aggregation then communication] ---
--- global epoch 38: global acc = 91.29% ---
--- local epoch 38: local acc = [C0:100.00%, C1:100.00%, C2:100.00%, C3:100.00%, C4:100.00%, C5:100.00%, C6:100.00%, C7:100.00%, C8:100.00%, C9:100.00%] ---

--- global epoch 39/60 ---
--- At epoch 39, learning rate decays to 0.004641 ---
--- client 0 in epoch 39 [aggregation then communication] ---
--- client 1 in epoch 39 [aggregation then communication] ---
--- client 2 in epoch 39 [aggregation then communication] ---
--- client 3 in epoch 39 [aggregation then communication] ---
--- client 4 in epoch 39 [aggregation then communication] ---
--- client 5 in epoch 39 [aggregation then communication] ---
--- client 6 in epoch 39 [aggregation then communication] ------ client 7 in epoch 39 [aggregation then communication] ---

--- client 8 in epoch 39 [aggregation then communication] ---
--- client 9 in epoch 39 [aggregation then communication] ---
--- global epoch 39: global acc = 91.27% ---
--- local epoch 39: local acc = [C0:100.00%, C1:100.00%, C2:100.00%, C3:100.00%, C4:100.00%, C5:100.00%, C6:100.00%, C7:100.00%, C8:100.00%, C9:100.00%] ---

--- global epoch 40/60 ---
--- At epoch 40, learning rate decays to 0.004548 ---
--- client 0 in epoch 40 [aggregation then communication] ---
--- client 1 in epoch 40 [aggregation then communication] ---
--- client 2 in epoch 40 [aggregation then communication] ---
--- client 3 in epoch 40 [aggregation then communication] ---
--- client 4 in epoch 40 [aggregation then communication] ---
--- client 5 in epoch 40 [aggregation then communication] ---
--- client 6 in epoch 40 [aggregation then communication] ---
--- client 7 in epoch 40 [aggregation then communication] ---
--- client 8 in epoch 40 [aggregation then communication] ---
--- client 9 in epoch 40 [aggregation then communication] ---
--- global epoch 40: global acc = 91.25% ---
--- local epoch 40: local acc = [C0:100.00%, C1:100.00%, C2:100.00%, C3:100.00%, C4:100.00%, C5:100.00%, C6:100.00%, C7:100.00%, C8:100.00%, C9:100.00%] ---

--- global epoch 41/60 ---
--- At epoch 41, learning rate decays to 0.004457 ---
--- client 0 in epoch 41 [aggregation then communication] ---
--- client 1 in epoch 41 [aggregation then communication] ---
--- client 2 in epoch 41 [aggregation then communication] ---
--- client 3 in epoch 41 [aggregation then communication] ---
--- client 4 in epoch 41 [aggregation then communication] ---
--- client 5 in epoch 41 [aggregation then communication] ---
--- client 6 in epoch 41 [aggregation then communication] ---
--- client 7 in epoch 41 [aggregation then communication] ---
--- client 8 in epoch 41 [aggregation then communication] ---
--- client 9 in epoch 41 [aggregation then communication] ---
--- global epoch 41: global acc = 91.29% ---
--- local epoch 41: local acc = [C0:100.00%, C1:100.00%, C2:100.00%, C3:100.00%, C4:100.00%, C5:100.00%, C6:100.00%, C7:100.00%, C8:100.00%, C9:100.00%] ---

--- global epoch 42/60 ---
--- At epoch 42, learning rate decays to 0.004368 ---
--- client 0 in epoch 42 [aggregation then communication] ---
--- client 1 in epoch 42 [aggregation then communication] ---
--- client 2 in epoch 42 [aggregation then communication] ---
--- client 3 in epoch 42 [aggregation then communication] ---
--- client 4 in epoch 42 [aggregation then communication] ---
--- client 5 in epoch 42 [aggregation then communication] ---
--- client 6 in epoch 42 [aggregation then communication] ---
--- client 7 in epoch 42 [aggregation then communication] ---
--- client 8 in epoch 42 [aggregation then communication] ---
--- client 9 in epoch 42 [aggregation then communication] ---
--- global epoch 42: global acc = 91.25% ---
--- local epoch 42: local acc = [C0:100.00%, C1:100.00%, C2:100.00%, C3:100.00%, C4:100.00%, C5:100.00%, C6:100.00%, C7:100.00%, C8:100.00%, C9:100.00%] ---

--- global epoch 43/60 ---
--- At epoch 43, learning rate decays to 0.004281 ---
--- client 0 in epoch 43 [aggregation then communication] ---
--- client 1 in epoch 43 [aggregation then communication] ---
--- client 2 in epoch 43 [aggregation then communication] ---
--- client 3 in epoch 43 [aggregation then communication] ---
--- client 4 in epoch 43 [aggregation then communication] ---
--- client 5 in epoch 43 [aggregation then communication] ---
--- client 6 in epoch 43 [aggregation then communication] ---
--- client 7 in epoch 43 [aggregation then communication] ---
--- client 8 in epoch 43 [aggregation then communication] ---
--- client 9 in epoch 43 [aggregation then communication] ---
--- global epoch 43: global acc = 91.25% ---
--- local epoch 43: local acc = [C0:100.00%, C1:100.00%, C2:100.00%, C3:100.00%, C4:100.00%, C5:100.00%, C6:100.00%, C7:100.00%, C8:100.00%, C9:100.00%] ---

--- global epoch 44/60 ---
--- At epoch 44, learning rate decays to 0.004195 ---
--- client 0 in epoch 44 [aggregation then communication] ---
--- client 1 in epoch 44 [aggregation then communication] ---
--- client 2 in epoch 44 [aggregation then communication] ---
--- client 3 in epoch 44 [aggregation then communication] ---
--- client 4 in epoch 44 [aggregation then communication] ---
--- client 5 in epoch 44 [aggregation then communication] ---
--- client 6 in epoch 44 [aggregation then communication] ---
--- client 7 in epoch 44 [aggregation then communication] ---
--- client 8 in epoch 44 [aggregation then communication] ---
--- client 9 in epoch 44 [aggregation then communication] ---
--- global epoch 44: global acc = 91.26% ---
--- local epoch 44: local acc = [C0:100.00%, C1:100.00%, C2:100.00%, C3:100.00%, C4:100.00%, C5:100.00%, C6:100.00%, C7:100.00%, C8:100.00%, C9:100.00%] ---

--- global epoch 45/60 ---
--- At epoch 45, learning rate decays to 0.004111 ---
--- client 0 in epoch 45 [aggregation then communication] ---
--- client 1 in epoch 45 [aggregation then communication] ---
--- client 2 in epoch 45 [aggregation then communication] ---
--- client 3 in epoch 45 [aggregation then communication] ---
--- client 4 in epoch 45 [aggregation then communication] ---
--- client 5 in epoch 45 [aggregation then communication] ---
--- client 6 in epoch 45 [aggregation then communication] ---
--- client 7 in epoch 45 [aggregation then communication] ---
--- client 8 in epoch 45 [aggregation then communication] ---
--- client 9 in epoch 45 [aggregation then communication] ---
--- global epoch 45: global acc = 91.26% ---
--- local epoch 45: local acc = [C0:100.00%, C1:100.00%, C2:100.00%, C3:100.00%, C4:100.00%, C5:100.00%, C6:100.00%, C7:100.00%, C8:100.00%, C9:100.00%] ---

--- global epoch 46/60 ---
--- At epoch 46, learning rate decays to 0.004029 ---
--- client 0 in epoch 46 [aggregation then communication] ---
--- client 1 in epoch 46 [aggregation then communication] ---
--- client 2 in epoch 46 [aggregation then communication] ---
--- client 3 in epoch 46 [aggregation then communication] ---
--- client 4 in epoch 46 [aggregation then communication] ---
--- client 5 in epoch 46 [aggregation then communication] ---
--- client 6 in epoch 46 [aggregation then communication] ---
--- client 7 in epoch 46 [aggregation then communication] ---
--- client 8 in epoch 46 [aggregation then communication] ---
--- client 9 in epoch 46 [aggregation then communication] ---
--- global epoch 46: global acc = 91.25% ---
--- local epoch 46: local acc = [C0:100.00%, C1:100.00%, C2:100.00%, C3:100.00%, C4:100.00%, C5:100.00%, C6:100.00%, C7:100.00%, C8:100.00%, C9:100.00%] ---

--- global epoch 47/60 ---
--- At epoch 47, learning rate decays to 0.003948 ---
--- client 0 in epoch 47 [aggregation then communication] ---
--- client 1 in epoch 47 [aggregation then communication] ---
--- client 2 in epoch 47 [aggregation then communication] ---
--- client 3 in epoch 47 [aggregation then communication] ---
--- client 4 in epoch 47 [aggregation then communication] ---
--- client 5 in epoch 47 [aggregation then communication] ---
--- client 6 in epoch 47 [aggregation then communication] ---
--- client 7 in epoch 47 [aggregation then communication] ---
--- client 8 in epoch 47 [aggregation then communication] ------ client 9 in epoch 47 [aggregation then communication] ---

--- global epoch 47: global acc = 91.29% ---
--- local epoch 47: local acc = [C0:100.00%, C1:100.00%, C2:100.00%, C3:100.00%, C4:100.00%, C5:100.00%, C6:100.00%, C7:100.00%, C8:100.00%, C9:100.00%] ---

--- global epoch 48/60 ---
--- At epoch 48, learning rate decays to 0.003869 ---
--- client 0 in epoch 48 [aggregation then communication] ---
--- client 1 in epoch 48 [aggregation then communication] ---
--- client 2 in epoch 48 [aggregation then communication] ---
--- client 3 in epoch 48 [aggregation then communication] ---
--- client 4 in epoch 48 [aggregation then communication] ---
--- client 5 in epoch 48 [aggregation then communication] ---
--- client 6 in epoch 48 [aggregation then communication] ------ client 7 in epoch 48 [aggregation then communication] ---

--- client 8 in epoch 48 [aggregation then communication] ---
--- client 9 in epoch 48 [aggregation then communication] ---
--- global epoch 48: global acc = 91.25% ---
--- local epoch 48: local acc = [C0:100.00%, C1:100.00%, C2:100.00%, C3:100.00%, C4:100.00%, C5:100.00%, C6:100.00%, C7:100.00%, C8:100.00%, C9:100.00%] ---

--- global epoch 49/60 ---
--- At epoch 49, learning rate decays to 0.003792 ---
--- client 0 in epoch 49 [aggregation then communication] ---
--- client 1 in epoch 49 [aggregation then communication] ---
--- client 2 in epoch 49 [aggregation then communication] ---
--- client 3 in epoch 49 [aggregation then communication] ---
--- client 4 in epoch 49 [aggregation then communication] ---
--- client 5 in epoch 49 [aggregation then communication] ---
--- client 6 in epoch 49 [aggregation then communication] ---
--- client 7 in epoch 49 [aggregation then communication] ---
--- client 8 in epoch 49 [aggregation then communication] ---
--- client 9 in epoch 49 [aggregation then communication] ---
--- global epoch 49: global acc = 91.21% ---
--- local epoch 49: local acc = [C0:100.00%, C1:100.00%, C2:100.00%, C3:100.00%, C4:100.00%, C5:100.00%, C6:100.00%, C7:100.00%, C8:100.00%, C9:100.00%] ---

--- global epoch 50/60 ---
--- At epoch 50, learning rate decays to 0.003716 ---
--- client 0 in epoch 50 [aggregation then communication] ---
--- client 1 in epoch 50 [aggregation then communication] ---
--- client 2 in epoch 50 [aggregation then communication] ---
--- client 3 in epoch 50 [aggregation then communication] ---
--- client 4 in epoch 50 [aggregation then communication] ---
--- client 5 in epoch 50 [aggregation then communication] ---
--- client 6 in epoch 50 [aggregation then communication] ---
--- client 7 in epoch 50 [aggregation then communication] ---
--- client 8 in epoch 50 [aggregation then communication] ---
--- client 9 in epoch 50 [aggregation then communication] ---
--- global epoch 50: global acc = 91.26% ---
--- local epoch 50: local acc = [C0:100.00%, C1:100.00%, C2:100.00%, C3:100.00%, C4:100.00%, C5:100.00%, C6:100.00%, C7:100.00%, C8:100.00%, C9:100.00%] ---

--- global epoch 51/60 ---
--- At epoch 51, learning rate decays to 0.003642 ---
--- client 0 in epoch 51 [aggregation then communication] ---
--- client 1 in epoch 51 [aggregation then communication] ---
--- client 2 in epoch 51 [aggregation then communication] ---
--- client 3 in epoch 51 [aggregation then communication] ---
--- client 4 in epoch 51 [aggregation then communication] ---
--- client 5 in epoch 51 [aggregation then communication] ---
--- client 6 in epoch 51 [aggregation then communication] ------ client 7 in epoch 51 [aggregation then communication] ---

--- client 8 in epoch 51 [aggregation then communication] ---
--- client 9 in epoch 51 [aggregation then communication] ---
--- global epoch 51: global acc = 91.19% ---
--- local epoch 51: local acc = [C0:100.00%, C1:100.00%, C2:100.00%, C3:100.00%, C4:100.00%, C5:100.00%, C6:100.00%, C7:100.00%, C8:100.00%, C9:100.00%] ---

--- global epoch 52/60 ---
--- At epoch 52, learning rate decays to 0.003569 ---
--- client 0 in epoch 52 [aggregation then communication] ---
--- client 1 in epoch 52 [aggregation then communication] ---
--- client 2 in epoch 52 [aggregation then communication] ---
--- client 3 in epoch 52 [aggregation then communication] ---
--- client 4 in epoch 52 [aggregation then communication] ---
--- client 5 in epoch 52 [aggregation then communication] ---
--- client 6 in epoch 52 [aggregation then communication] ---
--- client 7 in epoch 52 [aggregation then communication] ---
--- client 8 in epoch 52 [aggregation then communication] ---
--- client 9 in epoch 52 [aggregation then communication] ---
--- global epoch 52: global acc = 91.25% ---
--- local epoch 52: local acc = [C0:100.00%, C1:100.00%, C2:100.00%, C3:100.00%, C4:100.00%, C5:100.00%, C6:100.00%, C7:100.00%, C8:100.00%, C9:100.00%] ---

--- global epoch 53/60 ---
--- At epoch 53, learning rate decays to 0.003497 ---
--- client 0 in epoch 53 [aggregation then communication] ---
--- client 1 in epoch 53 [aggregation then communication] ---
--- client 2 in epoch 53 [aggregation then communication] ---
--- client 3 in epoch 53 [aggregation then communication] ---
--- client 4 in epoch 53 [aggregation then communication] ---
--- client 5 in epoch 53 [aggregation then communication] ---
--- client 6 in epoch 53 [aggregation then communication] ---
--- client 7 in epoch 53 [aggregation then communication] ---
--- client 8 in epoch 53 [aggregation then communication] ---
--- client 9 in epoch 53 [aggregation then communication] ---
--- global epoch 53: global acc = 91.16% ---
--- local epoch 53: local acc = [C0:100.00%, C1:100.00%, C2:100.00%, C3:100.00%, C4:100.00%, C5:100.00%, C6:100.00%, C7:100.00%, C8:100.00%, C9:100.00%] ---

--- global epoch 54/60 ---
--- At epoch 54, learning rate decays to 0.003428 ---
--- client 0 in epoch 54 [aggregation then communication] ---
--- client 1 in epoch 54 [aggregation then communication] ---
--- client 2 in epoch 54 [aggregation then communication] ---
--- client 3 in epoch 54 [aggregation then communication] ---
--- client 4 in epoch 54 [aggregation then communication] ---
--- client 5 in epoch 54 [aggregation then communication] ---
--- client 6 in epoch 54 [aggregation then communication] ---
--- client 7 in epoch 54 [aggregation then communication] ---
--- client 8 in epoch 54 [aggregation then communication] ---
--- client 9 in epoch 54 [aggregation then communication] ---
--- global epoch 54: global acc = 91.26% ---
--- local epoch 54: local acc = [C0:100.00%, C1:100.00%, C2:100.00%, C3:100.00%, C4:100.00%, C5:100.00%, C6:100.00%, C7:100.00%, C8:100.00%, C9:100.00%] ---

--- global epoch 55/60 ---
--- At epoch 55, learning rate decays to 0.003359 ---
--- client 0 in epoch 55 [aggregation then communication] ---
--- client 1 in epoch 55 [aggregation then communication] ---
--- client 2 in epoch 55 [aggregation then communication] ---
--- client 3 in epoch 55 [aggregation then communication] ---
--- client 4 in epoch 55 [aggregation then communication] ---
--- client 5 in epoch 55 [aggregation then communication] ---
--- client 6 in epoch 55 [aggregation then communication] ---
--- client 7 in epoch 55 [aggregation then communication] ---
--- client 8 in epoch 55 [aggregation then communication] ---
--- client 9 in epoch 55 [aggregation then communication] ---
--- global epoch 55: global acc = 91.30% ---
--- local epoch 55: local acc = [C0:100.00%, C1:100.00%, C2:100.00%, C3:100.00%, C4:100.00%, C5:100.00%, C6:100.00%, C7:100.00%, C8:100.00%, C9:100.00%] ---

--- global epoch 56/60 ---
--- At epoch 56, learning rate decays to 0.003292 ---
--- client 0 in epoch 56 [aggregation then communication] ---
--- client 1 in epoch 56 [aggregation then communication] ---
--- client 2 in epoch 56 [aggregation then communication] ---
--- client 3 in epoch 56 [aggregation then communication] ---
--- client 4 in epoch 56 [aggregation then communication] ---
--- client 5 in epoch 56 [aggregation then communication] ---
--- client 6 in epoch 56 [aggregation then communication] ---
--- client 7 in epoch 56 [aggregation then communication] ---
--- client 8 in epoch 56 [aggregation then communication] ---
--- client 9 in epoch 56 [aggregation then communication] ---
--- global epoch 56: global acc = 91.29% ---
--- local epoch 56: local acc = [C0:100.00%, C1:100.00%, C2:100.00%, C3:100.00%, C4:100.00%, C5:100.00%, C6:100.00%, C7:100.00%, C8:100.00%, C9:100.00%] ---

--- global epoch 57/60 ---
--- At epoch 57, learning rate decays to 0.003226 ---
--- client 0 in epoch 57 [aggregation then communication] ---
--- client 1 in epoch 57 [aggregation then communication] ---
--- client 2 in epoch 57 [aggregation then communication] ---
--- client 3 in epoch 57 [aggregation then communication] ---
--- client 4 in epoch 57 [aggregation then communication] ---
--- client 5 in epoch 57 [aggregation then communication] ---
--- client 6 in epoch 57 [aggregation then communication] ---
--- client 7 in epoch 57 [aggregation then communication] ---
--- client 8 in epoch 57 [aggregation then communication] ---
--- client 9 in epoch 57 [aggregation then communication] ---
--- global epoch 57: global acc = 91.29% ---
--- local epoch 57: local acc = [C0:100.00%, C1:100.00%, C2:100.00%, C3:100.00%, C4:100.00%, C5:100.00%, C6:100.00%, C7:100.00%, C8:100.00%, C9:100.00%] ---

--- global epoch 58/60 ---
--- At epoch 58, learning rate decays to 0.003161 ---
--- client 0 in epoch 58 [aggregation then communication] ---
--- client 1 in epoch 58 [aggregation then communication] ---
--- client 2 in epoch 58 [aggregation then communication] ---
--- client 3 in epoch 58 [aggregation then communication] ---
--- client 4 in epoch 58 [aggregation then communication] ---
--- client 5 in epoch 58 [aggregation then communication] ---
--- client 6 in epoch 58 [aggregation then communication] ---
--- client 7 in epoch 58 [aggregation then communication] ---
--- client 8 in epoch 58 [aggregation then communication] ---
--- client 9 in epoch 58 [aggregation then communication] ---
--- global epoch 58: global acc = 91.30% ---
--- local epoch 58: local acc = [C0:100.00%, C1:100.00%, C2:100.00%, C3:100.00%, C4:100.00%, C5:100.00%, C6:100.00%, C7:100.00%, C8:100.00%, C9:100.00%] ---

--- global epoch 59/60 ---
--- At epoch 59, learning rate decays to 0.003098 ---
--- client 0 in epoch 59 [aggregation then communication] ---
--- client 1 in epoch 59 [aggregation then communication] ---
--- client 2 in epoch 59 [aggregation then communication] ---
--- client 3 in epoch 59 [aggregation then communication] ---
--- client 4 in epoch 59 [aggregation then communication] ---
--- client 5 in epoch 59 [aggregation then communication] ---
--- client 6 in epoch 59 [aggregation then communication] ---
--- client 7 in epoch 59 [aggregation then communication] ---
--- client 8 in epoch 59 [aggregation then communication] ---
--- client 9 in epoch 59 [aggregation then communication] ---
--- global epoch 59: global acc = 91.27% ---
--- local epoch 59: local acc = [C0:100.00%, C1:100.00%, C2:100.00%, C3:100.00%, C4:100.00%, C5:100.00%, C6:100.00%, C7:100.00%, C8:100.00%, C9:100.00%] ---

--- global epoch 60/60 ---
--- At epoch 60, learning rate decays to 0.003036 ---
--- client 0 in epoch 60 [aggregation then communication] ---
--- client 1 in epoch 60 [aggregation then communication] ---
--- client 2 in epoch 60 [aggregation then communication] ---
--- client 3 in epoch 60 [aggregation then communication] ---
--- client 4 in epoch 60 [aggregation then communication] ---
--- client 5 in epoch 60 [aggregation then communication] ---
--- client 6 in epoch 60 [aggregation then communication] ---
--- client 7 in epoch 60 [aggregation then communication] ---
--- client 8 in epoch 60 [aggregation then communication] ---
--- client 9 in epoch 60 [aggregation then communication] ---
--- global epoch 60: global acc = 91.32% ---
--- local epoch 60: local acc = [C0:100.00%, C1:100.00%, C2:100.00%, C3:100.00%, C4:100.00%, C5:100.00%, C6:100.00%, C7:100.00%, C8:100.00%, C9:100.00%] ---
Total runtime: 15097.72s (4:11:37)

 saving results
results save in C:\Users\Kong\Desktop\\decentralized_federated_learning-master\decentralized_federated_learning-master\res\clients_10-epochs_10-20250926_102206.json
