client 0 initial number of neighbors: 9
client 1 initial number of neighbors: 9
client 2 initial number of neighbors: 9
client 3 initial number of neighbors: 9
client 4 initial number of neighbors: 9
client 5 initial number of neighbors: 9
client 6 initial number of neighbors: 9
client 7 initial number of neighbors: 9
client 8 initial number of neighbors: 9
client 9 initial number of neighbors: 9

 training begins! (epoch-by-epoch parallel mode with global evaluation)

--- global epoch 1/60 ---
--- client 0 in epoch 1 [aggregation then communication] ---
--- client 1 in epoch 1 [aggregation then communication] ---
--- client 2 in epoch 1 [aggregation then communication] ------ client 3 in epoch 1 [aggregation then communication] ---

--- client 4 in epoch 1 [aggregation then communication] ---
--- client 5 in epoch 1 [aggregation then communication] ---
--- client 6 in epoch 1 [aggregation then communication] ---
--- client 7 in epoch 1 [aggregation then communication] ---
--- client 8 in epoch 1 [aggregation then communication] ---
--- client 9 in epoch 1 [aggregation then communication] ---
--- global epoch 1: global acc = 10.00% ---
--- local epoch 1: local acc = [C0:24.38%, C1:25.18%, C2:24.48%, C3:24.83%, C4:24.02%, C5:23.95%, C6:23.00%, C7:24.65%, C8:24.30%, C9:25.17%] ---

--- global epoch 2/60 ---
--- At epoch 2, learning rate decays to 0.004900 ---
--- client 0 in epoch 2 [aggregation then communication] ---
--- client 1 in epoch 2 [aggregation then communication] ---
--- client 2 in epoch 2 [aggregation then communication] ---
--- client 3 in epoch 2 [aggregation then communication] ---
--- client 4 in epoch 2 [aggregation then communication] ---
--- client 5 in epoch 2 [aggregation then communication] ---
--- client 6 in epoch 2 [aggregation then communication] ---
--- client 7 in epoch 2 [aggregation then communication] ---
--- client 8 in epoch 2 [aggregation then communication] ---
--- client 9 in epoch 2 [aggregation then communication] ---
--- global epoch 2: global acc = 22.02% ---
--- local epoch 2: local acc = [C0:27.02%, C1:26.67%, C2:26.52%, C3:25.92%, C4:24.25%, C5:25.37%, C6:25.62%, C7:26.67%, C8:25.93%, C9:27.05%] ---

--- global epoch 3/60 ---
--- At epoch 3, learning rate decays to 0.004802 ---
--- client 0 in epoch 3 [aggregation then communication] ---
--- client 1 in epoch 3 [aggregation then communication] ---
--- client 2 in epoch 3 [aggregation then communication] ---
--- client 3 in epoch 3 [aggregation then communication] ---
--- client 4 in epoch 3 [aggregation then communication] ---
--- client 5 in epoch 3 [aggregation then communication] ---
--- client 6 in epoch 3 [aggregation then communication] ---
--- client 7 in epoch 3 [aggregation then communication] ---
--- client 8 in epoch 3 [aggregation then communication] ---
--- client 9 in epoch 3 [aggregation then communication] ---
--- global epoch 3: global acc = 27.76% ---
--- local epoch 3: local acc = [C0:28.75%, C1:28.48%, C2:29.48%, C3:28.45%, C4:29.18%, C5:30.57%, C6:28.98%, C7:28.67%, C8:28.23%, C9:29.20%] ---

--- global epoch 4/60 ---
--- At epoch 4, learning rate decays to 0.004706 ---
--- client 0 in epoch 4 [aggregation then communication] ---
--- client 1 in epoch 4 [aggregation then communication] ---
--- client 2 in epoch 4 [aggregation then communication] ---
--- client 3 in epoch 4 [aggregation then communication] ---
--- client 4 in epoch 4 [aggregation then communication] ---
--- client 5 in epoch 4 [aggregation then communication] ---
--- client 6 in epoch 4 [aggregation then communication] ---
--- client 7 in epoch 4 [aggregation then communication] ---
--- client 8 in epoch 4 [aggregation then communication] ---
--- client 9 in epoch 4 [aggregation then communication] ---
--- global epoch 4: global acc = 30.19% ---
--- local epoch 4: local acc = [C0:31.95%, C1:31.60%, C2:31.28%, C3:30.65%, C4:31.40%, C5:30.58%, C6:30.48%, C7:30.05%, C8:30.45%, C9:33.62%] ---

--- global epoch 5/60 ---
--- At epoch 5, learning rate decays to 0.004612 ---
--- client 0 in epoch 5 [aggregation then communication] ---
--- client 1 in epoch 5 [aggregation then communication] ---
--- client 2 in epoch 5 [aggregation then communication] ---
--- client 3 in epoch 5 [aggregation then communication] ---
--- client 4 in epoch 5 [aggregation then communication] ---
--- client 5 in epoch 5 [aggregation then communication] ---
--- client 6 in epoch 5 [aggregation then communication] ---
--- client 7 in epoch 5 [aggregation then communication] ---
--- client 8 in epoch 5 [aggregation then communication] ---
--- client 9 in epoch 5 [aggregation then communication] ---
--- global epoch 5: global acc = 38.64% ---
--- local epoch 5: local acc = [C0:36.07%, C1:36.82%, C2:37.08%, C3:34.90%, C4:34.73%, C5:37.70%, C6:34.67%, C7:36.87%, C8:34.33%, C9:36.00%] ---

--- global epoch 6/60 ---
--- At epoch 6, learning rate decays to 0.004520 ---
--- client 0 in epoch 6 [aggregation then communication] ---
--- client 1 in epoch 6 [aggregation then communication] ---
--- client 2 in epoch 6 [aggregation then communication] ---
--- client 3 in epoch 6 [aggregation then communication] ---
--- client 4 in epoch 6 [aggregation then communication] ---
--- client 5 in epoch 6 [aggregation then communication] ---
--- client 6 in epoch 6 [aggregation then communication] ---
--- client 7 in epoch 6 [aggregation then communication] ---
--- client 8 in epoch 6 [aggregation then communication] ---
--- client 9 in epoch 6 [aggregation then communication] ---
--- global epoch 6: global acc = 43.58% ---
--- local epoch 6: local acc = [C0:42.63%, C1:40.82%, C2:42.07%, C3:40.12%, C4:40.88%, C5:41.55%, C6:40.73%, C7:40.62%, C8:41.32%, C9:41.15%] ---

--- global epoch 7/60 ---
--- At epoch 7, learning rate decays to 0.004429 ---
--- client 0 in epoch 7 [aggregation then communication] ---
--- client 1 in epoch 7 [aggregation then communication] ---
--- client 2 in epoch 7 [aggregation then communication] ---
--- client 3 in epoch 7 [aggregation then communication] ---
--- client 4 in epoch 7 [aggregation then communication] ---
--- client 5 in epoch 7 [aggregation then communication] ---
--- client 6 in epoch 7 [aggregation then communication] ---
--- client 7 in epoch 7 [aggregation then communication] ---
--- client 8 in epoch 7 [aggregation then communication] ---
--- client 9 in epoch 7 [aggregation then communication] ---
--- global epoch 7: global acc = 48.34% ---
--- local epoch 7: local acc = [C0:49.03%, C1:48.53%, C2:48.87%, C3:48.60%, C4:48.00%, C5:46.45%, C6:49.33%, C7:47.00%, C8:47.95%, C9:48.55%] ---

--- global epoch 8/60 ---
--- At epoch 8, learning rate decays to 0.004341 ---
--- client 0 in epoch 8 [aggregation then communication] ---
--- client 1 in epoch 8 [aggregation then communication] ---
--- client 2 in epoch 8 [aggregation then communication] ---
--- client 3 in epoch 8 [aggregation then communication] ---
--- client 4 in epoch 8 [aggregation then communication] ---
--- client 5 in epoch 8 [aggregation then communication] ---
--- client 6 in epoch 8 [aggregation then communication] ---
--- client 7 in epoch 8 [aggregation then communication] ---
--- client 8 in epoch 8 [aggregation then communication] ---
--- client 9 in epoch 8 [aggregation then communication] ---
--- global epoch 8: global acc = 53.74% ---
--- local epoch 8: local acc = [C0:53.50%, C1:53.98%, C2:54.48%, C3:53.02%, C4:54.07%, C5:53.18%, C6:53.25%, C7:51.73%, C8:52.85%, C9:53.72%] ---

--- global epoch 9/60 ---
--- At epoch 9, learning rate decays to 0.004254 ---
--- client 0 in epoch 9 [aggregation then communication] ---
--- client 1 in epoch 9 [aggregation then communication] ---
--- client 2 in epoch 9 [aggregation then communication] ---
--- client 3 in epoch 9 [aggregation then communication] ---
--- client 4 in epoch 9 [aggregation then communication] ---
--- client 5 in epoch 9 [aggregation then communication] ---
--- client 6 in epoch 9 [aggregation then communication] ---
--- client 7 in epoch 9 [aggregation then communication] ---
--- client 8 in epoch 9 [aggregation then communication] ---
--- client 9 in epoch 9 [aggregation then communication] ---
--- global epoch 9: global acc = 58.62% ---
--- local epoch 9: local acc = [C0:58.40%, C1:57.28%, C2:58.03%, C3:57.45%, C4:57.90%, C5:58.12%, C6:57.52%, C7:57.55%, C8:58.70%, C9:57.87%] ---

--- global epoch 10/60 ---
--- At epoch 10, learning rate decays to 0.004169 ---
--- client 0 in epoch 10 [aggregation then communication] ---
--- client 1 in epoch 10 [aggregation then communication] ---
--- client 2 in epoch 10 [aggregation then communication] ---
--- client 3 in epoch 10 [aggregation then communication] ---
--- client 4 in epoch 10 [aggregation then communication] ---
--- client 5 in epoch 10 [aggregation then communication] ---
--- client 6 in epoch 10 [aggregation then communication] ---
--- client 7 in epoch 10 [aggregation then communication] ---
--- client 8 in epoch 10 [aggregation then communication] ---
--- client 9 in epoch 10 [aggregation then communication] ---
--- global epoch 10: global acc = 62.53% ---
--- local epoch 10: local acc = [C0:61.80%, C1:60.77%, C2:61.82%, C3:60.50%, C4:60.87%, C5:62.53%, C6:61.40%, C7:61.07%, C8:62.57%, C9:62.18%] ---

--- global epoch 11/60 ---
--- At epoch 11, learning rate decays to 0.004085 ---
--- client 0 in epoch 11 [aggregation then communication] ---
--- client 1 in epoch 11 [aggregation then communication] ---
--- client 2 in epoch 11 [aggregation then communication] ---
--- client 3 in epoch 11 [aggregation then communication] ---
--- client 4 in epoch 11 [aggregation then communication] ---
--- client 5 in epoch 11 [aggregation then communication] ---
--- client 6 in epoch 11 [aggregation then communication] ---
--- client 7 in epoch 11 [aggregation then communication] ---
--- client 8 in epoch 11 [aggregation then communication] ---
--- client 9 in epoch 11 [aggregation then communication] ---
--- global epoch 11: global acc = 66.73% ---
--- local epoch 11: local acc = [C0:64.82%, C1:64.52%, C2:64.67%, C3:63.63%, C4:64.77%, C5:65.62%, C6:65.68%, C7:64.43%, C8:65.40%, C9:65.03%] ---

--- global epoch 12/60 ---
--- At epoch 12, learning rate decays to 0.004004 ---
--- client 0 in epoch 12 [aggregation then communication] ---
--- client 1 in epoch 12 [aggregation then communication] ---
--- client 2 in epoch 12 [aggregation then communication] ---
--- client 3 in epoch 12 [aggregation then communication] ---
--- client 4 in epoch 12 [aggregation then communication] ---
--- client 5 in epoch 12 [aggregation then communication] ---
--- client 6 in epoch 12 [aggregation then communication] ---
--- client 7 in epoch 12 [aggregation then communication] ---
--- client 8 in epoch 12 [aggregation then communication] ---
--- client 9 in epoch 12 [aggregation then communication] ---
--- global epoch 12: global acc = 67.60% ---
--- local epoch 12: local acc = [C0:67.55%, C1:67.02%, C2:67.22%, C3:66.72%, C4:67.28%, C5:68.07%, C6:68.38%, C7:67.07%, C8:67.82%, C9:67.53%] ---

--- global epoch 13/60 ---
--- At epoch 13, learning rate decays to 0.003924 ---
--- client 0 in epoch 13 [aggregation then communication] ---
--- client 1 in epoch 13 [aggregation then communication] ---
--- client 2 in epoch 13 [aggregation then communication] ---
--- client 3 in epoch 13 [aggregation then communication] ---
--- client 4 in epoch 13 [aggregation then communication] ---
--- client 5 in epoch 13 [aggregation then communication] ---
--- client 6 in epoch 13 [aggregation then communication] ---
--- client 7 in epoch 13 [aggregation then communication] ---
--- client 8 in epoch 13 [aggregation then communication] ---
--- client 9 in epoch 13 [aggregation then communication] ---
--- global epoch 13: global acc = 68.29% ---
--- local epoch 13: local acc = [C0:70.17%, C1:69.43%, C2:69.60%, C3:69.18%, C4:70.00%, C5:69.73%, C6:69.93%, C7:68.78%, C8:69.93%, C9:70.50%] ---

--- global epoch 14/60 ---
--- At epoch 14, learning rate decays to 0.003845 ---
--- client 0 in epoch 14 [aggregation then communication] ---
--- client 1 in epoch 14 [aggregation then communication] ---
--- client 2 in epoch 14 [aggregation then communication] ---
--- client 3 in epoch 14 [aggregation then communication] ---
--- client 4 in epoch 14 [aggregation then communication] ---
--- client 5 in epoch 14 [aggregation then communication] ---
--- client 6 in epoch 14 [aggregation then communication] ---
--- client 7 in epoch 14 [aggregation then communication] ---
--- client 8 in epoch 14 [aggregation then communication] ---
--- client 9 in epoch 14 [aggregation then communication] ---
--- global epoch 14: global acc = 73.45% ---
--- local epoch 14: local acc = [C0:72.13%, C1:71.63%, C2:72.27%, C3:70.43%, C4:71.68%, C5:72.90%, C6:71.90%, C7:71.05%, C8:72.22%, C9:72.30%] ---

--- global epoch 15/60 ---
--- At epoch 15, learning rate decays to 0.003768 ---
--- client 0 in epoch 15 [aggregation then communication] ---
--- client 1 in epoch 15 [aggregation then communication] ---
--- client 2 in epoch 15 [aggregation then communication] ---
--- client 3 in epoch 15 [aggregation then communication] ---
--- client 4 in epoch 15 [aggregation then communication] ---
--- client 5 in epoch 15 [aggregation then communication] ---
--- client 6 in epoch 15 [aggregation then communication] ---
--- client 7 in epoch 15 [aggregation then communication] ---
--- client 8 in epoch 15 [aggregation then communication] ---
--- client 9 in epoch 15 [aggregation then communication] ---
--- global epoch 15: global acc = 74.53% ---
--- local epoch 15: local acc = [C0:73.48%, C1:73.70%, C2:72.93%, C3:72.23%, C4:73.33%, C5:74.97%, C6:73.53%, C7:73.05%, C8:74.67%, C9:74.25%] ---

--- global epoch 16/60 ---
--- At epoch 16, learning rate decays to 0.003693 ---
--- client 0 in epoch 16 [aggregation then communication] ---
--- client 1 in epoch 16 [aggregation then communication] ---
--- client 2 in epoch 16 [aggregation then communication] ---
--- client 3 in epoch 16 [aggregation then communication] ---
--- client 4 in epoch 16 [aggregation then communication] ---
--- client 5 in epoch 16 [aggregation then communication] ---
--- client 6 in epoch 16 [aggregation then communication] ---
--- client 7 in epoch 16 [aggregation then communication] ---
--- client 8 in epoch 16 [aggregation then communication] ------ client 9 in epoch 16 [aggregation then communication] ---

--- global epoch 16: global acc = 74.51% ---
--- local epoch 16: local acc = [C0:75.05%, C1:74.97%, C2:74.77%, C3:74.45%, C4:75.75%, C5:75.08%, C6:75.18%, C7:74.82%, C8:75.50%, C9:74.92%] ---

--- global epoch 17/60 ---
--- At epoch 17, learning rate decays to 0.003619 ---
--- client 0 in epoch 17 [aggregation then communication] ---
--- client 1 in epoch 17 [aggregation then communication] ---
--- client 2 in epoch 17 [aggregation then communication] ---
--- client 3 in epoch 17 [aggregation then communication] ---
--- client 4 in epoch 17 [aggregation then communication] ---
--- client 5 in epoch 17 [aggregation then communication] ---
--- client 6 in epoch 17 [aggregation then communication] ---
--- client 7 in epoch 17 [aggregation then communication] ---
--- client 8 in epoch 17 [aggregation then communication] ---
--- client 9 in epoch 17 [aggregation then communication] ---
--- global epoch 17: global acc = 77.45% ---
--- local epoch 17: local acc = [C0:76.12%, C1:75.52%, C2:75.62%, C3:75.55%, C4:76.45%, C5:76.28%, C6:76.83%, C7:75.73%, C8:76.43%, C9:76.82%] ---

--- global epoch 18/60 ---
--- At epoch 18, learning rate decays to 0.003547 ---
--- client 0 in epoch 18 [aggregation then communication] ---
--- client 1 in epoch 18 [aggregation then communication] ---
--- client 2 in epoch 18 [aggregation then communication] ---
--- client 3 in epoch 18 [aggregation then communication] ---
--- client 4 in epoch 18 [aggregation then communication] ---
--- client 5 in epoch 18 [aggregation then communication] ---
--- client 6 in epoch 18 [aggregation then communication] ---
--- client 7 in epoch 18 [aggregation then communication] ---
--- client 8 in epoch 18 [aggregation then communication] ---
--- client 9 in epoch 18 [aggregation then communication] ---
--- global epoch 18: global acc = 78.00% ---
--- local epoch 18: local acc = [C0:77.23%, C1:77.30%, C2:76.38%, C3:76.23%, C4:77.97%, C5:78.13%, C6:77.87%, C7:77.10%, C8:77.47%, C9:77.05%] ---

--- global epoch 19/60 ---
--- At epoch 19, learning rate decays to 0.003476 ---
--- client 0 in epoch 19 [aggregation then communication] ---
--- client 1 in epoch 19 [aggregation then communication] ---
--- client 2 in epoch 19 [aggregation then communication] ---
--- client 3 in epoch 19 [aggregation then communication] ---
--- client 4 in epoch 19 [aggregation then communication] ---
--- client 5 in epoch 19 [aggregation then communication] ---
--- client 6 in epoch 19 [aggregation then communication] ---
--- client 7 in epoch 19 [aggregation then communication] ---
--- client 8 in epoch 19 [aggregation then communication] ---
--- client 9 in epoch 19 [aggregation then communication] ---
--- global epoch 19: global acc = 79.07% ---
--- local epoch 19: local acc = [C0:77.48%, C1:77.90%, C2:78.05%, C3:77.70%, C4:78.58%, C5:79.57%, C6:78.40%, C7:78.08%, C8:78.87%, C9:78.90%] ---

--- global epoch 20/60 ---
--- At epoch 20, learning rate decays to 0.003406 ---
--- client 0 in epoch 20 [aggregation then communication] ---
--- client 1 in epoch 20 [aggregation then communication] ---
--- client 2 in epoch 20 [aggregation then communication] ---
--- client 3 in epoch 20 [aggregation then communication] ---
--- client 4 in epoch 20 [aggregation then communication] ---
--- client 5 in epoch 20 [aggregation then communication] ---
--- client 6 in epoch 20 [aggregation then communication] ---
--- client 7 in epoch 20 [aggregation then communication] ---
--- client 8 in epoch 20 [aggregation then communication] ---
--- client 9 in epoch 20 [aggregation then communication] ---
--- global epoch 20: global acc = 79.52% ---
--- local epoch 20: local acc = [C0:78.77%, C1:79.83%, C2:78.57%, C3:78.43%, C4:79.03%, C5:79.77%, C6:79.97%, C7:79.45%, C8:79.78%, C9:79.07%] ---

--- global epoch 21/60 ---
--- At epoch 21, learning rate decays to 0.003338 ---
--- client 0 in epoch 21 [aggregation then communication] ---
--- client 1 in epoch 21 [aggregation then communication] ---
--- client 2 in epoch 21 [aggregation then communication] ---
--- client 3 in epoch 21 [aggregation then communication] ---
--- client 4 in epoch 21 [aggregation then communication] ---
--- client 5 in epoch 21 [aggregation then communication] ---
--- client 6 in epoch 21 [aggregation then communication] ---
--- client 7 in epoch 21 [aggregation then communication] ---
--- client 8 in epoch 21 [aggregation then communication] ---
--- client 9 in epoch 21 [aggregation then communication] ---
--- global epoch 21: global acc = 80.40% ---
--- local epoch 21: local acc = [C0:79.72%, C1:79.70%, C2:79.52%, C3:80.00%, C4:80.57%, C5:80.78%, C6:80.58%, C7:79.60%, C8:80.10%, C9:80.60%] ---

--- global epoch 22/60 ---
--- At epoch 22, learning rate decays to 0.003271 ---
--- client 0 in epoch 22 [aggregation then communication] ---
--- client 1 in epoch 22 [aggregation then communication] ---
--- client 2 in epoch 22 [aggregation then communication] ---
--- client 3 in epoch 22 [aggregation then communication] ---
--- client 4 in epoch 22 [aggregation then communication] ---
--- client 5 in epoch 22 [aggregation then communication] ---
--- client 6 in epoch 22 [aggregation then communication] ---
--- client 7 in epoch 22 [aggregation then communication] ---
--- client 8 in epoch 22 [aggregation then communication] ---
--- client 9 in epoch 22 [aggregation then communication] ---
--- global epoch 22: global acc = 80.86% ---
--- local epoch 22: local acc = [C0:79.93%, C1:79.72%, C2:80.32%, C3:80.63%, C4:81.38%, C5:81.65%, C6:81.35%, C7:80.53%, C8:80.88%, C9:80.82%] ---

--- global epoch 23/60 ---
--- At epoch 23, learning rate decays to 0.003206 ---
--- client 0 in epoch 23 [aggregation then communication] ---
--- client 1 in epoch 23 [aggregation then communication] ---
--- client 2 in epoch 23 [aggregation then communication] ---
--- client 3 in epoch 23 [aggregation then communication] ---
--- client 4 in epoch 23 [aggregation then communication] ---
--- client 5 in epoch 23 [aggregation then communication] ---
--- client 6 in epoch 23 [aggregation then communication] ---
--- client 7 in epoch 23 [aggregation then communication] ---
--- client 8 in epoch 23 [aggregation then communication] ---
--- client 9 in epoch 23 [aggregation then communication] ---
--- global epoch 23: global acc = 81.43% ---
--- local epoch 23: local acc = [C0:80.93%, C1:80.80%, C2:80.67%, C3:80.98%, C4:81.65%, C5:82.10%, C6:81.33%, C7:81.13%, C8:81.98%, C9:80.82%] ---

--- global epoch 24/60 ---
--- At epoch 24, learning rate decays to 0.003142 ---
--- client 0 in epoch 24 [aggregation then communication] ---
--- client 1 in epoch 24 [aggregation then communication] ---
--- client 2 in epoch 24 [aggregation then communication] ---
--- client 3 in epoch 24 [aggregation then communication] ---
--- client 4 in epoch 24 [aggregation then communication] ---
--- client 5 in epoch 24 [aggregation then communication] ---
--- client 6 in epoch 24 [aggregation then communication] ---
--- client 7 in epoch 24 [aggregation then communication] ---
--- client 8 in epoch 24 [aggregation then communication] ---
--- client 9 in epoch 24 [aggregation then communication] ---
--- global epoch 24: global acc = 81.79% ---
--- local epoch 24: local acc = [C0:81.90%, C1:82.03%, C2:81.12%, C3:81.60%, C4:82.53%, C5:82.73%, C6:82.15%, C7:81.97%, C8:82.00%, C9:81.93%] ---

--- global epoch 25/60 ---
--- At epoch 25, learning rate decays to 0.003079 ---
--- client 0 in epoch 25 [aggregation then communication] ---
--- client 1 in epoch 25 [aggregation then communication] ---
--- client 2 in epoch 25 [aggregation then communication] ---
--- client 3 in epoch 25 [aggregation then communication] ---
--- client 4 in epoch 25 [aggregation then communication] ---
--- client 5 in epoch 25 [aggregation then communication] ---
--- client 6 in epoch 25 [aggregation then communication] ------ client 7 in epoch 25 [aggregation then communication] ---

--- client 8 in epoch 25 [aggregation then communication] ---
--- client 9 in epoch 25 [aggregation then communication] ---
--- global epoch 25: global acc = 81.86% ---
--- local epoch 25: local acc = [C0:81.73%, C1:82.03%, C2:81.85%, C3:81.88%, C4:82.63%, C5:83.03%, C6:82.85%, C7:82.40%, C8:82.58%, C9:82.20%] ---

--- global epoch 26/60 ---
--- At epoch 26, learning rate decays to 0.003017 ---
--- client 0 in epoch 26 [aggregation then communication] ---
--- client 1 in epoch 26 [aggregation then communication] ---
--- client 2 in epoch 26 [aggregation then communication] ---
--- client 3 in epoch 26 [aggregation then communication] ---
--- client 4 in epoch 26 [aggregation then communication] ---
--- client 5 in epoch 26 [aggregation then communication] ---
--- client 6 in epoch 26 [aggregation then communication] ---
--- client 7 in epoch 26 [aggregation then communication] ---
--- client 8 in epoch 26 [aggregation then communication] ---
--- client 9 in epoch 26 [aggregation then communication] ---
--- global epoch 26: global acc = 82.60% ---
--- local epoch 26: local acc = [C0:82.15%, C1:82.30%, C2:81.73%, C3:82.30%, C4:82.50%, C5:83.72%, C6:83.13%, C7:82.65%, C8:82.67%, C9:82.37%] ---

--- global epoch 27/60 ---
--- At epoch 27, learning rate decays to 0.002957 ---
--- client 0 in epoch 27 [aggregation then communication] ---
--- client 1 in epoch 27 [aggregation then communication] ---
--- client 2 in epoch 27 [aggregation then communication] ---
--- client 3 in epoch 27 [aggregation then communication] ---
--- client 4 in epoch 27 [aggregation then communication] ---
--- client 5 in epoch 27 [aggregation then communication] ---
--- client 6 in epoch 27 [aggregation then communication] ---
--- client 7 in epoch 27 [aggregation then communication] ---
--- client 8 in epoch 27 [aggregation then communication] ---
--- client 9 in epoch 27 [aggregation then communication] ---
--- global epoch 27: global acc = 82.50% ---
--- local epoch 27: local acc = [C0:82.12%, C1:83.17%, C2:82.80%, C3:82.50%, C4:83.65%, C5:83.92%, C6:83.63%, C7:82.80%, C8:83.30%, C9:82.92%] ---

--- global epoch 28/60 ---
--- At epoch 28, learning rate decays to 0.002898 ---
--- client 0 in epoch 28 [aggregation then communication] ---
--- client 1 in epoch 28 [aggregation then communication] ---
--- client 2 in epoch 28 [aggregation then communication] ---
--- client 3 in epoch 28 [aggregation then communication] ---
--- client 4 in epoch 28 [aggregation then communication] ---
--- client 5 in epoch 28 [aggregation then communication] ---
--- client 6 in epoch 28 [aggregation then communication] ---
--- client 7 in epoch 28 [aggregation then communication] ---
--- client 8 in epoch 28 [aggregation then communication] ---
--- client 9 in epoch 28 [aggregation then communication] ---
--- global epoch 28: global acc = 82.08% ---
--- local epoch 28: local acc = [C0:83.13%, C1:82.83%, C2:82.77%, C3:82.35%, C4:83.75%, C5:84.57%, C6:83.80%, C7:83.07%, C8:83.60%, C9:83.73%] ---

--- global epoch 29/60 ---
--- At epoch 29, learning rate decays to 0.002840 ---
--- client 0 in epoch 29 [aggregation then communication] ---
--- client 1 in epoch 29 [aggregation then communication] ---
--- client 2 in epoch 29 [aggregation then communication] ---
--- client 3 in epoch 29 [aggregation then communication] ---
--- client 4 in epoch 29 [aggregation then communication] ---
--- client 5 in epoch 29 [aggregation then communication] ---
--- client 6 in epoch 29 [aggregation then communication] ---
--- client 7 in epoch 29 [aggregation then communication] ---
--- client 8 in epoch 29 [aggregation then communication] ---
--- client 9 in epoch 29 [aggregation then communication] ---
--- global epoch 29: global acc = 83.13% ---
--- local epoch 29: local acc = [C0:82.93%, C1:83.05%, C2:83.32%, C3:83.15%, C4:83.73%, C5:84.98%, C6:83.77%, C7:83.55%, C8:83.83%, C9:83.25%] ---

--- global epoch 30/60 ---
--- At epoch 30, learning rate decays to 0.002783 ---
--- client 0 in epoch 30 [aggregation then communication] ---
--- client 1 in epoch 30 [aggregation then communication] ---
--- client 2 in epoch 30 [aggregation then communication] ---
--- client 3 in epoch 30 [aggregation then communication] ---
--- client 4 in epoch 30 [aggregation then communication] ---
--- client 5 in epoch 30 [aggregation then communication] ---
--- client 6 in epoch 30 [aggregation then communication] ---
--- client 7 in epoch 30 [aggregation then communication] ---
--- client 8 in epoch 30 [aggregation then communication] ---
--- client 9 in epoch 30 [aggregation then communication] ---
--- global epoch 30: global acc = 83.31% ---
--- local epoch 30: local acc = [C0:83.22%, C1:83.88%, C2:83.95%, C3:83.23%, C4:84.32%, C5:84.80%, C6:83.78%, C7:83.63%, C8:84.02%, C9:83.80%] ---

--- global epoch 31/60 ---
--- At epoch 31, learning rate decays to 0.002727 ---
--- client 0 in epoch 31 [aggregation then communication] ---
--- client 1 in epoch 31 [aggregation then communication] ---
--- client 2 in epoch 31 [aggregation then communication] ---
--- client 3 in epoch 31 [aggregation then communication] ---
--- client 4 in epoch 31 [aggregation then communication] ---
--- client 5 in epoch 31 [aggregation then communication] ---
--- client 6 in epoch 31 [aggregation then communication] ---
--- client 7 in epoch 31 [aggregation then communication] ---
--- client 8 in epoch 31 [aggregation then communication] ---
--- client 9 in epoch 31 [aggregation then communication] ---
--- global epoch 31: global acc = 83.66% ---
--- local epoch 31: local acc = [C0:84.18%, C1:84.80%, C2:83.95%, C3:83.28%, C4:84.88%, C5:84.98%, C6:84.25%, C7:83.90%, C8:84.13%, C9:84.23%] ---

--- global epoch 32/60 ---
--- At epoch 32, learning rate decays to 0.002673 ---
--- client 0 in epoch 32 [aggregation then communication] ---
--- client 1 in epoch 32 [aggregation then communication] ---
--- client 2 in epoch 32 [aggregation then communication] ---
--- client 3 in epoch 32 [aggregation then communication] ---
--- client 4 in epoch 32 [aggregation then communication] ---
--- client 5 in epoch 32 [aggregation then communication] ---
--- client 6 in epoch 32 [aggregation then communication] ---
--- client 7 in epoch 32 [aggregation then communication] ---
--- client 8 in epoch 32 [aggregation then communication] ---
--- client 9 in epoch 32 [aggregation then communication] ---
--- global epoch 32: global acc = 83.56% ---
--- local epoch 32: local acc = [C0:84.22%, C1:84.65%, C2:84.37%, C3:84.40%, C4:84.73%, C5:85.43%, C6:84.52%, C7:84.28%, C8:84.58%, C9:84.28%] ---

--- global epoch 33/60 ---
--- At epoch 33, learning rate decays to 0.002619 ---
--- client 0 in epoch 33 [aggregation then communication] ---
--- client 1 in epoch 33 [aggregation then communication] ---
--- client 2 in epoch 33 [aggregation then communication] ---
--- client 3 in epoch 33 [aggregation then communication] ---
--- client 4 in epoch 33 [aggregation then communication] ---
--- client 5 in epoch 33 [aggregation then communication] ---
--- client 6 in epoch 33 [aggregation then communication] ---
--- client 7 in epoch 33 [aggregation then communication] ---
--- client 8 in epoch 33 [aggregation then communication] ---
--- client 9 in epoch 33 [aggregation then communication] ---
--- global epoch 33: global acc = 83.63% ---
--- local epoch 33: local acc = [C0:84.32%, C1:84.92%, C2:84.43%, C3:84.08%, C4:84.40%, C5:85.65%, C6:84.58%, C7:84.50%, C8:85.07%, C9:84.78%] ---

--- global epoch 34/60 ---
--- At epoch 34, learning rate decays to 0.002567 ---
--- client 0 in epoch 34 [aggregation then communication] ---
--- client 1 in epoch 34 [aggregation then communication] ---
--- client 2 in epoch 34 [aggregation then communication] ---
--- client 3 in epoch 34 [aggregation then communication] ---
--- client 4 in epoch 34 [aggregation then communication] ---
--- client 5 in epoch 34 [aggregation then communication] ---
--- client 6 in epoch 34 [aggregation then communication] ---
--- client 7 in epoch 34 [aggregation then communication] ---
--- client 8 in epoch 34 [aggregation then communication] ---
--- client 9 in epoch 34 [aggregation then communication] ---
--- global epoch 34: global acc = 84.23% ---
--- local epoch 34: local acc = [C0:84.30%, C1:84.85%, C2:84.53%, C3:84.98%, C4:85.77%, C5:86.00%, C6:84.85%, C7:84.60%, C8:85.25%, C9:85.22%] ---

--- global epoch 35/60 ---
--- At epoch 35, learning rate decays to 0.002516 ---
--- client 0 in epoch 35 [aggregation then communication] ---
--- client 1 in epoch 35 [aggregation then communication] ---
--- client 2 in epoch 35 [aggregation then communication] ---
--- client 3 in epoch 35 [aggregation then communication] ---
--- client 4 in epoch 35 [aggregation then communication] ---
--- client 5 in epoch 35 [aggregation then communication] ---
--- client 6 in epoch 35 [aggregation then communication] ---
--- client 7 in epoch 35 [aggregation then communication] ---
--- client 8 in epoch 35 [aggregation then communication] ---
--- client 9 in epoch 35 [aggregation then communication] ---
--- global epoch 35: global acc = 83.98% ---
--- local epoch 35: local acc = [C0:84.77%, C1:85.32%, C2:84.90%, C3:85.25%, C4:85.90%, C5:85.88%, C6:85.75%, C7:85.05%, C8:85.25%, C9:85.83%] ---

--- global epoch 36/60 ---
--- At epoch 36, learning rate decays to 0.002465 ---
--- client 0 in epoch 36 [aggregation then communication] ---
--- client 1 in epoch 36 [aggregation then communication] ---
--- client 2 in epoch 36 [aggregation then communication] ---
--- client 3 in epoch 36 [aggregation then communication] ---
--- client 4 in epoch 36 [aggregation then communication] ---
--- client 5 in epoch 36 [aggregation then communication] ---
--- client 6 in epoch 36 [aggregation then communication] ---
--- client 7 in epoch 36 [aggregation then communication] ---
--- client 8 in epoch 36 [aggregation then communication] ---
--- client 9 in epoch 36 [aggregation then communication] ---
--- global epoch 36: global acc = 84.72% ---
--- local epoch 36: local acc = [C0:84.92%, C1:85.12%, C2:85.07%, C3:85.33%, C4:85.73%, C5:86.40%, C6:85.90%, C7:85.47%, C8:85.75%, C9:85.47%] ---

--- global epoch 37/60 ---
--- At epoch 37, learning rate decays to 0.002416 ---
--- client 0 in epoch 37 [aggregation then communication] ---
--- client 1 in epoch 37 [aggregation then communication] ---
--- client 2 in epoch 37 [aggregation then communication] ---
--- client 3 in epoch 37 [aggregation then communication] ---
--- client 4 in epoch 37 [aggregation then communication] ---
--- client 5 in epoch 37 [aggregation then communication] ---
--- client 6 in epoch 37 [aggregation then communication] ---
--- client 7 in epoch 37 [aggregation then communication] ---
--- client 8 in epoch 37 [aggregation then communication] ---
--- client 9 in epoch 37 [aggregation then communication] ---
--- global epoch 37: global acc = 84.14% ---
--- local epoch 37: local acc = [C0:85.50%, C1:85.65%, C2:85.47%, C3:85.67%, C4:85.73%, C5:86.58%, C6:85.93%, C7:85.72%, C8:85.37%, C9:85.78%] ---

--- global epoch 38/60 ---
--- At epoch 38, learning rate decays to 0.002368 ---
--- client 0 in epoch 38 [aggregation then communication] ---
--- client 1 in epoch 38 [aggregation then communication] ---
--- client 2 in epoch 38 [aggregation then communication] ---
--- client 3 in epoch 38 [aggregation then communication] ---
--- client 4 in epoch 38 [aggregation then communication] ---
--- client 5 in epoch 38 [aggregation then communication] ---
--- client 6 in epoch 38 [aggregation then communication] ---
--- client 7 in epoch 38 [aggregation then communication] ---
--- client 8 in epoch 38 [aggregation then communication] ---
--- client 9 in epoch 38 [aggregation then communication] ---
--- global epoch 38: global acc = 84.84% ---
--- local epoch 38: local acc = [C0:85.32%, C1:85.77%, C2:85.57%, C3:85.97%, C4:86.22%, C5:87.22%, C6:85.92%, C7:85.92%, C8:85.60%, C9:86.77%] ---

--- global epoch 39/60 ---
--- At epoch 39, learning rate decays to 0.002320 ---
--- client 0 in epoch 39 [aggregation then communication] ---
--- client 1 in epoch 39 [aggregation then communication] ---
--- client 2 in epoch 39 [aggregation then communication] ---
--- client 3 in epoch 39 [aggregation then communication] ---
--- client 4 in epoch 39 [aggregation then communication] ---
--- client 5 in epoch 39 [aggregation then communication] ---
--- client 6 in epoch 39 [aggregation then communication] ---
--- client 7 in epoch 39 [aggregation then communication] ---
--- client 8 in epoch 39 [aggregation then communication] ---
--- client 9 in epoch 39 [aggregation then communication] ---
--- global epoch 39: global acc = 85.17% ---
--- local epoch 39: local acc = [C0:86.08%, C1:85.95%, C2:86.03%, C3:86.43%, C4:86.68%, C5:87.23%, C6:85.87%, C7:85.58%, C8:86.27%, C9:86.35%] ---

--- global epoch 40/60 ---
--- At epoch 40, learning rate decays to 0.002274 ---
--- client 0 in epoch 40 [aggregation then communication] ---
--- client 1 in epoch 40 [aggregation then communication] ---
--- client 2 in epoch 40 [aggregation then communication] ---
--- client 3 in epoch 40 [aggregation then communication] ---
--- client 4 in epoch 40 [aggregation then communication] ---
--- client 5 in epoch 40 [aggregation then communication] ---
--- client 6 in epoch 40 [aggregation then communication] ---
--- client 7 in epoch 40 [aggregation then communication] ---
--- client 8 in epoch 40 [aggregation then communication] ---
--- client 9 in epoch 40 [aggregation then communication] ---
--- global epoch 40: global acc = 85.25% ---
--- local epoch 40: local acc = [C0:85.87%, C1:86.20%, C2:86.17%, C3:86.27%, C4:86.55%, C5:87.57%, C6:86.32%, C7:86.62%, C8:86.57%, C9:86.70%] ---

--- global epoch 41/60 ---
--- At epoch 41, learning rate decays to 0.002229 ---
--- client 0 in epoch 41 [aggregation then communication] ---
--- client 1 in epoch 41 [aggregation then communication] ---
--- client 2 in epoch 41 [aggregation then communication] ---
--- client 3 in epoch 41 [aggregation then communication] ---
--- client 4 in epoch 41 [aggregation then communication] ---
--- client 5 in epoch 41 [aggregation then communication] ---
--- client 6 in epoch 41 [aggregation then communication] ---
--- client 7 in epoch 41 [aggregation then communication] ---
--- client 8 in epoch 41 [aggregation then communication] ---
--- client 9 in epoch 41 [aggregation then communication] ---
--- global epoch 41: global acc = 85.08% ---
--- local epoch 41: local acc = [C0:85.57%, C1:86.93%, C2:86.17%, C3:86.57%, C4:87.18%, C5:87.58%, C6:86.57%, C7:86.43%, C8:86.48%, C9:86.90%] ---

--- global epoch 42/60 ---
--- At epoch 42, learning rate decays to 0.002184 ---
--- client 0 in epoch 42 [aggregation then communication] ---
--- client 1 in epoch 42 [aggregation then communication] ---
--- client 2 in epoch 42 [aggregation then communication] ---
--- client 3 in epoch 42 [aggregation then communication] ---
--- client 4 in epoch 42 [aggregation then communication] ---
--- client 5 in epoch 42 [aggregation then communication] ---
--- client 6 in epoch 42 [aggregation then communication] ---
--- client 7 in epoch 42 [aggregation then communication] ---
--- client 8 in epoch 42 [aggregation then communication] ---
--- client 9 in epoch 42 [aggregation then communication] ---
--- global epoch 42: global acc = 85.27% ---
--- local epoch 42: local acc = [C0:86.32%, C1:86.52%, C2:86.43%, C3:86.83%, C4:87.22%, C5:87.75%, C6:86.92%, C7:86.97%, C8:86.88%, C9:87.32%] ---

--- global epoch 43/60 ---
--- At epoch 43, learning rate decays to 0.002140 ---
--- client 0 in epoch 43 [aggregation then communication] ---
--- client 1 in epoch 43 [aggregation then communication] ---
--- client 2 in epoch 43 [aggregation then communication] ---
--- client 3 in epoch 43 [aggregation then communication] ---
--- client 4 in epoch 43 [aggregation then communication] ---
--- client 5 in epoch 43 [aggregation then communication] ---
--- client 6 in epoch 43 [aggregation then communication] ---
--- client 7 in epoch 43 [aggregation then communication] ---
--- client 8 in epoch 43 [aggregation then communication] ---
--- client 9 in epoch 43 [aggregation then communication] ---
--- global epoch 43: global acc = 85.74% ---
--- local epoch 43: local acc = [C0:86.48%, C1:87.08%, C2:86.62%, C3:87.02%, C4:87.52%, C5:88.07%, C6:87.00%, C7:87.37%, C8:86.87%, C9:87.22%] ---

--- global epoch 44/60 ---
--- At epoch 44, learning rate decays to 0.002097 ---
--- client 0 in epoch 44 [aggregation then communication] ---
--- client 1 in epoch 44 [aggregation then communication] ---
--- client 2 in epoch 44 [aggregation then communication] ---
--- client 3 in epoch 44 [aggregation then communication] ---
--- client 4 in epoch 44 [aggregation then communication] ---
--- client 5 in epoch 44 [aggregation then communication] ---
--- client 6 in epoch 44 [aggregation then communication] ---
--- client 7 in epoch 44 [aggregation then communication] ---
--- client 8 in epoch 44 [aggregation then communication] ---
--- client 9 in epoch 44 [aggregation then communication] ---
--- global epoch 44: global acc = 85.66% ---
--- local epoch 44: local acc = [C0:86.72%, C1:87.27%, C2:86.78%, C3:86.88%, C4:87.25%, C5:87.60%, C6:86.90%, C7:86.83%, C8:87.05%, C9:87.13%] ---

--- global epoch 45/60 ---
--- At epoch 45, learning rate decays to 0.002055 ---
--- client 0 in epoch 45 [aggregation then communication] ---
--- client 1 in epoch 45 [aggregation then communication] ---
--- client 2 in epoch 45 [aggregation then communication] ---
--- client 3 in epoch 45 [aggregation then communication] ---
--- client 4 in epoch 45 [aggregation then communication] ---
--- client 5 in epoch 45 [aggregation then communication] ---
--- client 6 in epoch 45 [aggregation then communication] ---
--- client 7 in epoch 45 [aggregation then communication] ---
--- client 8 in epoch 45 [aggregation then communication] ---
--- client 9 in epoch 45 [aggregation then communication] ---
--- global epoch 45: global acc = 85.42% ---
--- local epoch 45: local acc = [C0:86.70%, C1:87.82%, C2:86.82%, C3:87.35%, C4:87.43%, C5:88.05%, C6:86.75%, C7:86.93%, C8:87.23%, C9:87.98%] ---

--- global epoch 46/60 ---
--- At epoch 46, learning rate decays to 0.002014 ---
--- client 0 in epoch 46 [aggregation then communication] ---
--- client 1 in epoch 46 [aggregation then communication] ---
--- client 2 in epoch 46 [aggregation then communication] ---
--- client 3 in epoch 46 [aggregation then communication] ---
--- client 4 in epoch 46 [aggregation then communication] ---
--- client 5 in epoch 46 [aggregation then communication] ---
--- client 6 in epoch 46 [aggregation then communication] ---
--- client 7 in epoch 46 [aggregation then communication] ---
--- client 8 in epoch 46 [aggregation then communication] ---
--- client 9 in epoch 46 [aggregation then communication] ---
--- global epoch 46: global acc = 85.86% ---
--- local epoch 46: local acc = [C0:86.58%, C1:87.28%, C2:87.02%, C3:87.27%, C4:87.93%, C5:88.60%, C6:87.82%, C7:87.38%, C8:87.03%, C9:87.73%] ---

--- global epoch 47/60 ---
--- At epoch 47, learning rate decays to 0.001974 ---
--- client 0 in epoch 47 [aggregation then communication] ---
--- client 1 in epoch 47 [aggregation then communication] ---
--- client 2 in epoch 47 [aggregation then communication] ---
--- client 3 in epoch 47 [aggregation then communication] ---
--- client 4 in epoch 47 [aggregation then communication] ---
--- client 5 in epoch 47 [aggregation then communication] ---
--- client 6 in epoch 47 [aggregation then communication] ---
--- client 7 in epoch 47 [aggregation then communication] ---
--- client 8 in epoch 47 [aggregation then communication] ---
--- client 9 in epoch 47 [aggregation then communication] ---
--- global epoch 47: global acc = 85.99% ---
--- local epoch 47: local acc = [C0:86.82%, C1:87.92%, C2:86.92%, C3:87.47%, C4:87.53%, C5:88.75%, C6:87.08%, C7:87.75%, C8:87.38%, C9:87.65%] ---

--- global epoch 48/60 ---
--- At epoch 48, learning rate decays to 0.001935 ---
--- client 0 in epoch 48 [aggregation then communication] ---
--- client 1 in epoch 48 [aggregation then communication] ---
--- client 2 in epoch 48 [aggregation then communication] ---
--- client 3 in epoch 48 [aggregation then communication] ---
--- client 4 in epoch 48 [aggregation then communication] ---
--- client 5 in epoch 48 [aggregation then communication] ---
--- client 6 in epoch 48 [aggregation then communication] ---
--- client 7 in epoch 48 [aggregation then communication] ---
--- client 8 in epoch 48 [aggregation then communication] ---
--- client 9 in epoch 48 [aggregation then communication] ---
--- global epoch 48: global acc = 86.26% ---
--- local epoch 48: local acc = [C0:87.13%, C1:88.05%, C2:87.33%, C3:87.52%, C4:87.92%, C5:88.42%, C6:87.70%, C7:87.42%, C8:87.60%, C9:87.92%] ---

--- global epoch 49/60 ---
--- At epoch 49, learning rate decays to 0.001896 ---
--- client 0 in epoch 49 [aggregation then communication] ---
--- client 1 in epoch 49 [aggregation then communication] ---
--- client 2 in epoch 49 [aggregation then communication] ---
--- client 3 in epoch 49 [aggregation then communication] ---
--- client 4 in epoch 49 [aggregation then communication] ---
--- client 5 in epoch 49 [aggregation then communication] ---
--- client 6 in epoch 49 [aggregation then communication] ---
--- client 7 in epoch 49 [aggregation then communication] ---
--- client 8 in epoch 49 [aggregation then communication] ---
--- client 9 in epoch 49 [aggregation then communication] ---
--- global epoch 49: global acc = 86.44% ---
--- local epoch 49: local acc = [C0:87.08%, C1:88.17%, C2:87.62%, C3:87.77%, C4:87.97%, C5:88.50%, C6:87.75%, C7:87.40%, C8:87.42%, C9:88.17%] ---

--- global epoch 50/60 ---
--- At epoch 50, learning rate decays to 0.001858 ---
--- client 0 in epoch 50 [aggregation then communication] ---
--- client 1 in epoch 50 [aggregation then communication] ---
--- client 2 in epoch 50 [aggregation then communication] ---
--- client 3 in epoch 50 [aggregation then communication] ---
--- client 4 in epoch 50 [aggregation then communication] ---
--- client 5 in epoch 50 [aggregation then communication] ---
--- client 6 in epoch 50 [aggregation then communication] ---
--- client 7 in epoch 50 [aggregation then communication] ---
--- client 8 in epoch 50 [aggregation then communication] ---
--- client 9 in epoch 50 [aggregation then communication] ---
--- global epoch 50: global acc = 86.57% ---
--- local epoch 50: local acc = [C0:87.22%, C1:88.33%, C2:87.28%, C3:88.43%, C4:88.75%, C5:88.60%, C6:88.02%, C7:87.88%, C8:87.60%, C9:88.35%] ---

--- global epoch 51/60 ---
--- At epoch 51, learning rate decays to 0.001821 ---
--- client 0 in epoch 51 [aggregation then communication] ---
--- client 1 in epoch 51 [aggregation then communication] ---
--- client 2 in epoch 51 [aggregation then communication] ---
--- client 3 in epoch 51 [aggregation then communication] ---
--- client 4 in epoch 51 [aggregation then communication] ---
--- client 5 in epoch 51 [aggregation then communication] ---
--- client 6 in epoch 51 [aggregation then communication] ---
--- client 7 in epoch 51 [aggregation then communication] ---
--- client 8 in epoch 51 [aggregation then communication] ---
--- client 9 in epoch 51 [aggregation then communication] ---
--- global epoch 51: global acc = 86.39% ---
--- local epoch 51: local acc = [C0:87.33%, C1:88.18%, C2:87.43%, C3:88.00%, C4:88.20%, C5:88.75%, C6:88.22%, C7:87.85%, C8:88.12%, C9:88.57%] ---

--- global epoch 52/60 ---
--- At epoch 52, learning rate decays to 0.001784 ---
--- client 0 in epoch 52 [aggregation then communication] ---
--- client 1 in epoch 52 [aggregation then communication] ---
--- client 2 in epoch 52 [aggregation then communication] ---
--- client 3 in epoch 52 [aggregation then communication] ---
--- client 4 in epoch 52 [aggregation then communication] ---
--- client 5 in epoch 52 [aggregation then communication] ---
--- client 6 in epoch 52 [aggregation then communication] ---
--- client 7 in epoch 52 [aggregation then communication] ---
--- client 8 in epoch 52 [aggregation then communication] ---
--- client 9 in epoch 52 [aggregation then communication] ---
--- global epoch 52: global acc = 86.44% ---
--- local epoch 52: local acc = [C0:87.50%, C1:88.62%, C2:87.95%, C3:87.97%, C4:88.32%, C5:89.22%, C6:87.97%, C7:88.28%, C8:88.18%, C9:88.95%] ---

--- global epoch 53/60 ---
--- At epoch 53, learning rate decays to 0.001749 ---
--- client 0 in epoch 53 [aggregation then communication] ---
--- client 1 in epoch 53 [aggregation then communication] ---
--- client 2 in epoch 53 [aggregation then communication] ---
--- client 3 in epoch 53 [aggregation then communication] ---
--- client 4 in epoch 53 [aggregation then communication] ---
--- client 5 in epoch 53 [aggregation then communication] ---
--- client 6 in epoch 53 [aggregation then communication] ---
--- client 7 in epoch 53 [aggregation then communication] ---
--- client 8 in epoch 53 [aggregation then communication] ---
--- client 9 in epoch 53 [aggregation then communication] ---
--- global epoch 53: global acc = 86.29% ---
--- local epoch 53: local acc = [C0:87.78%, C1:88.53%, C2:88.05%, C3:88.27%, C4:88.37%, C5:89.10%, C6:88.05%, C7:88.43%, C8:88.33%, C9:88.52%] ---

--- global epoch 54/60 ---
--- At epoch 54, learning rate decays to 0.001714 ---
--- client 0 in epoch 54 [aggregation then communication] ---
--- client 1 in epoch 54 [aggregation then communication] ---
--- client 2 in epoch 54 [aggregation then communication] ---
--- client 3 in epoch 54 [aggregation then communication] ---
--- client 4 in epoch 54 [aggregation then communication] ---
--- client 5 in epoch 54 [aggregation then communication] ---
--- client 6 in epoch 54 [aggregation then communication] ---
--- client 7 in epoch 54 [aggregation then communication] ---
--- client 8 in epoch 54 [aggregation then communication] ---
--- client 9 in epoch 54 [aggregation then communication] ---
--- global epoch 54: global acc = 86.53% ---
--- local epoch 54: local acc = [C0:87.38%, C1:88.92%, C2:88.13%, C3:88.07%, C4:88.55%, C5:89.27%, C6:88.33%, C7:88.40%, C8:89.10%, C9:89.12%] ---

--- global epoch 55/60 ---
--- At epoch 55, learning rate decays to 0.001679 ---
--- client 0 in epoch 55 [aggregation then communication] ---
--- client 1 in epoch 55 [aggregation then communication] ---
--- client 2 in epoch 55 [aggregation then communication] ---
--- client 3 in epoch 55 [aggregation then communication] ---
--- client 4 in epoch 55 [aggregation then communication] ---
--- client 5 in epoch 55 [aggregation then communication] ---
--- client 6 in epoch 55 [aggregation then communication] ---
--- client 7 in epoch 55 [aggregation then communication] ---
--- client 8 in epoch 55 [aggregation then communication] ---
--- client 9 in epoch 55 [aggregation then communication] ---
--- global epoch 55: global acc = 86.60% ---
--- local epoch 55: local acc = [C0:88.03%, C1:88.78%, C2:88.05%, C3:87.98%, C4:88.85%, C5:89.08%, C6:88.47%, C7:88.55%, C8:88.33%, C9:88.87%] ---

--- global epoch 56/60 ---
--- At epoch 56, learning rate decays to 0.001646 ---
--- client 0 in epoch 56 [aggregation then communication] ---
--- client 1 in epoch 56 [aggregation then communication] ---
--- client 2 in epoch 56 [aggregation then communication] ---
--- client 3 in epoch 56 [aggregation then communication] ---
--- client 4 in epoch 56 [aggregation then communication] ---
--- client 5 in epoch 56 [aggregation then communication] ---
--- client 6 in epoch 56 [aggregation then communication] ---
--- client 7 in epoch 56 [aggregation then communication] ---
--- client 8 in epoch 56 [aggregation then communication] ---
--- client 9 in epoch 56 [aggregation then communication] ---
--- global epoch 56: global acc = 86.99% ---
--- local epoch 56: local acc = [C0:87.60%, C1:89.33%, C2:88.37%, C3:88.75%, C4:88.77%, C5:88.92%, C6:88.35%, C7:88.47%, C8:89.02%, C9:89.02%] ---

--- global epoch 57/60 ---
--- At epoch 57, learning rate decays to 0.001613 ---
--- client 0 in epoch 57 [aggregation then communication] ---
--- client 1 in epoch 57 [aggregation then communication] ---
--- client 2 in epoch 57 [aggregation then communication] ---
--- client 3 in epoch 57 [aggregation then communication] ---
--- client 4 in epoch 57 [aggregation then communication] ---
--- client 5 in epoch 57 [aggregation then communication] ---
--- client 6 in epoch 57 [aggregation then communication] ---
--- client 7 in epoch 57 [aggregation then communication] ---
--- client 8 in epoch 57 [aggregation then communication] ---
--- client 9 in epoch 57 [aggregation then communication] ---
--- global epoch 57: global acc = 87.00% ---
--- local epoch 57: local acc = [C0:88.05%, C1:88.73%, C2:88.73%, C3:88.60%, C4:88.98%, C5:89.55%, C6:88.40%, C7:88.62%, C8:88.58%, C9:89.23%] ---

--- global epoch 58/60 ---
--- At epoch 58, learning rate decays to 0.001581 ---
--- client 0 in epoch 58 [aggregation then communication] ---
--- client 1 in epoch 58 [aggregation then communication] ---
--- client 2 in epoch 58 [aggregation then communication] ---
--- client 3 in epoch 58 [aggregation then communication] ---
--- client 4 in epoch 58 [aggregation then communication] ---
--- client 5 in epoch 58 [aggregation then communication] ---
--- client 6 in epoch 58 [aggregation then communication] ---
--- client 7 in epoch 58 [aggregation then communication] ---
--- client 8 in epoch 58 [aggregation then communication] ---
--- client 9 in epoch 58 [aggregation then communication] ---
--- global epoch 58: global acc = 86.77% ---
--- local epoch 58: local acc = [C0:88.40%, C1:89.48%, C2:88.20%, C3:88.85%, C4:89.20%, C5:89.45%, C6:88.27%, C7:88.28%, C8:89.08%, C9:89.48%] ---

--- global epoch 59/60 ---
--- At epoch 59, learning rate decays to 0.001549 ---
--- client 0 in epoch 59 [aggregation then communication] ---
--- client 1 in epoch 59 [aggregation then communication] ---
--- client 2 in epoch 59 [aggregation then communication] ---
--- client 3 in epoch 59 [aggregation then communication] ---
--- client 4 in epoch 59 [aggregation then communication] ---
--- client 5 in epoch 59 [aggregation then communication] ---
--- client 6 in epoch 59 [aggregation then communication] ---
--- client 7 in epoch 59 [aggregation then communication] ---
--- client 8 in epoch 59 [aggregation then communication] ---
--- client 9 in epoch 59 [aggregation then communication] ---
--- global epoch 59: global acc = 86.64% ---
--- local epoch 59: local acc = [C0:88.20%, C1:89.03%, C2:88.30%, C3:88.80%, C4:89.35%, C5:89.15%, C6:88.78%, C7:88.72%, C8:89.27%, C9:89.05%] ---

--- global epoch 60/60 ---
--- At epoch 60, learning rate decays to 0.001518 ---
--- client 0 in epoch 60 [aggregation then communication] ---
--- client 1 in epoch 60 [aggregation then communication] ---
--- client 2 in epoch 60 [aggregation then communication] ---
--- client 3 in epoch 60 [aggregation then communication] ---
--- client 4 in epoch 60 [aggregation then communication] ---
--- client 5 in epoch 60 [aggregation then communication] ---
--- client 6 in epoch 60 [aggregation then communication] ---
--- client 7 in epoch 60 [aggregation then communication] ---
--- client 8 in epoch 60 [aggregation then communication] ---
--- client 9 in epoch 60 [aggregation then communication] ---
--- global epoch 60: global acc = 86.96% ---
--- local epoch 60: local acc = [C0:88.93%, C1:89.37%, C2:88.78%, C3:88.85%, C4:89.17%, C5:89.67%, C6:89.23%, C7:88.67%, C8:89.20%, C9:89.25%] ---
Total runtime: 839.44s (0:13:59)

 saving results
results save in C:\Users\Kong\Desktop\\decentralized_federated_learning-master\decentralized_federated_learning-master\res\clients_10-epochs_1-20250918_215808.json
