client 0 initial number of neighbors: 9
client 1 initial number of neighbors: 9
client 2 initial number of neighbors: 9
client 3 initial number of neighbors: 9
client 4 initial number of neighbors: 9
client 5 initial number of neighbors: 9
client 6 initial number of neighbors: 9
client 7 initial number of neighbors: 9
client 8 initial number of neighbors: 9
client 9 initial number of neighbors: 9

 training begins! (epoch-by-epoch parallel mode with global evaluation)

--- global epoch 1/60 ---
--- client 0 in epoch 1 [aggregation then communication] ---
--- client 1 in epoch 1 [aggregation then communication] ---
--- client 2 in epoch 1 [aggregation then communication] ---
--- client 3 in epoch 1 [aggregation then communication] ---
--- client 4 in epoch 1 [aggregation then communication] ---
--- client 5 in epoch 1 [aggregation then communication] ---
--- client 6 in epoch 1 [aggregation then communication] ---
--- client 7 in epoch 1 [aggregation then communication] ---
--- client 8 in epoch 1 [aggregation then communication] ---
--- client 9 in epoch 1 [aggregation then communication] ---
--- global epoch 1: global acc = 10.64% ---
--- local epoch 1: local acc = [C0:76.17%, C1:77.05%, C2:78.03%, C3:75.90%, C4:77.16%, C5:79.23%, C6:77.80%, C7:77.81%, C8:77.93%, C9:76.12%] ---

--- global epoch 2/60 ---
--- At epoch 2, learning rate decays to 0.049950 ---
--- client 0 in epoch 2 [aggregation then communication] ---
--- client 1 in epoch 2 [aggregation then communication] ---
--- client 2 in epoch 2 [aggregation then communication] ---
--- client 3 in epoch 2 [aggregation then communication] ---
--- client 4 in epoch 2 [aggregation then communication] ---
--- client 5 in epoch 2 [aggregation then communication] ---
--- client 6 in epoch 2 [aggregation then communication] ---
--- client 7 in epoch 2 [aggregation then communication] ---
--- client 8 in epoch 2 [aggregation then communication] ---
--- client 9 in epoch 2 [aggregation then communication] ---
--- global epoch 2: global acc = 11.08% ---
--- local epoch 2: local acc = [C0:84.20%, C1:85.00%, C2:84.88%, C3:84.64%, C4:85.13%, C5:85.63%, C6:85.64%, C7:84.61%, C8:85.18%, C9:85.20%] ---

--- global epoch 3/60 ---
--- At epoch 3, learning rate decays to 0.049900 ---
--- client 0 in epoch 3 [aggregation then communication] ---
--- client 1 in epoch 3 [aggregation then communication] ---
--- client 2 in epoch 3 [aggregation then communication] ---
--- client 3 in epoch 3 [aggregation then communication] ---
--- client 4 in epoch 3 [aggregation then communication] ---
--- client 5 in epoch 3 [aggregation then communication] ---
--- client 6 in epoch 3 [aggregation then communication] ---
--- client 7 in epoch 3 [aggregation then communication] ---
--- client 8 in epoch 3 [aggregation then communication] ---
--- client 9 in epoch 3 [aggregation then communication] ---
--- global epoch 3: global acc = 80.94% ---
--- local epoch 3: local acc = [C0:87.73%, C1:88.39%, C2:87.74%, C3:87.46%, C4:88.23%, C5:88.63%, C6:88.54%, C7:87.60%, C8:87.98%, C9:88.32%] ---

--- global epoch 4/60 ---
--- At epoch 4, learning rate decays to 0.049850 ---
--- client 0 in epoch 4 [aggregation then communication] ---
--- client 1 in epoch 4 [aggregation then communication] ---
--- client 2 in epoch 4 [aggregation then communication] ---
--- client 3 in epoch 4 [aggregation then communication] ---
--- client 4 in epoch 4 [aggregation then communication] ---
--- client 5 in epoch 4 [aggregation then communication] ---
--- client 6 in epoch 4 [aggregation then communication] ---
--- client 7 in epoch 4 [aggregation then communication] ---
--- client 8 in epoch 4 [aggregation then communication] ---
--- client 9 in epoch 4 [aggregation then communication] ---
--- global epoch 4: global acc = 78.10% ---
--- local epoch 4: local acc = [C0:90.02%, C1:90.77%, C2:90.36%, C3:90.06%, C4:90.51%, C5:90.53%, C6:90.86%, C7:90.54%, C8:90.22%, C9:90.86%] ---

--- global epoch 5/60 ---
--- At epoch 5, learning rate decays to 0.049800 ---
--- client 0 in epoch 5 [aggregation then communication] ---
--- client 1 in epoch 5 [aggregation then communication] ---
--- client 2 in epoch 5 [aggregation then communication] ---
--- client 3 in epoch 5 [aggregation then communication] ---
--- client 4 in epoch 5 [aggregation then communication] ---
--- client 5 in epoch 5 [aggregation then communication] ---
--- client 6 in epoch 5 [aggregation then communication] ---
--- client 7 in epoch 5 [aggregation then communication] ---
--- client 8 in epoch 5 [aggregation then communication] ---
--- client 9 in epoch 5 [aggregation then communication] ---
--- global epoch 5: global acc = 86.23% ---
--- local epoch 5: local acc = [C0:91.73%, C1:92.53%, C2:91.65%, C3:91.65%, C4:91.98%, C5:92.11%, C6:92.33%, C7:91.89%, C8:92.19%, C9:92.12%] ---

--- global epoch 6/60 ---
--- At epoch 6, learning rate decays to 0.049750 ---
--- client 0 in epoch 6 [aggregation then communication] ---
--- client 1 in epoch 6 [aggregation then communication] ---
--- client 2 in epoch 6 [aggregation then communication] ---
--- client 3 in epoch 6 [aggregation then communication] ---
--- client 4 in epoch 6 [aggregation then communication] ---
--- client 5 in epoch 6 [aggregation then communication] ---
--- client 6 in epoch 6 [aggregation then communication] ---
--- client 7 in epoch 6 [aggregation then communication] ---
--- client 8 in epoch 6 [aggregation then communication] ---
--- client 9 in epoch 6 [aggregation then communication] ---
--- global epoch 6: global acc = 88.34% ---
--- local epoch 6: local acc = [C0:92.71%, C1:93.35%, C2:92.77%, C3:92.91%, C4:92.74%, C5:93.28%, C6:93.41%, C7:92.78%, C8:93.14%, C9:93.82%] ---

--- global epoch 7/60 ---
--- At epoch 7, learning rate decays to 0.049701 ---
--- client 0 in epoch 7 [aggregation then communication] ---
--- client 1 in epoch 7 [aggregation then communication] ---
--- client 2 in epoch 7 [aggregation then communication] ---
--- client 3 in epoch 7 [aggregation then communication] ---
--- client 4 in epoch 7 [aggregation then communication] ---
--- client 5 in epoch 7 [aggregation then communication] ---
--- client 6 in epoch 7 [aggregation then communication] ---
--- client 7 in epoch 7 [aggregation then communication] ---
--- client 8 in epoch 7 [aggregation then communication] ---
--- client 9 in epoch 7 [aggregation then communication] ---
--- global epoch 7: global acc = 89.17% ---
--- local epoch 7: local acc = [C0:93.72%, C1:94.11%, C2:93.59%, C3:93.70%, C4:93.90%, C5:94.17%, C6:94.19%, C7:93.59%, C8:94.12%, C9:94.27%] ---

--- global epoch 8/60 ---
--- At epoch 8, learning rate decays to 0.049651 ---
--- client 0 in epoch 8 [aggregation then communication] ---
--- client 1 in epoch 8 [aggregation then communication] ---
--- client 2 in epoch 8 [aggregation then communication] ---
--- client 3 in epoch 8 [aggregation then communication] ---
--- client 4 in epoch 8 [aggregation then communication] ---
--- client 5 in epoch 8 [aggregation then communication] ---
--- client 6 in epoch 8 [aggregation then communication] ---
--- client 7 in epoch 8 [aggregation then communication] ---
--- client 8 in epoch 8 [aggregation then communication] ---
--- client 9 in epoch 8 [aggregation then communication] ---
--- global epoch 8: global acc = 90.48% ---
--- local epoch 8: local acc = [C0:94.89%, C1:95.13%, C2:94.36%, C3:94.20%, C4:94.38%, C5:95.09%, C6:94.50%, C7:94.58%, C8:94.78%, C9:95.06%] ---

--- global epoch 9/60 ---
--- At epoch 9, learning rate decays to 0.049601 ---
--- client 0 in epoch 9 [aggregation then communication] ---
--- client 1 in epoch 9 [aggregation then communication] ---
--- client 2 in epoch 9 [aggregation then communication] ---
--- client 3 in epoch 9 [aggregation then communication] ---
--- client 4 in epoch 9 [aggregation then communication] ---
--- client 5 in epoch 9 [aggregation then communication] ---
--- client 6 in epoch 9 [aggregation then communication] ---
--- client 7 in epoch 9 [aggregation then communication] ---
--- client 8 in epoch 9 [aggregation then communication] ---
--- client 9 in epoch 9 [aggregation then communication] ---
--- global epoch 9: global acc = 88.31% ---
--- local epoch 9: local acc = [C0:95.23%, C1:95.50%, C2:94.70%, C3:94.64%, C4:95.15%, C5:95.71%, C6:95.52%, C7:94.84%, C8:95.63%, C9:95.66%] ---

--- global epoch 10/60 ---
--- At epoch 10, learning rate decays to 0.049552 ---
--- client 0 in epoch 10 [aggregation then communication] ---
--- client 1 in epoch 10 [aggregation then communication] ---
--- client 2 in epoch 10 [aggregation then communication] ---
--- client 3 in epoch 10 [aggregation then communication] ---
--- client 4 in epoch 10 [aggregation then communication] ---
--- client 5 in epoch 10 [aggregation then communication] ---
--- client 6 in epoch 10 [aggregation then communication] ---
--- client 7 in epoch 10 [aggregation then communication] ---
--- client 8 in epoch 10 [aggregation then communication] ---
--- client 9 in epoch 10 [aggregation then communication] ---
--- global epoch 10: global acc = 90.47% ---
--- local epoch 10: local acc = [C0:95.79%, C1:95.82%, C2:95.45%, C3:95.45%, C4:95.73%, C5:96.29%, C6:96.15%, C7:95.61%, C8:95.84%, C9:96.11%] ---

--- global epoch 11/60 ---
--- At epoch 11, learning rate decays to 0.049502 ---
--- client 0 in epoch 11 [aggregation then communication] ---
--- client 1 in epoch 11 [aggregation then communication] ---
--- client 2 in epoch 11 [aggregation then communication] ---
--- client 3 in epoch 11 [aggregation then communication] ---
--- client 4 in epoch 11 [aggregation then communication] ---
--- client 5 in epoch 11 [aggregation then communication] ---
--- client 6 in epoch 11 [aggregation then communication] ---
--- client 7 in epoch 11 [aggregation then communication] ---
--- client 8 in epoch 11 [aggregation then communication] ---
--- client 9 in epoch 11 [aggregation then communication] ---
--- global epoch 11: global acc = 90.37% ---
--- local epoch 11: local acc = [C0:95.74%, C1:96.59%, C2:95.91%, C3:96.13%, C4:95.98%, C5:96.95%, C6:96.69%, C7:95.90%, C8:96.43%, C9:96.77%] ---

--- global epoch 12/60 ---
--- At epoch 12, learning rate decays to 0.049453 ---
--- client 0 in epoch 12 [aggregation then communication] ---
--- client 1 in epoch 12 [aggregation then communication] ---
--- client 2 in epoch 12 [aggregation then communication] ---
--- client 3 in epoch 12 [aggregation then communication] ---
--- client 4 in epoch 12 [aggregation then communication] ---
--- client 5 in epoch 12 [aggregation then communication] ---
--- client 6 in epoch 12 [aggregation then communication] ---
--- client 7 in epoch 12 [aggregation then communication] ---
--- client 8 in epoch 12 [aggregation then communication] ---
--- client 9 in epoch 12 [aggregation then communication] ---
--- global epoch 12: global acc = 90.88% ---
--- local epoch 12: local acc = [C0:96.15%, C1:97.02%, C2:96.32%, C3:96.52%, C4:96.39%, C5:96.91%, C6:97.13%, C7:97.06%, C8:96.53%, C9:97.35%] ---

--- global epoch 13/60 ---
--- At epoch 13, learning rate decays to 0.049403 ---
--- client 0 in epoch 13 [aggregation then communication] ---
--- client 1 in epoch 13 [aggregation then communication] ---
--- client 2 in epoch 13 [aggregation then communication] ---
--- client 3 in epoch 13 [aggregation then communication] ---
--- client 4 in epoch 13 [aggregation then communication] ---
--- client 5 in epoch 13 [aggregation then communication] ---
--- client 6 in epoch 13 [aggregation then communication] ---
--- client 7 in epoch 13 [aggregation then communication] ---
--- client 8 in epoch 13 [aggregation then communication] ---
--- client 9 in epoch 13 [aggregation then communication] ---
--- global epoch 13: global acc = 89.88% ---
--- local epoch 13: local acc = [C0:96.76%, C1:97.02%, C2:96.55%, C3:96.58%, C4:96.77%, C5:97.24%, C6:97.53%, C7:96.97%, C8:96.95%, C9:97.42%] ---

--- global epoch 14/60 ---
--- At epoch 14, learning rate decays to 0.049354 ---
--- client 0 in epoch 14 [aggregation then communication] ---
--- client 1 in epoch 14 [aggregation then communication] ---
--- client 2 in epoch 14 [aggregation then communication] ---
--- client 3 in epoch 14 [aggregation then communication] ---
--- client 4 in epoch 14 [aggregation then communication] ---
--- client 5 in epoch 14 [aggregation then communication] ---
--- client 6 in epoch 14 [aggregation then communication] ---
--- client 7 in epoch 14 [aggregation then communication] ---
--- client 8 in epoch 14 [aggregation then communication] ---
--- client 9 in epoch 14 [aggregation then communication] ---
--- global epoch 14: global acc = 90.39% ---
--- local epoch 14: local acc = [C0:97.23%, C1:97.38%, C2:96.72%, C3:96.86%, C4:96.89%, C5:97.37%, C6:97.52%, C7:97.24%, C8:96.92%, C9:98.00%] ---

--- global epoch 15/60 ---
--- At epoch 15, learning rate decays to 0.049305 ---
--- client 0 in epoch 15 [aggregation then communication] ---
--- client 1 in epoch 15 [aggregation then communication] ---
--- client 2 in epoch 15 [aggregation then communication] ---
--- client 3 in epoch 15 [aggregation then communication] ---
--- client 4 in epoch 15 [aggregation then communication] ---
--- client 5 in epoch 15 [aggregation then communication] ---
--- client 6 in epoch 15 [aggregation then communication] ---
--- client 7 in epoch 15 [aggregation then communication] ---
--- client 8 in epoch 15 [aggregation then communication] ------ client 9 in epoch 15 [aggregation then communication] ---

--- global epoch 15: global acc = 91.00% ---
--- local epoch 15: local acc = [C0:97.27%, C1:98.48%, C2:97.00%, C3:97.37%, C4:97.29%, C5:97.70%, C6:97.67%, C7:97.41%, C8:97.41%, C9:97.97%] ---

--- global epoch 16/60 ---
--- At epoch 16, learning rate decays to 0.049255 ---
--- client 0 in epoch 16 [aggregation then communication] ---
--- client 1 in epoch 16 [aggregation then communication] ---
--- client 2 in epoch 16 [aggregation then communication] ---
--- client 3 in epoch 16 [aggregation then communication] ---
--- client 4 in epoch 16 [aggregation then communication] ---
--- client 5 in epoch 16 [aggregation then communication] ---
--- client 6 in epoch 16 [aggregation then communication] ---
--- client 7 in epoch 16 [aggregation then communication] ---
--- client 8 in epoch 16 [aggregation then communication] ---
--- client 9 in epoch 16 [aggregation then communication] ---
--- global epoch 16: global acc = 89.93% ---
--- local epoch 16: local acc = [C0:97.62%, C1:97.65%, C2:97.50%, C3:97.27%, C4:97.17%, C5:97.86%, C6:97.63%, C7:97.59%, C8:98.29%, C9:97.97%] ---

--- global epoch 17/60 ---
--- At epoch 17, learning rate decays to 0.049206 ---
--- client 0 in epoch 17 [aggregation then communication] ---
--- client 1 in epoch 17 [aggregation then communication] ---
--- client 2 in epoch 17 [aggregation then communication] ---
--- client 3 in epoch 17 [aggregation then communication] ---
--- client 4 in epoch 17 [aggregation then communication] ---
--- client 5 in epoch 17 [aggregation then communication] ---
--- client 6 in epoch 17 [aggregation then communication] ---
--- client 7 in epoch 17 [aggregation then communication] ---
--- client 8 in epoch 17 [aggregation then communication] ---
--- client 9 in epoch 17 [aggregation then communication] ---
--- global epoch 17: global acc = 90.88% ---
--- local epoch 17: local acc = [C0:98.69%, C1:98.05%, C2:97.54%, C3:97.61%, C4:97.79%, C5:97.93%, C6:98.02%, C7:97.67%, C8:97.86%, C9:98.35%] ---

--- global epoch 18/60 ---
--- At epoch 18, learning rate decays to 0.049157 ---
--- client 0 in epoch 18 [aggregation then communication] ---
--- client 1 in epoch 18 [aggregation then communication] ---
--- client 2 in epoch 18 [aggregation then communication] ---
--- client 3 in epoch 18 [aggregation then communication] ---
--- client 4 in epoch 18 [aggregation then communication] ---
--- client 5 in epoch 18 [aggregation then communication] ---
--- client 6 in epoch 18 [aggregation then communication] ---
--- client 7 in epoch 18 [aggregation then communication] ---
--- client 8 in epoch 18 [aggregation then communication] ---
--- client 9 in epoch 18 [aggregation then communication] ---
--- global epoch 18: global acc = 91.42% ---
--- local epoch 18: local acc = [C0:97.96%, C1:98.19%, C2:97.70%, C3:97.73%, C4:97.97%, C5:97.96%, C6:98.01%, C7:98.00%, C8:97.95%, C9:98.49%] ---

--- global epoch 19/60 ---
--- At epoch 19, learning rate decays to 0.049108 ---
--- client 0 in epoch 19 [aggregation then communication] ---
--- client 1 in epoch 19 [aggregation then communication] ---
--- client 2 in epoch 19 [aggregation then communication] ---
--- client 3 in epoch 19 [aggregation then communication] ---
--- client 4 in epoch 19 [aggregation then communication] ---
--- client 5 in epoch 19 [aggregation then communication] ---
--- client 6 in epoch 19 [aggregation then communication] ---
--- client 7 in epoch 19 [aggregation then communication] ---
--- client 8 in epoch 19 [aggregation then communication] ---
--- client 9 in epoch 19 [aggregation then communication] ---
--- global epoch 19: global acc = 91.43% ---
--- local epoch 19: local acc = [C0:98.37%, C1:98.75%, C2:98.37%, C3:98.37%, C4:97.97%, C5:98.09%, C6:98.26%, C7:98.06%, C8:98.31%, C9:98.41%] ---

--- global epoch 20/60 ---
--- At epoch 20, learning rate decays to 0.049059 ---
--- client 0 in epoch 20 [aggregation then communication] ---
--- client 1 in epoch 20 [aggregation then communication] ---
--- client 2 in epoch 20 [aggregation then communication] ---
--- client 3 in epoch 20 [aggregation then communication] ---
--- client 4 in epoch 20 [aggregation then communication] ---
--- client 5 in epoch 20 [aggregation then communication] ---
--- client 6 in epoch 20 [aggregation then communication] ---
--- client 7 in epoch 20 [aggregation then communication] ---
--- client 8 in epoch 20 [aggregation then communication] ---
--- client 9 in epoch 20 [aggregation then communication] ---
--- global epoch 20: global acc = 91.67% ---
--- local epoch 20: local acc = [C0:97.99%, C1:98.27%, C2:98.29%, C3:98.04%, C4:98.13%, C5:98.24%, C6:98.36%, C7:98.32%, C8:98.37%, C9:98.66%] ---

--- global epoch 21/60 ---
--- At epoch 21, learning rate decays to 0.049009 ---
--- client 0 in epoch 21 [aggregation then communication] ---
--- client 1 in epoch 21 [aggregation then communication] ---
--- client 2 in epoch 21 [aggregation then communication] ---
--- client 3 in epoch 21 [aggregation then communication] ---
--- client 4 in epoch 21 [aggregation then communication] ---
--- client 5 in epoch 21 [aggregation then communication] ---
--- client 6 in epoch 21 [aggregation then communication] ---
--- client 7 in epoch 21 [aggregation then communication] ---
--- client 8 in epoch 21 [aggregation then communication] ---
--- client 9 in epoch 21 [aggregation then communication] ---
--- global epoch 21: global acc = 91.03% ---
--- local epoch 21: local acc = [C0:98.40%, C1:98.42%, C2:98.50%, C3:98.65%, C4:98.35%, C5:98.27%, C6:98.59%, C7:98.23%, C8:98.56%, C9:98.38%] ---

--- global epoch 22/60 ---
--- At epoch 22, learning rate decays to 0.048960 ---
--- client 0 in epoch 22 [aggregation then communication] ---
--- client 1 in epoch 22 [aggregation then communication] ---
--- client 2 in epoch 22 [aggregation then communication] ---
--- client 3 in epoch 22 [aggregation then communication] ---
--- client 4 in epoch 22 [aggregation then communication] ---
--- client 5 in epoch 22 [aggregation then communication] ---
--- client 6 in epoch 22 [aggregation then communication] ---
--- client 7 in epoch 22 [aggregation then communication] ---
--- client 8 in epoch 22 [aggregation then communication] ---
--- client 9 in epoch 22 [aggregation then communication] ---
--- global epoch 22: global acc = 90.74% ---
--- local epoch 22: local acc = [C0:98.49%, C1:98.73%, C2:98.65%, C3:98.52%, C4:98.50%, C5:98.56%, C6:98.53%, C7:98.54%, C8:98.55%, C9:98.87%] ---

--- global epoch 23/60 ---
--- At epoch 23, learning rate decays to 0.048911 ---
--- client 0 in epoch 23 [aggregation then communication] ---
--- client 1 in epoch 23 [aggregation then communication] ---
--- client 2 in epoch 23 [aggregation then communication] ---
--- client 3 in epoch 23 [aggregation then communication] ---
--- client 4 in epoch 23 [aggregation then communication] ---
--- client 5 in epoch 23 [aggregation then communication] ---
--- client 6 in epoch 23 [aggregation then communication] ---
--- client 7 in epoch 23 [aggregation then communication] ---
--- client 8 in epoch 23 [aggregation then communication] ---
--- client 9 in epoch 23 [aggregation then communication] ---
--- global epoch 23: global acc = 91.13% ---
--- local epoch 23: local acc = [C0:98.74%, C1:98.82%, C2:98.39%, C3:98.75%, C4:98.73%, C5:98.27%, C6:98.62%, C7:98.46%, C8:98.71%, C9:98.93%] ---

--- global epoch 24/60 ---
--- At epoch 24, learning rate decays to 0.048863 ---
--- client 0 in epoch 24 [aggregation then communication] ---
--- client 1 in epoch 24 [aggregation then communication] ---
--- client 2 in epoch 24 [aggregation then communication] ---
--- client 3 in epoch 24 [aggregation then communication] ---
--- client 4 in epoch 24 [aggregation then communication] ---
--- client 5 in epoch 24 [aggregation then communication] ---
--- client 6 in epoch 24 [aggregation then communication] ---
--- client 7 in epoch 24 [aggregation then communication] ---
--- client 8 in epoch 24 [aggregation then communication] ---
--- client 9 in epoch 24 [aggregation then communication] ---
--- global epoch 24: global acc = 91.22% ---
--- local epoch 24: local acc = [C0:98.98%, C1:99.00%, C2:98.69%, C3:98.64%, C4:98.44%, C5:98.74%, C6:98.82%, C7:98.57%, C8:98.74%, C9:98.81%] ---

--- global epoch 25/60 ---
--- At epoch 25, learning rate decays to 0.048814 ---
--- client 0 in epoch 25 [aggregation then communication] ---
--- client 1 in epoch 25 [aggregation then communication] ---
--- client 2 in epoch 25 [aggregation then communication] ---
--- client 3 in epoch 25 [aggregation then communication] ---
--- client 4 in epoch 25 [aggregation then communication] ---
--- client 5 in epoch 25 [aggregation then communication] ---
--- client 6 in epoch 25 [aggregation then communication] ---
--- client 7 in epoch 25 [aggregation then communication] ---
--- client 8 in epoch 25 [aggregation then communication] ---
--- client 9 in epoch 25 [aggregation then communication] ---
--- global epoch 25: global acc = 90.36% ---
--- local epoch 25: local acc = [C0:98.73%, C1:98.96%, C2:98.88%, C3:98.90%, C4:98.48%, C5:98.63%, C6:98.99%, C7:98.49%, C8:98.91%, C9:98.93%] ---

--- global epoch 26/60 ---
--- At epoch 26, learning rate decays to 0.048765 ---
--- client 0 in epoch 26 [aggregation then communication] ---
--- client 1 in epoch 26 [aggregation then communication] ---
--- client 2 in epoch 26 [aggregation then communication] ---
--- client 3 in epoch 26 [aggregation then communication] ---
--- client 4 in epoch 26 [aggregation then communication] ---
--- client 5 in epoch 26 [aggregation then communication] ---
--- client 6 in epoch 26 [aggregation then communication] ---
--- client 7 in epoch 26 [aggregation then communication] ---
--- client 8 in epoch 26 [aggregation then communication] ---
--- client 9 in epoch 26 [aggregation then communication] ---
--- global epoch 26: global acc = 90.49% ---
--- local epoch 26: local acc = [C0:98.99%, C1:99.07%, C2:99.07%, C3:98.90%, C4:98.82%, C5:98.73%, C6:99.19%, C7:98.75%, C8:98.66%, C9:98.93%] ---

--- global epoch 27/60 ---
--- At epoch 27, learning rate decays to 0.048716 ---
--- client 0 in epoch 27 [aggregation then communication] ---
--- client 1 in epoch 27 [aggregation then communication] ---
--- client 2 in epoch 27 [aggregation then communication] ---
--- client 3 in epoch 27 [aggregation then communication] ---
--- client 4 in epoch 27 [aggregation then communication] ---
--- client 5 in epoch 27 [aggregation then communication] ---
--- client 6 in epoch 27 [aggregation then communication] ---
--- client 7 in epoch 27 [aggregation then communication] ---
--- client 8 in epoch 27 [aggregation then communication] ---
--- client 9 in epoch 27 [aggregation then communication] ---
--- global epoch 27: global acc = 91.24% ---
--- local epoch 27: local acc = [C0:98.97%, C1:99.46%, C2:98.86%, C3:99.09%, C4:98.88%, C5:99.17%, C6:99.09%, C7:98.81%, C8:99.12%, C9:99.24%] ---

--- global epoch 28/60 ---
--- At epoch 28, learning rate decays to 0.048667 ---
--- client 0 in epoch 28 [aggregation then communication] ---
--- client 1 in epoch 28 [aggregation then communication] ---
--- client 2 in epoch 28 [aggregation then communication] ---
--- client 3 in epoch 28 [aggregation then communication] ---
--- client 4 in epoch 28 [aggregation then communication] ---
--- client 5 in epoch 28 [aggregation then communication] ---
--- client 6 in epoch 28 [aggregation then communication] ---
--- client 7 in epoch 28 [aggregation then communication] ---
--- client 8 in epoch 28 [aggregation then communication] ---
--- client 9 in epoch 28 [aggregation then communication] ---
--- global epoch 28: global acc = 91.05% ---
--- local epoch 28: local acc = [C0:98.89%, C1:99.15%, C2:99.14%, C3:98.85%, C4:98.97%, C5:98.91%, C6:99.06%, C7:99.01%, C8:98.89%, C9:99.10%] ---

--- global epoch 29/60 ---
--- At epoch 29, learning rate decays to 0.048619 ---
--- client 0 in epoch 29 [aggregation then communication] ---
--- client 1 in epoch 29 [aggregation then communication] ---
--- client 2 in epoch 29 [aggregation then communication] ---
--- client 3 in epoch 29 [aggregation then communication] ---
--- client 4 in epoch 29 [aggregation then communication] ---
--- client 5 in epoch 29 [aggregation then communication] ---
--- client 6 in epoch 29 [aggregation then communication] ---
--- client 7 in epoch 29 [aggregation then communication] ---
--- client 8 in epoch 29 [aggregation then communication] ---
--- client 9 in epoch 29 [aggregation then communication] ---
--- global epoch 29: global acc = 91.87% ---
--- local epoch 29: local acc = [C0:98.75%, C1:99.12%, C2:99.16%, C3:99.12%, C4:98.90%, C5:99.11%, C6:99.37%, C7:98.96%, C8:99.01%, C9:99.20%] ---

--- global epoch 30/60 ---
--- At epoch 30, learning rate decays to 0.048570 ---
--- client 0 in epoch 30 [aggregation then communication] ---
--- client 1 in epoch 30 [aggregation then communication] ---
--- client 2 in epoch 30 [aggregation then communication] ---
--- client 3 in epoch 30 [aggregation then communication] ---
--- client 4 in epoch 30 [aggregation then communication] ---
--- client 5 in epoch 30 [aggregation then communication] ---
--- client 6 in epoch 30 [aggregation then communication] ---
--- client 7 in epoch 30 [aggregation then communication] ---
--- client 8 in epoch 30 [aggregation then communication] ---
--- client 9 in epoch 30 [aggregation then communication] ---
--- global epoch 30: global acc = 91.60% ---
--- local epoch 30: local acc = [C0:98.92%, C1:99.36%, C2:99.11%, C3:99.14%, C4:99.13%, C5:99.41%, C6:99.05%, C7:99.32%, C8:99.04%, C9:99.26%] ---

--- global epoch 31/60 ---
--- At epoch 31, learning rate decays to 0.048522 ---
--- client 0 in epoch 31 [aggregation then communication] ---
--- client 1 in epoch 31 [aggregation then communication] ---
--- client 2 in epoch 31 [aggregation then communication] ---
--- client 3 in epoch 31 [aggregation then communication] ---
--- client 4 in epoch 31 [aggregation then communication] ---
--- client 5 in epoch 31 [aggregation then communication] ---
--- client 6 in epoch 31 [aggregation then communication] ---
--- client 7 in epoch 31 [aggregation then communication] ---
--- client 8 in epoch 31 [aggregation then communication] ---
--- client 9 in epoch 31 [aggregation then communication] ---
--- global epoch 31: global acc = 91.51% ---
--- local epoch 31: local acc = [C0:98.84%, C1:99.45%, C2:99.30%, C3:98.95%, C4:99.13%, C5:98.99%, C6:99.22%, C7:99.07%, C8:99.13%, C9:99.06%] ---

--- global epoch 32/60 ---
--- At epoch 32, learning rate decays to 0.048473 ---
--- client 0 in epoch 32 [aggregation then communication] ---
--- client 1 in epoch 32 [aggregation then communication] ---
--- client 2 in epoch 32 [aggregation then communication] ---
--- client 3 in epoch 32 [aggregation then communication] ---
--- client 4 in epoch 32 [aggregation then communication] ---
--- client 5 in epoch 32 [aggregation then communication] ---
--- client 6 in epoch 32 [aggregation then communication] ---
--- client 7 in epoch 32 [aggregation then communication] ---
--- client 8 in epoch 32 [aggregation then communication] ---
--- client 9 in epoch 32 [aggregation then communication] ---
--- global epoch 32: global acc = 91.28% ---
--- local epoch 32: local acc = [C0:99.00%, C1:99.30%, C2:99.33%, C3:99.20%, C4:99.49%, C5:99.34%, C6:99.23%, C7:99.18%, C8:99.17%, C9:99.44%] ---

--- global epoch 33/60 ---
--- At epoch 33, learning rate decays to 0.048425 ---
--- client 0 in epoch 33 [aggregation then communication] ---
--- client 1 in epoch 33 [aggregation then communication] ---
--- client 2 in epoch 33 [aggregation then communication] ---
--- client 3 in epoch 33 [aggregation then communication] ---
--- client 4 in epoch 33 [aggregation then communication] ---
--- client 5 in epoch 33 [aggregation then communication] ---
--- client 6 in epoch 33 [aggregation then communication] ---
--- client 7 in epoch 33 [aggregation then communication] ---
--- client 8 in epoch 33 [aggregation then communication] ---
--- client 9 in epoch 33 [aggregation then communication] ---
--- global epoch 33: global acc = 91.47% ---
--- local epoch 33: local acc = [C0:99.09%, C1:99.27%, C2:99.33%, C3:99.23%, C4:99.03%, C5:99.39%, C6:99.36%, C7:99.29%, C8:99.05%, C9:99.29%] ---

--- global epoch 34/60 ---
--- At epoch 34, learning rate decays to 0.048376 ---
--- client 0 in epoch 34 [aggregation then communication] ---
--- client 1 in epoch 34 [aggregation then communication] ---
--- client 2 in epoch 34 [aggregation then communication] ---
--- client 3 in epoch 34 [aggregation then communication] ---
--- client 4 in epoch 34 [aggregation then communication] ---
--- client 5 in epoch 34 [aggregation then communication] ---
--- client 6 in epoch 34 [aggregation then communication] ---
--- client 7 in epoch 34 [aggregation then communication] ---
--- client 8 in epoch 34 [aggregation then communication] ---
--- client 9 in epoch 34 [aggregation then communication] ---
--- global epoch 34: global acc = 91.61% ---
--- local epoch 34: local acc = [C0:99.09%, C1:99.41%, C2:99.36%, C3:99.16%, C4:99.28%, C5:99.45%, C6:99.28%, C7:99.22%, C8:99.16%, C9:99.44%] ---

--- global epoch 35/60 ---
--- At epoch 35, learning rate decays to 0.048328 ---
--- client 0 in epoch 35 [aggregation then communication] ---
--- client 1 in epoch 35 [aggregation then communication] ---
--- client 2 in epoch 35 [aggregation then communication] ---
--- client 3 in epoch 35 [aggregation then communication] ---
--- client 4 in epoch 35 [aggregation then communication] ---
--- client 5 in epoch 35 [aggregation then communication] ---
--- client 6 in epoch 35 [aggregation then communication] ---
--- client 7 in epoch 35 [aggregation then communication] ---
--- client 8 in epoch 35 [aggregation then communication] ---
--- client 9 in epoch 35 [aggregation then communication] ---
--- global epoch 35: global acc = 91.54% ---
--- local epoch 35: local acc = [C0:99.39%, C1:99.45%, C2:99.36%, C3:99.17%, C4:99.20%, C5:99.39%, C6:99.44%, C7:99.15%, C8:99.23%, C9:99.36%] ---

--- global epoch 36/60 ---
--- At epoch 36, learning rate decays to 0.048279 ---
--- client 0 in epoch 36 [aggregation then communication] ---
--- client 1 in epoch 36 [aggregation then communication] ---
--- client 2 in epoch 36 [aggregation then communication] ---
--- client 3 in epoch 36 [aggregation then communication] ---
--- client 4 in epoch 36 [aggregation then communication] ---
--- client 5 in epoch 36 [aggregation then communication] ---
--- client 6 in epoch 36 [aggregation then communication] ---
--- client 7 in epoch 36 [aggregation then communication] ---
--- client 8 in epoch 36 [aggregation then communication] ---
--- client 9 in epoch 36 [aggregation then communication] ---
--- global epoch 36: global acc = 91.76% ---
--- local epoch 36: local acc = [C0:99.57%, C1:99.65%, C2:99.48%, C3:99.42%, C4:99.27%, C5:99.48%, C6:99.41%, C7:99.38%, C8:99.27%, C9:99.77%] ---

--- global epoch 37/60 ---
--- At epoch 37, learning rate decays to 0.048231 ---
--- client 0 in epoch 37 [aggregation then communication] ---
--- client 1 in epoch 37 [aggregation then communication] ---
--- client 2 in epoch 37 [aggregation then communication] ---
--- client 3 in epoch 37 [aggregation then communication] ---
--- client 4 in epoch 37 [aggregation then communication] ---
--- client 5 in epoch 37 [aggregation then communication] ---
--- client 6 in epoch 37 [aggregation then communication] ------ client 7 in epoch 37 [aggregation then communication] ---

--- client 8 in epoch 37 [aggregation then communication] ---
--- client 9 in epoch 37 [aggregation then communication] ---
--- global epoch 37: global acc = 91.63% ---
--- local epoch 37: local acc = [C0:99.47%, C1:99.44%, C2:99.39%, C3:99.43%, C4:99.43%, C5:99.33%, C6:99.64%, C7:99.43%, C8:99.28%, C9:99.23%] ---

--- global epoch 38/60 ---
--- At epoch 38, learning rate decays to 0.048183 ---
--- client 0 in epoch 38 [aggregation then communication] ---
--- client 1 in epoch 38 [aggregation then communication] ---
--- client 2 in epoch 38 [aggregation then communication] ---
--- client 3 in epoch 38 [aggregation then communication] ---
--- client 4 in epoch 38 [aggregation then communication] ---
--- client 5 in epoch 38 [aggregation then communication] ---
--- client 6 in epoch 38 [aggregation then communication] ---
--- client 7 in epoch 38 [aggregation then communication] ---
--- client 8 in epoch 38 [aggregation then communication] ---
--- client 9 in epoch 38 [aggregation then communication] ---
--- global epoch 38: global acc = 91.63% ---
--- local epoch 38: local acc = [C0:99.21%, C1:99.53%, C2:99.49%, C3:99.53%, C4:99.47%, C5:99.59%, C6:99.61%, C7:99.30%, C8:99.59%, C9:99.26%] ---

--- global epoch 39/60 ---
--- At epoch 39, learning rate decays to 0.048135 ---
--- client 0 in epoch 39 [aggregation then communication] ---
--- client 1 in epoch 39 [aggregation then communication] ---
--- client 2 in epoch 39 [aggregation then communication] ---
--- client 3 in epoch 39 [aggregation then communication] ---
--- client 4 in epoch 39 [aggregation then communication] ---
--- client 5 in epoch 39 [aggregation then communication] ---
--- client 6 in epoch 39 [aggregation then communication] ---
--- client 7 in epoch 39 [aggregation then communication] ---
--- client 8 in epoch 39 [aggregation then communication] ---
--- client 9 in epoch 39 [aggregation then communication] ---
--- global epoch 39: global acc = 92.00% ---
--- local epoch 39: local acc = [C0:99.34%, C1:99.43%, C2:99.45%, C3:99.22%, C4:99.52%, C5:99.54%, C6:99.43%, C7:99.42%, C8:99.49%, C9:99.54%] ---

--- global epoch 40/60 ---
--- At epoch 40, learning rate decays to 0.048087 ---
--- client 0 in epoch 40 [aggregation then communication] ---
--- client 1 in epoch 40 [aggregation then communication] ---
--- client 2 in epoch 40 [aggregation then communication] ---
--- client 3 in epoch 40 [aggregation then communication] ---
--- client 4 in epoch 40 [aggregation then communication] ---
--- client 5 in epoch 40 [aggregation then communication] ---
--- client 6 in epoch 40 [aggregation then communication] ---
--- client 7 in epoch 40 [aggregation then communication] ---
--- client 8 in epoch 40 [aggregation then communication] ---
--- client 9 in epoch 40 [aggregation then communication] ---
--- global epoch 40: global acc = 91.95% ---
--- local epoch 40: local acc = [C0:99.64%, C1:99.60%, C2:99.67%, C3:99.62%, C4:99.44%, C5:99.67%, C6:99.72%, C7:99.42%, C8:99.54%, C9:99.80%] ---

--- global epoch 41/60 ---
--- At epoch 41, learning rate decays to 0.048039 ---
--- client 0 in epoch 41 [aggregation then communication] ---
--- client 1 in epoch 41 [aggregation then communication] ---
--- client 2 in epoch 41 [aggregation then communication] ---
--- client 3 in epoch 41 [aggregation then communication] ---
--- client 4 in epoch 41 [aggregation then communication] ---
--- client 5 in epoch 41 [aggregation then communication] ---
--- client 6 in epoch 41 [aggregation then communication] ---
--- client 7 in epoch 41 [aggregation then communication] ---
--- client 8 in epoch 41 [aggregation then communication] ---
--- client 9 in epoch 41 [aggregation then communication] ---
--- global epoch 41: global acc = 91.95% ---
--- local epoch 41: local acc = [C0:99.28%, C1:99.46%, C2:99.51%, C3:99.82%, C4:99.62%, C5:99.41%, C6:99.62%, C7:99.31%, C8:99.59%, C9:99.49%] ---

--- global epoch 42/60 ---
--- At epoch 42, learning rate decays to 0.047990 ---
--- client 0 in epoch 42 [aggregation then communication] ---
--- client 1 in epoch 42 [aggregation then communication] ---
--- client 2 in epoch 42 [aggregation then communication] ---
--- client 3 in epoch 42 [aggregation then communication] ---
--- client 4 in epoch 42 [aggregation then communication] ---
--- client 5 in epoch 42 [aggregation then communication] ---
--- client 6 in epoch 42 [aggregation then communication] ---
--- client 7 in epoch 42 [aggregation then communication] ---
--- client 8 in epoch 42 [aggregation then communication] ---
--- client 9 in epoch 42 [aggregation then communication] ---
--- global epoch 42: global acc = 91.42% ---
--- local epoch 42: local acc = [C0:99.66%, C1:99.50%, C2:99.46%, C3:99.22%, C4:99.35%, C5:99.69%, C6:99.81%, C7:99.36%, C8:99.61%, C9:99.34%] ---

--- global epoch 43/60 ---
--- At epoch 43, learning rate decays to 0.047942 ---
--- client 0 in epoch 43 [aggregation then communication] ---
--- client 1 in epoch 43 [aggregation then communication] ---
--- client 2 in epoch 43 [aggregation then communication] ---
--- client 3 in epoch 43 [aggregation then communication] ---
--- client 4 in epoch 43 [aggregation then communication] ---
--- client 5 in epoch 43 [aggregation then communication] ---
--- client 6 in epoch 43 [aggregation then communication] ---
--- client 7 in epoch 43 [aggregation then communication] ---
--- client 8 in epoch 43 [aggregation then communication] ---
--- client 9 in epoch 43 [aggregation then communication] ---
--- global epoch 43: global acc = 91.91% ---
--- local epoch 43: local acc = [C0:99.28%, C1:99.76%, C2:99.82%, C3:99.68%, C4:99.73%, C5:99.57%, C6:99.63%, C7:99.46%, C8:99.66%, C9:99.83%] ---

--- global epoch 44/60 ---
--- At epoch 44, learning rate decays to 0.047895 ---
--- client 0 in epoch 44 [aggregation then communication] ---
--- client 1 in epoch 44 [aggregation then communication] ---
--- client 2 in epoch 44 [aggregation then communication] ---
--- client 3 in epoch 44 [aggregation then communication] ---
--- client 4 in epoch 44 [aggregation then communication] ---
--- client 5 in epoch 44 [aggregation then communication] ---
--- client 6 in epoch 44 [aggregation then communication] ---
--- client 7 in epoch 44 [aggregation then communication] ---
--- client 8 in epoch 44 [aggregation then communication] ---
--- client 9 in epoch 44 [aggregation then communication] ---
--- global epoch 44: global acc = 92.11% ---
--- local epoch 44: local acc = [C0:99.92%, C1:99.82%, C2:99.91%, C3:99.36%, C4:99.59%, C5:99.57%, C6:99.66%, C7:99.78%, C8:99.61%, C9:99.80%] ---

--- global epoch 45/60 ---
--- At epoch 45, learning rate decays to 0.047847 ---
--- client 0 in epoch 45 [aggregation then communication] ---
--- client 1 in epoch 45 [aggregation then communication] ---
--- client 2 in epoch 45 [aggregation then communication] ---
--- client 3 in epoch 45 [aggregation then communication] ---
--- client 4 in epoch 45 [aggregation then communication] ---
--- client 5 in epoch 45 [aggregation then communication] ---
--- client 6 in epoch 45 [aggregation then communication] ---
--- client 7 in epoch 45 [aggregation then communication] ---
--- client 8 in epoch 45 [aggregation then communication] ---
--- client 9 in epoch 45 [aggregation then communication] ---
--- global epoch 45: global acc = 91.86% ---
--- local epoch 45: local acc = [C0:99.57%, C1:99.52%, C2:99.29%, C3:99.83%, C4:99.41%, C5:99.76%, C6:99.70%, C7:99.54%, C8:99.44%, C9:99.92%] ---

--- global epoch 46/60 ---
--- At epoch 46, learning rate decays to 0.047799 ---
--- client 0 in epoch 46 [aggregation then communication] ---
--- client 1 in epoch 46 [aggregation then communication] ---
--- client 2 in epoch 46 [aggregation then communication] ---
--- client 3 in epoch 46 [aggregation then communication] ---
--- client 4 in epoch 46 [aggregation then communication] ---
--- client 5 in epoch 46 [aggregation then communication] ---
--- client 6 in epoch 46 [aggregation then communication] ---
--- client 7 in epoch 46 [aggregation then communication] ---
--- client 8 in epoch 46 [aggregation then communication] ---
--- client 9 in epoch 46 [aggregation then communication] ---
--- global epoch 46: global acc = 91.91% ---
--- local epoch 46: local acc = [C0:99.72%, C1:99.74%, C2:99.87%, C3:99.53%, C4:99.58%, C5:99.68%, C6:99.91%, C7:99.63%, C8:99.89%, C9:99.82%] ---

--- global epoch 47/60 ---
--- At epoch 47, learning rate decays to 0.047751 ---
--- client 0 in epoch 47 [aggregation then communication] ---
--- client 1 in epoch 47 [aggregation then communication] ---
--- client 2 in epoch 47 [aggregation then communication] ---
--- client 3 in epoch 47 [aggregation then communication] ---
--- client 4 in epoch 47 [aggregation then communication] ---
--- client 5 in epoch 47 [aggregation then communication] ---
--- client 6 in epoch 47 [aggregation then communication] ---
--- client 7 in epoch 47 [aggregation then communication] ---
--- client 8 in epoch 47 [aggregation then communication] ---
--- client 9 in epoch 47 [aggregation then communication] ---
--- global epoch 47: global acc = 91.67% ---
--- local epoch 47: local acc = [C0:99.48%, C1:99.98%, C2:99.87%, C3:99.92%, C4:99.73%, C5:99.70%, C6:99.48%, C7:99.92%, C8:99.99%, C9:99.74%] ---

--- global epoch 48/60 ---
--- At epoch 48, learning rate decays to 0.047703 ---
--- client 0 in epoch 48 [aggregation then communication] ---
--- client 1 in epoch 48 [aggregation then communication] ---
--- client 2 in epoch 48 [aggregation then communication] ---
--- client 3 in epoch 48 [aggregation then communication] ---
--- client 4 in epoch 48 [aggregation then communication] ---
--- client 5 in epoch 48 [aggregation then communication] ---
--- client 6 in epoch 48 [aggregation then communication] ---
--- client 7 in epoch 48 [aggregation then communication] ---
--- client 8 in epoch 48 [aggregation then communication] ---
--- client 9 in epoch 48 [aggregation then communication] ---
--- global epoch 48: global acc = 91.76% ---
--- local epoch 48: local acc = [C0:99.54%, C1:99.39%, C2:99.52%, C3:99.98%, C4:99.39%, C5:99.47%, C6:99.90%, C7:99.42%, C8:99.35%, C9:99.83%] ---

--- global epoch 49/60 ---
--- At epoch 49, learning rate decays to 0.047656 ---
--- client 0 in epoch 49 [aggregation then communication] ---
--- client 1 in epoch 49 [aggregation then communication] ---
--- client 2 in epoch 49 [aggregation then communication] ---
--- client 3 in epoch 49 [aggregation then communication] ---
--- client 4 in epoch 49 [aggregation then communication] ---
--- client 5 in epoch 49 [aggregation then communication] ---
--- client 6 in epoch 49 [aggregation then communication] ---
--- client 7 in epoch 49 [aggregation then communication] ---
--- client 8 in epoch 49 [aggregation then communication] ---
--- client 9 in epoch 49 [aggregation then communication] ---
--- global epoch 49: global acc = 91.70% ---
--- local epoch 49: local acc = [C0:99.86%, C1:99.72%, C2:99.81%, C3:99.70%, C4:99.87%, C5:99.92%, C6:99.59%, C7:99.88%, C8:99.92%, C9:99.69%] ---

--- global epoch 50/60 ---
--- At epoch 50, learning rate decays to 0.047608 ---
--- client 0 in epoch 50 [aggregation then communication] ---
--- client 1 in epoch 50 [aggregation then communication] ---
--- client 2 in epoch 50 [aggregation then communication] ---
--- client 3 in epoch 50 [aggregation then communication] ---
--- client 4 in epoch 50 [aggregation then communication] ---
--- client 5 in epoch 50 [aggregation then communication] ---
--- client 6 in epoch 50 [aggregation then communication] ---
--- client 7 in epoch 50 [aggregation then communication] ---
--- client 8 in epoch 50 [aggregation then communication] ---
--- client 9 in epoch 50 [aggregation then communication] ---
--- global epoch 50: global acc = 92.06% ---
--- local epoch 50: local acc = [C0:99.81%, C1:99.70%, C2:99.98%, C3:99.81%, C4:99.40%, C5:99.58%, C6:99.83%, C7:99.38%, C8:99.87%, C9:99.77%] ---

--- global epoch 51/60 ---
--- At epoch 51, learning rate decays to 0.047560 ---
--- client 0 in epoch 51 [aggregation then communication] ---
--- client 1 in epoch 51 [aggregation then communication] ---
--- client 2 in epoch 51 [aggregation then communication] ---
--- client 3 in epoch 51 [aggregation then communication] ---
--- client 4 in epoch 51 [aggregation then communication] ---
--- client 5 in epoch 51 [aggregation then communication] ---
--- client 6 in epoch 51 [aggregation then communication] ---
--- client 7 in epoch 51 [aggregation then communication] ---
--- client 8 in epoch 51 [aggregation then communication] ---
--- client 9 in epoch 51 [aggregation then communication] ---
--- global epoch 51: global acc = 91.83% ---
--- local epoch 51: local acc = [C0:99.53%, C1:99.79%, C2:99.07%, C3:99.93%, C4:99.93%, C5:99.87%, C6:99.99%, C7:99.48%, C8:99.81%, C9:99.97%] ---

--- global epoch 52/60 ---
--- At epoch 52, learning rate decays to 0.047513 ---
--- client 0 in epoch 52 [aggregation then communication] ---
--- client 1 in epoch 52 [aggregation then communication] ---
--- client 2 in epoch 52 [aggregation then communication] ---
--- client 3 in epoch 52 [aggregation then communication] ---
--- client 4 in epoch 52 [aggregation then communication] ---
--- client 5 in epoch 52 [aggregation then communication] ---
--- client 6 in epoch 52 [aggregation then communication] ---
--- client 7 in epoch 52 [aggregation then communication] ---
--- client 8 in epoch 52 [aggregation then communication] ---
--- client 9 in epoch 52 [aggregation then communication] ---
--- global epoch 52: global acc = 92.13% ---
--- local epoch 52: local acc = [C0:99.74%, C1:99.97%, C2:99.99%, C3:99.68%, C4:99.32%, C5:99.88%, C6:99.71%, C7:99.74%, C8:99.75%, C9:99.80%] ---

--- global epoch 53/60 ---
--- At epoch 53, learning rate decays to 0.047465 ---
--- client 0 in epoch 53 [aggregation then communication] ---
--- client 1 in epoch 53 [aggregation then communication] ---
--- client 2 in epoch 53 [aggregation then communication] ---
--- client 3 in epoch 53 [aggregation then communication] ---
--- client 4 in epoch 53 [aggregation then communication] ---
--- client 5 in epoch 53 [aggregation then communication] ---
--- client 6 in epoch 53 [aggregation then communication] ---
--- client 7 in epoch 53 [aggregation then communication] ---
--- client 8 in epoch 53 [aggregation then communication] ---
--- client 9 in epoch 53 [aggregation then communication] ---
--- global epoch 53: global acc = 92.11% ---
--- local epoch 53: local acc = [C0:99.87%, C1:99.86%, C2:99.82%, C3:99.89%, C4:99.87%, C5:99.84%, C6:99.72%, C7:99.78%, C8:99.97%, C9:99.89%] ---

--- global epoch 54/60 ---
--- At epoch 54, learning rate decays to 0.047418 ---
--- client 0 in epoch 54 [aggregation then communication] ---
--- client 1 in epoch 54 [aggregation then communication] ---
--- client 2 in epoch 54 [aggregation then communication] ---
--- client 3 in epoch 54 [aggregation then communication] ---
--- client 4 in epoch 54 [aggregation then communication] ---
--- client 5 in epoch 54 [aggregation then communication] ---
--- client 6 in epoch 54 [aggregation then communication] ---
--- client 7 in epoch 54 [aggregation then communication] ---
--- client 8 in epoch 54 [aggregation then communication] ------ client 9 in epoch 54 [aggregation then communication] ---

--- global epoch 54: global acc = 91.93% ---
--- local epoch 54: local acc = [C0:99.84%, C1:99.81%, C2:99.98%, C3:99.99%, C4:99.97%, C5:99.93%, C6:99.94%, C7:99.92%, C8:99.73%, C9:99.97%] ---

--- global epoch 55/60 ---
--- At epoch 55, learning rate decays to 0.047370 ---
--- client 0 in epoch 55 [aggregation then communication] ---
--- client 1 in epoch 55 [aggregation then communication] ---
--- client 2 in epoch 55 [aggregation then communication] ---
--- client 3 in epoch 55 [aggregation then communication] ---
--- client 4 in epoch 55 [aggregation then communication] ---
--- client 5 in epoch 55 [aggregation then communication] ---
--- client 6 in epoch 55 [aggregation then communication] ---
--- client 7 in epoch 55 [aggregation then communication] ---
--- client 8 in epoch 55 [aggregation then communication] ------ client 9 in epoch 55 [aggregation then communication] ---

--- global epoch 55: global acc = 92.03% ---
--- local epoch 55: local acc = [C0:99.92%, C1:99.95%, C2:99.61%, C3:99.89%, C4:99.88%, C5:99.99%, C6:99.94%, C7:99.54%, C8:99.75%, C9:99.40%] ---

--- global epoch 56/60 ---
--- At epoch 56, learning rate decays to 0.047323 ---
--- client 0 in epoch 56 [aggregation then communication] ---
--- client 1 in epoch 56 [aggregation then communication] ---
--- client 2 in epoch 56 [aggregation then communication] ---
--- client 3 in epoch 56 [aggregation then communication] ---
--- client 4 in epoch 56 [aggregation then communication] ---
--- client 5 in epoch 56 [aggregation then communication] ---
--- client 6 in epoch 56 [aggregation then communication] ---
--- client 7 in epoch 56 [aggregation then communication] ---
--- client 8 in epoch 56 [aggregation then communication] ---
--- client 9 in epoch 56 [aggregation then communication] ---
--- global epoch 56: global acc = 91.89% ---
--- local epoch 56: local acc = [C0:99.83%, C1:99.84%, C2:99.97%, C3:99.43%, C4:99.73%, C5:99.41%, C6:99.97%, C7:99.89%, C8:99.97%, C9:100.00%] ---

--- global epoch 57/60 ---
--- At epoch 57, learning rate decays to 0.047276 ---
--- client 0 in epoch 57 [aggregation then communication] ---
--- client 1 in epoch 57 [aggregation then communication] ---
--- client 2 in epoch 57 [aggregation then communication] ---
--- client 3 in epoch 57 [aggregation then communication] ---
--- client 4 in epoch 57 [aggregation then communication] ---
--- client 5 in epoch 57 [aggregation then communication] ---
--- client 6 in epoch 57 [aggregation then communication] ---
--- client 7 in epoch 57 [aggregation then communication] ---
--- client 8 in epoch 57 [aggregation then communication] ---
--- client 9 in epoch 57 [aggregation then communication] ---
--- global epoch 57: global acc = 91.68% ---
--- local epoch 57: local acc = [C0:99.82%, C1:99.56%, C2:99.91%, C3:99.99%, C4:99.94%, C5:99.84%, C6:99.67%, C7:99.98%, C8:99.94%, C9:99.97%] ---

--- global epoch 58/60 ---
--- At epoch 58, learning rate decays to 0.047228 ---
--- client 0 in epoch 58 [aggregation then communication] ---
--- client 1 in epoch 58 [aggregation then communication] ---
--- client 2 in epoch 58 [aggregation then communication] ---
--- client 3 in epoch 58 [aggregation then communication] ---
--- client 4 in epoch 58 [aggregation then communication] ---
--- client 5 in epoch 58 [aggregation then communication] ---
--- client 6 in epoch 58 [aggregation then communication] ---
--- client 7 in epoch 58 [aggregation then communication] ---
--- client 8 in epoch 58 [aggregation then communication] ---
--- client 9 in epoch 58 [aggregation then communication] ---
--- global epoch 58: global acc = 92.01% ---
--- local epoch 58: local acc = [C0:99.84%, C1:100.00%, C2:100.00%, C3:99.98%, C4:99.95%, C5:99.99%, C6:99.98%, C7:99.98%, C8:99.86%, C9:99.36%] ---

--- global epoch 59/60 ---
--- At epoch 59, learning rate decays to 0.047181 ---
--- client 0 in epoch 59 [aggregation then communication] ---
--- client 1 in epoch 59 [aggregation then communication] ---
--- client 2 in epoch 59 [aggregation then communication] ---
--- client 3 in epoch 59 [aggregation then communication] ---
--- client 4 in epoch 59 [aggregation then communication] ---
--- client 5 in epoch 59 [aggregation then communication] ------ client 6 in epoch 59 [aggregation then communication] ---

--- client 7 in epoch 59 [aggregation then communication] ---
--- client 8 in epoch 59 [aggregation then communication] ---
--- client 9 in epoch 59 [aggregation then communication] ---
--- global epoch 59: global acc = 92.10% ---
--- local epoch 59: local acc = [C0:99.98%, C1:99.69%, C2:99.75%, C3:99.97%, C4:100.00%, C5:99.85%, C6:99.99%, C7:99.85%, C8:99.96%, C9:99.99%] ---

--- global epoch 60/60 ---
--- At epoch 60, learning rate decays to 0.047134 ---
--- client 0 in epoch 60 [aggregation then communication] ---
--- client 1 in epoch 60 [aggregation then communication] ---
--- client 2 in epoch 60 [aggregation then communication] ---
--- client 3 in epoch 60 [aggregation then communication] ---
--- client 4 in epoch 60 [aggregation then communication] ---
--- client 5 in epoch 60 [aggregation then communication] ---
--- client 6 in epoch 60 [aggregation then communication] ---
--- client 7 in epoch 60 [aggregation then communication] ---
--- client 8 in epoch 60 [aggregation then communication] ---
--- client 9 in epoch 60 [aggregation then communication] ---
--- global epoch 60: global acc = 92.17% ---
--- local epoch 60: local acc = [C0:99.99%, C1:100.00%, C2:99.98%, C3:99.60%, C4:99.80%, C5:99.91%, C6:100.00%, C7:99.61%, C8:99.48%, C9:99.98%] ---
Total runtime: 3398.30s (0:56:38)

 saving results
results save in C:\Users\Kong\Desktop\\decentralized_federated_learning-master\decentralized_federated_learning-master\res\clients_10-epochs_5-20250921_121052.json
