client 0 initial number of neighbors: 9
client 1 initial number of neighbors: 9
client 2 initial number of neighbors: 9
client 3 initial number of neighbors: 9
client 4 initial number of neighbors: 9
client 5 initial number of neighbors: 9
client 6 initial number of neighbors: 9
client 7 initial number of neighbors: 9
client 8 initial number of neighbors: 9
client 9 initial number of neighbors: 9

 training begins! (epoch-by-epoch parallel mode with global evaluation)

--- global epoch 1/60 ---
--- client 0 in epoch 1 [aggregation then communication] ---
--- client 1 in epoch 1 [aggregation then communication] ---
--- client 2 in epoch 1 [aggregation then communication] ---
--- client 3 in epoch 1 [aggregation then communication] ---
--- client 4 in epoch 1 [aggregation then communication] ---
--- client 5 in epoch 1 [aggregation then communication] ---
--- client 6 in epoch 1 [aggregation then communication] ---
--- client 7 in epoch 1 [aggregation then communication] ---
--- client 8 in epoch 1 [aggregation then communication] ---
--- client 9 in epoch 1 [aggregation then communication] ---
--- global epoch 1: global acc = 10.00% ---
--- local epoch 1: local acc = [C0:81.72%, C1:81.14%, C2:80.54%, C3:80.67%, C4:80.50%, C5:81.66%, C6:82.27%, C7:80.81%, C8:81.19%, C9:81.65%] ---

--- global epoch 2/60 ---
--- At epoch 2, learning rate decays to 0.049950 ---
--- client 0 in epoch 2 [aggregation then communication] ---
--- client 1 in epoch 2 [aggregation then communication] ---
--- client 2 in epoch 2 [aggregation then communication] ---
--- client 3 in epoch 2 [aggregation then communication] ---
--- client 4 in epoch 2 [aggregation then communication] ---
--- client 5 in epoch 2 [aggregation then communication] ---
--- client 6 in epoch 2 [aggregation then communication] ---
--- client 7 in epoch 2 [aggregation then communication] ---
--- client 8 in epoch 2 [aggregation then communication] ---
--- client 9 in epoch 2 [aggregation then communication] ---
--- global epoch 2: global acc = 12.05% ---
--- local epoch 2: local acc = [C0:88.04%, C1:89.00%, C2:87.95%, C3:88.05%, C4:89.20%, C5:90.12%, C6:88.50%, C7:88.31%, C8:88.54%, C9:88.65%] ---

--- global epoch 3/60 ---
--- At epoch 3, learning rate decays to 0.049900 ---
--- client 0 in epoch 3 [aggregation then communication] ---
--- client 1 in epoch 3 [aggregation then communication] ---
--- client 2 in epoch 3 [aggregation then communication] ---
--- client 3 in epoch 3 [aggregation then communication] ---
--- client 4 in epoch 3 [aggregation then communication] ---
--- client 5 in epoch 3 [aggregation then communication] ---
--- client 6 in epoch 3 [aggregation then communication] ---
--- client 7 in epoch 3 [aggregation then communication] ---
--- client 8 in epoch 3 [aggregation then communication] ---
--- client 9 in epoch 3 [aggregation then communication] ---
--- global epoch 3: global acc = 76.34% ---
--- local epoch 3: local acc = [C0:91.70%, C1:92.49%, C2:93.51%, C3:91.87%, C4:92.37%, C5:92.49%, C6:92.49%, C7:92.18%, C8:91.89%, C9:92.55%] ---

--- global epoch 4/60 ---
--- At epoch 4, learning rate decays to 0.049850 ---
--- client 0 in epoch 4 [aggregation then communication] ---
--- client 1 in epoch 4 [aggregation then communication] ---
--- client 2 in epoch 4 [aggregation then communication] ---
--- client 3 in epoch 4 [aggregation then communication] ---
--- client 4 in epoch 4 [aggregation then communication] ---
--- client 5 in epoch 4 [aggregation then communication] ---
--- client 6 in epoch 4 [aggregation then communication] ---
--- client 7 in epoch 4 [aggregation then communication] ---
--- client 8 in epoch 4 [aggregation then communication] ---
--- client 9 in epoch 4 [aggregation then communication] ---
--- global epoch 4: global acc = 86.37% ---
--- local epoch 4: local acc = [C0:94.33%, C1:95.11%, C2:94.33%, C3:94.22%, C4:94.44%, C5:94.85%, C6:94.84%, C7:94.67%, C8:94.67%, C9:94.81%] ---

--- global epoch 5/60 ---
--- At epoch 5, learning rate decays to 0.049800 ---
--- client 0 in epoch 5 [aggregation then communication] ---
--- client 1 in epoch 5 [aggregation then communication] ---
--- client 2 in epoch 5 [aggregation then communication] ---
--- client 3 in epoch 5 [aggregation then communication] ---
--- client 4 in epoch 5 [aggregation then communication] ---
--- client 5 in epoch 5 [aggregation then communication] ---
--- client 6 in epoch 5 [aggregation then communication] ---
--- client 7 in epoch 5 [aggregation then communication] ---
--- client 8 in epoch 5 [aggregation then communication] ---
--- client 9 in epoch 5 [aggregation then communication] ---
--- global epoch 5: global acc = 86.59% ---
--- local epoch 5: local acc = [C0:96.44%, C1:95.96%, C2:95.46%, C3:95.74%, C4:96.33%, C5:96.16%, C6:96.20%, C7:96.16%, C8:95.96%, C9:96.56%] ---

--- global epoch 6/60 ---
--- At epoch 6, learning rate decays to 0.049750 ---
--- client 0 in epoch 6 [aggregation then communication] ---
--- client 1 in epoch 6 [aggregation then communication] ---
--- client 2 in epoch 6 [aggregation then communication] ---
--- client 3 in epoch 6 [aggregation then communication] ---
--- client 4 in epoch 6 [aggregation then communication] ---
--- client 5 in epoch 6 [aggregation then communication] ---
--- client 6 in epoch 6 [aggregation then communication] ---
--- client 7 in epoch 6 [aggregation then communication] ---
--- client 8 in epoch 6 [aggregation then communication] ---
--- client 9 in epoch 6 [aggregation then communication] ---
--- global epoch 6: global acc = 89.61% ---
--- local epoch 6: local acc = [C0:96.80%, C1:97.41%, C2:96.69%, C3:96.85%, C4:97.48%, C5:97.36%, C6:97.11%, C7:96.73%, C8:97.05%, C9:97.70%] ---

--- global epoch 7/60 ---
--- At epoch 7, learning rate decays to 0.049701 ---
--- client 0 in epoch 7 [aggregation then communication] ---
--- client 1 in epoch 7 [aggregation then communication] ---
--- client 2 in epoch 7 [aggregation then communication] ---
--- client 3 in epoch 7 [aggregation then communication] ---
--- client 4 in epoch 7 [aggregation then communication] ---
--- client 5 in epoch 7 [aggregation then communication] ---
--- client 6 in epoch 7 [aggregation then communication] ---
--- client 7 in epoch 7 [aggregation then communication] ---
--- client 8 in epoch 7 [aggregation then communication] ---
--- client 9 in epoch 7 [aggregation then communication] ---
--- global epoch 7: global acc = 89.60% ---
--- local epoch 7: local acc = [C0:97.52%, C1:97.66%, C2:98.42%, C3:97.81%, C4:97.35%, C5:97.52%, C6:97.72%, C7:97.71%, C8:97.58%, C9:98.02%] ---

--- global epoch 8/60 ---
--- At epoch 8, learning rate decays to 0.049651 ---
--- client 0 in epoch 8 [aggregation then communication] ---
--- client 1 in epoch 8 [aggregation then communication] ---
--- client 2 in epoch 8 [aggregation then communication] ---
--- client 3 in epoch 8 [aggregation then communication] ---
--- client 4 in epoch 8 [aggregation then communication] ---
--- client 5 in epoch 8 [aggregation then communication] ---
--- client 6 in epoch 8 [aggregation then communication] ---
--- client 7 in epoch 8 [aggregation then communication] ---
--- client 8 in epoch 8 [aggregation then communication] ---
--- client 9 in epoch 8 [aggregation then communication] ---
--- global epoch 8: global acc = 89.86% ---
--- local epoch 8: local acc = [C0:98.36%, C1:98.22%, C2:97.93%, C3:97.67%, C4:97.96%, C5:97.89%, C6:98.39%, C7:98.35%, C8:97.97%, C9:98.24%] ---

--- global epoch 9/60 ---
--- At epoch 9, learning rate decays to 0.049601 ---
--- client 0 in epoch 9 [aggregation then communication] ---
--- client 1 in epoch 9 [aggregation then communication] ---
--- client 2 in epoch 9 [aggregation then communication] ---
--- client 3 in epoch 9 [aggregation then communication] ---
--- client 4 in epoch 9 [aggregation then communication] ---
--- client 5 in epoch 9 [aggregation then communication] ---
--- client 6 in epoch 9 [aggregation then communication] ---
--- client 7 in epoch 9 [aggregation then communication] ---
--- client 8 in epoch 9 [aggregation then communication] ---
--- client 9 in epoch 9 [aggregation then communication] ---
--- global epoch 9: global acc = 90.75% ---
--- local epoch 9: local acc = [C0:98.44%, C1:98.29%, C2:98.18%, C3:98.29%, C4:98.02%, C5:98.76%, C6:98.74%, C7:98.19%, C8:98.23%, C9:98.44%] ---

--- global epoch 10/60 ---
--- At epoch 10, learning rate decays to 0.049552 ---
--- client 0 in epoch 10 [aggregation then communication] ---
--- client 1 in epoch 10 [aggregation then communication] ---
--- client 2 in epoch 10 [aggregation then communication] ---
--- client 3 in epoch 10 [aggregation then communication] ---
--- client 4 in epoch 10 [aggregation then communication] ---
--- client 5 in epoch 10 [aggregation then communication] ---
--- client 6 in epoch 10 [aggregation then communication] ---
--- client 7 in epoch 10 [aggregation then communication] ---
--- client 8 in epoch 10 [aggregation then communication] ---
--- client 9 in epoch 10 [aggregation then communication] ---
--- global epoch 10: global acc = 90.43% ---
--- local epoch 10: local acc = [C0:98.59%, C1:98.80%, C2:98.45%, C3:98.40%, C4:98.90%, C5:98.41%, C6:98.48%, C7:98.63%, C8:98.47%, C9:98.79%] ---

--- global epoch 11/60 ---
--- At epoch 11, learning rate decays to 0.049502 ---
--- client 0 in epoch 11 [aggregation then communication] ---
--- client 1 in epoch 11 [aggregation then communication] ---
--- client 2 in epoch 11 [aggregation then communication] ---
--- client 3 in epoch 11 [aggregation then communication] ---
--- client 4 in epoch 11 [aggregation then communication] ---
--- client 5 in epoch 11 [aggregation then communication] ---
--- client 6 in epoch 11 [aggregation then communication] ---
--- client 7 in epoch 11 [aggregation then communication] ---
--- client 8 in epoch 11 [aggregation then communication] ---
--- client 9 in epoch 11 [aggregation then communication] ---
--- global epoch 11: global acc = 90.84% ---
--- local epoch 11: local acc = [C0:98.67%, C1:98.95%, C2:98.27%, C3:98.84%, C4:98.47%, C5:98.36%, C6:98.81%, C7:98.69%, C8:98.40%, C9:98.81%] ---

--- global epoch 12/60 ---
--- At epoch 12, learning rate decays to 0.049453 ---
--- client 0 in epoch 12 [aggregation then communication] ---
--- client 1 in epoch 12 [aggregation then communication] ---
--- client 2 in epoch 12 [aggregation then communication] ---
--- client 3 in epoch 12 [aggregation then communication] ---
--- client 4 in epoch 12 [aggregation then communication] ---
--- client 5 in epoch 12 [aggregation then communication] ---
--- client 6 in epoch 12 [aggregation then communication] ---
--- client 7 in epoch 12 [aggregation then communication] ---
--- client 8 in epoch 12 [aggregation then communication] ---
--- client 9 in epoch 12 [aggregation then communication] ---
--- global epoch 12: global acc = 90.14% ---
--- local epoch 12: local acc = [C0:98.61%, C1:99.04%, C2:98.92%, C3:98.82%, C4:98.58%, C5:98.68%, C6:99.21%, C7:98.96%, C8:98.78%, C9:98.87%] ---

--- global epoch 13/60 ---
--- At epoch 13, learning rate decays to 0.049403 ---
--- client 0 in epoch 13 [aggregation then communication] ---
--- client 1 in epoch 13 [aggregation then communication] ---
--- client 2 in epoch 13 [aggregation then communication] ---
--- client 3 in epoch 13 [aggregation then communication] ---
--- client 4 in epoch 13 [aggregation then communication] ---
--- client 5 in epoch 13 [aggregation then communication] ---
--- client 6 in epoch 13 [aggregation then communication] ---
--- client 7 in epoch 13 [aggregation then communication] ---
--- client 8 in epoch 13 [aggregation then communication] ---
--- client 9 in epoch 13 [aggregation then communication] ---
--- global epoch 13: global acc = 90.16% ---
--- local epoch 13: local acc = [C0:98.78%, C1:99.04%, C2:98.68%, C3:99.04%, C4:98.96%, C5:98.82%, C6:99.01%, C7:98.97%, C8:98.91%, C9:98.98%] ---

--- global epoch 14/60 ---
--- At epoch 14, learning rate decays to 0.049354 ---
--- client 0 in epoch 14 [aggregation then communication] ---
--- client 1 in epoch 14 [aggregation then communication] ---
--- client 2 in epoch 14 [aggregation then communication] ---
--- client 3 in epoch 14 [aggregation then communication] ---
--- client 4 in epoch 14 [aggregation then communication] ---
--- client 5 in epoch 14 [aggregation then communication] ---
--- client 6 in epoch 14 [aggregation then communication] ---
--- client 7 in epoch 14 [aggregation then communication] ---
--- client 8 in epoch 14 [aggregation then communication] ---
--- client 9 in epoch 14 [aggregation then communication] ---
--- global epoch 14: global acc = 90.27% ---
--- local epoch 14: local acc = [C0:99.03%, C1:99.05%, C2:98.86%, C3:98.94%, C4:99.11%, C5:99.15%, C6:99.01%, C7:99.08%, C8:99.00%, C9:99.15%] ---

--- global epoch 15/60 ---
--- At epoch 15, learning rate decays to 0.049305 ---
--- client 0 in epoch 15 [aggregation then communication] ---
--- client 1 in epoch 15 [aggregation then communication] ---
--- client 2 in epoch 15 [aggregation then communication] ---
--- client 3 in epoch 15 [aggregation then communication] ---
--- client 4 in epoch 15 [aggregation then communication] ---
--- client 5 in epoch 15 [aggregation then communication] ---
--- client 6 in epoch 15 [aggregation then communication] ---
--- client 7 in epoch 15 [aggregation then communication] ---
--- client 8 in epoch 15 [aggregation then communication] ---
--- client 9 in epoch 15 [aggregation then communication] ---
--- global epoch 15: global acc = 90.04% ---
--- local epoch 15: local acc = [C0:99.48%, C1:99.33%, C2:99.03%, C3:99.16%, C4:99.20%, C5:99.03%, C6:99.10%, C7:99.09%, C8:99.12%, C9:99.20%] ---

--- global epoch 16/60 ---
--- At epoch 16, learning rate decays to 0.049255 ---
--- client 0 in epoch 16 [aggregation then communication] ---
--- client 1 in epoch 16 [aggregation then communication] ---
--- client 2 in epoch 16 [aggregation then communication] ---
--- client 3 in epoch 16 [aggregation then communication] ---
--- client 4 in epoch 16 [aggregation then communication] ---
--- client 5 in epoch 16 [aggregation then communication] ---
--- client 6 in epoch 16 [aggregation then communication] ---
--- client 7 in epoch 16 [aggregation then communication] ---
--- client 8 in epoch 16 [aggregation then communication] ---
--- client 9 in epoch 16 [aggregation then communication] ---
--- global epoch 16: global acc = 90.47% ---
--- local epoch 16: local acc = [C0:98.95%, C1:99.19%, C2:99.16%, C3:99.29%, C4:99.27%, C5:99.18%, C6:99.23%, C7:99.35%, C8:99.20%, C9:99.20%] ---

--- global epoch 17/60 ---
--- At epoch 17, learning rate decays to 0.049206 ---
--- client 0 in epoch 17 [aggregation then communication] ---
--- client 1 in epoch 17 [aggregation then communication] ---
--- client 2 in epoch 17 [aggregation then communication] ---
--- client 3 in epoch 17 [aggregation then communication] ---
--- client 4 in epoch 17 [aggregation then communication] ---
--- client 5 in epoch 17 [aggregation then communication] ---
--- client 6 in epoch 17 [aggregation then communication] ---
--- client 7 in epoch 17 [aggregation then communication] ---
--- client 8 in epoch 17 [aggregation then communication] ---
--- client 9 in epoch 17 [aggregation then communication] ---
--- global epoch 17: global acc = 90.60% ---
--- local epoch 17: local acc = [C0:99.35%, C1:99.21%, C2:99.26%, C3:99.23%, C4:99.28%, C5:99.27%, C6:99.35%, C7:99.23%, C8:99.23%, C9:99.17%] ---

--- global epoch 18/60 ---
--- At epoch 18, learning rate decays to 0.049157 ---
--- client 0 in epoch 18 [aggregation then communication] ---
--- client 1 in epoch 18 [aggregation then communication] ---
--- client 2 in epoch 18 [aggregation then communication] ---
--- client 3 in epoch 18 [aggregation then communication] ---
--- client 4 in epoch 18 [aggregation then communication] ---
--- client 5 in epoch 18 [aggregation then communication] ---
--- client 6 in epoch 18 [aggregation then communication] ---
--- client 7 in epoch 18 [aggregation then communication] ------ client 8 in epoch 18 [aggregation then communication] ---
--- client 9 in epoch 18 [aggregation then communication] ---

--- global epoch 18: global acc = 89.52% ---
--- local epoch 18: local acc = [C0:99.12%, C1:99.39%, C2:99.12%, C3:99.44%, C4:99.27%, C5:99.27%, C6:99.31%, C7:99.28%, C8:99.40%, C9:99.41%] ---

--- global epoch 19/60 ---
--- At epoch 19, learning rate decays to 0.049108 ---
--- client 0 in epoch 19 [aggregation then communication] ---
--- client 1 in epoch 19 [aggregation then communication] ---
--- client 2 in epoch 19 [aggregation then communication] ---
--- client 3 in epoch 19 [aggregation then communication] ---
--- client 4 in epoch 19 [aggregation then communication] ---
--- client 5 in epoch 19 [aggregation then communication] ---
--- client 6 in epoch 19 [aggregation then communication] ---
--- client 7 in epoch 19 [aggregation then communication] ---
--- client 8 in epoch 19 [aggregation then communication] ---
--- client 9 in epoch 19 [aggregation then communication] ---
--- global epoch 19: global acc = 88.99% ---
--- local epoch 19: local acc = [C0:99.64%, C1:99.57%, C2:99.47%, C3:99.23%, C4:99.34%, C5:99.33%, C6:99.34%, C7:99.38%, C8:99.45%, C9:99.49%] ---

--- global epoch 20/60 ---
--- At epoch 20, learning rate decays to 0.049059 ---
--- client 0 in epoch 20 [aggregation then communication] ---
--- client 1 in epoch 20 [aggregation then communication] ---
--- client 2 in epoch 20 [aggregation then communication] ---
--- client 3 in epoch 20 [aggregation then communication] ---
--- client 4 in epoch 20 [aggregation then communication] ---
--- client 5 in epoch 20 [aggregation then communication] ---
--- client 6 in epoch 20 [aggregation then communication] ---
--- client 7 in epoch 20 [aggregation then communication] ---
--- client 8 in epoch 20 [aggregation then communication] ---
--- client 9 in epoch 20 [aggregation then communication] ---
--- global epoch 20: global acc = 90.16% ---
--- local epoch 20: local acc = [C0:99.10%, C1:99.32%, C2:99.36%, C3:99.29%, C4:99.30%, C5:99.42%, C6:99.45%, C7:99.56%, C8:99.58%, C9:99.47%] ---

--- global epoch 21/60 ---
--- At epoch 21, learning rate decays to 0.049009 ---
--- client 0 in epoch 21 [aggregation then communication] ---
--- client 1 in epoch 21 [aggregation then communication] ---
--- client 2 in epoch 21 [aggregation then communication] ---
--- client 3 in epoch 21 [aggregation then communication] ---
--- client 4 in epoch 21 [aggregation then communication] ---
--- client 5 in epoch 21 [aggregation then communication] ---
--- client 6 in epoch 21 [aggregation then communication] ---
--- client 7 in epoch 21 [aggregation then communication] ---
--- client 8 in epoch 21 [aggregation then communication] ---
--- client 9 in epoch 21 [aggregation then communication] ---
--- global epoch 21: global acc = 90.08% ---
--- local epoch 21: local acc = [C0:99.29%, C1:99.49%, C2:99.40%, C3:99.42%, C4:99.50%, C5:99.51%, C6:99.48%, C7:99.53%, C8:99.47%, C9:99.43%] ---

--- global epoch 22/60 ---
--- At epoch 22, learning rate decays to 0.048960 ---
--- client 0 in epoch 22 [aggregation then communication] ---
--- client 1 in epoch 22 [aggregation then communication] ---
--- client 2 in epoch 22 [aggregation then communication] ---
--- client 3 in epoch 22 [aggregation then communication] ---
--- client 4 in epoch 22 [aggregation then communication] ---
--- client 5 in epoch 22 [aggregation then communication] ---
--- client 6 in epoch 22 [aggregation then communication] ---
--- client 7 in epoch 22 [aggregation then communication] ---
--- client 8 in epoch 22 [aggregation then communication] ---
--- client 9 in epoch 22 [aggregation then communication] ---
--- global epoch 22: global acc = 90.34% ---
--- local epoch 22: local acc = [C0:99.45%, C1:99.55%, C2:99.56%, C3:99.52%, C4:99.49%, C5:99.43%, C6:99.40%, C7:99.56%, C8:99.50%, C9:99.41%] ---

--- global epoch 23/60 ---
--- At epoch 23, learning rate decays to 0.048911 ---
--- client 0 in epoch 23 [aggregation then communication] ---
--- client 1 in epoch 23 [aggregation then communication] ---
--- client 2 in epoch 23 [aggregation then communication] ---
--- client 3 in epoch 23 [aggregation then communication] ---
--- client 4 in epoch 23 [aggregation then communication] ---
--- client 5 in epoch 23 [aggregation then communication] ---
--- client 6 in epoch 23 [aggregation then communication] ---
--- client 7 in epoch 23 [aggregation then communication] ---
--- client 8 in epoch 23 [aggregation then communication] ---
--- client 9 in epoch 23 [aggregation then communication] ---
--- global epoch 23: global acc = 90.71% ---
--- local epoch 23: local acc = [C0:99.44%, C1:99.64%, C2:99.43%, C3:99.45%, C4:99.40%, C5:99.43%, C6:99.60%, C7:99.49%, C8:99.66%, C9:99.57%] ---

--- global epoch 24/60 ---
--- At epoch 24, learning rate decays to 0.048863 ---
--- client 0 in epoch 24 [aggregation then communication] ---
--- client 1 in epoch 24 [aggregation then communication] ---
--- client 2 in epoch 24 [aggregation then communication] ---
--- client 3 in epoch 24 [aggregation then communication] ---
--- client 4 in epoch 24 [aggregation then communication] ---
--- client 5 in epoch 24 [aggregation then communication] ---
--- client 6 in epoch 24 [aggregation then communication] ---
--- client 7 in epoch 24 [aggregation then communication] ---
--- client 8 in epoch 24 [aggregation then communication] ---
--- client 9 in epoch 24 [aggregation then communication] ---
--- global epoch 24: global acc = 90.48% ---
--- local epoch 24: local acc = [C0:99.51%, C1:99.54%, C2:99.54%, C3:99.49%, C4:99.52%, C5:99.54%, C6:99.56%, C7:99.65%, C8:99.51%, C9:99.51%] ---

--- global epoch 25/60 ---
--- At epoch 25, learning rate decays to 0.048814 ---
--- client 0 in epoch 25 [aggregation then communication] ---
--- client 1 in epoch 25 [aggregation then communication] ---
--- client 2 in epoch 25 [aggregation then communication] ---
--- client 3 in epoch 25 [aggregation then communication] ---
--- client 4 in epoch 25 [aggregation then communication] ---
--- client 5 in epoch 25 [aggregation then communication] ---
--- client 6 in epoch 25 [aggregation then communication] ---
--- client 7 in epoch 25 [aggregation then communication] ---
--- client 8 in epoch 25 [aggregation then communication] ---
--- client 9 in epoch 25 [aggregation then communication] ---
--- global epoch 25: global acc = 90.19% ---
--- local epoch 25: local acc = [C0:99.51%, C1:99.63%, C2:99.61%, C3:99.63%, C4:99.53%, C5:99.69%, C6:99.55%, C7:99.54%, C8:99.67%, C9:99.58%] ---

--- global epoch 26/60 ---
--- At epoch 26, learning rate decays to 0.048765 ---
--- client 0 in epoch 26 [aggregation then communication] ---
--- client 1 in epoch 26 [aggregation then communication] ---
--- client 2 in epoch 26 [aggregation then communication] ---
--- client 3 in epoch 26 [aggregation then communication] ---
--- client 4 in epoch 26 [aggregation then communication] ---
--- client 5 in epoch 26 [aggregation then communication] ---
--- client 6 in epoch 26 [aggregation then communication] ---
--- client 7 in epoch 26 [aggregation then communication] ---
--- client 8 in epoch 26 [aggregation then communication] ---
--- client 9 in epoch 26 [aggregation then communication] ---
--- global epoch 26: global acc = 90.50% ---
--- local epoch 26: local acc = [C0:99.60%, C1:99.63%, C2:99.51%, C3:99.54%, C4:99.58%, C5:99.56%, C6:99.66%, C7:99.63%, C8:99.52%, C9:100.00%] ---

--- global epoch 27/60 ---
--- At epoch 27, learning rate decays to 0.048716 ---
--- client 0 in epoch 27 [aggregation then communication] ---
--- client 1 in epoch 27 [aggregation then communication] ---
--- client 2 in epoch 27 [aggregation then communication] ---
--- client 3 in epoch 27 [aggregation then communication] ---
--- client 4 in epoch 27 [aggregation then communication] ---
--- client 5 in epoch 27 [aggregation then communication] ---
--- client 6 in epoch 27 [aggregation then communication] ---
--- client 7 in epoch 27 [aggregation then communication] ---
--- client 8 in epoch 27 [aggregation then communication] ---
--- client 9 in epoch 27 [aggregation then communication] ---
--- global epoch 27: global acc = 90.72% ---
--- local epoch 27: local acc = [C0:99.53%, C1:99.61%, C2:99.61%, C3:99.59%, C4:99.84%, C5:99.70%, C6:99.61%, C7:99.59%, C8:99.68%, C9:99.55%] ---

--- global epoch 28/60 ---
--- At epoch 28, learning rate decays to 0.048667 ---
--- client 0 in epoch 28 [aggregation then communication] ---
--- client 1 in epoch 28 [aggregation then communication] ---
--- client 2 in epoch 28 [aggregation then communication] ---
--- client 3 in epoch 28 [aggregation then communication] ---
--- client 4 in epoch 28 [aggregation then communication] ---
--- client 5 in epoch 28 [aggregation then communication] ---
--- client 6 in epoch 28 [aggregation then communication] ---
--- client 7 in epoch 28 [aggregation then communication] ---
--- client 8 in epoch 28 [aggregation then communication] ---
--- client 9 in epoch 28 [aggregation then communication] ---
--- global epoch 28: global acc = 90.34% ---
--- local epoch 28: local acc = [C0:99.52%, C1:99.65%, C2:99.59%, C3:99.57%, C4:99.70%, C5:99.61%, C6:99.63%, C7:99.57%, C8:99.80%, C9:99.64%] ---

--- global epoch 29/60 ---
--- At epoch 29, learning rate decays to 0.048619 ---
--- client 0 in epoch 29 [aggregation then communication] ---
--- client 1 in epoch 29 [aggregation then communication] ---
--- client 2 in epoch 29 [aggregation then communication] ---
--- client 3 in epoch 29 [aggregation then communication] ---
--- client 4 in epoch 29 [aggregation then communication] ---
--- client 5 in epoch 29 [aggregation then communication] ---
--- client 6 in epoch 29 [aggregation then communication] ---
--- client 7 in epoch 29 [aggregation then communication] ---
--- client 8 in epoch 29 [aggregation then communication] ---
--- client 9 in epoch 29 [aggregation then communication] ---
--- global epoch 29: global acc = 90.60% ---
--- local epoch 29: local acc = [C0:99.65%, C1:99.67%, C2:99.62%, C3:99.59%, C4:99.66%, C5:99.64%, C6:99.70%, C7:99.66%, C8:99.62%, C9:99.70%] ---

--- global epoch 30/60 ---
--- At epoch 30, learning rate decays to 0.048570 ---
--- client 0 in epoch 30 [aggregation then communication] ---
--- client 1 in epoch 30 [aggregation then communication] ---
--- client 2 in epoch 30 [aggregation then communication] ---
--- client 3 in epoch 30 [aggregation then communication] ---
--- client 4 in epoch 30 [aggregation then communication] ---
--- client 5 in epoch 30 [aggregation then communication] ---
--- client 6 in epoch 30 [aggregation then communication] ---
--- client 7 in epoch 30 [aggregation then communication] ---
--- client 8 in epoch 30 [aggregation then communication] ---
--- client 9 in epoch 30 [aggregation then communication] ---
--- global epoch 30: global acc = 90.23% ---
--- local epoch 30: local acc = [C0:99.55%, C1:99.76%, C2:99.70%, C3:99.64%, C4:99.67%, C5:99.62%, C6:99.65%, C7:99.68%, C8:99.93%, C9:99.78%] ---

--- global epoch 31/60 ---
--- At epoch 31, learning rate decays to 0.048522 ---
--- client 0 in epoch 31 [aggregation then communication] ---
--- client 1 in epoch 31 [aggregation then communication] ---
--- client 2 in epoch 31 [aggregation then communication] ---
--- client 3 in epoch 31 [aggregation then communication] ---
--- client 4 in epoch 31 [aggregation then communication] ---
--- client 5 in epoch 31 [aggregation then communication] ---
--- client 6 in epoch 31 [aggregation then communication] ---
--- client 7 in epoch 31 [aggregation then communication] ---
--- client 8 in epoch 31 [aggregation then communication] ---
--- client 9 in epoch 31 [aggregation then communication] ---
--- global epoch 31: global acc = 91.13% ---
--- local epoch 31: local acc = [C0:99.67%, C1:99.76%, C2:99.70%, C3:99.76%, C4:99.70%, C5:99.79%, C6:99.53%, C7:99.63%, C8:99.72%, C9:99.76%] ---

--- global epoch 32/60 ---
--- At epoch 32, learning rate decays to 0.048473 ---
--- client 0 in epoch 32 [aggregation then communication] ---
--- client 1 in epoch 32 [aggregation then communication] ---
--- client 2 in epoch 32 [aggregation then communication] ---
--- client 3 in epoch 32 [aggregation then communication] ---
--- client 4 in epoch 32 [aggregation then communication] ---
--- client 5 in epoch 32 [aggregation then communication] ---
--- client 6 in epoch 32 [aggregation then communication] ---
--- client 7 in epoch 32 [aggregation then communication] ---
--- client 8 in epoch 32 [aggregation then communication] ---
--- client 9 in epoch 32 [aggregation then communication] ---
--- global epoch 32: global acc = 90.73% ---
--- local epoch 32: local acc = [C0:99.72%, C1:99.83%, C2:99.70%, C3:99.72%, C4:99.74%, C5:99.77%, C6:99.66%, C7:99.70%, C8:99.73%, C9:99.65%] ---

--- global epoch 33/60 ---
--- At epoch 33, learning rate decays to 0.048425 ---
--- client 0 in epoch 33 [aggregation then communication] ---
--- client 1 in epoch 33 [aggregation then communication] ---
--- client 2 in epoch 33 [aggregation then communication] ---
--- client 3 in epoch 33 [aggregation then communication] ---
--- client 4 in epoch 33 [aggregation then communication] ---
--- client 5 in epoch 33 [aggregation then communication] ---
--- client 6 in epoch 33 [aggregation then communication] ---
--- client 7 in epoch 33 [aggregation then communication] ---
--- client 8 in epoch 33 [aggregation then communication] ---
--- client 9 in epoch 33 [aggregation then communication] ---
--- global epoch 33: global acc = 90.45% ---
--- local epoch 33: local acc = [C0:99.78%, C1:99.71%, C2:99.79%, C3:99.64%, C4:99.94%, C5:99.65%, C6:99.71%, C7:99.69%, C8:99.67%, C9:99.72%] ---

--- global epoch 34/60 ---
--- At epoch 34, learning rate decays to 0.048376 ---
--- client 0 in epoch 34 [aggregation then communication] ---
--- client 1 in epoch 34 [aggregation then communication] ---
--- client 2 in epoch 34 [aggregation then communication] ---
--- client 3 in epoch 34 [aggregation then communication] ---
--- client 4 in epoch 34 [aggregation then communication] ---
--- client 5 in epoch 34 [aggregation then communication] ---
--- client 6 in epoch 34 [aggregation then communication] ---
--- client 7 in epoch 34 [aggregation then communication] ---
--- client 8 in epoch 34 [aggregation then communication] ---
--- client 9 in epoch 34 [aggregation then communication] ---
--- global epoch 34: global acc = 90.45% ---
--- local epoch 34: local acc = [C0:99.57%, C1:99.68%, C2:99.80%, C3:99.73%, C4:99.87%, C5:99.75%, C6:99.74%, C7:99.71%, C8:99.70%, C9:99.72%] ---

--- global epoch 35/60 ---
--- At epoch 35, learning rate decays to 0.048328 ---
--- client 0 in epoch 35 [aggregation then communication] ---
--- client 1 in epoch 35 [aggregation then communication] ---
--- client 2 in epoch 35 [aggregation then communication] ---
--- client 3 in epoch 35 [aggregation then communication] ---
--- client 4 in epoch 35 [aggregation then communication] ---
--- client 5 in epoch 35 [aggregation then communication] ---
--- client 6 in epoch 35 [aggregation then communication] ---
--- client 7 in epoch 35 [aggregation then communication] ---
--- client 8 in epoch 35 [aggregation then communication] ---
--- client 9 in epoch 35 [aggregation then communication] ---
--- global epoch 35: global acc = 90.39% ---
--- local epoch 35: local acc = [C0:99.95%, C1:99.81%, C2:99.77%, C3:99.77%, C4:99.83%, C5:99.74%, C6:99.79%, C7:99.68%, C8:99.82%, C9:99.86%] ---

--- global epoch 36/60 ---
--- At epoch 36, learning rate decays to 0.048279 ---
--- client 0 in epoch 36 [aggregation then communication] ---
--- client 1 in epoch 36 [aggregation then communication] ---
--- client 2 in epoch 36 [aggregation then communication] ---
--- client 3 in epoch 36 [aggregation then communication] ---
--- client 4 in epoch 36 [aggregation then communication] ---
--- client 5 in epoch 36 [aggregation then communication] ---
--- client 6 in epoch 36 [aggregation then communication] ---
--- client 7 in epoch 36 [aggregation then communication] ---
--- client 8 in epoch 36 [aggregation then communication] ---
--- client 9 in epoch 36 [aggregation then communication] ---
--- global epoch 36: global acc = 90.79% ---
--- local epoch 36: local acc = [C0:99.75%, C1:99.71%, C2:99.76%, C3:99.72%, C4:99.63%, C5:99.83%, C6:99.70%, C7:99.75%, C8:99.72%, C9:99.76%] ---

--- global epoch 37/60 ---
--- At epoch 37, learning rate decays to 0.048231 ---
--- client 0 in epoch 37 [aggregation then communication] ---
--- client 1 in epoch 37 [aggregation then communication] ---
--- client 2 in epoch 37 [aggregation then communication] ---
--- client 3 in epoch 37 [aggregation then communication] ---
--- client 4 in epoch 37 [aggregation then communication] ---
--- client 5 in epoch 37 [aggregation then communication] ---
--- client 6 in epoch 37 [aggregation then communication] ---
--- client 7 in epoch 37 [aggregation then communication] ---
--- client 8 in epoch 37 [aggregation then communication] ---
--- client 9 in epoch 37 [aggregation then communication] ---
--- global epoch 37: global acc = 91.14% ---
--- local epoch 37: local acc = [C0:99.80%, C1:99.80%, C2:99.92%, C3:99.96%, C4:99.74%, C5:99.79%, C6:99.78%, C7:99.68%, C8:99.89%, C9:99.96%] ---

--- global epoch 38/60 ---
--- At epoch 38, learning rate decays to 0.048183 ---
--- client 0 in epoch 38 [aggregation then communication] ---
--- client 1 in epoch 38 [aggregation then communication] ---
--- client 2 in epoch 38 [aggregation then communication] ---
--- client 3 in epoch 38 [aggregation then communication] ---
--- client 4 in epoch 38 [aggregation then communication] ---
--- client 5 in epoch 38 [aggregation then communication] ---
--- client 6 in epoch 38 [aggregation then communication] ---
--- client 7 in epoch 38 [aggregation then communication] ---
--- client 8 in epoch 38 [aggregation then communication] ---
--- client 9 in epoch 38 [aggregation then communication] ---
--- global epoch 38: global acc = 90.47% ---
--- local epoch 38: local acc = [C0:99.74%, C1:99.78%, C2:99.78%, C3:99.68%, C4:99.86%, C5:99.75%, C6:99.89%, C7:99.74%, C8:99.77%, C9:99.81%] ---

--- global epoch 39/60 ---
--- At epoch 39, learning rate decays to 0.048135 ---
--- client 0 in epoch 39 [aggregation then communication] ---
--- client 1 in epoch 39 [aggregation then communication] ---
--- client 2 in epoch 39 [aggregation then communication] ---
--- client 3 in epoch 39 [aggregation then communication] ---
--- client 4 in epoch 39 [aggregation then communication] ---
--- client 5 in epoch 39 [aggregation then communication] ---
--- client 6 in epoch 39 [aggregation then communication] ---
--- client 7 in epoch 39 [aggregation then communication] ---
--- client 8 in epoch 39 [aggregation then communication] ---
--- client 9 in epoch 39 [aggregation then communication] ---
--- global epoch 39: global acc = 90.46% ---
--- local epoch 39: local acc = [C0:99.83%, C1:99.81%, C2:99.85%, C3:99.92%, C4:99.78%, C5:99.94%, C6:99.69%, C7:99.84%, C8:99.77%, C9:99.88%] ---

--- global epoch 40/60 ---
--- At epoch 40, learning rate decays to 0.048087 ---
--- client 0 in epoch 40 [aggregation then communication] ---
--- client 1 in epoch 40 [aggregation then communication] ---
--- client 2 in epoch 40 [aggregation then communication] ---
--- client 3 in epoch 40 [aggregation then communication] ---
--- client 4 in epoch 40 [aggregation then communication] ---
--- client 5 in epoch 40 [aggregation then communication] ---
--- client 6 in epoch 40 [aggregation then communication] ---
--- client 7 in epoch 40 [aggregation then communication] ---
--- client 8 in epoch 40 [aggregation then communication] ---
--- client 9 in epoch 40 [aggregation then communication] ---
--- global epoch 40: global acc = 90.75% ---
--- local epoch 40: local acc = [C0:99.77%, C1:99.82%, C2:99.87%, C3:99.73%, C4:99.73%, C5:99.75%, C6:99.82%, C7:99.80%, C8:99.90%, C9:99.88%] ---

--- global epoch 41/60 ---
--- At epoch 41, learning rate decays to 0.048039 ---
--- client 0 in epoch 41 [aggregation then communication] ---
--- client 1 in epoch 41 [aggregation then communication] ---
--- client 2 in epoch 41 [aggregation then communication] ---
--- client 3 in epoch 41 [aggregation then communication] ---
--- client 4 in epoch 41 [aggregation then communication] ---
--- client 5 in epoch 41 [aggregation then communication] ---
--- client 6 in epoch 41 [aggregation then communication] ---
--- client 7 in epoch 41 [aggregation then communication] ---
--- client 8 in epoch 41 [aggregation then communication] ---
--- client 9 in epoch 41 [aggregation then communication] ---
--- global epoch 41: global acc = 91.08% ---
--- local epoch 41: local acc = [C0:99.96%, C1:99.85%, C2:99.78%, C3:99.72%, C4:99.90%, C5:99.87%, C6:99.78%, C7:99.89%, C8:99.85%, C9:99.88%] ---

--- global epoch 42/60 ---
--- At epoch 42, learning rate decays to 0.047990 ---
--- client 0 in epoch 42 [aggregation then communication] ---
--- client 1 in epoch 42 [aggregation then communication] ---
--- client 2 in epoch 42 [aggregation then communication] ---
--- client 3 in epoch 42 [aggregation then communication] ---
--- client 4 in epoch 42 [aggregation then communication] ---
--- client 5 in epoch 42 [aggregation then communication] ---
--- client 6 in epoch 42 [aggregation then communication] ---
--- client 7 in epoch 42 [aggregation then communication] ---
--- client 8 in epoch 42 [aggregation then communication] ---
--- client 9 in epoch 42 [aggregation then communication] ---
--- global epoch 42: global acc = 91.30% ---
--- local epoch 42: local acc = [C0:99.82%, C1:99.81%, C2:99.77%, C3:100.00%, C4:99.96%, C5:99.81%, C6:99.78%, C7:99.85%, C8:99.95%, C9:99.82%] ---

--- global epoch 43/60 ---
--- At epoch 43, learning rate decays to 0.047942 ---
--- client 0 in epoch 43 [aggregation then communication] ---
--- client 1 in epoch 43 [aggregation then communication] ---
--- client 2 in epoch 43 [aggregation then communication] ---
--- client 3 in epoch 43 [aggregation then communication] ---
--- client 4 in epoch 43 [aggregation then communication] ---
--- client 5 in epoch 43 [aggregation then communication] ---
--- client 6 in epoch 43 [aggregation then communication] ------ client 7 in epoch 43 [aggregation then communication] ---

--- client 8 in epoch 43 [aggregation then communication] ---
--- client 9 in epoch 43 [aggregation then communication] ---
--- global epoch 43: global acc = 90.83% ---
--- local epoch 43: local acc = [C0:99.90%, C1:99.97%, C2:99.84%, C3:99.74%, C4:99.86%, C5:99.83%, C6:99.75%, C7:99.94%, C8:99.81%, C9:99.98%] ---

--- global epoch 44/60 ---
--- At epoch 44, learning rate decays to 0.047895 ---
--- client 0 in epoch 44 [aggregation then communication] ---
--- client 1 in epoch 44 [aggregation then communication] ---
--- client 2 in epoch 44 [aggregation then communication] ---
--- client 3 in epoch 44 [aggregation then communication] ---
--- client 4 in epoch 44 [aggregation then communication] ---
--- client 5 in epoch 44 [aggregation then communication] ---
--- client 6 in epoch 44 [aggregation then communication] ---
--- client 7 in epoch 44 [aggregation then communication] ---
--- client 8 in epoch 44 [aggregation then communication] ---
--- client 9 in epoch 44 [aggregation then communication] ---
--- global epoch 44: global acc = 90.60% ---
--- local epoch 44: local acc = [C0:99.76%, C1:99.74%, C2:99.86%, C3:99.99%, C4:99.81%, C5:99.94%, C6:99.92%, C7:99.81%, C8:99.84%, C9:99.99%] ---

--- global epoch 45/60 ---
--- At epoch 45, learning rate decays to 0.047847 ---
--- client 0 in epoch 45 [aggregation then communication] ---
--- client 1 in epoch 45 [aggregation then communication] ---
--- client 2 in epoch 45 [aggregation then communication] ---
--- client 3 in epoch 45 [aggregation then communication] ---
--- client 4 in epoch 45 [aggregation then communication] ---
--- client 5 in epoch 45 [aggregation then communication] ---
--- client 6 in epoch 45 [aggregation then communication] ---
--- client 7 in epoch 45 [aggregation then communication] ---
--- client 8 in epoch 45 [aggregation then communication] ---
--- client 9 in epoch 45 [aggregation then communication] ---
--- global epoch 45: global acc = 90.88% ---
--- local epoch 45: local acc = [C0:99.93%, C1:99.81%, C2:99.88%, C3:99.83%, C4:99.93%, C5:99.90%, C6:99.81%, C7:99.92%, C8:99.91%, C9:99.80%] ---

--- global epoch 46/60 ---
--- At epoch 46, learning rate decays to 0.047799 ---
--- client 0 in epoch 46 [aggregation then communication] ---
--- client 1 in epoch 46 [aggregation then communication] ---
--- client 2 in epoch 46 [aggregation then communication] ---
--- client 3 in epoch 46 [aggregation then communication] ---
--- client 4 in epoch 46 [aggregation then communication] ---
--- client 5 in epoch 46 [aggregation then communication] ---
--- client 6 in epoch 46 [aggregation then communication] ---
--- client 7 in epoch 46 [aggregation then communication] ---
--- client 8 in epoch 46 [aggregation then communication] ---
--- client 9 in epoch 46 [aggregation then communication] ---
--- global epoch 46: global acc = 91.14% ---
--- local epoch 46: local acc = [C0:99.72%, C1:99.86%, C2:99.94%, C3:99.89%, C4:99.92%, C5:99.86%, C6:99.89%, C7:100.00%, C8:99.73%, C9:99.99%] ---

--- global epoch 47/60 ---
--- At epoch 47, learning rate decays to 0.047751 ---
--- client 0 in epoch 47 [aggregation then communication] ---
--- client 1 in epoch 47 [aggregation then communication] ---
--- client 2 in epoch 47 [aggregation then communication] ---
--- client 3 in epoch 47 [aggregation then communication] ---
--- client 4 in epoch 47 [aggregation then communication] ---
--- client 5 in epoch 47 [aggregation then communication] ---
--- client 6 in epoch 47 [aggregation then communication] ---
--- client 7 in epoch 47 [aggregation then communication] ---
--- client 8 in epoch 47 [aggregation then communication] ---
--- client 9 in epoch 47 [aggregation then communication] ---
--- global epoch 47: global acc = 90.87% ---
--- local epoch 47: local acc = [C0:100.00%, C1:99.84%, C2:99.96%, C3:99.79%, C4:99.88%, C5:99.99%, C6:99.98%, C7:99.81%, C8:99.94%, C9:99.84%] ---

--- global epoch 48/60 ---
--- At epoch 48, learning rate decays to 0.047703 ---
--- client 0 in epoch 48 [aggregation then communication] ---
--- client 1 in epoch 48 [aggregation then communication] ---
--- client 2 in epoch 48 [aggregation then communication] ---
--- client 3 in epoch 48 [aggregation then communication] ---
--- client 4 in epoch 48 [aggregation then communication] ---
--- client 5 in epoch 48 [aggregation then communication] ---
--- client 6 in epoch 48 [aggregation then communication] ---
--- client 7 in epoch 48 [aggregation then communication] ---
--- client 8 in epoch 48 [aggregation then communication] ---
--- client 9 in epoch 48 [aggregation then communication] ---
--- global epoch 48: global acc = 91.04% ---
--- local epoch 48: local acc = [C0:99.89%, C1:99.93%, C2:99.74%, C3:100.00%, C4:99.99%, C5:99.70%, C6:99.84%, C7:99.91%, C8:99.75%, C9:99.97%] ---

--- global epoch 49/60 ---
--- At epoch 49, learning rate decays to 0.047656 ---
--- client 0 in epoch 49 [aggregation then communication] ---
--- client 1 in epoch 49 [aggregation then communication] ---
--- client 2 in epoch 49 [aggregation then communication] ---
--- client 3 in epoch 49 [aggregation then communication] ---
--- client 4 in epoch 49 [aggregation then communication] ---
--- client 5 in epoch 49 [aggregation then communication] ---
--- client 6 in epoch 49 [aggregation then communication] ---
--- client 7 in epoch 49 [aggregation then communication] ---
--- client 8 in epoch 49 [aggregation then communication] ---
--- client 9 in epoch 49 [aggregation then communication] ---
--- global epoch 49: global acc = 91.09% ---
--- local epoch 49: local acc = [C0:99.99%, C1:100.00%, C2:99.98%, C3:99.80%, C4:99.89%, C5:100.00%, C6:99.78%, C7:100.00%, C8:100.00%, C9:99.85%] ---

--- global epoch 50/60 ---
--- At epoch 50, learning rate decays to 0.047608 ---
--- client 0 in epoch 50 [aggregation then communication] ---
--- client 1 in epoch 50 [aggregation then communication] ---
--- client 2 in epoch 50 [aggregation then communication] ---
--- client 3 in epoch 50 [aggregation then communication] ---
--- client 4 in epoch 50 [aggregation then communication] ---
--- client 5 in epoch 50 [aggregation then communication] ---
--- client 6 in epoch 50 [aggregation then communication] ---
--- client 7 in epoch 50 [aggregation then communication] ---
--- client 8 in epoch 50 [aggregation then communication] ---
--- client 9 in epoch 50 [aggregation then communication] ---
--- global epoch 50: global acc = 91.15% ---
--- local epoch 50: local acc = [C0:99.90%, C1:99.86%, C2:99.90%, C3:99.99%, C4:99.74%, C5:99.80%, C6:100.00%, C7:99.98%, C8:99.85%, C9:99.99%] ---

--- global epoch 51/60 ---
--- At epoch 51, learning rate decays to 0.047560 ---
--- client 0 in epoch 51 [aggregation then communication] ---
--- client 1 in epoch 51 [aggregation then communication] ---
--- client 2 in epoch 51 [aggregation then communication] ---
--- client 3 in epoch 51 [aggregation then communication] ---
--- client 4 in epoch 51 [aggregation then communication] ---
--- client 5 in epoch 51 [aggregation then communication] ---
--- client 6 in epoch 51 [aggregation then communication] ---
--- client 7 in epoch 51 [aggregation then communication] ---
--- client 8 in epoch 51 [aggregation then communication] ---
--- client 9 in epoch 51 [aggregation then communication] ---
--- global epoch 51: global acc = 90.93% ---
--- local epoch 51: local acc = [C0:99.95%, C1:99.99%, C2:99.90%, C3:99.90%, C4:100.00%, C5:99.95%, C6:99.95%, C7:99.74%, C8:100.00%, C9:100.00%] ---

--- global epoch 52/60 ---
--- At epoch 52, learning rate decays to 0.047513 ---
--- client 0 in epoch 52 [aggregation then communication] ---
--- client 1 in epoch 52 [aggregation then communication] ---
--- client 2 in epoch 52 [aggregation then communication] ---
--- client 3 in epoch 52 [aggregation then communication] ---
--- client 4 in epoch 52 [aggregation then communication] ---
--- client 5 in epoch 52 [aggregation then communication] ---
--- client 6 in epoch 52 [aggregation then communication] ---
--- client 7 in epoch 52 [aggregation then communication] ---
--- client 8 in epoch 52 [aggregation then communication] ---
--- client 9 in epoch 52 [aggregation then communication] ---
--- global epoch 52: global acc = 91.72% ---
--- local epoch 52: local acc = [C0:99.94%, C1:99.87%, C2:99.99%, C3:99.80%, C4:99.99%, C5:100.00%, C6:99.80%, C7:100.00%, C8:99.92%, C9:100.00%] ---

--- global epoch 53/60 ---
--- At epoch 53, learning rate decays to 0.047465 ---
--- client 0 in epoch 53 [aggregation then communication] ---
--- client 1 in epoch 53 [aggregation then communication] ---
--- client 2 in epoch 53 [aggregation then communication] ---
--- client 3 in epoch 53 [aggregation then communication] ---
--- client 4 in epoch 53 [aggregation then communication] ---
--- client 5 in epoch 53 [aggregation then communication] ---
--- client 6 in epoch 53 [aggregation then communication] ---
--- client 7 in epoch 53 [aggregation then communication] ---
--- client 8 in epoch 53 [aggregation then communication] ---
--- client 9 in epoch 53 [aggregation then communication] ---
--- global epoch 53: global acc = 90.99% ---
--- local epoch 53: local acc = [C0:99.85%, C1:99.87%, C2:99.95%, C3:100.00%, C4:100.00%, C5:100.00%, C6:100.00%, C7:99.96%, C8:100.00%, C9:99.95%] ---

--- global epoch 54/60 ---
--- At epoch 54, learning rate decays to 0.047418 ---
--- client 0 in epoch 54 [aggregation then communication] ---
--- client 1 in epoch 54 [aggregation then communication] ---
--- client 2 in epoch 54 [aggregation then communication] ---
--- client 3 in epoch 54 [aggregation then communication] ---
--- client 4 in epoch 54 [aggregation then communication] ---
--- client 5 in epoch 54 [aggregation then communication] ---
--- client 6 in epoch 54 [aggregation then communication] ---
--- client 7 in epoch 54 [aggregation then communication] ---
--- client 8 in epoch 54 [aggregation then communication] ---
--- client 9 in epoch 54 [aggregation then communication] ---
--- global epoch 54: global acc = 91.18% ---
--- local epoch 54: local acc = [C0:100.00%, C1:100.00%, C2:100.00%, C3:99.99%, C4:99.99%, C5:100.00%, C6:100.00%, C7:100.00%, C8:99.76%, C9:100.00%] ---

--- global epoch 55/60 ---
--- At epoch 55, learning rate decays to 0.047370 ---
--- client 0 in epoch 55 [aggregation then communication] ---
--- client 1 in epoch 55 [aggregation then communication] ---
--- client 2 in epoch 55 [aggregation then communication] ---
--- client 3 in epoch 55 [aggregation then communication] ---
--- client 4 in epoch 55 [aggregation then communication] ---
--- client 5 in epoch 55 [aggregation then communication] ---
--- client 6 in epoch 55 [aggregation then communication] ---
--- client 7 in epoch 55 [aggregation then communication] ---
--- client 8 in epoch 55 [aggregation then communication] ---
--- client 9 in epoch 55 [aggregation then communication] ---
--- global epoch 55: global acc = 90.14% ---
--- local epoch 55: local acc = [C0:99.79%, C1:99.92%, C2:99.83%, C3:100.00%, C4:100.00%, C5:99.85%, C6:99.89%, C7:99.99%, C8:100.00%, C9:99.99%] ---

--- global epoch 56/60 ---
--- At epoch 56, learning rate decays to 0.047323 ---
--- client 0 in epoch 56 [aggregation then communication] ---
--- client 1 in epoch 56 [aggregation then communication] ---
--- client 2 in epoch 56 [aggregation then communication] ---
--- client 3 in epoch 56 [aggregation then communication] ---
--- client 4 in epoch 56 [aggregation then communication] ---
--- client 5 in epoch 56 [aggregation then communication] ---
--- client 6 in epoch 56 [aggregation then communication] ---
--- client 7 in epoch 56 [aggregation then communication] ---
--- client 8 in epoch 56 [aggregation then communication] ---
--- client 9 in epoch 56 [aggregation then communication] ---
--- global epoch 56: global acc = 91.48% ---
--- local epoch 56: local acc = [C0:100.00%, C1:100.00%, C2:99.99%, C3:99.99%, C4:99.94%, C5:100.00%, C6:99.83%, C7:99.75%, C8:99.94%, C9:99.96%] ---

--- global epoch 57/60 ---
--- At epoch 57, learning rate decays to 0.047276 ---
--- client 0 in epoch 57 [aggregation then communication] ---
--- client 1 in epoch 57 [aggregation then communication] ---
--- client 2 in epoch 57 [aggregation then communication] ---
--- client 3 in epoch 57 [aggregation then communication] ---
--- client 4 in epoch 57 [aggregation then communication] ---
--- client 5 in epoch 57 [aggregation then communication] ---
--- client 6 in epoch 57 [aggregation then communication] ---
--- client 7 in epoch 57 [aggregation then communication] ---
--- client 8 in epoch 57 [aggregation then communication] ---
--- client 9 in epoch 57 [aggregation then communication] ---
--- global epoch 57: global acc = 91.18% ---
--- local epoch 57: local acc = [C0:99.99%, C1:99.99%, C2:100.00%, C3:100.00%, C4:99.78%, C5:99.78%, C6:100.00%, C7:99.99%, C8:100.00%, C9:100.00%] ---

--- global epoch 58/60 ---
--- At epoch 58, learning rate decays to 0.047228 ---
--- client 0 in epoch 58 [aggregation then communication] ---
--- client 1 in epoch 58 [aggregation then communication] ---
--- client 2 in epoch 58 [aggregation then communication] ---
--- client 3 in epoch 58 [aggregation then communication] ---
--- client 4 in epoch 58 [aggregation then communication] ---
--- client 5 in epoch 58 [aggregation then communication] ---
--- client 6 in epoch 58 [aggregation then communication] ---
--- client 7 in epoch 58 [aggregation then communication] ---
--- client 8 in epoch 58 [aggregation then communication] ---
--- client 9 in epoch 58 [aggregation then communication] ---
--- global epoch 58: global acc = 90.16% ---
--- local epoch 58: local acc = [C0:99.79%, C1:100.00%, C2:99.80%, C3:99.91%, C4:100.00%, C5:99.82%, C6:99.75%, C7:99.98%, C8:100.00%, C9:100.00%] ---

--- global epoch 59/60 ---
--- At epoch 59, learning rate decays to 0.047181 ---
--- client 0 in epoch 59 [aggregation then communication] ---
--- client 1 in epoch 59 [aggregation then communication] ---
--- client 2 in epoch 59 [aggregation then communication] ---
--- client 3 in epoch 59 [aggregation then communication] ---
--- client 4 in epoch 59 [aggregation then communication] ---
--- client 5 in epoch 59 [aggregation then communication] ---
--- client 6 in epoch 59 [aggregation then communication] ---
--- client 7 in epoch 59 [aggregation then communication] ---
--- client 8 in epoch 59 [aggregation then communication] ---
--- client 9 in epoch 59 [aggregation then communication] ---
--- global epoch 59: global acc = 91.68% ---
--- local epoch 59: local acc = [C0:100.00%, C1:99.79%, C2:100.00%, C3:99.98%, C4:99.96%, C5:100.00%, C6:100.00%, C7:100.00%, C8:100.00%, C9:99.96%] ---

--- global epoch 60/60 ---
--- At epoch 60, learning rate decays to 0.047134 ---
--- client 0 in epoch 60 [aggregation then communication] ---
--- client 1 in epoch 60 [aggregation then communication] ---
--- client 2 in epoch 60 [aggregation then communication] ---
--- client 3 in epoch 60 [aggregation then communication] ---
--- client 4 in epoch 60 [aggregation then communication] ---
--- client 5 in epoch 60 [aggregation then communication] ---
--- client 6 in epoch 60 [aggregation then communication] ---
--- client 7 in epoch 60 [aggregation then communication] ---
--- client 8 in epoch 60 [aggregation then communication] ------ client 9 in epoch 60 [aggregation then communication] ---

--- global epoch 60: global acc = 90.80% ---
--- local epoch 60: local acc = [C0:99.73%, C1:100.00%, C2:99.66%, C3:100.00%, C4:99.99%, C5:100.00%, C6:99.97%, C7:99.86%, C8:99.95%, C9:100.00%] ---
Total runtime: 3547.43s (0:59:07)

 saving results
results save in C:\Users\Kong\Desktop\\decentralized_federated_learning-master\decentralized_federated_learning-master\res\clients_10-epochs_10-20250922_013709.json
