client 0 initial number of neighbors: 9
client 1 initial number of neighbors: 9
client 2 initial number of neighbors: 9
client 3 initial number of neighbors: 9
client 4 initial number of neighbors: 9
client 5 initial number of neighbors: 9
client 6 initial number of neighbors: 9
client 7 initial number of neighbors: 9
client 8 initial number of neighbors: 9
client 9 initial number of neighbors: 9

 training begins! (epoch-by-epoch parallel mode with global evaluation)

--- global epoch 1/60 ---
--- client 0 in epoch 1 [aggregation then communication] ---
--- client 1 in epoch 1 [aggregation then communication] ---
--- client 2 in epoch 1 [aggregation then communication] ---
--- client 3 in epoch 1 [aggregation then communication] ---
--- client 4 in epoch 1 [aggregation then communication] ---
--- client 5 in epoch 1 [aggregation then communication] ---
--- client 6 in epoch 1 [aggregation then communication] ---
--- client 7 in epoch 1 [aggregation then communication] ---
--- client 8 in epoch 1 [aggregation then communication] ---
--- client 9 in epoch 1 [aggregation then communication] ---
--- global epoch 1: global acc = 10.02% ---
--- local epoch 1: local acc = [C0:58.09%, C1:59.75%, C2:57.67%, C3:56.64%, C4:56.83%, C5:61.89%, C6:57.15%, C7:55.89%, C8:56.13%, C9:58.71%] ---

--- global epoch 2/60 ---
--- At epoch 2, learning rate decays to 0.004900 ---
--- client 0 in epoch 2 [aggregation then communication] ---
--- client 1 in epoch 2 [aggregation then communication] ---
--- client 2 in epoch 2 [aggregation then communication] ---
--- client 3 in epoch 2 [aggregation then communication] ---
--- client 4 in epoch 2 [aggregation then communication] ---
--- client 5 in epoch 2 [aggregation then communication] ---
--- client 6 in epoch 2 [aggregation then communication] ---
--- client 7 in epoch 2 [aggregation then communication] ---
--- client 8 in epoch 2 [aggregation then communication] ---
--- client 9 in epoch 2 [aggregation then communication] ---
--- global epoch 2: global acc = 20.59% ---
--- local epoch 2: local acc = [C0:74.46%, C1:76.16%, C2:77.08%, C3:76.65%, C4:74.00%, C5:77.79%, C6:77.74%, C7:77.00%, C8:79.92%, C9:76.18%] ---

--- global epoch 3/60 ---
--- At epoch 3, learning rate decays to 0.004802 ---
--- client 0 in epoch 3 [aggregation then communication] ---
--- client 1 in epoch 3 [aggregation then communication] ---
--- client 2 in epoch 3 [aggregation then communication] ---
--- client 3 in epoch 3 [aggregation then communication] ---
--- client 4 in epoch 3 [aggregation then communication] ---
--- client 5 in epoch 3 [aggregation then communication] ---
--- client 6 in epoch 3 [aggregation then communication] ---
--- client 7 in epoch 3 [aggregation then communication] ---
--- client 8 in epoch 3 [aggregation then communication] ---
--- client 9 in epoch 3 [aggregation then communication] ---
--- global epoch 3: global acc = 81.72% ---
--- local epoch 3: local acc = [C0:85.71%, C1:85.85%, C2:85.70%, C3:90.04%, C4:85.46%, C5:86.62%, C6:85.89%, C7:85.52%, C8:85.24%, C9:85.75%] ---

--- global epoch 4/60 ---
--- At epoch 4, learning rate decays to 0.004706 ---
--- client 0 in epoch 4 [aggregation then communication] ---
--- client 1 in epoch 4 [aggregation then communication] ---
--- client 2 in epoch 4 [aggregation then communication] ---
--- client 3 in epoch 4 [aggregation then communication] ---
--- client 4 in epoch 4 [aggregation then communication] ---
--- client 5 in epoch 4 [aggregation then communication] ---
--- client 6 in epoch 4 [aggregation then communication] ---
--- client 7 in epoch 4 [aggregation then communication] ---
--- client 8 in epoch 4 [aggregation then communication] ---
--- client 9 in epoch 4 [aggregation then communication] ---
--- global epoch 4: global acc = 78.84% ---
--- local epoch 4: local acc = [C0:92.18%, C1:90.11%, C2:90.70%, C3:89.09%, C4:90.17%, C5:90.70%, C6:90.87%, C7:90.47%, C8:90.45%, C9:90.50%] ---

--- global epoch 5/60 ---
--- At epoch 5, learning rate decays to 0.004612 ---
--- client 0 in epoch 5 [aggregation then communication] ---
--- client 1 in epoch 5 [aggregation then communication] ---
--- client 2 in epoch 5 [aggregation then communication] ---
--- client 3 in epoch 5 [aggregation then communication] ---
--- client 4 in epoch 5 [aggregation then communication] ---
--- client 5 in epoch 5 [aggregation then communication] ---
--- client 6 in epoch 5 [aggregation then communication] ---
--- client 7 in epoch 5 [aggregation then communication] ---
--- client 8 in epoch 5 [aggregation then communication] ---
--- client 9 in epoch 5 [aggregation then communication] ---
--- global epoch 5: global acc = 86.69% ---
--- local epoch 5: local acc = [C0:92.50%, C1:92.84%, C2:92.73%, C3:92.28%, C4:92.56%, C5:93.31%, C6:95.31%, C7:91.83%, C8:92.17%, C9:93.50%] ---

--- global epoch 6/60 ---
--- At epoch 6, learning rate decays to 0.004520 ---
--- client 0 in epoch 6 [aggregation then communication] ---
--- client 1 in epoch 6 [aggregation then communication] ---
--- client 2 in epoch 6 [aggregation then communication] ---
--- client 3 in epoch 6 [aggregation then communication] ---
--- client 4 in epoch 6 [aggregation then communication] ---
--- client 5 in epoch 6 [aggregation then communication] ---
--- client 6 in epoch 6 [aggregation then communication] ---
--- client 7 in epoch 6 [aggregation then communication] ---
--- client 8 in epoch 6 [aggregation then communication] ---
--- client 9 in epoch 6 [aggregation then communication] ---
--- global epoch 6: global acc = 86.33% ---
--- local epoch 6: local acc = [C0:93.83%, C1:94.43%, C2:94.52%, C3:93.26%, C4:93.63%, C5:94.63%, C6:94.23%, C7:93.43%, C8:95.07%, C9:94.04%] ---

--- global epoch 7/60 ---
--- At epoch 7, learning rate decays to 0.004429 ---
--- client 0 in epoch 7 [aggregation then communication] ---
--- client 1 in epoch 7 [aggregation then communication] ---
--- client 2 in epoch 7 [aggregation then communication] ---
--- client 3 in epoch 7 [aggregation then communication] ---
--- client 4 in epoch 7 [aggregation then communication] ---
--- client 5 in epoch 7 [aggregation then communication] ---
--- client 6 in epoch 7 [aggregation then communication] ------ client 7 in epoch 7 [aggregation then communication] ---

--- client 8 in epoch 7 [aggregation then communication] ---
--- client 9 in epoch 7 [aggregation then communication] ---
--- global epoch 7: global acc = 87.41% ---
--- local epoch 7: local acc = [C0:94.50%, C1:95.26%, C2:95.45%, C3:94.79%, C4:94.56%, C5:95.01%, C6:94.91%, C7:94.78%, C8:94.83%, C9:95.30%] ---

--- global epoch 8/60 ---
--- At epoch 8, learning rate decays to 0.004341 ---
--- client 0 in epoch 8 [aggregation then communication] ---
--- client 1 in epoch 8 [aggregation then communication] ---
--- client 2 in epoch 8 [aggregation then communication] ---
--- client 3 in epoch 8 [aggregation then communication] ---
--- client 4 in epoch 8 [aggregation then communication] ---
--- client 5 in epoch 8 [aggregation then communication] ---
--- client 6 in epoch 8 [aggregation then communication] ---
--- client 7 in epoch 8 [aggregation then communication] ---
--- client 8 in epoch 8 [aggregation then communication] ---
--- client 9 in epoch 8 [aggregation then communication] ---
--- global epoch 8: global acc = 87.52% ---
--- local epoch 8: local acc = [C0:95.28%, C1:96.05%, C2:96.33%, C3:95.19%, C4:95.35%, C5:96.17%, C6:97.68%, C7:96.03%, C8:95.77%, C9:95.92%] ---

--- global epoch 9/60 ---
--- At epoch 9, learning rate decays to 0.004254 ---
--- client 0 in epoch 9 [aggregation then communication] ---
--- client 1 in epoch 9 [aggregation then communication] ---
--- client 2 in epoch 9 [aggregation then communication] ---
--- client 3 in epoch 9 [aggregation then communication] ---
--- client 4 in epoch 9 [aggregation then communication] ---
--- client 5 in epoch 9 [aggregation then communication] ---
--- client 6 in epoch 9 [aggregation then communication] ---
--- client 7 in epoch 9 [aggregation then communication] ---
--- client 8 in epoch 9 [aggregation then communication] ---
--- client 9 in epoch 9 [aggregation then communication] ---
--- global epoch 9: global acc = 87.66% ---
--- local epoch 9: local acc = [C0:96.11%, C1:96.61%, C2:96.14%, C3:96.13%, C4:95.50%, C5:96.75%, C6:96.27%, C7:96.40%, C8:96.45%, C9:96.05%] ---

--- global epoch 10/60 ---
--- At epoch 10, learning rate decays to 0.004169 ---
--- client 0 in epoch 10 [aggregation then communication] ---
--- client 1 in epoch 10 [aggregation then communication] ---
--- client 2 in epoch 10 [aggregation then communication] ---
--- client 3 in epoch 10 [aggregation then communication] ---
--- client 4 in epoch 10 [aggregation then communication] ---
--- client 5 in epoch 10 [aggregation then communication] ---
--- client 6 in epoch 10 [aggregation then communication] ---
--- client 7 in epoch 10 [aggregation then communication] ---
--- client 8 in epoch 10 [aggregation then communication] ---
--- client 9 in epoch 10 [aggregation then communication] ---
--- global epoch 10: global acc = 88.20% ---
--- local epoch 10: local acc = [C0:96.56%, C1:96.73%, C2:96.44%, C3:96.48%, C4:95.85%, C5:97.22%, C6:97.12%, C7:96.69%, C8:96.43%, C9:96.81%] ---

--- global epoch 11/60 ---
--- At epoch 11, learning rate decays to 0.004085 ---
--- client 0 in epoch 11 [aggregation then communication] ---
--- client 1 in epoch 11 [aggregation then communication] ---
--- client 2 in epoch 11 [aggregation then communication] ---
--- client 3 in epoch 11 [aggregation then communication] ---
--- client 4 in epoch 11 [aggregation then communication] ---
--- client 5 in epoch 11 [aggregation then communication] ---
--- client 6 in epoch 11 [aggregation then communication] ---
--- client 7 in epoch 11 [aggregation then communication] ---
--- client 8 in epoch 11 [aggregation then communication] ---
--- client 9 in epoch 11 [aggregation then communication] ---
--- global epoch 11: global acc = 88.56% ---
--- local epoch 11: local acc = [C0:96.63%, C1:97.04%, C2:96.49%, C3:96.60%, C4:96.85%, C5:97.62%, C6:98.35%, C7:96.91%, C8:96.72%, C9:99.94%] ---

--- global epoch 12/60 ---
--- At epoch 12, learning rate decays to 0.004004 ---
--- client 0 in epoch 12 [aggregation then communication] ---
--- client 1 in epoch 12 [aggregation then communication] ---
--- client 2 in epoch 12 [aggregation then communication] ---
--- client 3 in epoch 12 [aggregation then communication] ---
--- client 4 in epoch 12 [aggregation then communication] ---
--- client 5 in epoch 12 [aggregation then communication] ---
--- client 6 in epoch 12 [aggregation then communication] ---
--- client 7 in epoch 12 [aggregation then communication] ---
--- client 8 in epoch 12 [aggregation then communication] ---
--- client 9 in epoch 12 [aggregation then communication] ---
--- global epoch 12: global acc = 89.03% ---
--- local epoch 12: local acc = [C0:97.08%, C1:97.31%, C2:97.21%, C3:96.99%, C4:96.82%, C5:97.55%, C6:97.38%, C7:97.06%, C8:97.26%, C9:97.17%] ---

--- global epoch 13/60 ---
--- At epoch 13, learning rate decays to 0.003924 ---
--- client 0 in epoch 13 [aggregation then communication] ---
--- client 1 in epoch 13 [aggregation then communication] ---
--- client 2 in epoch 13 [aggregation then communication] ---
--- client 3 in epoch 13 [aggregation then communication] ---
--- client 4 in epoch 13 [aggregation then communication] ---
--- client 5 in epoch 13 [aggregation then communication] ---
--- client 6 in epoch 13 [aggregation then communication] ---
--- client 7 in epoch 13 [aggregation then communication] ---
--- client 8 in epoch 13 [aggregation then communication] ---
--- client 9 in epoch 13 [aggregation then communication] ---
--- global epoch 13: global acc = 89.01% ---
--- local epoch 13: local acc = [C0:97.51%, C1:97.76%, C2:97.30%, C3:97.39%, C4:97.19%, C5:97.84%, C6:97.52%, C7:97.69%, C8:97.74%, C9:97.45%] ---

--- global epoch 14/60 ---
--- At epoch 14, learning rate decays to 0.003845 ---
--- client 0 in epoch 14 [aggregation then communication] ---
--- client 1 in epoch 14 [aggregation then communication] ---
--- client 2 in epoch 14 [aggregation then communication] ---
--- client 3 in epoch 14 [aggregation then communication] ---
--- client 4 in epoch 14 [aggregation then communication] ---
--- client 5 in epoch 14 [aggregation then communication] ---
--- client 6 in epoch 14 [aggregation then communication] ---
--- client 7 in epoch 14 [aggregation then communication] ---
--- client 8 in epoch 14 [aggregation then communication] ---
--- client 9 in epoch 14 [aggregation then communication] ---
--- global epoch 14: global acc = 89.00% ---
--- local epoch 14: local acc = [C0:99.99%, C1:98.16%, C2:97.61%, C3:97.85%, C4:97.34%, C5:98.00%, C6:97.61%, C7:98.05%, C8:97.71%, C9:98.97%] ---

--- global epoch 15/60 ---
--- At epoch 15, learning rate decays to 0.003768 ---
--- client 0 in epoch 15 [aggregation then communication] ---
--- client 1 in epoch 15 [aggregation then communication] ---
--- client 2 in epoch 15 [aggregation then communication] ---
--- client 3 in epoch 15 [aggregation then communication] ---
--- client 4 in epoch 15 [aggregation then communication] ---
--- client 5 in epoch 15 [aggregation then communication] ---
--- client 6 in epoch 15 [aggregation then communication] ---
--- client 7 in epoch 15 [aggregation then communication] ---
--- client 8 in epoch 15 [aggregation then communication] ---
--- client 9 in epoch 15 [aggregation then communication] ---
--- global epoch 15: global acc = 89.12% ---
--- local epoch 15: local acc = [C0:97.56%, C1:97.78%, C2:98.09%, C3:98.05%, C4:99.99%, C5:98.19%, C6:98.01%, C7:97.91%, C8:97.97%, C9:97.64%] ---

--- global epoch 16/60 ---
--- At epoch 16, learning rate decays to 0.003693 ---
--- client 0 in epoch 16 [aggregation then communication] ---
--- client 1 in epoch 16 [aggregation then communication] ---
--- client 2 in epoch 16 [aggregation then communication] ---
--- client 3 in epoch 16 [aggregation then communication] ---
--- client 4 in epoch 16 [aggregation then communication] ---
--- client 5 in epoch 16 [aggregation then communication] ---
--- client 6 in epoch 16 [aggregation then communication] ---
--- client 7 in epoch 16 [aggregation then communication] ---
--- client 8 in epoch 16 [aggregation then communication] ---
--- client 9 in epoch 16 [aggregation then communication] ---
--- global epoch 16: global acc = 89.01% ---
--- local epoch 16: local acc = [C0:97.99%, C1:99.17%, C2:97.64%, C3:98.39%, C4:97.82%, C5:98.12%, C6:97.92%, C7:98.09%, C8:98.14%, C9:98.02%] ---

--- global epoch 17/60 ---
--- At epoch 17, learning rate decays to 0.003619 ---
--- client 0 in epoch 17 [aggregation then communication] ---
--- client 1 in epoch 17 [aggregation then communication] ---
--- client 2 in epoch 17 [aggregation then communication] ---
--- client 3 in epoch 17 [aggregation then communication] ---
--- client 4 in epoch 17 [aggregation then communication] ---
--- client 5 in epoch 17 [aggregation then communication] ---
--- client 6 in epoch 17 [aggregation then communication] ---
--- client 7 in epoch 17 [aggregation then communication] ---
--- client 8 in epoch 17 [aggregation then communication] ---
--- client 9 in epoch 17 [aggregation then communication] ---
--- global epoch 17: global acc = 89.29% ---
--- local epoch 17: local acc = [C0:98.50%, C1:98.11%, C2:98.18%, C3:98.27%, C4:97.90%, C5:98.56%, C6:98.31%, C7:98.61%, C8:98.30%, C9:98.05%] ---

--- global epoch 18/60 ---
--- At epoch 18, learning rate decays to 0.003547 ---
--- client 0 in epoch 18 [aggregation then communication] ---
--- client 1 in epoch 18 [aggregation then communication] ---
--- client 2 in epoch 18 [aggregation then communication] ---
--- client 3 in epoch 18 [aggregation then communication] ---
--- client 4 in epoch 18 [aggregation then communication] ---
--- client 5 in epoch 18 [aggregation then communication] ---
--- client 6 in epoch 18 [aggregation then communication] ---
--- client 7 in epoch 18 [aggregation then communication] ---
--- client 8 in epoch 18 [aggregation then communication] ---
--- client 9 in epoch 18 [aggregation then communication] ---
--- global epoch 18: global acc = 89.78% ---
--- local epoch 18: local acc = [C0:98.34%, C1:98.55%, C2:98.13%, C3:98.25%, C4:98.01%, C5:98.44%, C6:98.46%, C7:98.54%, C8:99.03%, C9:98.09%] ---

--- global epoch 19/60 ---
--- At epoch 19, learning rate decays to 0.003476 ---
--- client 0 in epoch 19 [aggregation then communication] ---
--- client 1 in epoch 19 [aggregation then communication] ---
--- client 2 in epoch 19 [aggregation then communication] ---
--- client 3 in epoch 19 [aggregation then communication] ---
--- client 4 in epoch 19 [aggregation then communication] ---
--- client 5 in epoch 19 [aggregation then communication] ---
--- client 6 in epoch 19 [aggregation then communication] ---
--- client 7 in epoch 19 [aggregation then communication] ---
--- client 8 in epoch 19 [aggregation then communication] ---
--- client 9 in epoch 19 [aggregation then communication] ---
--- global epoch 19: global acc = 90.03% ---
--- local epoch 19: local acc = [C0:98.61%, C1:98.73%, C2:98.12%, C3:98.66%, C4:98.30%, C5:98.97%, C6:98.69%, C7:98.73%, C8:98.99%, C9:98.21%] ---

--- global epoch 20/60 ---
--- At epoch 20, learning rate decays to 0.003406 ---
--- client 0 in epoch 20 [aggregation then communication] ---
--- client 1 in epoch 20 [aggregation then communication] ---
--- client 2 in epoch 20 [aggregation then communication] ---
--- client 3 in epoch 20 [aggregation then communication] ---
--- client 4 in epoch 20 [aggregation then communication] ---
--- client 5 in epoch 20 [aggregation then communication] ---
--- client 6 in epoch 20 [aggregation then communication] ---
--- client 7 in epoch 20 [aggregation then communication] ---
--- client 8 in epoch 20 [aggregation then communication] ---
--- client 9 in epoch 20 [aggregation then communication] ---
--- global epoch 20: global acc = 89.54% ---
--- local epoch 20: local acc = [C0:100.00%, C1:98.39%, C2:98.34%, C3:98.59%, C4:98.35%, C5:98.74%, C6:98.66%, C7:98.56%, C8:98.78%, C9:98.65%] ---

--- global epoch 21/60 ---
--- At epoch 21, learning rate decays to 0.003338 ---
--- client 0 in epoch 21 [aggregation then communication] ---
--- client 1 in epoch 21 [aggregation then communication] ---
--- client 2 in epoch 21 [aggregation then communication] ---
--- client 3 in epoch 21 [aggregation then communication] ---
--- client 4 in epoch 21 [aggregation then communication] ---
--- client 5 in epoch 21 [aggregation then communication] ---
--- client 6 in epoch 21 [aggregation then communication] ---
--- client 7 in epoch 21 [aggregation then communication] ---
--- client 8 in epoch 21 [aggregation then communication] ---
--- client 9 in epoch 21 [aggregation then communication] ---
--- global epoch 21: global acc = 89.99% ---
--- local epoch 21: local acc = [C0:98.70%, C1:98.70%, C2:98.55%, C3:98.85%, C4:98.54%, C5:98.85%, C6:98.91%, C7:98.75%, C8:98.89%, C9:98.87%] ---

--- global epoch 22/60 ---
--- At epoch 22, learning rate decays to 0.003271 ---
--- client 0 in epoch 22 [aggregation then communication] ---
--- client 1 in epoch 22 [aggregation then communication] ---
--- client 2 in epoch 22 [aggregation then communication] ---
--- client 3 in epoch 22 [aggregation then communication] ---
--- client 4 in epoch 22 [aggregation then communication] ---
--- client 5 in epoch 22 [aggregation then communication] ---
--- client 6 in epoch 22 [aggregation then communication] ---
--- client 7 in epoch 22 [aggregation then communication] ---
--- client 8 in epoch 22 [aggregation then communication] ---
--- client 9 in epoch 22 [aggregation then communication] ---
--- global epoch 22: global acc = 89.86% ---
--- local epoch 22: local acc = [C0:98.73%, C1:98.89%, C2:98.66%, C3:98.86%, C4:98.63%, C5:99.90%, C6:98.91%, C7:98.92%, C8:98.84%, C9:98.63%] ---

--- global epoch 23/60 ---
--- At epoch 23, learning rate decays to 0.003206 ---
--- client 0 in epoch 23 [aggregation then communication] ---
--- client 1 in epoch 23 [aggregation then communication] ---
--- client 2 in epoch 23 [aggregation then communication] ---
--- client 3 in epoch 23 [aggregation then communication] ---
--- client 4 in epoch 23 [aggregation then communication] ---
--- client 5 in epoch 23 [aggregation then communication] ---
--- client 6 in epoch 23 [aggregation then communication] ---
--- client 7 in epoch 23 [aggregation then communication] ---
--- client 8 in epoch 23 [aggregation then communication] ---
--- client 9 in epoch 23 [aggregation then communication] ---
--- global epoch 23: global acc = 89.77% ---
--- local epoch 23: local acc = [C0:100.00%, C1:98.89%, C2:98.82%, C3:98.92%, C4:98.49%, C5:98.88%, C6:98.96%, C7:98.97%, C8:98.75%, C9:99.06%] ---

--- global epoch 24/60 ---
--- At epoch 24, learning rate decays to 0.003142 ---
--- client 0 in epoch 24 [aggregation then communication] ---
--- client 1 in epoch 24 [aggregation then communication] ---
--- client 2 in epoch 24 [aggregation then communication] ---
--- client 3 in epoch 24 [aggregation then communication] ---
--- client 4 in epoch 24 [aggregation then communication] ---
--- client 5 in epoch 24 [aggregation then communication] ---
--- client 6 in epoch 24 [aggregation then communication] ---
--- client 7 in epoch 24 [aggregation then communication] ---
--- client 8 in epoch 24 [aggregation then communication] ---
--- client 9 in epoch 24 [aggregation then communication] ---
--- global epoch 24: global acc = 89.68% ---
--- local epoch 24: local acc = [C0:98.96%, C1:99.03%, C2:98.71%, C3:99.03%, C4:98.76%, C5:99.85%, C6:99.40%, C7:99.05%, C8:99.18%, C9:99.11%] ---

--- global epoch 25/60 ---
--- At epoch 25, learning rate decays to 0.003079 ---
--- client 0 in epoch 25 [aggregation then communication] ---
--- client 1 in epoch 25 [aggregation then communication] ---
--- client 2 in epoch 25 [aggregation then communication] ---
--- client 3 in epoch 25 [aggregation then communication] ---
--- client 4 in epoch 25 [aggregation then communication] ---
--- client 5 in epoch 25 [aggregation then communication] ---
--- client 6 in epoch 25 [aggregation then communication] ------ client 7 in epoch 25 [aggregation then communication] ---

--- client 8 in epoch 25 [aggregation then communication] ---
--- client 9 in epoch 25 [aggregation then communication] ---
--- global epoch 25: global acc = 89.71% ---
--- local epoch 25: local acc = [C0:99.20%, C1:99.28%, C2:98.91%, C3:99.85%, C4:98.87%, C5:99.06%, C6:99.72%, C7:99.27%, C8:99.31%, C9:99.17%] ---

--- global epoch 26/60 ---
--- At epoch 26, learning rate decays to 0.003017 ---
--- client 0 in epoch 26 [aggregation then communication] ---
--- client 1 in epoch 26 [aggregation then communication] ---
--- client 2 in epoch 26 [aggregation then communication] ---
--- client 3 in epoch 26 [aggregation then communication] ---
--- client 4 in epoch 26 [aggregation then communication] ---
--- client 5 in epoch 26 [aggregation then communication] ---
--- client 6 in epoch 26 [aggregation then communication] ---
--- client 7 in epoch 26 [aggregation then communication] ---
--- client 8 in epoch 26 [aggregation then communication] ---
--- client 9 in epoch 26 [aggregation then communication] ---
--- global epoch 26: global acc = 89.97% ---
--- local epoch 26: local acc = [C0:99.14%, C1:99.31%, C2:98.90%, C3:99.18%, C4:98.84%, C5:99.20%, C6:99.08%, C7:99.13%, C8:99.51%, C9:99.29%] ---

--- global epoch 27/60 ---
--- At epoch 27, learning rate decays to 0.002957 ---
--- client 0 in epoch 27 [aggregation then communication] ---
--- client 1 in epoch 27 [aggregation then communication] ---
--- client 2 in epoch 27 [aggregation then communication] ---
--- client 3 in epoch 27 [aggregation then communication] ---
--- client 4 in epoch 27 [aggregation then communication] ---
--- client 5 in epoch 27 [aggregation then communication] ---
--- client 6 in epoch 27 [aggregation then communication] ---
--- client 7 in epoch 27 [aggregation then communication] ---
--- client 8 in epoch 27 [aggregation then communication] ---
--- client 9 in epoch 27 [aggregation then communication] ---
--- global epoch 27: global acc = 90.08% ---
--- local epoch 27: local acc = [C0:99.21%, C1:99.38%, C2:99.22%, C3:99.22%, C4:99.14%, C5:99.45%, C6:99.34%, C7:99.42%, C8:99.26%, C9:99.29%] ---

--- global epoch 28/60 ---
--- At epoch 28, learning rate decays to 0.002898 ---
--- client 0 in epoch 28 [aggregation then communication] ---
--- client 1 in epoch 28 [aggregation then communication] ---
--- client 2 in epoch 28 [aggregation then communication] ---
--- client 3 in epoch 28 [aggregation then communication] ---
--- client 4 in epoch 28 [aggregation then communication] ---
--- client 5 in epoch 28 [aggregation then communication] ---
--- client 6 in epoch 28 [aggregation then communication] ---
--- client 7 in epoch 28 [aggregation then communication] ---
--- client 8 in epoch 28 [aggregation then communication] ---
--- client 9 in epoch 28 [aggregation then communication] ---
--- global epoch 28: global acc = 90.39% ---
--- local epoch 28: local acc = [C0:99.20%, C1:99.36%, C2:99.19%, C3:99.53%, C4:98.97%, C5:99.24%, C6:99.34%, C7:99.37%, C8:99.65%, C9:99.41%] ---

--- global epoch 29/60 ---
--- At epoch 29, learning rate decays to 0.002840 ---
--- client 0 in epoch 29 [aggregation then communication] ---
--- client 1 in epoch 29 [aggregation then communication] ---
--- client 2 in epoch 29 [aggregation then communication] ---
--- client 3 in epoch 29 [aggregation then communication] ---
--- client 4 in epoch 29 [aggregation then communication] ---
--- client 5 in epoch 29 [aggregation then communication] ---
--- client 6 in epoch 29 [aggregation then communication] ---
--- client 7 in epoch 29 [aggregation then communication] ---
--- client 8 in epoch 29 [aggregation then communication] ---
--- client 9 in epoch 29 [aggregation then communication] ---
--- global epoch 29: global acc = 89.36% ---
--- local epoch 29: local acc = [C0:99.41%, C1:99.30%, C2:99.31%, C3:99.22%, C4:99.22%, C5:99.48%, C6:99.61%, C7:99.63%, C8:99.59%, C9:99.42%] ---

--- global epoch 30/60 ---
--- At epoch 30, learning rate decays to 0.002783 ---
--- client 0 in epoch 30 [aggregation then communication] ---
--- client 1 in epoch 30 [aggregation then communication] ---
--- client 2 in epoch 30 [aggregation then communication] ---
--- client 3 in epoch 30 [aggregation then communication] ---
--- client 4 in epoch 30 [aggregation then communication] ---
--- client 5 in epoch 30 [aggregation then communication] ---
--- client 6 in epoch 30 [aggregation then communication] ---
--- client 7 in epoch 30 [aggregation then communication] ---
--- client 8 in epoch 30 [aggregation then communication] ---
--- client 9 in epoch 30 [aggregation then communication] ---
--- global epoch 30: global acc = 90.00% ---
--- local epoch 30: local acc = [C0:99.58%, C1:99.97%, C2:99.36%, C3:99.75%, C4:99.35%, C5:99.61%, C6:99.63%, C7:99.89%, C8:99.69%, C9:99.40%] ---

--- global epoch 31/60 ---
--- At epoch 31, learning rate decays to 0.002727 ---
--- client 0 in epoch 31 [aggregation then communication] ---
--- client 1 in epoch 31 [aggregation then communication] ---
--- client 2 in epoch 31 [aggregation then communication] ---
--- client 3 in epoch 31 [aggregation then communication] ---
--- client 4 in epoch 31 [aggregation then communication] ---
--- client 5 in epoch 31 [aggregation then communication] ---
--- client 6 in epoch 31 [aggregation then communication] ---
--- client 7 in epoch 31 [aggregation then communication] ---
--- client 8 in epoch 31 [aggregation then communication] ---
--- client 9 in epoch 31 [aggregation then communication] ---
--- global epoch 31: global acc = 90.09% ---
--- local epoch 31: local acc = [C0:99.58%, C1:99.56%, C2:99.25%, C3:99.44%, C4:100.00%, C5:99.28%, C6:99.41%, C7:99.95%, C8:99.43%, C9:99.67%] ---

--- global epoch 32/60 ---
--- At epoch 32, learning rate decays to 0.002673 ---
--- client 0 in epoch 32 [aggregation then communication] ---
--- client 1 in epoch 32 [aggregation then communication] ---
--- client 2 in epoch 32 [aggregation then communication] ---
--- client 3 in epoch 32 [aggregation then communication] ---
--- client 4 in epoch 32 [aggregation then communication] ---
--- client 5 in epoch 32 [aggregation then communication] ---
--- client 6 in epoch 32 [aggregation then communication] ---
--- client 7 in epoch 32 [aggregation then communication] ---
--- client 8 in epoch 32 [aggregation then communication] ---
--- client 9 in epoch 32 [aggregation then communication] ---
--- global epoch 32: global acc = 90.29% ---
--- local epoch 32: local acc = [C0:99.60%, C1:99.71%, C2:99.35%, C3:99.56%, C4:99.53%, C5:99.50%, C6:99.65%, C7:99.67%, C8:99.51%, C9:99.46%] ---

--- global epoch 33/60 ---
--- At epoch 33, learning rate decays to 0.002619 ---
--- client 0 in epoch 33 [aggregation then communication] ---
--- client 1 in epoch 33 [aggregation then communication] ---
--- client 2 in epoch 33 [aggregation then communication] ---
--- client 3 in epoch 33 [aggregation then communication] ---
--- client 4 in epoch 33 [aggregation then communication] ---
--- client 5 in epoch 33 [aggregation then communication] ---
--- client 6 in epoch 33 [aggregation then communication] ---
--- client 7 in epoch 33 [aggregation then communication] ---
--- client 8 in epoch 33 [aggregation then communication] ---
--- client 9 in epoch 33 [aggregation then communication] ---
--- global epoch 33: global acc = 89.94% ---
--- local epoch 33: local acc = [C0:99.64%, C1:99.74%, C2:99.67%, C3:99.82%, C4:99.90%, C5:99.53%, C6:99.68%, C7:99.84%, C8:99.67%, C9:99.54%] ---

--- global epoch 34/60 ---
--- At epoch 34, learning rate decays to 0.002567 ---
--- client 0 in epoch 34 [aggregation then communication] ---
--- client 1 in epoch 34 [aggregation then communication] ---
--- client 2 in epoch 34 [aggregation then communication] ---
--- client 3 in epoch 34 [aggregation then communication] ---
--- client 4 in epoch 34 [aggregation then communication] ---
--- client 5 in epoch 34 [aggregation then communication] ---
--- client 6 in epoch 34 [aggregation then communication] ---
--- client 7 in epoch 34 [aggregation then communication] ---
--- client 8 in epoch 34 [aggregation then communication] ---
--- client 9 in epoch 34 [aggregation then communication] ---
--- global epoch 34: global acc = 89.95% ---
--- local epoch 34: local acc = [C0:99.44%, C1:99.92%, C2:99.70%, C3:99.75%, C4:99.46%, C5:99.68%, C6:99.75%, C7:99.79%, C8:99.88%, C9:99.74%] ---

--- global epoch 35/60 ---
--- At epoch 35, learning rate decays to 0.002516 ---
--- client 0 in epoch 35 [aggregation then communication] ---
--- client 1 in epoch 35 [aggregation then communication] ---
--- client 2 in epoch 35 [aggregation then communication] ---
--- client 3 in epoch 35 [aggregation then communication] ---
--- client 4 in epoch 35 [aggregation then communication] ---
--- client 5 in epoch 35 [aggregation then communication] ---
--- client 6 in epoch 35 [aggregation then communication] ---
--- client 7 in epoch 35 [aggregation then communication] ---
--- client 8 in epoch 35 [aggregation then communication] ---
--- client 9 in epoch 35 [aggregation then communication] ---
--- global epoch 35: global acc = 90.12% ---
--- local epoch 35: local acc = [C0:99.67%, C1:99.94%, C2:99.98%, C3:99.78%, C4:99.75%, C5:99.76%, C6:99.98%, C7:99.94%, C8:99.88%, C9:99.66%] ---

--- global epoch 36/60 ---
--- At epoch 36, learning rate decays to 0.002465 ---
--- client 0 in epoch 36 [aggregation then communication] ---
--- client 1 in epoch 36 [aggregation then communication] ---
--- client 2 in epoch 36 [aggregation then communication] ---
--- client 3 in epoch 36 [aggregation then communication] ---
--- client 4 in epoch 36 [aggregation then communication] ---
--- client 5 in epoch 36 [aggregation then communication] ---
--- client 6 in epoch 36 [aggregation then communication] ---
--- client 7 in epoch 36 [aggregation then communication] ---
--- client 8 in epoch 36 [aggregation then communication] ---
--- client 9 in epoch 36 [aggregation then communication] ---
--- global epoch 36: global acc = 89.67% ---
--- local epoch 36: local acc = [C0:99.65%, C1:99.95%, C2:99.50%, C3:99.80%, C4:99.84%, C5:99.89%, C6:99.50%, C7:99.74%, C8:99.74%, C9:99.67%] ---

--- global epoch 37/60 ---
--- At epoch 37, learning rate decays to 0.002416 ---
--- client 0 in epoch 37 [aggregation then communication] ---
--- client 1 in epoch 37 [aggregation then communication] ---
--- client 2 in epoch 37 [aggregation then communication] ---
--- client 3 in epoch 37 [aggregation then communication] ---
--- client 4 in epoch 37 [aggregation then communication] ---
--- client 5 in epoch 37 [aggregation then communication] ---
--- client 6 in epoch 37 [aggregation then communication] ---
--- client 7 in epoch 37 [aggregation then communication] ---
--- client 8 in epoch 37 [aggregation then communication] ---
--- client 9 in epoch 37 [aggregation then communication] ---
--- global epoch 37: global acc = 90.21% ---
--- local epoch 37: local acc = [C0:99.85%, C1:99.90%, C2:99.63%, C3:99.96%, C4:99.74%, C5:99.91%, C6:99.95%, C7:99.90%, C8:100.00%, C9:99.68%] ---

--- global epoch 38/60 ---
--- At epoch 38, learning rate decays to 0.002368 ---
--- client 0 in epoch 38 [aggregation then communication] ---
--- client 1 in epoch 38 [aggregation then communication] ---
--- client 2 in epoch 38 [aggregation then communication] ---
--- client 3 in epoch 38 [aggregation then communication] ---
--- client 4 in epoch 38 [aggregation then communication] ---
--- client 5 in epoch 38 [aggregation then communication] ---
--- client 6 in epoch 38 [aggregation then communication] ---
--- client 7 in epoch 38 [aggregation then communication] ---
--- client 8 in epoch 38 [aggregation then communication] ---
--- client 9 in epoch 38 [aggregation then communication] ---
--- global epoch 38: global acc = 90.01% ---
--- local epoch 38: local acc = [C0:99.70%, C1:99.93%, C2:99.85%, C3:99.92%, C4:99.91%, C5:99.79%, C6:99.69%, C7:99.83%, C8:99.89%, C9:99.75%] ---

--- global epoch 39/60 ---
--- At epoch 39, learning rate decays to 0.002320 ---
--- client 0 in epoch 39 [aggregation then communication] ---
--- client 1 in epoch 39 [aggregation then communication] ---
--- client 2 in epoch 39 [aggregation then communication] ---
--- client 3 in epoch 39 [aggregation then communication] ---
--- client 4 in epoch 39 [aggregation then communication] ---
--- client 5 in epoch 39 [aggregation then communication] ---
--- client 6 in epoch 39 [aggregation then communication] ---
--- client 7 in epoch 39 [aggregation then communication] ---
--- client 8 in epoch 39 [aggregation then communication] ---
--- client 9 in epoch 39 [aggregation then communication] ---
--- global epoch 39: global acc = 90.36% ---
--- local epoch 39: local acc = [C0:99.91%, C1:99.98%, C2:99.97%, C3:99.95%, C4:99.91%, C5:99.81%, C6:99.91%, C7:99.93%, C8:99.97%, C9:99.93%] ---

--- global epoch 40/60 ---
--- At epoch 40, learning rate decays to 0.002274 ---
--- client 0 in epoch 40 [aggregation then communication] ---
--- client 1 in epoch 40 [aggregation then communication] ---
--- client 2 in epoch 40 [aggregation then communication] ---
--- client 3 in epoch 40 [aggregation then communication] ---
--- client 4 in epoch 40 [aggregation then communication] ---
--- client 5 in epoch 40 [aggregation then communication] ---
--- client 6 in epoch 40 [aggregation then communication] ---
--- client 7 in epoch 40 [aggregation then communication] ---
--- client 8 in epoch 40 [aggregation then communication] ---
--- client 9 in epoch 40 [aggregation then communication] ---
--- global epoch 40: global acc = 90.63% ---
--- local epoch 40: local acc = [C0:99.99%, C1:99.97%, C2:99.96%, C3:99.98%, C4:99.79%, C5:99.91%, C6:99.90%, C7:99.86%, C8:100.00%, C9:99.90%] ---

--- global epoch 41/60 ---
--- At epoch 41, learning rate decays to 0.002229 ---
--- client 0 in epoch 41 [aggregation then communication] ---
--- client 1 in epoch 41 [aggregation then communication] ---
--- client 2 in epoch 41 [aggregation then communication] ---
--- client 3 in epoch 41 [aggregation then communication] ---
--- client 4 in epoch 41 [aggregation then communication] ---
--- client 5 in epoch 41 [aggregation then communication] ---
--- client 6 in epoch 41 [aggregation then communication] ---
--- client 7 in epoch 41 [aggregation then communication] ---
--- client 8 in epoch 41 [aggregation then communication] ---
--- client 9 in epoch 41 [aggregation then communication] ---
--- global epoch 41: global acc = 90.42% ---
--- local epoch 41: local acc = [C0:99.91%, C1:99.90%, C2:99.88%, C3:99.99%, C4:99.84%, C5:99.96%, C6:99.89%, C7:100.00%, C8:99.99%, C9:99.86%] ---

--- global epoch 42/60 ---
--- At epoch 42, learning rate decays to 0.002184 ---
--- client 0 in epoch 42 [aggregation then communication] ---
--- client 1 in epoch 42 [aggregation then communication] ---
--- client 2 in epoch 42 [aggregation then communication] ---
--- client 3 in epoch 42 [aggregation then communication] ---
--- client 4 in epoch 42 [aggregation then communication] ---
--- client 5 in epoch 42 [aggregation then communication] ---
--- client 6 in epoch 42 [aggregation then communication] ---
--- client 7 in epoch 42 [aggregation then communication] ---
--- client 8 in epoch 42 [aggregation then communication] ---
--- client 9 in epoch 42 [aggregation then communication] ---
--- global epoch 42: global acc = 90.55% ---
--- local epoch 42: local acc = [C0:99.99%, C1:99.97%, C2:99.97%, C3:99.99%, C4:99.99%, C5:99.98%, C6:99.97%, C7:99.95%, C8:100.00%, C9:99.90%] ---

--- global epoch 43/60 ---
--- At epoch 43, learning rate decays to 0.002140 ---
--- client 0 in epoch 43 [aggregation then communication] ---
--- client 1 in epoch 43 [aggregation then communication] ---
--- client 2 in epoch 43 [aggregation then communication] ---
--- client 3 in epoch 43 [aggregation then communication] ---
--- client 4 in epoch 43 [aggregation then communication] ---
--- client 5 in epoch 43 [aggregation then communication] ---
--- client 6 in epoch 43 [aggregation then communication] ---
--- client 7 in epoch 43 [aggregation then communication] ---
--- client 8 in epoch 43 [aggregation then communication] ---
--- client 9 in epoch 43 [aggregation then communication] ---
--- global epoch 43: global acc = 90.68% ---
--- local epoch 43: local acc = [C0:99.99%, C1:100.00%, C2:100.00%, C3:100.00%, C4:99.95%, C5:99.99%, C6:100.00%, C7:100.00%, C8:99.99%, C9:99.98%] ---

--- global epoch 44/60 ---
--- At epoch 44, learning rate decays to 0.002097 ---
--- client 0 in epoch 44 [aggregation then communication] ---
--- client 1 in epoch 44 [aggregation then communication] ---
--- client 2 in epoch 44 [aggregation then communication] ---
--- client 3 in epoch 44 [aggregation then communication] ---
--- client 4 in epoch 44 [aggregation then communication] ---
--- client 5 in epoch 44 [aggregation then communication] ---
--- client 6 in epoch 44 [aggregation then communication] ---
--- client 7 in epoch 44 [aggregation then communication] ---
--- client 8 in epoch 44 [aggregation then communication] ---
--- client 9 in epoch 44 [aggregation then communication] ---
--- global epoch 44: global acc = 90.59% ---
--- local epoch 44: local acc = [C0:100.00%, C1:100.00%, C2:100.00%, C3:100.00%, C4:99.98%, C5:100.00%, C6:100.00%, C7:100.00%, C8:100.00%, C9:99.95%] ---

--- global epoch 45/60 ---
--- At epoch 45, learning rate decays to 0.002055 ---
--- client 0 in epoch 45 [aggregation then communication] ---
--- client 1 in epoch 45 [aggregation then communication] ---
--- client 2 in epoch 45 [aggregation then communication] ---
--- client 3 in epoch 45 [aggregation then communication] ---
--- client 4 in epoch 45 [aggregation then communication] ---
--- client 5 in epoch 45 [aggregation then communication] ---
--- client 6 in epoch 45 [aggregation then communication] ---
--- client 7 in epoch 45 [aggregation then communication] ---
--- client 8 in epoch 45 [aggregation then communication] ---
--- client 9 in epoch 45 [aggregation then communication] ---
--- global epoch 45: global acc = 90.58% ---
--- local epoch 45: local acc = [C0:99.99%, C1:100.00%, C2:100.00%, C3:100.00%, C4:100.00%, C5:100.00%, C6:100.00%, C7:100.00%, C8:100.00%, C9:99.96%] ---

--- global epoch 46/60 ---
--- At epoch 46, learning rate decays to 0.002014 ---
--- client 0 in epoch 46 [aggregation then communication] ---
--- client 1 in epoch 46 [aggregation then communication] ---
--- client 2 in epoch 46 [aggregation then communication] ---
--- client 3 in epoch 46 [aggregation then communication] ---
--- client 4 in epoch 46 [aggregation then communication] ---
--- client 5 in epoch 46 [aggregation then communication] ---
--- client 6 in epoch 46 [aggregation then communication] ---
--- client 7 in epoch 46 [aggregation then communication] ---
--- client 8 in epoch 46 [aggregation then communication] ---
--- client 9 in epoch 46 [aggregation then communication] ---
--- global epoch 46: global acc = 90.69% ---
--- local epoch 46: local acc = [C0:100.00%, C1:100.00%, C2:100.00%, C3:100.00%, C4:100.00%, C5:100.00%, C6:100.00%, C7:100.00%, C8:100.00%, C9:100.00%] ---

--- global epoch 47/60 ---
--- At epoch 47, learning rate decays to 0.001974 ---
--- client 0 in epoch 47 [aggregation then communication] ---
--- client 1 in epoch 47 [aggregation then communication] ---
--- client 2 in epoch 47 [aggregation then communication] ---
--- client 3 in epoch 47 [aggregation then communication] ---
--- client 4 in epoch 47 [aggregation then communication] ---
--- client 5 in epoch 47 [aggregation then communication] ---
--- client 6 in epoch 47 [aggregation then communication] ---
--- client 7 in epoch 47 [aggregation then communication] ---
--- client 8 in epoch 47 [aggregation then communication] ---
--- client 9 in epoch 47 [aggregation then communication] ---
--- global epoch 47: global acc = 90.57% ---
--- local epoch 47: local acc = [C0:100.00%, C1:100.00%, C2:100.00%, C3:100.00%, C4:100.00%, C5:99.85%, C6:100.00%, C7:100.00%, C8:100.00%, C9:99.99%] ---

--- global epoch 48/60 ---
--- At epoch 48, learning rate decays to 0.001935 ---
--- client 0 in epoch 48 [aggregation then communication] ---
--- client 1 in epoch 48 [aggregation then communication] ---
--- client 2 in epoch 48 [aggregation then communication] ---
--- client 3 in epoch 48 [aggregation then communication] ---
--- client 4 in epoch 48 [aggregation then communication] ---
--- client 5 in epoch 48 [aggregation then communication] ---
--- client 6 in epoch 48 [aggregation then communication] ---
--- client 7 in epoch 48 [aggregation then communication] ---
--- client 8 in epoch 48 [aggregation then communication] ---
--- client 9 in epoch 48 [aggregation then communication] ---
--- global epoch 48: global acc = 90.63% ---
--- local epoch 48: local acc = [C0:100.00%, C1:100.00%, C2:100.00%, C3:100.00%, C4:100.00%, C5:99.99%, C6:100.00%, C7:100.00%, C8:100.00%, C9:100.00%] ---

--- global epoch 49/60 ---
--- At epoch 49, learning rate decays to 0.001896 ---
--- client 0 in epoch 49 [aggregation then communication] ---
--- client 1 in epoch 49 [aggregation then communication] ---
--- client 2 in epoch 49 [aggregation then communication] ---
--- client 3 in epoch 49 [aggregation then communication] ---
--- client 4 in epoch 49 [aggregation then communication] ---
--- client 5 in epoch 49 [aggregation then communication] ---
--- client 6 in epoch 49 [aggregation then communication] ---
--- client 7 in epoch 49 [aggregation then communication] ---
--- client 8 in epoch 49 [aggregation then communication] ---
--- client 9 in epoch 49 [aggregation then communication] ---
--- global epoch 49: global acc = 90.69% ---
--- local epoch 49: local acc = [C0:100.00%, C1:100.00%, C2:100.00%, C3:99.92%, C4:100.00%, C5:100.00%, C6:100.00%, C7:100.00%, C8:100.00%, C9:99.99%] ---

--- global epoch 50/60 ---
--- At epoch 50, learning rate decays to 0.001858 ---
--- client 0 in epoch 50 [aggregation then communication] ---
--- client 1 in epoch 50 [aggregation then communication] ---
--- client 2 in epoch 50 [aggregation then communication] ---
--- client 3 in epoch 50 [aggregation then communication] ---
--- client 4 in epoch 50 [aggregation then communication] ---
--- client 5 in epoch 50 [aggregation then communication] ---
--- client 6 in epoch 50 [aggregation then communication] ---
--- client 7 in epoch 50 [aggregation then communication] ---
--- client 8 in epoch 50 [aggregation then communication] ---
--- client 9 in epoch 50 [aggregation then communication] ---
--- global epoch 50: global acc = 90.66% ---
--- local epoch 50: local acc = [C0:100.00%, C1:100.00%, C2:100.00%, C3:100.00%, C4:100.00%, C5:100.00%, C6:100.00%, C7:100.00%, C8:100.00%, C9:100.00%] ---

--- global epoch 51/60 ---
--- At epoch 51, learning rate decays to 0.001821 ---
--- client 0 in epoch 51 [aggregation then communication] ---
--- client 1 in epoch 51 [aggregation then communication] ---
--- client 2 in epoch 51 [aggregation then communication] ---
--- client 3 in epoch 51 [aggregation then communication] ---
--- client 4 in epoch 51 [aggregation then communication] ---
--- client 5 in epoch 51 [aggregation then communication] ---
--- client 6 in epoch 51 [aggregation then communication] ---
--- client 7 in epoch 51 [aggregation then communication] ---
--- client 8 in epoch 51 [aggregation then communication] ---
--- client 9 in epoch 51 [aggregation then communication] ---
--- global epoch 51: global acc = 90.70% ---
--- local epoch 51: local acc = [C0:100.00%, C1:100.00%, C2:100.00%, C3:100.00%, C4:100.00%, C5:100.00%, C6:100.00%, C7:100.00%, C8:100.00%, C9:100.00%] ---

--- global epoch 52/60 ---
--- At epoch 52, learning rate decays to 0.001784 ---
--- client 0 in epoch 52 [aggregation then communication] ---
--- client 1 in epoch 52 [aggregation then communication] ---
--- client 2 in epoch 52 [aggregation then communication] ---
--- client 3 in epoch 52 [aggregation then communication] ---
--- client 4 in epoch 52 [aggregation then communication] ---
--- client 5 in epoch 52 [aggregation then communication] ---
--- client 6 in epoch 52 [aggregation then communication] ---
--- client 7 in epoch 52 [aggregation then communication] ---
--- client 8 in epoch 52 [aggregation then communication] ---
--- client 9 in epoch 52 [aggregation then communication] ---
--- global epoch 52: global acc = 90.63% ---
--- local epoch 52: local acc = [C0:100.00%, C1:100.00%, C2:100.00%, C3:100.00%, C4:100.00%, C5:100.00%, C6:100.00%, C7:100.00%, C8:100.00%, C9:100.00%] ---

--- global epoch 53/60 ---
--- At epoch 53, learning rate decays to 0.001749 ---
--- client 0 in epoch 53 [aggregation then communication] ---
--- client 1 in epoch 53 [aggregation then communication] ---
--- client 2 in epoch 53 [aggregation then communication] ---
--- client 3 in epoch 53 [aggregation then communication] ---
--- client 4 in epoch 53 [aggregation then communication] ---
--- client 5 in epoch 53 [aggregation then communication] ---
--- client 6 in epoch 53 [aggregation then communication] ---
--- client 7 in epoch 53 [aggregation then communication] ---
--- client 8 in epoch 53 [aggregation then communication] ---
--- client 9 in epoch 53 [aggregation then communication] ---
--- global epoch 53: global acc = 90.68% ---
--- local epoch 53: local acc = [C0:100.00%, C1:100.00%, C2:100.00%, C3:100.00%, C4:100.00%, C5:100.00%, C6:100.00%, C7:100.00%, C8:100.00%, C9:100.00%] ---

--- global epoch 54/60 ---
--- At epoch 54, learning rate decays to 0.001714 ---
--- client 0 in epoch 54 [aggregation then communication] ---
--- client 1 in epoch 54 [aggregation then communication] ---
--- client 2 in epoch 54 [aggregation then communication] ---
--- client 3 in epoch 54 [aggregation then communication] ---
--- client 4 in epoch 54 [aggregation then communication] ---
--- client 5 in epoch 54 [aggregation then communication] ---
--- client 6 in epoch 54 [aggregation then communication] ---
--- client 7 in epoch 54 [aggregation then communication] ---
--- client 8 in epoch 54 [aggregation then communication] ---
--- client 9 in epoch 54 [aggregation then communication] ---
--- global epoch 54: global acc = 90.64% ---
--- local epoch 54: local acc = [C0:100.00%, C1:100.00%, C2:100.00%, C3:100.00%, C4:100.00%, C5:100.00%, C6:100.00%, C7:100.00%, C8:100.00%, C9:100.00%] ---

--- global epoch 55/60 ---
--- At epoch 55, learning rate decays to 0.001679 ---
--- client 0 in epoch 55 [aggregation then communication] ---
--- client 1 in epoch 55 [aggregation then communication] ---
--- client 2 in epoch 55 [aggregation then communication] ---
--- client 3 in epoch 55 [aggregation then communication] ---
--- client 4 in epoch 55 [aggregation then communication] ---
--- client 5 in epoch 55 [aggregation then communication] ---
--- client 6 in epoch 55 [aggregation then communication] ---
--- client 7 in epoch 55 [aggregation then communication] ---
--- client 8 in epoch 55 [aggregation then communication] ---
--- client 9 in epoch 55 [aggregation then communication] ---
--- global epoch 55: global acc = 90.62% ---
--- local epoch 55: local acc = [C0:100.00%, C1:100.00%, C2:100.00%, C3:100.00%, C4:100.00%, C5:100.00%, C6:100.00%, C7:100.00%, C8:100.00%, C9:100.00%] ---

--- global epoch 56/60 ---
--- At epoch 56, learning rate decays to 0.001646 ---
--- client 0 in epoch 56 [aggregation then communication] ---
--- client 1 in epoch 56 [aggregation then communication] ---
--- client 2 in epoch 56 [aggregation then communication] ---
--- client 3 in epoch 56 [aggregation then communication] ---
--- client 4 in epoch 56 [aggregation then communication] ---
--- client 5 in epoch 56 [aggregation then communication] ---
--- client 6 in epoch 56 [aggregation then communication] ---
--- client 7 in epoch 56 [aggregation then communication] ---
--- client 8 in epoch 56 [aggregation then communication] ---
--- client 9 in epoch 56 [aggregation then communication] ---
--- global epoch 56: global acc = 90.60% ---
--- local epoch 56: local acc = [C0:100.00%, C1:100.00%, C2:100.00%, C3:100.00%, C4:100.00%, C5:100.00%, C6:100.00%, C7:100.00%, C8:100.00%, C9:100.00%] ---

--- global epoch 57/60 ---
--- At epoch 57, learning rate decays to 0.001613 ---
--- client 0 in epoch 57 [aggregation then communication] ---
--- client 1 in epoch 57 [aggregation then communication] ---
--- client 2 in epoch 57 [aggregation then communication] ---
--- client 3 in epoch 57 [aggregation then communication] ---
--- client 4 in epoch 57 [aggregation then communication] ---
--- client 5 in epoch 57 [aggregation then communication] ---
--- client 6 in epoch 57 [aggregation then communication] ---
--- client 7 in epoch 57 [aggregation then communication] ---
--- client 8 in epoch 57 [aggregation then communication] ---
--- client 9 in epoch 57 [aggregation then communication] ---
--- global epoch 57: global acc = 90.64% ---
--- local epoch 57: local acc = [C0:100.00%, C1:100.00%, C2:100.00%, C3:100.00%, C4:100.00%, C5:100.00%, C6:100.00%, C7:100.00%, C8:100.00%, C9:100.00%] ---

--- global epoch 58/60 ---
--- At epoch 58, learning rate decays to 0.001581 ---
--- client 0 in epoch 58 [aggregation then communication] ---
--- client 1 in epoch 58 [aggregation then communication] ---
--- client 2 in epoch 58 [aggregation then communication] ---
--- client 3 in epoch 58 [aggregation then communication] ---
--- client 4 in epoch 58 [aggregation then communication] ---
--- client 5 in epoch 58 [aggregation then communication] ---
--- client 6 in epoch 58 [aggregation then communication] ---
--- client 7 in epoch 58 [aggregation then communication] ---
--- client 8 in epoch 58 [aggregation then communication] ---
--- client 9 in epoch 58 [aggregation then communication] ---
--- global epoch 58: global acc = 90.61% ---
--- local epoch 58: local acc = [C0:100.00%, C1:100.00%, C2:100.00%, C3:100.00%, C4:100.00%, C5:100.00%, C6:100.00%, C7:100.00%, C8:100.00%, C9:100.00%] ---

--- global epoch 59/60 ---
--- At epoch 59, learning rate decays to 0.001549 ---
--- client 0 in epoch 59 [aggregation then communication] ---
--- client 1 in epoch 59 [aggregation then communication] ---
--- client 2 in epoch 59 [aggregation then communication] ---
--- client 3 in epoch 59 [aggregation then communication] ---
--- client 4 in epoch 59 [aggregation then communication] ---
--- client 5 in epoch 59 [aggregation then communication] ---
--- client 6 in epoch 59 [aggregation then communication] ---
--- client 7 in epoch 59 [aggregation then communication] ---
--- client 8 in epoch 59 [aggregation then communication] ---
--- client 9 in epoch 59 [aggregation then communication] ---
--- global epoch 59: global acc = 90.57% ---
--- local epoch 59: local acc = [C0:100.00%, C1:100.00%, C2:100.00%, C3:100.00%, C4:100.00%, C5:100.00%, C6:100.00%, C7:100.00%, C8:100.00%, C9:100.00%] ---

--- global epoch 60/60 ---
--- At epoch 60, learning rate decays to 0.001518 ---
--- client 0 in epoch 60 [aggregation then communication] ---
--- client 1 in epoch 60 [aggregation then communication] ---
--- client 2 in epoch 60 [aggregation then communication] ---
--- client 3 in epoch 60 [aggregation then communication] ---
--- client 4 in epoch 60 [aggregation then communication] ---
--- client 5 in epoch 60 [aggregation then communication] ---
--- client 6 in epoch 60 [aggregation then communication] ---
--- client 7 in epoch 60 [aggregation then communication] ---
--- client 8 in epoch 60 [aggregation then communication] ---
--- client 9 in epoch 60 [aggregation then communication] ---
--- global epoch 60: global acc = 90.56% ---
--- local epoch 60: local acc = [C0:100.00%, C1:100.00%, C2:100.00%, C3:100.00%, C4:100.00%, C5:100.00%, C6:100.00%, C7:100.00%, C8:100.00%, C9:100.00%] ---
Total runtime: 7909.68s (2:11:49)

 saving results
results save in C:\Users\Kong\Desktop\\decentralized_federated_learning-master\decentralized_federated_learning-master\res\clients_10-epochs_5-20250922_212748.json
