client 0 initial number of neighbors: 9
client 1 initial number of neighbors: 9
client 2 initial number of neighbors: 9
client 3 initial number of neighbors: 9
client 4 initial number of neighbors: 9
client 5 initial number of neighbors: 9
client 6 initial number of neighbors: 9
client 7 initial number of neighbors: 9
client 8 initial number of neighbors: 9
client 9 initial number of neighbors: 9

 training begins! (epoch-by-epoch parallel mode with global evaluation)

--- global epoch 1/60 ---
--- client 0 in epoch 1 [aggregation then communication] ---
--- client 1 in epoch 1 [aggregation then communication] ---
--- client 2 in epoch 1 [aggregation then communication] ---
--- client 3 in epoch 1 [aggregation then communication] ---
--- client 4 in epoch 1 [aggregation then communication] ---
--- client 5 in epoch 1 [aggregation then communication] ---
--- client 6 in epoch 1 [aggregation then communication] ---
--- client 7 in epoch 1 [aggregation then communication] ---
--- client 8 in epoch 1 [aggregation then communication] ---
--- client 9 in epoch 1 [aggregation then communication] ---
--- global epoch 1: global acc = 10.00% ---
--- local epoch 1: local acc = [C0:37.52%, C1:37.63%, C2:35.88%, C3:36.12%, C4:35.96%, C5:40.28%, C6:38.40%, C7:37.44%, C8:36.40%, C9:38.74%] ---

--- global epoch 2/60 ---
--- At epoch 2, learning rate decays to 0.009990 ---
--- client 0 in epoch 2 [aggregation then communication] ---
--- client 1 in epoch 2 [aggregation then communication] ---
--- client 2 in epoch 2 [aggregation then communication] ---
--- client 3 in epoch 2 [aggregation then communication] ---
--- client 4 in epoch 2 [aggregation then communication] ---
--- client 5 in epoch 2 [aggregation then communication] ---
--- client 6 in epoch 2 [aggregation then communication] ---
--- client 7 in epoch 2 [aggregation then communication] ---
--- client 8 in epoch 2 [aggregation then communication] ---
--- client 9 in epoch 2 [aggregation then communication] ---
--- global epoch 2: global acc = 43.20% ---
--- local epoch 2: local acc = [C0:50.12%, C1:57.70%, C2:50.51%, C3:50.97%, C4:52.12%, C5:52.52%, C6:53.07%, C7:49.35%, C8:52.47%, C9:53.35%] ---

--- global epoch 3/60 ---
--- At epoch 3, learning rate decays to 0.009980 ---
--- client 0 in epoch 3 [aggregation then communication] ---
--- client 1 in epoch 3 [aggregation then communication] ---
--- client 2 in epoch 3 [aggregation then communication] ---
--- client 3 in epoch 3 [aggregation then communication] ---
--- client 4 in epoch 3 [aggregation then communication] ---
--- client 5 in epoch 3 [aggregation then communication] ---
--- client 6 in epoch 3 [aggregation then communication] ---
--- client 7 in epoch 3 [aggregation then communication] ---
--- client 8 in epoch 3 [aggregation then communication] ---
--- client 9 in epoch 3 [aggregation then communication] ---
--- global epoch 3: global acc = 75.18% ---
--- local epoch 3: local acc = [C0:69.47%, C1:68.98%, C2:69.80%, C3:68.21%, C4:68.83%, C5:70.01%, C6:69.63%, C7:69.21%, C8:69.62%, C9:70.60%] ---

--- global epoch 4/60 ---
--- At epoch 4, learning rate decays to 0.009970 ---
--- client 0 in epoch 4 [aggregation then communication] ---
--- client 1 in epoch 4 [aggregation then communication] ---
--- client 2 in epoch 4 [aggregation then communication] ---
--- client 3 in epoch 4 [aggregation then communication] ---
--- client 4 in epoch 4 [aggregation then communication] ---
--- client 5 in epoch 4 [aggregation then communication] ---
--- client 6 in epoch 4 [aggregation then communication] ---
--- client 7 in epoch 4 [aggregation then communication] ---
--- client 8 in epoch 4 [aggregation then communication] ---
--- client 9 in epoch 4 [aggregation then communication] ---
--- global epoch 4: global acc = 80.23% ---
--- local epoch 4: local acc = [C0:78.08%, C1:77.62%, C2:77.91%, C3:78.22%, C4:77.95%, C5:79.19%, C6:78.54%, C7:77.88%, C8:78.32%, C9:78.06%] ---

--- global epoch 5/60 ---
--- At epoch 5, learning rate decays to 0.009960 ---
--- client 0 in epoch 5 [aggregation then communication] ---
--- client 1 in epoch 5 [aggregation then communication] ---
--- client 2 in epoch 5 [aggregation then communication] ---
--- client 3 in epoch 5 [aggregation then communication] ---
--- client 4 in epoch 5 [aggregation then communication] ---
--- client 5 in epoch 5 [aggregation then communication] ---
--- client 6 in epoch 5 [aggregation then communication] ---
--- client 7 in epoch 5 [aggregation then communication] ---
--- client 8 in epoch 5 [aggregation then communication] ---
--- client 9 in epoch 5 [aggregation then communication] ---
--- global epoch 5: global acc = 81.74% ---
--- local epoch 5: local acc = [C0:81.72%, C1:81.26%, C2:81.92%, C3:81.73%, C4:82.33%, C5:82.85%, C6:82.08%, C7:81.82%, C8:82.09%, C9:81.98%] ---

--- global epoch 6/60 ---
--- At epoch 6, learning rate decays to 0.009950 ---
--- client 0 in epoch 6 [aggregation then communication] ---
--- client 1 in epoch 6 [aggregation then communication] ---
--- client 2 in epoch 6 [aggregation then communication] ---
--- client 3 in epoch 6 [aggregation then communication] ---
--- client 4 in epoch 6 [aggregation then communication] ---
--- client 5 in epoch 6 [aggregation then communication] ---
--- client 6 in epoch 6 [aggregation then communication] ---
--- client 7 in epoch 6 [aggregation then communication] ---
--- client 8 in epoch 6 [aggregation then communication] ---
--- client 9 in epoch 6 [aggregation then communication] ---
--- global epoch 6: global acc = 83.17% ---
--- local epoch 6: local acc = [C0:84.38%, C1:84.22%, C2:84.10%, C3:84.07%, C4:84.40%, C5:85.54%, C6:84.43%, C7:84.26%, C8:84.96%, C9:84.61%] ---

--- global epoch 7/60 ---
--- At epoch 7, learning rate decays to 0.009940 ---
--- client 0 in epoch 7 [aggregation then communication] ---
--- client 1 in epoch 7 [aggregation then communication] ---
--- client 2 in epoch 7 [aggregation then communication] ---
--- client 3 in epoch 7 [aggregation then communication] ---
--- client 4 in epoch 7 [aggregation then communication] ---
--- client 5 in epoch 7 [aggregation then communication] ---
--- client 6 in epoch 7 [aggregation then communication] ---
--- client 7 in epoch 7 [aggregation then communication] ---
--- client 8 in epoch 7 [aggregation then communication] ---
--- client 9 in epoch 7 [aggregation then communication] ---
--- global epoch 7: global acc = 84.39% ---
--- local epoch 7: local acc = [C0:86.02%, C1:85.72%, C2:85.73%, C3:85.83%, C4:86.17%, C5:86.85%, C6:88.18%, C7:85.71%, C8:85.98%, C9:86.16%] ---

--- global epoch 8/60 ---
--- At epoch 8, learning rate decays to 0.009930 ---
--- client 0 in epoch 8 [aggregation then communication] ---
--- client 1 in epoch 8 [aggregation then communication] ---
--- client 2 in epoch 8 [aggregation then communication] ---
--- client 3 in epoch 8 [aggregation then communication] ---
--- client 4 in epoch 8 [aggregation then communication] ---
--- client 5 in epoch 8 [aggregation then communication] ---
--- client 6 in epoch 8 [aggregation then communication] ---
--- client 7 in epoch 8 [aggregation then communication] ---
--- client 8 in epoch 8 [aggregation then communication] ---
--- client 9 in epoch 8 [aggregation then communication] ---
--- global epoch 8: global acc = 84.38% ---
--- local epoch 8: local acc = [C0:87.55%, C1:87.20%, C2:86.88%, C3:86.70%, C4:87.12%, C5:88.07%, C6:86.83%, C7:86.93%, C8:87.38%, C9:87.74%] ---

--- global epoch 9/60 ---
--- At epoch 9, learning rate decays to 0.009920 ---
--- client 0 in epoch 9 [aggregation then communication] ---
--- client 1 in epoch 9 [aggregation then communication] ---
--- client 2 in epoch 9 [aggregation then communication] ---
--- client 3 in epoch 9 [aggregation then communication] ---
--- client 4 in epoch 9 [aggregation then communication] ---
--- client 5 in epoch 9 [aggregation then communication] ---
--- client 6 in epoch 9 [aggregation then communication] ---
--- client 7 in epoch 9 [aggregation then communication] ---
--- client 8 in epoch 9 [aggregation then communication] ---
--- client 9 in epoch 9 [aggregation then communication] ---
--- global epoch 9: global acc = 86.16% ---
--- local epoch 9: local acc = [C0:88.08%, C1:88.24%, C2:88.35%, C3:87.32%, C4:88.87%, C5:88.71%, C6:88.32%, C7:88.14%, C8:87.85%, C9:88.47%] ---

--- global epoch 10/60 ---
--- At epoch 10, learning rate decays to 0.009910 ---
--- client 0 in epoch 10 [aggregation then communication] ---
--- client 1 in epoch 10 [aggregation then communication] ---
--- client 2 in epoch 10 [aggregation then communication] ---
--- client 3 in epoch 10 [aggregation then communication] ---
--- client 4 in epoch 10 [aggregation then communication] ---
--- client 5 in epoch 10 [aggregation then communication] ---
--- client 6 in epoch 10 [aggregation then communication] ---
--- client 7 in epoch 10 [aggregation then communication] ---
--- client 8 in epoch 10 [aggregation then communication] ---
--- client 9 in epoch 10 [aggregation then communication] ---
--- global epoch 10: global acc = 86.85% ---
--- local epoch 10: local acc = [C0:88.81%, C1:89.60%, C2:88.92%, C3:88.10%, C4:88.87%, C5:89.64%, C6:89.24%, C7:88.93%, C8:88.80%, C9:89.57%] ---

--- global epoch 11/60 ---
--- At epoch 11, learning rate decays to 0.009900 ---
--- client 0 in epoch 11 [aggregation then communication] ---
--- client 1 in epoch 11 [aggregation then communication] ---
--- client 2 in epoch 11 [aggregation then communication] ---
--- client 3 in epoch 11 [aggregation then communication] ---
--- client 4 in epoch 11 [aggregation then communication] ---
--- client 5 in epoch 11 [aggregation then communication] ---
--- client 6 in epoch 11 [aggregation then communication] ---
--- client 7 in epoch 11 [aggregation then communication] ---
--- client 8 in epoch 11 [aggregation then communication] ---
--- client 9 in epoch 11 [aggregation then communication] ---
--- global epoch 11: global acc = 87.33% ---
--- local epoch 11: local acc = [C0:89.44%, C1:89.43%, C2:89.53%, C3:89.10%, C4:89.64%, C5:90.11%, C6:89.95%, C7:89.03%, C8:89.37%, C9:90.03%] ---

--- global epoch 12/60 ---
--- At epoch 12, learning rate decays to 0.009891 ---
--- client 0 in epoch 12 [aggregation then communication] ---
--- client 1 in epoch 12 [aggregation then communication] ---
--- client 2 in epoch 12 [aggregation then communication] ---
--- client 3 in epoch 12 [aggregation then communication] ---
--- client 4 in epoch 12 [aggregation then communication] ---
--- client 5 in epoch 12 [aggregation then communication] ---
--- client 6 in epoch 12 [aggregation then communication] ------ client 7 in epoch 12 [aggregation then communication] ---

--- client 8 in epoch 12 [aggregation then communication] ------ client 9 in epoch 12 [aggregation then communication] ---

--- global epoch 12: global acc = 87.70% ---
--- local epoch 12: local acc = [C0:89.76%, C1:90.87%, C2:90.02%, C3:89.95%, C4:90.38%, C5:90.67%, C6:90.59%, C7:90.14%, C8:89.84%, C9:90.42%] ---

--- global epoch 13/60 ---
--- At epoch 13, learning rate decays to 0.009881 ---
--- client 0 in epoch 13 [aggregation then communication] ---
--- client 1 in epoch 13 [aggregation then communication] ---
--- client 2 in epoch 13 [aggregation then communication] ---
--- client 3 in epoch 13 [aggregation then communication] ---
--- client 4 in epoch 13 [aggregation then communication] ---
--- client 5 in epoch 13 [aggregation then communication] ---
--- client 6 in epoch 13 [aggregation then communication] ---
--- client 7 in epoch 13 [aggregation then communication] ---
--- client 8 in epoch 13 [aggregation then communication] ---
--- client 9 in epoch 13 [aggregation then communication] ---
--- global epoch 13: global acc = 88.25% ---
--- local epoch 13: local acc = [C0:90.13%, C1:91.41%, C2:90.61%, C3:90.32%, C4:90.42%, C5:91.07%, C6:90.53%, C7:90.69%, C8:91.08%, C9:90.95%] ---

--- global epoch 14/60 ---
--- At epoch 14, learning rate decays to 0.009871 ---
--- client 0 in epoch 14 [aggregation then communication] ---
--- client 1 in epoch 14 [aggregation then communication] ---
--- client 2 in epoch 14 [aggregation then communication] ---
--- client 3 in epoch 14 [aggregation then communication] ---
--- client 4 in epoch 14 [aggregation then communication] ---
--- client 5 in epoch 14 [aggregation then communication] ---
--- client 6 in epoch 14 [aggregation then communication] ---
--- client 7 in epoch 14 [aggregation then communication] ---
--- client 8 in epoch 14 [aggregation then communication] ---
--- client 9 in epoch 14 [aggregation then communication] ---
--- global epoch 14: global acc = 88.27% ---
--- local epoch 14: local acc = [C0:91.33%, C1:91.65%, C2:91.88%, C3:90.63%, C4:91.08%, C5:91.53%, C6:91.23%, C7:90.74%, C8:90.72%, C9:90.99%] ---

--- global epoch 15/60 ---
--- At epoch 15, learning rate decays to 0.009861 ---
--- client 0 in epoch 15 [aggregation then communication] ---
--- client 1 in epoch 15 [aggregation then communication] ---
--- client 2 in epoch 15 [aggregation then communication] ---
--- client 3 in epoch 15 [aggregation then communication] ---
--- client 4 in epoch 15 [aggregation then communication] ---
--- client 5 in epoch 15 [aggregation then communication] ---
--- client 6 in epoch 15 [aggregation then communication] ---
--- client 7 in epoch 15 [aggregation then communication] ------ client 8 in epoch 15 [aggregation then communication] ---

--- client 9 in epoch 15 [aggregation then communication] ---
--- global epoch 15: global acc = 88.35% ---
--- local epoch 15: local acc = [C0:90.88%, C1:91.88%, C2:91.82%, C3:91.40%, C4:93.04%, C5:92.24%, C6:91.38%, C7:91.24%, C8:91.50%, C9:91.46%] ---

--- global epoch 16/60 ---
--- At epoch 16, learning rate decays to 0.009851 ---
--- client 0 in epoch 16 [aggregation then communication] ---
--- client 1 in epoch 16 [aggregation then communication] ---
--- client 2 in epoch 16 [aggregation then communication] ---
--- client 3 in epoch 16 [aggregation then communication] ---
--- client 4 in epoch 16 [aggregation then communication] ---
--- client 5 in epoch 16 [aggregation then communication] ---
--- client 6 in epoch 16 [aggregation then communication] ---
--- client 7 in epoch 16 [aggregation then communication] ---
--- client 8 in epoch 16 [aggregation then communication] ---
--- client 9 in epoch 16 [aggregation then communication] ---
--- global epoch 16: global acc = 88.62% ---
--- local epoch 16: local acc = [C0:91.58%, C1:92.03%, C2:92.27%, C3:91.95%, C4:91.54%, C5:92.02%, C6:91.78%, C7:92.20%, C8:91.95%, C9:92.08%] ---

--- global epoch 17/60 ---
--- At epoch 17, learning rate decays to 0.009841 ---
--- client 0 in epoch 17 [aggregation then communication] ---
--- client 1 in epoch 17 [aggregation then communication] ---
--- client 2 in epoch 17 [aggregation then communication] ---
--- client 3 in epoch 17 [aggregation then communication] ---
--- client 4 in epoch 17 [aggregation then communication] ---
--- client 5 in epoch 17 [aggregation then communication] ---
--- client 6 in epoch 17 [aggregation then communication] ---
--- client 7 in epoch 17 [aggregation then communication] ---
--- client 8 in epoch 17 [aggregation then communication] ---
--- client 9 in epoch 17 [aggregation then communication] ---
--- global epoch 17: global acc = 88.89% ---
--- local epoch 17: local acc = [C0:91.91%, C1:92.73%, C2:92.81%, C3:92.41%, C4:92.39%, C5:92.22%, C6:92.42%, C7:91.92%, C8:92.50%, C9:92.11%] ---

--- global epoch 18/60 ---
--- At epoch 18, learning rate decays to 0.009831 ---
--- client 0 in epoch 18 [aggregation then communication] ---
--- client 1 in epoch 18 [aggregation then communication] ---
--- client 2 in epoch 18 [aggregation then communication] ---
--- client 3 in epoch 18 [aggregation then communication] ---
--- client 4 in epoch 18 [aggregation then communication] ---
--- client 5 in epoch 18 [aggregation then communication] ---
--- client 6 in epoch 18 [aggregation then communication] ---
--- client 7 in epoch 18 [aggregation then communication] ---
--- client 8 in epoch 18 [aggregation then communication] ---
--- client 9 in epoch 18 [aggregation then communication] ---
--- global epoch 18: global acc = 88.81% ---
--- local epoch 18: local acc = [C0:92.83%, C1:93.45%, C2:92.91%, C3:92.41%, C4:92.42%, C5:92.65%, C6:92.59%, C7:92.33%, C8:92.38%, C9:92.65%] ---

--- global epoch 19/60 ---
--- At epoch 19, learning rate decays to 0.009822 ---
--- client 0 in epoch 19 [aggregation then communication] ---
--- client 1 in epoch 19 [aggregation then communication] ---
--- client 2 in epoch 19 [aggregation then communication] ---
--- client 3 in epoch 19 [aggregation then communication] ---
--- client 4 in epoch 19 [aggregation then communication] ---
--- client 5 in epoch 19 [aggregation then communication] ---
--- client 6 in epoch 19 [aggregation then communication] ---
--- client 7 in epoch 19 [aggregation then communication] ---
--- client 8 in epoch 19 [aggregation then communication] ---
--- client 9 in epoch 19 [aggregation then communication] ---
--- global epoch 19: global acc = 88.59% ---
--- local epoch 19: local acc = [C0:92.57%, C1:93.54%, C2:93.09%, C3:93.22%, C4:93.14%, C5:93.03%, C6:92.53%, C7:93.20%, C8:92.76%, C9:92.66%] ---

--- global epoch 20/60 ---
--- At epoch 20, learning rate decays to 0.009812 ---
--- client 0 in epoch 20 [aggregation then communication] ---
--- client 1 in epoch 20 [aggregation then communication] ---
--- client 2 in epoch 20 [aggregation then communication] ---
--- client 3 in epoch 20 [aggregation then communication] ---
--- client 4 in epoch 20 [aggregation then communication] ---
--- client 5 in epoch 20 [aggregation then communication] ---
--- client 6 in epoch 20 [aggregation then communication] ---
--- client 7 in epoch 20 [aggregation then communication] ---
--- client 8 in epoch 20 [aggregation then communication] ---
--- client 9 in epoch 20 [aggregation then communication] ---
--- global epoch 20: global acc = 88.85% ---
--- local epoch 20: local acc = [C0:94.08%, C1:93.53%, C2:94.44%, C3:93.36%, C4:93.28%, C5:93.48%, C6:93.19%, C7:93.12%, C8:93.06%, C9:93.33%] ---

--- global epoch 21/60 ---
--- At epoch 21, learning rate decays to 0.009802 ---
--- client 0 in epoch 21 [aggregation then communication] ---
--- client 1 in epoch 21 [aggregation then communication] ---
--- client 2 in epoch 21 [aggregation then communication] ---
--- client 3 in epoch 21 [aggregation then communication] ---
--- client 4 in epoch 21 [aggregation then communication] ---
--- client 5 in epoch 21 [aggregation then communication] ---
--- client 6 in epoch 21 [aggregation then communication] ---
--- client 7 in epoch 21 [aggregation then communication] ---
--- client 8 in epoch 21 [aggregation then communication] ---
--- client 9 in epoch 21 [aggregation then communication] ---
--- global epoch 21: global acc = 89.03% ---
--- local epoch 21: local acc = [C0:93.23%, C1:93.57%, C2:94.34%, C3:93.28%, C4:93.62%, C5:94.42%, C6:93.23%, C7:93.12%, C8:93.93%, C9:93.94%] ---

--- global epoch 22/60 ---
--- At epoch 22, learning rate decays to 0.009792 ---
--- client 0 in epoch 22 [aggregation then communication] ---
--- client 1 in epoch 22 [aggregation then communication] ---
--- client 2 in epoch 22 [aggregation then communication] ---
--- client 3 in epoch 22 [aggregation then communication] ---
--- client 4 in epoch 22 [aggregation then communication] ---
--- client 5 in epoch 22 [aggregation then communication] ---
--- client 6 in epoch 22 [aggregation then communication] ---
--- client 7 in epoch 22 [aggregation then communication] ---
--- client 8 in epoch 22 [aggregation then communication] ---
--- client 9 in epoch 22 [aggregation then communication] ---
--- global epoch 22: global acc = 89.18% ---
--- local epoch 22: local acc = [C0:94.12%, C1:94.10%, C2:94.12%, C3:93.44%, C4:94.31%, C5:94.58%, C6:94.08%, C7:93.39%, C8:94.04%, C9:93.85%] ---

--- global epoch 23/60 ---
--- At epoch 23, learning rate decays to 0.009782 ---
--- client 0 in epoch 23 [aggregation then communication] ---
--- client 1 in epoch 23 [aggregation then communication] ---
--- client 2 in epoch 23 [aggregation then communication] ---
--- client 3 in epoch 23 [aggregation then communication] ---
--- client 4 in epoch 23 [aggregation then communication] ---
--- client 5 in epoch 23 [aggregation then communication] ---
--- client 6 in epoch 23 [aggregation then communication] ---
--- client 7 in epoch 23 [aggregation then communication] ------ client 8 in epoch 23 [aggregation then communication] ---

--- client 9 in epoch 23 [aggregation then communication] ---
--- global epoch 23: global acc = 88.30% ---
--- local epoch 23: local acc = [C0:93.92%, C1:94.50%, C2:97.83%, C3:93.60%, C4:94.17%, C5:94.51%, C6:94.13%, C7:93.83%, C8:94.33%, C9:94.12%] ---

--- global epoch 24/60 ---
--- At epoch 24, learning rate decays to 0.009773 ---
--- client 0 in epoch 24 [aggregation then communication] ---
--- client 1 in epoch 24 [aggregation then communication] ---
--- client 2 in epoch 24 [aggregation then communication] ---
--- client 3 in epoch 24 [aggregation then communication] ---
--- client 4 in epoch 24 [aggregation then communication] ---
--- client 5 in epoch 24 [aggregation then communication] ---
--- client 6 in epoch 24 [aggregation then communication] ---
--- client 7 in epoch 24 [aggregation then communication] ---
--- client 8 in epoch 24 [aggregation then communication] ---
--- client 9 in epoch 24 [aggregation then communication] ---
--- global epoch 24: global acc = 88.92% ---
--- local epoch 24: local acc = [C0:97.58%, C1:94.60%, C2:94.58%, C3:94.80%, C4:94.67%, C5:94.97%, C6:94.69%, C7:94.43%, C8:95.85%, C9:93.63%] ---

--- global epoch 25/60 ---
--- At epoch 25, learning rate decays to 0.009763 ---
--- client 0 in epoch 25 [aggregation then communication] ---
--- client 1 in epoch 25 [aggregation then communication] ---
--- client 2 in epoch 25 [aggregation then communication] ---
--- client 3 in epoch 25 [aggregation then communication] ---
--- client 4 in epoch 25 [aggregation then communication] ---
--- client 5 in epoch 25 [aggregation then communication] ---
--- client 6 in epoch 25 [aggregation then communication] ---
--- client 7 in epoch 25 [aggregation then communication] ---
--- client 8 in epoch 25 [aggregation then communication] ---
--- client 9 in epoch 25 [aggregation then communication] ---
--- global epoch 25: global acc = 88.65% ---
--- local epoch 25: local acc = [C0:94.00%, C1:94.91%, C2:94.67%, C3:94.55%, C4:94.99%, C5:94.82%, C6:94.46%, C7:94.52%, C8:94.67%, C9:93.83%] ---

--- global epoch 26/60 ---
--- At epoch 26, learning rate decays to 0.009753 ---
--- client 0 in epoch 26 [aggregation then communication] ---
--- client 1 in epoch 26 [aggregation then communication] ---
--- client 2 in epoch 26 [aggregation then communication] ---
--- client 3 in epoch 26 [aggregation then communication] ---
--- client 4 in epoch 26 [aggregation then communication] ---
--- client 5 in epoch 26 [aggregation then communication] ---
--- client 6 in epoch 26 [aggregation then communication] ---
--- client 7 in epoch 26 [aggregation then communication] ---
--- client 8 in epoch 26 [aggregation then communication] ---
--- client 9 in epoch 26 [aggregation then communication] ---
--- global epoch 26: global acc = 88.87% ---
--- local epoch 26: local acc = [C0:94.65%, C1:95.28%, C2:95.23%, C3:96.00%, C4:94.87%, C5:95.78%, C6:95.46%, C7:94.82%, C8:95.06%, C9:94.54%] ---

--- global epoch 27/60 ---
--- At epoch 27, learning rate decays to 0.009743 ---
--- client 0 in epoch 27 [aggregation then communication] ---
--- client 1 in epoch 27 [aggregation then communication] ---
--- client 2 in epoch 27 [aggregation then communication] ---
--- client 3 in epoch 27 [aggregation then communication] ---
--- client 4 in epoch 27 [aggregation then communication] ---
--- client 5 in epoch 27 [aggregation then communication] ---
--- client 6 in epoch 27 [aggregation then communication] ---
--- client 7 in epoch 27 [aggregation then communication] ---
--- client 8 in epoch 27 [aggregation then communication] ---
--- client 9 in epoch 27 [aggregation then communication] ---
--- global epoch 27: global acc = 89.67% ---
--- local epoch 27: local acc = [C0:94.51%, C1:95.67%, C2:95.42%, C3:94.55%, C4:95.32%, C5:95.37%, C6:94.88%, C7:94.86%, C8:94.83%, C9:94.63%] ---

--- global epoch 28/60 ---
--- At epoch 28, learning rate decays to 0.009733 ---
--- client 0 in epoch 28 [aggregation then communication] ---
--- client 1 in epoch 28 [aggregation then communication] ---
--- client 2 in epoch 28 [aggregation then communication] ---
--- client 3 in epoch 28 [aggregation then communication] ---
--- client 4 in epoch 28 [aggregation then communication] ---
--- client 5 in epoch 28 [aggregation then communication] ---
--- client 6 in epoch 28 [aggregation then communication] ---
--- client 7 in epoch 28 [aggregation then communication] ---
--- client 8 in epoch 28 [aggregation then communication] ---
--- client 9 in epoch 28 [aggregation then communication] ---
--- global epoch 28: global acc = 89.05% ---
--- local epoch 28: local acc = [C0:95.18%, C1:95.21%, C2:95.71%, C3:94.73%, C4:95.75%, C5:96.12%, C6:96.07%, C7:95.56%, C8:95.24%, C9:95.01%] ---

--- global epoch 29/60 ---
--- At epoch 29, learning rate decays to 0.009724 ---
--- client 0 in epoch 29 [aggregation then communication] ---
--- client 1 in epoch 29 [aggregation then communication] ---
--- client 2 in epoch 29 [aggregation then communication] ---
--- client 3 in epoch 29 [aggregation then communication] ---
--- client 4 in epoch 29 [aggregation then communication] ---
--- client 5 in epoch 29 [aggregation then communication] ---
--- client 6 in epoch 29 [aggregation then communication] ---
--- client 7 in epoch 29 [aggregation then communication] ---
--- client 8 in epoch 29 [aggregation then communication] ---
--- client 9 in epoch 29 [aggregation then communication] ---
--- global epoch 29: global acc = 89.90% ---
--- local epoch 29: local acc = [C0:95.00%, C1:95.13%, C2:95.84%, C3:95.79%, C4:95.83%, C5:95.77%, C6:96.03%, C7:95.38%, C8:96.04%, C9:95.27%] ---

--- global epoch 30/60 ---
--- At epoch 30, learning rate decays to 0.009714 ---
--- client 0 in epoch 30 [aggregation then communication] ---
--- client 1 in epoch 30 [aggregation then communication] ---
--- client 2 in epoch 30 [aggregation then communication] ---
--- client 3 in epoch 30 [aggregation then communication] ---
--- client 4 in epoch 30 [aggregation then communication] ---
--- client 5 in epoch 30 [aggregation then communication] ---
--- client 6 in epoch 30 [aggregation then communication] ---
--- client 7 in epoch 30 [aggregation then communication] ---
--- client 8 in epoch 30 [aggregation then communication] ---
--- client 9 in epoch 30 [aggregation then communication] ---
--- global epoch 30: global acc = 89.04% ---
--- local epoch 30: local acc = [C0:95.48%, C1:96.41%, C2:95.84%, C3:95.73%, C4:96.29%, C5:95.53%, C6:95.58%, C7:96.30%, C8:95.58%, C9:95.57%] ---

--- global epoch 31/60 ---
--- At epoch 31, learning rate decays to 0.009704 ---
--- client 0 in epoch 31 [aggregation then communication] ---
--- client 1 in epoch 31 [aggregation then communication] ---
--- client 2 in epoch 31 [aggregation then communication] ---
--- client 3 in epoch 31 [aggregation then communication] ---
--- client 4 in epoch 31 [aggregation then communication] ---
--- client 5 in epoch 31 [aggregation then communication] ---
--- client 6 in epoch 31 [aggregation then communication] ---
--- client 7 in epoch 31 [aggregation then communication] ---
--- client 8 in epoch 31 [aggregation then communication] ---
--- client 9 in epoch 31 [aggregation then communication] ---
--- global epoch 31: global acc = 89.83% ---
--- local epoch 31: local acc = [C0:95.83%, C1:95.98%, C2:96.02%, C3:96.07%, C4:96.47%, C5:95.97%, C6:95.58%, C7:95.73%, C8:95.41%, C9:95.20%] ---

--- global epoch 32/60 ---
--- At epoch 32, learning rate decays to 0.009695 ---
--- client 0 in epoch 32 [aggregation then communication] ---
--- client 1 in epoch 32 [aggregation then communication] ---
--- client 2 in epoch 32 [aggregation then communication] ---
--- client 3 in epoch 32 [aggregation then communication] ---
--- client 4 in epoch 32 [aggregation then communication] ---
--- client 5 in epoch 32 [aggregation then communication] ---
--- client 6 in epoch 32 [aggregation then communication] ---
--- client 7 in epoch 32 [aggregation then communication] ---
--- client 8 in epoch 32 [aggregation then communication] ---
--- client 9 in epoch 32 [aggregation then communication] ---
--- global epoch 32: global acc = 89.90% ---
--- local epoch 32: local acc = [C0:96.50%, C1:95.99%, C2:96.08%, C3:96.00%, C4:96.24%, C5:96.29%, C6:96.00%, C7:95.98%, C8:96.24%, C9:95.33%] ---

--- global epoch 33/60 ---
--- At epoch 33, learning rate decays to 0.009685 ---
--- client 0 in epoch 33 [aggregation then communication] ---
--- client 1 in epoch 33 [aggregation then communication] ---
--- client 2 in epoch 33 [aggregation then communication] ---
--- client 3 in epoch 33 [aggregation then communication] ---
--- client 4 in epoch 33 [aggregation then communication] ---
--- client 5 in epoch 33 [aggregation then communication] ---
--- client 6 in epoch 33 [aggregation then communication] ---
--- client 7 in epoch 33 [aggregation then communication] ---
--- client 8 in epoch 33 [aggregation then communication] ---
--- client 9 in epoch 33 [aggregation then communication] ---
--- global epoch 33: global acc = 89.53% ---
--- local epoch 33: local acc = [C0:96.92%, C1:95.81%, C2:96.85%, C3:96.14%, C4:96.61%, C5:96.76%, C6:95.88%, C7:96.01%, C8:96.15%, C9:95.24%] ---

--- global epoch 34/60 ---
--- At epoch 34, learning rate decays to 0.009675 ---
--- client 0 in epoch 34 [aggregation then communication] ---
--- client 1 in epoch 34 [aggregation then communication] ---
--- client 2 in epoch 34 [aggregation then communication] ---
--- client 3 in epoch 34 [aggregation then communication] ---
--- client 4 in epoch 34 [aggregation then communication] ---
--- client 5 in epoch 34 [aggregation then communication] ---
--- client 6 in epoch 34 [aggregation then communication] ---
--- client 7 in epoch 34 [aggregation then communication] ---
--- client 8 in epoch 34 [aggregation then communication] ---
--- client 9 in epoch 34 [aggregation then communication] ---
--- global epoch 34: global acc = 89.35% ---
--- local epoch 34: local acc = [C0:96.22%, C1:96.80%, C2:96.47%, C3:97.53%, C4:96.52%, C5:96.13%, C6:96.21%, C7:96.58%, C8:96.16%, C9:95.62%] ---

--- global epoch 35/60 ---
--- At epoch 35, learning rate decays to 0.009666 ---
--- client 0 in epoch 35 [aggregation then communication] ---
--- client 1 in epoch 35 [aggregation then communication] ---
--- client 2 in epoch 35 [aggregation then communication] ---
--- client 3 in epoch 35 [aggregation then communication] ---
--- client 4 in epoch 35 [aggregation then communication] ---
--- client 5 in epoch 35 [aggregation then communication] ---
--- client 6 in epoch 35 [aggregation then communication] ---
--- client 7 in epoch 35 [aggregation then communication] ---
--- client 8 in epoch 35 [aggregation then communication] ---
--- client 9 in epoch 35 [aggregation then communication] ---
--- global epoch 35: global acc = 89.95% ---
--- local epoch 35: local acc = [C0:96.58%, C1:97.21%, C2:96.22%, C3:95.93%, C4:97.42%, C5:96.44%, C6:96.41%, C7:96.46%, C8:96.93%, C9:99.07%] ---

--- global epoch 36/60 ---
--- At epoch 36, learning rate decays to 0.009656 ---
--- client 0 in epoch 36 [aggregation then communication] ---
--- client 1 in epoch 36 [aggregation then communication] ---
--- client 2 in epoch 36 [aggregation then communication] ---
--- client 3 in epoch 36 [aggregation then communication] ---
--- client 4 in epoch 36 [aggregation then communication] ---
--- client 5 in epoch 36 [aggregation then communication] ---
--- client 6 in epoch 36 [aggregation then communication] ---
--- client 7 in epoch 36 [aggregation then communication] ---
--- client 8 in epoch 36 [aggregation then communication] ---
--- client 9 in epoch 36 [aggregation then communication] ---
--- global epoch 36: global acc = 90.09% ---
--- local epoch 36: local acc = [C0:96.35%, C1:96.89%, C2:96.52%, C3:96.17%, C4:96.67%, C5:96.84%, C6:96.41%, C7:96.19%, C8:96.72%, C9:95.96%] ---

--- global epoch 37/60 ---
--- At epoch 37, learning rate decays to 0.009646 ---
--- client 0 in epoch 37 [aggregation then communication] ---
--- client 1 in epoch 37 [aggregation then communication] ---
--- client 2 in epoch 37 [aggregation then communication] ---
--- client 3 in epoch 37 [aggregation then communication] ---
--- client 4 in epoch 37 [aggregation then communication] ---
--- client 5 in epoch 37 [aggregation then communication] ---
--- client 6 in epoch 37 [aggregation then communication] ---
--- client 7 in epoch 37 [aggregation then communication] ---
--- client 8 in epoch 37 [aggregation then communication] ---
--- client 9 in epoch 37 [aggregation then communication] ---
--- global epoch 37: global acc = 89.74% ---
--- local epoch 37: local acc = [C0:96.92%, C1:97.26%, C2:96.65%, C3:96.68%, C4:96.40%, C5:96.53%, C6:96.71%, C7:96.97%, C8:96.38%, C9:96.96%] ---

--- global epoch 38/60 ---
--- At epoch 38, learning rate decays to 0.009637 ---
--- client 0 in epoch 38 [aggregation then communication] ---
--- client 1 in epoch 38 [aggregation then communication] ---
--- client 2 in epoch 38 [aggregation then communication] ---
--- client 3 in epoch 38 [aggregation then communication] ---
--- client 4 in epoch 38 [aggregation then communication] ---
--- client 5 in epoch 38 [aggregation then communication] ---
--- client 6 in epoch 38 [aggregation then communication] ---
--- client 7 in epoch 38 [aggregation then communication] ---
--- client 8 in epoch 38 [aggregation then communication] ---
--- client 9 in epoch 38 [aggregation then communication] ---
--- global epoch 38: global acc = 90.12% ---
--- local epoch 38: local acc = [C0:96.71%, C1:96.81%, C2:97.28%, C3:97.00%, C4:96.52%, C5:96.48%, C6:96.97%, C7:97.11%, C8:96.98%, C9:96.98%] ---

--- global epoch 39/60 ---
--- At epoch 39, learning rate decays to 0.009627 ---
--- client 0 in epoch 39 [aggregation then communication] ---
--- client 1 in epoch 39 [aggregation then communication] ---
--- client 2 in epoch 39 [aggregation then communication] ---
--- client 3 in epoch 39 [aggregation then communication] ---
--- client 4 in epoch 39 [aggregation then communication] ---
--- client 5 in epoch 39 [aggregation then communication] ---
--- client 6 in epoch 39 [aggregation then communication] ---
--- client 7 in epoch 39 [aggregation then communication] ---
--- client 8 in epoch 39 [aggregation then communication] ---
--- client 9 in epoch 39 [aggregation then communication] ---
--- global epoch 39: global acc = 89.94% ---
--- local epoch 39: local acc = [C0:97.20%, C1:97.12%, C2:97.78%, C3:97.17%, C4:96.67%, C5:96.88%, C6:97.15%, C7:96.95%, C8:96.92%, C9:96.54%] ---

--- global epoch 40/60 ---
--- At epoch 40, learning rate decays to 0.009617 ---
--- client 0 in epoch 40 [aggregation then communication] ---
--- client 1 in epoch 40 [aggregation then communication] ---
--- client 2 in epoch 40 [aggregation then communication] ---
--- client 3 in epoch 40 [aggregation then communication] ---
--- client 4 in epoch 40 [aggregation then communication] ---
--- client 5 in epoch 40 [aggregation then communication] ---
--- client 6 in epoch 40 [aggregation then communication] ---
--- client 7 in epoch 40 [aggregation then communication] ---
--- client 8 in epoch 40 [aggregation then communication] ---
--- client 9 in epoch 40 [aggregation then communication] ---
--- global epoch 40: global acc = 90.14% ---
--- local epoch 40: local acc = [C0:96.99%, C1:97.46%, C2:97.41%, C3:97.38%, C4:96.97%, C5:97.16%, C6:97.27%, C7:96.92%, C8:97.12%, C9:97.22%] ---

--- global epoch 41/60 ---
--- At epoch 41, learning rate decays to 0.009608 ---
--- client 0 in epoch 41 [aggregation then communication] ---
--- client 1 in epoch 41 [aggregation then communication] ---
--- client 2 in epoch 41 [aggregation then communication] ---
--- client 3 in epoch 41 [aggregation then communication] ---
--- client 4 in epoch 41 [aggregation then communication] ---
--- client 5 in epoch 41 [aggregation then communication] ---
--- client 6 in epoch 41 [aggregation then communication] ---
--- client 7 in epoch 41 [aggregation then communication] ---
--- client 8 in epoch 41 [aggregation then communication] ---
--- client 9 in epoch 41 [aggregation then communication] ---
--- global epoch 41: global acc = 90.10% ---
--- local epoch 41: local acc = [C0:97.65%, C1:97.65%, C2:98.53%, C3:97.15%, C4:97.08%, C5:97.05%, C6:97.01%, C7:97.16%, C8:96.84%, C9:97.05%] ---

--- global epoch 42/60 ---
--- At epoch 42, learning rate decays to 0.009598 ---
--- client 0 in epoch 42 [aggregation then communication] ---
--- client 1 in epoch 42 [aggregation then communication] ---
--- client 2 in epoch 42 [aggregation then communication] ---
--- client 3 in epoch 42 [aggregation then communication] ---
--- client 4 in epoch 42 [aggregation then communication] ---
--- client 5 in epoch 42 [aggregation then communication] ---
--- client 6 in epoch 42 [aggregation then communication] ---
--- client 7 in epoch 42 [aggregation then communication] ---
--- client 8 in epoch 42 [aggregation then communication] ---
--- client 9 in epoch 42 [aggregation then communication] ---
--- global epoch 42: global acc = 89.73% ---
--- local epoch 42: local acc = [C0:97.62%, C1:97.37%, C2:97.24%, C3:97.18%, C4:97.14%, C5:96.95%, C6:97.62%, C7:97.41%, C8:97.14%, C9:97.38%] ---

--- global epoch 43/60 ---
--- At epoch 43, learning rate decays to 0.009588 ---
--- client 0 in epoch 43 [aggregation then communication] ---
--- client 1 in epoch 43 [aggregation then communication] ---
--- client 2 in epoch 43 [aggregation then communication] ---
--- client 3 in epoch 43 [aggregation then communication] ---
--- client 4 in epoch 43 [aggregation then communication] ---
--- client 5 in epoch 43 [aggregation then communication] ---
--- client 6 in epoch 43 [aggregation then communication] ---
--- client 7 in epoch 43 [aggregation then communication] ---
--- client 8 in epoch 43 [aggregation then communication] ---
--- client 9 in epoch 43 [aggregation then communication] ---
--- global epoch 43: global acc = 89.97% ---
--- local epoch 43: local acc = [C0:97.93%, C1:98.25%, C2:97.86%, C3:97.30%, C4:97.27%, C5:96.97%, C6:97.20%, C7:97.28%, C8:97.42%, C9:97.13%] ---

--- global epoch 44/60 ---
--- At epoch 44, learning rate decays to 0.009579 ---
--- client 0 in epoch 44 [aggregation then communication] ---
--- client 1 in epoch 44 [aggregation then communication] ---
--- client 2 in epoch 44 [aggregation then communication] ---
--- client 3 in epoch 44 [aggregation then communication] ---
--- client 4 in epoch 44 [aggregation then communication] ---
--- client 5 in epoch 44 [aggregation then communication] ---
--- client 6 in epoch 44 [aggregation then communication] ---
--- client 7 in epoch 44 [aggregation then communication] ---
--- client 8 in epoch 44 [aggregation then communication] ---
--- client 9 in epoch 44 [aggregation then communication] ---
--- global epoch 44: global acc = 89.95% ---
--- local epoch 44: local acc = [C0:97.68%, C1:97.81%, C2:97.47%, C3:98.07%, C4:97.55%, C5:96.57%, C6:97.89%, C7:97.00%, C8:97.34%, C9:96.98%] ---

--- global epoch 45/60 ---
--- At epoch 45, learning rate decays to 0.009569 ---
--- client 0 in epoch 45 [aggregation then communication] ---
--- client 1 in epoch 45 [aggregation then communication] ---
--- client 2 in epoch 45 [aggregation then communication] ---
--- client 3 in epoch 45 [aggregation then communication] ---
--- client 4 in epoch 45 [aggregation then communication] ---
--- client 5 in epoch 45 [aggregation then communication] ---
--- client 6 in epoch 45 [aggregation then communication] ---
--- client 7 in epoch 45 [aggregation then communication] ---
--- client 8 in epoch 45 [aggregation then communication] ---
--- client 9 in epoch 45 [aggregation then communication] ---
--- global epoch 45: global acc = 90.05% ---
--- local epoch 45: local acc = [C0:97.38%, C1:98.32%, C2:97.85%, C3:97.64%, C4:97.51%, C5:97.36%, C6:97.76%, C7:97.82%, C8:97.56%, C9:97.21%] ---

--- global epoch 46/60 ---
--- At epoch 46, learning rate decays to 0.009560 ---
--- client 0 in epoch 46 [aggregation then communication] ---
--- client 1 in epoch 46 [aggregation then communication] ---
--- client 2 in epoch 46 [aggregation then communication] ---
--- client 3 in epoch 46 [aggregation then communication] ---
--- client 4 in epoch 46 [aggregation then communication] ---
--- client 5 in epoch 46 [aggregation then communication] ---
--- client 6 in epoch 46 [aggregation then communication] ---
--- client 7 in epoch 46 [aggregation then communication] ---
--- client 8 in epoch 46 [aggregation then communication] ---
--- client 9 in epoch 46 [aggregation then communication] ---
--- global epoch 46: global acc = 89.94% ---
--- local epoch 46: local acc = [C0:97.65%, C1:98.33%, C2:97.89%, C3:97.71%, C4:97.62%, C5:97.33%, C6:97.77%, C7:98.02%, C8:97.62%, C9:97.89%] ---

--- global epoch 47/60 ---
--- At epoch 47, learning rate decays to 0.009550 ---
--- client 0 in epoch 47 [aggregation then communication] ---
--- client 1 in epoch 47 [aggregation then communication] ---
--- client 2 in epoch 47 [aggregation then communication] ---
--- client 3 in epoch 47 [aggregation then communication] ---
--- client 4 in epoch 47 [aggregation then communication] ---
--- client 5 in epoch 47 [aggregation then communication] ---
--- client 6 in epoch 47 [aggregation then communication] ---
--- client 7 in epoch 47 [aggregation then communication] ---
--- client 8 in epoch 47 [aggregation then communication] ---
--- client 9 in epoch 47 [aggregation then communication] ---
--- global epoch 47: global acc = 89.69% ---
--- local epoch 47: local acc = [C0:98.01%, C1:98.33%, C2:97.99%, C3:98.21%, C4:97.59%, C5:97.26%, C6:98.31%, C7:98.59%, C8:97.69%, C9:97.39%] ---

--- global epoch 48/60 ---
--- At epoch 48, learning rate decays to 0.009541 ---
--- client 0 in epoch 48 [aggregation then communication] ---
--- client 1 in epoch 48 [aggregation then communication] ---
--- client 2 in epoch 48 [aggregation then communication] ---
--- client 3 in epoch 48 [aggregation then communication] ---
--- client 4 in epoch 48 [aggregation then communication] ---
--- client 5 in epoch 48 [aggregation then communication] ---
--- client 6 in epoch 48 [aggregation then communication] ---
--- client 7 in epoch 48 [aggregation then communication] ---
--- client 8 in epoch 48 [aggregation then communication] ---
--- client 9 in epoch 48 [aggregation then communication] ---
--- global epoch 48: global acc = 90.12% ---
--- local epoch 48: local acc = [C0:97.79%, C1:98.40%, C2:98.10%, C3:97.94%, C4:98.35%, C5:98.64%, C6:97.83%, C7:97.68%, C8:97.82%, C9:97.78%] ---

--- global epoch 49/60 ---
--- At epoch 49, learning rate decays to 0.009531 ---
--- client 0 in epoch 49 [aggregation then communication] ---
--- client 1 in epoch 49 [aggregation then communication] ---
--- client 2 in epoch 49 [aggregation then communication] ---
--- client 3 in epoch 49 [aggregation then communication] ---
--- client 4 in epoch 49 [aggregation then communication] ---
--- client 5 in epoch 49 [aggregation then communication] ---
--- client 6 in epoch 49 [aggregation then communication] ---
--- client 7 in epoch 49 [aggregation then communication] ---
--- client 8 in epoch 49 [aggregation then communication] ---
--- client 9 in epoch 49 [aggregation then communication] ---
--- global epoch 49: global acc = 90.05% ---
--- local epoch 49: local acc = [C0:98.20%, C1:98.52%, C2:97.19%, C3:98.05%, C4:98.16%, C5:96.99%, C6:98.47%, C7:98.09%, C8:97.94%, C9:98.21%] ---

--- global epoch 50/60 ---
--- At epoch 50, learning rate decays to 0.009522 ---
--- client 0 in epoch 50 [aggregation then communication] ---
--- client 1 in epoch 50 [aggregation then communication] ---
--- client 2 in epoch 50 [aggregation then communication] ---
--- client 3 in epoch 50 [aggregation then communication] ---
--- client 4 in epoch 50 [aggregation then communication] ---
--- client 5 in epoch 50 [aggregation then communication] ---
--- client 6 in epoch 50 [aggregation then communication] ---
--- client 7 in epoch 50 [aggregation then communication] ---
--- client 8 in epoch 50 [aggregation then communication] ---
--- client 9 in epoch 50 [aggregation then communication] ---
--- global epoch 50: global acc = 89.57% ---
--- local epoch 50: local acc = [C0:97.81%, C1:99.02%, C2:98.35%, C3:98.33%, C4:97.98%, C5:97.90%, C6:98.05%, C7:98.22%, C8:98.13%, C9:97.87%] ---

--- global epoch 51/60 ---
--- At epoch 51, learning rate decays to 0.009512 ---
--- client 0 in epoch 51 [aggregation then communication] ---
--- client 1 in epoch 51 [aggregation then communication] ---
--- client 2 in epoch 51 [aggregation then communication] ---
--- client 3 in epoch 51 [aggregation then communication] ---
--- client 4 in epoch 51 [aggregation then communication] ---
--- client 5 in epoch 51 [aggregation then communication] ---
--- client 6 in epoch 51 [aggregation then communication] ---
--- client 7 in epoch 51 [aggregation then communication] ---
--- client 8 in epoch 51 [aggregation then communication] ---
--- client 9 in epoch 51 [aggregation then communication] ---
--- global epoch 51: global acc = 89.33% ---
--- local epoch 51: local acc = [C0:97.88%, C1:97.71%, C2:97.77%, C3:97.98%, C4:97.95%, C5:96.97%, C6:99.04%, C7:98.56%, C8:97.68%, C9:98.62%] ---

--- global epoch 52/60 ---
--- At epoch 52, learning rate decays to 0.009503 ---
--- client 0 in epoch 52 [aggregation then communication] ---
--- client 1 in epoch 52 [aggregation then communication] ---
--- client 2 in epoch 52 [aggregation then communication] ---
--- client 3 in epoch 52 [aggregation then communication] ---
--- client 4 in epoch 52 [aggregation then communication] ---
--- client 5 in epoch 52 [aggregation then communication] ---
--- client 6 in epoch 52 [aggregation then communication] ---
--- client 7 in epoch 52 [aggregation then communication] ---
--- client 8 in epoch 52 [aggregation then communication] ---
--- client 9 in epoch 52 [aggregation then communication] ---
--- global epoch 52: global acc = 90.34% ---
--- local epoch 52: local acc = [C0:98.28%, C1:98.26%, C2:98.14%, C3:98.25%, C4:97.69%, C5:97.37%, C6:98.11%, C7:98.29%, C8:98.66%, C9:98.69%] ---

--- global epoch 53/60 ---
--- At epoch 53, learning rate decays to 0.009493 ---
--- client 0 in epoch 53 [aggregation then communication] ---
--- client 1 in epoch 53 [aggregation then communication] ---
--- client 2 in epoch 53 [aggregation then communication] ---
--- client 3 in epoch 53 [aggregation then communication] ---
--- client 4 in epoch 53 [aggregation then communication] ---
--- client 5 in epoch 53 [aggregation then communication] ---
--- client 6 in epoch 53 [aggregation then communication] ---
--- client 7 in epoch 53 [aggregation then communication] ---
--- client 8 in epoch 53 [aggregation then communication] ---
--- client 9 in epoch 53 [aggregation then communication] ---
--- global epoch 53: global acc = 89.98% ---
--- local epoch 53: local acc = [C0:98.65%, C1:99.05%, C2:98.38%, C3:98.26%, C4:98.10%, C5:97.83%, C6:98.07%, C7:98.32%, C8:98.78%, C9:98.62%] ---

--- global epoch 54/60 ---
--- At epoch 54, learning rate decays to 0.009484 ---
--- client 0 in epoch 54 [aggregation then communication] ---
--- client 1 in epoch 54 [aggregation then communication] ---
--- client 2 in epoch 54 [aggregation then communication] ---
--- client 3 in epoch 54 [aggregation then communication] ---
--- client 4 in epoch 54 [aggregation then communication] ---
--- client 5 in epoch 54 [aggregation then communication] ---
--- client 6 in epoch 54 [aggregation then communication] ---
--- client 7 in epoch 54 [aggregation then communication] ---
--- client 8 in epoch 54 [aggregation then communication] ---
--- client 9 in epoch 54 [aggregation then communication] ---
--- global epoch 54: global acc = 90.39% ---
--- local epoch 54: local acc = [C0:98.48%, C1:99.02%, C2:98.08%, C3:97.78%, C4:98.14%, C5:97.61%, C6:98.25%, C7:98.85%, C8:99.49%, C9:98.32%] ---

--- global epoch 55/60 ---
--- At epoch 55, learning rate decays to 0.009474 ---
--- client 0 in epoch 55 [aggregation then communication] ---
--- client 1 in epoch 55 [aggregation then communication] ---
--- client 2 in epoch 55 [aggregation then communication] ---
--- client 3 in epoch 55 [aggregation then communication] ---
--- client 4 in epoch 55 [aggregation then communication] ---
--- client 5 in epoch 55 [aggregation then communication] ---
--- client 6 in epoch 55 [aggregation then communication] ---
--- client 7 in epoch 55 [aggregation then communication] ---
--- client 8 in epoch 55 [aggregation then communication] ---
--- client 9 in epoch 55 [aggregation then communication] ---
--- global epoch 55: global acc = 90.33% ---
--- local epoch 55: local acc = [C0:98.52%, C1:98.57%, C2:98.67%, C3:98.62%, C4:97.97%, C5:98.16%, C6:98.12%, C7:98.75%, C8:98.53%, C9:98.37%] ---

--- global epoch 56/60 ---
--- At epoch 56, learning rate decays to 0.009465 ---
--- client 0 in epoch 56 [aggregation then communication] ---
--- client 1 in epoch 56 [aggregation then communication] ---
--- client 2 in epoch 56 [aggregation then communication] ---
--- client 3 in epoch 56 [aggregation then communication] ---
--- client 4 in epoch 56 [aggregation then communication] ---
--- client 5 in epoch 56 [aggregation then communication] ---
--- client 6 in epoch 56 [aggregation then communication] ---
--- client 7 in epoch 56 [aggregation then communication] ---
--- client 8 in epoch 56 [aggregation then communication] ---
--- client 9 in epoch 56 [aggregation then communication] ---
--- global epoch 56: global acc = 89.79% ---
--- local epoch 56: local acc = [C0:98.42%, C1:98.89%, C2:98.57%, C3:98.71%, C4:98.27%, C5:98.43%, C6:98.71%, C7:98.52%, C8:98.47%, C9:99.08%] ---

--- global epoch 57/60 ---
--- At epoch 57, learning rate decays to 0.009455 ---
--- client 0 in epoch 57 [aggregation then communication] ---
--- client 1 in epoch 57 [aggregation then communication] ---
--- client 2 in epoch 57 [aggregation then communication] ---
--- client 3 in epoch 57 [aggregation then communication] ---
--- client 4 in epoch 57 [aggregation then communication] ---
--- client 5 in epoch 57 [aggregation then communication] ---
--- client 6 in epoch 57 [aggregation then communication] ---
--- client 7 in epoch 57 [aggregation then communication] ---
--- client 8 in epoch 57 [aggregation then communication] ---
--- client 9 in epoch 57 [aggregation then communication] ---
--- global epoch 57: global acc = 89.91% ---
--- local epoch 57: local acc = [C0:98.38%, C1:98.66%, C2:98.03%, C3:99.12%, C4:98.40%, C5:98.12%, C6:98.53%, C7:98.87%, C8:99.14%, C9:98.48%] ---

--- global epoch 58/60 ---
--- At epoch 58, learning rate decays to 0.009446 ---
--- client 0 in epoch 58 [aggregation then communication] ---
--- client 1 in epoch 58 [aggregation then communication] ---
--- client 2 in epoch 58 [aggregation then communication] ---
--- client 3 in epoch 58 [aggregation then communication] ---
--- client 4 in epoch 58 [aggregation then communication] ---
--- client 5 in epoch 58 [aggregation then communication] ---
--- client 6 in epoch 58 [aggregation then communication] ---
--- client 7 in epoch 58 [aggregation then communication] ---
--- client 8 in epoch 58 [aggregation then communication] ---
--- client 9 in epoch 58 [aggregation then communication] ---
--- global epoch 58: global acc = 89.88% ---
--- local epoch 58: local acc = [C0:99.37%, C1:98.92%, C2:98.44%, C3:98.53%, C4:98.62%, C5:98.42%, C6:98.74%, C7:98.55%, C8:99.06%, C9:98.95%] ---

--- global epoch 59/60 ---
--- At epoch 59, learning rate decays to 0.009436 ---
--- client 0 in epoch 59 [aggregation then communication] ---
--- client 1 in epoch 59 [aggregation then communication] ---
--- client 2 in epoch 59 [aggregation then communication] ---
--- client 3 in epoch 59 [aggregation then communication] ---
--- client 4 in epoch 59 [aggregation then communication] ------ client 5 in epoch 59 [aggregation then communication] ---

--- client 6 in epoch 59 [aggregation then communication] ---
--- client 7 in epoch 59 [aggregation then communication] ---
--- client 8 in epoch 59 [aggregation then communication] ---
--- client 9 in epoch 59 [aggregation then communication] ---
--- global epoch 59: global acc = 90.23% ---
--- local epoch 59: local acc = [C0:97.70%, C1:98.96%, C2:98.57%, C3:98.85%, C4:97.97%, C5:98.69%, C6:98.58%, C7:98.87%, C8:98.61%, C9:99.06%] ---

--- global epoch 60/60 ---
--- At epoch 60, learning rate decays to 0.009427 ---
--- client 0 in epoch 60 [aggregation then communication] ---
--- client 1 in epoch 60 [aggregation then communication] ---
--- client 2 in epoch 60 [aggregation then communication] ---
--- client 3 in epoch 60 [aggregation then communication] ---
--- client 4 in epoch 60 [aggregation then communication] ---
--- client 5 in epoch 60 [aggregation then communication] ---
--- client 6 in epoch 60 [aggregation then communication] ---
--- client 7 in epoch 60 [aggregation then communication] ---
--- client 8 in epoch 60 [aggregation then communication] ---
--- client 9 in epoch 60 [aggregation then communication] ---
--- global epoch 60: global acc = 90.05% ---
--- local epoch 60: local acc = [C0:98.68%, C1:99.27%, C2:99.58%, C3:98.72%, C4:98.95%, C5:98.77%, C6:98.92%, C7:98.38%, C8:98.92%, C9:99.20%] ---
Total runtime: 2993.35s (0:49:53)

 saving results
results save in C:\Users\Kong\Desktop\\decentralized_federated_learning-master\decentralized_federated_learning-master\res\clients_10-epochs_2-20250925_015440.json
