client 0 initial number of neighbors: 9
client 1 initial number of neighbors: 9
client 2 initial number of neighbors: 9
client 3 initial number of neighbors: 9
client 4 initial number of neighbors: 9
client 5 initial number of neighbors: 9
client 6 initial number of neighbors: 9
client 7 initial number of neighbors: 9
client 8 initial number of neighbors: 9
client 9 initial number of neighbors: 9

 training begins! (epoch-by-epoch parallel mode with global evaluation)

--- global epoch 1/50 ---
--- client 0 in epoch 1 [aggregation then communication] ---
--- client 1 in epoch 1 [aggregation then communication] ---
--- client 2 in epoch 1 [aggregation then communication] ---
--- client 3 in epoch 1 [aggregation then communication] ---
--- client 4 in epoch 1 [aggregation then communication] ---
--- client 5 in epoch 1 [aggregation then communication] ---
--- client 6 in epoch 1 [aggregation then communication] ---
--- client 7 in epoch 1 [aggregation then communication] ---
--- client 8 in epoch 1 [aggregation then communication] ---
--- client 9 in epoch 1 [aggregation then communication] ---
--- global epoch 1: global acc = 10.00% ---
--- local epoch 1: local acc = [C0:74.50%, C1:76.87%, C2:76.20%, C3:74.91%, C4:76.49%, C5:77.11%, C6:76.31%, C7:77.12%, C8:74.97%, C9:76.51%] ---

--- global epoch 2/50 ---
--- client 0 in epoch 2 [aggregation then communication] ---
--- client 1 in epoch 2 [aggregation then communication] ---
--- client 2 in epoch 2 [aggregation then communication] ---
--- client 3 in epoch 2 [aggregation then communication] ---
--- client 4 in epoch 2 [aggregation then communication] ---
--- client 5 in epoch 2 [aggregation then communication] ---
--- client 6 in epoch 2 [aggregation then communication] ---
--- client 7 in epoch 2 [aggregation then communication] ---
--- client 8 in epoch 2 [aggregation then communication] ---
--- client 9 in epoch 2 [aggregation then communication] ---
--- global epoch 2: global acc = 10.50% ---
--- local epoch 2: local acc = [C0:87.04%, C1:87.12%, C2:87.52%, C3:86.15%, C4:87.75%, C5:88.52%, C6:87.15%, C7:86.96%, C8:93.58%, C9:89.19%] ---

--- global epoch 3/50 ---
--- client 0 in epoch 3 [aggregation then communication] ---
--- client 1 in epoch 3 [aggregation then communication] ---
--- client 2 in epoch 3 [aggregation then communication] ---
--- client 3 in epoch 3 [aggregation then communication] ---
--- client 4 in epoch 3 [aggregation then communication] ---
--- client 5 in epoch 3 [aggregation then communication] ---
--- client 6 in epoch 3 [aggregation then communication] ---
--- client 7 in epoch 3 [aggregation then communication] ---
--- client 8 in epoch 3 [aggregation then communication] ---
--- client 9 in epoch 3 [aggregation then communication] ---
--- global epoch 3: global acc = 31.23% ---
--- local epoch 3: local acc = [C0:93.15%, C1:93.76%, C2:92.43%, C3:96.54%, C4:93.37%, C5:93.74%, C6:93.37%, C7:93.05%, C8:91.74%, C9:93.96%] ---

--- global epoch 4/50 ---
--- client 0 in epoch 4 [aggregation then communication] ---
--- client 1 in epoch 4 [aggregation then communication] ---
--- client 2 in epoch 4 [aggregation then communication] ---
--- client 3 in epoch 4 [aggregation then communication] ---
--- client 4 in epoch 4 [aggregation then communication] ---
--- client 5 in epoch 4 [aggregation then communication] ---
--- client 6 in epoch 4 [aggregation then communication] ---
--- client 7 in epoch 4 [aggregation then communication] ---
--- client 8 in epoch 4 [aggregation then communication] ---
--- client 9 in epoch 4 [aggregation then communication] ---
--- global epoch 4: global acc = 54.76% ---
--- local epoch 4: local acc = [C0:95.79%, C1:96.16%, C2:98.61%, C3:94.83%, C4:96.07%, C5:96.20%, C6:95.90%, C7:95.83%, C8:95.68%, C9:96.46%] ---

--- global epoch 5/50 ---
--- client 0 in epoch 5 [aggregation then communication] ---
--- client 1 in epoch 5 [aggregation then communication] ---
--- client 2 in epoch 5 [aggregation then communication] ---
--- client 3 in epoch 5 [aggregation then communication] ---
--- client 4 in epoch 5 [aggregation then communication] ---
--- client 5 in epoch 5 [aggregation then communication] ---
--- client 6 in epoch 5 [aggregation then communication] ---
--- client 7 in epoch 5 [aggregation then communication] ---
--- client 8 in epoch 5 [aggregation then communication] ---
--- client 9 in epoch 5 [aggregation then communication] ---
--- global epoch 5: global acc = 72.81% ---
--- local epoch 5: local acc = [C0:97.83%, C1:97.31%, C2:96.16%, C3:96.67%, C4:97.08%, C5:97.84%, C6:97.38%, C7:97.25%, C8:99.61%, C9:97.65%] ---

--- global epoch 6/50 ---
--- client 0 in epoch 6 [aggregation then communication] ---
--- client 1 in epoch 6 [aggregation then communication] ---
--- client 2 in epoch 6 [aggregation then communication] ---
--- client 3 in epoch 6 [aggregation then communication] ---
--- client 4 in epoch 6 [aggregation then communication] ---
--- client 5 in epoch 6 [aggregation then communication] ---
--- client 6 in epoch 6 [aggregation then communication] ---
--- client 7 in epoch 6 [aggregation then communication] ---
--- client 8 in epoch 6 [aggregation then communication] ---
--- client 9 in epoch 6 [aggregation then communication] ---
--- global epoch 6: global acc = 71.73% ---
--- local epoch 6: local acc = [C0:97.70%, C1:97.58%, C2:97.03%, C3:98.82%, C4:97.53%, C5:97.82%, C6:98.25%, C7:97.85%, C8:97.40%, C9:97.93%] ---

--- global epoch 7/50 ---
--- client 0 in epoch 7 [aggregation then communication] ---
--- client 1 in epoch 7 [aggregation then communication] ---
--- client 2 in epoch 7 [aggregation then communication] ---
--- client 3 in epoch 7 [aggregation then communication] ---
--- client 4 in epoch 7 [aggregation then communication] ---
--- client 5 in epoch 7 [aggregation then communication] ---
--- client 6 in epoch 7 [aggregation then communication] ---
--- client 7 in epoch 7 [aggregation then communication] ---
--- client 8 in epoch 7 [aggregation then communication] ---
--- client 9 in epoch 7 [aggregation then communication] ---
--- global epoch 7: global acc = 84.01% ---
--- local epoch 7: local acc = [C0:97.99%, C1:98.27%, C2:99.95%, C3:97.74%, C4:98.00%, C5:98.15%, C6:98.21%, C7:98.43%, C8:98.01%, C9:98.41%] ---

--- global epoch 8/50 ---
--- client 0 in epoch 8 [aggregation then communication] ---
--- client 1 in epoch 8 [aggregation then communication] ---
--- client 2 in epoch 8 [aggregation then communication] ---
--- client 3 in epoch 8 [aggregation then communication] ---
--- client 4 in epoch 8 [aggregation then communication] ---
--- client 5 in epoch 8 [aggregation then communication] ---
--- client 6 in epoch 8 [aggregation then communication] ---
--- client 7 in epoch 8 [aggregation then communication] ---
--- client 8 in epoch 8 [aggregation then communication] ---
--- client 9 in epoch 8 [aggregation then communication] ---
--- global epoch 8: global acc = 83.88% ---
--- local epoch 8: local acc = [C0:98.38%, C1:98.17%, C2:97.89%, C3:98.18%, C4:98.19%, C5:98.53%, C6:98.30%, C7:98.40%, C8:100.00%, C9:98.40%] ---

--- global epoch 9/50 ---
--- client 0 in epoch 9 [aggregation then communication] ---
--- client 1 in epoch 9 [aggregation then communication] ---
--- client 2 in epoch 9 [aggregation then communication] ---
--- client 3 in epoch 9 [aggregation then communication] ---
--- client 4 in epoch 9 [aggregation then communication] ---
--- client 5 in epoch 9 [aggregation then communication] ---
--- client 6 in epoch 9 [aggregation then communication] ---
--- client 7 in epoch 9 [aggregation then communication] ---
--- client 8 in epoch 9 [aggregation then communication] ---
--- client 9 in epoch 9 [aggregation then communication] ---
--- global epoch 9: global acc = 85.58% ---
--- local epoch 9: local acc = [C0:98.42%, C1:98.57%, C2:98.21%, C3:99.22%, C4:98.59%, C5:98.72%, C6:98.58%, C7:98.82%, C8:98.18%, C9:98.68%] ---

--- global epoch 10/50 ---
--- At epoch 10, learning rate decays to 0.009000 ---
--- client 0 in epoch 10 [aggregation then communication] ---
--- client 1 in epoch 10 [aggregation then communication] ---
--- client 2 in epoch 10 [aggregation then communication] ---
--- client 3 in epoch 10 [aggregation then communication] ---
--- client 4 in epoch 10 [aggregation then communication] ---
--- client 5 in epoch 10 [aggregation then communication] ---
--- client 6 in epoch 10 [aggregation then communication] ---
--- client 7 in epoch 10 [aggregation then communication] ---
--- client 8 in epoch 10 [aggregation then communication] ---
--- client 9 in epoch 10 [aggregation then communication] ---
--- global epoch 10: global acc = 85.79% ---
--- local epoch 10: local acc = [C0:98.88%, C1:98.93%, C2:98.67%, C3:98.61%, C4:99.18%, C5:98.89%, C6:98.93%, C7:98.90%, C8:98.63%, C9:98.93%] ---

--- global epoch 11/50 ---
--- client 0 in epoch 11 [aggregation then communication] ---
--- client 1 in epoch 11 [aggregation then communication] ---
--- client 2 in epoch 11 [aggregation then communication] ---
--- client 3 in epoch 11 [aggregation then communication] ---
--- client 4 in epoch 11 [aggregation then communication] ---
--- client 5 in epoch 11 [aggregation then communication] ---
--- client 6 in epoch 11 [aggregation then communication] ---
--- client 7 in epoch 11 [aggregation then communication] ---
--- client 8 in epoch 11 [aggregation then communication] ---
--- client 9 in epoch 11 [aggregation then communication] ---
--- global epoch 11: global acc = 85.09% ---
--- local epoch 11: local acc = [C0:98.80%, C1:98.92%, C2:98.69%, C3:98.72%, C4:98.77%, C5:99.02%, C6:99.18%, C7:98.95%, C8:99.38%, C9:98.85%] ---

--- global epoch 12/50 ---
--- client 0 in epoch 12 [aggregation then communication] ---
--- client 1 in epoch 12 [aggregation then communication] ---
--- client 2 in epoch 12 [aggregation then communication] ---
--- client 3 in epoch 12 [aggregation then communication] ---
--- client 4 in epoch 12 [aggregation then communication] ---
--- client 5 in epoch 12 [aggregation then communication] ---
--- client 6 in epoch 12 [aggregation then communication] ---
--- client 7 in epoch 12 [aggregation then communication] ---
--- client 8 in epoch 12 [aggregation then communication] ---
--- client 9 in epoch 12 [aggregation then communication] ---
--- global epoch 12: global acc = 86.63% ---
--- local epoch 12: local acc = [C0:98.93%, C1:99.06%, C2:98.72%, C3:98.91%, C4:100.00%, C5:98.86%, C6:98.83%, C7:98.85%, C8:98.73%, C9:98.96%] ---

--- global epoch 13/50 ---
--- client 0 in epoch 13 [aggregation then communication] ---
--- client 1 in epoch 13 [aggregation then communication] ---
--- client 2 in epoch 13 [aggregation then communication] ---
--- client 3 in epoch 13 [aggregation then communication] ---
--- client 4 in epoch 13 [aggregation then communication] ---
--- client 5 in epoch 13 [aggregation then communication] ---
--- client 6 in epoch 13 [aggregation then communication] ---
--- client 7 in epoch 13 [aggregation then communication] ---
--- client 8 in epoch 13 [aggregation then communication] ------ client 9 in epoch 13 [aggregation then communication] ---

--- global epoch 13: global acc = 86.47% ---
--- local epoch 13: local acc = [C0:98.97%, C1:99.10%, C2:98.88%, C3:98.95%, C4:98.85%, C5:99.07%, C6:98.85%, C7:98.89%, C8:99.01%, C9:99.08%] ---

--- global epoch 14/50 ---
--- client 0 in epoch 14 [aggregation then communication] ---
--- client 1 in epoch 14 [aggregation then communication] ---
--- client 2 in epoch 14 [aggregation then communication] ---
--- client 3 in epoch 14 [aggregation then communication] ---
--- client 4 in epoch 14 [aggregation then communication] ---
--- client 5 in epoch 14 [aggregation then communication] ---
--- client 6 in epoch 14 [aggregation then communication] ------ client 7 in epoch 14 [aggregation then communication] ---

--- client 8 in epoch 14 [aggregation then communication] ---
--- client 9 in epoch 14 [aggregation then communication] ---
--- global epoch 14: global acc = 87.51% ---
--- local epoch 14: local acc = [C0:98.89%, C1:98.93%, C2:99.06%, C3:98.86%, C4:98.83%, C5:99.04%, C6:99.01%, C7:98.90%, C8:98.90%, C9:98.93%] ---

--- global epoch 15/50 ---
--- client 0 in epoch 15 [aggregation then communication] ---
--- client 1 in epoch 15 [aggregation then communication] ---
--- client 2 in epoch 15 [aggregation then communication] ---
--- client 3 in epoch 15 [aggregation then communication] ---
--- client 4 in epoch 15 [aggregation then communication] ---
--- client 5 in epoch 15 [aggregation then communication] ---
--- client 6 in epoch 15 [aggregation then communication] ---
--- client 7 in epoch 15 [aggregation then communication] ---
--- client 8 in epoch 15 [aggregation then communication] ---
--- client 9 in epoch 15 [aggregation then communication] ---
--- global epoch 15: global acc = 87.77% ---
--- local epoch 15: local acc = [C0:99.03%, C1:99.10%, C2:98.88%, C3:99.15%, C4:99.15%, C5:99.42%, C6:99.63%, C7:99.21%, C8:99.01%, C9:99.17%] ---

--- global epoch 16/50 ---
--- client 0 in epoch 16 [aggregation then communication] ---
--- client 1 in epoch 16 [aggregation then communication] ---
--- client 2 in epoch 16 [aggregation then communication] ---
--- client 3 in epoch 16 [aggregation then communication] ---
--- client 4 in epoch 16 [aggregation then communication] ---
--- client 5 in epoch 16 [aggregation then communication] ---
--- client 6 in epoch 16 [aggregation then communication] ---
--- client 7 in epoch 16 [aggregation then communication] ---
--- client 8 in epoch 16 [aggregation then communication] ---
--- client 9 in epoch 16 [aggregation then communication] ---
--- global epoch 16: global acc = 88.20% ---
--- local epoch 16: local acc = [C0:99.54%, C1:99.01%, C2:98.88%, C3:99.06%, C4:99.04%, C5:99.15%, C6:99.03%, C7:99.02%, C8:99.18%, C9:99.14%] ---

--- global epoch 17/50 ---
--- client 0 in epoch 17 [aggregation then communication] ---
--- client 1 in epoch 17 [aggregation then communication] ---
--- client 2 in epoch 17 [aggregation then communication] ---
--- client 3 in epoch 17 [aggregation then communication] ---
--- client 4 in epoch 17 [aggregation then communication] ---
--- client 5 in epoch 17 [aggregation then communication] ---
--- client 6 in epoch 17 [aggregation then communication] ---
--- client 7 in epoch 17 [aggregation then communication] ---
--- client 8 in epoch 17 [aggregation then communication] ---
--- client 9 in epoch 17 [aggregation then communication] ---
--- global epoch 17: global acc = 87.90% ---
--- local epoch 17: local acc = [C0:99.10%, C1:99.01%, C2:98.97%, C3:99.03%, C4:99.08%, C5:99.19%, C6:99.18%, C7:99.08%, C8:99.02%, C9:99.18%] ---

--- global epoch 18/50 ---
--- client 0 in epoch 18 [aggregation then communication] ---
--- client 1 in epoch 18 [aggregation then communication] ---
--- client 2 in epoch 18 [aggregation then communication] ---
--- client 3 in epoch 18 [aggregation then communication] ---
--- client 4 in epoch 18 [aggregation then communication] ---
--- client 5 in epoch 18 [aggregation then communication] ---
--- client 6 in epoch 18 [aggregation then communication] ---
--- client 7 in epoch 18 [aggregation then communication] ---
--- client 8 in epoch 18 [aggregation then communication] ---
--- client 9 in epoch 18 [aggregation then communication] ---
--- global epoch 18: global acc = 86.93% ---
--- local epoch 18: local acc = [C0:99.17%, C1:99.22%, C2:100.00%, C3:99.05%, C4:99.13%, C5:99.14%, C6:99.23%, C7:98.99%, C8:99.16%, C9:99.21%] ---

--- global epoch 19/50 ---
--- client 0 in epoch 19 [aggregation then communication] ---
--- client 1 in epoch 19 [aggregation then communication] ---
--- client 2 in epoch 19 [aggregation then communication] ---
--- client 3 in epoch 19 [aggregation then communication] ---
--- client 4 in epoch 19 [aggregation then communication] ---
--- client 5 in epoch 19 [aggregation then communication] ---
--- client 6 in epoch 19 [aggregation then communication] ---
--- client 7 in epoch 19 [aggregation then communication] ---
--- client 8 in epoch 19 [aggregation then communication] ---
--- client 9 in epoch 19 [aggregation then communication] ---
--- global epoch 19: global acc = 88.29% ---
--- local epoch 19: local acc = [C0:99.12%, C1:99.20%, C2:99.01%, C3:99.08%, C4:99.14%, C5:99.23%, C6:99.19%, C7:99.18%, C8:99.16%, C9:99.34%] ---

--- global epoch 20/50 ---
--- At epoch 20, learning rate decays to 0.008100 ---
--- client 0 in epoch 20 [aggregation then communication] ---
--- client 1 in epoch 20 [aggregation then communication] ---
--- client 2 in epoch 20 [aggregation then communication] ---
--- client 3 in epoch 20 [aggregation then communication] ---
--- client 4 in epoch 20 [aggregation then communication] ---
--- client 5 in epoch 20 [aggregation then communication] ---
--- client 6 in epoch 20 [aggregation then communication] ---
--- client 7 in epoch 20 [aggregation then communication] ---
--- client 8 in epoch 20 [aggregation then communication] ---
--- client 9 in epoch 20 [aggregation then communication] ---
--- global epoch 20: global acc = 88.75% ---
--- local epoch 20: local acc = [C0:99.33%, C1:99.42%, C2:99.39%, C3:99.29%, C4:99.44%, C5:99.48%, C6:99.42%, C7:100.00%, C8:99.41%, C9:99.51%] ---

--- global epoch 21/50 ---
--- client 0 in epoch 21 [aggregation then communication] ---
--- client 1 in epoch 21 [aggregation then communication] ---
--- client 2 in epoch 21 [aggregation then communication] ---
--- client 3 in epoch 21 [aggregation then communication] ---
--- client 4 in epoch 21 [aggregation then communication] ---
--- client 5 in epoch 21 [aggregation then communication] ---
--- client 6 in epoch 21 [aggregation then communication] ---
--- client 7 in epoch 21 [aggregation then communication] ---
--- client 8 in epoch 21 [aggregation then communication] ---
--- client 9 in epoch 21 [aggregation then communication] ---
--- global epoch 21: global acc = 88.26% ---
--- local epoch 21: local acc = [C0:99.33%, C1:99.88%, C2:99.18%, C3:99.26%, C4:99.18%, C5:99.29%, C6:99.31%, C7:99.33%, C8:99.38%, C9:99.35%] ---

--- global epoch 22/50 ---
--- client 0 in epoch 22 [aggregation then communication] ---
--- client 1 in epoch 22 [aggregation then communication] ---
--- client 2 in epoch 22 [aggregation then communication] ---
--- client 3 in epoch 22 [aggregation then communication] ---
--- client 4 in epoch 22 [aggregation then communication] ---
--- client 5 in epoch 22 [aggregation then communication] ---
--- client 6 in epoch 22 [aggregation then communication] ---
--- client 7 in epoch 22 [aggregation then communication] ---
--- client 8 in epoch 22 [aggregation then communication] ---
--- client 9 in epoch 22 [aggregation then communication] ---
--- global epoch 22: global acc = 87.89% ---
--- local epoch 22: local acc = [C0:99.29%, C1:99.42%, C2:99.14%, C3:99.25%, C4:99.38%, C5:99.42%, C6:99.30%, C7:99.27%, C8:99.39%, C9:99.52%] ---

--- global epoch 23/50 ---
--- client 0 in epoch 23 [aggregation then communication] ---
--- client 1 in epoch 23 [aggregation then communication] ---
--- client 2 in epoch 23 [aggregation then communication] ---
--- client 3 in epoch 23 [aggregation then communication] ---
--- client 4 in epoch 23 [aggregation then communication] ---
--- client 5 in epoch 23 [aggregation then communication] ---
--- client 6 in epoch 23 [aggregation then communication] ---
--- client 7 in epoch 23 [aggregation then communication] ---
--- client 8 in epoch 23 [aggregation then communication] ---
--- client 9 in epoch 23 [aggregation then communication] ---
--- global epoch 23: global acc = 87.99% ---
--- local epoch 23: local acc = [C0:99.31%, C1:99.29%, C2:99.30%, C3:99.44%, C4:99.40%, C5:100.00%, C6:99.35%, C7:99.32%, C8:99.38%, C9:99.44%] ---

--- global epoch 24/50 ---
--- client 0 in epoch 24 [aggregation then communication] ---
--- client 1 in epoch 24 [aggregation then communication] ---
--- client 2 in epoch 24 [aggregation then communication] ---
--- client 3 in epoch 24 [aggregation then communication] ---
--- client 4 in epoch 24 [aggregation then communication] ---
--- client 5 in epoch 24 [aggregation then communication] ---
--- client 6 in epoch 24 [aggregation then communication] ---
--- client 7 in epoch 24 [aggregation then communication] ---
--- client 8 in epoch 24 [aggregation then communication] ---
--- client 9 in epoch 24 [aggregation then communication] ---
--- global epoch 24: global acc = 87.98% ---
--- local epoch 24: local acc = [C0:99.46%, C1:99.46%, C2:99.40%, C3:99.38%, C4:99.37%, C5:99.40%, C6:99.50%, C7:99.36%, C8:99.47%, C9:99.45%] ---

--- global epoch 25/50 ---
--- client 0 in epoch 25 [aggregation then communication] ---
--- client 1 in epoch 25 [aggregation then communication] ---
--- client 2 in epoch 25 [aggregation then communication] ---
--- client 3 in epoch 25 [aggregation then communication] ---
--- client 4 in epoch 25 [aggregation then communication] ---
--- client 5 in epoch 25 [aggregation then communication] ---
--- client 6 in epoch 25 [aggregation then communication] ---
--- client 7 in epoch 25 [aggregation then communication] ---
--- client 8 in epoch 25 [aggregation then communication] ---
--- client 9 in epoch 25 [aggregation then communication] ---
--- global epoch 25: global acc = 88.97% ---
--- local epoch 25: local acc = [C0:99.40%, C1:99.74%, C2:99.19%, C3:99.47%, C4:99.35%, C5:99.41%, C6:99.44%, C7:99.33%, C8:99.41%, C9:99.45%] ---

--- global epoch 26/50 ---
--- client 0 in epoch 26 [aggregation then communication] ---
--- client 1 in epoch 26 [aggregation then communication] ---
--- client 2 in epoch 26 [aggregation then communication] ---
--- client 3 in epoch 26 [aggregation then communication] ---
--- client 4 in epoch 26 [aggregation then communication] ---
--- client 5 in epoch 26 [aggregation then communication] ---
--- client 6 in epoch 26 [aggregation then communication] ---
--- client 7 in epoch 26 [aggregation then communication] ---
--- client 8 in epoch 26 [aggregation then communication] ---
--- client 9 in epoch 26 [aggregation then communication] ---
--- global epoch 26: global acc = 88.47% ---
--- local epoch 26: local acc = [C0:99.37%, C1:99.32%, C2:99.13%, C3:99.33%, C4:100.00%, C5:99.35%, C6:99.45%, C7:99.36%, C8:99.36%, C9:99.45%] ---

--- global epoch 27/50 ---
--- client 0 in epoch 27 [aggregation then communication] ---
--- client 1 in epoch 27 [aggregation then communication] ---
--- client 2 in epoch 27 [aggregation then communication] ---
--- client 3 in epoch 27 [aggregation then communication] ---
--- client 4 in epoch 27 [aggregation then communication] ---
--- client 5 in epoch 27 [aggregation then communication] ---
--- client 6 in epoch 27 [aggregation then communication] ---
--- client 7 in epoch 27 [aggregation then communication] ---
--- client 8 in epoch 27 [aggregation then communication] ---
--- client 9 in epoch 27 [aggregation then communication] ---
--- global epoch 27: global acc = 88.11% ---
--- local epoch 27: local acc = [C0:99.52%, C1:99.97%, C2:99.35%, C3:99.34%, C4:99.38%, C5:99.37%, C6:99.40%, C7:99.40%, C8:99.43%, C9:99.56%] ---

--- global epoch 28/50 ---
--- client 0 in epoch 28 [aggregation then communication] ---
--- client 1 in epoch 28 [aggregation then communication] ---
--- client 2 in epoch 28 [aggregation then communication] ---
--- client 3 in epoch 28 [aggregation then communication] ---
--- client 4 in epoch 28 [aggregation then communication] ---
--- client 5 in epoch 28 [aggregation then communication] ---
--- client 6 in epoch 28 [aggregation then communication] ---
--- client 7 in epoch 28 [aggregation then communication] ---
--- client 8 in epoch 28 [aggregation then communication] ---
--- client 9 in epoch 28 [aggregation then communication] ---
--- global epoch 28: global acc = 88.61% ---
--- local epoch 28: local acc = [C0:99.41%, C1:99.32%, C2:99.82%, C3:99.28%, C4:99.32%, C5:99.39%, C6:99.54%, C7:99.38%, C8:99.43%, C9:99.43%] ---

--- global epoch 29/50 ---
--- client 0 in epoch 29 [aggregation then communication] ---
--- client 1 in epoch 29 [aggregation then communication] ---
--- client 2 in epoch 29 [aggregation then communication] ---
--- client 3 in epoch 29 [aggregation then communication] ---
--- client 4 in epoch 29 [aggregation then communication] ---
--- client 5 in epoch 29 [aggregation then communication] ---
--- client 6 in epoch 29 [aggregation then communication] ---
--- client 7 in epoch 29 [aggregation then communication] ---
--- client 8 in epoch 29 [aggregation then communication] ---
--- client 9 in epoch 29 [aggregation then communication] ---
--- global epoch 29: global acc = 88.79% ---
--- local epoch 29: local acc = [C0:99.56%, C1:99.43%, C2:99.18%, C3:99.41%, C4:99.53%, C5:99.47%, C6:99.51%, C7:100.00%, C8:99.42%, C9:99.44%] ---

--- global epoch 30/50 ---
--- At epoch 30, learning rate decays to 0.007290 ---
--- client 0 in epoch 30 [aggregation then communication] ---
--- client 1 in epoch 30 [aggregation then communication] ---
--- client 2 in epoch 30 [aggregation then communication] ---
--- client 3 in epoch 30 [aggregation then communication] ---
--- client 4 in epoch 30 [aggregation then communication] ---
--- client 5 in epoch 30 [aggregation then communication] ---
--- client 6 in epoch 30 [aggregation then communication] ---
--- client 7 in epoch 30 [aggregation then communication] ---
--- client 8 in epoch 30 [aggregation then communication] ---
--- client 9 in epoch 30 [aggregation then communication] ---
--- global epoch 30: global acc = 88.07% ---
--- local epoch 30: local acc = [C0:99.56%, C1:99.61%, C2:99.59%, C3:99.67%, C4:99.63%, C5:99.64%, C6:99.71%, C7:99.63%, C8:99.70%, C9:99.65%] ---

--- global epoch 31/50 ---
--- client 0 in epoch 31 [aggregation then communication] ---
--- client 1 in epoch 31 [aggregation then communication] ---
--- client 2 in epoch 31 [aggregation then communication] ---
--- client 3 in epoch 31 [aggregation then communication] ---
--- client 4 in epoch 31 [aggregation then communication] ---
--- client 5 in epoch 31 [aggregation then communication] ---
--- client 6 in epoch 31 [aggregation then communication] ---
--- client 7 in epoch 31 [aggregation then communication] ---
--- client 8 in epoch 31 [aggregation then communication] ---
--- client 9 in epoch 31 [aggregation then communication] ---
--- global epoch 31: global acc = 88.41% ---
--- local epoch 31: local acc = [C0:99.65%, C1:100.00%, C2:99.50%, C3:99.56%, C4:99.65%, C5:99.62%, C6:99.56%, C7:99.58%, C8:99.52%, C9:99.60%] ---

--- global epoch 32/50 ---
--- client 0 in epoch 32 [aggregation then communication] ---
--- client 1 in epoch 32 [aggregation then communication] ---
--- client 2 in epoch 32 [aggregation then communication] ---
--- client 3 in epoch 32 [aggregation then communication] ---
--- client 4 in epoch 32 [aggregation then communication] ---
--- client 5 in epoch 32 [aggregation then communication] ---
--- client 6 in epoch 32 [aggregation then communication] ---
--- client 7 in epoch 32 [aggregation then communication] ---
--- client 8 in epoch 32 [aggregation then communication] ---
--- client 9 in epoch 32 [aggregation then communication] ---
--- global epoch 32: global acc = 89.27% ---
--- local epoch 32: local acc = [C0:99.57%, C1:99.54%, C2:99.95%, C3:99.57%, C4:99.63%, C5:99.58%, C6:99.61%, C7:100.00%, C8:99.65%, C9:99.59%] ---

--- global epoch 33/50 ---
--- client 0 in epoch 33 [aggregation then communication] ---
--- client 1 in epoch 33 [aggregation then communication] ---
--- client 2 in epoch 33 [aggregation then communication] ---
--- client 3 in epoch 33 [aggregation then communication] ---
--- client 4 in epoch 33 [aggregation then communication] ---
--- client 5 in epoch 33 [aggregation then communication] ---
--- client 6 in epoch 33 [aggregation then communication] ---
--- client 7 in epoch 33 [aggregation then communication] ---
--- client 8 in epoch 33 [aggregation then communication] ---
--- client 9 in epoch 33 [aggregation then communication] ---
--- global epoch 33: global acc = 88.43% ---
--- local epoch 33: local acc = [C0:99.43%, C1:99.65%, C2:99.31%, C3:99.59%, C4:99.50%, C5:99.65%, C6:99.67%, C7:99.44%, C8:99.42%, C9:99.64%] ---

--- global epoch 34/50 ---
--- client 0 in epoch 34 [aggregation then communication] ---
--- client 1 in epoch 34 [aggregation then communication] ---
--- client 2 in epoch 34 [aggregation then communication] ---
--- client 3 in epoch 34 [aggregation then communication] ---
--- client 4 in epoch 34 [aggregation then communication] ---
--- client 5 in epoch 34 [aggregation then communication] ---
--- client 6 in epoch 34 [aggregation then communication] ---
--- client 7 in epoch 34 [aggregation then communication] ---
--- client 8 in epoch 34 [aggregation then communication] ---
--- client 9 in epoch 34 [aggregation then communication] ---
--- global epoch 34: global acc = 89.12% ---
--- local epoch 34: local acc = [C0:99.92%, C1:99.64%, C2:99.49%, C3:100.00%, C4:99.52%, C5:99.59%, C6:99.66%, C7:99.63%, C8:99.64%, C9:99.53%] ---

--- global epoch 35/50 ---
--- client 0 in epoch 35 [aggregation then communication] ---
--- client 1 in epoch 35 [aggregation then communication] ---
--- client 2 in epoch 35 [aggregation then communication] ---
--- client 3 in epoch 35 [aggregation then communication] ---
--- client 4 in epoch 35 [aggregation then communication] ---
--- client 5 in epoch 35 [aggregation then communication] ---
--- client 6 in epoch 35 [aggregation then communication] ---
--- client 7 in epoch 35 [aggregation then communication] ---
--- client 8 in epoch 35 [aggregation then communication] ---
--- client 9 in epoch 35 [aggregation then communication] ---
--- global epoch 35: global acc = 88.28% ---
--- local epoch 35: local acc = [C0:99.45%, C1:99.56%, C2:99.43%, C3:99.58%, C4:99.56%, C5:99.70%, C6:99.60%, C7:99.50%, C8:99.61%, C9:99.98%] ---

--- global epoch 36/50 ---
--- client 0 in epoch 36 [aggregation then communication] ---
--- client 1 in epoch 36 [aggregation then communication] ---
--- client 2 in epoch 36 [aggregation then communication] ---
--- client 3 in epoch 36 [aggregation then communication] ---
--- client 4 in epoch 36 [aggregation then communication] ---
--- client 5 in epoch 36 [aggregation then communication] ---
--- client 6 in epoch 36 [aggregation then communication] ---
--- client 7 in epoch 36 [aggregation then communication] ---
--- client 8 in epoch 36 [aggregation then communication] ---
--- client 9 in epoch 36 [aggregation then communication] ---
--- global epoch 36: global acc = 89.15% ---
--- local epoch 36: local acc = [C0:99.61%, C1:99.50%, C2:99.52%, C3:99.65%, C4:99.72%, C5:99.87%, C6:99.61%, C7:99.53%, C8:99.62%, C9:99.49%] ---

--- global epoch 37/50 ---
--- client 0 in epoch 37 [aggregation then communication] ---
--- client 1 in epoch 37 [aggregation then communication] ---
--- client 2 in epoch 37 [aggregation then communication] ---
--- client 3 in epoch 37 [aggregation then communication] ---
--- client 4 in epoch 37 [aggregation then communication] ---
--- client 5 in epoch 37 [aggregation then communication] ---
--- client 6 in epoch 37 [aggregation then communication] ---
--- client 7 in epoch 37 [aggregation then communication] ---
--- client 8 in epoch 37 [aggregation then communication] ---
--- client 9 in epoch 37 [aggregation then communication] ---
--- global epoch 37: global acc = 88.27% ---
--- local epoch 37: local acc = [C0:99.68%, C1:99.67%, C2:99.53%, C3:99.55%, C4:99.53%, C5:99.61%, C6:99.62%, C7:99.57%, C8:99.68%, C9:99.74%] ---

--- global epoch 38/50 ---
--- client 0 in epoch 38 [aggregation then communication] ---
--- client 1 in epoch 38 [aggregation then communication] ---
--- client 2 in epoch 38 [aggregation then communication] ---
--- client 3 in epoch 38 [aggregation then communication] ---
--- client 4 in epoch 38 [aggregation then communication] ---
--- client 5 in epoch 38 [aggregation then communication] ---
--- client 6 in epoch 38 [aggregation then communication] ---
--- client 7 in epoch 38 [aggregation then communication] ---
--- client 8 in epoch 38 [aggregation then communication] ---
--- client 9 in epoch 38 [aggregation then communication] ---
--- global epoch 38: global acc = 88.76% ---
--- local epoch 38: local acc = [C0:99.46%, C1:99.84%, C2:99.65%, C3:99.65%, C4:99.50%, C5:99.64%, C6:99.62%, C7:99.63%, C8:99.68%, C9:99.64%] ---

--- global epoch 39/50 ---
--- client 0 in epoch 39 [aggregation then communication] ---
--- client 1 in epoch 39 [aggregation then communication] ---
--- client 2 in epoch 39 [aggregation then communication] ---
--- client 3 in epoch 39 [aggregation then communication] ---
--- client 4 in epoch 39 [aggregation then communication] ---
--- client 5 in epoch 39 [aggregation then communication] ---
--- client 6 in epoch 39 [aggregation then communication] ---
--- client 7 in epoch 39 [aggregation then communication] ---
--- client 8 in epoch 39 [aggregation then communication] ---
--- client 9 in epoch 39 [aggregation then communication] ---
--- global epoch 39: global acc = 89.32% ---
--- local epoch 39: local acc = [C0:99.72%, C1:99.48%, C2:99.44%, C3:99.60%, C4:99.68%, C5:99.76%, C6:99.60%, C7:99.53%, C8:99.60%, C9:99.71%] ---

--- global epoch 40/50 ---
--- At epoch 40, learning rate decays to 0.006561 ---
--- client 0 in epoch 40 [aggregation then communication] ---
--- client 1 in epoch 40 [aggregation then communication] ---
--- client 2 in epoch 40 [aggregation then communication] ---
--- client 3 in epoch 40 [aggregation then communication] ---
--- client 4 in epoch 40 [aggregation then communication] ---
--- client 5 in epoch 40 [aggregation then communication] ---
--- client 6 in epoch 40 [aggregation then communication] ---
--- client 7 in epoch 40 [aggregation then communication] ---
--- client 8 in epoch 40 [aggregation then communication] ---
--- client 9 in epoch 40 [aggregation then communication] ---
--- global epoch 40: global acc = 88.52% ---
--- local epoch 40: local acc = [C0:99.78%, C1:99.86%, C2:99.77%, C3:99.72%, C4:99.79%, C5:100.00%, C6:99.81%, C7:99.80%, C8:99.74%, C9:99.93%] ---

--- global epoch 41/50 ---
--- client 0 in epoch 41 [aggregation then communication] ---
--- client 1 in epoch 41 [aggregation then communication] ---
--- client 2 in epoch 41 [aggregation then communication] ---
--- client 3 in epoch 41 [aggregation then communication] ---
--- client 4 in epoch 41 [aggregation then communication] ---
--- client 5 in epoch 41 [aggregation then communication] ---
--- client 6 in epoch 41 [aggregation then communication] ---
--- client 7 in epoch 41 [aggregation then communication] ---
--- client 8 in epoch 41 [aggregation then communication] ---
--- client 9 in epoch 41 [aggregation then communication] ---
--- global epoch 41: global acc = 89.00% ---
--- local epoch 41: local acc = [C0:99.84%, C1:100.00%, C2:99.56%, C3:99.65%, C4:99.71%, C5:99.79%, C6:99.95%, C7:99.68%, C8:99.80%, C9:99.65%] ---

--- global epoch 42/50 ---
--- client 0 in epoch 42 [aggregation then communication] ---
--- client 1 in epoch 42 [aggregation then communication] ---
--- client 2 in epoch 42 [aggregation then communication] ---
--- client 3 in epoch 42 [aggregation then communication] ---
--- client 4 in epoch 42 [aggregation then communication] ------ client 5 in epoch 42 [aggregation then communication] ---

--- client 6 in epoch 42 [aggregation then communication] ---
--- client 7 in epoch 42 [aggregation then communication] ---
--- client 8 in epoch 42 [aggregation then communication] ---
--- client 9 in epoch 42 [aggregation then communication] ---
--- global epoch 42: global acc = 88.77% ---
--- local epoch 42: local acc = [C0:99.57%, C1:99.59%, C2:99.82%, C3:99.86%, C4:99.89%, C5:99.85%, C6:99.92%, C7:99.62%, C8:99.85%, C9:99.82%] ---

--- global epoch 43/50 ---
--- client 0 in epoch 43 [aggregation then communication] ---
--- client 1 in epoch 43 [aggregation then communication] ---
--- client 2 in epoch 43 [aggregation then communication] ---
--- client 3 in epoch 43 [aggregation then communication] ---
--- client 4 in epoch 43 [aggregation then communication] ---
--- client 5 in epoch 43 [aggregation then communication] ---
--- client 6 in epoch 43 [aggregation then communication] ---
--- client 7 in epoch 43 [aggregation then communication] ---
--- client 8 in epoch 43 [aggregation then communication] ---
--- client 9 in epoch 43 [aggregation then communication] ---
--- global epoch 43: global acc = 88.69% ---
--- local epoch 43: local acc = [C0:99.71%, C1:99.96%, C2:99.60%, C3:99.76%, C4:99.53%, C5:99.68%, C6:99.62%, C7:99.78%, C8:99.62%, C9:99.64%] ---

--- global epoch 44/50 ---
--- client 0 in epoch 44 [aggregation then communication] ---
--- client 1 in epoch 44 [aggregation then communication] ---
--- client 2 in epoch 44 [aggregation then communication] ---
--- client 3 in epoch 44 [aggregation then communication] ---
--- client 4 in epoch 44 [aggregation then communication] ---
--- client 5 in epoch 44 [aggregation then communication] ---
--- client 6 in epoch 44 [aggregation then communication] ---
--- client 7 in epoch 44 [aggregation then communication] ---
--- client 8 in epoch 44 [aggregation then communication] ---
--- client 9 in epoch 44 [aggregation then communication] ---
--- global epoch 44: global acc = 88.80% ---
--- local epoch 44: local acc = [C0:100.00%, C1:99.57%, C2:99.69%, C3:99.66%, C4:99.77%, C5:99.79%, C6:99.82%, C7:99.70%, C8:99.93%, C9:99.75%] ---

--- global epoch 45/50 ---
--- client 0 in epoch 45 [aggregation then communication] ---
--- client 1 in epoch 45 [aggregation then communication] ---
--- client 2 in epoch 45 [aggregation then communication] ---
--- client 3 in epoch 45 [aggregation then communication] ---
--- client 4 in epoch 45 [aggregation then communication] ---
--- client 5 in epoch 45 [aggregation then communication] ---
--- client 6 in epoch 45 [aggregation then communication] ---
--- client 7 in epoch 45 [aggregation then communication] ---
--- client 8 in epoch 45 [aggregation then communication] ---
--- client 9 in epoch 45 [aggregation then communication] ---
--- global epoch 45: global acc = 89.19% ---
--- local epoch 45: local acc = [C0:99.76%, C1:99.90%, C2:99.62%, C3:99.72%, C4:99.74%, C5:99.85%, C6:99.74%, C7:99.71%, C8:99.64%, C9:99.87%] ---

--- global epoch 46/50 ---
--- client 0 in epoch 46 [aggregation then communication] ---
--- client 1 in epoch 46 [aggregation then communication] ---
--- client 2 in epoch 46 [aggregation then communication] ---
--- client 3 in epoch 46 [aggregation then communication] ---
--- client 4 in epoch 46 [aggregation then communication] ---
--- client 5 in epoch 46 [aggregation then communication] ---
--- client 6 in epoch 46 [aggregation then communication] ---
--- client 7 in epoch 46 [aggregation then communication] ---
--- client 8 in epoch 46 [aggregation then communication] ---
--- client 9 in epoch 46 [aggregation then communication] ---
--- global epoch 46: global acc = 88.98% ---
--- local epoch 46: local acc = [C0:99.94%, C1:99.71%, C2:99.86%, C3:99.85%, C4:99.56%, C5:99.59%, C6:99.77%, C7:99.99%, C8:99.78%, C9:99.50%] ---

--- global epoch 47/50 ---
--- client 0 in epoch 47 [aggregation then communication] ---
--- client 1 in epoch 47 [aggregation then communication] ---
--- client 2 in epoch 47 [aggregation then communication] ---
--- client 3 in epoch 47 [aggregation then communication] ---
--- client 4 in epoch 47 [aggregation then communication] ---
--- client 5 in epoch 47 [aggregation then communication] ---
--- client 6 in epoch 47 [aggregation then communication] ---
--- client 7 in epoch 47 [aggregation then communication] ---
--- client 8 in epoch 47 [aggregation then communication] ---
--- client 9 in epoch 47 [aggregation then communication] ---
--- global epoch 47: global acc = 87.82% ---
--- local epoch 47: local acc = [C0:99.57%, C1:99.69%, C2:99.60%, C3:99.66%, C4:99.75%, C5:99.84%, C6:99.69%, C7:99.51%, C8:99.71%, C9:99.77%] ---

--- global epoch 48/50 ---
--- client 0 in epoch 48 [aggregation then communication] ---
--- client 1 in epoch 48 [aggregation then communication] ---
--- client 2 in epoch 48 [aggregation then communication] ---
--- client 3 in epoch 48 [aggregation then communication] ---
--- client 4 in epoch 48 [aggregation then communication] ---
--- client 5 in epoch 48 [aggregation then communication] ---
--- client 6 in epoch 48 [aggregation then communication] ---
--- client 7 in epoch 48 [aggregation then communication] ---
--- client 8 in epoch 48 [aggregation then communication] ---
--- client 9 in epoch 48 [aggregation then communication] ---
--- global epoch 48: global acc = 89.01% ---
--- local epoch 48: local acc = [C0:99.75%, C1:99.76%, C2:99.81%, C3:99.99%, C4:99.59%, C5:99.68%, C6:99.88%, C7:99.72%, C8:99.79%, C9:99.68%] ---

--- global epoch 49/50 ---
--- client 0 in epoch 49 [aggregation then communication] ---
--- client 1 in epoch 49 [aggregation then communication] ---
--- client 2 in epoch 49 [aggregation then communication] ---
--- client 3 in epoch 49 [aggregation then communication] ---
--- client 4 in epoch 49 [aggregation then communication] ---
--- client 5 in epoch 49 [aggregation then communication] ---
--- client 6 in epoch 49 [aggregation then communication] ---
--- client 7 in epoch 49 [aggregation then communication] ---
--- client 8 in epoch 49 [aggregation then communication] ---
--- client 9 in epoch 49 [aggregation then communication] ---
--- global epoch 49: global acc = 88.90% ---
--- local epoch 49: local acc = [C0:99.66%, C1:99.68%, C2:99.77%, C3:99.57%, C4:99.99%, C5:99.88%, C6:99.62%, C7:99.72%, C8:99.64%, C9:100.00%] ---

--- global epoch 50/50 ---
--- At epoch 50, learning rate decays to 0.005905 ---
--- client 0 in epoch 50 [aggregation then communication] ---
--- client 1 in epoch 50 [aggregation then communication] ---
--- client 2 in epoch 50 [aggregation then communication] ---
--- client 3 in epoch 50 [aggregation then communication] ---
--- client 4 in epoch 50 [aggregation then communication] ---
--- client 5 in epoch 50 [aggregation then communication] ---
--- client 6 in epoch 50 [aggregation then communication] ---
--- client 7 in epoch 50 [aggregation then communication] ---
--- client 8 in epoch 50 [aggregation then communication] ---
--- client 9 in epoch 50 [aggregation then communication] ---
--- global epoch 50: global acc = 89.20% ---
--- local epoch 50: local acc = [C0:100.00%, C1:99.96%, C2:99.70%, C3:99.90%, C4:99.91%, C5:99.97%, C6:99.98%, C7:99.92%, C8:99.90%, C9:99.88%] ---
Total runtime: 12941.29s (3:35:41)

 saving results
results save in C:\Users\Kong\Desktop\ɳɺ\decentralized_federated_learning-master\decentralized_federated_learning-master\res\clients_10-epochs_10-20250912_085001.json
