client 0 initial number of neighbors: 9
client 1 initial number of neighbors: 9
client 2 initial number of neighbors: 9
client 3 initial number of neighbors: 9
client 4 initial number of neighbors: 9
client 5 initial number of neighbors: 9
client 6 initial number of neighbors: 9
client 7 initial number of neighbors: 9
client 8 initial number of neighbors: 9
client 9 initial number of neighbors: 9

 training begins! (epoch-by-epoch parallel mode with global evaluation)

--- global epoch 1/60 ---
--- client 0 in epoch 1 [aggregation then communication] ---
--- client 1 in epoch 1 [aggregation then communication] ---
--- client 2 in epoch 1 [aggregation then communication] ------ client 3 in epoch 1 [aggregation then communication] ---

--- client 4 in epoch 1 [aggregation then communication] ---
--- client 5 in epoch 1 [aggregation then communication] ---
--- client 6 in epoch 1 [aggregation then communication] ---
--- client 7 in epoch 1 [aggregation then communication] ---
--- client 8 in epoch 1 [aggregation then communication] ---
--- client 9 in epoch 1 [aggregation then communication] ---
--- global epoch 1: global acc = 10.14% ---
--- local epoch 1: local acc = [C0:43.47%, C1:35.23%, C2:40.98%, C3:43.46%, C4:45.52%, C5:47.86%, C6:39.22%, C7:40.60%, C8:40.59%, C9:48.61%] ---

--- global epoch 2/60 ---
--- At epoch 2, learning rate decays to 0.049000 ---
--- client 0 in epoch 2 [aggregation then communication] ---
--- client 1 in epoch 2 [aggregation then communication] ---
--- client 2 in epoch 2 [aggregation then communication] ---
--- client 3 in epoch 2 [aggregation then communication] ---
--- client 4 in epoch 2 [aggregation then communication] ---
--- client 5 in epoch 2 [aggregation then communication] ---
--- client 6 in epoch 2 [aggregation then communication] ---
--- client 7 in epoch 2 [aggregation then communication] ---
--- client 8 in epoch 2 [aggregation then communication] ---
--- client 9 in epoch 2 [aggregation then communication] ---
--- global epoch 2: global acc = 46.33% ---
--- local epoch 2: local acc = [C0:60.86%, C1:61.37%, C2:62.40%, C3:59.49%, C4:61.73%, C5:64.32%, C6:66.35%, C7:61.15%, C8:61.45%, C9:63.96%] ---

--- global epoch 3/60 ---
--- At epoch 3, learning rate decays to 0.048020 ---
--- client 0 in epoch 3 [aggregation then communication] ---
--- client 1 in epoch 3 [aggregation then communication] ---
--- client 2 in epoch 3 [aggregation then communication] ---
--- client 3 in epoch 3 [aggregation then communication] ---
--- client 4 in epoch 3 [aggregation then communication] ---
--- client 5 in epoch 3 [aggregation then communication] ---
--- client 6 in epoch 3 [aggregation then communication] ---
--- client 7 in epoch 3 [aggregation then communication] ---
--- client 8 in epoch 3 [aggregation then communication] ---
--- client 9 in epoch 3 [aggregation then communication] ---
--- global epoch 3: global acc = 78.60% ---
--- local epoch 3: local acc = [C0:78.22%, C1:78.29%, C2:77.64%, C3:78.36%, C4:78.48%, C5:78.89%, C6:78.50%, C7:78.38%, C8:78.18%, C9:77.58%] ---

--- global epoch 4/60 ---
--- At epoch 4, learning rate decays to 0.047060 ---
--- client 0 in epoch 4 [aggregation then communication] ---
--- client 1 in epoch 4 [aggregation then communication] ---
--- client 2 in epoch 4 [aggregation then communication] ---
--- client 3 in epoch 4 [aggregation then communication] ---
--- client 4 in epoch 4 [aggregation then communication] ---
--- client 5 in epoch 4 [aggregation then communication] ---
--- client 6 in epoch 4 [aggregation then communication] ---
--- client 7 in epoch 4 [aggregation then communication] ---
--- client 8 in epoch 4 [aggregation then communication] ---
--- client 9 in epoch 4 [aggregation then communication] ---
--- global epoch 4: global acc = 82.51% ---
--- local epoch 4: local acc = [C0:82.69%, C1:83.18%, C2:82.26%, C3:81.95%, C4:82.97%, C5:83.06%, C6:83.32%, C7:82.81%, C8:83.21%, C9:83.44%] ---

--- global epoch 5/60 ---
--- At epoch 5, learning rate decays to 0.046118 ---
--- client 0 in epoch 5 [aggregation then communication] ---
--- client 1 in epoch 5 [aggregation then communication] ---
--- client 2 in epoch 5 [aggregation then communication] ---
--- client 3 in epoch 5 [aggregation then communication] ---
--- client 4 in epoch 5 [aggregation then communication] ---
--- client 5 in epoch 5 [aggregation then communication] ---
--- client 6 in epoch 5 [aggregation then communication] ---
--- client 7 in epoch 5 [aggregation then communication] ---
--- client 8 in epoch 5 [aggregation then communication] ---
--- client 9 in epoch 5 [aggregation then communication] ---
--- global epoch 5: global acc = 86.17% ---
--- local epoch 5: local acc = [C0:85.19%, C1:85.07%, C2:84.94%, C3:85.01%, C4:85.28%, C5:86.12%, C6:85.33%, C7:85.09%, C8:85.42%, C9:85.21%] ---

--- global epoch 6/60 ---
--- At epoch 6, learning rate decays to 0.045196 ---
--- client 0 in epoch 6 [aggregation then communication] ---
--- client 1 in epoch 6 [aggregation then communication] ---
--- client 2 in epoch 6 [aggregation then communication] ---
--- client 3 in epoch 6 [aggregation then communication] ---
--- client 4 in epoch 6 [aggregation then communication] ---
--- client 5 in epoch 6 [aggregation then communication] ---
--- client 6 in epoch 6 [aggregation then communication] ---
--- client 7 in epoch 6 [aggregation then communication] ---
--- client 8 in epoch 6 [aggregation then communication] ---
--- client 9 in epoch 6 [aggregation then communication] ---
--- global epoch 6: global acc = 84.92% ---
--- local epoch 6: local acc = [C0:86.42%, C1:86.52%, C2:86.64%, C3:86.62%, C4:86.97%, C5:87.44%, C6:87.43%, C7:87.60%, C8:87.12%, C9:86.95%] ---

--- global epoch 7/60 ---
--- At epoch 7, learning rate decays to 0.044292 ---
--- client 0 in epoch 7 [aggregation then communication] ---
--- client 1 in epoch 7 [aggregation then communication] ---
--- client 2 in epoch 7 [aggregation then communication] ---
--- client 3 in epoch 7 [aggregation then communication] ---
--- client 4 in epoch 7 [aggregation then communication] ---
--- client 5 in epoch 7 [aggregation then communication] ---
--- client 6 in epoch 7 [aggregation then communication] ---
--- client 7 in epoch 7 [aggregation then communication] ---
--- client 8 in epoch 7 [aggregation then communication] ---
--- client 9 in epoch 7 [aggregation then communication] ---
--- global epoch 7: global acc = 86.56% ---
--- local epoch 7: local acc = [C0:87.61%, C1:87.98%, C2:87.67%, C3:87.86%, C4:88.12%, C5:88.63%, C6:88.64%, C7:87.44%, C8:87.91%, C9:87.80%] ---

--- global epoch 8/60 ---
--- At epoch 8, learning rate decays to 0.043406 ---
--- client 0 in epoch 8 [aggregation then communication] ---
--- client 1 in epoch 8 [aggregation then communication] ---
--- client 2 in epoch 8 [aggregation then communication] ---
--- client 3 in epoch 8 [aggregation then communication] ---
--- client 4 in epoch 8 [aggregation then communication] ---
--- client 5 in epoch 8 [aggregation then communication] ---
--- client 6 in epoch 8 [aggregation then communication] ---
--- client 7 in epoch 8 [aggregation then communication] ---
--- client 8 in epoch 8 [aggregation then communication] ---
--- client 9 in epoch 8 [aggregation then communication] ---
--- global epoch 8: global acc = 87.99% ---
--- local epoch 8: local acc = [C0:88.45%, C1:89.28%, C2:88.75%, C3:88.41%, C4:88.57%, C5:89.53%, C6:89.10%, C7:88.48%, C8:88.88%, C9:89.03%] ---

--- global epoch 9/60 ---
--- At epoch 9, learning rate decays to 0.042538 ---
--- client 0 in epoch 9 [aggregation then communication] ---
--- client 1 in epoch 9 [aggregation then communication] ---
--- client 2 in epoch 9 [aggregation then communication] ---
--- client 3 in epoch 9 [aggregation then communication] ---
--- client 4 in epoch 9 [aggregation then communication] ---
--- client 5 in epoch 9 [aggregation then communication] ---
--- client 6 in epoch 9 [aggregation then communication] ---
--- client 7 in epoch 9 [aggregation then communication] ---
--- client 8 in epoch 9 [aggregation then communication] ---
--- client 9 in epoch 9 [aggregation then communication] ---
--- global epoch 9: global acc = 88.30% ---
--- local epoch 9: local acc = [C0:88.89%, C1:89.92%, C2:89.70%, C3:88.87%, C4:89.92%, C5:90.21%, C6:90.03%, C7:88.69%, C8:89.72%, C9:89.88%] ---

--- global epoch 10/60 ---
--- At epoch 10, learning rate decays to 0.041687 ---
--- client 0 in epoch 10 [aggregation then communication] ---
--- client 1 in epoch 10 [aggregation then communication] ---
--- client 2 in epoch 10 [aggregation then communication] ---
--- client 3 in epoch 10 [aggregation then communication] ---
--- client 4 in epoch 10 [aggregation then communication] ---
--- client 5 in epoch 10 [aggregation then communication] ---
--- client 6 in epoch 10 [aggregation then communication] ---
--- client 7 in epoch 10 [aggregation then communication] ---
--- client 8 in epoch 10 [aggregation then communication] ---
--- client 9 in epoch 10 [aggregation then communication] ---
--- global epoch 10: global acc = 88.85% ---
--- local epoch 10: local acc = [C0:89.92%, C1:90.28%, C2:89.85%, C3:90.15%, C4:90.16%, C5:90.48%, C6:90.16%, C7:89.23%, C8:90.02%, C9:90.06%] ---

--- global epoch 11/60 ---
--- At epoch 11, learning rate decays to 0.040854 ---
--- client 0 in epoch 11 [aggregation then communication] ---
--- client 1 in epoch 11 [aggregation then communication] ---
--- client 2 in epoch 11 [aggregation then communication] ---
--- client 3 in epoch 11 [aggregation then communication] ---
--- client 4 in epoch 11 [aggregation then communication] ---
--- client 5 in epoch 11 [aggregation then communication] ---
--- client 6 in epoch 11 [aggregation then communication] ---
--- client 7 in epoch 11 [aggregation then communication] ---
--- client 8 in epoch 11 [aggregation then communication] ---
--- client 9 in epoch 11 [aggregation then communication] ---
--- global epoch 11: global acc = 89.29% ---
--- local epoch 11: local acc = [C0:90.50%, C1:90.88%, C2:90.58%, C3:90.48%, C4:90.94%, C5:91.32%, C6:91.12%, C7:90.32%, C8:90.72%, C9:91.17%] ---

--- global epoch 12/60 ---
--- At epoch 12, learning rate decays to 0.040037 ---
--- client 0 in epoch 12 [aggregation then communication] ---
--- client 1 in epoch 12 [aggregation then communication] ---
--- client 2 in epoch 12 [aggregation then communication] ---
--- client 3 in epoch 12 [aggregation then communication] ---
--- client 4 in epoch 12 [aggregation then communication] ---
--- client 5 in epoch 12 [aggregation then communication] ---
--- client 6 in epoch 12 [aggregation then communication] ---
--- client 7 in epoch 12 [aggregation then communication] ---
--- client 8 in epoch 12 [aggregation then communication] ---
--- client 9 in epoch 12 [aggregation then communication] ---
--- global epoch 12: global acc = 89.30% ---
--- local epoch 12: local acc = [C0:90.60%, C1:91.80%, C2:91.05%, C3:91.28%, C4:91.35%, C5:91.43%, C6:91.53%, C7:90.43%, C8:91.21%, C9:91.31%] ---

--- global epoch 13/60 ---
--- At epoch 13, learning rate decays to 0.039236 ---
--- client 0 in epoch 13 [aggregation then communication] ---
--- client 1 in epoch 13 [aggregation then communication] ---
--- client 2 in epoch 13 [aggregation then communication] ---
--- client 3 in epoch 13 [aggregation then communication] ---
--- client 4 in epoch 13 [aggregation then communication] ---
--- client 5 in epoch 13 [aggregation then communication] ---
--- client 6 in epoch 13 [aggregation then communication] ---
--- client 7 in epoch 13 [aggregation then communication] ---
--- client 8 in epoch 13 [aggregation then communication] ---
--- client 9 in epoch 13 [aggregation then communication] ---
--- global epoch 13: global acc = 89.19% ---
--- local epoch 13: local acc = [C0:91.26%, C1:92.33%, C2:91.09%, C3:91.50%, C4:91.16%, C5:91.85%, C6:91.30%, C7:91.09%, C8:91.52%, C9:91.70%] ---

--- global epoch 14/60 ---
--- At epoch 14, learning rate decays to 0.038451 ---
--- client 0 in epoch 14 [aggregation then communication] ---
--- client 1 in epoch 14 [aggregation then communication] ---
--- client 2 in epoch 14 [aggregation then communication] ---
--- client 3 in epoch 14 [aggregation then communication] ---
--- client 4 in epoch 14 [aggregation then communication] ---
--- client 5 in epoch 14 [aggregation then communication] ---
--- client 6 in epoch 14 [aggregation then communication] ---
--- client 7 in epoch 14 [aggregation then communication] ---
--- client 8 in epoch 14 [aggregation then communication] ---
--- client 9 in epoch 14 [aggregation then communication] ---
--- global epoch 14: global acc = 89.69% ---
--- local epoch 14: local acc = [C0:91.88%, C1:92.36%, C2:91.56%, C3:91.70%, C4:91.69%, C5:92.13%, C6:92.67%, C7:90.81%, C8:92.10%, C9:91.94%] ---

--- global epoch 15/60 ---
--- At epoch 15, learning rate decays to 0.037682 ---
--- client 0 in epoch 15 [aggregation then communication] ---
--- client 1 in epoch 15 [aggregation then communication] ---
--- client 2 in epoch 15 [aggregation then communication] ---
--- client 3 in epoch 15 [aggregation then communication] ---
--- client 4 in epoch 15 [aggregation then communication] ---
--- client 5 in epoch 15 [aggregation then communication] ---
--- client 6 in epoch 15 [aggregation then communication] ---
--- client 7 in epoch 15 [aggregation then communication] ---
--- client 8 in epoch 15 [aggregation then communication] ---
--- client 9 in epoch 15 [aggregation then communication] ---
--- global epoch 15: global acc = 89.58% ---
--- local epoch 15: local acc = [C0:92.04%, C1:92.55%, C2:92.17%, C3:92.12%, C4:91.85%, C5:92.56%, C6:92.97%, C7:91.75%, C8:92.62%, C9:92.33%] ---

--- global epoch 16/60 ---
--- At epoch 16, learning rate decays to 0.036928 ---
--- client 0 in epoch 16 [aggregation then communication] ---
--- client 1 in epoch 16 [aggregation then communication] ---
--- client 2 in epoch 16 [aggregation then communication] ---
--- client 3 in epoch 16 [aggregation then communication] ---
--- client 4 in epoch 16 [aggregation then communication] ---
--- client 5 in epoch 16 [aggregation then communication] ---
--- client 6 in epoch 16 [aggregation then communication] ---
--- client 7 in epoch 16 [aggregation then communication] ---
--- client 8 in epoch 16 [aggregation then communication] ---
--- client 9 in epoch 16 [aggregation then communication] ---
--- global epoch 16: global acc = 90.17% ---
--- local epoch 16: local acc = [C0:92.15%, C1:93.29%, C2:92.49%, C3:92.16%, C4:92.62%, C5:92.51%, C6:93.04%, C7:92.18%, C8:92.82%, C9:93.19%] ---

--- global epoch 17/60 ---
--- At epoch 17, learning rate decays to 0.036190 ---
--- client 0 in epoch 17 [aggregation then communication] ---
--- client 1 in epoch 17 [aggregation then communication] ---
--- client 2 in epoch 17 [aggregation then communication] ---
--- client 3 in epoch 17 [aggregation then communication] ---
--- client 4 in epoch 17 [aggregation then communication] ---
--- client 5 in epoch 17 [aggregation then communication] ---
--- client 6 in epoch 17 [aggregation then communication] ---
--- client 7 in epoch 17 [aggregation then communication] ---
--- client 8 in epoch 17 [aggregation then communication] ---
--- client 9 in epoch 17 [aggregation then communication] ---
--- global epoch 17: global acc = 90.49% ---
--- local epoch 17: local acc = [C0:92.59%, C1:93.12%, C2:92.98%, C3:92.47%, C4:92.79%, C5:93.41%, C6:93.17%, C7:92.30%, C8:92.92%, C9:93.28%] ---

--- global epoch 18/60 ---
--- At epoch 18, learning rate decays to 0.035466 ---
--- client 0 in epoch 18 [aggregation then communication] ---
--- client 1 in epoch 18 [aggregation then communication] ---
--- client 2 in epoch 18 [aggregation then communication] ---
--- client 3 in epoch 18 [aggregation then communication] ---
--- client 4 in epoch 18 [aggregation then communication] ---
--- client 5 in epoch 18 [aggregation then communication] ---
--- client 6 in epoch 18 [aggregation then communication] ---
--- client 7 in epoch 18 [aggregation then communication] ---
--- client 8 in epoch 18 [aggregation then communication] ---
--- client 9 in epoch 18 [aggregation then communication] ---
--- global epoch 18: global acc = 90.27% ---
--- local epoch 18: local acc = [C0:93.12%, C1:93.52%, C2:93.18%, C3:92.55%, C4:93.06%, C5:93.75%, C6:93.57%, C7:92.67%, C8:93.62%, C9:93.32%] ---

--- global epoch 19/60 ---
--- At epoch 19, learning rate decays to 0.034757 ---
--- client 0 in epoch 19 [aggregation then communication] ---
--- client 1 in epoch 19 [aggregation then communication] ---
--- client 2 in epoch 19 [aggregation then communication] ---
--- client 3 in epoch 19 [aggregation then communication] ---
--- client 4 in epoch 19 [aggregation then communication] ---
--- client 5 in epoch 19 [aggregation then communication] ---
--- client 6 in epoch 19 [aggregation then communication] ---
--- client 7 in epoch 19 [aggregation then communication] ---
--- client 8 in epoch 19 [aggregation then communication] ---
--- client 9 in epoch 19 [aggregation then communication] ---
--- global epoch 19: global acc = 88.22% ---
--- local epoch 19: local acc = [C0:93.86%, C1:93.79%, C2:93.42%, C3:93.51%, C4:93.63%, C5:93.70%, C6:93.79%, C7:92.84%, C8:93.71%, C9:94.01%] ---

--- global epoch 20/60 ---
--- At epoch 20, learning rate decays to 0.034062 ---
--- client 0 in epoch 20 [aggregation then communication] ---
--- client 1 in epoch 20 [aggregation then communication] ---
--- client 2 in epoch 20 [aggregation then communication] ---
--- client 3 in epoch 20 [aggregation then communication] ---
--- client 4 in epoch 20 [aggregation then communication] ---
--- client 5 in epoch 20 [aggregation then communication] ---
--- client 6 in epoch 20 [aggregation then communication] ---
--- client 7 in epoch 20 [aggregation then communication] ---
--- client 8 in epoch 20 [aggregation then communication] ---
--- client 9 in epoch 20 [aggregation then communication] ---
--- global epoch 20: global acc = 90.60% ---
--- local epoch 20: local acc = [C0:93.73%, C1:94.57%, C2:94.03%, C3:93.63%, C4:93.14%, C5:94.43%, C6:94.37%, C7:92.95%, C8:93.96%, C9:94.01%] ---

--- global epoch 21/60 ---
--- At epoch 21, learning rate decays to 0.033380 ---
--- client 0 in epoch 21 [aggregation then communication] ---
--- client 1 in epoch 21 [aggregation then communication] ---
--- client 2 in epoch 21 [aggregation then communication] ---
--- client 3 in epoch 21 [aggregation then communication] ---
--- client 4 in epoch 21 [aggregation then communication] ---
--- client 5 in epoch 21 [aggregation then communication] ---
--- client 6 in epoch 21 [aggregation then communication] ---
--- client 7 in epoch 21 [aggregation then communication] ---
--- client 8 in epoch 21 [aggregation then communication] ---
--- client 9 in epoch 21 [aggregation then communication] ---
--- global epoch 21: global acc = 90.64% ---
--- local epoch 21: local acc = [C0:93.65%, C1:94.28%, C2:94.14%, C3:93.92%, C4:94.10%, C5:94.23%, C6:94.64%, C7:93.56%, C8:93.82%, C9:94.36%] ---

--- global epoch 22/60 ---
--- At epoch 22, learning rate decays to 0.032713 ---
--- client 0 in epoch 22 [aggregation then communication] ---
--- client 1 in epoch 22 [aggregation then communication] ---
--- client 2 in epoch 22 [aggregation then communication] ---
--- client 3 in epoch 22 [aggregation then communication] ---
--- client 4 in epoch 22 [aggregation then communication] ---
--- client 5 in epoch 22 [aggregation then communication] ---
--- client 6 in epoch 22 [aggregation then communication] ---
--- client 7 in epoch 22 [aggregation then communication] ---
--- client 8 in epoch 22 [aggregation then communication] ---
--- client 9 in epoch 22 [aggregation then communication] ---
--- global epoch 22: global acc = 90.81% ---
--- local epoch 22: local acc = [C0:94.47%, C1:94.46%, C2:93.94%, C3:94.43%, C4:94.23%, C5:94.58%, C6:94.17%, C7:93.94%, C8:94.69%, C9:94.90%] ---

--- global epoch 23/60 ---
--- At epoch 23, learning rate decays to 0.032059 ---
--- client 0 in epoch 23 [aggregation then communication] ---
--- client 1 in epoch 23 [aggregation then communication] ---
--- client 2 in epoch 23 [aggregation then communication] ---
--- client 3 in epoch 23 [aggregation then communication] ---
--- client 4 in epoch 23 [aggregation then communication] ---
--- client 5 in epoch 23 [aggregation then communication] ---
--- client 6 in epoch 23 [aggregation then communication] ---
--- client 7 in epoch 23 [aggregation then communication] ---
--- client 8 in epoch 23 [aggregation then communication] ---
--- client 9 in epoch 23 [aggregation then communication] ---
--- global epoch 23: global acc = 90.31% ---
--- local epoch 23: local acc = [C0:94.26%, C1:94.57%, C2:94.38%, C3:94.54%, C4:94.49%, C5:94.93%, C6:95.03%, C7:93.54%, C8:95.03%, C9:94.93%] ---

--- global epoch 24/60 ---
--- At epoch 24, learning rate decays to 0.031417 ---
--- client 0 in epoch 24 [aggregation then communication] ---
--- client 1 in epoch 24 [aggregation then communication] ---
--- client 2 in epoch 24 [aggregation then communication] ---
--- client 3 in epoch 24 [aggregation then communication] ---
--- client 4 in epoch 24 [aggregation then communication] ---
--- client 5 in epoch 24 [aggregation then communication] ---
--- client 6 in epoch 24 [aggregation then communication] ---
--- client 7 in epoch 24 [aggregation then communication] ---
--- client 8 in epoch 24 [aggregation then communication] ---
--- client 9 in epoch 24 [aggregation then communication] ---
--- global epoch 24: global acc = 90.87% ---
--- local epoch 24: local acc = [C0:94.42%, C1:95.14%, C2:94.70%, C3:94.90%, C4:94.21%, C5:94.82%, C6:94.86%, C7:94.01%, C8:95.28%, C9:94.80%] ---

--- global epoch 25/60 ---
--- At epoch 25, learning rate decays to 0.030789 ---
--- client 0 in epoch 25 [aggregation then communication] ---
--- client 1 in epoch 25 [aggregation then communication] ---
--- client 2 in epoch 25 [aggregation then communication] ---
--- client 3 in epoch 25 [aggregation then communication] ---
--- client 4 in epoch 25 [aggregation then communication] ---
--- client 5 in epoch 25 [aggregation then communication] ---
--- client 6 in epoch 25 [aggregation then communication] ---
--- client 7 in epoch 25 [aggregation then communication] ---
--- client 8 in epoch 25 [aggregation then communication] ---
--- client 9 in epoch 25 [aggregation then communication] ---
--- global epoch 25: global acc = 90.31% ---
--- local epoch 25: local acc = [C0:94.76%, C1:95.27%, C2:94.75%, C3:95.52%, C4:95.05%, C5:95.33%, C6:95.42%, C7:94.26%, C8:95.57%, C9:95.49%] ---

--- global epoch 26/60 ---
--- At epoch 26, learning rate decays to 0.030173 ---
--- client 0 in epoch 26 [aggregation then communication] ---
--- client 1 in epoch 26 [aggregation then communication] ---
--- client 2 in epoch 26 [aggregation then communication] ---
--- client 3 in epoch 26 [aggregation then communication] ---
--- client 4 in epoch 26 [aggregation then communication] ---
--- client 5 in epoch 26 [aggregation then communication] ---
--- client 6 in epoch 26 [aggregation then communication] ---
--- client 7 in epoch 26 [aggregation then communication] ---
--- client 8 in epoch 26 [aggregation then communication] ---
--- client 9 in epoch 26 [aggregation then communication] ---
--- global epoch 26: global acc = 90.41% ---
--- local epoch 26: local acc = [C0:94.91%, C1:95.62%, C2:94.97%, C3:95.81%, C4:95.42%, C5:95.61%, C6:95.12%, C7:94.13%, C8:95.60%, C9:95.70%] ---

--- global epoch 27/60 ---
--- At epoch 27, learning rate decays to 0.029570 ---
--- client 0 in epoch 27 [aggregation then communication] ---
--- client 1 in epoch 27 [aggregation then communication] ---
--- client 2 in epoch 27 [aggregation then communication] ---
--- client 3 in epoch 27 [aggregation then communication] ---
--- client 4 in epoch 27 [aggregation then communication] ---
--- client 5 in epoch 27 [aggregation then communication] ---
--- client 6 in epoch 27 [aggregation then communication] ---
--- client 7 in epoch 27 [aggregation then communication] ---
--- client 8 in epoch 27 [aggregation then communication] ---
--- client 9 in epoch 27 [aggregation then communication] ---
--- global epoch 27: global acc = 91.16% ---
--- local epoch 27: local acc = [C0:95.49%, C1:96.65%, C2:94.82%, C3:95.69%, C4:95.07%, C5:96.22%, C6:95.55%, C7:95.67%, C8:95.51%, C9:96.38%] ---

--- global epoch 28/60 ---
--- At epoch 28, learning rate decays to 0.028978 ---
--- client 0 in epoch 28 [aggregation then communication] ---
--- client 1 in epoch 28 [aggregation then communication] ---
--- client 2 in epoch 28 [aggregation then communication] ---
--- client 3 in epoch 28 [aggregation then communication] ---
--- client 4 in epoch 28 [aggregation then communication] ---
--- client 5 in epoch 28 [aggregation then communication] ---
--- client 6 in epoch 28 [aggregation then communication] ---
--- client 7 in epoch 28 [aggregation then communication] ---
--- client 8 in epoch 28 [aggregation then communication] ---
--- client 9 in epoch 28 [aggregation then communication] ---
--- global epoch 28: global acc = 89.77% ---
--- local epoch 28: local acc = [C0:95.79%, C1:96.35%, C2:93.88%, C3:95.90%, C4:95.45%, C5:96.19%, C6:95.65%, C7:95.29%, C8:95.53%, C9:96.17%] ---

--- global epoch 29/60 ---
--- At epoch 29, learning rate decays to 0.028399 ---
--- client 0 in epoch 29 [aggregation then communication] ---
--- client 1 in epoch 29 [aggregation then communication] ---
--- client 2 in epoch 29 [aggregation then communication] ---
--- client 3 in epoch 29 [aggregation then communication] ---
--- client 4 in epoch 29 [aggregation then communication] ---
--- client 5 in epoch 29 [aggregation then communication] ---
--- client 6 in epoch 29 [aggregation then communication] ---
--- client 7 in epoch 29 [aggregation then communication] ---
--- client 8 in epoch 29 [aggregation then communication] ---
--- client 9 in epoch 29 [aggregation then communication] ---
--- global epoch 29: global acc = 90.83% ---
--- local epoch 29: local acc = [C0:95.79%, C1:96.35%, C2:96.28%, C3:96.03%, C4:95.92%, C5:96.19%, C6:95.49%, C7:95.38%, C8:96.00%, C9:96.46%] ---

--- global epoch 30/60 ---
--- At epoch 30, learning rate decays to 0.027831 ---
--- client 0 in epoch 30 [aggregation then communication] ---
--- client 1 in epoch 30 [aggregation then communication] ---
--- client 2 in epoch 30 [aggregation then communication] ---
--- client 3 in epoch 30 [aggregation then communication] ---
--- client 4 in epoch 30 [aggregation then communication] ---
--- client 5 in epoch 30 [aggregation then communication] ---
--- client 6 in epoch 30 [aggregation then communication] ---
--- client 7 in epoch 30 [aggregation then communication] ---
--- client 8 in epoch 30 [aggregation then communication] ---
--- client 9 in epoch 30 [aggregation then communication] ---
--- global epoch 30: global acc = 90.90% ---
--- local epoch 30: local acc = [C0:96.42%, C1:96.22%, C2:95.55%, C3:96.10%, C4:95.42%, C5:96.54%, C6:96.61%, C7:95.59%, C8:96.00%, C9:96.57%] ---

--- global epoch 31/60 ---
--- At epoch 31, learning rate decays to 0.027274 ---
--- client 0 in epoch 31 [aggregation then communication] ---
--- client 1 in epoch 31 [aggregation then communication] ---
--- client 2 in epoch 31 [aggregation then communication] ---
--- client 3 in epoch 31 [aggregation then communication] ---
--- client 4 in epoch 31 [aggregation then communication] ---
--- client 5 in epoch 31 [aggregation then communication] ---
--- client 6 in epoch 31 [aggregation then communication] ---
--- client 7 in epoch 31 [aggregation then communication] ---
--- client 8 in epoch 31 [aggregation then communication] ---
--- client 9 in epoch 31 [aggregation then communication] ---
--- global epoch 31: global acc = 90.77% ---
--- local epoch 31: local acc = [C0:97.16%, C1:96.55%, C2:95.57%, C3:96.59%, C4:96.11%, C5:96.59%, C6:96.32%, C7:95.14%, C8:96.38%, C9:96.84%] ---

--- global epoch 32/60 ---
--- At epoch 32, learning rate decays to 0.026729 ---
--- client 0 in epoch 32 [aggregation then communication] ---
--- client 1 in epoch 32 [aggregation then communication] ---
--- client 2 in epoch 32 [aggregation then communication] ---
--- client 3 in epoch 32 [aggregation then communication] ---
--- client 4 in epoch 32 [aggregation then communication] ---
--- client 5 in epoch 32 [aggregation then communication] ---
--- client 6 in epoch 32 [aggregation then communication] ---
--- client 7 in epoch 32 [aggregation then communication] ---
--- client 8 in epoch 32 [aggregation then communication] ---
--- client 9 in epoch 32 [aggregation then communication] ---
--- global epoch 32: global acc = 90.47% ---
--- local epoch 32: local acc = [C0:96.50%, C1:96.41%, C2:96.03%, C3:96.67%, C4:96.72%, C5:97.10%, C6:96.97%, C7:95.89%, C8:96.66%, C9:96.68%] ---

--- global epoch 33/60 ---
--- At epoch 33, learning rate decays to 0.026194 ---
--- client 0 in epoch 33 [aggregation then communication] ---
--- client 1 in epoch 33 [aggregation then communication] ---
--- client 2 in epoch 33 [aggregation then communication] ---
--- client 3 in epoch 33 [aggregation then communication] ---
--- client 4 in epoch 33 [aggregation then communication] ---
--- client 5 in epoch 33 [aggregation then communication] ---
--- client 6 in epoch 33 [aggregation then communication] ---
--- client 7 in epoch 33 [aggregation then communication] ---
--- client 8 in epoch 33 [aggregation then communication] ---
--- client 9 in epoch 33 [aggregation then communication] ---
--- global epoch 33: global acc = 91.04% ---
--- local epoch 33: local acc = [C0:96.55%, C1:97.03%, C2:95.88%, C3:96.84%, C4:96.62%, C5:97.05%, C6:97.18%, C7:96.25%, C8:97.17%, C9:96.87%] ---

--- global epoch 34/60 ---
--- At epoch 34, learning rate decays to 0.025670 ---
--- client 0 in epoch 34 [aggregation then communication] ---
--- client 1 in epoch 34 [aggregation then communication] ---
--- client 2 in epoch 34 [aggregation then communication] ---
--- client 3 in epoch 34 [aggregation then communication] ---
--- client 4 in epoch 34 [aggregation then communication] ---
--- client 5 in epoch 34 [aggregation then communication] ---
--- client 6 in epoch 34 [aggregation then communication] ---
--- client 7 in epoch 34 [aggregation then communication] ---
--- client 8 in epoch 34 [aggregation then communication] ---
--- client 9 in epoch 34 [aggregation then communication] ---
--- global epoch 34: global acc = 91.52% ---
--- local epoch 34: local acc = [C0:97.34%, C1:97.18%, C2:96.09%, C3:96.57%, C4:96.80%, C5:97.04%, C6:97.32%, C7:96.29%, C8:97.12%, C9:96.97%] ---

--- global epoch 35/60 ---
--- At epoch 35, learning rate decays to 0.025157 ---
--- client 0 in epoch 35 [aggregation then communication] ---
--- client 1 in epoch 35 [aggregation then communication] ---
--- client 2 in epoch 35 [aggregation then communication] ---
--- client 3 in epoch 35 [aggregation then communication] ---
--- client 4 in epoch 35 [aggregation then communication] ---
--- client 5 in epoch 35 [aggregation then communication] ---
--- client 6 in epoch 35 [aggregation then communication] ---
--- client 7 in epoch 35 [aggregation then communication] ---
--- client 8 in epoch 35 [aggregation then communication] ---
--- client 9 in epoch 35 [aggregation then communication] ---
--- global epoch 35: global acc = 91.07% ---
--- local epoch 35: local acc = [C0:97.46%, C1:97.15%, C2:96.89%, C3:96.72%, C4:96.73%, C5:97.58%, C6:97.37%, C7:96.77%, C8:97.04%, C9:97.11%] ---

--- global epoch 36/60 ---
--- At epoch 36, learning rate decays to 0.024654 ---
--- client 0 in epoch 36 [aggregation then communication] ---
--- client 1 in epoch 36 [aggregation then communication] ---
--- client 2 in epoch 36 [aggregation then communication] ---
--- client 3 in epoch 36 [aggregation then communication] ---
--- client 4 in epoch 36 [aggregation then communication] ---
--- client 5 in epoch 36 [aggregation then communication] ---
--- client 6 in epoch 36 [aggregation then communication] ---
--- client 7 in epoch 36 [aggregation then communication] ---
--- client 8 in epoch 36 [aggregation then communication] ------ client 9 in epoch 36 [aggregation then communication] ---

--- global epoch 36: global acc = 90.97% ---
--- local epoch 36: local acc = [C0:97.53%, C1:97.64%, C2:97.16%, C3:97.24%, C4:96.49%, C5:97.53%, C6:97.86%, C7:96.26%, C8:97.06%, C9:97.86%] ---

--- global epoch 37/60 ---
--- At epoch 37, learning rate decays to 0.024161 ---
--- client 0 in epoch 37 [aggregation then communication] ---
--- client 1 in epoch 37 [aggregation then communication] ---
--- client 2 in epoch 37 [aggregation then communication] ---
--- client 3 in epoch 37 [aggregation then communication] ---
--- client 4 in epoch 37 [aggregation then communication] ---
--- client 5 in epoch 37 [aggregation then communication] ---
--- client 6 in epoch 37 [aggregation then communication] ---
--- client 7 in epoch 37 [aggregation then communication] ---
--- client 8 in epoch 37 [aggregation then communication] ---
--- client 9 in epoch 37 [aggregation then communication] ---
--- global epoch 37: global acc = 90.76% ---
--- local epoch 37: local acc = [C0:97.41%, C1:98.17%, C2:97.08%, C3:97.61%, C4:97.24%, C5:97.73%, C6:97.94%, C7:97.10%, C8:97.51%, C9:97.50%] ---

--- global epoch 38/60 ---
--- At epoch 38, learning rate decays to 0.023677 ---
--- client 0 in epoch 38 [aggregation then communication] ---
--- client 1 in epoch 38 [aggregation then communication] ---
--- client 2 in epoch 38 [aggregation then communication] ---
--- client 3 in epoch 38 [aggregation then communication] ---
--- client 4 in epoch 38 [aggregation then communication] ---
--- client 5 in epoch 38 [aggregation then communication] ---
--- client 6 in epoch 38 [aggregation then communication] ---
--- client 7 in epoch 38 [aggregation then communication] ---
--- client 8 in epoch 38 [aggregation then communication] ---
--- client 9 in epoch 38 [aggregation then communication] ---
--- global epoch 38: global acc = 90.91% ---
--- local epoch 38: local acc = [C0:97.87%, C1:97.57%, C2:96.67%, C3:97.07%, C4:96.72%, C5:98.49%, C6:97.47%, C7:97.01%, C8:97.67%, C9:97.59%] ---

--- global epoch 39/60 ---
--- At epoch 39, learning rate decays to 0.023204 ---
--- client 0 in epoch 39 [aggregation then communication] ---
--- client 1 in epoch 39 [aggregation then communication] ---
--- client 2 in epoch 39 [aggregation then communication] ---
--- client 3 in epoch 39 [aggregation then communication] ---
--- client 4 in epoch 39 [aggregation then communication] ---
--- client 5 in epoch 39 [aggregation then communication] ---
--- client 6 in epoch 39 [aggregation then communication] ---
--- client 7 in epoch 39 [aggregation then communication] ---
--- client 8 in epoch 39 [aggregation then communication] ---
--- client 9 in epoch 39 [aggregation then communication] ---
--- global epoch 39: global acc = 90.74% ---
--- local epoch 39: local acc = [C0:97.72%, C1:97.96%, C2:97.25%, C3:97.74%, C4:97.10%, C5:98.22%, C6:97.89%, C7:97.48%, C8:98.05%, C9:98.35%] ---

--- global epoch 40/60 ---
--- At epoch 40, learning rate decays to 0.022740 ---
--- client 0 in epoch 40 [aggregation then communication] ---
--- client 1 in epoch 40 [aggregation then communication] ---
--- client 2 in epoch 40 [aggregation then communication] ---
--- client 3 in epoch 40 [aggregation then communication] ---
--- client 4 in epoch 40 [aggregation then communication] ---
--- client 5 in epoch 40 [aggregation then communication] ---
--- client 6 in epoch 40 [aggregation then communication] ---
--- client 7 in epoch 40 [aggregation then communication] ---
--- client 8 in epoch 40 [aggregation then communication] ---
--- client 9 in epoch 40 [aggregation then communication] ---
--- global epoch 40: global acc = 90.43% ---
--- local epoch 40: local acc = [C0:97.67%, C1:98.38%, C2:97.43%, C3:97.25%, C4:97.40%, C5:98.17%, C6:97.75%, C7:97.12%, C8:98.20%, C9:97.97%] ---

--- global epoch 41/60 ---
--- At epoch 41, learning rate decays to 0.022285 ---
--- client 0 in epoch 41 [aggregation then communication] ---
--- client 1 in epoch 41 [aggregation then communication] ---
--- client 2 in epoch 41 [aggregation then communication] ---
--- client 3 in epoch 41 [aggregation then communication] ---
--- client 4 in epoch 41 [aggregation then communication] ---
--- client 5 in epoch 41 [aggregation then communication] ---
--- client 6 in epoch 41 [aggregation then communication] ---
--- client 7 in epoch 41 [aggregation then communication] ---
--- client 8 in epoch 41 [aggregation then communication] ---
--- client 9 in epoch 41 [aggregation then communication] ---
--- global epoch 41: global acc = 91.27% ---
--- local epoch 41: local acc = [C0:98.28%, C1:98.07%, C2:97.52%, C3:97.92%, C4:97.56%, C5:98.50%, C6:98.21%, C7:97.38%, C8:98.21%, C9:98.37%] ---

--- global epoch 42/60 ---
--- At epoch 42, learning rate decays to 0.021839 ---
--- client 0 in epoch 42 [aggregation then communication] ---
--- client 1 in epoch 42 [aggregation then communication] ---
--- client 2 in epoch 42 [aggregation then communication] ---
--- client 3 in epoch 42 [aggregation then communication] ---
--- client 4 in epoch 42 [aggregation then communication] ---
--- client 5 in epoch 42 [aggregation then communication] ---
--- client 6 in epoch 42 [aggregation then communication] ---
--- client 7 in epoch 42 [aggregation then communication] ---
--- client 8 in epoch 42 [aggregation then communication] ---
--- client 9 in epoch 42 [aggregation then communication] ---
--- global epoch 42: global acc = 91.13% ---
--- local epoch 42: local acc = [C0:97.98%, C1:98.22%, C2:97.87%, C3:98.03%, C4:97.72%, C5:98.15%, C6:98.03%, C7:97.53%, C8:97.65%, C9:98.46%] ---

--- global epoch 43/60 ---
--- At epoch 43, learning rate decays to 0.021403 ---
--- client 0 in epoch 43 [aggregation then communication] ---
--- client 1 in epoch 43 [aggregation then communication] ---
--- client 2 in epoch 43 [aggregation then communication] ---
--- client 3 in epoch 43 [aggregation then communication] ---
--- client 4 in epoch 43 [aggregation then communication] ---
--- client 5 in epoch 43 [aggregation then communication] ---
--- client 6 in epoch 43 [aggregation then communication] ---
--- client 7 in epoch 43 [aggregation then communication] ---
--- client 8 in epoch 43 [aggregation then communication] ---
--- client 9 in epoch 43 [aggregation then communication] ---
--- global epoch 43: global acc = 91.44% ---
--- local epoch 43: local acc = [C0:98.38%, C1:98.49%, C2:97.52%, C3:97.94%, C4:97.68%, C5:98.53%, C6:98.61%, C7:97.62%, C8:98.67%, C9:99.00%] ---

--- global epoch 44/60 ---
--- At epoch 44, learning rate decays to 0.020974 ---
--- client 0 in epoch 44 [aggregation then communication] ---
--- client 1 in epoch 44 [aggregation then communication] ---
--- client 2 in epoch 44 [aggregation then communication] ---
--- client 3 in epoch 44 [aggregation then communication] ---
--- client 4 in epoch 44 [aggregation then communication] ---
--- client 5 in epoch 44 [aggregation then communication] ---
--- client 6 in epoch 44 [aggregation then communication] ---
--- client 7 in epoch 44 [aggregation then communication] ---
--- client 8 in epoch 44 [aggregation then communication] ---
--- client 9 in epoch 44 [aggregation then communication] ---
--- global epoch 44: global acc = 90.88% ---
--- local epoch 44: local acc = [C0:98.49%, C1:98.62%, C2:97.91%, C3:98.41%, C4:98.01%, C5:98.91%, C6:98.53%, C7:97.74%, C8:98.39%, C9:98.70%] ---

--- global epoch 45/60 ---
--- At epoch 45, learning rate decays to 0.020555 ---
--- client 0 in epoch 45 [aggregation then communication] ---
--- client 1 in epoch 45 [aggregation then communication] ---
--- client 2 in epoch 45 [aggregation then communication] ---
--- client 3 in epoch 45 [aggregation then communication] ---
--- client 4 in epoch 45 [aggregation then communication] ---
--- client 5 in epoch 45 [aggregation then communication] ---
--- client 6 in epoch 45 [aggregation then communication] ---
--- client 7 in epoch 45 [aggregation then communication] ---
--- client 8 in epoch 45 [aggregation then communication] ---
--- client 9 in epoch 45 [aggregation then communication] ---
--- global epoch 45: global acc = 91.61% ---
--- local epoch 45: local acc = [C0:98.19%, C1:98.43%, C2:98.00%, C3:98.96%, C4:98.46%, C5:98.67%, C6:97.82%, C7:98.15%, C8:98.17%, C9:99.13%] ---

--- global epoch 46/60 ---
--- At epoch 46, learning rate decays to 0.020144 ---
--- client 0 in epoch 46 [aggregation then communication] ---
--- client 1 in epoch 46 [aggregation then communication] ---
--- client 2 in epoch 46 [aggregation then communication] ---
--- client 3 in epoch 46 [aggregation then communication] ---
--- client 4 in epoch 46 [aggregation then communication] ---
--- client 5 in epoch 46 [aggregation then communication] ---
--- client 6 in epoch 46 [aggregation then communication] ---
--- client 7 in epoch 46 [aggregation then communication] ---
--- client 8 in epoch 46 [aggregation then communication] ---
--- client 9 in epoch 46 [aggregation then communication] ---
--- global epoch 46: global acc = 91.12% ---
--- local epoch 46: local acc = [C0:98.61%, C1:98.45%, C2:98.60%, C3:98.71%, C4:98.03%, C5:99.28%, C6:98.15%, C7:98.03%, C8:97.77%, C9:99.03%] ---

--- global epoch 47/60 ---
--- At epoch 47, learning rate decays to 0.019741 ---
--- client 0 in epoch 47 [aggregation then communication] ---
--- client 1 in epoch 47 [aggregation then communication] ---
--- client 2 in epoch 47 [aggregation then communication] ---
--- client 3 in epoch 47 [aggregation then communication] ---
--- client 4 in epoch 47 [aggregation then communication] ---
--- client 5 in epoch 47 [aggregation then communication] ---
--- client 6 in epoch 47 [aggregation then communication] ---
--- client 7 in epoch 47 [aggregation then communication] ---
--- client 8 in epoch 47 [aggregation then communication] ---
--- client 9 in epoch 47 [aggregation then communication] ---
--- global epoch 47: global acc = 91.37% ---
--- local epoch 47: local acc = [C0:98.92%, C1:98.82%, C2:98.35%, C3:98.54%, C4:98.60%, C5:99.20%, C6:98.22%, C7:97.89%, C8:97.97%, C9:98.99%] ---

--- global epoch 48/60 ---
--- At epoch 48, learning rate decays to 0.019346 ---
--- client 0 in epoch 48 [aggregation then communication] ---
--- client 1 in epoch 48 [aggregation then communication] ---
--- client 2 in epoch 48 [aggregation then communication] ---
--- client 3 in epoch 48 [aggregation then communication] ---
--- client 4 in epoch 48 [aggregation then communication] ---
--- client 5 in epoch 48 [aggregation then communication] ---
--- client 6 in epoch 48 [aggregation then communication] ---
--- client 7 in epoch 48 [aggregation then communication] ---
--- client 8 in epoch 48 [aggregation then communication] ---
--- client 9 in epoch 48 [aggregation then communication] ---
--- global epoch 48: global acc = 91.41% ---
--- local epoch 48: local acc = [C0:99.12%, C1:99.32%, C2:98.78%, C3:99.35%, C4:98.31%, C5:99.03%, C6:98.59%, C7:98.66%, C8:98.72%, C9:99.15%] ---

--- global epoch 49/60 ---
--- At epoch 49, learning rate decays to 0.018959 ---
--- client 0 in epoch 49 [aggregation then communication] ---
--- client 1 in epoch 49 [aggregation then communication] ---
--- client 2 in epoch 49 [aggregation then communication] ---
--- client 3 in epoch 49 [aggregation then communication] ---
--- client 4 in epoch 49 [aggregation then communication] ---
--- client 5 in epoch 49 [aggregation then communication] ---
--- client 6 in epoch 49 [aggregation then communication] ---
--- client 7 in epoch 49 [aggregation then communication] ---
--- client 8 in epoch 49 [aggregation then communication] ---
--- client 9 in epoch 49 [aggregation then communication] ---
--- global epoch 49: global acc = 90.53% ---
--- local epoch 49: local acc = [C0:98.36%, C1:98.66%, C2:99.09%, C3:99.01%, C4:98.86%, C5:99.21%, C6:98.36%, C7:98.37%, C8:98.88%, C9:99.18%] ---

--- global epoch 50/60 ---
--- At epoch 50, learning rate decays to 0.018580 ---
--- client 0 in epoch 50 [aggregation then communication] ---
--- client 1 in epoch 50 [aggregation then communication] ---
--- client 2 in epoch 50 [aggregation then communication] ---
--- client 3 in epoch 50 [aggregation then communication] ---
--- client 4 in epoch 50 [aggregation then communication] ---
--- client 5 in epoch 50 [aggregation then communication] ---
--- client 6 in epoch 50 [aggregation then communication] ---
--- client 7 in epoch 50 [aggregation then communication] ---
--- client 8 in epoch 50 [aggregation then communication] ---
--- client 9 in epoch 50 [aggregation then communication] ---
--- global epoch 50: global acc = 91.10% ---
--- local epoch 50: local acc = [C0:98.71%, C1:99.05%, C2:98.94%, C3:99.06%, C4:99.01%, C5:99.55%, C6:98.92%, C7:98.63%, C8:99.07%, C9:99.21%] ---

--- global epoch 51/60 ---
--- At epoch 51, learning rate decays to 0.018208 ---
--- client 0 in epoch 51 [aggregation then communication] ---
--- client 1 in epoch 51 [aggregation then communication] ---
--- client 2 in epoch 51 [aggregation then communication] ---
--- client 3 in epoch 51 [aggregation then communication] ---
--- client 4 in epoch 51 [aggregation then communication] ---
--- client 5 in epoch 51 [aggregation then communication] ---
--- client 6 in epoch 51 [aggregation then communication] ---
--- client 7 in epoch 51 [aggregation then communication] ---
--- client 8 in epoch 51 [aggregation then communication] ---
--- client 9 in epoch 51 [aggregation then communication] ---
--- global epoch 51: global acc = 90.63% ---
--- local epoch 51: local acc = [C0:98.79%, C1:99.07%, C2:98.57%, C3:98.97%, C4:98.88%, C5:99.37%, C6:98.74%, C7:99.07%, C8:99.23%, C9:99.49%] ---

--- global epoch 52/60 ---
--- At epoch 52, learning rate decays to 0.017844 ---
--- client 0 in epoch 52 [aggregation then communication] ---
--- client 1 in epoch 52 [aggregation then communication] ---
--- client 2 in epoch 52 [aggregation then communication] ---
--- client 3 in epoch 52 [aggregation then communication] ---
--- client 4 in epoch 52 [aggregation then communication] ---
--- client 5 in epoch 52 [aggregation then communication] ---
--- client 6 in epoch 52 [aggregation then communication] ---
--- client 7 in epoch 52 [aggregation then communication] ---
--- client 8 in epoch 52 [aggregation then communication] ---
--- client 9 in epoch 52 [aggregation then communication] ---
--- global epoch 52: global acc = 90.61% ---
--- local epoch 52: local acc = [C0:98.98%, C1:99.14%, C2:98.94%, C3:98.91%, C4:99.15%, C5:99.31%, C6:98.88%, C7:99.56%, C8:98.93%, C9:99.37%] ---

--- global epoch 53/60 ---
--- At epoch 53, learning rate decays to 0.017487 ---
--- client 0 in epoch 53 [aggregation then communication] ---
--- client 1 in epoch 53 [aggregation then communication] ---
--- client 2 in epoch 53 [aggregation then communication] ---
--- client 3 in epoch 53 [aggregation then communication] ---
--- client 4 in epoch 53 [aggregation then communication] ---
--- client 5 in epoch 53 [aggregation then communication] ---
--- client 6 in epoch 53 [aggregation then communication] ---
--- client 7 in epoch 53 [aggregation then communication] ---
--- client 8 in epoch 53 [aggregation then communication] ---
--- client 9 in epoch 53 [aggregation then communication] ---
--- global epoch 53: global acc = 90.88% ---
--- local epoch 53: local acc = [C0:98.98%, C1:99.02%, C2:99.14%, C3:99.36%, C4:99.48%, C5:99.09%, C6:98.82%, C7:98.33%, C8:98.84%, C9:99.42%] ---

--- global epoch 54/60 ---
--- At epoch 54, learning rate decays to 0.017138 ---
--- client 0 in epoch 54 [aggregation then communication] ---
--- client 1 in epoch 54 [aggregation then communication] ---
--- client 2 in epoch 54 [aggregation then communication] ---
--- client 3 in epoch 54 [aggregation then communication] ---
--- client 4 in epoch 54 [aggregation then communication] ---
--- client 5 in epoch 54 [aggregation then communication] ---
--- client 6 in epoch 54 [aggregation then communication] ---
--- client 7 in epoch 54 [aggregation then communication] ---
--- client 8 in epoch 54 [aggregation then communication] ---
--- client 9 in epoch 54 [aggregation then communication] ---
--- global epoch 54: global acc = 90.97% ---
--- local epoch 54: local acc = [C0:99.63%, C1:99.69%, C2:99.02%, C3:99.11%, C4:99.46%, C5:99.39%, C6:99.18%, C7:98.88%, C8:99.42%, C9:99.44%] ---

--- global epoch 55/60 ---
--- At epoch 55, learning rate decays to 0.016795 ---
--- client 0 in epoch 55 [aggregation then communication] ---
--- client 1 in epoch 55 [aggregation then communication] ---
--- client 2 in epoch 55 [aggregation then communication] ---
--- client 3 in epoch 55 [aggregation then communication] ---
--- client 4 in epoch 55 [aggregation then communication] ---
--- client 5 in epoch 55 [aggregation then communication] ---
--- client 6 in epoch 55 [aggregation then communication] ---
--- client 7 in epoch 55 [aggregation then communication] ---
--- client 8 in epoch 55 [aggregation then communication] ---
--- client 9 in epoch 55 [aggregation then communication] ---
--- global epoch 55: global acc = 91.35% ---
--- local epoch 55: local acc = [C0:99.40%, C1:99.55%, C2:98.99%, C3:99.25%, C4:99.41%, C5:99.84%, C6:99.21%, C7:99.01%, C8:99.42%, C9:99.42%] ---

--- global epoch 56/60 ---
--- At epoch 56, learning rate decays to 0.016459 ---
--- client 0 in epoch 56 [aggregation then communication] ---
--- client 1 in epoch 56 [aggregation then communication] ---
--- client 2 in epoch 56 [aggregation then communication] ---
--- client 3 in epoch 56 [aggregation then communication] ---
--- client 4 in epoch 56 [aggregation then communication] ---
--- client 5 in epoch 56 [aggregation then communication] ---
--- client 6 in epoch 56 [aggregation then communication] ---
--- client 7 in epoch 56 [aggregation then communication] ---
--- client 8 in epoch 56 [aggregation then communication] ---
--- client 9 in epoch 56 [aggregation then communication] ---
--- global epoch 56: global acc = 91.34% ---
--- local epoch 56: local acc = [C0:99.32%, C1:99.52%, C2:99.29%, C3:99.85%, C4:99.25%, C5:99.77%, C6:99.64%, C7:99.32%, C8:99.26%, C9:99.32%] ---

--- global epoch 57/60 ---
--- At epoch 57, learning rate decays to 0.016130 ---
--- client 0 in epoch 57 [aggregation then communication] ---
--- client 1 in epoch 57 [aggregation then communication] ---
--- client 2 in epoch 57 [aggregation then communication] ---
--- client 3 in epoch 57 [aggregation then communication] ---
--- client 4 in epoch 57 [aggregation then communication] ---
--- client 5 in epoch 57 [aggregation then communication] ---
--- client 6 in epoch 57 [aggregation then communication] ------ client 7 in epoch 57 [aggregation then communication] ---

--- client 8 in epoch 57 [aggregation then communication] ---
--- client 9 in epoch 57 [aggregation then communication] ---
--- global epoch 57: global acc = 91.56% ---
--- local epoch 57: local acc = [C0:99.53%, C1:99.67%, C2:99.36%, C3:99.53%, C4:99.66%, C5:99.55%, C6:99.23%, C7:99.05%, C8:99.77%, C9:99.37%] ---

--- global epoch 58/60 ---
--- At epoch 58, learning rate decays to 0.015807 ---
--- client 0 in epoch 58 [aggregation then communication] ---
--- client 1 in epoch 58 [aggregation then communication] ---
--- client 2 in epoch 58 [aggregation then communication] ---
--- client 3 in epoch 58 [aggregation then communication] ---
--- client 4 in epoch 58 [aggregation then communication] ---
--- client 5 in epoch 58 [aggregation then communication] ---
--- client 6 in epoch 58 [aggregation then communication] ---
--- client 7 in epoch 58 [aggregation then communication] ---
--- client 8 in epoch 58 [aggregation then communication] ---
--- client 9 in epoch 58 [aggregation then communication] ---
--- global epoch 58: global acc = 91.58% ---
--- local epoch 58: local acc = [C0:99.67%, C1:99.56%, C2:99.67%, C3:99.41%, C4:99.45%, C5:99.80%, C6:99.35%, C7:99.59%, C8:99.57%, C9:99.51%] ---

--- global epoch 59/60 ---
--- At epoch 59, learning rate decays to 0.015491 ---
--- client 0 in epoch 59 [aggregation then communication] ---
--- client 1 in epoch 59 [aggregation then communication] ---
--- client 2 in epoch 59 [aggregation then communication] ---
--- client 3 in epoch 59 [aggregation then communication] ---
--- client 4 in epoch 59 [aggregation then communication] ---
--- client 5 in epoch 59 [aggregation then communication] ---
--- client 6 in epoch 59 [aggregation then communication] ---
--- client 7 in epoch 59 [aggregation then communication] ---
--- client 8 in epoch 59 [aggregation then communication] ---
--- client 9 in epoch 59 [aggregation then communication] ---
--- global epoch 59: global acc = 91.33% ---
--- local epoch 59: local acc = [C0:99.67%, C1:99.37%, C2:99.29%, C3:99.74%, C4:99.27%, C5:99.61%, C6:99.57%, C7:99.09%, C8:99.41%, C9:99.85%] ---

--- global epoch 60/60 ---
--- At epoch 60, learning rate decays to 0.015181 ---
--- client 0 in epoch 60 [aggregation then communication] ---
--- client 1 in epoch 60 [aggregation then communication] ---
--- client 2 in epoch 60 [aggregation then communication] ---
--- client 3 in epoch 60 [aggregation then communication] ---
--- client 4 in epoch 60 [aggregation then communication] ---
--- client 5 in epoch 60 [aggregation then communication] ---
--- client 6 in epoch 60 [aggregation then communication] ---
--- client 7 in epoch 60 [aggregation then communication] ---
--- client 8 in epoch 60 [aggregation then communication] ---
--- client 9 in epoch 60 [aggregation then communication] ---
--- global epoch 60: global acc = 91.13% ---
--- local epoch 60: local acc = [C0:99.38%, C1:99.82%, C2:99.74%, C3:99.85%, C4:99.48%, C5:99.78%, C6:99.86%, C7:99.62%, C8:99.62%, C9:99.93%] ---
Total runtime: 971.49s (0:16:11)

 saving results
results save in C:\Users\Kong\Desktop\\decentralized_federated_learning-master\decentralized_federated_learning-master\res\clients_10-epochs_2-20250921_064348.json
