client 0 initial number of neighbors: 9
client 1 initial number of neighbors: 9
client 2 initial number of neighbors: 9
client 3 initial number of neighbors: 9
client 4 initial number of neighbors: 9
client 5 initial number of neighbors: 9
client 6 initial number of neighbors: 9
client 7 initial number of neighbors: 9
client 8 initial number of neighbors: 9
client 9 initial number of neighbors: 9

 training begins! (epoch-by-epoch parallel mode with global evaluation)

--- global epoch 1/60 ---
--- client 0 in epoch 1 [aggregation then communication] ---
--- client 1 in epoch 1 [aggregation then communication] ---
--- client 2 in epoch 1 [aggregation then communication] ---
--- client 3 in epoch 1 [aggregation then communication] ---
--- client 4 in epoch 1 [aggregation then communication] ---
--- client 5 in epoch 1 [aggregation then communication] ---
--- client 6 in epoch 1 [aggregation then communication] ---
--- client 7 in epoch 1 [aggregation then communication] ---
--- client 8 in epoch 1 [aggregation then communication] ---
--- client 9 in epoch 1 [aggregation then communication] ---
--- global epoch 1: global acc = 10.04% ---
--- local epoch 1: local acc = [C0:53.77%, C1:56.85%, C2:51.98%, C3:50.62%, C4:56.88%, C5:53.80%, C6:52.18%, C7:52.87%, C8:51.67%, C9:50.15%] ---

--- global epoch 2/60 ---
--- At epoch 2, learning rate decays to 0.049000 ---
--- client 0 in epoch 2 [aggregation then communication] ---
--- client 1 in epoch 2 [aggregation then communication] ---
--- client 2 in epoch 2 [aggregation then communication] ---
--- client 3 in epoch 2 [aggregation then communication] ---
--- client 4 in epoch 2 [aggregation then communication] ---
--- client 5 in epoch 2 [aggregation then communication] ---
--- client 6 in epoch 2 [aggregation then communication] ---
--- client 7 in epoch 2 [aggregation then communication] ---
--- client 8 in epoch 2 [aggregation then communication] ---
--- client 9 in epoch 2 [aggregation then communication] ---
--- global epoch 2: global acc = 26.42% ---
--- local epoch 2: local acc = [C0:69.35%, C1:71.03%, C2:70.63%, C3:68.75%, C4:73.67%, C5:73.13%, C6:69.32%, C7:70.47%, C8:72.95%, C9:71.58%] ---

--- global epoch 3/60 ---
--- At epoch 3, learning rate decays to 0.048020 ---
--- client 0 in epoch 3 [aggregation then communication] ---
--- client 1 in epoch 3 [aggregation then communication] ---
--- client 2 in epoch 3 [aggregation then communication] ---
--- client 3 in epoch 3 [aggregation then communication] ---
--- client 4 in epoch 3 [aggregation then communication] ---
--- client 5 in epoch 3 [aggregation then communication] ---
--- client 6 in epoch 3 [aggregation then communication] ---
--- client 7 in epoch 3 [aggregation then communication] ---
--- client 8 in epoch 3 [aggregation then communication] ---
--- client 9 in epoch 3 [aggregation then communication] ---
--- global epoch 3: global acc = 60.91% ---
--- local epoch 3: local acc = [C0:78.50%, C1:79.08%, C2:78.45%, C3:78.00%, C4:78.98%, C5:79.77%, C6:78.92%, C7:78.32%, C8:78.25%, C9:79.38%] ---

--- global epoch 4/60 ---
--- At epoch 4, learning rate decays to 0.047060 ---
--- client 0 in epoch 4 [aggregation then communication] ---
--- client 1 in epoch 4 [aggregation then communication] ---
--- client 2 in epoch 4 [aggregation then communication] ---
--- client 3 in epoch 4 [aggregation then communication] ---
--- client 4 in epoch 4 [aggregation then communication] ---
--- client 5 in epoch 4 [aggregation then communication] ---
--- client 6 in epoch 4 [aggregation then communication] ---
--- client 7 in epoch 4 [aggregation then communication] ---
--- client 8 in epoch 4 [aggregation then communication] ---
--- client 9 in epoch 4 [aggregation then communication] ---
--- global epoch 4: global acc = 82.90% ---
--- local epoch 4: local acc = [C0:82.62%, C1:82.92%, C2:82.08%, C3:82.28%, C4:82.92%, C5:83.22%, C6:82.95%, C7:82.43%, C8:82.65%, C9:83.10%] ---

--- global epoch 5/60 ---
--- At epoch 5, learning rate decays to 0.046118 ---
--- client 0 in epoch 5 [aggregation then communication] ---
--- client 1 in epoch 5 [aggregation then communication] ---
--- client 2 in epoch 5 [aggregation then communication] ---
--- client 3 in epoch 5 [aggregation then communication] ---
--- client 4 in epoch 5 [aggregation then communication] ---
--- client 5 in epoch 5 [aggregation then communication] ---
--- client 6 in epoch 5 [aggregation then communication] ---
--- client 7 in epoch 5 [aggregation then communication] ---
--- client 8 in epoch 5 [aggregation then communication] ---
--- client 9 in epoch 5 [aggregation then communication] ---
--- global epoch 5: global acc = 82.09% ---
--- local epoch 5: local acc = [C0:84.38%, C1:85.03%, C2:84.33%, C3:84.45%, C4:84.75%, C5:85.42%, C6:85.02%, C7:84.35%, C8:84.83%, C9:85.22%] ---

--- global epoch 6/60 ---
--- At epoch 6, learning rate decays to 0.045196 ---
--- client 0 in epoch 6 [aggregation then communication] ---
--- client 1 in epoch 6 [aggregation then communication] ---
--- client 2 in epoch 6 [aggregation then communication] ---
--- client 3 in epoch 6 [aggregation then communication] ---
--- client 4 in epoch 6 [aggregation then communication] ---
--- client 5 in epoch 6 [aggregation then communication] ---
--- client 6 in epoch 6 [aggregation then communication] ------ client 7 in epoch 6 [aggregation then communication] ---

--- client 8 in epoch 6 [aggregation then communication] ---
--- client 9 in epoch 6 [aggregation then communication] ---
--- global epoch 6: global acc = 84.94% ---
--- local epoch 6: local acc = [C0:85.97%, C1:86.10%, C2:86.07%, C3:85.78%, C4:85.83%, C5:86.60%, C6:86.33%, C7:85.68%, C8:85.67%, C9:86.52%] ---

--- global epoch 7/60 ---
--- At epoch 7, learning rate decays to 0.044292 ---
--- client 0 in epoch 7 [aggregation then communication] ---
--- client 1 in epoch 7 [aggregation then communication] ---
--- client 2 in epoch 7 [aggregation then communication] ---
--- client 3 in epoch 7 [aggregation then communication] ---
--- client 4 in epoch 7 [aggregation then communication] ---
--- client 5 in epoch 7 [aggregation then communication] ---
--- client 6 in epoch 7 [aggregation then communication] ---
--- client 7 in epoch 7 [aggregation then communication] ---
--- client 8 in epoch 7 [aggregation then communication] ---
--- client 9 in epoch 7 [aggregation then communication] ---
--- global epoch 7: global acc = 86.23% ---
--- local epoch 7: local acc = [C0:86.72%, C1:87.15%, C2:86.57%, C3:86.42%, C4:86.67%, C5:87.58%, C6:87.15%, C7:86.95%, C8:86.33%, C9:87.88%] ---

--- global epoch 8/60 ---
--- At epoch 8, learning rate decays to 0.043406 ---
--- client 0 in epoch 8 [aggregation then communication] ---
--- client 1 in epoch 8 [aggregation then communication] ---
--- client 2 in epoch 8 [aggregation then communication] ---
--- client 3 in epoch 8 [aggregation then communication] ---
--- client 4 in epoch 8 [aggregation then communication] ---
--- client 5 in epoch 8 [aggregation then communication] ---
--- client 6 in epoch 8 [aggregation then communication] ---
--- client 7 in epoch 8 [aggregation then communication] ---
--- client 8 in epoch 8 [aggregation then communication] ---
--- client 9 in epoch 8 [aggregation then communication] ---
--- global epoch 8: global acc = 84.72% ---
--- local epoch 8: local acc = [C0:87.08%, C1:87.98%, C2:87.62%, C3:86.87%, C4:87.42%, C5:88.02%, C6:87.88%, C7:87.43%, C8:87.18%, C9:88.62%] ---

--- global epoch 9/60 ---
--- At epoch 9, learning rate decays to 0.042538 ---
--- client 0 in epoch 9 [aggregation then communication] ---
--- client 1 in epoch 9 [aggregation then communication] ---
--- client 2 in epoch 9 [aggregation then communication] ---
--- client 3 in epoch 9 [aggregation then communication] ---
--- client 4 in epoch 9 [aggregation then communication] ---
--- client 5 in epoch 9 [aggregation then communication] ---
--- client 6 in epoch 9 [aggregation then communication] ---
--- client 7 in epoch 9 [aggregation then communication] ---
--- client 8 in epoch 9 [aggregation then communication] ---
--- client 9 in epoch 9 [aggregation then communication] ---
--- global epoch 9: global acc = 86.16% ---
--- local epoch 9: local acc = [C0:87.70%, C1:88.53%, C2:88.05%, C3:87.67%, C4:88.00%, C5:88.40%, C6:88.63%, C7:87.90%, C8:87.82%, C9:88.72%] ---

--- global epoch 10/60 ---
--- At epoch 10, learning rate decays to 0.041687 ---
--- client 0 in epoch 10 [aggregation then communication] ---
--- client 1 in epoch 10 [aggregation then communication] ---
--- client 2 in epoch 10 [aggregation then communication] ---
--- client 3 in epoch 10 [aggregation then communication] ---
--- client 4 in epoch 10 [aggregation then communication] ---
--- client 5 in epoch 10 [aggregation then communication] ---
--- client 6 in epoch 10 [aggregation then communication] ---
--- client 7 in epoch 10 [aggregation then communication] ---
--- client 8 in epoch 10 [aggregation then communication] ---
--- client 9 in epoch 10 [aggregation then communication] ---
--- global epoch 10: global acc = 88.02% ---
--- local epoch 10: local acc = [C0:88.25%, C1:88.95%, C2:88.42%, C3:87.83%, C4:88.65%, C5:88.97%, C6:88.93%, C7:88.35%, C8:89.80%, C9:89.13%] ---

--- global epoch 11/60 ---
--- At epoch 11, learning rate decays to 0.040854 ---
--- client 0 in epoch 11 [aggregation then communication] ---
--- client 1 in epoch 11 [aggregation then communication] ---
--- client 2 in epoch 11 [aggregation then communication] ---
--- client 3 in epoch 11 [aggregation then communication] ---
--- client 4 in epoch 11 [aggregation then communication] ---
--- client 5 in epoch 11 [aggregation then communication] ---
--- client 6 in epoch 11 [aggregation then communication] ---
--- client 7 in epoch 11 [aggregation then communication] ---
--- client 8 in epoch 11 [aggregation then communication] ---
--- client 9 in epoch 11 [aggregation then communication] ---
--- global epoch 11: global acc = 85.73% ---
--- local epoch 11: local acc = [C0:88.95%, C1:89.97%, C2:89.05%, C3:88.57%, C4:88.57%, C5:89.67%, C6:89.27%, C7:88.73%, C8:88.57%, C9:89.60%] ---

--- global epoch 12/60 ---
--- At epoch 12, learning rate decays to 0.040037 ---
--- client 0 in epoch 12 [aggregation then communication] ---
--- client 1 in epoch 12 [aggregation then communication] ---
--- client 2 in epoch 12 [aggregation then communication] ---
--- client 3 in epoch 12 [aggregation then communication] ---
--- client 4 in epoch 12 [aggregation then communication] ---
--- client 5 in epoch 12 [aggregation then communication] ---
--- client 6 in epoch 12 [aggregation then communication] ---
--- client 7 in epoch 12 [aggregation then communication] ---
--- client 8 in epoch 12 [aggregation then communication] ---
--- client 9 in epoch 12 [aggregation then communication] ---
--- global epoch 12: global acc = 86.68% ---
--- local epoch 12: local acc = [C0:89.28%, C1:89.77%, C2:89.07%, C3:88.95%, C4:89.13%, C5:89.58%, C6:89.98%, C7:89.35%, C8:89.50%, C9:89.80%] ---

--- global epoch 13/60 ---
--- At epoch 13, learning rate decays to 0.039236 ---
--- client 0 in epoch 13 [aggregation then communication] ---
--- client 1 in epoch 13 [aggregation then communication] ---
--- client 2 in epoch 13 [aggregation then communication] ---
--- client 3 in epoch 13 [aggregation then communication] ---
--- client 4 in epoch 13 [aggregation then communication] ---
--- client 5 in epoch 13 [aggregation then communication] ---
--- client 6 in epoch 13 [aggregation then communication] ---
--- client 7 in epoch 13 [aggregation then communication] ---
--- client 8 in epoch 13 [aggregation then communication] ---
--- client 9 in epoch 13 [aggregation then communication] ---
--- global epoch 13: global acc = 88.58% ---
--- local epoch 13: local acc = [C0:89.43%, C1:90.33%, C2:89.47%, C3:89.02%, C4:89.50%, C5:89.80%, C6:90.55%, C7:89.87%, C8:89.67%, C9:90.33%] ---

--- global epoch 14/60 ---
--- At epoch 14, learning rate decays to 0.038451 ---
--- client 0 in epoch 14 [aggregation then communication] ---
--- client 1 in epoch 14 [aggregation then communication] ---
--- client 2 in epoch 14 [aggregation then communication] ---
--- client 3 in epoch 14 [aggregation then communication] ---
--- client 4 in epoch 14 [aggregation then communication] ---
--- client 5 in epoch 14 [aggregation then communication] ---
--- client 6 in epoch 14 [aggregation then communication] ---
--- client 7 in epoch 14 [aggregation then communication] ---
--- client 8 in epoch 14 [aggregation then communication] ---
--- client 9 in epoch 14 [aggregation then communication] ---
--- global epoch 14: global acc = 88.07% ---
--- local epoch 14: local acc = [C0:90.98%, C1:90.57%, C2:90.22%, C3:89.33%, C4:89.93%, C5:90.42%, C6:90.48%, C7:89.88%, C8:89.97%, C9:90.27%] ---

--- global epoch 15/60 ---
--- At epoch 15, learning rate decays to 0.037682 ---
--- client 0 in epoch 15 [aggregation then communication] ---
--- client 1 in epoch 15 [aggregation then communication] ---
--- client 2 in epoch 15 [aggregation then communication] ---
--- client 3 in epoch 15 [aggregation then communication] ---
--- client 4 in epoch 15 [aggregation then communication] ---
--- client 5 in epoch 15 [aggregation then communication] ---
--- client 6 in epoch 15 [aggregation then communication] ---
--- client 7 in epoch 15 [aggregation then communication] ---
--- client 8 in epoch 15 [aggregation then communication] ---
--- client 9 in epoch 15 [aggregation then communication] ---
--- global epoch 15: global acc = 88.77% ---
--- local epoch 15: local acc = [C0:90.30%, C1:90.77%, C2:90.48%, C3:89.65%, C4:90.12%, C5:90.67%, C6:90.93%, C7:90.53%, C8:90.23%, C9:90.83%] ---

--- global epoch 16/60 ---
--- At epoch 16, learning rate decays to 0.036928 ---
--- client 0 in epoch 16 [aggregation then communication] ---
--- client 1 in epoch 16 [aggregation then communication] ---
--- client 2 in epoch 16 [aggregation then communication] ---
--- client 3 in epoch 16 [aggregation then communication] ---
--- client 4 in epoch 16 [aggregation then communication] ---
--- client 5 in epoch 16 [aggregation then communication] ---
--- client 6 in epoch 16 [aggregation then communication] ---
--- client 7 in epoch 16 [aggregation then communication] ---
--- client 8 in epoch 16 [aggregation then communication] ---
--- client 9 in epoch 16 [aggregation then communication] ---
--- global epoch 16: global acc = 88.89% ---
--- local epoch 16: local acc = [C0:90.70%, C1:91.28%, C2:90.48%, C3:90.08%, C4:90.35%, C5:90.97%, C6:91.25%, C7:90.62%, C8:90.48%, C9:91.25%] ---

--- global epoch 17/60 ---
--- At epoch 17, learning rate decays to 0.036190 ---
--- client 0 in epoch 17 [aggregation then communication] ---
--- client 1 in epoch 17 [aggregation then communication] ---
--- client 2 in epoch 17 [aggregation then communication] ---
--- client 3 in epoch 17 [aggregation then communication] ---
--- client 4 in epoch 17 [aggregation then communication] ---
--- client 5 in epoch 17 [aggregation then communication] ---
--- client 6 in epoch 17 [aggregation then communication] ---
--- client 7 in epoch 17 [aggregation then communication] ---
--- client 8 in epoch 17 [aggregation then communication] ---
--- client 9 in epoch 17 [aggregation then communication] ---
--- global epoch 17: global acc = 88.00% ---
--- local epoch 17: local acc = [C0:91.28%, C1:91.55%, C2:91.23%, C3:91.48%, C4:90.65%, C5:91.47%, C6:91.65%, C7:91.17%, C8:90.83%, C9:91.38%] ---

--- global epoch 18/60 ---
--- At epoch 18, learning rate decays to 0.035466 ---
--- client 0 in epoch 18 [aggregation then communication] ---
--- client 1 in epoch 18 [aggregation then communication] ---
--- client 2 in epoch 18 [aggregation then communication] ---
--- client 3 in epoch 18 [aggregation then communication] ---
--- client 4 in epoch 18 [aggregation then communication] ---
--- client 5 in epoch 18 [aggregation then communication] ---
--- client 6 in epoch 18 [aggregation then communication] ---
--- client 7 in epoch 18 [aggregation then communication] ---
--- client 8 in epoch 18 [aggregation then communication] ---
--- client 9 in epoch 18 [aggregation then communication] ---
--- global epoch 18: global acc = 89.14% ---
--- local epoch 18: local acc = [C0:91.15%, C1:91.58%, C2:90.73%, C3:90.52%, C4:91.03%, C5:91.68%, C6:91.75%, C7:91.03%, C8:90.80%, C9:91.35%] ---

--- global epoch 19/60 ---
--- At epoch 19, learning rate decays to 0.034757 ---
--- client 0 in epoch 19 [aggregation then communication] ---
--- client 1 in epoch 19 [aggregation then communication] ---
--- client 2 in epoch 19 [aggregation then communication] ---
--- client 3 in epoch 19 [aggregation then communication] ---
--- client 4 in epoch 19 [aggregation then communication] ---
--- client 5 in epoch 19 [aggregation then communication] ---
--- client 6 in epoch 19 [aggregation then communication] ---
--- client 7 in epoch 19 [aggregation then communication] ---
--- client 8 in epoch 19 [aggregation then communication] ---
--- client 9 in epoch 19 [aggregation then communication] ---
--- global epoch 19: global acc = 88.85% ---
--- local epoch 19: local acc = [C0:91.62%, C1:91.82%, C2:91.38%, C3:90.83%, C4:91.77%, C5:92.05%, C6:92.17%, C7:91.55%, C8:90.87%, C9:91.93%] ---

--- global epoch 20/60 ---
--- At epoch 20, learning rate decays to 0.034062 ---
--- client 0 in epoch 20 [aggregation then communication] ---
--- client 1 in epoch 20 [aggregation then communication] ---
--- client 2 in epoch 20 [aggregation then communication] ---
--- client 3 in epoch 20 [aggregation then communication] ---
--- client 4 in epoch 20 [aggregation then communication] ---
--- client 5 in epoch 20 [aggregation then communication] ---
--- client 6 in epoch 20 [aggregation then communication] ---
--- client 7 in epoch 20 [aggregation then communication] ---
--- client 8 in epoch 20 [aggregation then communication] ---
--- client 9 in epoch 20 [aggregation then communication] ---
--- global epoch 20: global acc = 88.54% ---
--- local epoch 20: local acc = [C0:91.58%, C1:92.02%, C2:91.42%, C3:91.78%, C4:92.70%, C5:92.68%, C6:92.38%, C7:91.42%, C8:91.72%, C9:92.27%] ---

--- global epoch 21/60 ---
--- At epoch 21, learning rate decays to 0.033380 ---
--- client 0 in epoch 21 [aggregation then communication] ---
--- client 1 in epoch 21 [aggregation then communication] ---
--- client 2 in epoch 21 [aggregation then communication] ---
--- client 3 in epoch 21 [aggregation then communication] ---
--- client 4 in epoch 21 [aggregation then communication] ---
--- client 5 in epoch 21 [aggregation then communication] ---
--- client 6 in epoch 21 [aggregation then communication] ---
--- client 7 in epoch 21 [aggregation then communication] ---
--- client 8 in epoch 21 [aggregation then communication] ---
--- client 9 in epoch 21 [aggregation then communication] ---
--- global epoch 21: global acc = 89.17% ---
--- local epoch 21: local acc = [C0:92.83%, C1:92.13%, C2:91.80%, C3:91.60%, C4:91.55%, C5:92.35%, C6:92.38%, C7:91.95%, C8:93.90%, C9:91.93%] ---

--- global epoch 22/60 ---
--- At epoch 22, learning rate decays to 0.032713 ---
--- client 0 in epoch 22 [aggregation then communication] ---
--- client 1 in epoch 22 [aggregation then communication] ---
--- client 2 in epoch 22 [aggregation then communication] ---
--- client 3 in epoch 22 [aggregation then communication] ---
--- client 4 in epoch 22 [aggregation then communication] ---
--- client 5 in epoch 22 [aggregation then communication] ---
--- client 6 in epoch 22 [aggregation then communication] ---
--- client 7 in epoch 22 [aggregation then communication] ---
--- client 8 in epoch 22 [aggregation then communication] ---
--- client 9 in epoch 22 [aggregation then communication] ---
--- global epoch 22: global acc = 87.29% ---
--- local epoch 22: local acc = [C0:91.90%, C1:92.42%, C2:92.18%, C3:91.60%, C4:91.45%, C5:92.57%, C6:93.05%, C7:91.87%, C8:92.33%, C9:92.28%] ---

--- global epoch 23/60 ---
--- At epoch 23, learning rate decays to 0.032059 ---
--- client 0 in epoch 23 [aggregation then communication] ---
--- client 1 in epoch 23 [aggregation then communication] ---
--- client 2 in epoch 23 [aggregation then communication] ---
--- client 3 in epoch 23 [aggregation then communication] ---
--- client 4 in epoch 23 [aggregation then communication] ---
--- client 5 in epoch 23 [aggregation then communication] ---
--- client 6 in epoch 23 [aggregation then communication] ---
--- client 7 in epoch 23 [aggregation then communication] ---
--- client 8 in epoch 23 [aggregation then communication] ---
--- client 9 in epoch 23 [aggregation then communication] ---
--- global epoch 23: global acc = 88.02% ---
--- local epoch 23: local acc = [C0:92.88%, C1:92.37%, C2:92.20%, C3:91.93%, C4:92.43%, C5:92.97%, C6:93.35%, C7:92.25%, C8:93.07%, C9:92.57%] ---

--- global epoch 24/60 ---
--- At epoch 24, learning rate decays to 0.031417 ---
--- client 0 in epoch 24 [aggregation then communication] ---
--- client 1 in epoch 24 [aggregation then communication] ---
--- client 2 in epoch 24 [aggregation then communication] ---
--- client 3 in epoch 24 [aggregation then communication] ---
--- client 4 in epoch 24 [aggregation then communication] ---
--- client 5 in epoch 24 [aggregation then communication] ---
--- client 6 in epoch 24 [aggregation then communication] ---
--- client 7 in epoch 24 [aggregation then communication] ---
--- client 8 in epoch 24 [aggregation then communication] ---
--- client 9 in epoch 24 [aggregation then communication] ---
--- global epoch 24: global acc = 88.56% ---
--- local epoch 24: local acc = [C0:92.38%, C1:93.02%, C2:92.45%, C3:92.35%, C4:91.88%, C5:92.87%, C6:93.57%, C7:92.65%, C8:93.27%, C9:92.50%] ---

--- global epoch 25/60 ---
--- At epoch 25, learning rate decays to 0.030789 ---
--- client 0 in epoch 25 [aggregation then communication] ---
--- client 1 in epoch 25 [aggregation then communication] ---
--- client 2 in epoch 25 [aggregation then communication] ---
--- client 3 in epoch 25 [aggregation then communication] ---
--- client 4 in epoch 25 [aggregation then communication] ---
--- client 5 in epoch 25 [aggregation then communication] ---
--- client 6 in epoch 25 [aggregation then communication] ---
--- client 7 in epoch 25 [aggregation then communication] ---
--- client 8 in epoch 25 [aggregation then communication] ---
--- client 9 in epoch 25 [aggregation then communication] ---
--- global epoch 25: global acc = 88.23% ---
--- local epoch 25: local acc = [C0:92.52%, C1:92.93%, C2:93.03%, C3:92.37%, C4:92.15%, C5:93.57%, C6:93.25%, C7:92.80%, C8:93.35%, C9:93.05%] ---

--- global epoch 26/60 ---
--- At epoch 26, learning rate decays to 0.030173 ---
--- client 0 in epoch 26 [aggregation then communication] ---
--- client 1 in epoch 26 [aggregation then communication] ---
--- client 2 in epoch 26 [aggregation then communication] ---
--- client 3 in epoch 26 [aggregation then communication] ---
--- client 4 in epoch 26 [aggregation then communication] ---
--- client 5 in epoch 26 [aggregation then communication] ---
--- client 6 in epoch 26 [aggregation then communication] ---
--- client 7 in epoch 26 [aggregation then communication] ---
--- client 8 in epoch 26 [aggregation then communication] ---
--- client 9 in epoch 26 [aggregation then communication] ---
--- global epoch 26: global acc = 88.57% ---
--- local epoch 26: local acc = [C0:93.10%, C1:93.07%, C2:92.97%, C3:93.08%, C4:93.35%, C5:93.27%, C6:94.62%, C7:93.05%, C8:93.33%, C9:93.50%] ---

--- global epoch 27/60 ---
--- At epoch 27, learning rate decays to 0.029570 ---
--- client 0 in epoch 27 [aggregation then communication] ---
--- client 1 in epoch 27 [aggregation then communication] ---
--- client 2 in epoch 27 [aggregation then communication] ---
--- client 3 in epoch 27 [aggregation then communication] ---
--- client 4 in epoch 27 [aggregation then communication] ---
--- client 5 in epoch 27 [aggregation then communication] ---
--- client 6 in epoch 27 [aggregation then communication] ---
--- client 7 in epoch 27 [aggregation then communication] ---
--- client 8 in epoch 27 [aggregation then communication] ---
--- client 9 in epoch 27 [aggregation then communication] ---
--- global epoch 27: global acc = 87.75% ---
--- local epoch 27: local acc = [C0:93.10%, C1:92.97%, C2:92.92%, C3:92.80%, C4:92.43%, C5:93.52%, C6:93.93%, C7:93.03%, C8:93.38%, C9:93.50%] ---

--- global epoch 28/60 ---
--- At epoch 28, learning rate decays to 0.028978 ---
--- client 0 in epoch 28 [aggregation then communication] ---
--- client 1 in epoch 28 [aggregation then communication] ---
--- client 2 in epoch 28 [aggregation then communication] ---
--- client 3 in epoch 28 [aggregation then communication] ---
--- client 4 in epoch 28 [aggregation then communication] ---
--- client 5 in epoch 28 [aggregation then communication] ---
--- client 6 in epoch 28 [aggregation then communication] ---
--- client 7 in epoch 28 [aggregation then communication] ---
--- client 8 in epoch 28 [aggregation then communication] ---
--- client 9 in epoch 28 [aggregation then communication] ---
--- global epoch 28: global acc = 89.88% ---
--- local epoch 28: local acc = [C0:93.68%, C1:94.10%, C2:93.42%, C3:93.15%, C4:92.47%, C5:93.82%, C6:94.07%, C7:93.80%, C8:93.75%, C9:94.07%] ---

--- global epoch 29/60 ---
--- At epoch 29, learning rate decays to 0.028399 ---
--- client 0 in epoch 29 [aggregation then communication] ---
--- client 1 in epoch 29 [aggregation then communication] ---
--- client 2 in epoch 29 [aggregation then communication] ---
--- client 3 in epoch 29 [aggregation then communication] ---
--- client 4 in epoch 29 [aggregation then communication] ---
--- client 5 in epoch 29 [aggregation then communication] ---
--- client 6 in epoch 29 [aggregation then communication] ---
--- client 7 in epoch 29 [aggregation then communication] ---
--- client 8 in epoch 29 [aggregation then communication] ---
--- client 9 in epoch 29 [aggregation then communication] ---
--- global epoch 29: global acc = 89.51% ---
--- local epoch 29: local acc = [C0:94.63%, C1:93.25%, C2:93.55%, C3:93.55%, C4:92.85%, C5:93.95%, C6:94.03%, C7:94.08%, C8:94.22%, C9:94.22%] ---

--- global epoch 30/60 ---
--- At epoch 30, learning rate decays to 0.027831 ---
--- client 0 in epoch 30 [aggregation then communication] ---
--- client 1 in epoch 30 [aggregation then communication] ---
--- client 2 in epoch 30 [aggregation then communication] ---
--- client 3 in epoch 30 [aggregation then communication] ---
--- client 4 in epoch 30 [aggregation then communication] ---
--- client 5 in epoch 30 [aggregation then communication] ---
--- client 6 in epoch 30 [aggregation then communication] ---
--- client 7 in epoch 30 [aggregation then communication] ---
--- client 8 in epoch 30 [aggregation then communication] ---
--- client 9 in epoch 30 [aggregation then communication] ---
--- global epoch 30: global acc = 88.36% ---
--- local epoch 30: local acc = [C0:93.92%, C1:93.63%, C2:93.68%, C3:93.65%, C4:93.38%, C5:94.25%, C6:94.75%, C7:93.38%, C8:94.12%, C9:94.53%] ---

--- global epoch 31/60 ---
--- At epoch 31, learning rate decays to 0.027274 ---
--- client 0 in epoch 31 [aggregation then communication] ---
--- client 1 in epoch 31 [aggregation then communication] ---
--- client 2 in epoch 31 [aggregation then communication] ---
--- client 3 in epoch 31 [aggregation then communication] ---
--- client 4 in epoch 31 [aggregation then communication] ---
--- client 5 in epoch 31 [aggregation then communication] ---
--- client 6 in epoch 31 [aggregation then communication] ---
--- client 7 in epoch 31 [aggregation then communication] ---
--- client 8 in epoch 31 [aggregation then communication] ---
--- client 9 in epoch 31 [aggregation then communication] ---
--- global epoch 31: global acc = 89.14% ---
--- local epoch 31: local acc = [C0:94.35%, C1:94.33%, C2:94.33%, C3:93.97%, C4:93.65%, C5:94.95%, C6:94.73%, C7:94.47%, C8:94.23%, C9:94.47%] ---

--- global epoch 32/60 ---
--- At epoch 32, learning rate decays to 0.026729 ---
--- client 0 in epoch 32 [aggregation then communication] ---
--- client 1 in epoch 32 [aggregation then communication] ---
--- client 2 in epoch 32 [aggregation then communication] ---
--- client 3 in epoch 32 [aggregation then communication] ---
--- client 4 in epoch 32 [aggregation then communication] ---
--- client 5 in epoch 32 [aggregation then communication] ---
--- client 6 in epoch 32 [aggregation then communication] ---
--- client 7 in epoch 32 [aggregation then communication] ---
--- client 8 in epoch 32 [aggregation then communication] ---
--- client 9 in epoch 32 [aggregation then communication] ---
--- global epoch 32: global acc = 88.15% ---
--- local epoch 32: local acc = [C0:94.40%, C1:95.70%, C2:94.50%, C3:94.35%, C4:93.77%, C5:95.05%, C6:95.38%, C7:93.78%, C8:94.80%, C9:94.63%] ---

--- global epoch 33/60 ---
--- At epoch 33, learning rate decays to 0.026194 ---
--- client 0 in epoch 33 [aggregation then communication] ---
--- client 1 in epoch 33 [aggregation then communication] ---
--- client 2 in epoch 33 [aggregation then communication] ---
--- client 3 in epoch 33 [aggregation then communication] ---
--- client 4 in epoch 33 [aggregation then communication] ---
--- client 5 in epoch 33 [aggregation then communication] ---
--- client 6 in epoch 33 [aggregation then communication] ---
--- client 7 in epoch 33 [aggregation then communication] ---
--- client 8 in epoch 33 [aggregation then communication] ---
--- client 9 in epoch 33 [aggregation then communication] ---
--- global epoch 33: global acc = 88.53% ---
--- local epoch 33: local acc = [C0:94.63%, C1:94.12%, C2:95.28%, C3:94.43%, C4:93.58%, C5:95.23%, C6:95.03%, C7:94.47%, C8:95.03%, C9:94.72%] ---

--- global epoch 34/60 ---
--- At epoch 34, learning rate decays to 0.025670 ---
--- client 0 in epoch 34 [aggregation then communication] ---
--- client 1 in epoch 34 [aggregation then communication] ---
--- client 2 in epoch 34 [aggregation then communication] ---
--- client 3 in epoch 34 [aggregation then communication] ---
--- client 4 in epoch 34 [aggregation then communication] ---
--- client 5 in epoch 34 [aggregation then communication] ---
--- client 6 in epoch 34 [aggregation then communication] ---
--- client 7 in epoch 34 [aggregation then communication] ---
--- client 8 in epoch 34 [aggregation then communication] ---
--- client 9 in epoch 34 [aggregation then communication] ---
--- global epoch 34: global acc = 88.65% ---
--- local epoch 34: local acc = [C0:95.10%, C1:94.62%, C2:94.45%, C3:94.27%, C4:94.25%, C5:94.95%, C6:95.78%, C7:94.80%, C8:95.57%, C9:94.88%] ---

--- global epoch 35/60 ---
--- At epoch 35, learning rate decays to 0.025157 ---
--- client 0 in epoch 35 [aggregation then communication] ---
--- client 1 in epoch 35 [aggregation then communication] ---
--- client 2 in epoch 35 [aggregation then communication] ---
--- client 3 in epoch 35 [aggregation then communication] ---
--- client 4 in epoch 35 [aggregation then communication] ---
--- client 5 in epoch 35 [aggregation then communication] ---
--- client 6 in epoch 35 [aggregation then communication] ---
--- client 7 in epoch 35 [aggregation then communication] ---
--- client 8 in epoch 35 [aggregation then communication] ---
--- client 9 in epoch 35 [aggregation then communication] ---
--- global epoch 35: global acc = 89.06% ---
--- local epoch 35: local acc = [C0:95.03%, C1:94.53%, C2:95.20%, C3:95.62%, C4:94.15%, C5:95.30%, C6:95.68%, C7:94.77%, C8:95.48%, C9:95.43%] ---

--- global epoch 36/60 ---
--- At epoch 36, learning rate decays to 0.024654 ---
--- client 0 in epoch 36 [aggregation then communication] ---
--- client 1 in epoch 36 [aggregation then communication] ---
--- client 2 in epoch 36 [aggregation then communication] ---
--- client 3 in epoch 36 [aggregation then communication] ---
--- client 4 in epoch 36 [aggregation then communication] ---
--- client 5 in epoch 36 [aggregation then communication] ---
--- client 6 in epoch 36 [aggregation then communication] ---
--- client 7 in epoch 36 [aggregation then communication] ---
--- client 8 in epoch 36 [aggregation then communication] ---
--- client 9 in epoch 36 [aggregation then communication] ---
--- global epoch 36: global acc = 86.65% ---
--- local epoch 36: local acc = [C0:96.37%, C1:94.70%, C2:95.63%, C3:94.77%, C4:94.53%, C5:95.77%, C6:95.33%, C7:94.30%, C8:95.47%, C9:95.17%] ---

--- global epoch 37/60 ---
--- At epoch 37, learning rate decays to 0.024161 ---
--- client 0 in epoch 37 [aggregation then communication] ---
--- client 1 in epoch 37 [aggregation then communication] ---
--- client 2 in epoch 37 [aggregation then communication] ---
--- client 3 in epoch 37 [aggregation then communication] ---
--- client 4 in epoch 37 [aggregation then communication] ---
--- client 5 in epoch 37 [aggregation then communication] ---
--- client 6 in epoch 37 [aggregation then communication] ---
--- client 7 in epoch 37 [aggregation then communication] ---
--- client 8 in epoch 37 [aggregation then communication] ------ client 9 in epoch 37 [aggregation then communication] ---

--- global epoch 37: global acc = 87.27% ---
--- local epoch 37: local acc = [C0:95.68%, C1:95.17%, C2:95.98%, C3:95.55%, C4:94.65%, C5:95.72%, C6:95.73%, C7:94.55%, C8:95.68%, C9:95.70%] ---

--- global epoch 38/60 ---
--- At epoch 38, learning rate decays to 0.023677 ---
--- client 0 in epoch 38 [aggregation then communication] ---
--- client 1 in epoch 38 [aggregation then communication] ---
--- client 2 in epoch 38 [aggregation then communication] ---
--- client 3 in epoch 38 [aggregation then communication] ---
--- client 4 in epoch 38 [aggregation then communication] ---
--- client 5 in epoch 38 [aggregation then communication] ---
--- client 6 in epoch 38 [aggregation then communication] ---
--- client 7 in epoch 38 [aggregation then communication] ---
--- client 8 in epoch 38 [aggregation then communication] ---
--- client 9 in epoch 38 [aggregation then communication] ---
--- global epoch 38: global acc = 89.60% ---
--- local epoch 38: local acc = [C0:95.92%, C1:95.53%, C2:95.60%, C3:95.17%, C4:95.08%, C5:96.57%, C6:95.95%, C7:95.23%, C8:95.62%, C9:96.03%] ---

--- global epoch 39/60 ---
--- At epoch 39, learning rate decays to 0.023204 ---
--- client 0 in epoch 39 [aggregation then communication] ---
--- client 1 in epoch 39 [aggregation then communication] ---
--- client 2 in epoch 39 [aggregation then communication] ---
--- client 3 in epoch 39 [aggregation then communication] ---
--- client 4 in epoch 39 [aggregation then communication] ---
--- client 5 in epoch 39 [aggregation then communication] ---
--- client 6 in epoch 39 [aggregation then communication] ---
--- client 7 in epoch 39 [aggregation then communication] ---
--- client 8 in epoch 39 [aggregation then communication] ---
--- client 9 in epoch 39 [aggregation then communication] ---
--- global epoch 39: global acc = 89.83% ---
--- local epoch 39: local acc = [C0:95.98%, C1:95.70%, C2:95.90%, C3:95.78%, C4:95.32%, C5:96.18%, C6:96.72%, C7:95.00%, C8:96.35%, C9:95.83%] ---

--- global epoch 40/60 ---
--- At epoch 40, learning rate decays to 0.022740 ---
--- client 0 in epoch 40 [aggregation then communication] ---
--- client 1 in epoch 40 [aggregation then communication] ---
--- client 2 in epoch 40 [aggregation then communication] ---
--- client 3 in epoch 40 [aggregation then communication] ---
--- client 4 in epoch 40 [aggregation then communication] ---
--- client 5 in epoch 40 [aggregation then communication] ---
--- client 6 in epoch 40 [aggregation then communication] ---
--- client 7 in epoch 40 [aggregation then communication] ---
--- client 8 in epoch 40 [aggregation then communication] ---
--- client 9 in epoch 40 [aggregation then communication] ---
--- global epoch 40: global acc = 89.66% ---
--- local epoch 40: local acc = [C0:96.15%, C1:95.78%, C2:95.90%, C3:95.90%, C4:95.52%, C5:96.33%, C6:95.95%, C7:95.28%, C8:96.32%, C9:96.53%] ---

--- global epoch 41/60 ---
--- At epoch 41, learning rate decays to 0.022285 ---
--- client 0 in epoch 41 [aggregation then communication] ---
--- client 1 in epoch 41 [aggregation then communication] ---
--- client 2 in epoch 41 [aggregation then communication] ---
--- client 3 in epoch 41 [aggregation then communication] ---
--- client 4 in epoch 41 [aggregation then communication] ---
--- client 5 in epoch 41 [aggregation then communication] ---
--- client 6 in epoch 41 [aggregation then communication] ---
--- client 7 in epoch 41 [aggregation then communication] ---
--- client 8 in epoch 41 [aggregation then communication] ---
--- client 9 in epoch 41 [aggregation then communication] ---
--- global epoch 41: global acc = 90.44% ---
--- local epoch 41: local acc = [C0:96.43%, C1:96.23%, C2:96.42%, C3:96.10%, C4:95.82%, C5:96.60%, C6:96.43%, C7:95.73%, C8:96.52%, C9:96.65%] ---

--- global epoch 42/60 ---
--- At epoch 42, learning rate decays to 0.021839 ---
--- client 0 in epoch 42 [aggregation then communication] ---
--- client 1 in epoch 42 [aggregation then communication] ---
--- client 2 in epoch 42 [aggregation then communication] ---
--- client 3 in epoch 42 [aggregation then communication] ---
--- client 4 in epoch 42 [aggregation then communication] ---
--- client 5 in epoch 42 [aggregation then communication] ---
--- client 6 in epoch 42 [aggregation then communication] ---
--- client 7 in epoch 42 [aggregation then communication] ---
--- client 8 in epoch 42 [aggregation then communication] ---
--- client 9 in epoch 42 [aggregation then communication] ---
--- global epoch 42: global acc = 88.75% ---
--- local epoch 42: local acc = [C0:96.32%, C1:96.07%, C2:96.03%, C3:95.72%, C4:95.85%, C5:96.02%, C6:96.98%, C7:96.10%, C8:96.83%, C9:97.07%] ---

--- global epoch 43/60 ---
--- At epoch 43, learning rate decays to 0.021403 ---
--- client 0 in epoch 43 [aggregation then communication] ---
--- client 1 in epoch 43 [aggregation then communication] ---
--- client 2 in epoch 43 [aggregation then communication] ---
--- client 3 in epoch 43 [aggregation then communication] ---
--- client 4 in epoch 43 [aggregation then communication] ---
--- client 5 in epoch 43 [aggregation then communication] ---
--- client 6 in epoch 43 [aggregation then communication] ---
--- client 7 in epoch 43 [aggregation then communication] ---
--- client 8 in epoch 43 [aggregation then communication] ---
--- client 9 in epoch 43 [aggregation then communication] ---
--- global epoch 43: global acc = 90.38% ---
--- local epoch 43: local acc = [C0:96.28%, C1:96.55%, C2:96.15%, C3:96.40%, C4:96.15%, C5:96.70%, C6:97.22%, C7:96.47%, C8:96.62%, C9:96.80%] ---

--- global epoch 44/60 ---
--- At epoch 44, learning rate decays to 0.020974 ---
--- client 0 in epoch 44 [aggregation then communication] ---
--- client 1 in epoch 44 [aggregation then communication] ---
--- client 2 in epoch 44 [aggregation then communication] ---
--- client 3 in epoch 44 [aggregation then communication] ---
--- client 4 in epoch 44 [aggregation then communication] ---
--- client 5 in epoch 44 [aggregation then communication] ---
--- client 6 in epoch 44 [aggregation then communication] ---
--- client 7 in epoch 44 [aggregation then communication] ---
--- client 8 in epoch 44 [aggregation then communication] ---
--- client 9 in epoch 44 [aggregation then communication] ---
--- global epoch 44: global acc = 89.23% ---
--- local epoch 44: local acc = [C0:97.65%, C1:96.83%, C2:96.30%, C3:96.13%, C4:96.33%, C5:97.17%, C6:96.75%, C7:96.37%, C8:96.92%, C9:96.97%] ---

--- global epoch 45/60 ---
--- At epoch 45, learning rate decays to 0.020555 ---
--- client 0 in epoch 45 [aggregation then communication] ---
--- client 1 in epoch 45 [aggregation then communication] ---
--- client 2 in epoch 45 [aggregation then communication] ---
--- client 3 in epoch 45 [aggregation then communication] ---
--- client 4 in epoch 45 [aggregation then communication] ---
--- client 5 in epoch 45 [aggregation then communication] ---
--- client 6 in epoch 45 [aggregation then communication] ---
--- client 7 in epoch 45 [aggregation then communication] ---
--- client 8 in epoch 45 [aggregation then communication] ---
--- client 9 in epoch 45 [aggregation then communication] ---
--- global epoch 45: global acc = 90.42% ---
--- local epoch 45: local acc = [C0:96.70%, C1:96.37%, C2:96.42%, C3:96.75%, C4:96.48%, C5:96.97%, C6:96.52%, C7:96.73%, C8:96.57%, C9:96.45%] ---

--- global epoch 46/60 ---
--- At epoch 46, learning rate decays to 0.020144 ---
--- client 0 in epoch 46 [aggregation then communication] ---
--- client 1 in epoch 46 [aggregation then communication] ---
--- client 2 in epoch 46 [aggregation then communication] ---
--- client 3 in epoch 46 [aggregation then communication] ---
--- client 4 in epoch 46 [aggregation then communication] ---
--- client 5 in epoch 46 [aggregation then communication] ---
--- client 6 in epoch 46 [aggregation then communication] ---
--- client 7 in epoch 46 [aggregation then communication] ---
--- client 8 in epoch 46 [aggregation then communication] ---
--- client 9 in epoch 46 [aggregation then communication] ---
--- global epoch 46: global acc = 90.36% ---
--- local epoch 46: local acc = [C0:97.08%, C1:96.92%, C2:96.80%, C3:96.95%, C4:96.95%, C5:97.17%, C6:97.35%, C7:96.67%, C8:96.72%, C9:97.15%] ---

--- global epoch 47/60 ---
--- At epoch 47, learning rate decays to 0.019741 ---
--- client 0 in epoch 47 [aggregation then communication] ---
--- client 1 in epoch 47 [aggregation then communication] ---
--- client 2 in epoch 47 [aggregation then communication] ---
--- client 3 in epoch 47 [aggregation then communication] ---
--- client 4 in epoch 47 [aggregation then communication] ---
--- client 5 in epoch 47 [aggregation then communication] ---
--- client 6 in epoch 47 [aggregation then communication] ---
--- client 7 in epoch 47 [aggregation then communication] ---
--- client 8 in epoch 47 [aggregation then communication] ---
--- client 9 in epoch 47 [aggregation then communication] ---
--- global epoch 47: global acc = 90.30% ---
--- local epoch 47: local acc = [C0:97.27%, C1:96.97%, C2:97.00%, C3:97.13%, C4:97.27%, C5:97.22%, C6:97.50%, C7:96.37%, C8:97.07%, C9:97.53%] ---

--- global epoch 48/60 ---
--- At epoch 48, learning rate decays to 0.019346 ---
--- client 0 in epoch 48 [aggregation then communication] ---
--- client 1 in epoch 48 [aggregation then communication] ---
--- client 2 in epoch 48 [aggregation then communication] ---
--- client 3 in epoch 48 [aggregation then communication] ---
--- client 4 in epoch 48 [aggregation then communication] ---
--- client 5 in epoch 48 [aggregation then communication] ---
--- client 6 in epoch 48 [aggregation then communication] ---
--- client 7 in epoch 48 [aggregation then communication] ---
--- client 8 in epoch 48 [aggregation then communication] ---
--- client 9 in epoch 48 [aggregation then communication] ---
--- global epoch 48: global acc = 90.60% ---
--- local epoch 48: local acc = [C0:97.37%, C1:97.02%, C2:97.33%, C3:97.28%, C4:97.10%, C5:96.83%, C6:97.27%, C7:96.80%, C8:97.28%, C9:97.62%] ---

--- global epoch 49/60 ---
--- At epoch 49, learning rate decays to 0.018959 ---
--- client 0 in epoch 49 [aggregation then communication] ---
--- client 1 in epoch 49 [aggregation then communication] ---
--- client 2 in epoch 49 [aggregation then communication] ---
--- client 3 in epoch 49 [aggregation then communication] ---
--- client 4 in epoch 49 [aggregation then communication] ---
--- client 5 in epoch 49 [aggregation then communication] ---
--- client 6 in epoch 49 [aggregation then communication] ---
--- client 7 in epoch 49 [aggregation then communication] ---
--- client 8 in epoch 49 [aggregation then communication] ---
--- client 9 in epoch 49 [aggregation then communication] ---
--- global epoch 49: global acc = 89.31% ---
--- local epoch 49: local acc = [C0:97.37%, C1:97.13%, C2:97.28%, C3:97.32%, C4:97.52%, C5:97.52%, C6:97.70%, C7:96.53%, C8:97.87%, C9:97.93%] ---

--- global epoch 50/60 ---
--- At epoch 50, learning rate decays to 0.018580 ---
--- client 0 in epoch 50 [aggregation then communication] ---
--- client 1 in epoch 50 [aggregation then communication] ---
--- client 2 in epoch 50 [aggregation then communication] ---
--- client 3 in epoch 50 [aggregation then communication] ---
--- client 4 in epoch 50 [aggregation then communication] ---
--- client 5 in epoch 50 [aggregation then communication] ---
--- client 6 in epoch 50 [aggregation then communication] ---
--- client 7 in epoch 50 [aggregation then communication] ---
--- client 8 in epoch 50 [aggregation then communication] ---
--- client 9 in epoch 50 [aggregation then communication] ---
--- global epoch 50: global acc = 90.34% ---
--- local epoch 50: local acc = [C0:97.52%, C1:97.57%, C2:97.72%, C3:97.50%, C4:97.32%, C5:97.50%, C6:97.33%, C7:96.97%, C8:97.13%, C9:97.82%] ---

--- global epoch 51/60 ---
--- At epoch 51, learning rate decays to 0.018208 ---
--- client 0 in epoch 51 [aggregation then communication] ---
--- client 1 in epoch 51 [aggregation then communication] ---
--- client 2 in epoch 51 [aggregation then communication] ---
--- client 3 in epoch 51 [aggregation then communication] ---
--- client 4 in epoch 51 [aggregation then communication] ---
--- client 5 in epoch 51 [aggregation then communication] ---
--- client 6 in epoch 51 [aggregation then communication] ---
--- client 7 in epoch 51 [aggregation then communication] ---
--- client 8 in epoch 51 [aggregation then communication] ---
--- client 9 in epoch 51 [aggregation then communication] ---
--- global epoch 51: global acc = 89.77% ---
--- local epoch 51: local acc = [C0:97.95%, C1:97.17%, C2:97.63%, C3:97.38%, C4:97.20%, C5:97.83%, C6:97.37%, C7:97.03%, C8:97.32%, C9:97.67%] ---

--- global epoch 52/60 ---
--- At epoch 52, learning rate decays to 0.017844 ---
--- client 0 in epoch 52 [aggregation then communication] ---
--- client 1 in epoch 52 [aggregation then communication] ---
--- client 2 in epoch 52 [aggregation then communication] ---
--- client 3 in epoch 52 [aggregation then communication] ---
--- client 4 in epoch 52 [aggregation then communication] ---
--- client 5 in epoch 52 [aggregation then communication] ---
--- client 6 in epoch 52 [aggregation then communication] ---
--- client 7 in epoch 52 [aggregation then communication] ---
--- client 8 in epoch 52 [aggregation then communication] ---
--- client 9 in epoch 52 [aggregation then communication] ---
--- global epoch 52: global acc = 88.59% ---
--- local epoch 52: local acc = [C0:97.22%, C1:97.92%, C2:97.95%, C3:97.48%, C4:97.70%, C5:97.72%, C6:97.75%, C7:97.25%, C8:97.93%, C9:98.07%] ---

--- global epoch 53/60 ---
--- At epoch 53, learning rate decays to 0.017487 ---
--- client 0 in epoch 53 [aggregation then communication] ---
--- client 1 in epoch 53 [aggregation then communication] ---
--- client 2 in epoch 53 [aggregation then communication] ---
--- client 3 in epoch 53 [aggregation then communication] ---
--- client 4 in epoch 53 [aggregation then communication] ---
--- client 5 in epoch 53 [aggregation then communication] ---
--- client 6 in epoch 53 [aggregation then communication] ---
--- client 7 in epoch 53 [aggregation then communication] ---
--- client 8 in epoch 53 [aggregation then communication] ---
--- client 9 in epoch 53 [aggregation then communication] ---
--- global epoch 53: global acc = 89.72% ---
--- local epoch 53: local acc = [C0:97.70%, C1:98.38%, C2:98.00%, C3:97.55%, C4:97.90%, C5:98.00%, C6:97.35%, C7:97.62%, C8:98.23%, C9:98.80%] ---

--- global epoch 54/60 ---
--- At epoch 54, learning rate decays to 0.017138 ---
--- client 0 in epoch 54 [aggregation then communication] ---
--- client 1 in epoch 54 [aggregation then communication] ---
--- client 2 in epoch 54 [aggregation then communication] ---
--- client 3 in epoch 54 [aggregation then communication] ---
--- client 4 in epoch 54 [aggregation then communication] ---
--- client 5 in epoch 54 [aggregation then communication] ---
--- client 6 in epoch 54 [aggregation then communication] ---
--- client 7 in epoch 54 [aggregation then communication] ---
--- client 8 in epoch 54 [aggregation then communication] ---
--- client 9 in epoch 54 [aggregation then communication] ---
--- global epoch 54: global acc = 90.76% ---
--- local epoch 54: local acc = [C0:98.13%, C1:97.82%, C2:98.40%, C3:97.65%, C4:97.98%, C5:97.92%, C6:97.60%, C7:97.88%, C8:97.68%, C9:98.27%] ---

--- global epoch 55/60 ---
--- At epoch 55, learning rate decays to 0.016795 ---
--- client 0 in epoch 55 [aggregation then communication] ---
--- client 1 in epoch 55 [aggregation then communication] ---
--- client 2 in epoch 55 [aggregation then communication] ---
--- client 3 in epoch 55 [aggregation then communication] ---
--- client 4 in epoch 55 [aggregation then communication] ---
--- client 5 in epoch 55 [aggregation then communication] ---
--- client 6 in epoch 55 [aggregation then communication] ---
--- client 7 in epoch 55 [aggregation then communication] ---
--- client 8 in epoch 55 [aggregation then communication] ---
--- client 9 in epoch 55 [aggregation then communication] ---
--- global epoch 55: global acc = 90.02% ---
--- local epoch 55: local acc = [C0:98.20%, C1:98.13%, C2:98.43%, C3:98.20%, C4:98.27%, C5:98.05%, C6:98.17%, C7:97.70%, C8:98.37%, C9:98.20%] ---

--- global epoch 56/60 ---
--- At epoch 56, learning rate decays to 0.016459 ---
--- client 0 in epoch 56 [aggregation then communication] ---
--- client 1 in epoch 56 [aggregation then communication] ---
--- client 2 in epoch 56 [aggregation then communication] ---
--- client 3 in epoch 56 [aggregation then communication] ---
--- client 4 in epoch 56 [aggregation then communication] ---
--- client 5 in epoch 56 [aggregation then communication] ---
--- client 6 in epoch 56 [aggregation then communication] ---
--- client 7 in epoch 56 [aggregation then communication] ---
--- client 8 in epoch 56 [aggregation then communication] ---
--- client 9 in epoch 56 [aggregation then communication] ---
--- global epoch 56: global acc = 91.06% ---
--- local epoch 56: local acc = [C0:98.45%, C1:98.42%, C2:98.33%, C3:98.35%, C4:98.18%, C5:98.12%, C6:97.78%, C7:97.85%, C8:98.48%, C9:98.43%] ---

--- global epoch 57/60 ---
--- At epoch 57, learning rate decays to 0.016130 ---
--- client 0 in epoch 57 [aggregation then communication] ---
--- client 1 in epoch 57 [aggregation then communication] ---
--- client 2 in epoch 57 [aggregation then communication] ---
--- client 3 in epoch 57 [aggregation then communication] ---
--- client 4 in epoch 57 [aggregation then communication] ---
--- client 5 in epoch 57 [aggregation then communication] ---
--- client 6 in epoch 57 [aggregation then communication] ---
--- client 7 in epoch 57 [aggregation then communication] ---
--- client 8 in epoch 57 [aggregation then communication] ---
--- client 9 in epoch 57 [aggregation then communication] ---
--- global epoch 57: global acc = 90.54% ---
--- local epoch 57: local acc = [C0:98.48%, C1:98.73%, C2:98.57%, C3:98.33%, C4:98.13%, C5:97.93%, C6:97.67%, C7:98.08%, C8:98.37%, C9:98.27%] ---

--- global epoch 58/60 ---
--- At epoch 58, learning rate decays to 0.015807 ---
--- client 0 in epoch 58 [aggregation then communication] ---
--- client 1 in epoch 58 [aggregation then communication] ---
--- client 2 in epoch 58 [aggregation then communication] ---
--- client 3 in epoch 58 [aggregation then communication] ---
--- client 4 in epoch 58 [aggregation then communication] ---
--- client 5 in epoch 58 [aggregation then communication] ---
--- client 6 in epoch 58 [aggregation then communication] ---
--- client 7 in epoch 58 [aggregation then communication] ---
--- client 8 in epoch 58 [aggregation then communication] ---
--- client 9 in epoch 58 [aggregation then communication] ---
--- global epoch 58: global acc = 90.39% ---
--- local epoch 58: local acc = [C0:98.45%, C1:98.57%, C2:98.33%, C3:97.12%, C4:98.33%, C5:98.45%, C6:98.10%, C7:98.27%, C8:98.25%, C9:98.73%] ---

--- global epoch 59/60 ---
--- At epoch 59, learning rate decays to 0.015491 ---
--- client 0 in epoch 59 [aggregation then communication] ---
--- client 1 in epoch 59 [aggregation then communication] ---
--- client 2 in epoch 59 [aggregation then communication] ---
--- client 3 in epoch 59 [aggregation then communication] ---
--- client 4 in epoch 59 [aggregation then communication] ---
--- client 5 in epoch 59 [aggregation then communication] ---
--- client 6 in epoch 59 [aggregation then communication] ---
--- client 7 in epoch 59 [aggregation then communication] ---
--- client 8 in epoch 59 [aggregation then communication] ---
--- client 9 in epoch 59 [aggregation then communication] ---
--- global epoch 59: global acc = 90.49% ---
--- local epoch 59: local acc = [C0:98.28%, C1:98.92%, C2:98.97%, C3:98.47%, C4:98.52%, C5:98.52%, C6:98.38%, C7:98.73%, C8:98.60%, C9:98.78%] ---

--- global epoch 60/60 ---
--- At epoch 60, learning rate decays to 0.015181 ---
--- client 0 in epoch 60 [aggregation then communication] ---
--- client 1 in epoch 60 [aggregation then communication] ---
--- client 2 in epoch 60 [aggregation then communication] ---
--- client 3 in epoch 60 [aggregation then communication] ---
--- client 4 in epoch 60 [aggregation then communication] ---
--- client 5 in epoch 60 [aggregation then communication] ---
--- client 6 in epoch 60 [aggregation then communication] ---
--- client 7 in epoch 60 [aggregation then communication] ---
--- client 8 in epoch 60 [aggregation then communication] ---
--- client 9 in epoch 60 [aggregation then communication] ---
--- global epoch 60: global acc = 90.41% ---
--- local epoch 60: local acc = [C0:98.55%, C1:98.53%, C2:98.63%, C3:98.63%, C4:98.82%, C5:98.28%, C6:97.98%, C7:98.23%, C8:98.52%, C9:98.53%] ---
Total runtime: 1838.55s (0:30:38)

 saving results
results save in C:\Users\Kong\Desktop\\decentralized_federated_learning-master\decentralized_federated_learning-master\res\clients_10-epochs_1-20250927_070803.json
