client 0 initial number of neighbors: 9
client 1 initial number of neighbors: 9
client 2 initial number of neighbors: 9
client 3 initial number of neighbors: 9
client 4 initial number of neighbors: 9
client 5 initial number of neighbors: 9
client 6 initial number of neighbors: 9
client 7 initial number of neighbors: 9
client 8 initial number of neighbors: 9
client 9 initial number of neighbors: 9

 training begins! (epoch-by-epoch parallel mode with global evaluation)

--- global epoch 1/50 ---
--- client 0 in epoch 1 [aggregation then communication] ---
--- client 1 in epoch 1 [aggregation then communication] ---
--- client 2 in epoch 1 [aggregation then communication] ---
--- client 3 in epoch 1 [aggregation then communication] ---
--- client 4 in epoch 1 [aggregation then communication] ---
--- client 5 in epoch 1 [aggregation then communication] ---
--- client 6 in epoch 1 [aggregation then communication] ---
--- client 7 in epoch 1 [aggregation then communication] ---
--- client 8 in epoch 1 [aggregation then communication] ---
--- client 9 in epoch 1 [aggregation then communication] ---
--- global epoch 1: global acc = 10.00% ---
--- local epoch 1: local acc = [C0:29.57%, C1:28.65%, C2:26.98%, C3:34.10%, C4:29.30%, C5:27.00%, C6:27.57%, C7:27.78%, C8:28.48%, C9:29.93%] ---

--- global epoch 2/50 ---
--- client 0 in epoch 2 [aggregation then communication] ---
--- client 1 in epoch 2 [aggregation then communication] ---
--- client 2 in epoch 2 [aggregation then communication] ---
--- client 3 in epoch 2 [aggregation then communication] ---
--- client 4 in epoch 2 [aggregation then communication] ---
--- client 5 in epoch 2 [aggregation then communication] ---
--- client 6 in epoch 2 [aggregation then communication] ---
--- client 7 in epoch 2 [aggregation then communication] ---
--- client 8 in epoch 2 [aggregation then communication] ---
--- client 9 in epoch 2 [aggregation then communication] ---
--- global epoch 2: global acc = 18.10% ---
--- local epoch 2: local acc = [C0:32.57%, C1:33.75%, C2:32.80%, C3:28.05%, C4:33.07%, C5:33.20%, C6:41.07%, C7:34.42%, C8:32.18%, C9:39.40%] ---

--- global epoch 3/50 ---
--- client 0 in epoch 3 [aggregation then communication] ---
--- client 1 in epoch 3 [aggregation then communication] ---
--- client 2 in epoch 3 [aggregation then communication] ---
--- client 3 in epoch 3 [aggregation then communication] ---
--- client 4 in epoch 3 [aggregation then communication] ---
--- client 5 in epoch 3 [aggregation then communication] ---
--- client 6 in epoch 3 [aggregation then communication] ---
--- client 7 in epoch 3 [aggregation then communication] ---
--- client 8 in epoch 3 [aggregation then communication] ---
--- client 9 in epoch 3 [aggregation then communication] ---
--- global epoch 3: global acc = 40.34% ---
--- local epoch 3: local acc = [C0:43.97%, C1:44.95%, C2:43.42%, C3:39.53%, C4:45.00%, C5:44.20%, C6:40.80%, C7:43.65%, C8:43.93%, C9:40.47%] ---

--- global epoch 4/50 ---
--- client 0 in epoch 4 [aggregation then communication] ---
--- client 1 in epoch 4 [aggregation then communication] ---
--- client 2 in epoch 4 [aggregation then communication] ---
--- client 3 in epoch 4 [aggregation then communication] ---
--- client 4 in epoch 4 [aggregation then communication] ---
--- client 5 in epoch 4 [aggregation then communication] ---
--- client 6 in epoch 4 [aggregation then communication] ---
--- client 7 in epoch 4 [aggregation then communication] ---
--- client 8 in epoch 4 [aggregation then communication] ---
--- client 9 in epoch 4 [aggregation then communication] ---
--- global epoch 4: global acc = 53.55% ---
--- local epoch 4: local acc = [C0:56.02%, C1:55.85%, C2:55.75%, C3:53.22%, C4:55.22%, C5:56.45%, C6:54.22%, C7:56.17%, C8:56.02%, C9:53.92%] ---

--- global epoch 5/50 ---
--- client 0 in epoch 5 [aggregation then communication] ---
--- client 1 in epoch 5 [aggregation then communication] ---
--- client 2 in epoch 5 [aggregation then communication] ---
--- client 3 in epoch 5 [aggregation then communication] ---
--- client 4 in epoch 5 [aggregation then communication] ---
--- client 5 in epoch 5 [aggregation then communication] ---
--- client 6 in epoch 5 [aggregation then communication] ---
--- client 7 in epoch 5 [aggregation then communication] ---
--- client 8 in epoch 5 [aggregation then communication] ---
--- client 9 in epoch 5 [aggregation then communication] ---
--- global epoch 5: global acc = 65.74% ---
--- local epoch 5: local acc = [C0:58.98%, C1:62.82%, C2:63.60%, C3:61.32%, C4:62.95%, C5:63.57%, C6:64.02%, C7:62.95%, C8:62.43%, C9:62.38%] ---

--- global epoch 6/50 ---
--- client 0 in epoch 6 [aggregation then communication] ---
--- client 1 in epoch 6 [aggregation then communication] ---
--- client 2 in epoch 6 [aggregation then communication] ---
--- client 3 in epoch 6 [aggregation then communication] ---
--- client 4 in epoch 6 [aggregation then communication] ---
--- client 5 in epoch 6 [aggregation then communication] ---
--- client 6 in epoch 6 [aggregation then communication] ---
--- client 7 in epoch 6 [aggregation then communication] ---
--- client 8 in epoch 6 [aggregation then communication] ---
--- client 9 in epoch 6 [aggregation then communication] ---
--- global epoch 6: global acc = 73.06% ---
--- local epoch 6: local acc = [C0:68.58%, C1:69.53%, C2:69.35%, C3:66.83%, C4:69.35%, C5:69.97%, C6:70.05%, C7:69.58%, C8:68.87%, C9:68.53%] ---

--- global epoch 7/50 ---
--- client 0 in epoch 7 [aggregation then communication] ---
--- client 1 in epoch 7 [aggregation then communication] ---
--- client 2 in epoch 7 [aggregation then communication] ---
--- client 3 in epoch 7 [aggregation then communication] ---
--- client 4 in epoch 7 [aggregation then communication] ---
--- client 5 in epoch 7 [aggregation then communication] ---
--- client 6 in epoch 7 [aggregation then communication] ---
--- client 7 in epoch 7 [aggregation then communication] ---
--- client 8 in epoch 7 [aggregation then communication] ---
--- client 9 in epoch 7 [aggregation then communication] ---
--- global epoch 7: global acc = 75.10% ---
--- local epoch 7: local acc = [C0:74.52%, C1:74.02%, C2:75.33%, C3:73.35%, C4:74.90%, C5:75.85%, C6:74.88%, C7:75.27%, C8:74.48%, C9:74.97%] ---

--- global epoch 8/50 ---
--- client 0 in epoch 8 [aggregation then communication] ---
--- client 1 in epoch 8 [aggregation then communication] ---
--- client 2 in epoch 8 [aggregation then communication] ---
--- client 3 in epoch 8 [aggregation then communication] ---
--- client 4 in epoch 8 [aggregation then communication] ---
--- client 5 in epoch 8 [aggregation then communication] ---
--- client 6 in epoch 8 [aggregation then communication] ---
--- client 7 in epoch 8 [aggregation then communication] ---
--- client 8 in epoch 8 [aggregation then communication] ---
--- client 9 in epoch 8 [aggregation then communication] ---
--- global epoch 8: global acc = 76.89% ---
--- local epoch 8: local acc = [C0:76.58%, C1:77.30%, C2:76.88%, C3:76.38%, C4:77.55%, C5:77.70%, C6:78.18%, C7:76.22%, C8:77.25%, C9:77.38%] ---

--- global epoch 9/50 ---
--- client 0 in epoch 9 [aggregation then communication] ---
--- client 1 in epoch 9 [aggregation then communication] ---
--- client 2 in epoch 9 [aggregation then communication] ---
--- client 3 in epoch 9 [aggregation then communication] ---
--- client 4 in epoch 9 [aggregation then communication] ---
--- client 5 in epoch 9 [aggregation then communication] ---
--- client 6 in epoch 9 [aggregation then communication] ---
--- client 7 in epoch 9 [aggregation then communication] ---
--- client 8 in epoch 9 [aggregation then communication] ---
--- client 9 in epoch 9 [aggregation then communication] ---
--- global epoch 9: global acc = 78.39% ---
--- local epoch 9: local acc = [C0:78.63%, C1:78.98%, C2:78.80%, C3:79.32%, C4:79.90%, C5:80.33%, C6:79.72%, C7:80.27%, C8:79.75%, C9:79.18%] ---

--- global epoch 10/50 ---
--- At epoch 10, learning rate decays to 0.004500 ---
--- client 0 in epoch 10 [aggregation then communication] ---
--- client 1 in epoch 10 [aggregation then communication] ---
--- client 2 in epoch 10 [aggregation then communication] ---
--- client 3 in epoch 10 [aggregation then communication] ---
--- client 4 in epoch 10 [aggregation then communication] ---
--- client 5 in epoch 10 [aggregation then communication] ---
--- client 6 in epoch 10 [aggregation then communication] ---
--- client 7 in epoch 10 [aggregation then communication] ---
--- client 8 in epoch 10 [aggregation then communication] ---
--- client 9 in epoch 10 [aggregation then communication] ---
--- global epoch 10: global acc = 79.92% ---
--- local epoch 10: local acc = [C0:81.58%, C1:80.98%, C2:81.18%, C3:81.38%, C4:82.15%, C5:81.58%, C6:81.67%, C7:80.90%, C8:81.62%, C9:81.63%] ---

--- global epoch 11/50 ---
--- client 0 in epoch 11 [aggregation then communication] ---
--- client 1 in epoch 11 [aggregation then communication] ---
--- client 2 in epoch 11 [aggregation then communication] ---
--- client 3 in epoch 11 [aggregation then communication] ---
--- client 4 in epoch 11 [aggregation then communication] ---
--- client 5 in epoch 11 [aggregation then communication] ---
--- client 6 in epoch 11 [aggregation then communication] ---
--- client 7 in epoch 11 [aggregation then communication] ---
--- client 8 in epoch 11 [aggregation then communication] ---
--- client 9 in epoch 11 [aggregation then communication] ---
--- global epoch 11: global acc = 81.98% ---
--- local epoch 11: local acc = [C0:82.43%, C1:82.27%, C2:82.97%, C3:82.08%, C4:83.18%, C5:83.57%, C6:83.62%, C7:82.43%, C8:82.38%, C9:82.88%] ---

--- global epoch 12/50 ---
--- client 0 in epoch 12 [aggregation then communication] ---
--- client 1 in epoch 12 [aggregation then communication] ---
--- client 2 in epoch 12 [aggregation then communication] ---
--- client 3 in epoch 12 [aggregation then communication] ---
--- client 4 in epoch 12 [aggregation then communication] ---
--- client 5 in epoch 12 [aggregation then communication] ------ client 6 in epoch 12 [aggregation then communication] ---

--- client 7 in epoch 12 [aggregation then communication] ---
--- client 8 in epoch 12 [aggregation then communication] ---
--- client 9 in epoch 12 [aggregation then communication] ---
--- global epoch 12: global acc = 82.52% ---
--- local epoch 12: local acc = [C0:83.15%, C1:83.45%, C2:84.00%, C3:83.23%, C4:84.03%, C5:84.95%, C6:83.88%, C7:83.67%, C8:83.77%, C9:83.72%] ---

--- global epoch 13/50 ---
--- client 0 in epoch 13 [aggregation then communication] ---
--- client 1 in epoch 13 [aggregation then communication] ---
--- client 2 in epoch 13 [aggregation then communication] ---
--- client 3 in epoch 13 [aggregation then communication] ------ client 4 in epoch 13 [aggregation then communication] ---

--- client 5 in epoch 13 [aggregation then communication] ---
--- client 6 in epoch 13 [aggregation then communication] ---
--- client 7 in epoch 13 [aggregation then communication] ---
--- client 8 in epoch 13 [aggregation then communication] ---
--- client 9 in epoch 13 [aggregation then communication] ---
--- global epoch 13: global acc = 83.36% ---
--- local epoch 13: local acc = [C0:85.08%, C1:84.57%, C2:85.07%, C3:83.78%, C4:84.73%, C5:86.03%, C6:84.68%, C7:84.43%, C8:84.75%, C9:84.98%] ---

--- global epoch 14/50 ---
--- client 0 in epoch 14 [aggregation then communication] ---
--- client 1 in epoch 14 [aggregation then communication] ---
--- client 2 in epoch 14 [aggregation then communication] ---
--- client 3 in epoch 14 [aggregation then communication] ---
--- client 4 in epoch 14 [aggregation then communication] ---
--- client 5 in epoch 14 [aggregation then communication] ---
--- client 6 in epoch 14 [aggregation then communication] ---
--- client 7 in epoch 14 [aggregation then communication] ---
--- client 8 in epoch 14 [aggregation then communication] ---
--- client 9 in epoch 14 [aggregation then communication] ---
--- global epoch 14: global acc = 84.39% ---
--- local epoch 14: local acc = [C0:85.02%, C1:86.12%, C2:85.35%, C3:85.32%, C4:86.27%, C5:86.28%, C6:86.27%, C7:85.50%, C8:85.32%, C9:85.82%] ---

--- global epoch 15/50 ---
--- client 0 in epoch 15 [aggregation then communication] ---
--- client 1 in epoch 15 [aggregation then communication] ---
--- client 2 in epoch 15 [aggregation then communication] ---
--- client 3 in epoch 15 [aggregation then communication] ---
--- client 4 in epoch 15 [aggregation then communication] ---
--- client 5 in epoch 15 [aggregation then communication] ---
--- client 6 in epoch 15 [aggregation then communication] ---
--- client 7 in epoch 15 [aggregation then communication] ---
--- client 8 in epoch 15 [aggregation then communication] ---
--- client 9 in epoch 15 [aggregation then communication] ---
--- global epoch 15: global acc = 84.90% ---
--- local epoch 15: local acc = [C0:85.82%, C1:86.45%, C2:86.25%, C3:85.95%, C4:86.40%, C5:87.13%, C6:86.88%, C7:86.23%, C8:86.33%, C9:86.75%] ---

--- global epoch 16/50 ---
--- client 0 in epoch 16 [aggregation then communication] ---
--- client 1 in epoch 16 [aggregation then communication] ---
--- client 2 in epoch 16 [aggregation then communication] ---
--- client 3 in epoch 16 [aggregation then communication] ---
--- client 4 in epoch 16 [aggregation then communication] ---
--- client 5 in epoch 16 [aggregation then communication] ---
--- client 6 in epoch 16 [aggregation then communication] ---
--- client 7 in epoch 16 [aggregation then communication] ---
--- client 8 in epoch 16 [aggregation then communication] ---
--- client 9 in epoch 16 [aggregation then communication] ---
--- global epoch 16: global acc = 85.37% ---
--- local epoch 16: local acc = [C0:86.13%, C1:86.95%, C2:86.80%, C3:86.67%, C4:87.15%, C5:87.25%, C6:87.72%, C7:86.60%, C8:87.25%, C9:87.33%] ---

--- global epoch 17/50 ---
--- client 0 in epoch 17 [aggregation then communication] ---
--- client 1 in epoch 17 [aggregation then communication] ---
--- client 2 in epoch 17 [aggregation then communication] ---
--- client 3 in epoch 17 [aggregation then communication] ---
--- client 4 in epoch 17 [aggregation then communication] ---
--- client 5 in epoch 17 [aggregation then communication] ---
--- client 6 in epoch 17 [aggregation then communication] ---
--- client 7 in epoch 17 [aggregation then communication] ---
--- client 8 in epoch 17 [aggregation then communication] ---
--- client 9 in epoch 17 [aggregation then communication] ---
--- global epoch 17: global acc = 83.91% ---
--- local epoch 17: local acc = [C0:86.87%, C1:86.78%, C2:86.60%, C3:87.07%, C4:87.37%, C5:88.43%, C6:87.77%, C7:87.07%, C8:87.33%, C9:87.67%] ---

--- global epoch 18/50 ---
--- client 0 in epoch 18 [aggregation then communication] ---
--- client 1 in epoch 18 [aggregation then communication] ---
--- client 2 in epoch 18 [aggregation then communication] ---
--- client 3 in epoch 18 [aggregation then communication] ---
--- client 4 in epoch 18 [aggregation then communication] ---
--- client 5 in epoch 18 [aggregation then communication] ---
--- client 6 in epoch 18 [aggregation then communication] ---
--- client 7 in epoch 18 [aggregation then communication] ---
--- client 8 in epoch 18 [aggregation then communication] ---
--- client 9 in epoch 18 [aggregation then communication] ---
--- global epoch 18: global acc = 85.70% ---
--- local epoch 18: local acc = [C0:86.98%, C1:87.45%, C2:87.83%, C3:87.55%, C4:88.17%, C5:88.20%, C6:88.62%, C7:87.22%, C8:88.53%, C9:87.97%] ---

--- global epoch 19/50 ---
--- client 0 in epoch 19 [aggregation then communication] ---
--- client 1 in epoch 19 [aggregation then communication] ---
--- client 2 in epoch 19 [aggregation then communication] ---
--- client 3 in epoch 19 [aggregation then communication] ---
--- client 4 in epoch 19 [aggregation then communication] ---
--- client 5 in epoch 19 [aggregation then communication] ---
--- client 6 in epoch 19 [aggregation then communication] ---
--- client 7 in epoch 19 [aggregation then communication] ---
--- client 8 in epoch 19 [aggregation then communication] ---
--- client 9 in epoch 19 [aggregation then communication] ---
--- global epoch 19: global acc = 86.08% ---
--- local epoch 19: local acc = [C0:87.47%, C1:88.52%, C2:88.58%, C3:88.45%, C4:89.10%, C5:88.72%, C6:88.47%, C7:88.20%, C8:88.27%, C9:88.88%] ---

--- global epoch 20/50 ---
--- At epoch 20, learning rate decays to 0.004050 ---
--- client 0 in epoch 20 [aggregation then communication] ---
--- client 1 in epoch 20 [aggregation then communication] ---
--- client 2 in epoch 20 [aggregation then communication] ---
--- client 3 in epoch 20 [aggregation then communication] ---
--- client 4 in epoch 20 [aggregation then communication] ---
--- client 5 in epoch 20 [aggregation then communication] ---
--- client 6 in epoch 20 [aggregation then communication] ---
--- client 7 in epoch 20 [aggregation then communication] ---
--- client 8 in epoch 20 [aggregation then communication] ---
--- client 9 in epoch 20 [aggregation then communication] ---
--- global epoch 20: global acc = 85.86% ---
--- local epoch 20: local acc = [C0:88.68%, C1:89.12%, C2:88.52%, C3:88.38%, C4:88.87%, C5:89.57%, C6:89.52%, C7:88.63%, C8:89.00%, C9:89.40%] ---

--- global epoch 21/50 ---
--- client 0 in epoch 21 [aggregation then communication] ---
--- client 1 in epoch 21 [aggregation then communication] ---
--- client 2 in epoch 21 [aggregation then communication] ---
--- client 3 in epoch 21 [aggregation then communication] ---
--- client 4 in epoch 21 [aggregation then communication] ---
--- client 5 in epoch 21 [aggregation then communication] ---
--- client 6 in epoch 21 [aggregation then communication] ---
--- client 7 in epoch 21 [aggregation then communication] ---
--- client 8 in epoch 21 [aggregation then communication] ---
--- client 9 in epoch 21 [aggregation then communication] ---
--- global epoch 21: global acc = 85.76% ---
--- local epoch 21: local acc = [C0:88.45%, C1:89.62%, C2:90.02%, C3:89.00%, C4:89.38%, C5:89.58%, C6:89.68%, C7:88.63%, C8:89.20%, C9:89.80%] ---

--- global epoch 22/50 ---
--- client 0 in epoch 22 [aggregation then communication] ---
--- client 1 in epoch 22 [aggregation then communication] ---
--- client 2 in epoch 22 [aggregation then communication] ---
--- client 3 in epoch 22 [aggregation then communication] ---
--- client 4 in epoch 22 [aggregation then communication] ---
--- client 5 in epoch 22 [aggregation then communication] ---
--- client 6 in epoch 22 [aggregation then communication] ---
--- client 7 in epoch 22 [aggregation then communication] ---
--- client 8 in epoch 22 [aggregation then communication] ---
--- client 9 in epoch 22 [aggregation then communication] ---
--- global epoch 22: global acc = 85.85% ---
--- local epoch 22: local acc = [C0:89.35%, C1:90.13%, C2:89.57%, C3:89.17%, C4:89.40%, C5:90.25%, C6:90.37%, C7:89.68%, C8:89.33%, C9:89.92%] ---

--- global epoch 23/50 ---
--- client 0 in epoch 23 [aggregation then communication] ---
--- client 1 in epoch 23 [aggregation then communication] ---
--- client 2 in epoch 23 [aggregation then communication] ---
--- client 3 in epoch 23 [aggregation then communication] ---
--- client 4 in epoch 23 [aggregation then communication] ---
--- client 5 in epoch 23 [aggregation then communication] ---
--- client 6 in epoch 23 [aggregation then communication] ---
--- client 7 in epoch 23 [aggregation then communication] ---
--- client 8 in epoch 23 [aggregation then communication] ---
--- client 9 in epoch 23 [aggregation then communication] ---
--- global epoch 23: global acc = 85.92% ---
--- local epoch 23: local acc = [C0:88.95%, C1:89.50%, C2:89.55%, C3:89.55%, C4:90.18%, C5:90.38%, C6:90.15%, C7:89.60%, C8:89.80%, C9:90.33%] ---

--- global epoch 24/50 ---
--- client 0 in epoch 24 [aggregation then communication] ---
--- client 1 in epoch 24 [aggregation then communication] ---
--- client 2 in epoch 24 [aggregation then communication] ---
--- client 3 in epoch 24 [aggregation then communication] ---
--- client 4 in epoch 24 [aggregation then communication] ---
--- client 5 in epoch 24 [aggregation then communication] ---
--- client 6 in epoch 24 [aggregation then communication] ---
--- client 7 in epoch 24 [aggregation then communication] ---
--- client 8 in epoch 24 [aggregation then communication] ---
--- client 9 in epoch 24 [aggregation then communication] ---
--- global epoch 24: global acc = 86.48% ---
--- local epoch 24: local acc = [C0:89.57%, C1:90.15%, C2:90.20%, C3:90.33%, C4:91.63%, C5:90.33%, C6:90.77%, C7:89.53%, C8:90.22%, C9:90.62%] ---

--- global epoch 25/50 ---
--- client 0 in epoch 25 [aggregation then communication] ---
--- client 1 in epoch 25 [aggregation then communication] ---
--- client 2 in epoch 25 [aggregation then communication] ---
--- client 3 in epoch 25 [aggregation then communication] ---
--- client 4 in epoch 25 [aggregation then communication] ---
--- client 5 in epoch 25 [aggregation then communication] ---
--- client 6 in epoch 25 [aggregation then communication] ---
--- client 7 in epoch 25 [aggregation then communication] ---
--- client 8 in epoch 25 [aggregation then communication] ---
--- client 9 in epoch 25 [aggregation then communication] ---
--- global epoch 25: global acc = 87.21% ---
--- local epoch 25: local acc = [C0:89.75%, C1:91.50%, C2:90.67%, C3:89.85%, C4:90.37%, C5:90.92%, C6:90.52%, C7:90.02%, C8:90.70%, C9:90.92%] ---

--- global epoch 26/50 ---
--- client 0 in epoch 26 [aggregation then communication] ---
--- client 1 in epoch 26 [aggregation then communication] ---
--- client 2 in epoch 26 [aggregation then communication] ---
--- client 3 in epoch 26 [aggregation then communication] ---
--- client 4 in epoch 26 [aggregation then communication] ---
--- client 5 in epoch 26 [aggregation then communication] ---
--- client 6 in epoch 26 [aggregation then communication] ---
--- client 7 in epoch 26 [aggregation then communication] ---
--- client 8 in epoch 26 [aggregation then communication] ---
--- client 9 in epoch 26 [aggregation then communication] ---
--- global epoch 26: global acc = 86.74% ---
--- local epoch 26: local acc = [C0:90.75%, C1:90.48%, C2:90.87%, C3:90.27%, C4:90.57%, C5:91.17%, C6:90.70%, C7:91.77%, C8:90.55%, C9:90.67%] ---

--- global epoch 27/50 ---
--- client 0 in epoch 27 [aggregation then communication] ---
--- client 1 in epoch 27 [aggregation then communication] ---
--- client 2 in epoch 27 [aggregation then communication] ---
--- client 3 in epoch 27 [aggregation then communication] ---
--- client 4 in epoch 27 [aggregation then communication] ---
--- client 5 in epoch 27 [aggregation then communication] ---
--- client 6 in epoch 27 [aggregation then communication] ---
--- client 7 in epoch 27 [aggregation then communication] ---
--- client 8 in epoch 27 [aggregation then communication] ------ client 9 in epoch 27 [aggregation then communication] ---

--- global epoch 27: global acc = 87.04% ---
--- local epoch 27: local acc = [C0:90.12%, C1:91.02%, C2:91.05%, C3:90.80%, C4:90.53%, C5:91.25%, C6:91.60%, C7:90.77%, C8:90.60%, C9:90.85%] ---

--- global epoch 28/50 ---
--- client 0 in epoch 28 [aggregation then communication] ---
--- client 1 in epoch 28 [aggregation then communication] ---
--- client 2 in epoch 28 [aggregation then communication] ---
--- client 3 in epoch 28 [aggregation then communication] ---
--- client 4 in epoch 28 [aggregation then communication] ---
--- client 5 in epoch 28 [aggregation then communication] ---
--- client 6 in epoch 28 [aggregation then communication] ---
--- client 7 in epoch 28 [aggregation then communication] ---
--- client 8 in epoch 28 [aggregation then communication] ---
--- client 9 in epoch 28 [aggregation then communication] ---
--- global epoch 28: global acc = 86.93% ---
--- local epoch 28: local acc = [C0:90.67%, C1:91.05%, C2:91.15%, C3:91.03%, C4:90.98%, C5:91.42%, C6:92.20%, C7:91.22%, C8:91.53%, C9:91.57%] ---

--- global epoch 29/50 ---
--- client 0 in epoch 29 [aggregation then communication] ---
--- client 1 in epoch 29 [aggregation then communication] ---
--- client 2 in epoch 29 [aggregation then communication] ---
--- client 3 in epoch 29 [aggregation then communication] ---
--- client 4 in epoch 29 [aggregation then communication] ---
--- client 5 in epoch 29 [aggregation then communication] ---
--- client 6 in epoch 29 [aggregation then communication] ---
--- client 7 in epoch 29 [aggregation then communication] ---
--- client 8 in epoch 29 [aggregation then communication] ---
--- client 9 in epoch 29 [aggregation then communication] ---
--- global epoch 29: global acc = 86.97% ---
--- local epoch 29: local acc = [C0:90.32%, C1:91.78%, C2:91.52%, C3:90.60%, C4:90.83%, C5:91.53%, C6:91.82%, C7:90.75%, C8:91.08%, C9:93.07%] ---

--- global epoch 30/50 ---
--- At epoch 30, learning rate decays to 0.003645 ---
--- client 0 in epoch 30 [aggregation then communication] ---
--- client 1 in epoch 30 [aggregation then communication] ---
--- client 2 in epoch 30 [aggregation then communication] ---
--- client 3 in epoch 30 [aggregation then communication] ---
--- client 4 in epoch 30 [aggregation then communication] ---
--- client 5 in epoch 30 [aggregation then communication] ---
--- client 6 in epoch 30 [aggregation then communication] ---
--- client 7 in epoch 30 [aggregation then communication] ------ client 8 in epoch 30 [aggregation then communication] ---

--- client 9 in epoch 30 [aggregation then communication] ---
--- global epoch 30: global acc = 86.95% ---
--- local epoch 30: local acc = [C0:91.47%, C1:92.53%, C2:91.65%, C3:91.52%, C4:91.28%, C5:91.68%, C6:92.48%, C7:91.12%, C8:92.07%, C9:91.97%] ---

--- global epoch 31/50 ---
--- client 0 in epoch 31 [aggregation then communication] ---
--- client 1 in epoch 31 [aggregation then communication] ---
--- client 2 in epoch 31 [aggregation then communication] ---
--- client 3 in epoch 31 [aggregation then communication] ---
--- client 4 in epoch 31 [aggregation then communication] ---
--- client 5 in epoch 31 [aggregation then communication] ---
--- client 6 in epoch 31 [aggregation then communication] ---
--- client 7 in epoch 31 [aggregation then communication] ---
--- client 8 in epoch 31 [aggregation then communication] ---
--- client 9 in epoch 31 [aggregation then communication] ---
--- global epoch 31: global acc = 87.41% ---
--- local epoch 31: local acc = [C0:92.12%, C1:91.92%, C2:91.65%, C3:91.65%, C4:91.93%, C5:92.47%, C6:92.37%, C7:91.60%, C8:92.25%, C9:92.83%] ---

--- global epoch 32/50 ---
--- client 0 in epoch 32 [aggregation then communication] ---
--- client 1 in epoch 32 [aggregation then communication] ---
--- client 2 in epoch 32 [aggregation then communication] ---
--- client 3 in epoch 32 [aggregation then communication] ---
--- client 4 in epoch 32 [aggregation then communication] ---
--- client 5 in epoch 32 [aggregation then communication] ---
--- client 6 in epoch 32 [aggregation then communication] ---
--- client 7 in epoch 32 [aggregation then communication] ---
--- client 8 in epoch 32 [aggregation then communication] ---
--- client 9 in epoch 32 [aggregation then communication] ---
--- global epoch 32: global acc = 87.23% ---
--- local epoch 32: local acc = [C0:92.45%, C1:91.95%, C2:91.83%, C3:91.47%, C4:91.33%, C5:92.73%, C6:92.60%, C7:92.08%, C8:93.65%, C9:92.88%] ---

--- global epoch 33/50 ---
--- client 0 in epoch 33 [aggregation then communication] ---
--- client 1 in epoch 33 [aggregation then communication] ---
--- client 2 in epoch 33 [aggregation then communication] ---
--- client 3 in epoch 33 [aggregation then communication] ---
--- client 4 in epoch 33 [aggregation then communication] ---
--- client 5 in epoch 33 [aggregation then communication] ---
--- client 6 in epoch 33 [aggregation then communication] ---
--- client 7 in epoch 33 [aggregation then communication] ---
--- client 8 in epoch 33 [aggregation then communication] ---
--- client 9 in epoch 33 [aggregation then communication] ---
--- global epoch 33: global acc = 87.44% ---
--- local epoch 33: local acc = [C0:92.42%, C1:92.27%, C2:92.00%, C3:92.17%, C4:91.93%, C5:92.80%, C6:92.45%, C7:91.75%, C8:92.43%, C9:93.33%] ---

--- global epoch 34/50 ---
--- client 0 in epoch 34 [aggregation then communication] ---
--- client 1 in epoch 34 [aggregation then communication] ---
--- client 2 in epoch 34 [aggregation then communication] ---
--- client 3 in epoch 34 [aggregation then communication] ---
--- client 4 in epoch 34 [aggregation then communication] ---
--- client 5 in epoch 34 [aggregation then communication] ---
--- client 6 in epoch 34 [aggregation then communication] ---
--- client 7 in epoch 34 [aggregation then communication] ---
--- client 8 in epoch 34 [aggregation then communication] ---
--- client 9 in epoch 34 [aggregation then communication] ---
--- global epoch 34: global acc = 87.52% ---
--- local epoch 34: local acc = [C0:91.65%, C1:92.52%, C2:91.65%, C3:91.92%, C4:91.92%, C5:93.08%, C6:92.67%, C7:91.92%, C8:92.68%, C9:93.18%] ---

--- global epoch 35/50 ---
--- client 0 in epoch 35 [aggregation then communication] ---
--- client 1 in epoch 35 [aggregation then communication] ---
--- client 2 in epoch 35 [aggregation then communication] ---
--- client 3 in epoch 35 [aggregation then communication] ---
--- client 4 in epoch 35 [aggregation then communication] ---
--- client 5 in epoch 35 [aggregation then communication] ---
--- client 6 in epoch 35 [aggregation then communication] ---
--- client 7 in epoch 35 [aggregation then communication] ---
--- client 8 in epoch 35 [aggregation then communication] ---
--- client 9 in epoch 35 [aggregation then communication] ---
--- global epoch 35: global acc = 87.55% ---
--- local epoch 35: local acc = [C0:92.22%, C1:94.43%, C2:92.40%, C3:92.32%, C4:92.55%, C5:92.90%, C6:92.92%, C7:91.67%, C8:92.50%, C9:92.60%] ---

--- global epoch 36/50 ---
--- client 0 in epoch 36 [aggregation then communication] ---
--- client 1 in epoch 36 [aggregation then communication] ---
--- client 2 in epoch 36 [aggregation then communication] ---
--- client 3 in epoch 36 [aggregation then communication] ---
--- client 4 in epoch 36 [aggregation then communication] ---
--- client 5 in epoch 36 [aggregation then communication] ---
--- client 6 in epoch 36 [aggregation then communication] ---
--- client 7 in epoch 36 [aggregation then communication] ---
--- client 8 in epoch 36 [aggregation then communication] ---
--- client 9 in epoch 36 [aggregation then communication] ---
--- global epoch 36: global acc = 87.14% ---
--- local epoch 36: local acc = [C0:92.37%, C1:93.53%, C2:92.42%, C3:92.45%, C4:92.62%, C5:92.85%, C6:93.68%, C7:91.97%, C8:92.85%, C9:92.82%] ---

--- global epoch 37/50 ---
--- client 0 in epoch 37 [aggregation then communication] ---
--- client 1 in epoch 37 [aggregation then communication] ---
--- client 2 in epoch 37 [aggregation then communication] ---
--- client 3 in epoch 37 [aggregation then communication] ---
--- client 4 in epoch 37 [aggregation then communication] ---
--- client 5 in epoch 37 [aggregation then communication] ---
--- client 6 in epoch 37 [aggregation then communication] ---
--- client 7 in epoch 37 [aggregation then communication] ---
--- client 8 in epoch 37 [aggregation then communication] ---
--- client 9 in epoch 37 [aggregation then communication] ---
--- global epoch 37: global acc = 87.91% ---
--- local epoch 37: local acc = [C0:92.32%, C1:93.33%, C2:92.62%, C3:92.28%, C4:92.60%, C5:93.33%, C6:93.72%, C7:94.17%, C8:93.22%, C9:93.52%] ---

--- global epoch 38/50 ---
--- client 0 in epoch 38 [aggregation then communication] ---
--- client 1 in epoch 38 [aggregation then communication] ---
--- client 2 in epoch 38 [aggregation then communication] ---
--- client 3 in epoch 38 [aggregation then communication] ---
--- client 4 in epoch 38 [aggregation then communication] ---
--- client 5 in epoch 38 [aggregation then communication] ---
--- client 6 in epoch 38 [aggregation then communication] ---
--- client 7 in epoch 38 [aggregation then communication] ---
--- client 8 in epoch 38 [aggregation then communication] ---
--- client 9 in epoch 38 [aggregation then communication] ---
--- global epoch 38: global acc = 87.77% ---
--- local epoch 38: local acc = [C0:93.02%, C1:93.48%, C2:92.80%, C3:92.77%, C4:92.92%, C5:93.25%, C6:93.48%, C7:93.13%, C8:92.90%, C9:93.62%] ---

--- global epoch 39/50 ---
--- client 0 in epoch 39 [aggregation then communication] ---
--- client 1 in epoch 39 [aggregation then communication] ---
--- client 2 in epoch 39 [aggregation then communication] ---
--- client 3 in epoch 39 [aggregation then communication] ---
--- client 4 in epoch 39 [aggregation then communication] ---
--- client 5 in epoch 39 [aggregation then communication] ---
--- client 6 in epoch 39 [aggregation then communication] ---
--- client 7 in epoch 39 [aggregation then communication] ---
--- client 8 in epoch 39 [aggregation then communication] ---
--- client 9 in epoch 39 [aggregation then communication] ---
--- global epoch 39: global acc = 88.21% ---
--- local epoch 39: local acc = [C0:92.63%, C1:93.43%, C2:92.93%, C3:93.52%, C4:92.78%, C5:93.55%, C6:93.10%, C7:92.97%, C8:93.10%, C9:93.08%] ---

--- global epoch 40/50 ---
--- At epoch 40, learning rate decays to 0.003281 ---
--- client 0 in epoch 40 [aggregation then communication] ---
--- client 1 in epoch 40 [aggregation then communication] ---
--- client 2 in epoch 40 [aggregation then communication] ---
--- client 3 in epoch 40 [aggregation then communication] ---
--- client 4 in epoch 40 [aggregation then communication] ---
--- client 5 in epoch 40 [aggregation then communication] ---
--- client 6 in epoch 40 [aggregation then communication] ---
--- client 7 in epoch 40 [aggregation then communication] ---
--- client 8 in epoch 40 [aggregation then communication] ---
--- client 9 in epoch 40 [aggregation then communication] ---
--- global epoch 40: global acc = 87.84% ---
--- local epoch 40: local acc = [C0:93.37%, C1:94.03%, C2:93.20%, C3:93.42%, C4:93.30%, C5:94.03%, C6:94.00%, C7:93.72%, C8:93.57%, C9:93.87%] ---

--- global epoch 41/50 ---
--- client 0 in epoch 41 [aggregation then communication] ---
--- client 1 in epoch 41 [aggregation then communication] ---
--- client 2 in epoch 41 [aggregation then communication] ---
--- client 3 in epoch 41 [aggregation then communication] ---
--- client 4 in epoch 41 [aggregation then communication] ---
--- client 5 in epoch 41 [aggregation then communication] ---
--- client 6 in epoch 41 [aggregation then communication] ---
--- client 7 in epoch 41 [aggregation then communication] ---
--- client 8 in epoch 41 [aggregation then communication] ---
--- client 9 in epoch 41 [aggregation then communication] ---
--- global epoch 41: global acc = 88.14% ---
--- local epoch 41: local acc = [C0:92.75%, C1:93.73%, C2:93.43%, C3:93.83%, C4:95.08%, C5:94.00%, C6:94.15%, C7:93.43%, C8:93.77%, C9:94.05%] ---

--- global epoch 42/50 ---
--- client 0 in epoch 42 [aggregation then communication] ---
--- client 1 in epoch 42 [aggregation then communication] ---
--- client 2 in epoch 42 [aggregation then communication] ---
--- client 3 in epoch 42 [aggregation then communication] ---
--- client 4 in epoch 42 [aggregation then communication] ---
--- client 5 in epoch 42 [aggregation then communication] ---
--- client 6 in epoch 42 [aggregation then communication] ---
--- client 7 in epoch 42 [aggregation then communication] ---
--- client 8 in epoch 42 [aggregation then communication] ------ client 9 in epoch 42 [aggregation then communication] ---

--- global epoch 42: global acc = 88.03% ---
--- local epoch 42: local acc = [C0:93.65%, C1:94.40%, C2:93.32%, C3:93.93%, C4:93.98%, C5:95.10%, C6:93.68%, C7:93.58%, C8:93.58%, C9:93.80%] ---

--- global epoch 43/50 ---
--- client 0 in epoch 43 [aggregation then communication] ---
--- client 1 in epoch 43 [aggregation then communication] ---
--- client 2 in epoch 43 [aggregation then communication] ---
--- client 3 in epoch 43 [aggregation then communication] ---
--- client 4 in epoch 43 [aggregation then communication] ---
--- client 5 in epoch 43 [aggregation then communication] ---
--- client 6 in epoch 43 [aggregation then communication] ---
--- client 7 in epoch 43 [aggregation then communication] ---
--- client 8 in epoch 43 [aggregation then communication] ---
--- client 9 in epoch 43 [aggregation then communication] ---
--- global epoch 43: global acc = 88.00% ---
--- local epoch 43: local acc = [C0:93.77%, C1:94.22%, C2:93.80%, C3:93.57%, C4:93.62%, C5:94.15%, C6:93.88%, C7:93.52%, C8:93.93%, C9:93.87%] ---

--- global epoch 44/50 ---
--- client 0 in epoch 44 [aggregation then communication] ---
--- client 1 in epoch 44 [aggregation then communication] ---
--- client 2 in epoch 44 [aggregation then communication] ---
--- client 3 in epoch 44 [aggregation then communication] ---
--- client 4 in epoch 44 [aggregation then communication] ---
--- client 5 in epoch 44 [aggregation then communication] ---
--- client 6 in epoch 44 [aggregation then communication] ---
--- client 7 in epoch 44 [aggregation then communication] ---
--- client 8 in epoch 44 [aggregation then communication] ---
--- client 9 in epoch 44 [aggregation then communication] ---
--- global epoch 44: global acc = 88.15% ---
--- local epoch 44: local acc = [C0:95.05%, C1:94.40%, C2:93.70%, C3:93.92%, C4:93.88%, C5:94.67%, C6:94.82%, C7:93.95%, C8:94.08%, C9:94.00%] ---

--- global epoch 45/50 ---
--- client 0 in epoch 45 [aggregation then communication] ---
--- client 1 in epoch 45 [aggregation then communication] ---
--- client 2 in epoch 45 [aggregation then communication] ---
--- client 3 in epoch 45 [aggregation then communication] ---
--- client 4 in epoch 45 [aggregation then communication] ---
--- client 5 in epoch 45 [aggregation then communication] ---
--- client 6 in epoch 45 [aggregation then communication] ---
--- client 7 in epoch 45 [aggregation then communication] ------ client 8 in epoch 45 [aggregation then communication] ---

--- client 9 in epoch 45 [aggregation then communication] ---
--- global epoch 45: global acc = 87.71% ---
--- local epoch 45: local acc = [C0:94.02%, C1:94.58%, C2:93.53%, C3:94.00%, C4:92.98%, C5:94.63%, C6:95.20%, C7:93.63%, C8:94.33%, C9:93.72%] ---

--- global epoch 46/50 ---
--- client 0 in epoch 46 [aggregation then communication] ---
--- client 1 in epoch 46 [aggregation then communication] ---
--- client 2 in epoch 46 [aggregation then communication] ---
--- client 3 in epoch 46 [aggregation then communication] ---
--- client 4 in epoch 46 [aggregation then communication] ---
--- client 5 in epoch 46 [aggregation then communication] ---
--- client 6 in epoch 46 [aggregation then communication] ---
--- client 7 in epoch 46 [aggregation then communication] ---
--- client 8 in epoch 46 [aggregation then communication] ------ client 9 in epoch 46 [aggregation then communication] ---

--- global epoch 46: global acc = 87.90% ---
--- local epoch 46: local acc = [C0:93.83%, C1:94.47%, C2:94.03%, C3:93.85%, C4:94.03%, C5:94.05%, C6:94.77%, C7:93.88%, C8:93.95%, C9:94.35%] ---

--- global epoch 47/50 ---
--- client 0 in epoch 47 [aggregation then communication] ---
--- client 1 in epoch 47 [aggregation then communication] ---
--- client 2 in epoch 47 [aggregation then communication] ---
--- client 3 in epoch 47 [aggregation then communication] ---
--- client 4 in epoch 47 [aggregation then communication] ---
--- client 5 in epoch 47 [aggregation then communication] ---
--- client 6 in epoch 47 [aggregation then communication] ---
--- client 7 in epoch 47 [aggregation then communication] ---
--- client 8 in epoch 47 [aggregation then communication] ---
--- client 9 in epoch 47 [aggregation then communication] ---
--- global epoch 47: global acc = 88.10% ---
--- local epoch 47: local acc = [C0:94.63%, C1:94.02%, C2:95.07%, C3:94.37%, C4:94.13%, C5:94.62%, C6:95.18%, C7:94.27%, C8:95.25%, C9:94.82%] ---

--- global epoch 48/50 ---
--- client 0 in epoch 48 [aggregation then communication] ---
--- client 1 in epoch 48 [aggregation then communication] ---
--- client 2 in epoch 48 [aggregation then communication] ---
--- client 3 in epoch 48 [aggregation then communication] ---
--- client 4 in epoch 48 [aggregation then communication] ---
--- client 5 in epoch 48 [aggregation then communication] ---
--- client 6 in epoch 48 [aggregation then communication] ---
--- client 7 in epoch 48 [aggregation then communication] ---
--- client 8 in epoch 48 [aggregation then communication] ---
--- client 9 in epoch 48 [aggregation then communication] ---
--- global epoch 48: global acc = 88.27% ---
--- local epoch 48: local acc = [C0:94.00%, C1:94.62%, C2:93.93%, C3:94.33%, C4:93.78%, C5:95.02%, C6:94.50%, C7:93.80%, C8:94.77%, C9:94.35%] ---

--- global epoch 49/50 ---
--- client 0 in epoch 49 [aggregation then communication] ---
--- client 1 in epoch 49 [aggregation then communication] ---
--- client 2 in epoch 49 [aggregation then communication] ---
--- client 3 in epoch 49 [aggregation then communication] ---
--- client 4 in epoch 49 [aggregation then communication] ---
--- client 5 in epoch 49 [aggregation then communication] ---
--- client 6 in epoch 49 [aggregation then communication] ---
--- client 7 in epoch 49 [aggregation then communication] ---
--- client 8 in epoch 49 [aggregation then communication] ---
--- client 9 in epoch 49 [aggregation then communication] ---
--- global epoch 49: global acc = 88.48% ---
--- local epoch 49: local acc = [C0:94.45%, C1:94.85%, C2:94.37%, C3:93.90%, C4:93.50%, C5:94.72%, C6:94.80%, C7:94.47%, C8:94.78%, C9:95.18%] ---

--- global epoch 50/50 ---
--- At epoch 50, learning rate decays to 0.002952 ---
--- client 0 in epoch 50 [aggregation then communication] ---
--- client 1 in epoch 50 [aggregation then communication] ---
--- client 2 in epoch 50 [aggregation then communication] ---
--- client 3 in epoch 50 [aggregation then communication] ---
--- client 4 in epoch 50 [aggregation then communication] ---
--- client 5 in epoch 50 [aggregation then communication] ---
--- client 6 in epoch 50 [aggregation then communication] ---
--- client 7 in epoch 50 [aggregation then communication] ---
--- client 8 in epoch 50 [aggregation then communication] ---
--- client 9 in epoch 50 [aggregation then communication] ---
--- global epoch 50: global acc = 88.26% ---
--- local epoch 50: local acc = [C0:94.40%, C1:95.55%, C2:94.88%, C3:95.08%, C4:95.15%, C5:95.28%, C6:95.30%, C7:94.55%, C8:94.73%, C9:96.68%] ---
Total runtime: 1646.03s (0:27:26)

 saving results
results save in C:\Users\Kong\Desktop\ɳɺ\decentralized_federated_learning-master\decentralized_federated_learning-master\res\clients_10-epochs_1-20250912_132106.json
